[0.335s] Invoking command in '/home/das-note-021/amir_kameyama_ws/build/my_utility': CMAKE_PREFIX_PATH=${CMAKE_PREFIX_PATH}:/home/das-note-021/amir_kameyama_ws/install/failure_detection:/home/das-note-021/amir_kameyama_ws/install/bt_generator:/home/das-note-021/kameyama_ws/install/ros2_aruco:/home/das-note-021/kameyama_ws/install/failure_detection:/home/das-note-021/kameyama_ws/install/bt_generator:/opt/ros/humble /usr/bin/cmake --build /home/das-note-021/amir_kameyama_ws/build/my_utility -- -j22 -l22
[0.419s] [100%] Built target odom_tf2_broadcaster
[0.446s] Invoked command in '/home/das-note-021/amir_kameyama_ws/build/my_utility' returned '0': CMAKE_PREFIX_PATH=${CMAKE_PREFIX_PATH}:/home/das-note-021/amir_kameyama_ws/install/failure_detection:/home/das-note-021/amir_kameyama_ws/install/bt_generator:/home/das-note-021/kameyama_ws/install/ros2_aruco:/home/das-note-021/kameyama_ws/install/failure_detection:/home/das-note-021/kameyama_ws/install/bt_generator:/opt/ros/humble /usr/bin/cmake --build /home/das-note-021/amir_kameyama_ws/build/my_utility -- -j22 -l22
[0.448s] Invoking command in '/home/das-note-021/amir_kameyama_ws/build/my_utility': CMAKE_PREFIX_PATH=${CMAKE_PREFIX_PATH}:/home/das-note-021/amir_kameyama_ws/install/failure_detection:/home/das-note-021/amir_kameyama_ws/install/bt_generator:/home/das-note-021/kameyama_ws/install/ros2_aruco:/home/das-note-021/kameyama_ws/install/failure_detection:/home/das-note-021/kameyama_ws/install/bt_generator:/opt/ros/humble /usr/bin/cmake --install /home/das-note-021/amir_kameyama_ws/build/my_utility
[0.481s] -- Install configuration: ""
[0.485s] -- Execute custom install script
[0.486s] -- Up-to-date symlink: /home/das-note-021/amir_kameyama_ws/install/my_utility/lib/my_utility/odom_tf2_broadcaster
[0.488s] -- Up-to-date symlink: /home/das-note-021/amir_kameyama_ws/install/my_utility/share/my_utility//launch/odom_tf2_broadcaster.launch.py
[0.488s] -- Up-to-date symlink: /home/das-note-021/amir_kameyama_ws/install/my_utility/share/ament_index/resource_index/package_run_dependencies/my_utility
[0.489s] -- Up-to-date symlink: /home/das-note-021/amir_kameyama_ws/install/my_utility/share/ament_index/resource_index/parent_prefix_path/my_utility
[0.489s] -- Up-to-date symlink: /home/das-note-021/amir_kameyama_ws/install/my_utility/share/my_utility/environment/ament_prefix_path.sh
[0.490s] -- Up-to-date symlink: /home/das-note-021/amir_kameyama_ws/install/my_utility/share/my_utility/environment/ament_prefix_path.dsv
[0.490s] -- Up-to-date symlink: /home/das-note-021/amir_kameyama_ws/install/my_utility/share/my_utility/environment/path.sh
[0.491s] -- Up-to-date symlink: /home/das-note-021/amir_kameyama_ws/install/my_utility/share/my_utility/environment/path.dsv
[0.491s] -- Up-to-date symlink: /home/das-note-021/amir_kameyama_ws/install/my_utility/share/my_utility/local_setup.bash
[0.491s] -- Up-to-date symlink: /home/das-note-021/amir_kameyama_ws/install/my_utility/share/my_utility/local_setup.sh
[0.493s] -- Up-to-date symlink: /home/das-note-021/amir_kameyama_ws/install/my_utility/share/my_utility/local_setup.zsh
[0.493s] -- Up-to-date symlink: /home/das-note-021/amir_kameyama_ws/install/my_utility/share/my_utility/local_setup.dsv
[0.493s] -- Symlinking: /home/das-note-021/amir_kameyama_ws/install/my_utility/share/my_utility/package.dsv
[0.504s] -- Up-to-date symlink: /home/das-note-021/amir_kameyama_ws/install/my_utility/share/ament_index/resource_index/packages/my_utility
[0.504s] -- Up-to-date symlink: /home/das-note-021/amir_kameyama_ws/install/my_utility/share/my_utility/cmake/my_utilityConfig.cmake
[0.504s] -- Up-to-date symlink: /home/das-note-021/amir_kameyama_ws/install/my_utility/share/my_utility/cmake/my_utilityConfig-version.cmake
[0.504s] -- Up-to-date symlink: /home/das-note-021/amir_kameyama_ws/install/my_utility/share/my_utility/package.xml
[0.563s] Invoked command in '/home/das-note-021/amir_kameyama_ws/build/my_utility' returned '0': CMAKE_PREFIX_PATH=${CMAKE_PREFIX_PATH}:/home/das-note-021/amir_kameyama_ws/install/failure_detection:/home/das-note-021/amir_kameyama_ws/install/bt_generator:/home/das-note-021/kameyama_ws/install/ros2_aruco:/home/das-note-021/kameyama_ws/install/failure_detection:/home/das-note-021/kameyama_ws/install/bt_generator:/opt/ros/humble /usr/bin/cmake --install /home/das-note-021/amir_kameyama_ws/build/my_utility
