-- Found ament_cmake: 1.3.11 (/opt/ros/humble/share/ament_cmake/cmake)
-- Override CMake install command with custom implementation using symlinks instead of copying resources
-- Found rclcpp: 16.0.11 (/opt/ros/humble/share/rclcpp/cmake)
-- Found rosidl_generator_c: 3.1.6 (/opt/ros/humble/share/rosidl_generator_c/cmake)
-- Found rosidl_adapter: 3.1.6 (/opt/ros/humble/share/rosidl_adapter/cmake)
-- Found rosidl_generator_cpp: 3.1.6 (/opt/ros/humble/share/rosidl_generator_cpp/cmake)
-- Using all available rosidl_typesupport_c: rosidl_typesupport_fastrtps_c;rosidl_typesupport_introspection_c
-- Using all available rosidl_typesupport_cpp: rosidl_typesupport_fastrtps_cpp;rosidl_typesupport_introspection_cpp
-- Found rmw_implementation_cmake: 6.1.2 (/opt/ros/humble/share/rmw_implementation_cmake/cmake)
-- Found rmw_fastrtps_cpp: 6.2.7 (/opt/ros/humble/share/rmw_fastrtps_cpp/cmake)
-- Using RMW implementation 'rmw_fastrtps_cpp' as default
-- Found sensor_msgs: 4.2.4 (/opt/ros/humble/share/sensor_msgs/cmake)
-- Found xacro: 2.0.8 (/opt/ros/humble/share/xacro/cmake)
-- Found amir_interfaces: 0.0.1 (/home/rover/amir_basic_ws/install/amir_interfaces/share/amir_interfaces/cmake)
-- Found rclcpp_action: 16.0.11 (/opt/ros/humble/share/rclcpp_action/cmake)
-- Found behavior_tree_msgs: 0.1.0 (/home/rover/kameyama_ws/install/behavior_tree_msgs/share/behavior_tree_msgs/cmake)
-- Found tf2: 0.25.12 (/opt/ros/humble/share/tf2/cmake)
-- Found tf2_geometry_msgs: 0.25.12 (/opt/ros/humble/share/tf2_geometry_msgs/cmake)
-- Found eigen3_cmake_module: 0.1.1 (/opt/ros/humble/share/eigen3_cmake_module/cmake)
-- Ensuring Eigen3 include directory is part of orocos-kdl CMake target
-- Found line_msg: 0.0.0 (/home/rover/kameyama_ws/install/line_msg/share/line_msg/cmake)
-- Found bebop_msgs: 0.0.0 (/home/rover/kameyama_ws/install/bebop_msgs/share/bebop_msgs/cmake)
-- Found ros2_aruco_interfaces: 0.1.0 (/home/rover/kameyama_ws/install/ros2_aruco_interfaces/share/ros2_aruco_interfaces/cmake)
-- Found ar_track_alvar_msgs: 0.7.1 (/home/rover/kameyama_ws/install/ar_track_alvar_msgs/share/ar_track_alvar_msgs/cmake)
-- Found ament_lint_auto: 0.12.11 (/opt/ros/humble/share/ament_lint_auto/cmake)
-- Added test 'cppcheck' to perform static code analysis on C / C++ code
-- Configured cppcheck include dirs: 
-- Configured cppcheck exclude dirs and/or files: 
-- Added test 'flake8' to check Python code syntax and style conventions
-- Added test 'lint_cmake' to check CMake code style
-- Added test 'pep257' to check Python code against some of the docstring style conventions in PEP 257
-- Added test 'uncrustify' to check C / C++ code style
-- Configured uncrustify additional arguments: 
-- Added test 'xmllint' to check XML markup files
-- Configuring done
-- Generating done
-- Build files have been written to: /home/rover/kameyama_ws/build/amir_operation
[35m[1mConsolidate compiler generated dependencies of target place[0m
[35m[1mConsolidate compiler generated dependencies of target pick[0m
[35m[1mConsolidate compiler generated dependencies of target initial_posi[0m
[  9%] [32mBuilding CXX object CMakeFiles/pick.dir/src/pick.cpp.o[0m
[  9%] [32mBuilding CXX object CMakeFiles/place.dir/src/place.cpp.o[0m
[ 13%] [32mBuilding CXX object CMakeFiles/initial_posi.dir/src/initial_posi.cpp.o[0m
[ 18%] [32m[1mLinking CXX executable initial_posi[0m
[ 18%] Built target initial_posi
[ 22%] [32m[1mLinking CXX executable place[0m
[ 22%] Built target place
[ 27%] [32m[1mLinking CXX executable pick[0m
[ 27%] Built target pick
[35m[1mConsolidate compiler generated dependencies of target mecanum_search[0m
[35m[1mConsolidate compiler generated dependencies of target mecanum_spin[0m
[35m[1mConsolidate compiler generated dependencies of target mecanum_move[0m
[ 31%] [32mBuilding CXX object CMakeFiles/mecanum_search.dir/src/mecanum_search.cpp.o[0m
[ 36%] [32mBuilding CXX object CMakeFiles/mecanum_spin.dir/src/mecanum_spin.cpp.o[0m
[ 40%] [32mBuilding CXX object CMakeFiles/mecanum_move.dir/src/mecanum_move.cpp.o[0m
[ 45%] [32m[1mLinking CXX executable mecanum_spin[0m
[ 45%] Built target mecanum_spin
[ 50%] [32m[1mLinking CXX executable mecanum_move[0m
[ 50%] Built target mecanum_move
[ 54%] [32m[1mLinking CXX executable mecanum_search[0m
[ 54%] Built target mecanum_search
[35m[1mConsolidate compiler generated dependencies of target grasp[0m
[35m[1mConsolidate compiler generated dependencies of target move_meca[0m
[35m[1mConsolidate compiler generated dependencies of target move_arm[0m
[ 68%] [32mBuilding CXX object CMakeFiles/move_meca.dir/src/move_meca.cpp.o[0m
[ 68%] [32mBuilding CXX object CMakeFiles/grasp.dir/src/grasp.cpp.o[0m
[ 68%] [32mBuilding CXX object CMakeFiles/move_arm.dir/src/move_arm.cpp.o[0m
[ 72%] [32m[1mLinking CXX executable move_meca[0m
[ 77%] [32m[1mLinking CXX executable move_arm[0m
[ 81%] [32m[1mLinking CXX executable grasp[0m
[ 81%] Built target move_meca
[35m[1mConsolidate compiler generated dependencies of target search_obj[0m
[35m[1mConsolidate compiler generated dependencies of target pick_using_d_optimality[0m
[ 86%] [32mBuilding CXX object CMakeFiles/search_obj.dir/src/search_obj.cpp.o[0m
[ 86%] Built target move_arm
[ 90%] [32mBuilding CXX object CMakeFiles/pick_using_d_optimality.dir/src/pick_using_d_optimality.cpp.o[0m
[ 90%] Built target grasp
[ 95%] [32m[1mLinking CXX executable search_obj[0m
[ 95%] Built target search_obj
[100%] [32m[1mLinking CXX executable pick_using_d_optimality[0m
[100%] Built target pick_using_d_optimality
-- Install configuration: ""
-- Execute custom install script
-- Up-to-date symlink: /home/rover/kameyama_ws/install/amir_operation/lib/amir_operation/initial_posi
-- Up-to-date symlink: /home/rover/kameyama_ws/install/amir_operation/lib/amir_operation/pick
-- Up-to-date symlink: /home/rover/kameyama_ws/install/amir_operation/lib/amir_operation/place
-- Up-to-date symlink: /home/rover/kameyama_ws/install/amir_operation/lib/amir_operation/search_obj
-- Up-to-date symlink: /home/rover/kameyama_ws/install/amir_operation/lib/amir_operation/move_arm
-- Up-to-date symlink: /home/rover/kameyama_ws/install/amir_operation/lib/amir_operation/grasp
-- Up-to-date symlink: /home/rover/kameyama_ws/install/amir_operation/lib/amir_operation/move_meca
-- Up-to-date symlink: /home/rover/kameyama_ws/install/amir_operation/lib/amir_operation/pick_using_d_optimality
-- Up-to-date symlink: /home/rover/kameyama_ws/install/amir_operation/lib/amir_operation/mecanum_search
-- Up-to-date symlink: /home/rover/kameyama_ws/install/amir_operation/lib/amir_operation/mecanum_move
-- Up-to-date symlink: /home/rover/kameyama_ws/install/amir_operation/lib/amir_operation/mecanum_spin
-- Up-to-date symlink: /home/rover/kameyama_ws/install/amir_operation/share/amir_operation/launch/BT_Log_bt1.fbl
-- Up-to-date symlink: /home/rover/kameyama_ws/install/amir_operation/share/amir_operation/launch/BT_Log_bt2.fbl
-- Up-to-date symlink: /home/rover/kameyama_ws/install/amir_operation/share/amir_operation/launch/BT_Log_bt3.fbl
-- Up-to-date symlink: /home/rover/kameyama_ws/install/amir_operation/share/amir_operation/launch/pick_and_place_dop_launch.py
-- Up-to-date symlink: /home/rover/kameyama_ws/install/amir_operation/share/amir_operation/launch/pick_and_place_launch.py
-- Up-to-date symlink: /home/rover/kameyama_ws/install/amir_operation/share/ament_index/resource_index/package_run_dependencies/amir_operation
-- Up-to-date symlink: /home/rover/kameyama_ws/install/amir_operation/share/ament_index/resource_index/parent_prefix_path/amir_operation
-- Up-to-date symlink: /home/rover/kameyama_ws/install/amir_operation/share/amir_operation/environment/ament_prefix_path.sh
-- Up-to-date symlink: /home/rover/kameyama_ws/install/amir_operation/share/amir_operation/environment/ament_prefix_path.dsv
-- Up-to-date symlink: /home/rover/kameyama_ws/install/amir_operation/share/amir_operation/environment/path.sh
-- Up-to-date symlink: /home/rover/kameyama_ws/install/amir_operation/share/amir_operation/environment/path.dsv
-- Up-to-date symlink: /home/rover/kameyama_ws/install/amir_operation/share/amir_operation/local_setup.bash
-- Up-to-date symlink: /home/rover/kameyama_ws/install/amir_operation/share/amir_operation/local_setup.sh
-- Up-to-date symlink: /home/rover/kameyama_ws/install/amir_operation/share/amir_operation/local_setup.zsh
-- Up-to-date symlink: /home/rover/kameyama_ws/install/amir_operation/share/amir_operation/local_setup.dsv
-- Symlinking: /home/rover/kameyama_ws/install/amir_operation/share/amir_operation/package.dsv
-- Up-to-date symlink: /home/rover/kameyama_ws/install/amir_operation/share/ament_index/resource_index/packages/amir_operation
-- Up-to-date symlink: /home/rover/kameyama_ws/install/amir_operation/share/amir_operation/cmake/amir_operationConfig.cmake
-- Up-to-date symlink: /home/rover/kameyama_ws/install/amir_operation/share/amir_operation/cmake/amir_operationConfig-version.cmake
-- Up-to-date symlink: /home/rover/kameyama_ws/install/amir_operation/share/amir_operation/package.xml
