[0.053s] Invoking command in '/home/rover/kameyama_ws/build/observation_msgs': CMAKE_PREFIX_PATH=${CMAKE_PREFIX_PATH}:/home/rover/amir_basic_ws/install/nav2_simple_commander:/home/rover/amir_basic_ws/install/camera_calibration:/opt/ros/humble /usr/bin/cmake /home/rover/kameyama_ws/src/observation/observation_msgs -DAMENT_CMAKE_SYMLINK_INSTALL=1 -DCMAKE_INSTALL_PREFIX=/home/rover/kameyama_ws/install/observation_msgs
[0.725s] -- The C compiler identification is GNU 11.4.0
[0.726s] -- The CXX compiler identification is GNU 11.4.0
[0.726s] -- Detecting C compiler ABI info
[0.726s] -- Detecting C compiler ABI info - done
[0.726s] -- Check for working C compiler: /usr/bin/cc - skipped
[0.726s] -- Detecting C compile features
[0.726s] -- Detecting C compile features - done
[0.726s] -- Detecting CXX compiler ABI info
[0.726s] -- Detecting CXX compiler ABI info - done
[0.726s] -- Check for working CXX compiler: /usr/bin/c++ - skipped
[0.726s] -- Detecting CXX compile features
[0.726s] -- Detecting CXX compile features - done
[0.726s] -- Found ament_cmake: 1.3.11 (/opt/ros/humble/share/ament_cmake/cmake)
[1.095s] -- Found Python3: /usr/bin/python3 (found version "3.10.12") found components: Interpreter 
[1.160s] -- Override CMake install command with custom implementation using symlinks instead of copying resources
[1.269s] -- Found builtin_interfaces: 1.2.1 (/opt/ros/humble/share/builtin_interfaces/cmake)
[1.350s] -- Found rosidl_generator_c: 3.1.6 (/opt/ros/humble/share/rosidl_generator_c/cmake)
[1.367s] -- Found rosidl_adapter: 3.1.6 (/opt/ros/humble/share/rosidl_adapter/cmake)
[1.386s] -- Found rosidl_generator_cpp: 3.1.6 (/opt/ros/humble/share/rosidl_generator_cpp/cmake)
[1.415s] -- Using all available rosidl_typesupport_c: rosidl_typesupport_fastrtps_c;rosidl_typesupport_introspection_c
[1.453s] -- Using all available rosidl_typesupport_cpp: rosidl_typesupport_fastrtps_cpp;rosidl_typesupport_introspection_cpp
[1.488s] -- Found rosidl_default_generators: 1.2.0 (/opt/ros/humble/share/rosidl_default_generators/cmake)
[1.514s] -- Found action_msgs: 1.2.1 (/opt/ros/humble/share/action_msgs/cmake)
[1.549s] -- Found std_msgs: 4.2.4 (/opt/ros/humble/share/std_msgs/cmake)
[1.569s] -- Found moveit_msgs: 2.2.1 (/opt/ros/humble/share/moveit_msgs/cmake)
[1.745s] -- Found nav2_msgs: 1.1.17 (/home/rover/amir_basic_ws/install/nav2_msgs/share/nav2_msgs/cmake)
[2.269s] -- Found ament_cmake_ros: 0.10.0 (/opt/ros/humble/share/ament_cmake_ros/cmake)
[3.169s] -- Using all available rosidl_typesupport_c: rosidl_typesupport_fastrtps_c;rosidl_typesupport_introspection_c
[3.713s] -- Using all available rosidl_typesupport_cpp: rosidl_typesupport_fastrtps_cpp;rosidl_typesupport_introspection_cpp
[3.770s] -- Found PythonInterp: /usr/bin/python3 (found suitable version "3.10.12", minimum required is "3.6") 
[3.792s] -- Found python_cmake_module: 0.10.0 (/opt/ros/humble/share/python_cmake_module/cmake)
[3.924s] -- Found PythonLibs: /usr/lib/x86_64-linux-gnu/libpython3.10.so (found suitable version "3.10.12", minimum required is "3.5") 
[3.925s] -- Using PYTHON_EXECUTABLE: /usr/bin/python3
[3.925s] -- Using PYTHON_INCLUDE_DIRS: /usr/include/python3.10
[3.925s] -- Using PYTHON_LIBRARIES: /usr/lib/x86_64-linux-gnu/libpython3.10.so
[4.013s] -- Found PythonExtra: .so  
[4.931s] -- Configuring done
[5.209s] -- Generating done
[5.300s] -- Build files have been written to: /home/rover/kameyama_ws/build/observation_msgs
[5.356s] Invoked command in '/home/rover/kameyama_ws/build/observation_msgs' returned '0': CMAKE_PREFIX_PATH=${CMAKE_PREFIX_PATH}:/home/rover/amir_basic_ws/install/nav2_simple_commander:/home/rover/amir_basic_ws/install/camera_calibration:/opt/ros/humble /usr/bin/cmake /home/rover/kameyama_ws/src/observation/observation_msgs -DAMENT_CMAKE_SYMLINK_INSTALL=1 -DCMAKE_INSTALL_PREFIX=/home/rover/kameyama_ws/install/observation_msgs
[5.365s] Invoking command in '/home/rover/kameyama_ws/build/observation_msgs': CMAKE_PREFIX_PATH=${CMAKE_PREFIX_PATH}:/home/rover/amir_basic_ws/install/nav2_simple_commander:/home/rover/amir_basic_ws/install/camera_calibration:/opt/ros/humble /usr/bin/cmake --build /home/rover/kameyama_ws/build/observation_msgs -- -j12 -l12
[8.627s] [  1%] [34m[1mGenerating C code for ROS interfaces[0m
[8.628s] [  3%] [34m[1mGenerating C++ code for ROS interfaces[0m
[8.628s] [  3%] Built target ament_cmake_python_symlink_observation_msgs
[8.628s] running egg_info
[8.628s] creating observation_msgs.egg-info
[8.628s] writing observation_msgs.egg-info/PKG-INFO
[8.628s] writing dependency_links to observation_msgs.egg-info/dependency_links.txt
[8.628s] [  3%] Built target observation_msgs__cpp
[8.628s] [  4%] [34m[1mGenerating C++ type support for eProsima Fast-RTPS[0m
[8.628s] [  6%] [34m[1mGenerating C++ type support dispatch for ROS interfaces[0m
[8.628s] [  7%] [34m[1mGenerating C++ introspection for ROS interfaces[0m
[8.628s] writing top-level names to observation_msgs.egg-info/top_level.txt
[8.628s] writing manifest file 'observation_msgs.egg-info/SOURCES.txt'
[8.628s] reading manifest file 'observation_msgs.egg-info/SOURCES.txt'
[8.628s] writing manifest file 'observation_msgs.egg-info/SOURCES.txt'
[8.628s] [  9%] [32mBuilding C object CMakeFiles/observation_msgs__rosidl_generator_c.dir/rosidl_generator_c/observation_msgs/msg/detail/object__functions.c.o[0m
[8.628s] [ 11%] [32mBuilding C object CMakeFiles/observation_msgs__rosidl_generator_c.dir/rosidl_generator_c/observation_msgs/srv/detail/path_check__functions.c.o[0m
[8.628s] [ 12%] [32mBuilding C object CMakeFiles/observation_msgs__rosidl_generator_c.dir/rosidl_generator_c/observation_msgs/srv/detail/set_objects__functions.c.o[0m
[8.628s] [ 14%] [32mBuilding C object CMakeFiles/observation_msgs__rosidl_generator_c.dir/rosidl_generator_c/observation_msgs/srv/detail/get_objects__functions.c.o[0m
[8.628s] [ 15%] [32mBuilding C object CMakeFiles/observation_msgs__rosidl_generator_c.dir/rosidl_generator_c/observation_msgs/msg/detail/path_evaluation__functions.c.o[0m
[8.628s] [ 15%] Built target ament_cmake_python_build_observation_msgs_egg
[8.628s] [ 17%] [32m[1mLinking C shared library libobservation_msgs__rosidl_generator_c.so[0m
[8.656s] [ 17%] Built target observation_msgs__rosidl_generator_c
[8.727s] [ 19%] [34m[1mGenerating C type support for eProsima Fast-RTPS[0m
[8.733s] [ 20%] [34m[1mGenerating C introspection for ROS interfaces[0m
[8.733s] [ 22%] [34m[1mGenerating C type support dispatch for ROS interfaces[0m
[8.896s] [ 23%] [32mBuilding CXX object CMakeFiles/observation_msgs__rosidl_typesupport_cpp.dir/rosidl_typesupport_cpp/observation_msgs/srv/get_objects__type_support.cpp.o[0m
[8.909s] [ 25%] [32mBuilding CXX object CMakeFiles/observation_msgs__rosidl_typesupport_cpp.dir/rosidl_typesupport_cpp/observation_msgs/msg/path_evaluation__type_support.cpp.o[0m
[8.911s] [ 26%] [32mBuilding CXX object CMakeFiles/observation_msgs__rosidl_typesupport_cpp.dir/rosidl_typesupport_cpp/observation_msgs/msg/object__type_support.cpp.o[0m
[8.931s] [ 28%] [32mBuilding CXX object CMakeFiles/observation_msgs__rosidl_typesupport_cpp.dir/rosidl_typesupport_cpp/observation_msgs/srv/set_objects__type_support.cpp.o[0m
[8.939s] [ 30%] [32mBuilding CXX object CMakeFiles/observation_msgs__rosidl_typesupport_cpp.dir/rosidl_typesupport_cpp/observation_msgs/srv/path_check__type_support.cpp.o[0m
[9.383s] [ 31%] [32mBuilding CXX object CMakeFiles/observation_msgs__rosidl_typesupport_fastrtps_cpp.dir/rosidl_typesupport_fastrtps_cpp/observation_msgs/msg/detail/dds_fastrtps/path_evaluation__type_support.cpp.o[0m
[9.410s] [ 33%] [32mBuilding CXX object CMakeFiles/observation_msgs__rosidl_typesupport_fastrtps_cpp.dir/rosidl_typesupport_fastrtps_cpp/observation_msgs/srv/detail/dds_fastrtps/set_objects__type_support.cpp.o[0m
[9.414s] [ 34%] [32mBuilding CXX object CMakeFiles/observation_msgs__rosidl_typesupport_fastrtps_cpp.dir/rosidl_typesupport_fastrtps_cpp/observation_msgs/msg/detail/dds_fastrtps/object__type_support.cpp.o[0m
[9.576s] [ 36%] [32mBuilding CXX object CMakeFiles/observation_msgs__rosidl_typesupport_fastrtps_cpp.dir/rosidl_typesupport_fastrtps_cpp/observation_msgs/srv/detail/dds_fastrtps/get_objects__type_support.cpp.o[0m
[9.616s] [ 38%] [32mBuilding CXX object CMakeFiles/observation_msgs__rosidl_typesupport_fastrtps_cpp.dir/rosidl_typesupport_fastrtps_cpp/observation_msgs/srv/detail/dds_fastrtps/path_check__type_support.cpp.o[0m
[9.802s] [ 39%] [32m[1mLinking CXX shared library libobservation_msgs__rosidl_typesupport_cpp.so[0m
[9.970s] [ 39%] Built target observation_msgs__rosidl_typesupport_cpp
[10.023s] [ 41%] [32mBuilding CXX object CMakeFiles/observation_msgs__rosidl_typesupport_introspection_cpp.dir/rosidl_typesupport_introspection_cpp/observation_msgs/msg/detail/path_evaluation__type_support.cpp.o[0m
[10.038s] [ 42%] [32mBuilding CXX object CMakeFiles/observation_msgs__rosidl_typesupport_introspection_cpp.dir/rosidl_typesupport_introspection_cpp/observation_msgs/srv/detail/set_objects__type_support.cpp.o[0m
[10.038s] [ 44%] [32mBuilding CXX object CMakeFiles/observation_msgs__rosidl_typesupport_introspection_cpp.dir/rosidl_typesupport_introspection_cpp/observation_msgs/msg/detail/object__type_support.cpp.o[0m
[10.134s] [ 46%] [32mBuilding CXX object CMakeFiles/observation_msgs__rosidl_typesupport_introspection_cpp.dir/rosidl_typesupport_introspection_cpp/observation_msgs/srv/detail/get_objects__type_support.cpp.o[0m
[10.189s] [ 47%] [32mBuilding CXX object CMakeFiles/observation_msgs__rosidl_typesupport_introspection_cpp.dir/rosidl_typesupport_introspection_cpp/observation_msgs/srv/detail/path_check__type_support.cpp.o[0m
[10.265s] [ 49%] [32mBuilding C object CMakeFiles/observation_msgs__rosidl_typesupport_introspection_c.dir/rosidl_typesupport_introspection_c/observation_msgs/msg/detail/path_evaluation__type_support.c.o[0m
[10.328s] [ 50%] [32mBuilding C object CMakeFiles/observation_msgs__rosidl_typesupport_introspection_c.dir/rosidl_typesupport_introspection_c/observation_msgs/msg/detail/object__type_support.c.o[0m
[10.382s] [ 52%] [32mBuilding C object CMakeFiles/observation_msgs__rosidl_typesupport_introspection_c.dir/rosidl_typesupport_introspection_c/observation_msgs/srv/detail/set_objects__type_support.c.o[0m
[10.421s] [ 53%] [32mBuilding C object CMakeFiles/observation_msgs__rosidl_typesupport_introspection_c.dir/rosidl_typesupport_introspection_c/observation_msgs/srv/detail/get_objects__type_support.c.o[0m
[10.437s] [ 55%] [32mBuilding CXX object CMakeFiles/observation_msgs__rosidl_typesupport_c.dir/rosidl_typesupport_c/observation_msgs/msg/path_evaluation__type_support.cpp.o[0m
[10.452s] [ 57%] [32mBuilding C object CMakeFiles/observation_msgs__rosidl_typesupport_introspection_c.dir/rosidl_typesupport_introspection_c/observation_msgs/srv/detail/path_check__type_support.c.o[0m
[10.528s] [ 58%] [32mBuilding CXX object CMakeFiles/observation_msgs__rosidl_typesupport_c.dir/rosidl_typesupport_c/observation_msgs/msg/object__type_support.cpp.o[0m
[10.548s] [ 60%] [32mBuilding CXX object CMakeFiles/observation_msgs__rosidl_typesupport_c.dir/rosidl_typesupport_c/observation_msgs/srv/set_objects__type_support.cpp.o[0m
[10.578s] [ 61%] [32mBuilding CXX object CMakeFiles/observation_msgs__rosidl_typesupport_c.dir/rosidl_typesupport_c/observation_msgs/srv/get_objects__type_support.cpp.o[0m
[10.582s] [ 63%] [32m[1mLinking C shared library libobservation_msgs__rosidl_typesupport_introspection_c.so[0m
[10.679s] [ 65%] [32mBuilding CXX object CMakeFiles/observation_msgs__rosidl_typesupport_c.dir/rosidl_typesupport_c/observation_msgs/srv/path_check__type_support.cpp.o[0m
[10.726s] [ 65%] Built target observation_msgs__rosidl_typesupport_introspection_c
[10.773s] [ 66%] [32m[1mLinking CXX shared library libobservation_msgs__rosidl_typesupport_c.so[0m
[10.803s] [ 68%] [32mBuilding CXX object CMakeFiles/observation_msgs__rosidl_typesupport_fastrtps_c.dir/rosidl_typesupport_fastrtps_c/observation_msgs/msg/detail/object__type_support_c.cpp.o[0m
[10.812s] [ 69%] [32mBuilding CXX object CMakeFiles/observation_msgs__rosidl_typesupport_fastrtps_c.dir/rosidl_typesupport_fastrtps_c/observation_msgs/msg/detail/path_evaluation__type_support_c.cpp.o[0m
[10.817s] [ 71%] [32mBuilding CXX object CMakeFiles/observation_msgs__rosidl_typesupport_fastrtps_c.dir/rosidl_typesupport_fastrtps_c/observation_msgs/srv/detail/set_objects__type_support_c.cpp.o[0m
[10.824s] [ 73%] [32mBuilding CXX object CMakeFiles/observation_msgs__rosidl_typesupport_fastrtps_c.dir/rosidl_typesupport_fastrtps_c/observation_msgs/srv/detail/get_objects__type_support_c.cpp.o[0m
[10.848s] [ 74%] [32mBuilding CXX object CMakeFiles/observation_msgs__rosidl_typesupport_fastrtps_c.dir/rosidl_typesupport_fastrtps_c/observation_msgs/srv/detail/path_check__type_support_c.cpp.o[0m
[10.979s] [ 74%] Built target observation_msgs__rosidl_typesupport_c
[11.330s] [ 76%] [32m[1mLinking CXX shared library libobservation_msgs__rosidl_typesupport_fastrtps_cpp.so[0m
[11.549s] [ 76%] Built target observation_msgs__rosidl_typesupport_fastrtps_cpp
[11.590s] [ 77%] [32m[1mLinking CXX shared library libobservation_msgs__rosidl_typesupport_fastrtps_c.so[0m
[11.750s] [ 77%] Built target observation_msgs__rosidl_typesupport_fastrtps_c
[11.768s] [ 79%] [32m[1mLinking CXX shared library libobservation_msgs__rosidl_typesupport_introspection_cpp.so[0m
[11.918s] [ 79%] Built target observation_msgs__rosidl_typesupport_introspection_cpp
[11.958s] [ 79%] Built target observation_msgs
[12.000s] [ 80%] [34m[1mGenerating Python code for ROS interfaces[0m
[13.327s] [ 80%] Built target observation_msgs__py
[13.363s] [ 82%] [32mBuilding C object CMakeFiles/observation_msgs__rosidl_generator_py.dir/rosidl_generator_py/observation_msgs/msg/_path_evaluation_s.c.o[0m
[13.379s] [ 84%] [32mBuilding C object CMakeFiles/observation_msgs__rosidl_generator_py.dir/rosidl_generator_py/observation_msgs/msg/_object_s.c.o[0m
[13.386s] [ 85%] [32mBuilding C object CMakeFiles/observation_msgs__rosidl_generator_py.dir/rosidl_generator_py/observation_msgs/srv/_set_objects_s.c.o[0m
[13.394s] [ 87%] [32mBuilding C object CMakeFiles/observation_msgs__rosidl_generator_py.dir/rosidl_generator_py/observation_msgs/srv/_get_objects_s.c.o[0m
[13.396s] [ 88%] [32mBuilding C object CMakeFiles/observation_msgs__rosidl_generator_py.dir/rosidl_generator_py/observation_msgs/srv/_path_check_s.c.o[0m
[13.583s] [ 90%] [32m[1mLinking C shared library rosidl_generator_py/observation_msgs/libobservation_msgs__rosidl_generator_py.so[0m
[13.651s] [ 90%] Built target observation_msgs__rosidl_generator_py
[13.686s] [ 92%] [32mBuilding C object CMakeFiles/observation_msgs__rosidl_typesupport_fastrtps_c__pyext.dir/rosidl_generator_py/observation_msgs/_observation_msgs_s.ep.rosidl_typesupport_fastrtps_c.c.o[0m
[13.710s] [ 93%] [32mBuilding C object CMakeFiles/observation_msgs__rosidl_typesupport_c__pyext.dir/rosidl_generator_py/observation_msgs/_observation_msgs_s.ep.rosidl_typesupport_c.c.o[0m
[13.711s] [ 95%] [32mBuilding C object CMakeFiles/observation_msgs__rosidl_typesupport_introspection_c__pyext.dir/rosidl_generator_py/observation_msgs/_observation_msgs_s.ep.rosidl_typesupport_introspection_c.c.o[0m
[13.844s] [ 96%] [32m[1mLinking C shared library rosidl_generator_py/observation_msgs/observation_msgs_s__rosidl_typesupport_fastrtps_c.cpython-310-x86_64-linux-gnu.so[0m
[13.847s] [ 98%] [32m[1mLinking C shared library rosidl_generator_py/observation_msgs/observation_msgs_s__rosidl_typesupport_c.cpython-310-x86_64-linux-gnu.so[0m
[13.864s] [100%] [32m[1mLinking C shared library rosidl_generator_py/observation_msgs/observation_msgs_s__rosidl_typesupport_introspection_c.cpython-310-x86_64-linux-gnu.so[0m
[13.928s] [100%] Built target observation_msgs__rosidl_typesupport_c__pyext
[13.944s] [100%] Built target observation_msgs__rosidl_typesupport_fastrtps_c__pyext
[13.946s] [100%] Built target observation_msgs__rosidl_typesupport_introspection_c__pyext
[13.963s] Invoked command in '/home/rover/kameyama_ws/build/observation_msgs' returned '0': CMAKE_PREFIX_PATH=${CMAKE_PREFIX_PATH}:/home/rover/amir_basic_ws/install/nav2_simple_commander:/home/rover/amir_basic_ws/install/camera_calibration:/opt/ros/humble /usr/bin/cmake --build /home/rover/kameyama_ws/build/observation_msgs -- -j12 -l12
[13.965s] Invoking command in '/home/rover/kameyama_ws/build/observation_msgs': CMAKE_PREFIX_PATH=${CMAKE_PREFIX_PATH}:/home/rover/amir_basic_ws/install/nav2_simple_commander:/home/rover/amir_basic_ws/install/camera_calibration:/opt/ros/humble /usr/bin/cmake --install /home/rover/kameyama_ws/build/observation_msgs
[14.040s] -- Install configuration: ""
[14.040s] -- Execute custom install script
[14.040s] -- Symlinking: /home/rover/kameyama_ws/install/observation_msgs/share/ament_index/resource_index/rosidl_interfaces/observation_msgs
[14.040s] -- Symlinking: /home/rover/kameyama_ws/install/observation_msgs/include/observation_msgs/observation_msgs/msg/detail/object__functions.h
[14.040s] -- Symlinking: /home/rover/kameyama_ws/install/observation_msgs/include/observation_msgs/observation_msgs/msg/detail/object__struct.h
[14.040s] -- Symlinking: /home/rover/kameyama_ws/install/observation_msgs/include/observation_msgs/observation_msgs/msg/detail/object__type_support.h
[14.041s] -- Symlinking: /home/rover/kameyama_ws/install/observation_msgs/include/observation_msgs/observation_msgs/msg/detail/path_evaluation__functions.h
[14.052s] -- Symlinking: /home/rover/kameyama_ws/install/observation_msgs/include/observation_msgs/observation_msgs/msg/detail/path_evaluation__struct.h
[14.067s] -- Symlinking: /home/rover/kameyama_ws/install/observation_msgs/include/observation_msgs/observation_msgs/msg/detail/path_evaluation__type_support.h
[14.080s] -- Symlinking: /home/rover/kameyama_ws/install/observation_msgs/include/observation_msgs/observation_msgs/msg/object.h
[14.094s] -- Symlinking: /home/rover/kameyama_ws/install/observation_msgs/include/observation_msgs/observation_msgs/msg/path_evaluation.h
[14.109s] -- Symlinking: /home/rover/kameyama_ws/install/observation_msgs/include/observation_msgs/observation_msgs/msg/rosidl_generator_c__visibility_control.h
[14.124s] -- Symlinking: /home/rover/kameyama_ws/install/observation_msgs/include/observation_msgs/observation_msgs/srv/detail/get_objects__functions.h
[14.138s] -- Symlinking: /home/rover/kameyama_ws/install/observation_msgs/include/observation_msgs/observation_msgs/srv/detail/get_objects__struct.h
[14.150s] -- Symlinking: /home/rover/kameyama_ws/install/observation_msgs/include/observation_msgs/observation_msgs/srv/detail/get_objects__type_support.h
[14.164s] -- Symlinking: /home/rover/kameyama_ws/install/observation_msgs/include/observation_msgs/observation_msgs/srv/detail/path_check__functions.h
[14.177s] -- Symlinking: /home/rover/kameyama_ws/install/observation_msgs/include/observation_msgs/observation_msgs/srv/detail/path_check__struct.h
[14.190s] -- Symlinking: /home/rover/kameyama_ws/install/observation_msgs/include/observation_msgs/observation_msgs/srv/detail/path_check__type_support.h
[14.203s] -- Symlinking: /home/rover/kameyama_ws/install/observation_msgs/include/observation_msgs/observation_msgs/srv/detail/set_objects__functions.h
[14.216s] -- Symlinking: /home/rover/kameyama_ws/install/observation_msgs/include/observation_msgs/observation_msgs/srv/detail/set_objects__struct.h
[14.229s] -- Symlinking: /home/rover/kameyama_ws/install/observation_msgs/include/observation_msgs/observation_msgs/srv/detail/set_objects__type_support.h
[14.242s] -- Symlinking: /home/rover/kameyama_ws/install/observation_msgs/include/observation_msgs/observation_msgs/srv/get_objects.h
[14.254s] -- Symlinking: /home/rover/kameyama_ws/install/observation_msgs/include/observation_msgs/observation_msgs/srv/path_check.h
[14.267s] -- Symlinking: /home/rover/kameyama_ws/install/observation_msgs/include/observation_msgs/observation_msgs/srv/set_objects.h
[14.280s] -- Symlinking: /home/rover/kameyama_ws/install/observation_msgs/share/observation_msgs/environment/library_path.sh
[14.296s] -- Symlinking: /home/rover/kameyama_ws/install/observation_msgs/share/observation_msgs/environment/library_path.dsv
[14.310s] -- Symlinking: /home/rover/kameyama_ws/install/observation_msgs/include/observation_msgs/observation_msgs/msg/detail/object__rosidl_typesupport_fastrtps_c.h
[14.322s] -- Symlinking: /home/rover/kameyama_ws/install/observation_msgs/include/observation_msgs/observation_msgs/msg/detail/path_evaluation__rosidl_typesupport_fastrtps_c.h
[14.335s] -- Symlinking: /home/rover/kameyama_ws/install/observation_msgs/include/observation_msgs/observation_msgs/msg/rosidl_typesupport_fastrtps_c__visibility_control.h
[14.349s] -- Symlinking: /home/rover/kameyama_ws/install/observation_msgs/include/observation_msgs/observation_msgs/srv/detail/get_objects__rosidl_typesupport_fastrtps_c.h
[14.363s] -- Symlinking: /home/rover/kameyama_ws/install/observation_msgs/include/observation_msgs/observation_msgs/srv/detail/path_check__rosidl_typesupport_fastrtps_c.h
[14.375s] -- Symlinking: /home/rover/kameyama_ws/install/observation_msgs/include/observation_msgs/observation_msgs/srv/detail/set_objects__rosidl_typesupport_fastrtps_c.h
[14.387s] -- Symlinking: /home/rover/kameyama_ws/install/observation_msgs/include/observation_msgs/observation_msgs/msg/detail/object__builder.hpp
[14.401s] -- Symlinking: /home/rover/kameyama_ws/install/observation_msgs/include/observation_msgs/observation_msgs/msg/detail/object__struct.hpp
[14.413s] -- Symlinking: /home/rover/kameyama_ws/install/observation_msgs/include/observation_msgs/observation_msgs/msg/detail/object__traits.hpp
[14.427s] -- Symlinking: /home/rover/kameyama_ws/install/observation_msgs/include/observation_msgs/observation_msgs/msg/detail/object__type_support.hpp
[14.441s] -- Symlinking: /home/rover/kameyama_ws/install/observation_msgs/include/observation_msgs/observation_msgs/msg/detail/path_evaluation__builder.hpp
[14.454s] -- Symlinking: /home/rover/kameyama_ws/install/observation_msgs/include/observation_msgs/observation_msgs/msg/detail/path_evaluation__struct.hpp
[14.467s] -- Symlinking: /home/rover/kameyama_ws/install/observation_msgs/include/observation_msgs/observation_msgs/msg/detail/path_evaluation__traits.hpp
[14.481s] -- Symlinking: /home/rover/kameyama_ws/install/observation_msgs/include/observation_msgs/observation_msgs/msg/detail/path_evaluation__type_support.hpp
[14.496s] -- Symlinking: /home/rover/kameyama_ws/install/observation_msgs/include/observation_msgs/observation_msgs/msg/object.hpp
[14.507s] -- Symlinking: /home/rover/kameyama_ws/install/observation_msgs/include/observation_msgs/observation_msgs/msg/path_evaluation.hpp
[14.520s] -- Symlinking: /home/rover/kameyama_ws/install/observation_msgs/include/observation_msgs/observation_msgs/msg/rosidl_generator_cpp__visibility_control.hpp
[14.533s] -- Symlinking: /home/rover/kameyama_ws/install/observation_msgs/include/observation_msgs/observation_msgs/srv/detail/get_objects__builder.hpp
[14.547s] -- Symlinking: /home/rover/kameyama_ws/install/observation_msgs/include/observation_msgs/observation_msgs/srv/detail/get_objects__struct.hpp
[14.560s] -- Symlinking: /home/rover/kameyama_ws/install/observation_msgs/include/observation_msgs/observation_msgs/srv/detail/get_objects__traits.hpp
[14.574s] -- Symlinking: /home/rover/kameyama_ws/install/observation_msgs/include/observation_msgs/observation_msgs/srv/detail/get_objects__type_support.hpp
[14.588s] -- Symlinking: /home/rover/kameyama_ws/install/observation_msgs/include/observation_msgs/observation_msgs/srv/detail/path_check__builder.hpp
[14.604s] -- Symlinking: /home/rover/kameyama_ws/install/observation_msgs/include/observation_msgs/observation_msgs/srv/detail/path_check__struct.hpp
[14.619s] -- Symlinking: /home/rover/kameyama_ws/install/observation_msgs/include/observation_msgs/observation_msgs/srv/detail/path_check__traits.hpp
[14.633s] -- Symlinking: /home/rover/kameyama_ws/install/observation_msgs/include/observation_msgs/observation_msgs/srv/detail/path_check__type_support.hpp
[14.647s] -- Symlinking: /home/rover/kameyama_ws/install/observation_msgs/include/observation_msgs/observation_msgs/srv/detail/set_objects__builder.hpp
[14.659s] -- Symlinking: /home/rover/kameyama_ws/install/observation_msgs/include/observation_msgs/observation_msgs/srv/detail/set_objects__struct.hpp
[14.673s] -- Symlinking: /home/rover/kameyama_ws/install/observation_msgs/include/observation_msgs/observation_msgs/srv/detail/set_objects__traits.hpp
[14.691s] -- Symlinking: /home/rover/kameyama_ws/install/observation_msgs/include/observation_msgs/observation_msgs/srv/detail/set_objects__type_support.hpp
[14.705s] -- Symlinking: /home/rover/kameyama_ws/install/observation_msgs/include/observation_msgs/observation_msgs/srv/get_objects.hpp
[14.718s] -- Symlinking: /home/rover/kameyama_ws/install/observation_msgs/include/observation_msgs/observation_msgs/srv/path_check.hpp
[14.732s] -- Symlinking: /home/rover/kameyama_ws/install/observation_msgs/include/observation_msgs/observation_msgs/srv/set_objects.hpp
[14.748s] -- Symlinking: /home/rover/kameyama_ws/install/observation_msgs/include/observation_msgs/observation_msgs/msg/detail/object__rosidl_typesupport_fastrtps_cpp.hpp
[14.762s] -- Symlinking: /home/rover/kameyama_ws/install/observation_msgs/include/observation_msgs/observation_msgs/msg/detail/path_evaluation__rosidl_typesupport_fastrtps_cpp.hpp
[14.775s] -- Symlinking: /home/rover/kameyama_ws/install/observation_msgs/include/observation_msgs/observation_msgs/msg/rosidl_typesupport_fastrtps_cpp__visibility_control.h
[14.796s] -- Symlinking: /home/rover/kameyama_ws/install/observation_msgs/include/observation_msgs/observation_msgs/srv/detail/get_objects__rosidl_typesupport_fastrtps_cpp.hpp
[14.811s] -- Symlinking: /home/rover/kameyama_ws/install/observation_msgs/include/observation_msgs/observation_msgs/srv/detail/path_check__rosidl_typesupport_fastrtps_cpp.hpp
[14.826s] -- Symlinking: /home/rover/kameyama_ws/install/observation_msgs/include/observation_msgs/observation_msgs/srv/detail/set_objects__rosidl_typesupport_fastrtps_cpp.hpp
[14.837s] -- Symlinking: /home/rover/kameyama_ws/install/observation_msgs/include/observation_msgs/observation_msgs/msg/detail/object__rosidl_typesupport_introspection_c.h
[14.851s] -- Symlinking: /home/rover/kameyama_ws/install/observation_msgs/include/observation_msgs/observation_msgs/msg/detail/path_evaluation__rosidl_typesupport_introspection_c.h
[14.864s] -- Symlinking: /home/rover/kameyama_ws/install/observation_msgs/include/observation_msgs/observation_msgs/msg/rosidl_typesupport_introspection_c__visibility_control.h
[14.876s] -- Symlinking: /home/rover/kameyama_ws/install/observation_msgs/include/observation_msgs/observation_msgs/srv/detail/get_objects__rosidl_typesupport_introspection_c.h
[14.890s] -- Symlinking: /home/rover/kameyama_ws/install/observation_msgs/include/observation_msgs/observation_msgs/srv/detail/path_check__rosidl_typesupport_introspection_c.h
[14.907s] -- Symlinking: /home/rover/kameyama_ws/install/observation_msgs/include/observation_msgs/observation_msgs/srv/detail/set_objects__rosidl_typesupport_introspection_c.h
[14.924s] -- Symlinking: /home/rover/kameyama_ws/install/observation_msgs/include/observation_msgs/observation_msgs/msg/detail/object__rosidl_typesupport_introspection_cpp.hpp
[14.934s] -- Symlinking: /home/rover/kameyama_ws/install/observation_msgs/include/observation_msgs/observation_msgs/msg/detail/path_evaluation__rosidl_typesupport_introspection_cpp.hpp
[14.946s] -- Symlinking: /home/rover/kameyama_ws/install/observation_msgs/include/observation_msgs/observation_msgs/srv/detail/get_objects__rosidl_typesupport_introspection_cpp.hpp
[14.960s] -- Symlinking: /home/rover/kameyama_ws/install/observation_msgs/include/observation_msgs/observation_msgs/srv/detail/path_check__rosidl_typesupport_introspection_cpp.hpp
[14.974s] -- Symlinking: /home/rover/kameyama_ws/install/observation_msgs/include/observation_msgs/observation_msgs/srv/detail/set_objects__rosidl_typesupport_introspection_cpp.hpp
[15.000s] -- Symlinking: /home/rover/kameyama_ws/install/observation_msgs/share/observation_msgs/environment/pythonpath.sh
[15.018s] -- Symlinking: /home/rover/kameyama_ws/install/observation_msgs/share/observation_msgs/environment/pythonpath.dsv
[15.038s] -- Symlinking: /home/rover/kameyama_ws/install/observation_msgs/local/lib/python3.10/dist-packages/observation_msgs-0.1.0-py3.10.egg-info/PKG-INFO
[15.053s] -- Symlinking: /home/rover/kameyama_ws/install/observation_msgs/local/lib/python3.10/dist-packages/observation_msgs-0.1.0-py3.10.egg-info/SOURCES.txt
[15.071s] -- Symlinking: /home/rover/kameyama_ws/install/observation_msgs/local/lib/python3.10/dist-packages/observation_msgs-0.1.0-py3.10.egg-info/dependency_links.txt
[15.081s] -- Symlinking: /home/rover/kameyama_ws/install/observation_msgs/local/lib/python3.10/dist-packages/observation_msgs-0.1.0-py3.10.egg-info/top_level.txt
[15.096s] -- Symlinking: /home/rover/kameyama_ws/install/observation_msgs/local/lib/python3.10/dist-packages/observation_msgs/__init__.py
[15.113s] -- Symlinking: /home/rover/kameyama_ws/install/observation_msgs/local/lib/python3.10/dist-packages/observation_msgs/_observation_msgs_s.ep.rosidl_typesupport_c.c
[15.134s] -- Symlinking: /home/rover/kameyama_ws/install/observation_msgs/local/lib/python3.10/dist-packages/observation_msgs/_observation_msgs_s.ep.rosidl_typesupport_fastrtps_c.c
[15.162s] -- Symlinking: /home/rover/kameyama_ws/install/observation_msgs/local/lib/python3.10/dist-packages/observation_msgs/_observation_msgs_s.ep.rosidl_typesupport_introspection_c.c
[15.174s] -- Symlinking: /home/rover/kameyama_ws/install/observation_msgs/local/lib/python3.10/dist-packages/observation_msgs/libobservation_msgs__rosidl_generator_py.so
[15.186s] -- Symlinking: /home/rover/kameyama_ws/install/observation_msgs/local/lib/python3.10/dist-packages/observation_msgs/msg/__init__.py
[15.200s] -- Symlinking: /home/rover/kameyama_ws/install/observation_msgs/local/lib/python3.10/dist-packages/observation_msgs/msg/_object.py
[15.216s] -- Symlinking: /home/rover/kameyama_ws/install/observation_msgs/local/lib/python3.10/dist-packages/observation_msgs/msg/_object_s.c
[15.238s] -- Symlinking: /home/rover/kameyama_ws/install/observation_msgs/local/lib/python3.10/dist-packages/observation_msgs/msg/_path_evaluation.py
[15.253s] -- Symlinking: /home/rover/kameyama_ws/install/observation_msgs/local/lib/python3.10/dist-packages/observation_msgs/msg/_path_evaluation_s.c
[15.264s] -- Symlinking: /home/rover/kameyama_ws/install/observation_msgs/local/lib/python3.10/dist-packages/observation_msgs/observation_msgs_s__rosidl_typesupport_c.cpython-310-x86_64-linux-gnu.so
[15.277s] -- Symlinking: /home/rover/kameyama_ws/install/observation_msgs/local/lib/python3.10/dist-packages/observation_msgs/observation_msgs_s__rosidl_typesupport_fastrtps_c.cpython-310-x86_64-linux-gnu.so
[15.293s] -- Symlinking: /home/rover/kameyama_ws/install/observation_msgs/local/lib/python3.10/dist-packages/observation_msgs/observation_msgs_s__rosidl_typesupport_introspection_c.cpython-310-x86_64-linux-gnu.so
[15.309s] -- Symlinking: /home/rover/kameyama_ws/install/observation_msgs/local/lib/python3.10/dist-packages/observation_msgs/srv/__init__.py
[15.324s] -- Symlinking: /home/rover/kameyama_ws/install/observation_msgs/local/lib/python3.10/dist-packages/observation_msgs/srv/_get_objects.py
[15.337s] -- Symlinking: /home/rover/kameyama_ws/install/observation_msgs/local/lib/python3.10/dist-packages/observation_msgs/srv/_get_objects_s.c
[15.348s] -- Symlinking: /home/rover/kameyama_ws/install/observation_msgs/local/lib/python3.10/dist-packages/observation_msgs/srv/_path_check.py
[15.363s] -- Symlinking: /home/rover/kameyama_ws/install/observation_msgs/local/lib/python3.10/dist-packages/observation_msgs/srv/_path_check_s.c
[15.385s] -- Symlinking: /home/rover/kameyama_ws/install/observation_msgs/local/lib/python3.10/dist-packages/observation_msgs/srv/_set_objects.py
[15.399s] -- Symlinking: /home/rover/kameyama_ws/install/observation_msgs/local/lib/python3.10/dist-packages/observation_msgs/srv/_set_objects_s.c
[15.429s] -- Up-to-date symlink: /home/rover/kameyama_ws/install/observation_msgs/local/lib/python3.10/dist-packages/observation_msgs/observation_msgs_s__rosidl_typesupport_fastrtps_c.cpython-310-x86_64-linux-gnu.so
[15.430s] -- Up-to-date symlink: /home/rover/kameyama_ws/install/observation_msgs/local/lib/python3.10/dist-packages/observation_msgs/observation_msgs_s__rosidl_typesupport_introspection_c.cpython-310-x86_64-linux-gnu.so
[15.430s] -- Up-to-date symlink: /home/rover/kameyama_ws/install/observation_msgs/local/lib/python3.10/dist-packages/observation_msgs/observation_msgs_s__rosidl_typesupport_c.cpython-310-x86_64-linux-gnu.so
[15.430s] -- Symlinking: /home/rover/kameyama_ws/install/observation_msgs/share/observation_msgs/msg/PathEvaluation.idl
[15.448s] -- Symlinking: /home/rover/kameyama_ws/install/observation_msgs/share/observation_msgs/msg/Object.idl
[15.474s] -- Symlinking: /home/rover/kameyama_ws/install/observation_msgs/share/observation_msgs/srv/SetObjects.idl
[15.488s] -- Symlinking: /home/rover/kameyama_ws/install/observation_msgs/share/observation_msgs/srv/GetObjects.idl
[15.523s] -- Symlinking: /home/rover/kameyama_ws/install/observation_msgs/share/observation_msgs/srv/PathCheck.idl
[15.554s] -- Symlinking: /home/rover/kameyama_ws/install/observation_msgs/share/observation_msgs/msg/PathEvaluation.msg
[15.578s] -- Symlinking: /home/rover/kameyama_ws/install/observation_msgs/share/observation_msgs/msg/Object.msg
[15.603s] -- Symlinking: /home/rover/kameyama_ws/install/observation_msgs/share/observation_msgs/srv/SetObjects.srv
[15.642s] -- Symlinking: /home/rover/kameyama_ws/install/observation_msgs/share/observation_msgs/srv/SetObjects_Request.msg
[15.664s] -- Symlinking: /home/rover/kameyama_ws/install/observation_msgs/share/observation_msgs/srv/SetObjects_Response.msg
[15.690s] -- Symlinking: /home/rover/kameyama_ws/install/observation_msgs/share/observation_msgs/srv/GetObjects.srv
[15.724s] -- Symlinking: /home/rover/kameyama_ws/install/observation_msgs/share/observation_msgs/srv/GetObjects_Request.msg
[15.757s] -- Symlinking: /home/rover/kameyama_ws/install/observation_msgs/share/observation_msgs/srv/GetObjects_Response.msg
[15.792s] -- Symlinking: /home/rover/kameyama_ws/install/observation_msgs/share/observation_msgs/srv/PathCheck.srv
[15.826s] -- Symlinking: /home/rover/kameyama_ws/install/observation_msgs/share/observation_msgs/srv/PathCheck_Request.msg
[15.851s] -- Symlinking: /home/rover/kameyama_ws/install/observation_msgs/share/observation_msgs/srv/PathCheck_Response.msg
[15.876s] -- Symlinking: /home/rover/kameyama_ws/install/observation_msgs/share/ament_index/resource_index/package_run_dependencies/observation_msgs
[15.900s] -- Symlinking: /home/rover/kameyama_ws/install/observation_msgs/share/ament_index/resource_index/parent_prefix_path/observation_msgs
[15.915s] -- Symlinking: /home/rover/kameyama_ws/install/observation_msgs/share/observation_msgs/environment/ament_prefix_path.sh
[15.932s] -- Symlinking: /home/rover/kameyama_ws/install/observation_msgs/share/observation_msgs/environment/ament_prefix_path.dsv
[15.946s] -- Symlinking: /home/rover/kameyama_ws/install/observation_msgs/share/observation_msgs/environment/path.sh
[15.960s] -- Symlinking: /home/rover/kameyama_ws/install/observation_msgs/share/observation_msgs/environment/path.dsv
[15.974s] -- Symlinking: /home/rover/kameyama_ws/install/observation_msgs/share/observation_msgs/local_setup.bash
[15.987s] -- Symlinking: /home/rover/kameyama_ws/install/observation_msgs/share/observation_msgs/local_setup.sh
[15.997s] -- Symlinking: /home/rover/kameyama_ws/install/observation_msgs/share/observation_msgs/local_setup.zsh
[16.011s] -- Symlinking: /home/rover/kameyama_ws/install/observation_msgs/share/observation_msgs/local_setup.dsv
[16.022s] -- Symlinking: /home/rover/kameyama_ws/install/observation_msgs/share/observation_msgs/package.dsv
[16.034s] -- Symlinking: /home/rover/kameyama_ws/install/observation_msgs/share/ament_index/resource_index/packages/observation_msgs
[16.046s] -- Symlinking: /home/rover/kameyama_ws/install/observation_msgs/share/observation_msgs/cmake/rosidl_cmake-extras.cmake
[16.059s] -- Symlinking: /home/rover/kameyama_ws/install/observation_msgs/share/observation_msgs/cmake/ament_cmake_export_dependencies-extras.cmake
[16.075s] -- Symlinking: /home/rover/kameyama_ws/install/observation_msgs/share/observation_msgs/cmake/ament_cmake_export_include_directories-extras.cmake
[16.083s] -- Symlinking: /home/rover/kameyama_ws/install/observation_msgs/share/observation_msgs/cmake/ament_cmake_export_libraries-extras.cmake
[16.101s] -- Symlinking: /home/rover/kameyama_ws/install/observation_msgs/share/observation_msgs/cmake/ament_cmake_export_targets-extras.cmake
[16.116s] -- Symlinking: /home/rover/kameyama_ws/install/observation_msgs/share/observation_msgs/cmake/rosidl_cmake_export_typesupport_targets-extras.cmake
[16.131s] -- Symlinking: /home/rover/kameyama_ws/install/observation_msgs/share/observation_msgs/cmake/rosidl_cmake_export_typesupport_libraries-extras.cmake
[16.146s] -- Symlinking: /home/rover/kameyama_ws/install/observation_msgs/share/observation_msgs/cmake/observation_msgsConfig.cmake
[16.167s] -- Symlinking: /home/rover/kameyama_ws/install/observation_msgs/share/observation_msgs/cmake/observation_msgsConfig-version.cmake
[16.181s] -- Symlinking: /home/rover/kameyama_ws/install/observation_msgs/share/observation_msgs/package.xml
[16.195s] -- Installing: /home/rover/kameyama_ws/install/observation_msgs/lib/libobservation_msgs__rosidl_generator_c.so
[16.195s] -- Set runtime path of "/home/rover/kameyama_ws/install/observation_msgs/lib/libobservation_msgs__rosidl_generator_c.so" to ""
[16.195s] -- Installing: /home/rover/kameyama_ws/install/observation_msgs/lib/libobservation_msgs__rosidl_typesupport_fastrtps_c.so
[16.198s] -- Set runtime path of "/home/rover/kameyama_ws/install/observation_msgs/lib/libobservation_msgs__rosidl_typesupport_fastrtps_c.so" to ""
[16.198s] -- Installing: /home/rover/kameyama_ws/install/observation_msgs/lib/libobservation_msgs__rosidl_typesupport_fastrtps_cpp.so
[16.206s] -- Set runtime path of "/home/rover/kameyama_ws/install/observation_msgs/lib/libobservation_msgs__rosidl_typesupport_fastrtps_cpp.so" to ""
[16.206s] -- Installing: /home/rover/kameyama_ws/install/observation_msgs/lib/libobservation_msgs__rosidl_typesupport_introspection_c.so
[16.208s] -- Set runtime path of "/home/rover/kameyama_ws/install/observation_msgs/lib/libobservation_msgs__rosidl_typesupport_introspection_c.so" to ""
[16.208s] -- Installing: /home/rover/kameyama_ws/install/observation_msgs/lib/libobservation_msgs__rosidl_typesupport_c.so
[16.209s] -- Set runtime path of "/home/rover/kameyama_ws/install/observation_msgs/lib/libobservation_msgs__rosidl_typesupport_c.so" to ""
[16.210s] -- Installing: /home/rover/kameyama_ws/install/observation_msgs/lib/libobservation_msgs__rosidl_typesupport_introspection_cpp.so
[16.213s] -- Set runtime path of "/home/rover/kameyama_ws/install/observation_msgs/lib/libobservation_msgs__rosidl_typesupport_introspection_cpp.so" to ""
[16.213s] -- Installing: /home/rover/kameyama_ws/install/observation_msgs/lib/libobservation_msgs__rosidl_typesupport_cpp.so
[16.216s] -- Set runtime path of "/home/rover/kameyama_ws/install/observation_msgs/lib/libobservation_msgs__rosidl_typesupport_cpp.so" to ""
[16.255s] Listing '/home/rover/kameyama_ws/install/observation_msgs/local/lib/python3.10/dist-packages/observation_msgs'...
[16.255s] Compiling '/home/rover/kameyama_ws/install/observation_msgs/local/lib/python3.10/dist-packages/observation_msgs/__init__.py'...
[16.255s] Listing '/home/rover/kameyama_ws/install/observation_msgs/local/lib/python3.10/dist-packages/observation_msgs/msg'...
[16.255s] Compiling '/home/rover/kameyama_ws/install/observation_msgs/local/lib/python3.10/dist-packages/observation_msgs/msg/__init__.py'...
[16.255s] Compiling '/home/rover/kameyama_ws/install/observation_msgs/local/lib/python3.10/dist-packages/observation_msgs/msg/_object.py'...
[16.255s] Compiling '/home/rover/kameyama_ws/install/observation_msgs/local/lib/python3.10/dist-packages/observation_msgs/msg/_path_evaluation.py'...
[16.255s] Listing '/home/rover/kameyama_ws/install/observation_msgs/local/lib/python3.10/dist-packages/observation_msgs/srv'...
[16.255s] Compiling '/home/rover/kameyama_ws/install/observation_msgs/local/lib/python3.10/dist-packages/observation_msgs/srv/__init__.py'...
[16.255s] Compiling '/home/rover/kameyama_ws/install/observation_msgs/local/lib/python3.10/dist-packages/observation_msgs/srv/_get_objects.py'...
[16.255s] Compiling '/home/rover/kameyama_ws/install/observation_msgs/local/lib/python3.10/dist-packages/observation_msgs/srv/_path_check.py'...
[16.255s] Compiling '/home/rover/kameyama_ws/install/observation_msgs/local/lib/python3.10/dist-packages/observation_msgs/srv/_set_objects.py'...
[16.261s] -- Installing: /home/rover/kameyama_ws/install/observation_msgs/lib/libobservation_msgs__rosidl_generator_py.so
[16.262s] -- Set runtime path of "/home/rover/kameyama_ws/install/observation_msgs/lib/libobservation_msgs__rosidl_generator_py.so" to ""
[16.262s] -- Installing: /home/rover/kameyama_ws/install/observation_msgs/share/observation_msgs/cmake/export_observation_msgs__rosidl_generator_cExport.cmake
[16.262s] -- Installing: /home/rover/kameyama_ws/install/observation_msgs/share/observation_msgs/cmake/export_observation_msgs__rosidl_generator_cExport-noconfig.cmake
[16.262s] -- Installing: /home/rover/kameyama_ws/install/observation_msgs/share/observation_msgs/cmake/export_observation_msgs__rosidl_typesupport_fastrtps_cExport.cmake
[16.262s] -- Installing: /home/rover/kameyama_ws/install/observation_msgs/share/observation_msgs/cmake/export_observation_msgs__rosidl_typesupport_fastrtps_cExport-noconfig.cmake
[16.263s] -- Installing: /home/rover/kameyama_ws/install/observation_msgs/share/observation_msgs/cmake/export_observation_msgs__rosidl_generator_cppExport.cmake
[16.263s] -- Installing: /home/rover/kameyama_ws/install/observation_msgs/share/observation_msgs/cmake/export_observation_msgs__rosidl_typesupport_fastrtps_cppExport.cmake
[16.263s] -- Installing: /home/rover/kameyama_ws/install/observation_msgs/share/observation_msgs/cmake/export_observation_msgs__rosidl_typesupport_fastrtps_cppExport-noconfig.cmake
[16.263s] -- Installing: /home/rover/kameyama_ws/install/observation_msgs/share/observation_msgs/cmake/observation_msgs__rosidl_typesupport_introspection_cExport.cmake
[16.263s] -- Installing: /home/rover/kameyama_ws/install/observation_msgs/share/observation_msgs/cmake/observation_msgs__rosidl_typesupport_introspection_cExport-noconfig.cmake
[16.263s] -- Installing: /home/rover/kameyama_ws/install/observation_msgs/share/observation_msgs/cmake/observation_msgs__rosidl_typesupport_cExport.cmake
[16.263s] -- Installing: /home/rover/kameyama_ws/install/observation_msgs/share/observation_msgs/cmake/observation_msgs__rosidl_typesupport_cExport-noconfig.cmake
[16.263s] -- Installing: /home/rover/kameyama_ws/install/observation_msgs/share/observation_msgs/cmake/observation_msgs__rosidl_typesupport_introspection_cppExport.cmake
[16.263s] -- Installing: /home/rover/kameyama_ws/install/observation_msgs/share/observation_msgs/cmake/observation_msgs__rosidl_typesupport_introspection_cppExport-noconfig.cmake
[16.264s] -- Installing: /home/rover/kameyama_ws/install/observation_msgs/share/observation_msgs/cmake/observation_msgs__rosidl_typesupport_cppExport.cmake
[16.264s] -- Installing: /home/rover/kameyama_ws/install/observation_msgs/share/observation_msgs/cmake/observation_msgs__rosidl_typesupport_cppExport-noconfig.cmake
[16.264s] -- Installing: /home/rover/kameyama_ws/install/observation_msgs/share/observation_msgs/cmake/export_observation_msgs__rosidl_generator_pyExport.cmake
[16.264s] -- Installing: /home/rover/kameyama_ws/install/observation_msgs/share/observation_msgs/cmake/export_observation_msgs__rosidl_generator_pyExport-noconfig.cmake
[16.268s] Invoked command in '/home/rover/kameyama_ws/build/observation_msgs' returned '0': CMAKE_PREFIX_PATH=${CMAKE_PREFIX_PATH}:/home/rover/amir_basic_ws/install/nav2_simple_commander:/home/rover/amir_basic_ws/install/camera_calibration:/opt/ros/humble /usr/bin/cmake --install /home/rover/kameyama_ws/build/observation_msgs
