-- The C compiler identification is GNU 11.4.0
-- The CXX compiler identification is GNU 11.4.0
-- Detecting C compiler ABI info
-- Detecting C compiler ABI info - done
-- Check for working C compiler: /usr/bin/cc - skipped
-- Detecting C compile features
-- Detecting C compile features - done
-- Detecting CXX compiler ABI info
-- Detecting CXX compiler ABI info - done
-- Check for working CXX compiler: /usr/bin/c++ - skipped
-- Detecting CXX compile features
-- Detecting CXX compile features - done
-- Found ament_cmake: 1.3.11 (/opt/ros/humble/share/ament_cmake/cmake)
-- Found Python3: /usr/bin/python3 (found version "3.10.12") found components: Interpreter 
-- Override CMake install command with custom implementation using symlinks instead of copying resources
-- Found rclcpp: 16.0.11 (/opt/ros/humble/share/rclcpp/cmake)
-- Found rosidl_generator_c: 3.1.6 (/opt/ros/humble/share/rosidl_generator_c/cmake)
-- Found rosidl_adapter: 3.1.6 (/opt/ros/humble/share/rosidl_adapter/cmake)
-- Found rosidl_generator_cpp: 3.1.6 (/opt/ros/humble/share/rosidl_generator_cpp/cmake)
-- Using all available rosidl_typesupport_c: rosidl_typesupport_fastrtps_c;rosidl_typesupport_introspection_c
-- Using all available rosidl_typesupport_cpp: rosidl_typesupport_fastrtps_cpp;rosidl_typesupport_introspection_cpp
-- Found rmw_implementation_cmake: 6.1.2 (/opt/ros/humble/share/rmw_implementation_cmake/cmake)
-- Found rmw_fastrtps_cpp: 6.2.7 (/opt/ros/humble/share/rmw_fastrtps_cpp/cmake)
-- Found OpenSSL: /usr/lib/x86_64-linux-gnu/libcrypto.so (found version "3.0.2")  
-- Found FastRTPS: /opt/ros/humble/include  
-- Using RMW implementation 'rmw_fastrtps_cpp' as default
-- Looking for pthread.h
-- Looking for pthread.h - found
-- Performing Test CMAKE_HAVE_LIBC_PTHREAD
-- Performing Test CMAKE_HAVE_LIBC_PTHREAD - Success
-- Found Threads: TRUE  
-- Found geometry_msgs: 4.2.4 (/opt/ros/humble/share/geometry_msgs/cmake)
-- Found rosidl_default_generators: 1.2.0 (/opt/ros/humble/share/rosidl_default_generators/cmake)
-- Found ament_cmake_ros: 0.10.0 (/opt/ros/humble/share/ament_cmake_ros/cmake)
-- Using all available rosidl_typesupport_c: rosidl_typesupport_fastrtps_c;rosidl_typesupport_introspection_c
-- Using all available rosidl_typesupport_cpp: rosidl_typesupport_fastrtps_cpp;rosidl_typesupport_introspection_cpp
-- Found PythonInterp: /usr/bin/python3 (found suitable version "3.10.12", minimum required is "3.6") 
-- Found python_cmake_module: 0.10.0 (/opt/ros/humble/share/python_cmake_module/cmake)
-- Found PythonLibs: /usr/lib/x86_64-linux-gnu/libpython3.10.so (found suitable version "3.10.12", minimum required is "3.5") 
-- Using PYTHON_EXECUTABLE: /usr/bin/python3
-- Using PYTHON_INCLUDE_DIRS: /usr/include/python3.10
-- Using PYTHON_LIBRARIES: /usr/lib/x86_64-linux-gnu/libpython3.10.so
-- Found PythonExtra: .so  
-- Found ament_lint_auto: 0.12.11 (/opt/ros/humble/share/ament_lint_auto/cmake)
-- Added test 'lint_cmake' to check CMake code style
-- Added test 'xmllint' to check XML markup files
-- Configuring done
-- Generating done
-- Build files have been written to: /home/rover/kameyama_ws/build/bebop_msgs
[  3%] [34m[1mGenerating C code for ROS interfaces[0m
[  6%] [34m[1mGenerating C++ code for ROS interfaces[0m
[  6%] Built target ament_cmake_python_symlink_bebop_msgs
[  6%] Built target bebop_msgs__cpp
[  9%] [34m[1mGenerating C++ type support for eProsima Fast-RTPS[0m
[ 12%] [34m[1mGenerating C++ type support dispatch for ROS interfaces[0m
[ 16%] [34m[1mGenerating C++ introspection for ROS interfaces[0m
[ 19%] [32mBuilding C object CMakeFiles/bebop_msgs__rosidl_generator_c.dir/rosidl_generator_c/bebop_msgs/msg/detail/box_corner__functions.c.o[0m
[ 22%] [32m[1mLinking C shared library libbebop_msgs__rosidl_generator_c.so[0m
[ 22%] Built target bebop_msgs__rosidl_generator_c
[ 25%] [34m[1mGenerating C type support for eProsima Fast-RTPS[0m
[ 29%] [34m[1mGenerating C type support dispatch for ROS interfaces[0m
[ 32%] [34m[1mGenerating C introspection for ROS interfaces[0m
running egg_info
creating bebop_msgs.egg-info
[ 35%] [32mBuilding CXX object CMakeFiles/bebop_msgs__rosidl_typesupport_cpp.dir/rosidl_typesupport_cpp/bebop_msgs/msg/box_corner__type_support.cpp.o[0m
[ 38%] [32mBuilding CXX object CMakeFiles/bebop_msgs__rosidl_typesupport_introspection_cpp.dir/rosidl_typesupport_introspection_cpp/bebop_msgs/msg/detail/box_corner__type_support.cpp.o[0m
writing bebop_msgs.egg-info/PKG-INFO
[ 41%] [32mBuilding CXX object CMakeFiles/bebop_msgs__rosidl_typesupport_fastrtps_cpp.dir/rosidl_typesupport_fastrtps_cpp/bebop_msgs/msg/detail/dds_fastrtps/box_corner__type_support.cpp.o[0m
writing dependency_links to bebop_msgs.egg-info/dependency_links.txt
[ 45%] [32mBuilding CXX object CMakeFiles/bebop_msgs__rosidl_typesupport_fastrtps_c.dir/rosidl_typesupport_fastrtps_c/bebop_msgs/msg/detail/box_corner__type_support_c.cpp.o[0m
[ 48%] [32mBuilding CXX object CMakeFiles/bebop_msgs__rosidl_typesupport_c.dir/rosidl_typesupport_c/bebop_msgs/msg/box_corner__type_support.cpp.o[0m
[ 51%] [32mBuilding C object CMakeFiles/bebop_msgs__rosidl_typesupport_introspection_c.dir/rosidl_typesupport_introspection_c/bebop_msgs/msg/detail/box_corner__type_support.c.o[0m
[ 54%] [32m[1mLinking CXX shared library libbebop_msgs__rosidl_typesupport_c.so[0m
[ 58%] [32m[1mLinking CXX shared library libbebop_msgs__rosidl_typesupport_cpp.so[0m
[ 61%] [32m[1mLinking C shared library libbebop_msgs__rosidl_typesupport_introspection_c.so[0m
[ 61%] Built target bebop_msgs__rosidl_typesupport_c
[ 64%] [32m[1mLinking CXX shared library libbebop_msgs__rosidl_typesupport_introspection_cpp.so[0m
[ 64%] Built target bebop_msgs__rosidl_typesupport_introspection_c
writing top-level names to bebop_msgs.egg-info/top_level.txt
writing manifest file 'bebop_msgs.egg-info/SOURCES.txt'
[ 64%] Built target bebop_msgs__rosidl_typesupport_cpp
[ 67%] [32m[1mLinking CXX shared library libbebop_msgs__rosidl_typesupport_fastrtps_cpp.so[0m
[ 67%] Built target bebop_msgs__rosidl_typesupport_introspection_cpp
reading manifest file 'bebop_msgs.egg-info/SOURCES.txt'
writing manifest file 'bebop_msgs.egg-info/SOURCES.txt'
[ 67%] Built target bebop_msgs__rosidl_typesupport_fastrtps_cpp
[ 70%] [32m[1mLinking CXX shared library libbebop_msgs__rosidl_typesupport_fastrtps_c.so[0m
[ 70%] Built target ament_cmake_python_build_bebop_msgs_egg
[ 70%] Built target bebop_msgs__rosidl_typesupport_fastrtps_c
[ 70%] Built target bebop_msgs
[ 74%] [34m[1mGenerating Python code for ROS interfaces[0m
[ 74%] Built target bebop_msgs__py
[ 77%] [32mBuilding C object CMakeFiles/bebop_msgs__rosidl_generator_py.dir/rosidl_generator_py/bebop_msgs/msg/_box_corner_s.c.o[0m
[ 80%] [32m[1mLinking C shared library rosidl_generator_py/bebop_msgs/libbebop_msgs__rosidl_generator_py.so[0m
[ 80%] Built target bebop_msgs__rosidl_generator_py
[ 83%] [32mBuilding C object CMakeFiles/bebop_msgs__rosidl_typesupport_fastrtps_c__pyext.dir/rosidl_generator_py/bebop_msgs/_bebop_msgs_s.ep.rosidl_typesupport_fastrtps_c.c.o[0m
[ 87%] [32mBuilding C object CMakeFiles/bebop_msgs__rosidl_typesupport_introspection_c__pyext.dir/rosidl_generator_py/bebop_msgs/_bebop_msgs_s.ep.rosidl_typesupport_introspection_c.c.o[0m
[ 90%] [32mBuilding C object CMakeFiles/bebop_msgs__rosidl_typesupport_c__pyext.dir/rosidl_generator_py/bebop_msgs/_bebop_msgs_s.ep.rosidl_typesupport_c.c.o[0m
[ 93%] [32m[1mLinking C shared library rosidl_generator_py/bebop_msgs/bebop_msgs_s__rosidl_typesupport_fastrtps_c.cpython-310-x86_64-linux-gnu.so[0m
[ 96%] [32m[1mLinking C shared library rosidl_generator_py/bebop_msgs/bebop_msgs_s__rosidl_typesupport_c.cpython-310-x86_64-linux-gnu.so[0m
[100%] [32m[1mLinking C shared library rosidl_generator_py/bebop_msgs/bebop_msgs_s__rosidl_typesupport_introspection_c.cpython-310-x86_64-linux-gnu.so[0m
[100%] Built target bebop_msgs__rosidl_typesupport_fastrtps_c__pyext
[100%] Built target bebop_msgs__rosidl_typesupport_introspection_c__pyext
[100%] Built target bebop_msgs__rosidl_typesupport_c__pyext
-- Install configuration: ""
-- Execute custom install script
-- Symlinking: /home/rover/kameyama_ws/install/bebop_msgs/share/ament_index/resource_index/rosidl_interfaces/bebop_msgs
-- Symlinking: /home/rover/kameyama_ws/install/bebop_msgs/include/bebop_msgs/bebop_msgs/msg/box_corner.h
-- Symlinking: /home/rover/kameyama_ws/install/bebop_msgs/include/bebop_msgs/bebop_msgs/msg/detail/box_corner__functions.h
-- Symlinking: /home/rover/kameyama_ws/install/bebop_msgs/include/bebop_msgs/bebop_msgs/msg/detail/box_corner__struct.h
-- Symlinking: /home/rover/kameyama_ws/install/bebop_msgs/include/bebop_msgs/bebop_msgs/msg/detail/box_corner__type_support.h
-- Symlinking: /home/rover/kameyama_ws/install/bebop_msgs/include/bebop_msgs/bebop_msgs/msg/rosidl_generator_c__visibility_control.h
-- Symlinking: /home/rover/kameyama_ws/install/bebop_msgs/share/bebop_msgs/environment/library_path.sh
-- Symlinking: /home/rover/kameyama_ws/install/bebop_msgs/share/bebop_msgs/environment/library_path.dsv
-- Symlinking: /home/rover/kameyama_ws/install/bebop_msgs/include/bebop_msgs/bebop_msgs/msg/detail/box_corner__rosidl_typesupport_fastrtps_c.h
-- Symlinking: /home/rover/kameyama_ws/install/bebop_msgs/include/bebop_msgs/bebop_msgs/msg/rosidl_typesupport_fastrtps_c__visibility_control.h
-- Symlinking: /home/rover/kameyama_ws/install/bebop_msgs/include/bebop_msgs/bebop_msgs/msg/box_corner.hpp
-- Symlinking: /home/rover/kameyama_ws/install/bebop_msgs/include/bebop_msgs/bebop_msgs/msg/detail/box_corner__builder.hpp
-- Symlinking: /home/rover/kameyama_ws/install/bebop_msgs/include/bebop_msgs/bebop_msgs/msg/detail/box_corner__struct.hpp
-- Symlinking: /home/rover/kameyama_ws/install/bebop_msgs/include/bebop_msgs/bebop_msgs/msg/detail/box_corner__traits.hpp
-- Symlinking: /home/rover/kameyama_ws/install/bebop_msgs/include/bebop_msgs/bebop_msgs/msg/detail/box_corner__type_support.hpp
-- Symlinking: /home/rover/kameyama_ws/install/bebop_msgs/include/bebop_msgs/bebop_msgs/msg/rosidl_generator_cpp__visibility_control.hpp
-- Symlinking: /home/rover/kameyama_ws/install/bebop_msgs/include/bebop_msgs/bebop_msgs/msg/detail/box_corner__rosidl_typesupport_fastrtps_cpp.hpp
-- Symlinking: /home/rover/kameyama_ws/install/bebop_msgs/include/bebop_msgs/bebop_msgs/msg/rosidl_typesupport_fastrtps_cpp__visibility_control.h
-- Symlinking: /home/rover/kameyama_ws/install/bebop_msgs/include/bebop_msgs/bebop_msgs/msg/detail/box_corner__rosidl_typesupport_introspection_c.h
-- Symlinking: /home/rover/kameyama_ws/install/bebop_msgs/include/bebop_msgs/bebop_msgs/msg/rosidl_typesupport_introspection_c__visibility_control.h
-- Symlinking: /home/rover/kameyama_ws/install/bebop_msgs/include/bebop_msgs/bebop_msgs/msg/detail/box_corner__rosidl_typesupport_introspection_cpp.hpp
-- Symlinking: /home/rover/kameyama_ws/install/bebop_msgs/share/bebop_msgs/environment/pythonpath.sh
-- Symlinking: /home/rover/kameyama_ws/install/bebop_msgs/share/bebop_msgs/environment/pythonpath.dsv
-- Symlinking: /home/rover/kameyama_ws/install/bebop_msgs/local/lib/python3.10/dist-packages/bebop_msgs-0.0.0-py3.10.egg-info/PKG-INFO
-- Symlinking: /home/rover/kameyama_ws/install/bebop_msgs/local/lib/python3.10/dist-packages/bebop_msgs-0.0.0-py3.10.egg-info/SOURCES.txt
-- Symlinking: /home/rover/kameyama_ws/install/bebop_msgs/local/lib/python3.10/dist-packages/bebop_msgs-0.0.0-py3.10.egg-info/dependency_links.txt
-- Symlinking: /home/rover/kameyama_ws/install/bebop_msgs/local/lib/python3.10/dist-packages/bebop_msgs-0.0.0-py3.10.egg-info/top_level.txt
-- Symlinking: /home/rover/kameyama_ws/install/bebop_msgs/local/lib/python3.10/dist-packages/bebop_msgs/__init__.py
-- Symlinking: /home/rover/kameyama_ws/install/bebop_msgs/local/lib/python3.10/dist-packages/bebop_msgs/_bebop_msgs_s.ep.rosidl_typesupport_c.c
-- Symlinking: /home/rover/kameyama_ws/install/bebop_msgs/local/lib/python3.10/dist-packages/bebop_msgs/_bebop_msgs_s.ep.rosidl_typesupport_fastrtps_c.c
-- Symlinking: /home/rover/kameyama_ws/install/bebop_msgs/local/lib/python3.10/dist-packages/bebop_msgs/_bebop_msgs_s.ep.rosidl_typesupport_introspection_c.c
-- Symlinking: /home/rover/kameyama_ws/install/bebop_msgs/local/lib/python3.10/dist-packages/bebop_msgs/bebop_msgs_s__rosidl_typesupport_c.cpython-310-x86_64-linux-gnu.so
-- Symlinking: /home/rover/kameyama_ws/install/bebop_msgs/local/lib/python3.10/dist-packages/bebop_msgs/bebop_msgs_s__rosidl_typesupport_fastrtps_c.cpython-310-x86_64-linux-gnu.so
-- Symlinking: /home/rover/kameyama_ws/install/bebop_msgs/local/lib/python3.10/dist-packages/bebop_msgs/bebop_msgs_s__rosidl_typesupport_introspection_c.cpython-310-x86_64-linux-gnu.so
-- Symlinking: /home/rover/kameyama_ws/install/bebop_msgs/local/lib/python3.10/dist-packages/bebop_msgs/libbebop_msgs__rosidl_generator_py.so
-- Symlinking: /home/rover/kameyama_ws/install/bebop_msgs/local/lib/python3.10/dist-packages/bebop_msgs/msg/__init__.py
-- Symlinking: /home/rover/kameyama_ws/install/bebop_msgs/local/lib/python3.10/dist-packages/bebop_msgs/msg/_box_corner.py
-- Symlinking: /home/rover/kameyama_ws/install/bebop_msgs/local/lib/python3.10/dist-packages/bebop_msgs/msg/_box_corner_s.c
-- Up-to-date symlink: /home/rover/kameyama_ws/install/bebop_msgs/local/lib/python3.10/dist-packages/bebop_msgs/bebop_msgs_s__rosidl_typesupport_fastrtps_c.cpython-310-x86_64-linux-gnu.so
-- Up-to-date symlink: /home/rover/kameyama_ws/install/bebop_msgs/local/lib/python3.10/dist-packages/bebop_msgs/bebop_msgs_s__rosidl_typesupport_introspection_c.cpython-310-x86_64-linux-gnu.so
-- Up-to-date symlink: /home/rover/kameyama_ws/install/bebop_msgs/local/lib/python3.10/dist-packages/bebop_msgs/bebop_msgs_s__rosidl_typesupport_c.cpython-310-x86_64-linux-gnu.so
-- Symlinking: /home/rover/kameyama_ws/install/bebop_msgs/share/bebop_msgs/msg/BoxCorner.idl
-- Symlinking: /home/rover/kameyama_ws/install/bebop_msgs/share/bebop_msgs/msg/BoxCorner.msg
-- Symlinking: /home/rover/kameyama_ws/install/bebop_msgs/share/ament_index/resource_index/package_run_dependencies/bebop_msgs
-- Symlinking: /home/rover/kameyama_ws/install/bebop_msgs/share/ament_index/resource_index/parent_prefix_path/bebop_msgs
-- Symlinking: /home/rover/kameyama_ws/install/bebop_msgs/share/bebop_msgs/environment/ament_prefix_path.sh
-- Symlinking: /home/rover/kameyama_ws/install/bebop_msgs/share/bebop_msgs/environment/ament_prefix_path.dsv
-- Symlinking: /home/rover/kameyama_ws/install/bebop_msgs/share/bebop_msgs/environment/path.sh
-- Symlinking: /home/rover/kameyama_ws/install/bebop_msgs/share/bebop_msgs/environment/path.dsv
-- Symlinking: /home/rover/kameyama_ws/install/bebop_msgs/share/bebop_msgs/local_setup.bash
-- Symlinking: /home/rover/kameyama_ws/install/bebop_msgs/share/bebop_msgs/local_setup.sh
-- Symlinking: /home/rover/kameyama_ws/install/bebop_msgs/share/bebop_msgs/local_setup.zsh
-- Symlinking: /home/rover/kameyama_ws/install/bebop_msgs/share/bebop_msgs/local_setup.dsv
-- Symlinking: /home/rover/kameyama_ws/install/bebop_msgs/share/bebop_msgs/package.dsv
-- Symlinking: /home/rover/kameyama_ws/install/bebop_msgs/share/ament_index/resource_index/packages/bebop_msgs
-- Symlinking: /home/rover/kameyama_ws/install/bebop_msgs/share/bebop_msgs/cmake/rosidl_cmake-extras.cmake
-- Symlinking: /home/rover/kameyama_ws/install/bebop_msgs/share/bebop_msgs/cmake/ament_cmake_export_dependencies-extras.cmake
-- Symlinking: /home/rover/kameyama_ws/install/bebop_msgs/share/bebop_msgs/cmake/ament_cmake_export_include_directories-extras.cmake
-- Symlinking: /home/rover/kameyama_ws/install/bebop_msgs/share/bebop_msgs/cmake/ament_cmake_export_libraries-extras.cmake
-- Symlinking: /home/rover/kameyama_ws/install/bebop_msgs/share/bebop_msgs/cmake/ament_cmake_export_targets-extras.cmake
-- Symlinking: /home/rover/kameyama_ws/install/bebop_msgs/share/bebop_msgs/cmake/rosidl_cmake_export_typesupport_targets-extras.cmake
-- Symlinking: /home/rover/kameyama_ws/install/bebop_msgs/share/bebop_msgs/cmake/rosidl_cmake_export_typesupport_libraries-extras.cmake
-- Symlinking: /home/rover/kameyama_ws/install/bebop_msgs/share/bebop_msgs/cmake/bebop_msgsConfig.cmake
-- Symlinking: /home/rover/kameyama_ws/install/bebop_msgs/share/bebop_msgs/cmake/bebop_msgsConfig-version.cmake
-- Symlinking: /home/rover/kameyama_ws/install/bebop_msgs/share/bebop_msgs/package.xml
-- Installing: /home/rover/kameyama_ws/install/bebop_msgs/lib/libbebop_msgs__rosidl_generator_c.so
-- Set runtime path of "/home/rover/kameyama_ws/install/bebop_msgs/lib/libbebop_msgs__rosidl_generator_c.so" to ""
-- Installing: /home/rover/kameyama_ws/install/bebop_msgs/lib/libbebop_msgs__rosidl_typesupport_fastrtps_c.so
-- Set runtime path of "/home/rover/kameyama_ws/install/bebop_msgs/lib/libbebop_msgs__rosidl_typesupport_fastrtps_c.so" to ""
-- Installing: /home/rover/kameyama_ws/install/bebop_msgs/lib/libbebop_msgs__rosidl_typesupport_fastrtps_cpp.so
-- Set runtime path of "/home/rover/kameyama_ws/install/bebop_msgs/lib/libbebop_msgs__rosidl_typesupport_fastrtps_cpp.so" to ""
-- Installing: /home/rover/kameyama_ws/install/bebop_msgs/lib/libbebop_msgs__rosidl_typesupport_introspection_c.so
-- Set runtime path of "/home/rover/kameyama_ws/install/bebop_msgs/lib/libbebop_msgs__rosidl_typesupport_introspection_c.so" to ""
-- Installing: /home/rover/kameyama_ws/install/bebop_msgs/lib/libbebop_msgs__rosidl_typesupport_c.so
-- Set runtime path of "/home/rover/kameyama_ws/install/bebop_msgs/lib/libbebop_msgs__rosidl_typesupport_c.so" to ""
-- Installing: /home/rover/kameyama_ws/install/bebop_msgs/lib/libbebop_msgs__rosidl_typesupport_introspection_cpp.so
-- Set runtime path of "/home/rover/kameyama_ws/install/bebop_msgs/lib/libbebop_msgs__rosidl_typesupport_introspection_cpp.so" to ""
-- Installing: /home/rover/kameyama_ws/install/bebop_msgs/lib/libbebop_msgs__rosidl_typesupport_cpp.so
-- Set runtime path of "/home/rover/kameyama_ws/install/bebop_msgs/lib/libbebop_msgs__rosidl_typesupport_cpp.so" to ""
Listing '/home/rover/kameyama_ws/install/bebop_msgs/local/lib/python3.10/dist-packages/bebop_msgs'...
Compiling '/home/rover/kameyama_ws/install/bebop_msgs/local/lib/python3.10/dist-packages/bebop_msgs/__init__.py'...
Listing '/home/rover/kameyama_ws/install/bebop_msgs/local/lib/python3.10/dist-packages/bebop_msgs/msg'...
Compiling '/home/rover/kameyama_ws/install/bebop_msgs/local/lib/python3.10/dist-packages/bebop_msgs/msg/__init__.py'...
Compiling '/home/rover/kameyama_ws/install/bebop_msgs/local/lib/python3.10/dist-packages/bebop_msgs/msg/_box_corner.py'...
-- Installing: /home/rover/kameyama_ws/install/bebop_msgs/lib/libbebop_msgs__rosidl_generator_py.so
-- Set runtime path of "/home/rover/kameyama_ws/install/bebop_msgs/lib/libbebop_msgs__rosidl_generator_py.so" to ""
-- Installing: /home/rover/kameyama_ws/install/bebop_msgs/share/bebop_msgs/cmake/export_bebop_msgs__rosidl_generator_cExport.cmake
-- Installing: /home/rover/kameyama_ws/install/bebop_msgs/share/bebop_msgs/cmake/export_bebop_msgs__rosidl_generator_cExport-noconfig.cmake
-- Installing: /home/rover/kameyama_ws/install/bebop_msgs/share/bebop_msgs/cmake/export_bebop_msgs__rosidl_typesupport_fastrtps_cExport.cmake
-- Installing: /home/rover/kameyama_ws/install/bebop_msgs/share/bebop_msgs/cmake/export_bebop_msgs__rosidl_typesupport_fastrtps_cExport-noconfig.cmake
-- Installing: /home/rover/kameyama_ws/install/bebop_msgs/share/bebop_msgs/cmake/export_bebop_msgs__rosidl_generator_cppExport.cmake
-- Installing: /home/rover/kameyama_ws/install/bebop_msgs/share/bebop_msgs/cmake/export_bebop_msgs__rosidl_typesupport_fastrtps_cppExport.cmake
-- Installing: /home/rover/kameyama_ws/install/bebop_msgs/share/bebop_msgs/cmake/export_bebop_msgs__rosidl_typesupport_fastrtps_cppExport-noconfig.cmake
-- Installing: /home/rover/kameyama_ws/install/bebop_msgs/share/bebop_msgs/cmake/bebop_msgs__rosidl_typesupport_introspection_cExport.cmake
-- Installing: /home/rover/kameyama_ws/install/bebop_msgs/share/bebop_msgs/cmake/bebop_msgs__rosidl_typesupport_introspection_cExport-noconfig.cmake
-- Installing: /home/rover/kameyama_ws/install/bebop_msgs/share/bebop_msgs/cmake/bebop_msgs__rosidl_typesupport_cExport.cmake
-- Installing: /home/rover/kameyama_ws/install/bebop_msgs/share/bebop_msgs/cmake/bebop_msgs__rosidl_typesupport_cExport-noconfig.cmake
-- Installing: /home/rover/kameyama_ws/install/bebop_msgs/share/bebop_msgs/cmake/bebop_msgs__rosidl_typesupport_introspection_cppExport.cmake
-- Installing: /home/rover/kameyama_ws/install/bebop_msgs/share/bebop_msgs/cmake/bebop_msgs__rosidl_typesupport_introspection_cppExport-noconfig.cmake
-- Installing: /home/rover/kameyama_ws/install/bebop_msgs/share/bebop_msgs/cmake/bebop_msgs__rosidl_typesupport_cppExport.cmake
-- Installing: /home/rover/kameyama_ws/install/bebop_msgs/share/bebop_msgs/cmake/bebop_msgs__rosidl_typesupport_cppExport-noconfig.cmake
-- Installing: /home/rover/kameyama_ws/install/bebop_msgs/share/bebop_msgs/cmake/export_bebop_msgs__rosidl_generator_pyExport.cmake
-- Installing: /home/rover/kameyama_ws/install/bebop_msgs/share/bebop_msgs/cmake/export_bebop_msgs__rosidl_generator_pyExport-noconfig.cmake
