[0.046s] Invoking command in '/home/rover/kameyama_ws/build/bebop_msgs': CMAKE_PREFIX_PATH=${CMAKE_PREFIX_PATH}:/home/rover/amir_basic_ws/install/nav2_simple_commander:/home/rover/amir_basic_ws/install/camera_calibration:/opt/ros/humble /usr/bin/cmake /home/rover/kameyama_ws/src/bebop_msgs -DAMENT_CMAKE_SYMLINK_INSTALL=1 -DCMAKE_INSTALL_PREFIX=/home/rover/kameyama_ws/install/bebop_msgs
[0.717s] -- The C compiler identification is GNU 11.4.0
[0.718s] -- The CXX compiler identification is GNU 11.4.0
[0.718s] -- Detecting C compiler ABI info
[0.718s] -- Detecting C compiler ABI info - done
[0.718s] -- Check for working C compiler: /usr/bin/cc - skipped
[0.718s] -- Detecting C compile features
[0.718s] -- Detecting C compile features - done
[0.718s] -- Detecting CXX compiler ABI info
[0.718s] -- Detecting CXX compiler ABI info - done
[0.718s] -- Check for working CXX compiler: /usr/bin/c++ - skipped
[0.718s] -- Detecting CXX compile features
[0.718s] -- Detecting CXX compile features - done
[0.718s] -- Found ament_cmake: 1.3.11 (/opt/ros/humble/share/ament_cmake/cmake)
[1.097s] -- Found Python3: /usr/bin/python3 (found version "3.10.12") found components: Interpreter 
[1.162s] -- Override CMake install command with custom implementation using symlinks instead of copying resources
[1.269s] -- Found rclcpp: 16.0.11 (/opt/ros/humble/share/rclcpp/cmake)
[1.374s] -- Found rosidl_generator_c: 3.1.6 (/opt/ros/humble/share/rosidl_generator_c/cmake)
[1.390s] -- Found rosidl_adapter: 3.1.6 (/opt/ros/humble/share/rosidl_adapter/cmake)
[1.410s] -- Found rosidl_generator_cpp: 3.1.6 (/opt/ros/humble/share/rosidl_generator_cpp/cmake)
[1.435s] -- Using all available rosidl_typesupport_c: rosidl_typesupport_fastrtps_c;rosidl_typesupport_introspection_c
[1.467s] -- Using all available rosidl_typesupport_cpp: rosidl_typesupport_fastrtps_cpp;rosidl_typesupport_introspection_cpp
[1.611s] -- Found rmw_implementation_cmake: 6.1.2 (/opt/ros/humble/share/rmw_implementation_cmake/cmake)
[1.636s] -- Found rmw_fastrtps_cpp: 6.2.7 (/opt/ros/humble/share/rmw_fastrtps_cpp/cmake)
[1.841s] -- Found OpenSSL: /usr/lib/x86_64-linux-gnu/libcrypto.so (found version "3.0.2")  
[1.890s] -- Found FastRTPS: /opt/ros/humble/include  
[1.968s] -- Using RMW implementation 'rmw_fastrtps_cpp' as default
[2.003s] -- Looking for pthread.h
[2.145s] -- Looking for pthread.h - found
[2.147s] -- Performing Test CMAKE_HAVE_LIBC_PTHREAD
[2.290s] -- Performing Test CMAKE_HAVE_LIBC_PTHREAD - Success
[2.290s] -- Found Threads: TRUE  
[2.371s] -- Found geometry_msgs: 4.2.4 (/opt/ros/humble/share/geometry_msgs/cmake)
[2.385s] -- Found rosidl_default_generators: 1.2.0 (/opt/ros/humble/share/rosidl_default_generators/cmake)
[2.790s] -- Found ament_cmake_ros: 0.10.0 (/opt/ros/humble/share/ament_cmake_ros/cmake)
[3.393s] -- Using all available rosidl_typesupport_c: rosidl_typesupport_fastrtps_c;rosidl_typesupport_introspection_c
[3.636s] -- Using all available rosidl_typesupport_cpp: rosidl_typesupport_fastrtps_cpp;rosidl_typesupport_introspection_cpp
[3.714s] -- Found PythonInterp: /usr/bin/python3 (found suitable version "3.10.12", minimum required is "3.6") 
[3.735s] -- Found python_cmake_module: 0.10.0 (/opt/ros/humble/share/python_cmake_module/cmake)
[3.789s] -- Found PythonLibs: /usr/lib/x86_64-linux-gnu/libpython3.10.so (found suitable version "3.10.12", minimum required is "3.5") 
[3.789s] -- Using PYTHON_EXECUTABLE: /usr/bin/python3
[3.789s] -- Using PYTHON_INCLUDE_DIRS: /usr/include/python3.10
[3.789s] -- Using PYTHON_LIBRARIES: /usr/lib/x86_64-linux-gnu/libpython3.10.so
[3.863s] -- Found PythonExtra: .so  
[4.114s] -- Found ament_lint_auto: 0.12.11 (/opt/ros/humble/share/ament_lint_auto/cmake)
[4.317s] -- Added test 'lint_cmake' to check CMake code style
[4.318s] -- Added test 'xmllint' to check XML markup files
[4.341s] -- Configuring done
[4.451s] -- Generating done
[4.471s] -- Build files have been written to: /home/rover/kameyama_ws/build/bebop_msgs
[4.555s] Invoked command in '/home/rover/kameyama_ws/build/bebop_msgs' returned '0': CMAKE_PREFIX_PATH=${CMAKE_PREFIX_PATH}:/home/rover/amir_basic_ws/install/nav2_simple_commander:/home/rover/amir_basic_ws/install/camera_calibration:/opt/ros/humble /usr/bin/cmake /home/rover/kameyama_ws/src/bebop_msgs -DAMENT_CMAKE_SYMLINK_INSTALL=1 -DCMAKE_INSTALL_PREFIX=/home/rover/kameyama_ws/install/bebop_msgs
[4.560s] Invoking command in '/home/rover/kameyama_ws/build/bebop_msgs': CMAKE_PREFIX_PATH=${CMAKE_PREFIX_PATH}:/home/rover/amir_basic_ws/install/nav2_simple_commander:/home/rover/amir_basic_ws/install/camera_calibration:/opt/ros/humble /usr/bin/cmake --build /home/rover/kameyama_ws/build/bebop_msgs -- -j12 -l12
[8.568s] [  3%] [34m[1mGenerating C code for ROS interfaces[0m
[8.568s] [  6%] [34m[1mGenerating C++ code for ROS interfaces[0m
[8.568s] [  6%] Built target ament_cmake_python_symlink_bebop_msgs
[8.568s] [  6%] Built target bebop_msgs__cpp
[8.568s] [  9%] [34m[1mGenerating C++ type support for eProsima Fast-RTPS[0m
[8.568s] [ 12%] [34m[1mGenerating C++ type support dispatch for ROS interfaces[0m
[8.568s] [ 16%] [34m[1mGenerating C++ introspection for ROS interfaces[0m
[8.568s] [ 19%] [32mBuilding C object CMakeFiles/bebop_msgs__rosidl_generator_c.dir/rosidl_generator_c/bebop_msgs/msg/detail/box_corner__functions.c.o[0m
[8.568s] [ 22%] [32m[1mLinking C shared library libbebop_msgs__rosidl_generator_c.so[0m
[8.568s] [ 22%] Built target bebop_msgs__rosidl_generator_c
[8.568s] [ 25%] [34m[1mGenerating C type support for eProsima Fast-RTPS[0m
[8.568s] [ 29%] [34m[1mGenerating C type support dispatch for ROS interfaces[0m
[8.568s] [ 32%] [34m[1mGenerating C introspection for ROS interfaces[0m
[8.568s] running egg_info
[8.568s] creating bebop_msgs.egg-info
[8.568s] [ 35%] [32mBuilding CXX object CMakeFiles/bebop_msgs__rosidl_typesupport_cpp.dir/rosidl_typesupport_cpp/bebop_msgs/msg/box_corner__type_support.cpp.o[0m
[8.568s] [ 38%] [32mBuilding CXX object CMakeFiles/bebop_msgs__rosidl_typesupport_introspection_cpp.dir/rosidl_typesupport_introspection_cpp/bebop_msgs/msg/detail/box_corner__type_support.cpp.o[0m
[8.568s] writing bebop_msgs.egg-info/PKG-INFO
[8.568s] [ 41%] [32mBuilding CXX object CMakeFiles/bebop_msgs__rosidl_typesupport_fastrtps_cpp.dir/rosidl_typesupport_fastrtps_cpp/bebop_msgs/msg/detail/dds_fastrtps/box_corner__type_support.cpp.o[0m
[8.568s] writing dependency_links to bebop_msgs.egg-info/dependency_links.txt
[8.568s] [ 45%] [32mBuilding CXX object CMakeFiles/bebop_msgs__rosidl_typesupport_fastrtps_c.dir/rosidl_typesupport_fastrtps_c/bebop_msgs/msg/detail/box_corner__type_support_c.cpp.o[0m
[8.568s] [ 48%] [32mBuilding CXX object CMakeFiles/bebop_msgs__rosidl_typesupport_c.dir/rosidl_typesupport_c/bebop_msgs/msg/box_corner__type_support.cpp.o[0m
[8.568s] [ 51%] [32mBuilding C object CMakeFiles/bebop_msgs__rosidl_typesupport_introspection_c.dir/rosidl_typesupport_introspection_c/bebop_msgs/msg/detail/box_corner__type_support.c.o[0m
[8.568s] [ 54%] [32m[1mLinking CXX shared library libbebop_msgs__rosidl_typesupport_c.so[0m
[8.569s] [ 58%] [32m[1mLinking CXX shared library libbebop_msgs__rosidl_typesupport_cpp.so[0m
[8.569s] [ 61%] [32m[1mLinking C shared library libbebop_msgs__rosidl_typesupport_introspection_c.so[0m
[8.569s] [ 61%] Built target bebop_msgs__rosidl_typesupport_c
[8.569s] [ 64%] [32m[1mLinking CXX shared library libbebop_msgs__rosidl_typesupport_introspection_cpp.so[0m
[8.569s] [ 64%] Built target bebop_msgs__rosidl_typesupport_introspection_c
[8.569s] writing top-level names to bebop_msgs.egg-info/top_level.txt
[8.569s] writing manifest file 'bebop_msgs.egg-info/SOURCES.txt'
[8.569s] [ 64%] Built target bebop_msgs__rosidl_typesupport_cpp
[8.569s] [ 67%] [32m[1mLinking CXX shared library libbebop_msgs__rosidl_typesupport_fastrtps_cpp.so[0m
[8.569s] [ 67%] Built target bebop_msgs__rosidl_typesupport_introspection_cpp
[8.569s] reading manifest file 'bebop_msgs.egg-info/SOURCES.txt'
[8.569s] writing manifest file 'bebop_msgs.egg-info/SOURCES.txt'
[8.569s] [ 67%] Built target bebop_msgs__rosidl_typesupport_fastrtps_cpp
[8.569s] [ 70%] [32m[1mLinking CXX shared library libbebop_msgs__rosidl_typesupport_fastrtps_c.so[0m
[8.569s] [ 70%] Built target ament_cmake_python_build_bebop_msgs_egg
[8.569s] [ 70%] Built target bebop_msgs__rosidl_typesupport_fastrtps_c
[8.649s] [ 70%] Built target bebop_msgs
[8.755s] [ 74%] [34m[1mGenerating Python code for ROS interfaces[0m
[9.913s] [ 74%] Built target bebop_msgs__py
[9.989s] [ 77%] [32mBuilding C object CMakeFiles/bebop_msgs__rosidl_generator_py.dir/rosidl_generator_py/bebop_msgs/msg/_box_corner_s.c.o[0m
[10.204s] [ 80%] [32m[1mLinking C shared library rosidl_generator_py/bebop_msgs/libbebop_msgs__rosidl_generator_py.so[0m
[10.329s] [ 80%] Built target bebop_msgs__rosidl_generator_py
[10.420s] [ 83%] [32mBuilding C object CMakeFiles/bebop_msgs__rosidl_typesupport_fastrtps_c__pyext.dir/rosidl_generator_py/bebop_msgs/_bebop_msgs_s.ep.rosidl_typesupport_fastrtps_c.c.o[0m
[10.421s] [ 87%] [32mBuilding C object CMakeFiles/bebop_msgs__rosidl_typesupport_introspection_c__pyext.dir/rosidl_generator_py/bebop_msgs/_bebop_msgs_s.ep.rosidl_typesupport_introspection_c.c.o[0m
[10.434s] [ 90%] [32mBuilding C object CMakeFiles/bebop_msgs__rosidl_typesupport_c__pyext.dir/rosidl_generator_py/bebop_msgs/_bebop_msgs_s.ep.rosidl_typesupport_c.c.o[0m
[10.657s] [ 93%] [32m[1mLinking C shared library rosidl_generator_py/bebop_msgs/bebop_msgs_s__rosidl_typesupport_fastrtps_c.cpython-310-x86_64-linux-gnu.so[0m
[10.699s] [ 96%] [32m[1mLinking C shared library rosidl_generator_py/bebop_msgs/bebop_msgs_s__rosidl_typesupport_c.cpython-310-x86_64-linux-gnu.so[0m
[10.709s] [100%] [32m[1mLinking C shared library rosidl_generator_py/bebop_msgs/bebop_msgs_s__rosidl_typesupport_introspection_c.cpython-310-x86_64-linux-gnu.so[0m
[10.786s] [100%] Built target bebop_msgs__rosidl_typesupport_fastrtps_c__pyext
[10.873s] [100%] Built target bebop_msgs__rosidl_typesupport_introspection_c__pyext
[10.890s] [100%] Built target bebop_msgs__rosidl_typesupport_c__pyext
[10.935s] Invoked command in '/home/rover/kameyama_ws/build/bebop_msgs' returned '0': CMAKE_PREFIX_PATH=${CMAKE_PREFIX_PATH}:/home/rover/amir_basic_ws/install/nav2_simple_commander:/home/rover/amir_basic_ws/install/camera_calibration:/opt/ros/humble /usr/bin/cmake --build /home/rover/kameyama_ws/build/bebop_msgs -- -j12 -l12
[10.937s] Invoking command in '/home/rover/kameyama_ws/build/bebop_msgs': CMAKE_PREFIX_PATH=${CMAKE_PREFIX_PATH}:/home/rover/amir_basic_ws/install/nav2_simple_commander:/home/rover/amir_basic_ws/install/camera_calibration:/opt/ros/humble /usr/bin/cmake --install /home/rover/kameyama_ws/build/bebop_msgs
[12.034s] -- Install configuration: ""
[12.034s] -- Execute custom install script
[12.034s] -- Symlinking: /home/rover/kameyama_ws/install/bebop_msgs/share/ament_index/resource_index/rosidl_interfaces/bebop_msgs
[12.034s] -- Symlinking: /home/rover/kameyama_ws/install/bebop_msgs/include/bebop_msgs/bebop_msgs/msg/box_corner.h
[12.034s] -- Symlinking: /home/rover/kameyama_ws/install/bebop_msgs/include/bebop_msgs/bebop_msgs/msg/detail/box_corner__functions.h
[12.034s] -- Symlinking: /home/rover/kameyama_ws/install/bebop_msgs/include/bebop_msgs/bebop_msgs/msg/detail/box_corner__struct.h
[12.034s] -- Symlinking: /home/rover/kameyama_ws/install/bebop_msgs/include/bebop_msgs/bebop_msgs/msg/detail/box_corner__type_support.h
[12.034s] -- Symlinking: /home/rover/kameyama_ws/install/bebop_msgs/include/bebop_msgs/bebop_msgs/msg/rosidl_generator_c__visibility_control.h
[12.034s] -- Symlinking: /home/rover/kameyama_ws/install/bebop_msgs/share/bebop_msgs/environment/library_path.sh
[12.034s] -- Symlinking: /home/rover/kameyama_ws/install/bebop_msgs/share/bebop_msgs/environment/library_path.dsv
[12.034s] -- Symlinking: /home/rover/kameyama_ws/install/bebop_msgs/include/bebop_msgs/bebop_msgs/msg/detail/box_corner__rosidl_typesupport_fastrtps_c.h
[12.034s] -- Symlinking: /home/rover/kameyama_ws/install/bebop_msgs/include/bebop_msgs/bebop_msgs/msg/rosidl_typesupport_fastrtps_c__visibility_control.h
[12.035s] -- Symlinking: /home/rover/kameyama_ws/install/bebop_msgs/include/bebop_msgs/bebop_msgs/msg/box_corner.hpp
[12.035s] -- Symlinking: /home/rover/kameyama_ws/install/bebop_msgs/include/bebop_msgs/bebop_msgs/msg/detail/box_corner__builder.hpp
[12.035s] -- Symlinking: /home/rover/kameyama_ws/install/bebop_msgs/include/bebop_msgs/bebop_msgs/msg/detail/box_corner__struct.hpp
[12.035s] -- Symlinking: /home/rover/kameyama_ws/install/bebop_msgs/include/bebop_msgs/bebop_msgs/msg/detail/box_corner__traits.hpp
[12.035s] -- Symlinking: /home/rover/kameyama_ws/install/bebop_msgs/include/bebop_msgs/bebop_msgs/msg/detail/box_corner__type_support.hpp
[12.035s] -- Symlinking: /home/rover/kameyama_ws/install/bebop_msgs/include/bebop_msgs/bebop_msgs/msg/rosidl_generator_cpp__visibility_control.hpp
[12.035s] -- Symlinking: /home/rover/kameyama_ws/install/bebop_msgs/include/bebop_msgs/bebop_msgs/msg/detail/box_corner__rosidl_typesupport_fastrtps_cpp.hpp
[12.035s] -- Symlinking: /home/rover/kameyama_ws/install/bebop_msgs/include/bebop_msgs/bebop_msgs/msg/rosidl_typesupport_fastrtps_cpp__visibility_control.h
[12.035s] -- Symlinking: /home/rover/kameyama_ws/install/bebop_msgs/include/bebop_msgs/bebop_msgs/msg/detail/box_corner__rosidl_typesupport_introspection_c.h
[12.035s] -- Symlinking: /home/rover/kameyama_ws/install/bebop_msgs/include/bebop_msgs/bebop_msgs/msg/rosidl_typesupport_introspection_c__visibility_control.h
[12.035s] -- Symlinking: /home/rover/kameyama_ws/install/bebop_msgs/include/bebop_msgs/bebop_msgs/msg/detail/box_corner__rosidl_typesupport_introspection_cpp.hpp
[12.035s] -- Symlinking: /home/rover/kameyama_ws/install/bebop_msgs/share/bebop_msgs/environment/pythonpath.sh
[12.036s] -- Symlinking: /home/rover/kameyama_ws/install/bebop_msgs/share/bebop_msgs/environment/pythonpath.dsv
[12.036s] -- Symlinking: /home/rover/kameyama_ws/install/bebop_msgs/local/lib/python3.10/dist-packages/bebop_msgs-0.0.0-py3.10.egg-info/PKG-INFO
[12.036s] -- Symlinking: /home/rover/kameyama_ws/install/bebop_msgs/local/lib/python3.10/dist-packages/bebop_msgs-0.0.0-py3.10.egg-info/SOURCES.txt
[12.036s] -- Symlinking: /home/rover/kameyama_ws/install/bebop_msgs/local/lib/python3.10/dist-packages/bebop_msgs-0.0.0-py3.10.egg-info/dependency_links.txt
[12.036s] -- Symlinking: /home/rover/kameyama_ws/install/bebop_msgs/local/lib/python3.10/dist-packages/bebop_msgs-0.0.0-py3.10.egg-info/top_level.txt
[12.036s] -- Symlinking: /home/rover/kameyama_ws/install/bebop_msgs/local/lib/python3.10/dist-packages/bebop_msgs/__init__.py
[12.036s] -- Symlinking: /home/rover/kameyama_ws/install/bebop_msgs/local/lib/python3.10/dist-packages/bebop_msgs/_bebop_msgs_s.ep.rosidl_typesupport_c.c
[12.036s] -- Symlinking: /home/rover/kameyama_ws/install/bebop_msgs/local/lib/python3.10/dist-packages/bebop_msgs/_bebop_msgs_s.ep.rosidl_typesupport_fastrtps_c.c
[12.036s] -- Symlinking: /home/rover/kameyama_ws/install/bebop_msgs/local/lib/python3.10/dist-packages/bebop_msgs/_bebop_msgs_s.ep.rosidl_typesupport_introspection_c.c
[12.036s] -- Symlinking: /home/rover/kameyama_ws/install/bebop_msgs/local/lib/python3.10/dist-packages/bebop_msgs/bebop_msgs_s__rosidl_typesupport_c.cpython-310-x86_64-linux-gnu.so
[12.036s] -- Symlinking: /home/rover/kameyama_ws/install/bebop_msgs/local/lib/python3.10/dist-packages/bebop_msgs/bebop_msgs_s__rosidl_typesupport_fastrtps_c.cpython-310-x86_64-linux-gnu.so
[12.036s] -- Symlinking: /home/rover/kameyama_ws/install/bebop_msgs/local/lib/python3.10/dist-packages/bebop_msgs/bebop_msgs_s__rosidl_typesupport_introspection_c.cpython-310-x86_64-linux-gnu.so
[12.036s] -- Symlinking: /home/rover/kameyama_ws/install/bebop_msgs/local/lib/python3.10/dist-packages/bebop_msgs/libbebop_msgs__rosidl_generator_py.so
[12.036s] -- Symlinking: /home/rover/kameyama_ws/install/bebop_msgs/local/lib/python3.10/dist-packages/bebop_msgs/msg/__init__.py
[12.036s] -- Symlinking: /home/rover/kameyama_ws/install/bebop_msgs/local/lib/python3.10/dist-packages/bebop_msgs/msg/_box_corner.py
[12.036s] -- Symlinking: /home/rover/kameyama_ws/install/bebop_msgs/local/lib/python3.10/dist-packages/bebop_msgs/msg/_box_corner_s.c
[12.036s] -- Up-to-date symlink: /home/rover/kameyama_ws/install/bebop_msgs/local/lib/python3.10/dist-packages/bebop_msgs/bebop_msgs_s__rosidl_typesupport_fastrtps_c.cpython-310-x86_64-linux-gnu.so
[12.036s] -- Up-to-date symlink: /home/rover/kameyama_ws/install/bebop_msgs/local/lib/python3.10/dist-packages/bebop_msgs/bebop_msgs_s__rosidl_typesupport_introspection_c.cpython-310-x86_64-linux-gnu.so
[12.036s] -- Up-to-date symlink: /home/rover/kameyama_ws/install/bebop_msgs/local/lib/python3.10/dist-packages/bebop_msgs/bebop_msgs_s__rosidl_typesupport_c.cpython-310-x86_64-linux-gnu.so
[12.036s] -- Symlinking: /home/rover/kameyama_ws/install/bebop_msgs/share/bebop_msgs/msg/BoxCorner.idl
[12.036s] -- Symlinking: /home/rover/kameyama_ws/install/bebop_msgs/share/bebop_msgs/msg/BoxCorner.msg
[12.036s] -- Symlinking: /home/rover/kameyama_ws/install/bebop_msgs/share/ament_index/resource_index/package_run_dependencies/bebop_msgs
[12.036s] -- Symlinking: /home/rover/kameyama_ws/install/bebop_msgs/share/ament_index/resource_index/parent_prefix_path/bebop_msgs
[12.036s] -- Symlinking: /home/rover/kameyama_ws/install/bebop_msgs/share/bebop_msgs/environment/ament_prefix_path.sh
[12.036s] -- Symlinking: /home/rover/kameyama_ws/install/bebop_msgs/share/bebop_msgs/environment/ament_prefix_path.dsv
[12.036s] -- Symlinking: /home/rover/kameyama_ws/install/bebop_msgs/share/bebop_msgs/environment/path.sh
[12.036s] -- Symlinking: /home/rover/kameyama_ws/install/bebop_msgs/share/bebop_msgs/environment/path.dsv
[12.036s] -- Symlinking: /home/rover/kameyama_ws/install/bebop_msgs/share/bebop_msgs/local_setup.bash
[12.037s] -- Symlinking: /home/rover/kameyama_ws/install/bebop_msgs/share/bebop_msgs/local_setup.sh
[12.037s] -- Symlinking: /home/rover/kameyama_ws/install/bebop_msgs/share/bebop_msgs/local_setup.zsh
[12.037s] -- Symlinking: /home/rover/kameyama_ws/install/bebop_msgs/share/bebop_msgs/local_setup.dsv
[12.038s] -- Symlinking: /home/rover/kameyama_ws/install/bebop_msgs/share/bebop_msgs/package.dsv
[12.054s] -- Symlinking: /home/rover/kameyama_ws/install/bebop_msgs/share/ament_index/resource_index/packages/bebop_msgs
[12.076s] -- Symlinking: /home/rover/kameyama_ws/install/bebop_msgs/share/bebop_msgs/cmake/rosidl_cmake-extras.cmake
[12.087s] -- Symlinking: /home/rover/kameyama_ws/install/bebop_msgs/share/bebop_msgs/cmake/ament_cmake_export_dependencies-extras.cmake
[12.103s] -- Symlinking: /home/rover/kameyama_ws/install/bebop_msgs/share/bebop_msgs/cmake/ament_cmake_export_include_directories-extras.cmake
[12.126s] -- Symlinking: /home/rover/kameyama_ws/install/bebop_msgs/share/bebop_msgs/cmake/ament_cmake_export_libraries-extras.cmake
[12.135s] -- Symlinking: /home/rover/kameyama_ws/install/bebop_msgs/share/bebop_msgs/cmake/ament_cmake_export_targets-extras.cmake
[12.147s] -- Symlinking: /home/rover/kameyama_ws/install/bebop_msgs/share/bebop_msgs/cmake/rosidl_cmake_export_typesupport_targets-extras.cmake
[12.167s] -- Symlinking: /home/rover/kameyama_ws/install/bebop_msgs/share/bebop_msgs/cmake/rosidl_cmake_export_typesupport_libraries-extras.cmake
[12.178s] -- Symlinking: /home/rover/kameyama_ws/install/bebop_msgs/share/bebop_msgs/cmake/bebop_msgsConfig.cmake
[12.192s] -- Symlinking: /home/rover/kameyama_ws/install/bebop_msgs/share/bebop_msgs/cmake/bebop_msgsConfig-version.cmake
[12.207s] -- Symlinking: /home/rover/kameyama_ws/install/bebop_msgs/share/bebop_msgs/package.xml
[12.229s] -- Installing: /home/rover/kameyama_ws/install/bebop_msgs/lib/libbebop_msgs__rosidl_generator_c.so
[12.230s] -- Set runtime path of "/home/rover/kameyama_ws/install/bebop_msgs/lib/libbebop_msgs__rosidl_generator_c.so" to ""
[12.230s] -- Installing: /home/rover/kameyama_ws/install/bebop_msgs/lib/libbebop_msgs__rosidl_typesupport_fastrtps_c.so
[12.230s] -- Set runtime path of "/home/rover/kameyama_ws/install/bebop_msgs/lib/libbebop_msgs__rosidl_typesupport_fastrtps_c.so" to ""
[12.230s] -- Installing: /home/rover/kameyama_ws/install/bebop_msgs/lib/libbebop_msgs__rosidl_typesupport_fastrtps_cpp.so
[12.232s] -- Set runtime path of "/home/rover/kameyama_ws/install/bebop_msgs/lib/libbebop_msgs__rosidl_typesupport_fastrtps_cpp.so" to ""
[12.232s] -- Installing: /home/rover/kameyama_ws/install/bebop_msgs/lib/libbebop_msgs__rosidl_typesupport_introspection_c.so
[12.232s] -- Set runtime path of "/home/rover/kameyama_ws/install/bebop_msgs/lib/libbebop_msgs__rosidl_typesupport_introspection_c.so" to ""
[12.232s] -- Installing: /home/rover/kameyama_ws/install/bebop_msgs/lib/libbebop_msgs__rosidl_typesupport_c.so
[12.232s] -- Set runtime path of "/home/rover/kameyama_ws/install/bebop_msgs/lib/libbebop_msgs__rosidl_typesupport_c.so" to ""
[12.232s] -- Installing: /home/rover/kameyama_ws/install/bebop_msgs/lib/libbebop_msgs__rosidl_typesupport_introspection_cpp.so
[12.235s] -- Set runtime path of "/home/rover/kameyama_ws/install/bebop_msgs/lib/libbebop_msgs__rosidl_typesupport_introspection_cpp.so" to ""
[12.236s] -- Installing: /home/rover/kameyama_ws/install/bebop_msgs/lib/libbebop_msgs__rosidl_typesupport_cpp.so
[12.236s] -- Set runtime path of "/home/rover/kameyama_ws/install/bebop_msgs/lib/libbebop_msgs__rosidl_typesupport_cpp.so" to ""
[12.279s] Listing '/home/rover/kameyama_ws/install/bebop_msgs/local/lib/python3.10/dist-packages/bebop_msgs'...
[12.279s] Compiling '/home/rover/kameyama_ws/install/bebop_msgs/local/lib/python3.10/dist-packages/bebop_msgs/__init__.py'...
[12.279s] Listing '/home/rover/kameyama_ws/install/bebop_msgs/local/lib/python3.10/dist-packages/bebop_msgs/msg'...
[12.279s] Compiling '/home/rover/kameyama_ws/install/bebop_msgs/local/lib/python3.10/dist-packages/bebop_msgs/msg/__init__.py'...
[12.279s] Compiling '/home/rover/kameyama_ws/install/bebop_msgs/local/lib/python3.10/dist-packages/bebop_msgs/msg/_box_corner.py'...
[12.285s] -- Installing: /home/rover/kameyama_ws/install/bebop_msgs/lib/libbebop_msgs__rosidl_generator_py.so
[12.288s] -- Set runtime path of "/home/rover/kameyama_ws/install/bebop_msgs/lib/libbebop_msgs__rosidl_generator_py.so" to ""
[12.289s] -- Installing: /home/rover/kameyama_ws/install/bebop_msgs/share/bebop_msgs/cmake/export_bebop_msgs__rosidl_generator_cExport.cmake
[12.289s] -- Installing: /home/rover/kameyama_ws/install/bebop_msgs/share/bebop_msgs/cmake/export_bebop_msgs__rosidl_generator_cExport-noconfig.cmake
[12.289s] -- Installing: /home/rover/kameyama_ws/install/bebop_msgs/share/bebop_msgs/cmake/export_bebop_msgs__rosidl_typesupport_fastrtps_cExport.cmake
[12.289s] -- Installing: /home/rover/kameyama_ws/install/bebop_msgs/share/bebop_msgs/cmake/export_bebop_msgs__rosidl_typesupport_fastrtps_cExport-noconfig.cmake
[12.289s] -- Installing: /home/rover/kameyama_ws/install/bebop_msgs/share/bebop_msgs/cmake/export_bebop_msgs__rosidl_generator_cppExport.cmake
[12.290s] -- Installing: /home/rover/kameyama_ws/install/bebop_msgs/share/bebop_msgs/cmake/export_bebop_msgs__rosidl_typesupport_fastrtps_cppExport.cmake
[12.290s] -- Installing: /home/rover/kameyama_ws/install/bebop_msgs/share/bebop_msgs/cmake/export_bebop_msgs__rosidl_typesupport_fastrtps_cppExport-noconfig.cmake
[12.291s] -- Installing: /home/rover/kameyama_ws/install/bebop_msgs/share/bebop_msgs/cmake/bebop_msgs__rosidl_typesupport_introspection_cExport.cmake
[12.291s] -- Installing: /home/rover/kameyama_ws/install/bebop_msgs/share/bebop_msgs/cmake/bebop_msgs__rosidl_typesupport_introspection_cExport-noconfig.cmake
[12.291s] -- Installing: /home/rover/kameyama_ws/install/bebop_msgs/share/bebop_msgs/cmake/bebop_msgs__rosidl_typesupport_cExport.cmake
[12.291s] -- Installing: /home/rover/kameyama_ws/install/bebop_msgs/share/bebop_msgs/cmake/bebop_msgs__rosidl_typesupport_cExport-noconfig.cmake
[12.291s] -- Installing: /home/rover/kameyama_ws/install/bebop_msgs/share/bebop_msgs/cmake/bebop_msgs__rosidl_typesupport_introspection_cppExport.cmake
[12.292s] -- Installing: /home/rover/kameyama_ws/install/bebop_msgs/share/bebop_msgs/cmake/bebop_msgs__rosidl_typesupport_introspection_cppExport-noconfig.cmake
[12.292s] -- Installing: /home/rover/kameyama_ws/install/bebop_msgs/share/bebop_msgs/cmake/bebop_msgs__rosidl_typesupport_cppExport.cmake
[12.292s] -- Installing: /home/rover/kameyama_ws/install/bebop_msgs/share/bebop_msgs/cmake/bebop_msgs__rosidl_typesupport_cppExport-noconfig.cmake
[12.292s] -- Installing: /home/rover/kameyama_ws/install/bebop_msgs/share/bebop_msgs/cmake/export_bebop_msgs__rosidl_generator_pyExport.cmake
[12.292s] -- Installing: /home/rover/kameyama_ws/install/bebop_msgs/share/bebop_msgs/cmake/export_bebop_msgs__rosidl_generator_pyExport-noconfig.cmake
[12.297s] Invoked command in '/home/rover/kameyama_ws/build/bebop_msgs' returned '0': CMAKE_PREFIX_PATH=${CMAKE_PREFIX_PATH}:/home/rover/amir_basic_ws/install/nav2_simple_commander:/home/rover/amir_basic_ws/install/camera_calibration:/opt/ros/humble /usr/bin/cmake --install /home/rover/kameyama_ws/build/bebop_msgs
