[35m[1mConsolidate compiler generated dependencies of target ros2_behavior_tree_nodes[0m
[  4%] Built target gtest_main
[  8%] Built target gtest
[ 17%] Built target custom_test_nodes
[ 17%] Built target example_custom_nodes
[ 23%] Built target ros2_behavior_tree
[ 25%] [32mBuilding CXX object CMakeFiles/ros2_behavior_tree_nodes.dir/src/node_registrar.cpp.o[0m
[ 44%] Built target bt_executor
[ 44%] Built target bt_executor_bebop
[ 44%] Built target node
[ 44%] Built target minimal
[ 51%] Built target action_server_node
[ 57%] Built target lifecycle_node
[ 63%] Built target action_server_lifecycle_node
[ 70%] Built target custom_nodes
In file included from [01m[K/home/rover/kameyama_ws/src/ros2_behavior_tree/ros2_behavior_tree/include/ros2_behavior_tree/action/create_transform_buffer_node.hpp:27[m[K,
                 from [01m[K/home/rover/kameyama_ws/src/ros2_behavior_tree/ros2_behavior_tree/src/node_registrar.cpp:22[m[K:
[01m[K/opt/ros/humble/include/tf2_geometry_msgs/tf2_geometry_msgs/tf2_geometry_msgs.h:35:2:[m[K [01;35m[Kwarning: [m[K#warning This header is obsolete, please include tf2_geometry_msgs/tf2_geometry_msgs.hpp instead [[01;35m[K]8;;https://gcc.gnu.org/onlinedocs/gcc/Warning-Options.html#index-Wcpp-Wcpp]8;;[m[K]
   35 | #[01;35m[Kwarning[m[K This header is obsolete, please include tf2_geometry_msgs/tf2_geometry_msgs.hpp instead
      |  [01;35m[K^~~~~~~[m[K
In file included from [01m[K/home/rover/kameyama_ws/src/ros2_behavior_tree/ros2_behavior_tree/src/node_registrar.cpp:79[m[K:
[01m[K/home/rover/kameyama_ws/src/ros2_behavior_tree/ros2_behavior_tree/include/ros2_behavior_tree/condition/mecanum_check_space.hpp:[m[K In member function ‘[01m[Kvirtual BT::NodeStatus ros2_behavior_tree::MecanumCheckSpace::tick()[m[K’:
[01m[K/home/rover/kameyama_ws/src/ros2_behavior_tree/ros2_behavior_tree/include/ros2_behavior_tree/condition/mecanum_check_space.hpp:138:16:[m[K [01;31m[Kerror: [m[K‘[01m[Kusing PoseStamped = struct geometry_msgs::msg::PoseStamped_<std::allocator<void> >[m[K’ {aka ‘[01m[Kstruct geometry_msgs::msg::PoseStamped_<std::allocator<void> >[m[K’} has no member named ‘[01m[Kpoint[m[K’
  138 |       posi_msg.[01;31m[Kpoint[m[K.x = posi_x;
      |                [01;31m[K^~~~~[m[K
[01m[K/home/rover/kameyama_ws/src/ros2_behavior_tree/ros2_behavior_tree/include/ros2_behavior_tree/condition/mecanum_check_space.hpp:139:16:[m[K [01;31m[Kerror: [m[K‘[01m[Kusing PoseStamped = struct geometry_msgs::msg::PoseStamped_<std::allocator<void> >[m[K’ {aka ‘[01m[Kstruct geometry_msgs::msg::PoseStamped_<std::allocator<void> >[m[K’} has no member named ‘[01m[Kpoint[m[K’
  139 |       posi_msg.[01;31m[Kpoint[m[K.y = posi_y;
      |                [01;31m[K^~~~~[m[K
[01m[K/home/rover/kameyama_ws/src/ros2_behavior_tree/ros2_behavior_tree/include/ros2_behavior_tree/condition/mecanum_check_space.hpp:140:16:[m[K [01;31m[Kerror: [m[K‘[01m[Kusing PoseStamped = struct geometry_msgs::msg::PoseStamped_<std::allocator<void> >[m[K’ {aka ‘[01m[Kstruct geometry_msgs::msg::PoseStamped_<std::allocator<void> >[m[K’} has no member named ‘[01m[Kpoint[m[K’
  140 |       posi_msg.[01;31m[Kpoint[m[K.z = 0.55;
      |                [01;31m[K^~~~~[m[K
In file included from [01m[K/home/rover/kameyama_ws/src/ros2_behavior_tree/ros2_behavior_tree/src/node_registrar.cpp:79[m[K:
[01m[K/home/rover/kameyama_ws/src/ros2_behavior_tree/ros2_behavior_tree/include/ros2_behavior_tree/condition/mecanum_check_space.hpp:232:3:[m[K [01;35m[Kwarning: [m[Kcontrol reaches end of non-void function [[01;35m[K]8;;https://gcc.gnu.org/onlinedocs/gcc/Warning-Options.html#index-Wreturn-type-Wreturn-type]8;;[m[K]
  232 |   [01;35m[K}[m[K
      |   [01;35m[K^[m[K
gmake[2]: *** [CMakeFiles/ros2_behavior_tree_nodes.dir/build.make:76: CMakeFiles/ros2_behavior_tree_nodes.dir/src/node_registrar.cpp.o] エラー 1
gmake[1]: *** [CMakeFiles/Makefile2:224: CMakeFiles/ros2_behavior_tree_nodes.dir/all] エラー 2
gmake: *** [Makefile:146: all] エラー 2
