[ 10%] Built target my_nav_msgs__rosidl_generator_c
[ 10%] Built target ament_cmake_python_symlink_my_nav_msgs
[ 12%] Built target my_nav_msgs__cpp
[ 23%] Built target my_nav_msgs__rosidl_typesupport_fastrtps_c
[ 34%] Built target my_nav_msgs__rosidl_typesupport_c
[ 45%] Built target my_nav_msgs__rosidl_typesupport_introspection_c
[ 56%] Built target my_nav_msgs__rosidl_typesupport_cpp
[ 67%] Built target my_nav_msgs__rosidl_typesupport_fastrtps_cpp
[ 78%] Built target my_nav_msgs__rosidl_typesupport_introspection_cpp
[ 78%] Built target my_nav_msgs
[ 80%] Built target my_nav_msgs__py
[ 89%] Built target my_nav_msgs__rosidl_generator_py
gmake[1]: *** [CMakeFiles/Makefile2:505: CMakeFiles/my_nav_msgs__rosidl_typesupport_fastrtps_c__pyext.dir/all] 割り込み
Traceback (most recent call last):
  File "/home/rover/kameyama_ws/build/my_nav_msgs/ament_cmake_python/my_nav_msgs/setup.py", line 4, in <module>
    setup(
  File "/home/rover/.local/lib/python3.10/site-packages/setuptools/__init__.py", line 76, in setup
gmake[2]: *** [CMakeFiles/my_nav_msgs__rosidl_typesupport_c__pyext.dir/build.make:195: CMakeFiles/my_nav_msgs__rosidl_typesupport_c__pyext.dir/depend] 割り込み
gmake[2]: *** [CMakeFiles/my_nav_msgs__rosidl_typesupport_introspection_c__pyext.dir/build.make:196: CMakeFiles/my_nav_msgs__rosidl_typesupport_introspection_c__pyext.dir/depend] 割り込み
gmake[1]: *** [CMakeFiles/Makefile2:563: CMakeFiles/my_nav_msgs__rosidl_typesupport_c__pyext.dir/all] 割り込み
gmake[1]: *** [CMakeFiles/Makefile2:534: CMakeFiles/my_nav_msgs__rosidl_typesupport_introspection_c__pyext.dir/all] 割り込み
    _install_setup_requires(attrs)
  File "/home/rover/.local/lib/python3.10/site-packages/setuptools/__init__.py", line 65, in _install_setup_requires
    dist = MinimalDistribution(attrs)
  File "/home/rover/.local/lib/python3.10/site-packages/setuptools/__init__.py", line 55, in __init__
    super().__init__(filtered)
  File "/home/rover/.local/lib/python3.10/site-packages/setuptools/dist.py", line 460, in __init__
    for ep in metadata.entry_points(group='distutils.setup_keywords'):
  File "/usr/lib/python3.10/importlib/metadata/__init__.py", line 1021, in entry_points
    return SelectableGroups.load(eps).select(**params)
  File "/usr/lib/python3.10/importlib/metadata/__init__.py", line 459, in load
    ordered = sorted(eps, key=by_group)
  File "/usr/lib/python3.10/importlib/metadata/__init__.py", line 1018, in <genexpr>
    eps = itertools.chain.from_iterable(
  File "/usr/lib/python3.10/importlib/metadata/_itertools.py", line 16, in unique_everseen
    k = key(element)
  File "/usr/lib/python3.10/importlib/metadata/__init__.py", line 942, in _normalized_name
    pass_none(Prepared.normalize)(self._name_from_stem(stem))
  File "/usr/lib/python3.10/importlib/metadata/_functools.py", line 100, in pass_none
    def wrapper(param, *args, **kwargs):
KeyboardInterrupt
gmake[2]: *** [CMakeFiles/ament_cmake_python_build_my_nav_msgs_egg.dir/build.make:70: CMakeFiles/ament_cmake_python_build_my_nav_msgs_egg] 割り込み
gmake[1]: *** [CMakeFiles/Makefile2:447: CMakeFiles/ament_cmake_python_build_my_nav_msgs_egg.dir/all] 割り込み
gmake: *** [Makefile:146: all] 割り込み
