[100%] Built target observer
[100%] Built target my_pose_publisher
-- Install configuration: ""
-- Execute custom install script
-- Up-to-date symlink: /home/rover/kameyama_ws/install/observation/lib/observation/my_pose_publisher
-- Up-to-date symlink: /home/rover/kameyama_ws/install/observation/share/observation//launch/dummy_obj_pub.launch.py
-- Up-to-date symlink: /home/rover/kameyama_ws/install/observation/share/observation//launch/nav2_send_goal.launch.py
-- Up-to-date symlink: /home/rover/kameyama_ws/install/observation/share/observation//launch/object_callback.launch.py
-- Up-to-date symlink: /home/rover/kameyama_ws/install/observation/share/observation//launch/observer.launch.py
-- Up-to-date symlink: /home/rover/kameyama_ws/install/observation/share/observation//launch/odom_tf2_broadcaster.launch.py
-- Up-to-date symlink: /home/rover/kameyama_ws/install/observation/share/observation//launch/pose_pub.launch.py
-- Up-to-date symlink: /home/rover/kameyama_ws/install/observation/share/observation//launch/robot_manager.launch.py
-- Up-to-date symlink: /home/rover/kameyama_ws/install/observation/share/observation//launch/robot_manager2.launch.py
-- Up-to-date symlink: /home/rover/kameyama_ws/install/observation/share/observation//config/global_params.yaml
-- Up-to-date symlink: /home/rover/kameyama_ws/install/observation/share/observation//config/global_params2.yaml
-- Up-to-date symlink: /home/rover/kameyama_ws/install/observation/share/ament_index/resource_index/package_run_dependencies/observation
-- Up-to-date symlink: /home/rover/kameyama_ws/install/observation/share/ament_index/resource_index/parent_prefix_path/observation
-- Up-to-date symlink: /home/rover/kameyama_ws/install/observation/share/observation/environment/ament_prefix_path.sh
-- Up-to-date symlink: /home/rover/kameyama_ws/install/observation/share/observation/environment/ament_prefix_path.dsv
-- Up-to-date symlink: /home/rover/kameyama_ws/install/observation/share/observation/environment/path.sh
-- Up-to-date symlink: /home/rover/kameyama_ws/install/observation/share/observation/environment/path.dsv
-- Up-to-date symlink: /home/rover/kameyama_ws/install/observation/share/observation/local_setup.bash
-- Up-to-date symlink: /home/rover/kameyama_ws/install/observation/share/observation/local_setup.sh
-- Up-to-date symlink: /home/rover/kameyama_ws/install/observation/share/observation/local_setup.zsh
-- Up-to-date symlink: /home/rover/kameyama_ws/install/observation/share/observation/local_setup.dsv
-- Symlinking: /home/rover/kameyama_ws/install/observation/share/observation/package.dsv
-- Up-to-date symlink: /home/rover/kameyama_ws/install/observation/share/ament_index/resource_index/packages/observation
-- Up-to-date symlink: /home/rover/kameyama_ws/install/observation/share/observation/cmake/ament_cmake_export_dependencies-extras.cmake
-- Up-to-date symlink: /home/rover/kameyama_ws/install/observation/share/observation/cmake/observationConfig.cmake
-- Up-to-date symlink: /home/rover/kameyama_ws/install/observation/share/observation/cmake/observationConfig-version.cmake
-- Up-to-date symlink: /home/rover/kameyama_ws/install/observation/share/observation/package.xml
