-- The C compiler identification is GNU 11.4.0
-- The CXX compiler identification is GNU 11.4.0
-- Detecting C compiler ABI info
-- Detecting C compiler ABI info - done
-- Check for working C compiler: /usr/bin/cc - skipped
-- Detecting C compile features
-- Detecting C compile features - done
-- Detecting CXX compiler ABI info
-- Detecting CXX compiler ABI info - done
-- Check for working CXX compiler: /usr/bin/c++ - skipped
-- Detecting CXX compile features
-- Detecting CXX compile features - done
-- Found ament_cmake: 1.3.11 (/opt/ros/humble/share/ament_cmake/cmake)
-- Found Python3: /usr/bin/python3 (found version "3.10.12") found components: Interpreter 
-- Override CMake install command with custom implementation using symlinks instead of copying resources
-- Configuring done
-- Generating done
-- Build files have been written to: /home/das-note-021/amir_kameyama_ws/build/rviz_utility
-- Install configuration: ""
-- Execute custom install script
-- Symlinking: /home/das-note-021/amir_kameyama_ws/install/rviz_utility/share/rviz_utility/launch/rviz_launch.py
-- Symlinking: /home/das-note-021/amir_kameyama_ws/install/rviz_utility/share/rviz_utility/rviz/amir.rviz
-- Symlinking: /home/das-note-021/amir_kameyama_ws/install/rviz_utility/share/rviz_utility/rviz/mecanum2.rviz
-- Symlinking: /home/das-note-021/amir_kameyama_ws/install/rviz_utility/share/rviz_utility/rviz/navigation1.rviz
-- Symlinking: /home/das-note-021/amir_kameyama_ws/install/rviz_utility/share/ament_index/resource_index/package_run_dependencies/rviz_utility
-- Symlinking: /home/das-note-021/amir_kameyama_ws/install/rviz_utility/share/ament_index/resource_index/parent_prefix_path/rviz_utility
-- Symlinking: /home/das-note-021/amir_kameyama_ws/install/rviz_utility/share/rviz_utility/environment/ament_prefix_path.sh
-- Symlinking: /home/das-note-021/amir_kameyama_ws/install/rviz_utility/share/rviz_utility/environment/ament_prefix_path.dsv
-- Symlinking: /home/das-note-021/amir_kameyama_ws/install/rviz_utility/share/rviz_utility/environment/path.sh
-- Symlinking: /home/das-note-021/amir_kameyama_ws/install/rviz_utility/share/rviz_utility/environment/path.dsv
-- Symlinking: /home/das-note-021/amir_kameyama_ws/install/rviz_utility/share/rviz_utility/local_setup.bash
-- Symlinking: /home/das-note-021/amir_kameyama_ws/install/rviz_utility/share/rviz_utility/local_setup.sh
-- Symlinking: /home/das-note-021/amir_kameyama_ws/install/rviz_utility/share/rviz_utility/local_setup.zsh
-- Symlinking: /home/das-note-021/amir_kameyama_ws/install/rviz_utility/share/rviz_utility/local_setup.dsv
-- Symlinking: /home/das-note-021/amir_kameyama_ws/install/rviz_utility/share/rviz_utility/package.dsv
-- Symlinking: /home/das-note-021/amir_kameyama_ws/install/rviz_utility/share/ament_index/resource_index/packages/rviz_utility
-- Symlinking: /home/das-note-021/amir_kameyama_ws/install/rviz_utility/share/rviz_utility/cmake/rviz_utilityConfig.cmake
-- Symlinking: /home/das-note-021/amir_kameyama_ws/install/rviz_utility/share/rviz_utility/cmake/rviz_utilityConfig-version.cmake
-- Symlinking: /home/das-note-021/amir_kameyama_ws/install/rviz_utility/share/rviz_utility/package.xml
