[0.204s] Invoking command in '/home/das-note-021/amir_kameyama_ws/build/rviz_utility': CMAKE_PREFIX_PATH=${CMAKE_PREFIX_PATH}:/home/das-note-021/amir_kameyama_ws/install/failure_detection:/home/das-note-021/amir_kameyama_ws/install/bt_generator:/home/das-note-021/kameyama_ws/install/ros2_aruco:/home/das-note-021/kameyama_ws/install/failure_detection:/home/das-note-021/kameyama_ws/install/bt_generator:/opt/ros/humble /usr/bin/cmake /home/das-note-021/amir_kameyama_ws/src/rviz_utility -DAMENT_CMAKE_SYMLINK_INSTALL=1 -DCMAKE_INSTALL_PREFIX=/home/das-note-021/amir_kameyama_ws/install/rviz_utility
[0.258s] -- The C compiler identification is GNU 11.4.0
[0.318s] -- The CXX compiler identification is GNU 11.4.0
[0.325s] -- Detecting C compiler ABI info
[0.391s] -- Detecting C compiler ABI info - done
[0.396s] -- Check for working C compiler: /usr/bin/cc - skipped
[0.396s] -- Detecting C compile features
[0.397s] -- Detecting C compile features - done
[0.399s] -- Detecting CXX compiler ABI info
[0.492s] -- Detecting CXX compiler ABI info - done
[0.498s] -- Check for working CXX compiler: /usr/bin/c++ - skipped
[0.498s] -- Detecting CXX compile features
[0.498s] -- Detecting CXX compile features - done
[0.502s] -- Found ament_cmake: 1.3.11 (/opt/ros/humble/share/ament_cmake/cmake)
[0.644s] -- Found Python3: /usr/bin/python3 (found version "3.10.12") found components: Interpreter 
[0.687s] -- Override CMake install command with custom implementation using symlinks instead of copying resources
[0.807s] -- Configuring done
[0.810s] -- Generating done
[0.812s] -- Build files have been written to: /home/das-note-021/amir_kameyama_ws/build/rviz_utility
[0.823s] Invoked command in '/home/das-note-021/amir_kameyama_ws/build/rviz_utility' returned '0': CMAKE_PREFIX_PATH=${CMAKE_PREFIX_PATH}:/home/das-note-021/amir_kameyama_ws/install/failure_detection:/home/das-note-021/amir_kameyama_ws/install/bt_generator:/home/das-note-021/kameyama_ws/install/ros2_aruco:/home/das-note-021/kameyama_ws/install/failure_detection:/home/das-note-021/kameyama_ws/install/bt_generator:/opt/ros/humble /usr/bin/cmake /home/das-note-021/amir_kameyama_ws/src/rviz_utility -DAMENT_CMAKE_SYMLINK_INSTALL=1 -DCMAKE_INSTALL_PREFIX=/home/das-note-021/amir_kameyama_ws/install/rviz_utility
[0.824s] Invoking command in '/home/das-note-021/amir_kameyama_ws/build/rviz_utility': CMAKE_PREFIX_PATH=${CMAKE_PREFIX_PATH}:/home/das-note-021/amir_kameyama_ws/install/failure_detection:/home/das-note-021/amir_kameyama_ws/install/bt_generator:/home/das-note-021/kameyama_ws/install/ros2_aruco:/home/das-note-021/kameyama_ws/install/failure_detection:/home/das-note-021/kameyama_ws/install/bt_generator:/opt/ros/humble /usr/bin/cmake --build /home/das-note-021/amir_kameyama_ws/build/rviz_utility -- -j22 -l22
[0.851s] Invoked command in '/home/das-note-021/amir_kameyama_ws/build/rviz_utility' returned '0': CMAKE_PREFIX_PATH=${CMAKE_PREFIX_PATH}:/home/das-note-021/amir_kameyama_ws/install/failure_detection:/home/das-note-021/amir_kameyama_ws/install/bt_generator:/home/das-note-021/kameyama_ws/install/ros2_aruco:/home/das-note-021/kameyama_ws/install/failure_detection:/home/das-note-021/kameyama_ws/install/bt_generator:/opt/ros/humble /usr/bin/cmake --build /home/das-note-021/amir_kameyama_ws/build/rviz_utility -- -j22 -l22
[0.854s] Invoking command in '/home/das-note-021/amir_kameyama_ws/build/rviz_utility': CMAKE_PREFIX_PATH=${CMAKE_PREFIX_PATH}:/home/das-note-021/amir_kameyama_ws/install/failure_detection:/home/das-note-021/amir_kameyama_ws/install/bt_generator:/home/das-note-021/kameyama_ws/install/ros2_aruco:/home/das-note-021/kameyama_ws/install/failure_detection:/home/das-note-021/kameyama_ws/install/bt_generator:/opt/ros/humble /usr/bin/cmake --install /home/das-note-021/amir_kameyama_ws/build/rviz_utility
[0.859s] -- Install configuration: ""
[0.859s] -- Execute custom install script
[0.860s] -- Symlinking: /home/das-note-021/amir_kameyama_ws/install/rviz_utility/share/rviz_utility/launch/rviz_launch.py
[0.869s] -- Symlinking: /home/das-note-021/amir_kameyama_ws/install/rviz_utility/share/rviz_utility/rviz/amir.rviz
[0.875s] -- Symlinking: /home/das-note-021/amir_kameyama_ws/install/rviz_utility/share/rviz_utility/rviz/mecanum2.rviz
[0.881s] -- Symlinking: /home/das-note-021/amir_kameyama_ws/install/rviz_utility/share/rviz_utility/rviz/navigation1.rviz
[0.887s] -- Symlinking: /home/das-note-021/amir_kameyama_ws/install/rviz_utility/share/ament_index/resource_index/package_run_dependencies/rviz_utility
[0.900s] -- Symlinking: /home/das-note-021/amir_kameyama_ws/install/rviz_utility/share/ament_index/resource_index/parent_prefix_path/rviz_utility
[0.907s] -- Symlinking: /home/das-note-021/amir_kameyama_ws/install/rviz_utility/share/rviz_utility/environment/ament_prefix_path.sh
[0.916s] -- Symlinking: /home/das-note-021/amir_kameyama_ws/install/rviz_utility/share/rviz_utility/environment/ament_prefix_path.dsv
[0.923s] -- Symlinking: /home/das-note-021/amir_kameyama_ws/install/rviz_utility/share/rviz_utility/environment/path.sh
[0.930s] -- Symlinking: /home/das-note-021/amir_kameyama_ws/install/rviz_utility/share/rviz_utility/environment/path.dsv
[0.942s] -- Symlinking: /home/das-note-021/amir_kameyama_ws/install/rviz_utility/share/rviz_utility/local_setup.bash
[0.954s] -- Symlinking: /home/das-note-021/amir_kameyama_ws/install/rviz_utility/share/rviz_utility/local_setup.sh
[0.966s] -- Symlinking: /home/das-note-021/amir_kameyama_ws/install/rviz_utility/share/rviz_utility/local_setup.zsh
[0.978s] -- Symlinking: /home/das-note-021/amir_kameyama_ws/install/rviz_utility/share/rviz_utility/local_setup.dsv
[0.988s] -- Symlinking: /home/das-note-021/amir_kameyama_ws/install/rviz_utility/share/rviz_utility/package.dsv
[1.001s] -- Symlinking: /home/das-note-021/amir_kameyama_ws/install/rviz_utility/share/ament_index/resource_index/packages/rviz_utility
[1.014s] -- Symlinking: /home/das-note-021/amir_kameyama_ws/install/rviz_utility/share/rviz_utility/cmake/rviz_utilityConfig.cmake
[1.024s] -- Symlinking: /home/das-note-021/amir_kameyama_ws/install/rviz_utility/share/rviz_utility/cmake/rviz_utilityConfig-version.cmake
[1.035s] -- Symlinking: /home/das-note-021/amir_kameyama_ws/install/rviz_utility/share/rviz_utility/package.xml
[1.048s] Invoked command in '/home/das-note-021/amir_kameyama_ws/build/rviz_utility' returned '0': CMAKE_PREFIX_PATH=${CMAKE_PREFIX_PATH}:/home/das-note-021/amir_kameyama_ws/install/failure_detection:/home/das-note-021/amir_kameyama_ws/install/bt_generator:/home/das-note-021/kameyama_ws/install/ros2_aruco:/home/das-note-021/kameyama_ws/install/failure_detection:/home/das-note-021/kameyama_ws/install/bt_generator:/opt/ros/humble /usr/bin/cmake --install /home/das-note-021/amir_kameyama_ws/build/rviz_utility
