-- Install configuration: ""
-- Execute custom install script
-- Up-to-date symlink: /home/das-note-021/amir_kameyama_ws/install/mecanum_navigation2/share/mecanum_navigation2/launch/bringup_launch.py
-- Up-to-date symlink: /home/das-note-021/amir_kameyama_ws/install/mecanum_navigation2/share/mecanum_navigation2/launch/mecanum2_launch.py
-- Up-to-date symlink: /home/das-note-021/amir_kameyama_ws/install/mecanum_navigation2/share/mecanum_navigation2/launch/mecanum_launch.py
-- Up-to-date symlink: /home/das-note-021/amir_kameyama_ws/install/mecanum_navigation2/share/mecanum_navigation2/launch/navigation2.launch.py
-- Up-to-date symlink: /home/das-note-021/amir_kameyama_ws/install/mecanum_navigation2/share/mecanum_navigation2/launch/rviz_launch.py
-- Up-to-date symlink: /home/das-note-021/amir_kameyama_ws/install/mecanum_navigation2/share/mecanum_navigation2/launch/slam_toolbox_launch.py
-- Up-to-date symlink: /home/das-note-021/amir_kameyama_ws/install/mecanum_navigation2/share/mecanum_navigation2/map/turtlebot3_world.pgm
-- Up-to-date symlink: /home/das-note-021/amir_kameyama_ws/install/mecanum_navigation2/share/mecanum_navigation2/map/turtlebot3_world.yaml
-- Up-to-date symlink: /home/das-note-021/amir_kameyama_ws/install/mecanum_navigation2/share/mecanum_navigation2/params/amir.yaml
-- Up-to-date symlink: /home/das-note-021/amir_kameyama_ws/install/mecanum_navigation2/share/mecanum_navigation2/params/burger.yaml
-- Up-to-date symlink: /home/das-note-021/amir_kameyama_ws/install/mecanum_navigation2/share/mecanum_navigation2/params/mecanum (another copy).yaml
-- Up-to-date symlink: /home/das-note-021/amir_kameyama_ws/install/mecanum_navigation2/share/mecanum_navigation2/params/mecanum (copy).yaml
-- Up-to-date symlink: /home/das-note-021/amir_kameyama_ws/install/mecanum_navigation2/share/mecanum_navigation2/params/waffle.yaml
-- Up-to-date symlink: /home/das-note-021/amir_kameyama_ws/install/mecanum_navigation2/share/mecanum_navigation2/params/waffle_pi.yaml
-- Up-to-date symlink: /home/das-note-021/amir_kameyama_ws/install/mecanum_navigation2/share/mecanum_navigation2/rviz/navigation.rviz
-- Up-to-date symlink: /home/das-note-021/amir_kameyama_ws/install/mecanum_navigation2/share/mecanum_navigation2/config/mapper_params_online_async.yaml
-- Up-to-date symlink: /home/das-note-021/amir_kameyama_ws/install/mecanum_navigation2/share/mecanum_navigation2/config/mapper_params_online_sync.yaml
-- Up-to-date symlink: /home/das-note-021/amir_kameyama_ws/install/mecanum_navigation2/share/ament_index/resource_index/package_run_dependencies/mecanum_navigation2
-- Up-to-date symlink: /home/das-note-021/amir_kameyama_ws/install/mecanum_navigation2/share/ament_index/resource_index/parent_prefix_path/mecanum_navigation2
-- Up-to-date symlink: /home/das-note-021/amir_kameyama_ws/install/mecanum_navigation2/share/mecanum_navigation2/environment/ament_prefix_path.sh
-- Up-to-date symlink: /home/das-note-021/amir_kameyama_ws/install/mecanum_navigation2/share/mecanum_navigation2/environment/ament_prefix_path.dsv
-- Up-to-date symlink: /home/das-note-021/amir_kameyama_ws/install/mecanum_navigation2/share/mecanum_navigation2/environment/path.sh
-- Up-to-date symlink: /home/das-note-021/amir_kameyama_ws/install/mecanum_navigation2/share/mecanum_navigation2/environment/path.dsv
-- Up-to-date symlink: /home/das-note-021/amir_kameyama_ws/install/mecanum_navigation2/share/mecanum_navigation2/local_setup.bash
-- Up-to-date symlink: /home/das-note-021/amir_kameyama_ws/install/mecanum_navigation2/share/mecanum_navigation2/local_setup.sh
-- Up-to-date symlink: /home/das-note-021/amir_kameyama_ws/install/mecanum_navigation2/share/mecanum_navigation2/local_setup.zsh
-- Up-to-date symlink: /home/das-note-021/amir_kameyama_ws/install/mecanum_navigation2/share/mecanum_navigation2/local_setup.dsv
-- Symlinking: /home/das-note-021/amir_kameyama_ws/install/mecanum_navigation2/share/mecanum_navigation2/package.dsv
-- Up-to-date symlink: /home/das-note-021/amir_kameyama_ws/install/mecanum_navigation2/share/ament_index/resource_index/packages/mecanum_navigation2
-- Up-to-date symlink: /home/das-note-021/amir_kameyama_ws/install/mecanum_navigation2/share/mecanum_navigation2/cmake/mecanum_navigation2Config.cmake
-- Up-to-date symlink: /home/das-note-021/amir_kameyama_ws/install/mecanum_navigation2/share/mecanum_navigation2/cmake/mecanum_navigation2Config-version.cmake
-- Up-to-date symlink: /home/das-note-021/amir_kameyama_ws/install/mecanum_navigation2/share/mecanum_navigation2/package.xml
