[0.337s] Invoking command in '/home/das-note-021/amir_kameyama_ws/build/mecanum_navigation2': CMAKE_PREFIX_PATH=${CMAKE_PREFIX_PATH}:/home/das-note-021/amir_kameyama_ws/install/failure_detection:/home/das-note-021/amir_kameyama_ws/install/bt_generator:/home/das-note-021/kameyama_ws/install/ros2_aruco:/home/das-note-021/kameyama_ws/install/failure_detection:/home/das-note-021/kameyama_ws/install/bt_generator:/opt/ros/humble /usr/bin/cmake --build /home/das-note-021/amir_kameyama_ws/build/mecanum_navigation2 -- -j22 -l22
[0.373s] Invoked command in '/home/das-note-021/amir_kameyama_ws/build/mecanum_navigation2' returned '0': CMAKE_PREFIX_PATH=${CMAKE_PREFIX_PATH}:/home/das-note-021/amir_kameyama_ws/install/failure_detection:/home/das-note-021/amir_kameyama_ws/install/bt_generator:/home/das-note-021/kameyama_ws/install/ros2_aruco:/home/das-note-021/kameyama_ws/install/failure_detection:/home/das-note-021/kameyama_ws/install/bt_generator:/opt/ros/humble /usr/bin/cmake --build /home/das-note-021/amir_kameyama_ws/build/mecanum_navigation2 -- -j22 -l22
[0.376s] Invoking command in '/home/das-note-021/amir_kameyama_ws/build/mecanum_navigation2': CMAKE_PREFIX_PATH=${CMAKE_PREFIX_PATH}:/home/das-note-021/amir_kameyama_ws/install/failure_detection:/home/das-note-021/amir_kameyama_ws/install/bt_generator:/home/das-note-021/kameyama_ws/install/ros2_aruco:/home/das-note-021/kameyama_ws/install/failure_detection:/home/das-note-021/kameyama_ws/install/bt_generator:/opt/ros/humble /usr/bin/cmake --install /home/das-note-021/amir_kameyama_ws/build/mecanum_navigation2
[0.387s] -- Install configuration: ""
[0.388s] -- Execute custom install script
[0.389s] -- Up-to-date symlink: /home/das-note-021/amir_kameyama_ws/install/mecanum_navigation2/share/mecanum_navigation2/launch/bringup_launch.py
[0.389s] -- Up-to-date symlink: /home/das-note-021/amir_kameyama_ws/install/mecanum_navigation2/share/mecanum_navigation2/launch/mecanum2_launch.py
[0.389s] -- Up-to-date symlink: /home/das-note-021/amir_kameyama_ws/install/mecanum_navigation2/share/mecanum_navigation2/launch/mecanum_launch.py
[0.389s] -- Up-to-date symlink: /home/das-note-021/amir_kameyama_ws/install/mecanum_navigation2/share/mecanum_navigation2/launch/navigation2.launch.py
[0.389s] -- Up-to-date symlink: /home/das-note-021/amir_kameyama_ws/install/mecanum_navigation2/share/mecanum_navigation2/launch/rviz_launch.py
[0.389s] -- Up-to-date symlink: /home/das-note-021/amir_kameyama_ws/install/mecanum_navigation2/share/mecanum_navigation2/launch/slam_toolbox_launch.py
[0.390s] -- Up-to-date symlink: /home/das-note-021/amir_kameyama_ws/install/mecanum_navigation2/share/mecanum_navigation2/map/turtlebot3_world.pgm
[0.390s] -- Up-to-date symlink: /home/das-note-021/amir_kameyama_ws/install/mecanum_navigation2/share/mecanum_navigation2/map/turtlebot3_world.yaml
[0.390s] -- Up-to-date symlink: /home/das-note-021/amir_kameyama_ws/install/mecanum_navigation2/share/mecanum_navigation2/params/amir.yaml
[0.390s] -- Up-to-date symlink: /home/das-note-021/amir_kameyama_ws/install/mecanum_navigation2/share/mecanum_navigation2/params/burger.yaml
[0.390s] -- Up-to-date symlink: /home/das-note-021/amir_kameyama_ws/install/mecanum_navigation2/share/mecanum_navigation2/params/mecanum (another copy).yaml
[0.390s] -- Up-to-date symlink: /home/das-note-021/amir_kameyama_ws/install/mecanum_navigation2/share/mecanum_navigation2/params/mecanum (copy).yaml
[0.390s] -- Up-to-date symlink: /home/das-note-021/amir_kameyama_ws/install/mecanum_navigation2/share/mecanum_navigation2/params/waffle.yaml
[0.390s] -- Up-to-date symlink: /home/das-note-021/amir_kameyama_ws/install/mecanum_navigation2/share/mecanum_navigation2/params/waffle_pi.yaml
[0.391s] -- Up-to-date symlink: /home/das-note-021/amir_kameyama_ws/install/mecanum_navigation2/share/mecanum_navigation2/rviz/navigation.rviz
[0.392s] -- Up-to-date symlink: /home/das-note-021/amir_kameyama_ws/install/mecanum_navigation2/share/mecanum_navigation2/config/mapper_params_online_async.yaml
[0.392s] -- Up-to-date symlink: /home/das-note-021/amir_kameyama_ws/install/mecanum_navigation2/share/mecanum_navigation2/config/mapper_params_online_sync.yaml
[0.392s] -- Up-to-date symlink: /home/das-note-021/amir_kameyama_ws/install/mecanum_navigation2/share/ament_index/resource_index/package_run_dependencies/mecanum_navigation2
[0.392s] -- Up-to-date symlink: /home/das-note-021/amir_kameyama_ws/install/mecanum_navigation2/share/ament_index/resource_index/parent_prefix_path/mecanum_navigation2
[0.392s] -- Up-to-date symlink: /home/das-note-021/amir_kameyama_ws/install/mecanum_navigation2/share/mecanum_navigation2/environment/ament_prefix_path.sh
[0.393s] -- Up-to-date symlink: /home/das-note-021/amir_kameyama_ws/install/mecanum_navigation2/share/mecanum_navigation2/environment/ament_prefix_path.dsv
[0.393s] -- Up-to-date symlink: /home/das-note-021/amir_kameyama_ws/install/mecanum_navigation2/share/mecanum_navigation2/environment/path.sh
[0.393s] -- Up-to-date symlink: /home/das-note-021/amir_kameyama_ws/install/mecanum_navigation2/share/mecanum_navigation2/environment/path.dsv
[0.393s] -- Up-to-date symlink: /home/das-note-021/amir_kameyama_ws/install/mecanum_navigation2/share/mecanum_navigation2/local_setup.bash
[0.393s] -- Up-to-date symlink: /home/das-note-021/amir_kameyama_ws/install/mecanum_navigation2/share/mecanum_navigation2/local_setup.sh
[0.393s] -- Up-to-date symlink: /home/das-note-021/amir_kameyama_ws/install/mecanum_navigation2/share/mecanum_navigation2/local_setup.zsh
[0.393s] -- Up-to-date symlink: /home/das-note-021/amir_kameyama_ws/install/mecanum_navigation2/share/mecanum_navigation2/local_setup.dsv
[0.393s] -- Symlinking: /home/das-note-021/amir_kameyama_ws/install/mecanum_navigation2/share/mecanum_navigation2/package.dsv
[0.401s] -- Up-to-date symlink: /home/das-note-021/amir_kameyama_ws/install/mecanum_navigation2/share/ament_index/resource_index/packages/mecanum_navigation2
[0.401s] -- Up-to-date symlink: /home/das-note-021/amir_kameyama_ws/install/mecanum_navigation2/share/mecanum_navigation2/cmake/mecanum_navigation2Config.cmake
[0.401s] -- Up-to-date symlink: /home/das-note-021/amir_kameyama_ws/install/mecanum_navigation2/share/mecanum_navigation2/cmake/mecanum_navigation2Config-version.cmake
[0.401s] -- Up-to-date symlink: /home/das-note-021/amir_kameyama_ws/install/mecanum_navigation2/share/mecanum_navigation2/package.xml
[0.432s] Invoked command in '/home/das-note-021/amir_kameyama_ws/build/mecanum_navigation2' returned '0': CMAKE_PREFIX_PATH=${CMAKE_PREFIX_PATH}:/home/das-note-021/amir_kameyama_ws/install/failure_detection:/home/das-note-021/amir_kameyama_ws/install/bt_generator:/home/das-note-021/kameyama_ws/install/ros2_aruco:/home/das-note-021/kameyama_ws/install/failure_detection:/home/das-note-021/kameyama_ws/install/bt_generator:/opt/ros/humble /usr/bin/cmake --install /home/das-note-021/amir_kameyama_ws/build/mecanum_navigation2
