[100%] Built target odom_tf2_broadcaster
-- Install configuration: ""
-- Execute custom install script
-- Up-to-date symlink: /home/das-note-021/amir_kameyama_ws/install/my_utility/lib/my_utility/odom_tf2_broadcaster
-- Up-to-date symlink: /home/das-note-021/amir_kameyama_ws/install/my_utility/share/my_utility//launch/odom_tf2_broadcaster.launch.py
-- Up-to-date symlink: /home/das-note-021/amir_kameyama_ws/install/my_utility/share/ament_index/resource_index/package_run_dependencies/my_utility
-- Up-to-date symlink: /home/das-note-021/amir_kameyama_ws/install/my_utility/share/ament_index/resource_index/parent_prefix_path/my_utility
-- Up-to-date symlink: /home/das-note-021/amir_kameyama_ws/install/my_utility/share/my_utility/environment/ament_prefix_path.sh
-- Up-to-date symlink: /home/das-note-021/amir_kameyama_ws/install/my_utility/share/my_utility/environment/ament_prefix_path.dsv
-- Up-to-date symlink: /home/das-note-021/amir_kameyama_ws/install/my_utility/share/my_utility/environment/path.sh
-- Up-to-date symlink: /home/das-note-021/amir_kameyama_ws/install/my_utility/share/my_utility/environment/path.dsv
-- Up-to-date symlink: /home/das-note-021/amir_kameyama_ws/install/my_utility/share/my_utility/local_setup.bash
-- Up-to-date symlink: /home/das-note-021/amir_kameyama_ws/install/my_utility/share/my_utility/local_setup.sh
-- Up-to-date symlink: /home/das-note-021/amir_kameyama_ws/install/my_utility/share/my_utility/local_setup.zsh
-- Up-to-date symlink: /home/das-note-021/amir_kameyama_ws/install/my_utility/share/my_utility/local_setup.dsv
-- Symlinking: /home/das-note-021/amir_kameyama_ws/install/my_utility/share/my_utility/package.dsv
-- Up-to-date symlink: /home/das-note-021/amir_kameyama_ws/install/my_utility/share/ament_index/resource_index/packages/my_utility
-- Up-to-date symlink: /home/das-note-021/amir_kameyama_ws/install/my_utility/share/my_utility/cmake/my_utilityConfig.cmake
-- Up-to-date symlink: /home/das-note-021/amir_kameyama_ws/install/my_utility/share/my_utility/cmake/my_utilityConfig-version.cmake
-- Up-to-date symlink: /home/das-note-021/amir_kameyama_ws/install/my_utility/share/my_utility/package.xml
