[0.045s] Invoking command in '/home/das-note-021/amir_kameyama_ws/build/my_nav_msgs': CMAKE_PREFIX_PATH=${CMAKE_PREFIX_PATH}:/home/das-note-021/amir_kameyama_ws/install/failure_detection:/home/das-note-021/amir_kameyama_ws/install/bt_generator:/home/das-note-021/kameyama_ws/install/ros2_aruco:/home/das-note-021/kameyama_ws/install/failure_detection:/home/das-note-021/kameyama_ws/install/bt_generator:/opt/ros/humble /usr/bin/cmake --build /home/das-note-021/amir_kameyama_ws/build/my_nav_msgs -- -j22 -l22
[0.445s] [  1%] Built target my_nav_msgs__cpp
[0.445s] [  1%] Built target ament_cmake_python_symlink_my_nav_msgs
[0.446s] [ 12%] Built target my_nav_msgs__rosidl_generator_c
[0.446s] [ 23%] Built target my_nav_msgs__rosidl_typesupport_cpp
[0.446s] [ 34%] Built target my_nav_msgs__rosidl_typesupport_fastrtps_cpp
[0.446s] [ 45%] Built target my_nav_msgs__rosidl_typesupport_fastrtps_c
[0.447s] [ 56%] Built target my_nav_msgs__rosidl_typesupport_introspection_cpp
[0.447s] [ 67%] Built target my_nav_msgs__rosidl_typesupport_c
[0.447s] [ 78%] Built target my_nav_msgs__rosidl_typesupport_introspection_c
[0.447s] [ 78%] Built target my_nav_msgs
[0.447s] [ 80%] Built target my_nav_msgs__py
[0.448s] [ 89%] Built target my_nav_msgs__rosidl_generator_py
[0.448s] [ 92%] Built target my_nav_msgs__rosidl_typesupport_fastrtps_c__pyext
[0.449s] [ 96%] Built target my_nav_msgs__rosidl_typesupport_introspection_c__pyext
[0.449s] [100%] Built target my_nav_msgs__rosidl_typesupport_c__pyext
[0.449s] running egg_info
[0.449s] writing my_nav_msgs.egg-info/PKG-INFO
[0.449s] writing dependency_links to my_nav_msgs.egg-info/dependency_links.txt
[0.449s] writing top-level names to my_nav_msgs.egg-info/top_level.txt
[0.449s] reading manifest file 'my_nav_msgs.egg-info/SOURCES.txt'
[0.450s] writing manifest file 'my_nav_msgs.egg-info/SOURCES.txt'
[0.450s] [100%] Built target ament_cmake_python_build_my_nav_msgs_egg
[0.476s] Invoked command in '/home/das-note-021/amir_kameyama_ws/build/my_nav_msgs' returned '0': CMAKE_PREFIX_PATH=${CMAKE_PREFIX_PATH}:/home/das-note-021/amir_kameyama_ws/install/failure_detection:/home/das-note-021/amir_kameyama_ws/install/bt_generator:/home/das-note-021/kameyama_ws/install/ros2_aruco:/home/das-note-021/kameyama_ws/install/failure_detection:/home/das-note-021/kameyama_ws/install/bt_generator:/opt/ros/humble /usr/bin/cmake --build /home/das-note-021/amir_kameyama_ws/build/my_nav_msgs -- -j22 -l22
[0.479s] Invoking command in '/home/das-note-021/amir_kameyama_ws/build/my_nav_msgs': CMAKE_PREFIX_PATH=${CMAKE_PREFIX_PATH}:/home/das-note-021/amir_kameyama_ws/install/failure_detection:/home/das-note-021/amir_kameyama_ws/install/bt_generator:/home/das-note-021/kameyama_ws/install/ros2_aruco:/home/das-note-021/kameyama_ws/install/failure_detection:/home/das-note-021/kameyama_ws/install/bt_generator:/opt/ros/humble /usr/bin/cmake --install /home/das-note-021/amir_kameyama_ws/build/my_nav_msgs
[0.531s] -- Install configuration: ""
[0.532s] -- Execute custom install script
[0.532s] -- Up-to-date symlink: /home/das-note-021/amir_kameyama_ws/install/my_nav_msgs/share/ament_index/resource_index/rosidl_interfaces/my_nav_msgs
[0.532s] -- Up-to-date symlink: /home/das-note-021/amir_kameyama_ws/install/my_nav_msgs/include/my_nav_msgs/my_nav_msgs/action/compute_multi_path.h
[0.532s] -- Up-to-date symlink: /home/das-note-021/amir_kameyama_ws/install/my_nav_msgs/include/my_nav_msgs/my_nav_msgs/action/detail/compute_multi_path__functions.h
[0.533s] -- Up-to-date symlink: /home/das-note-021/amir_kameyama_ws/install/my_nav_msgs/include/my_nav_msgs/my_nav_msgs/action/detail/compute_multi_path__struct.h
[0.533s] -- Up-to-date symlink: /home/das-note-021/amir_kameyama_ws/install/my_nav_msgs/include/my_nav_msgs/my_nav_msgs/action/detail/compute_multi_path__type_support.h
[0.533s] -- Up-to-date symlink: /home/das-note-021/amir_kameyama_ws/install/my_nav_msgs/include/my_nav_msgs/my_nav_msgs/msg/detail/path_info__functions.h
[0.534s] -- Up-to-date symlink: /home/das-note-021/amir_kameyama_ws/install/my_nav_msgs/include/my_nav_msgs/my_nav_msgs/msg/detail/path_info__struct.h
[0.534s] -- Up-to-date symlink: /home/das-note-021/amir_kameyama_ws/install/my_nav_msgs/include/my_nav_msgs/my_nav_msgs/msg/detail/path_info__type_support.h
[0.534s] -- Up-to-date symlink: /home/das-note-021/amir_kameyama_ws/install/my_nav_msgs/include/my_nav_msgs/my_nav_msgs/msg/detail/path_with_condition__functions.h
[0.534s] -- Up-to-date symlink: /home/das-note-021/amir_kameyama_ws/install/my_nav_msgs/include/my_nav_msgs/my_nav_msgs/msg/detail/path_with_condition__struct.h
[0.534s] -- Up-to-date symlink: /home/das-note-021/amir_kameyama_ws/install/my_nav_msgs/include/my_nav_msgs/my_nav_msgs/msg/detail/path_with_condition__type_support.h
[0.534s] -- Up-to-date symlink: /home/das-note-021/amir_kameyama_ws/install/my_nav_msgs/include/my_nav_msgs/my_nav_msgs/msg/path_info.h
[0.534s] -- Up-to-date symlink: /home/das-note-021/amir_kameyama_ws/install/my_nav_msgs/include/my_nav_msgs/my_nav_msgs/msg/path_with_condition.h
[0.534s] -- Up-to-date symlink: /home/das-note-021/amir_kameyama_ws/install/my_nav_msgs/include/my_nav_msgs/my_nav_msgs/msg/rosidl_generator_c__visibility_control.h
[0.534s] -- Up-to-date symlink: /home/das-note-021/amir_kameyama_ws/install/my_nav_msgs/include/my_nav_msgs/my_nav_msgs/srv/detail/set_obj_cost__functions.h
[0.534s] -- Up-to-date symlink: /home/das-note-021/amir_kameyama_ws/install/my_nav_msgs/include/my_nav_msgs/my_nav_msgs/srv/detail/set_obj_cost__struct.h
[0.534s] -- Up-to-date symlink: /home/das-note-021/amir_kameyama_ws/install/my_nav_msgs/include/my_nav_msgs/my_nav_msgs/srv/detail/set_obj_cost__type_support.h
[0.534s] -- Up-to-date symlink: /home/das-note-021/amir_kameyama_ws/install/my_nav_msgs/include/my_nav_msgs/my_nav_msgs/srv/set_obj_cost.h
[0.535s] -- Up-to-date symlink: /home/das-note-021/amir_kameyama_ws/install/my_nav_msgs/share/my_nav_msgs/environment/library_path.sh
[0.535s] -- Up-to-date symlink: /home/das-note-021/amir_kameyama_ws/install/my_nav_msgs/share/my_nav_msgs/environment/library_path.dsv
[0.535s] -- Up-to-date symlink: /home/das-note-021/amir_kameyama_ws/install/my_nav_msgs/include/my_nav_msgs/my_nav_msgs/action/detail/compute_multi_path__rosidl_typesupport_fastrtps_c.h
[0.535s] -- Up-to-date symlink: /home/das-note-021/amir_kameyama_ws/install/my_nav_msgs/include/my_nav_msgs/my_nav_msgs/msg/detail/path_info__rosidl_typesupport_fastrtps_c.h
[0.536s] -- Up-to-date symlink: /home/das-note-021/amir_kameyama_ws/install/my_nav_msgs/include/my_nav_msgs/my_nav_msgs/msg/detail/path_with_condition__rosidl_typesupport_fastrtps_c.h
[0.536s] -- Up-to-date symlink: /home/das-note-021/amir_kameyama_ws/install/my_nav_msgs/include/my_nav_msgs/my_nav_msgs/msg/rosidl_typesupport_fastrtps_c__visibility_control.h
[0.536s] -- Up-to-date symlink: /home/das-note-021/amir_kameyama_ws/install/my_nav_msgs/include/my_nav_msgs/my_nav_msgs/srv/detail/set_obj_cost__rosidl_typesupport_fastrtps_c.h
[0.536s] -- Up-to-date symlink: /home/das-note-021/amir_kameyama_ws/install/my_nav_msgs/include/my_nav_msgs/my_nav_msgs/action/compute_multi_path.hpp
[0.536s] -- Up-to-date symlink: /home/das-note-021/amir_kameyama_ws/install/my_nav_msgs/include/my_nav_msgs/my_nav_msgs/action/detail/compute_multi_path__builder.hpp
[0.536s] -- Up-to-date symlink: /home/das-note-021/amir_kameyama_ws/install/my_nav_msgs/include/my_nav_msgs/my_nav_msgs/action/detail/compute_multi_path__struct.hpp
[0.536s] -- Up-to-date symlink: /home/das-note-021/amir_kameyama_ws/install/my_nav_msgs/include/my_nav_msgs/my_nav_msgs/action/detail/compute_multi_path__traits.hpp
[0.536s] -- Up-to-date symlink: /home/das-note-021/amir_kameyama_ws/install/my_nav_msgs/include/my_nav_msgs/my_nav_msgs/action/detail/compute_multi_path__type_support.hpp
[0.536s] -- Up-to-date symlink: /home/das-note-021/amir_kameyama_ws/install/my_nav_msgs/include/my_nav_msgs/my_nav_msgs/msg/detail/path_info__builder.hpp
[0.537s] -- Up-to-date symlink: /home/das-note-021/amir_kameyama_ws/install/my_nav_msgs/include/my_nav_msgs/my_nav_msgs/msg/detail/path_info__struct.hpp
[0.537s] -- Up-to-date symlink: /home/das-note-021/amir_kameyama_ws/install/my_nav_msgs/include/my_nav_msgs/my_nav_msgs/msg/detail/path_info__traits.hpp
[0.537s] -- Up-to-date symlink: /home/das-note-021/amir_kameyama_ws/install/my_nav_msgs/include/my_nav_msgs/my_nav_msgs/msg/detail/path_info__type_support.hpp
[0.537s] -- Up-to-date symlink: /home/das-note-021/amir_kameyama_ws/install/my_nav_msgs/include/my_nav_msgs/my_nav_msgs/msg/detail/path_with_condition__builder.hpp
[0.537s] -- Up-to-date symlink: /home/das-note-021/amir_kameyama_ws/install/my_nav_msgs/include/my_nav_msgs/my_nav_msgs/msg/detail/path_with_condition__struct.hpp
[0.537s] -- Up-to-date symlink: /home/das-note-021/amir_kameyama_ws/install/my_nav_msgs/include/my_nav_msgs/my_nav_msgs/msg/detail/path_with_condition__traits.hpp
[0.537s] -- Up-to-date symlink: /home/das-note-021/amir_kameyama_ws/install/my_nav_msgs/include/my_nav_msgs/my_nav_msgs/msg/detail/path_with_condition__type_support.hpp
[0.537s] -- Up-to-date symlink: /home/das-note-021/amir_kameyama_ws/install/my_nav_msgs/include/my_nav_msgs/my_nav_msgs/msg/path_info.hpp
[0.537s] -- Up-to-date symlink: /home/das-note-021/amir_kameyama_ws/install/my_nav_msgs/include/my_nav_msgs/my_nav_msgs/msg/path_with_condition.hpp
[0.537s] -- Up-to-date symlink: /home/das-note-021/amir_kameyama_ws/install/my_nav_msgs/include/my_nav_msgs/my_nav_msgs/msg/rosidl_generator_cpp__visibility_control.hpp
[0.537s] -- Up-to-date symlink: /home/das-note-021/amir_kameyama_ws/install/my_nav_msgs/include/my_nav_msgs/my_nav_msgs/srv/detail/set_obj_cost__builder.hpp
[0.537s] -- Up-to-date symlink: /home/das-note-021/amir_kameyama_ws/install/my_nav_msgs/include/my_nav_msgs/my_nav_msgs/srv/detail/set_obj_cost__struct.hpp
[0.538s] -- Up-to-date symlink: /home/das-note-021/amir_kameyama_ws/install/my_nav_msgs/include/my_nav_msgs/my_nav_msgs/srv/detail/set_obj_cost__traits.hpp
[0.538s] -- Up-to-date symlink: /home/das-note-021/amir_kameyama_ws/install/my_nav_msgs/include/my_nav_msgs/my_nav_msgs/srv/detail/set_obj_cost__type_support.hpp
[0.538s] -- Up-to-date symlink: /home/das-note-021/amir_kameyama_ws/install/my_nav_msgs/include/my_nav_msgs/my_nav_msgs/srv/set_obj_cost.hpp
[0.538s] -- Up-to-date symlink: /home/das-note-021/amir_kameyama_ws/install/my_nav_msgs/include/my_nav_msgs/my_nav_msgs/action/detail/compute_multi_path__rosidl_typesupport_fastrtps_cpp.hpp
[0.538s] -- Up-to-date symlink: /home/das-note-021/amir_kameyama_ws/install/my_nav_msgs/include/my_nav_msgs/my_nav_msgs/msg/detail/path_info__rosidl_typesupport_fastrtps_cpp.hpp
[0.538s] -- Up-to-date symlink: /home/das-note-021/amir_kameyama_ws/install/my_nav_msgs/include/my_nav_msgs/my_nav_msgs/msg/detail/path_with_condition__rosidl_typesupport_fastrtps_cpp.hpp
[0.538s] -- Up-to-date symlink: /home/das-note-021/amir_kameyama_ws/install/my_nav_msgs/include/my_nav_msgs/my_nav_msgs/msg/rosidl_typesupport_fastrtps_cpp__visibility_control.h
[0.538s] -- Up-to-date symlink: /home/das-note-021/amir_kameyama_ws/install/my_nav_msgs/include/my_nav_msgs/my_nav_msgs/srv/detail/set_obj_cost__rosidl_typesupport_fastrtps_cpp.hpp
[0.539s] -- Up-to-date symlink: /home/das-note-021/amir_kameyama_ws/install/my_nav_msgs/include/my_nav_msgs/my_nav_msgs/action/detail/compute_multi_path__rosidl_typesupport_introspection_c.h
[0.540s] -- Up-to-date symlink: /home/das-note-021/amir_kameyama_ws/install/my_nav_msgs/include/my_nav_msgs/my_nav_msgs/msg/detail/path_info__rosidl_typesupport_introspection_c.h
[0.540s] -- Up-to-date symlink: /home/das-note-021/amir_kameyama_ws/install/my_nav_msgs/include/my_nav_msgs/my_nav_msgs/msg/detail/path_with_condition__rosidl_typesupport_introspection_c.h
[0.540s] -- Up-to-date symlink: /home/das-note-021/amir_kameyama_ws/install/my_nav_msgs/include/my_nav_msgs/my_nav_msgs/msg/rosidl_typesupport_introspection_c__visibility_control.h
[0.540s] -- Up-to-date symlink: /home/das-note-021/amir_kameyama_ws/install/my_nav_msgs/include/my_nav_msgs/my_nav_msgs/srv/detail/set_obj_cost__rosidl_typesupport_introspection_c.h
[0.540s] -- Up-to-date symlink: /home/das-note-021/amir_kameyama_ws/install/my_nav_msgs/include/my_nav_msgs/my_nav_msgs/action/detail/compute_multi_path__rosidl_typesupport_introspection_cpp.hpp
[0.540s] -- Up-to-date symlink: /home/das-note-021/amir_kameyama_ws/install/my_nav_msgs/include/my_nav_msgs/my_nav_msgs/msg/detail/path_info__rosidl_typesupport_introspection_cpp.hpp
[0.540s] -- Up-to-date symlink: /home/das-note-021/amir_kameyama_ws/install/my_nav_msgs/include/my_nav_msgs/my_nav_msgs/msg/detail/path_with_condition__rosidl_typesupport_introspection_cpp.hpp
[0.540s] -- Up-to-date symlink: /home/das-note-021/amir_kameyama_ws/install/my_nav_msgs/include/my_nav_msgs/my_nav_msgs/srv/detail/set_obj_cost__rosidl_typesupport_introspection_cpp.hpp
[0.540s] -- Up-to-date symlink: /home/das-note-021/amir_kameyama_ws/install/my_nav_msgs/share/my_nav_msgs/environment/pythonpath.sh
[0.540s] -- Up-to-date symlink: /home/das-note-021/amir_kameyama_ws/install/my_nav_msgs/share/my_nav_msgs/environment/pythonpath.dsv
[0.540s] -- Up-to-date symlink: /home/das-note-021/amir_kameyama_ws/install/my_nav_msgs/local/lib/python3.10/dist-packages/my_nav_msgs-0.1.0-py3.10.egg-info/PKG-INFO
[0.540s] -- Up-to-date symlink: /home/das-note-021/amir_kameyama_ws/install/my_nav_msgs/local/lib/python3.10/dist-packages/my_nav_msgs-0.1.0-py3.10.egg-info/SOURCES.txt
[0.541s] -- Up-to-date symlink: /home/das-note-021/amir_kameyama_ws/install/my_nav_msgs/local/lib/python3.10/dist-packages/my_nav_msgs-0.1.0-py3.10.egg-info/dependency_links.txt
[0.541s] -- Up-to-date symlink: /home/das-note-021/amir_kameyama_ws/install/my_nav_msgs/local/lib/python3.10/dist-packages/my_nav_msgs-0.1.0-py3.10.egg-info/top_level.txt
[0.543s] -- Up-to-date symlink: /home/das-note-021/amir_kameyama_ws/install/my_nav_msgs/local/lib/python3.10/dist-packages/my_nav_msgs/__init__.py
[0.546s] -- Up-to-date symlink: /home/das-note-021/amir_kameyama_ws/install/my_nav_msgs/local/lib/python3.10/dist-packages/my_nav_msgs/_my_nav_msgs_s.ep.rosidl_typesupport_c.c
[0.546s] -- Up-to-date symlink: /home/das-note-021/amir_kameyama_ws/install/my_nav_msgs/local/lib/python3.10/dist-packages/my_nav_msgs/_my_nav_msgs_s.ep.rosidl_typesupport_fastrtps_c.c
[0.546s] -- Up-to-date symlink: /home/das-note-021/amir_kameyama_ws/install/my_nav_msgs/local/lib/python3.10/dist-packages/my_nav_msgs/_my_nav_msgs_s.ep.rosidl_typesupport_introspection_c.c
[0.546s] -- Up-to-date symlink: /home/das-note-021/amir_kameyama_ws/install/my_nav_msgs/local/lib/python3.10/dist-packages/my_nav_msgs/action/__init__.py
[0.546s] -- Up-to-date symlink: /home/das-note-021/amir_kameyama_ws/install/my_nav_msgs/local/lib/python3.10/dist-packages/my_nav_msgs/action/_compute_multi_path.py
[0.546s] -- Up-to-date symlink: /home/das-note-021/amir_kameyama_ws/install/my_nav_msgs/local/lib/python3.10/dist-packages/my_nav_msgs/action/_compute_multi_path_s.c
[0.546s] -- Up-to-date symlink: /home/das-note-021/amir_kameyama_ws/install/my_nav_msgs/local/lib/python3.10/dist-packages/my_nav_msgs/libmy_nav_msgs__rosidl_generator_py.so
[0.546s] -- Up-to-date symlink: /home/das-note-021/amir_kameyama_ws/install/my_nav_msgs/local/lib/python3.10/dist-packages/my_nav_msgs/msg/__init__.py
[0.546s] -- Up-to-date symlink: /home/das-note-021/amir_kameyama_ws/install/my_nav_msgs/local/lib/python3.10/dist-packages/my_nav_msgs/msg/_path_info.py
[0.546s] -- Up-to-date symlink: /home/das-note-021/amir_kameyama_ws/install/my_nav_msgs/local/lib/python3.10/dist-packages/my_nav_msgs/msg/_path_info_s.c
[0.546s] -- Up-to-date symlink: /home/das-note-021/amir_kameyama_ws/install/my_nav_msgs/local/lib/python3.10/dist-packages/my_nav_msgs/msg/_path_with_condition.py
[0.547s] -- Up-to-date symlink: /home/das-note-021/amir_kameyama_ws/install/my_nav_msgs/local/lib/python3.10/dist-packages/my_nav_msgs/msg/_path_with_condition_s.c
[0.547s] -- Up-to-date symlink: /home/das-note-021/amir_kameyama_ws/install/my_nav_msgs/local/lib/python3.10/dist-packages/my_nav_msgs/my_nav_msgs_s__rosidl_typesupport_c.cpython-310-x86_64-linux-gnu.so
[0.547s] -- Up-to-date symlink: /home/das-note-021/amir_kameyama_ws/install/my_nav_msgs/local/lib/python3.10/dist-packages/my_nav_msgs/my_nav_msgs_s__rosidl_typesupport_fastrtps_c.cpython-310-x86_64-linux-gnu.so
[0.547s] -- Up-to-date symlink: /home/das-note-021/amir_kameyama_ws/install/my_nav_msgs/local/lib/python3.10/dist-packages/my_nav_msgs/my_nav_msgs_s__rosidl_typesupport_introspection_c.cpython-310-x86_64-linux-gnu.so
[0.547s] -- Up-to-date symlink: /home/das-note-021/amir_kameyama_ws/install/my_nav_msgs/local/lib/python3.10/dist-packages/my_nav_msgs/srv/__init__.py
[0.547s] -- Up-to-date symlink: /home/das-note-021/amir_kameyama_ws/install/my_nav_msgs/local/lib/python3.10/dist-packages/my_nav_msgs/srv/_set_obj_cost.py
[0.547s] -- Up-to-date symlink: /home/das-note-021/amir_kameyama_ws/install/my_nav_msgs/local/lib/python3.10/dist-packages/my_nav_msgs/srv/_set_obj_cost_s.c
[0.547s] -- Up-to-date symlink: /home/das-note-021/amir_kameyama_ws/install/my_nav_msgs/local/lib/python3.10/dist-packages/my_nav_msgs/my_nav_msgs_s__rosidl_typesupport_fastrtps_c.cpython-310-x86_64-linux-gnu.so
[0.547s] -- Up-to-date symlink: /home/das-note-021/amir_kameyama_ws/install/my_nav_msgs/local/lib/python3.10/dist-packages/my_nav_msgs/my_nav_msgs_s__rosidl_typesupport_introspection_c.cpython-310-x86_64-linux-gnu.so
[0.547s] -- Up-to-date symlink: /home/das-note-021/amir_kameyama_ws/install/my_nav_msgs/local/lib/python3.10/dist-packages/my_nav_msgs/my_nav_msgs_s__rosidl_typesupport_c.cpython-310-x86_64-linux-gnu.so
[0.549s] -- Up-to-date symlink: /home/das-note-021/amir_kameyama_ws/install/my_nav_msgs/share/my_nav_msgs/msg/PathInfo.idl
[0.552s] -- Up-to-date symlink: /home/das-note-021/amir_kameyama_ws/install/my_nav_msgs/share/my_nav_msgs/msg/PathWithCondition.idl
[0.553s] -- Up-to-date symlink: /home/das-note-021/amir_kameyama_ws/install/my_nav_msgs/share/my_nav_msgs/srv/SetObjCost.idl
[0.554s] -- Up-to-date symlink: /home/das-note-021/amir_kameyama_ws/install/my_nav_msgs/share/my_nav_msgs/action/ComputeMultiPath.idl
[0.554s] -- Up-to-date symlink: /home/das-note-021/amir_kameyama_ws/install/my_nav_msgs/share/my_nav_msgs/msg/PathInfo.msg
[0.554s] -- Up-to-date symlink: /home/das-note-021/amir_kameyama_ws/install/my_nav_msgs/share/my_nav_msgs/msg/PathWithCondition.msg
[0.554s] -- Up-to-date symlink: /home/das-note-021/amir_kameyama_ws/install/my_nav_msgs/share/my_nav_msgs/srv/SetObjCost.srv
[0.554s] -- Up-to-date symlink: /home/das-note-021/amir_kameyama_ws/install/my_nav_msgs/share/my_nav_msgs/srv/SetObjCost_Request.msg
[0.555s] -- Up-to-date symlink: /home/das-note-021/amir_kameyama_ws/install/my_nav_msgs/share/my_nav_msgs/srv/SetObjCost_Response.msg
[0.555s] -- Up-to-date symlink: /home/das-note-021/amir_kameyama_ws/install/my_nav_msgs/share/my_nav_msgs/action/ComputeMultiPath.action
[0.555s] -- Up-to-date symlink: /home/das-note-021/amir_kameyama_ws/install/my_nav_msgs/share/ament_index/resource_index/package_run_dependencies/my_nav_msgs
[0.555s] -- Up-to-date symlink: /home/das-note-021/amir_kameyama_ws/install/my_nav_msgs/share/ament_index/resource_index/parent_prefix_path/my_nav_msgs
[0.555s] -- Up-to-date symlink: /home/das-note-021/amir_kameyama_ws/install/my_nav_msgs/share/my_nav_msgs/environment/ament_prefix_path.sh
[0.555s] -- Up-to-date symlink: /home/das-note-021/amir_kameyama_ws/install/my_nav_msgs/share/my_nav_msgs/environment/ament_prefix_path.dsv
[0.555s] -- Up-to-date symlink: /home/das-note-021/amir_kameyama_ws/install/my_nav_msgs/share/my_nav_msgs/environment/path.sh
[0.555s] -- Up-to-date symlink: /home/das-note-021/amir_kameyama_ws/install/my_nav_msgs/share/my_nav_msgs/environment/path.dsv
[0.555s] -- Up-to-date symlink: /home/das-note-021/amir_kameyama_ws/install/my_nav_msgs/share/my_nav_msgs/local_setup.bash
[0.555s] -- Up-to-date symlink: /home/das-note-021/amir_kameyama_ws/install/my_nav_msgs/share/my_nav_msgs/local_setup.sh
[0.555s] -- Up-to-date symlink: /home/das-note-021/amir_kameyama_ws/install/my_nav_msgs/share/my_nav_msgs/local_setup.zsh
[0.555s] -- Up-to-date symlink: /home/das-note-021/amir_kameyama_ws/install/my_nav_msgs/share/my_nav_msgs/local_setup.dsv
[0.555s] -- Symlinking: /home/das-note-021/amir_kameyama_ws/install/my_nav_msgs/share/my_nav_msgs/package.dsv
[0.577s] -- Up-to-date symlink: /home/das-note-021/amir_kameyama_ws/install/my_nav_msgs/share/ament_index/resource_index/packages/my_nav_msgs
[0.577s] -- Up-to-date symlink: /home/das-note-021/amir_kameyama_ws/install/my_nav_msgs/share/my_nav_msgs/cmake/rosidl_cmake-extras.cmake
[0.577s] -- Up-to-date symlink: /home/das-note-021/amir_kameyama_ws/install/my_nav_msgs/share/my_nav_msgs/cmake/ament_cmake_export_dependencies-extras.cmake
[0.577s] -- Up-to-date symlink: /home/das-note-021/amir_kameyama_ws/install/my_nav_msgs/share/my_nav_msgs/cmake/ament_cmake_export_include_directories-extras.cmake
[0.577s] -- Up-to-date symlink: /home/das-note-021/amir_kameyama_ws/install/my_nav_msgs/share/my_nav_msgs/cmake/ament_cmake_export_libraries-extras.cmake
[0.577s] -- Up-to-date symlink: /home/das-note-021/amir_kameyama_ws/install/my_nav_msgs/share/my_nav_msgs/cmake/ament_cmake_export_targets-extras.cmake
[0.577s] -- Up-to-date symlink: /home/das-note-021/amir_kameyama_ws/install/my_nav_msgs/share/my_nav_msgs/cmake/rosidl_cmake_export_typesupport_targets-extras.cmake
[0.579s] -- Up-to-date symlink: /home/das-note-021/amir_kameyama_ws/install/my_nav_msgs/share/my_nav_msgs/cmake/rosidl_cmake_export_typesupport_libraries-extras.cmake
[0.579s] -- Up-to-date symlink: /home/das-note-021/amir_kameyama_ws/install/my_nav_msgs/share/my_nav_msgs/cmake/my_nav_msgsConfig.cmake
[0.579s] -- Up-to-date symlink: /home/das-note-021/amir_kameyama_ws/install/my_nav_msgs/share/my_nav_msgs/cmake/my_nav_msgsConfig-version.cmake
[0.579s] -- Up-to-date symlink: /home/das-note-021/amir_kameyama_ws/install/my_nav_msgs/share/my_nav_msgs/package.xml
[0.579s] -- Up-to-date: /home/das-note-021/amir_kameyama_ws/install/my_nav_msgs/lib/libmy_nav_msgs__rosidl_generator_c.so
[0.579s] -- Up-to-date: /home/das-note-021/amir_kameyama_ws/install/my_nav_msgs/lib/libmy_nav_msgs__rosidl_typesupport_fastrtps_c.so
[0.583s] -- Up-to-date: /home/das-note-021/amir_kameyama_ws/install/my_nav_msgs/lib/libmy_nav_msgs__rosidl_typesupport_fastrtps_cpp.so
[0.583s] -- Up-to-date: /home/das-note-021/amir_kameyama_ws/install/my_nav_msgs/lib/libmy_nav_msgs__rosidl_typesupport_introspection_c.so
[0.586s] -- Up-to-date: /home/das-note-021/amir_kameyama_ws/install/my_nav_msgs/lib/libmy_nav_msgs__rosidl_typesupport_c.so
[0.587s] -- Up-to-date: /home/das-note-021/amir_kameyama_ws/install/my_nav_msgs/lib/libmy_nav_msgs__rosidl_typesupport_introspection_cpp.so
[0.587s] -- Up-to-date: /home/das-note-021/amir_kameyama_ws/install/my_nav_msgs/lib/libmy_nav_msgs__rosidl_typesupport_cpp.so
[0.614s] Listing '/home/das-note-021/amir_kameyama_ws/install/my_nav_msgs/local/lib/python3.10/dist-packages/my_nav_msgs'...
[0.614s] Listing '/home/das-note-021/amir_kameyama_ws/install/my_nav_msgs/local/lib/python3.10/dist-packages/my_nav_msgs/action'...
[0.614s] Listing '/home/das-note-021/amir_kameyama_ws/install/my_nav_msgs/local/lib/python3.10/dist-packages/my_nav_msgs/msg'...
[0.614s] Listing '/home/das-note-021/amir_kameyama_ws/install/my_nav_msgs/local/lib/python3.10/dist-packages/my_nav_msgs/srv'...
[0.615s] -- Up-to-date: /home/das-note-021/amir_kameyama_ws/install/my_nav_msgs/lib/libmy_nav_msgs__rosidl_generator_py.so
[0.615s] -- Up-to-date: /home/das-note-021/amir_kameyama_ws/install/my_nav_msgs/share/my_nav_msgs/cmake/export_my_nav_msgs__rosidl_generator_cExport.cmake
[0.615s] -- Up-to-date: /home/das-note-021/amir_kameyama_ws/install/my_nav_msgs/share/my_nav_msgs/cmake/export_my_nav_msgs__rosidl_generator_cExport-noconfig.cmake
[0.615s] -- Up-to-date: /home/das-note-021/amir_kameyama_ws/install/my_nav_msgs/share/my_nav_msgs/cmake/export_my_nav_msgs__rosidl_typesupport_fastrtps_cExport.cmake
[0.615s] -- Up-to-date: /home/das-note-021/amir_kameyama_ws/install/my_nav_msgs/share/my_nav_msgs/cmake/export_my_nav_msgs__rosidl_typesupport_fastrtps_cExport-noconfig.cmake
[0.615s] -- Up-to-date: /home/das-note-021/amir_kameyama_ws/install/my_nav_msgs/share/my_nav_msgs/cmake/export_my_nav_msgs__rosidl_generator_cppExport.cmake
[0.615s] -- Up-to-date: /home/das-note-021/amir_kameyama_ws/install/my_nav_msgs/share/my_nav_msgs/cmake/export_my_nav_msgs__rosidl_typesupport_fastrtps_cppExport.cmake
[0.615s] -- Up-to-date: /home/das-note-021/amir_kameyama_ws/install/my_nav_msgs/share/my_nav_msgs/cmake/export_my_nav_msgs__rosidl_typesupport_fastrtps_cppExport-noconfig.cmake
[0.615s] -- Up-to-date: /home/das-note-021/amir_kameyama_ws/install/my_nav_msgs/share/my_nav_msgs/cmake/my_nav_msgs__rosidl_typesupport_introspection_cExport.cmake
[0.615s] -- Up-to-date: /home/das-note-021/amir_kameyama_ws/install/my_nav_msgs/share/my_nav_msgs/cmake/my_nav_msgs__rosidl_typesupport_introspection_cExport-noconfig.cmake
[0.615s] -- Up-to-date: /home/das-note-021/amir_kameyama_ws/install/my_nav_msgs/share/my_nav_msgs/cmake/my_nav_msgs__rosidl_typesupport_cExport.cmake
[0.615s] -- Up-to-date: /home/das-note-021/amir_kameyama_ws/install/my_nav_msgs/share/my_nav_msgs/cmake/my_nav_msgs__rosidl_typesupport_cExport-noconfig.cmake
[0.615s] -- Up-to-date: /home/das-note-021/amir_kameyama_ws/install/my_nav_msgs/share/my_nav_msgs/cmake/my_nav_msgs__rosidl_typesupport_introspection_cppExport.cmake
[0.615s] -- Up-to-date: /home/das-note-021/amir_kameyama_ws/install/my_nav_msgs/share/my_nav_msgs/cmake/my_nav_msgs__rosidl_typesupport_introspection_cppExport-noconfig.cmake
[0.615s] -- Up-to-date: /home/das-note-021/amir_kameyama_ws/install/my_nav_msgs/share/my_nav_msgs/cmake/my_nav_msgs__rosidl_typesupport_cppExport.cmake
[0.615s] -- Up-to-date: /home/das-note-021/amir_kameyama_ws/install/my_nav_msgs/share/my_nav_msgs/cmake/my_nav_msgs__rosidl_typesupport_cppExport-noconfig.cmake
[0.615s] -- Up-to-date: /home/das-note-021/amir_kameyama_ws/install/my_nav_msgs/share/my_nav_msgs/cmake/export_my_nav_msgs__rosidl_generator_pyExport.cmake
[0.615s] -- Up-to-date: /home/das-note-021/amir_kameyama_ws/install/my_nav_msgs/share/my_nav_msgs/cmake/export_my_nav_msgs__rosidl_generator_pyExport-noconfig.cmake
[0.649s] Invoked command in '/home/das-note-021/amir_kameyama_ws/build/my_nav_msgs' returned '0': CMAKE_PREFIX_PATH=${CMAKE_PREFIX_PATH}:/home/das-note-021/amir_kameyama_ws/install/failure_detection:/home/das-note-021/amir_kameyama_ws/install/bt_generator:/home/das-note-021/kameyama_ws/install/ros2_aruco:/home/das-note-021/kameyama_ws/install/failure_detection:/home/das-note-021/kameyama_ws/install/bt_generator:/opt/ros/humble /usr/bin/cmake --install /home/das-note-021/amir_kameyama_ws/build/my_nav_msgs
