[1.358s] Invoking command in '/home/rover/kameyama_ws/build/emcl2': CMAKE_PREFIX_PATH=${CMAKE_PREFIX_PATH}:/home/rover/amir_basic_ws/install/camera_calibration:/opt/ros/humble /usr/bin/cmake --build /home/rover/kameyama_ws/build/emcl2 -- -j12 -l12
[2.401s] [ 11%] [32mBuilding CXX object CMakeFiles/emcl2_node.dir/src/ExpResetMcl2.cpp.o[0m
[2.401s] [ 33%] [32mBuilding CXX object CMakeFiles/emcl2_node.dir/src/Mcl.cpp.o[0m
[2.401s] [ 44%] [32mBuilding CXX object CMakeFiles/emcl2_node.dir/src/OdomModel.cpp.o[0m
[2.401s] [ 55%] [32mBuilding CXX object CMakeFiles/emcl2_node.dir/src/Pose.cpp.o[0m
[2.401s] [ 33%] [32mBuilding CXX object CMakeFiles/emcl2_node.dir/src/Particle.cpp.o[0m
[2.401s] [ 66%] [32mBuilding CXX object CMakeFiles/emcl2_node.dir/src/LikelihoodFieldMap.cpp.o[0m
[2.401s] [ 77%] [32mBuilding CXX object CMakeFiles/emcl2_node.dir/src/emcl2_node.cpp.o[0m
[2.401s] [ 88%] [32mBuilding CXX object CMakeFiles/emcl2_node.dir/src/Scan.cpp.o[0m
[31.625s] [100%] [32m[1mLinking CXX executable emcl2_node[0m
[31.840s] [100%] Built target emcl2_node
[31.851s] Invoked command in '/home/rover/kameyama_ws/build/emcl2' returned '0': CMAKE_PREFIX_PATH=${CMAKE_PREFIX_PATH}:/home/rover/amir_basic_ws/install/camera_calibration:/opt/ros/humble /usr/bin/cmake --build /home/rover/kameyama_ws/build/emcl2 -- -j12 -l12
[31.852s] Invoking command in '/home/rover/kameyama_ws/build/emcl2': CMAKE_PREFIX_PATH=${CMAKE_PREFIX_PATH}:/home/rover/amir_basic_ws/install/camera_calibration:/opt/ros/humble /usr/bin/cmake --install /home/rover/kameyama_ws/build/emcl2
[31.864s] -- Install configuration: ""
[31.864s] -- Execute custom install script
[31.865s] -- Up-to-date symlink: /home/rover/kameyama_ws/install/emcl2/lib/emcl2/test.bash
[31.865s] -- Up-to-date symlink: /home/rover/kameyama_ws/install/emcl2/lib/emcl2/test_gui.bash
[31.865s] -- Up-to-date symlink: /home/rover/kameyama_ws/install/emcl2/include/emcl2/ExpResetMcl2.h
[31.866s] -- Up-to-date symlink: /home/rover/kameyama_ws/install/emcl2/include/emcl2/LikelihoodFieldMap.h
[31.866s] -- Up-to-date symlink: /home/rover/kameyama_ws/install/emcl2/include/emcl2/Mcl.h
[31.866s] -- Up-to-date symlink: /home/rover/kameyama_ws/install/emcl2/include/emcl2/OdomModel.h
[31.866s] -- Up-to-date symlink: /home/rover/kameyama_ws/install/emcl2/include/emcl2/Particle.h
[31.866s] -- Up-to-date symlink: /home/rover/kameyama_ws/install/emcl2/include/emcl2/Pose.h
[31.866s] -- Up-to-date symlink: /home/rover/kameyama_ws/install/emcl2/include/emcl2/Scan.h
[31.866s] -- Up-to-date symlink: /home/rover/kameyama_ws/install/emcl2/include/emcl2/emcl2_node.h
[31.867s] -- Up-to-date symlink: /home/rover/kameyama_ws/install/emcl2/lib/emcl2/emcl2_node
[31.868s] -- Up-to-date symlink: /home/rover/kameyama_ws/install/emcl2/share/emcl2/config/emcl2.param.yaml
[31.868s] -- Up-to-date symlink: /home/rover/kameyama_ws/install/emcl2/share/emcl2/config/emcl2_quick_start.param.yaml
[31.868s] -- Up-to-date symlink: /home/rover/kameyama_ws/install/emcl2/share/emcl2/launch/emcl2.launch.py
[31.869s] -- Up-to-date symlink: /home/rover/kameyama_ws/install/emcl2/share/emcl2/test/demo.bash
[31.869s] -- Up-to-date symlink: /home/rover/kameyama_ws/install/emcl2/share/emcl2/test/test.bash
[31.869s] -- Up-to-date symlink: /home/rover/kameyama_ws/install/emcl2/share/emcl2/test/test.launch.xml
[31.869s] -- Up-to-date symlink: /home/rover/kameyama_ws/install/emcl2/share/emcl2/test/test_gui.bash
[31.870s] -- Up-to-date symlink: /home/rover/kameyama_ws/install/emcl2/share/ament_index/resource_index/package_run_dependencies/emcl2
[31.870s] -- Up-to-date symlink: /home/rover/kameyama_ws/install/emcl2/share/ament_index/resource_index/parent_prefix_path/emcl2
[31.870s] -- Up-to-date symlink: /home/rover/kameyama_ws/install/emcl2/share/emcl2/environment/ament_prefix_path.sh
[31.870s] -- Up-to-date symlink: /home/rover/kameyama_ws/install/emcl2/share/emcl2/environment/ament_prefix_path.dsv
[31.870s] -- Up-to-date symlink: /home/rover/kameyama_ws/install/emcl2/share/emcl2/environment/path.sh
[31.871s] -- Up-to-date symlink: /home/rover/kameyama_ws/install/emcl2/share/emcl2/environment/path.dsv
[31.871s] -- Up-to-date symlink: /home/rover/kameyama_ws/install/emcl2/share/emcl2/local_setup.bash
[31.871s] -- Up-to-date symlink: /home/rover/kameyama_ws/install/emcl2/share/emcl2/local_setup.sh
[31.871s] -- Up-to-date symlink: /home/rover/kameyama_ws/install/emcl2/share/emcl2/local_setup.zsh
[31.871s] -- Up-to-date symlink: /home/rover/kameyama_ws/install/emcl2/share/emcl2/local_setup.dsv
[31.871s] -- Symlinking: /home/rover/kameyama_ws/install/emcl2/share/emcl2/package.dsv
[31.884s] -- Up-to-date symlink: /home/rover/kameyama_ws/install/emcl2/share/ament_index/resource_index/packages/emcl2
[31.885s] -- Up-to-date symlink: /home/rover/kameyama_ws/install/emcl2/share/emcl2/cmake/ament_cmake_export_dependencies-extras.cmake
[31.885s] -- Up-to-date symlink: /home/rover/kameyama_ws/install/emcl2/share/emcl2/cmake/ament_cmake_export_include_directories-extras.cmake
[31.885s] -- Up-to-date symlink: /home/rover/kameyama_ws/install/emcl2/share/emcl2/cmake/emcl2Config.cmake
[31.885s] -- Up-to-date symlink: /home/rover/kameyama_ws/install/emcl2/share/emcl2/cmake/emcl2Config-version.cmake
[31.885s] -- Up-to-date symlink: /home/rover/kameyama_ws/install/emcl2/share/emcl2/package.xml
[31.888s] Invoked command in '/home/rover/kameyama_ws/build/emcl2' returned '0': CMAKE_PREFIX_PATH=${CMAKE_PREFIX_PATH}:/home/rover/amir_basic_ws/install/camera_calibration:/opt/ros/humble /usr/bin/cmake --install /home/rover/kameyama_ws/build/emcl2
