[0.060s] Invoking command in '/home/rover/kameyama_ws/build/slam_toolbox': CMAKE_PREFIX_PATH=${CMAKE_PREFIX_PATH}:/home/rover/amir_basic_ws/install/nav2_simple_commander:/home/rover/amir_basic_ws/install/camera_calibration:/opt/ros/humble /usr/bin/cmake /home/rover/kameyama_ws/src/slam_toolbox -DAMENT_CMAKE_SYMLINK_INSTALL=1 -DCMAKE_INSTALL_PREFIX=/home/rover/kameyama_ws/install/slam_toolbox
[1.103s] -- The C compiler identification is GNU 11.4.0
[1.103s] -- The CXX compiler identification is GNU 11.4.0
[1.103s] -- Detecting C compiler ABI info
[1.103s] -- Detecting C compiler ABI info - done
[1.103s] -- Check for working C compiler: /usr/bin/cc - skipped
[1.103s] -- Detecting C compile features
[1.103s] -- Detecting C compile features - done
[1.103s] -- Detecting CXX compiler ABI info
[1.104s] -- Detecting CXX compiler ABI info - done
[1.104s] -- Check for working CXX compiler: /usr/bin/c++ - skipped
[1.104s] -- Detecting CXX compile features
[1.104s] -- Detecting CXX compile features - done
[1.104s] -- Found ament_cmake: 1.3.11 (/opt/ros/humble/share/ament_cmake/cmake)
[1.394s] -- Found Python3: /usr/bin/python3 (found version "3.10.12") found components: Interpreter 
[1.463s] -- Override CMake install command with custom implementation using symlinks instead of copying resources
[1.573s] -- Found message_filters: 4.3.5 (/opt/ros/humble/share/message_filters/cmake)
[1.691s] -- Found rosidl_generator_c: 3.1.6 (/opt/ros/humble/share/rosidl_generator_c/cmake)
[1.705s] -- Found rosidl_adapter: 3.1.6 (/opt/ros/humble/share/rosidl_adapter/cmake)
[1.725s] -- Found rosidl_generator_cpp: 3.1.6 (/opt/ros/humble/share/rosidl_generator_cpp/cmake)
[1.750s] -- Using all available rosidl_typesupport_c: rosidl_typesupport_fastrtps_c;rosidl_typesupport_introspection_c
[1.786s] -- Using all available rosidl_typesupport_cpp: rosidl_typesupport_fastrtps_cpp;rosidl_typesupport_introspection_cpp
[1.886s] -- Found rmw_implementation_cmake: 6.1.2 (/opt/ros/humble/share/rmw_implementation_cmake/cmake)
[1.895s] -- Found rmw_fastrtps_cpp: 6.2.7 (/opt/ros/humble/share/rmw_fastrtps_cpp/cmake)
[2.061s] -- Found OpenSSL: /usr/lib/x86_64-linux-gnu/libcrypto.so (found version "3.0.2")  
[2.103s] -- Found FastRTPS: /opt/ros/humble/include  
[2.165s] -- Using RMW implementation 'rmw_fastrtps_cpp' as default
[2.189s] -- Looking for pthread.h
[2.286s] -- Looking for pthread.h - found
[2.286s] -- Performing Test CMAKE_HAVE_LIBC_PTHREAD
[2.381s] -- Performing Test CMAKE_HAVE_LIBC_PTHREAD - Success
[2.382s] -- Found Threads: TRUE  
[2.457s] -- Found nav_msgs: 4.2.4 (/opt/ros/humble/share/nav_msgs/cmake)
[2.492s] -- Found sensor_msgs: 4.2.4 (/opt/ros/humble/share/sensor_msgs/cmake)
[2.512s] -- Found tf2: 0.25.12 (/opt/ros/humble/share/tf2/cmake)
[2.530s] -- Found tf2_ros: 0.25.12 (/opt/ros/humble/share/tf2_ros/cmake)
[2.661s] -- Found visualization_msgs: 4.2.4 (/opt/ros/humble/share/visualization_msgs/cmake)
[2.683s] -- Found pluginlib: 5.1.0 (/opt/ros/humble/share/pluginlib/cmake)
[2.720s] -- Found tf2_geometry_msgs: 0.25.12 (/opt/ros/humble/share/tf2_geometry_msgs/cmake)
[2.764s] -- Found eigen3_cmake_module: 0.1.1 (/opt/ros/humble/share/eigen3_cmake_module/cmake)
[2.764s] -- Found Eigen3: TRUE (found version "3.4.0") 
[2.764s] -- Ensuring Eigen3 include directory is part of orocos-kdl CMake target
[2.782s] -- Found tf2_sensor_msgs: 0.25.12 (/opt/ros/humble/share/tf2_sensor_msgs/cmake)
[2.793s] -- Found std_srvs: 4.2.4 (/opt/ros/humble/share/std_srvs/cmake)
[2.814s] -- Found rosidl_default_generators: 1.2.0 (/opt/ros/humble/share/rosidl_default_generators/cmake)
[2.842s] -- Found rviz_common: 11.2.16 (/opt/ros/humble/share/rviz_common/cmake)
[2.875s] -- Setting assimp_DIR to: '/opt/ros/humble/share/rviz_assimp_vendor/cmake/../../../opt/rviz_assimp_vendor/lib/cmake/assimp-4.1'
[2.901s] -- Setting OGRE_DIR to: '/opt/ros/humble/share/rviz_ogre_vendor/cmake/../../../opt/rviz_ogre_vendor/lib/OGRE/cmake'
[2.902s] -- Found OGRE
[2.902s] --   static     : OFF
[2.902s] --   components : HLMS;MeshLodGenerator;Overlay;Paging;Property;RTShaderSystem;Terrain;Volume
[2.903s] --   plugins    : Plugin_BSPSceneManager;Plugin_OctreeSceneManager;Plugin_PCZSceneManager;Plugin_ParticleFX;RenderSystem_GL;RenderSystem_GL3Plus;Codec_STBI
[2.903s] --   media      : /opt/ros/humble/opt/rviz_ogre_vendor/share/OGRE/Media
[2.903s] -- OGRE_LIBRARIES: OgreHLMS;OgreMeshLodGenerator;OgreOverlay;OgrePaging;OgreProperty;OgreRTShaderSystem;OgreTerrain;OgreVolume;OgreMain
[2.903s] -- OGRE_LIBRARY_DIRS: /opt/ros/humble/opt/rviz_ogre_vendor/lib
[2.903s] -- OGRE_PLUGINS: Plugin_BSPSceneManager;Plugin_OctreeSceneManager;Plugin_PCZSceneManager;Plugin_ParticleFX;RenderSystem_GL;RenderSystem_GL3Plus;Codec_STBI
[2.903s] -- OGRE_PLUGIN_DIR: /opt/ros/humble/opt/rviz_ogre_vendor/lib/OGRE
[2.904s] -- rviz_ogre_vendor::OgreOverlay for IMPORTED_LOCATION_RELEASE: /opt/ros/humble/opt/rviz_ogre_vendor/lib/libOgreOverlay.so
[2.904s] -- rviz_ogre_vendor::OgreOverlay for IMPORTED_LOCATION_DEBUG: /opt/ros/humble/opt/rviz_ogre_vendor/lib/libOgreOverlay.so
[2.904s] -- rviz_ogre_vendor::OgreMain for IMPORTED_LOCATION_RELEASE: /opt/ros/humble/opt/rviz_ogre_vendor/lib/libOgreMain.so
[2.904s] -- rviz_ogre_vendor::OgreMain for IMPORTED_LOCATION_DEBUG: /opt/ros/humble/opt/rviz_ogre_vendor/lib/libOgreMain.so
[2.938s] -- Found ZLIB: /usr/lib/x86_64-linux-gnu/libz.so (found version "1.2.11") 
[2.952s] -- Found OpenGL: /usr/lib/x86_64-linux-gnu/libOpenGL.so   
[3.144s] -- Found X11: /usr/include   
[3.145s] -- Looking for XOpenDisplay in /usr/lib/x86_64-linux-gnu/libX11.so;/usr/lib/x86_64-linux-gnu/libXext.so
[3.270s] -- Looking for XOpenDisplay in /usr/lib/x86_64-linux-gnu/libX11.so;/usr/lib/x86_64-linux-gnu/libXext.so - found
[3.270s] -- Looking for gethostbyname
[3.446s] -- Looking for gethostbyname - found
[3.447s] -- Looking for connect
[3.649s] -- Looking for connect - found
[3.649s] -- Looking for remove
[3.826s] -- Looking for remove - found
[3.826s] -- Looking for shmat
[3.923s] -- Looking for shmat - found
[3.923s] -- Looking for IceConnectionNumber in ICE
[4.032s] -- Looking for IceConnectionNumber in ICE - found
[4.192s] -- library: /usr/lib/x86_64-linux-gnu/libcurl.so
[4.266s] -- Found rviz_default_plugins: 11.2.16 (/opt/ros/humble/share/rviz_default_plugins/cmake)
[4.410s] -- Found Boost: /usr/lib/x86_64-linux-gnu/cmake/Boost-1.74.0/BoostConfig.cmake (found version "1.74.0") found components: system serialization filesystem thread 
[4.428s] -- Found PkgConfig: /usr/bin/pkg-config (found version "0.29.2") 
[4.443s] -- Found CHOLMOD: /usr/include/suitesparse  
[4.447s] -- Found CSparse: /usr/include/suitesparse  
[4.506s] -- Looking for sgemm_
[4.621s] -- Looking for sgemm_ - not found
[4.760s] -- Looking for sgemm_
[4.878s] -- Looking for sgemm_ - found
[4.879s] -- Found BLAS: /usr/lib/x86_64-linux-gnu/libblas.so  
[4.881s] -- Looking for cheev_
[5.007s] -- Looking for cheev_ - not found
[5.037s] -- Looking for cheev_
[5.142s] -- Looking for cheev_ - not found
[5.142s] -- Looking for cheev_
[5.278s] -- Looking for cheev_ - found
[5.278s] -- Found LAPACK: /usr/lib/x86_64-linux-gnu/liblapack.so;/usr/lib/x86_64-linux-gnu/libblas.so  
[5.290s] -- Found required Ceres dependency: Eigen version 3.4.0 in /usr/include/eigen3
[5.312s] -- Found required Ceres dependency: glog
[5.314s] -- Found required Ceres dependency: gflags
[5.314s] -- Found Ceres version: 2.0.0 installed in: /usr with components: [EigenSparse, SparseLinearAlgebraLibrary, LAPACK, SuiteSparse, CXSparse, SchurSpecializations, Multithreading]
[6.024s] -- Found ament_cmake_ros: 0.10.0 (/opt/ros/humble/share/ament_cmake_ros/cmake)
[6.911s] -- Using all available rosidl_typesupport_c: rosidl_typesupport_fastrtps_c;rosidl_typesupport_introspection_c
[7.260s] -- Using all available rosidl_typesupport_cpp: rosidl_typesupport_fastrtps_cpp;rosidl_typesupport_introspection_cpp
[7.309s] -- Found PythonInterp: /usr/bin/python3 (found suitable version "3.10.12", minimum required is "3.6") 
[7.328s] -- Found python_cmake_module: 0.10.0 (/opt/ros/humble/share/python_cmake_module/cmake)
[7.391s] -- Found PythonLibs: /usr/lib/x86_64-linux-gnu/libpython3.10.so (found suitable version "3.10.12", minimum required is "3.5") 
[7.391s] -- Using PYTHON_EXECUTABLE: /usr/bin/python3
[7.391s] -- Using PYTHON_INCLUDE_DIRS: /usr/include/python3.10
[7.391s] -- Using PYTHON_LIBRARIES: /usr/lib/x86_64-linux-gnu/libpython3.10.so
[7.434s] -- Found PythonExtra: .so  
[7.785s] -- Configuring done
[8.234s] -- Generating done
[8.300s] -- Build files have been written to: /home/rover/kameyama_ws/build/slam_toolbox
[8.333s] Invoked command in '/home/rover/kameyama_ws/build/slam_toolbox' returned '0': CMAKE_PREFIX_PATH=${CMAKE_PREFIX_PATH}:/home/rover/amir_basic_ws/install/nav2_simple_commander:/home/rover/amir_basic_ws/install/camera_calibration:/opt/ros/humble /usr/bin/cmake /home/rover/kameyama_ws/src/slam_toolbox -DAMENT_CMAKE_SYMLINK_INSTALL=1 -DCMAKE_INSTALL_PREFIX=/home/rover/kameyama_ws/install/slam_toolbox
[8.335s] Invoking command in '/home/rover/kameyama_ws/build/slam_toolbox': CMAKE_PREFIX_PATH=${CMAKE_PREFIX_PATH}:/home/rover/amir_basic_ws/install/nav2_simple_commander:/home/rover/amir_basic_ws/install/camera_calibration:/opt/ros/humble /usr/bin/cmake --build /home/rover/kameyama_ws/build/slam_toolbox -- -j12 -l12
[8.451s] [  1%] [34m[1mGenerating C code for ROS interfaces[0m
[8.486s] [  2%] [34m[1mGenerating C++ code for ROS interfaces[0m
[8.515s] [  2%] [32mBuilding CXX object lib/karto_sdk/CMakeFiles/kartoSlamToolbox.dir/src/Karto.cpp.o[0m
[8.516s] [  2%] Built target ament_cmake_python_symlink_slam_toolbox
[8.535s] [  3%] [32mBuilding CXX object lib/karto_sdk/CMakeFiles/kartoSlamToolbox.dir/src/Mapper.cpp.o[0m
[9.586s] running egg_info
[9.587s] creating slam_toolbox.egg-info
[9.689s] writing slam_toolbox.egg-info/PKG-INFO
[9.783s] writing dependency_links to slam_toolbox.egg-info/dependency_links.txt
[10.482s] writing top-level names to slam_toolbox.egg-info/top_level.txt
[10.483s] writing manifest file 'slam_toolbox.egg-info/SOURCES.txt'
[10.489s] [  4%] [32mBuilding C object CMakeFiles/slam_toolbox__rosidl_generator_c.dir/rosidl_generator_c/slam_toolbox/srv/detail/clear__functions.c.o[0m
[10.489s] [  5%] [32mBuilding C object CMakeFiles/slam_toolbox__rosidl_generator_c.dir/rosidl_generator_c/slam_toolbox/srv/detail/pause__functions.c.o[0m
[10.491s] [  5%] [32mBuilding C object CMakeFiles/slam_toolbox__rosidl_generator_c.dir/rosidl_generator_c/slam_toolbox/srv/detail/clear_queue__functions.c.o[0m
[10.496s] [  6%] [32mBuilding C object CMakeFiles/slam_toolbox__rosidl_generator_c.dir/rosidl_generator_c/slam_toolbox/srv/detail/toggle_interactive__functions.c.o[0m
[10.527s] [  7%] [32mBuilding C object CMakeFiles/slam_toolbox__rosidl_generator_c.dir/rosidl_generator_c/slam_toolbox/srv/detail/save_map__functions.c.o[0m
[10.568s] [  7%] [32mBuilding C object CMakeFiles/slam_toolbox__rosidl_generator_c.dir/rosidl_generator_c/slam_toolbox/srv/detail/loop_closure__functions.c.o[0m
[10.586s] [  8%] [32mBuilding C object CMakeFiles/slam_toolbox__rosidl_generator_c.dir/rosidl_generator_c/slam_toolbox/srv/detail/merge_maps__functions.c.o[0m
[10.620s] [  9%] [32mBuilding C object CMakeFiles/slam_toolbox__rosidl_generator_c.dir/rosidl_generator_c/slam_toolbox/srv/detail/add_submap__functions.c.o[0m
[10.680s] reading manifest file 'slam_toolbox.egg-info/SOURCES.txt'
[10.686s] writing manifest file 'slam_toolbox.egg-info/SOURCES.txt'
[10.799s] [  9%] Built target ament_cmake_python_build_slam_toolbox_egg
[10.827s] [  9%] [32mBuilding C object CMakeFiles/slam_toolbox__rosidl_generator_c.dir/rosidl_generator_c/slam_toolbox/srv/detail/deserialize_pose_graph__functions.c.o[0m
[10.836s] [ 10%] [32mBuilding C object CMakeFiles/slam_toolbox__rosidl_generator_c.dir/rosidl_generator_c/slam_toolbox/srv/detail/serialize_pose_graph__functions.c.o[0m
[10.878s] [ 10%] Built target slam_toolbox__cpp
[10.929s] [ 11%] [34m[1mGenerating C++ type support for eProsima Fast-RTPS[0m
[10.946s] [ 12%] [34m[1mGenerating C++ introspection for ROS interfaces[0m
[10.999s] [ 12%] [34m[1mGenerating C++ type support dispatch for ROS interfaces[0m
[11.222s] [ 13%] [32m[1mLinking C shared library libslam_toolbox__rosidl_generator_c.so[0m
[11.394s] [ 13%] Built target slam_toolbox__rosidl_generator_c
[11.457s] [ 13%] [34m[1mGenerating C type support dispatch for ROS interfaces[0m
[11.457s] [ 14%] [34m[1mGenerating C introspection for ROS interfaces[0m
[11.467s] [ 15%] [34m[1mGenerating C type support for eProsima Fast-RTPS[0m
[12.111s] [ 16%] [32mBuilding CXX object CMakeFiles/slam_toolbox__rosidl_typesupport_cpp.dir/rosidl_typesupport_cpp/slam_toolbox/srv/pause__type_support.cpp.o[0m
[12.141s] [ 17%] [32mBuilding CXX object CMakeFiles/slam_toolbox__rosidl_typesupport_cpp.dir/rosidl_typesupport_cpp/slam_toolbox/srv/clear_queue__type_support.cpp.o[0m
[12.141s] [ 18%] [32mBuilding CXX object CMakeFiles/slam_toolbox__rosidl_typesupport_cpp.dir/rosidl_typesupport_cpp/slam_toolbox/srv/toggle_interactive__type_support.cpp.o[0m
[12.155s] [ 19%] [32mBuilding CXX object CMakeFiles/slam_toolbox__rosidl_typesupport_cpp.dir/rosidl_typesupport_cpp/slam_toolbox/srv/save_map__type_support.cpp.o[0m
[12.157s] [ 19%] [32mBuilding CXX object CMakeFiles/slam_toolbox__rosidl_typesupport_cpp.dir/rosidl_typesupport_cpp/slam_toolbox/srv/clear__type_support.cpp.o[0m
[12.618s] [ 20%] [32mBuilding CXX object CMakeFiles/slam_toolbox__rosidl_typesupport_cpp.dir/rosidl_typesupport_cpp/slam_toolbox/srv/loop_closure__type_support.cpp.o[0m
[12.764s] [ 20%] [32mBuilding CXX object CMakeFiles/slam_toolbox__rosidl_typesupport_cpp.dir/rosidl_typesupport_cpp/slam_toolbox/srv/merge_maps__type_support.cpp.o[0m
[12.840s] [ 21%] [32mBuilding CXX object CMakeFiles/slam_toolbox__rosidl_typesupport_cpp.dir/rosidl_typesupport_cpp/slam_toolbox/srv/add_submap__type_support.cpp.o[0m
[13.120s] [ 22%] [32mBuilding CXX object CMakeFiles/slam_toolbox__rosidl_typesupport_cpp.dir/rosidl_typesupport_cpp/slam_toolbox/srv/deserialize_pose_graph__type_support.cpp.o[0m
[13.134s] [ 23%] [32mBuilding CXX object CMakeFiles/slam_toolbox__rosidl_typesupport_cpp.dir/rosidl_typesupport_cpp/slam_toolbox/srv/serialize_pose_graph__type_support.cpp.o[0m
[13.386s] [ 24%] [32mBuilding CXX object CMakeFiles/slam_toolbox__rosidl_typesupport_c.dir/rosidl_typesupport_c/slam_toolbox/srv/pause__type_support.cpp.o[0m
[13.389s] [ 25%] [32mBuilding CXX object CMakeFiles/slam_toolbox__rosidl_typesupport_c.dir/rosidl_typesupport_c/slam_toolbox/srv/clear_queue__type_support.cpp.o[0m
[13.421s] [ 26%] [32mBuilding CXX object CMakeFiles/slam_toolbox__rosidl_typesupport_c.dir/rosidl_typesupport_c/slam_toolbox/srv/toggle_interactive__type_support.cpp.o[0m
[13.523s] [ 26%] [32mBuilding CXX object CMakeFiles/slam_toolbox__rosidl_typesupport_c.dir/rosidl_typesupport_c/slam_toolbox/srv/clear__type_support.cpp.o[0m
[13.552s] [ 27%] [32mBuilding CXX object CMakeFiles/slam_toolbox__rosidl_typesupport_c.dir/rosidl_typesupport_c/slam_toolbox/srv/save_map__type_support.cpp.o[0m
[13.580s] [ 28%] [32mBuilding CXX object CMakeFiles/slam_toolbox__rosidl_typesupport_fastrtps_c.dir/rosidl_typesupport_fastrtps_c/slam_toolbox/srv/detail/pause__type_support_c.cpp.o[0m
[13.580s] [ 29%] [32mBuilding CXX object CMakeFiles/slam_toolbox__rosidl_typesupport_fastrtps_cpp.dir/rosidl_typesupport_fastrtps_cpp/slam_toolbox/srv/detail/dds_fastrtps/pause__type_support.cpp.o[0m
[13.592s] [ 29%] [32mBuilding CXX object CMakeFiles/slam_toolbox__rosidl_typesupport_fastrtps_c.dir/rosidl_typesupport_fastrtps_c/slam_toolbox/srv/detail/clear_queue__type_support_c.cpp.o[0m
[13.602s] [ 30%] [32mBuilding CXX object CMakeFiles/slam_toolbox__rosidl_typesupport_fastrtps_c.dir/rosidl_typesupport_fastrtps_c/slam_toolbox/srv/detail/toggle_interactive__type_support_c.cpp.o[0m
[13.639s] [ 31%] [32mBuilding CXX object CMakeFiles/slam_toolbox__rosidl_typesupport_fastrtps_c.dir/rosidl_typesupport_fastrtps_c/slam_toolbox/srv/detail/save_map__type_support_c.cpp.o[0m
[13.639s] [ 32%] [32mBuilding CXX object CMakeFiles/slam_toolbox__rosidl_typesupport_fastrtps_c.dir/rosidl_typesupport_fastrtps_c/slam_toolbox/srv/detail/clear__type_support_c.cpp.o[0m
[13.706s] [ 33%] [32mBuilding CXX object CMakeFiles/slam_toolbox__rosidl_typesupport_c.dir/rosidl_typesupport_c/slam_toolbox/srv/loop_closure__type_support.cpp.o[0m
[13.742s] [ 33%] [32mBuilding CXX object CMakeFiles/slam_toolbox__rosidl_typesupport_introspection_cpp.dir/rosidl_typesupport_introspection_cpp/slam_toolbox/srv/detail/pause__type_support.cpp.o[0m
[13.823s] [ 33%] [32mBuilding CXX object CMakeFiles/slam_toolbox__rosidl_typesupport_c.dir/rosidl_typesupport_c/slam_toolbox/srv/merge_maps__type_support.cpp.o[0m
[13.961s] [ 34%] [32mBuilding CXX object CMakeFiles/slam_toolbox__rosidl_typesupport_c.dir/rosidl_typesupport_c/slam_toolbox/srv/add_submap__type_support.cpp.o[0m
[14.025s] [ 34%] [32m[1mLinking CXX shared library libslam_toolbox__rosidl_typesupport_cpp.so[0m
[14.027s] [ 35%] [32mBuilding CXX object CMakeFiles/slam_toolbox__rosidl_typesupport_introspection_cpp.dir/rosidl_typesupport_introspection_cpp/slam_toolbox/srv/detail/clear_queue__type_support.cpp.o[0m
[14.129s] [ 36%] [32mBuilding CXX object CMakeFiles/slam_toolbox__rosidl_typesupport_c.dir/rosidl_typesupport_c/slam_toolbox/srv/deserialize_pose_graph__type_support.cpp.o[0m
[14.147s] [ 37%] [32mBuilding CXX object CMakeFiles/slam_toolbox__rosidl_typesupport_c.dir/rosidl_typesupport_c/slam_toolbox/srv/serialize_pose_graph__type_support.cpp.o[0m
[14.153s] [ 37%] Built target slam_toolbox__rosidl_typesupport_cpp
[14.177s] [ 37%] [32mBuilding C object CMakeFiles/slam_toolbox__rosidl_typesupport_introspection_c.dir/rosidl_typesupport_introspection_c/slam_toolbox/srv/detail/pause__type_support.c.o[0m
[14.198s] [ 38%] [32mBuilding CXX object CMakeFiles/slam_toolbox__rosidl_typesupport_introspection_cpp.dir/rosidl_typesupport_introspection_cpp/slam_toolbox/srv/detail/toggle_interactive__type_support.cpp.o[0m
[14.225s] [ 38%] [34m[1mGenerating rviz_plugin/moc_slam_toolbox_rviz_plugin.cpp[0m
[14.239s] [ 38%] [32m[1mLinking CXX shared library libslam_toolbox__rosidl_typesupport_c.so[0m
[14.269s] [ 39%] [32mBuilding C object CMakeFiles/slam_toolbox__rosidl_typesupport_introspection_c.dir/rosidl_typesupport_introspection_c/slam_toolbox/srv/detail/clear_queue__type_support.c.o[0m
[14.352s] [ 40%] [32mBuilding CXX object CMakeFiles/SlamToolboxPlugin.dir/rviz_plugin/slam_toolbox_rviz_plugin.cpp.o[0m
[14.429s] [ 40%] [32mBuilding CXX object CMakeFiles/slam_toolbox__rosidl_typesupport_fastrtps_c.dir/rosidl_typesupport_fastrtps_c/slam_toolbox/srv/detail/loop_closure__type_support_c.cpp.o[0m
[14.433s] [ 40%] Built target slam_toolbox__rosidl_typesupport_c
[14.446s] [ 41%] [32mBuilding C object CMakeFiles/slam_toolbox__rosidl_typesupport_introspection_c.dir/rosidl_typesupport_introspection_c/slam_toolbox/srv/detail/toggle_interactive__type_support.c.o[0m
[14.489s] [ 42%] [32mBuilding CXX object CMakeFiles/slam_toolbox__rosidl_typesupport_fastrtps_c.dir/rosidl_typesupport_fastrtps_c/slam_toolbox/srv/detail/merge_maps__type_support_c.cpp.o[0m
[14.578s] [ 42%] [32mBuilding CXX object CMakeFiles/slam_toolbox__rosidl_typesupport_fastrtps_cpp.dir/rosidl_typesupport_fastrtps_cpp/slam_toolbox/srv/detail/dds_fastrtps/clear_queue__type_support.cpp.o[0m
[14.578s] [ 42%] [32mBuilding C object CMakeFiles/slam_toolbox__rosidl_typesupport_introspection_c.dir/rosidl_typesupport_introspection_c/slam_toolbox/srv/detail/clear__type_support.c.o[0m
[14.635s] [ 43%] [32mBuilding CXX object CMakeFiles/SlamToolboxPlugin.dir/rviz_plugin/moc_slam_toolbox_rviz_plugin.cpp.o[0m
[14.699s] [ 44%] [32mBuilding CXX object CMakeFiles/slam_toolbox__rosidl_typesupport_fastrtps_cpp.dir/rosidl_typesupport_fastrtps_cpp/slam_toolbox/srv/detail/dds_fastrtps/toggle_interactive__type_support.cpp.o[0m
[14.706s] [ 45%] [32mBuilding C object CMakeFiles/slam_toolbox__rosidl_typesupport_introspection_c.dir/rosidl_typesupport_introspection_c/slam_toolbox/srv/detail/save_map__type_support.c.o[0m
[14.715s] [ 46%] [32mBuilding CXX object CMakeFiles/slam_toolbox__rosidl_typesupport_fastrtps_cpp.dir/rosidl_typesupport_fastrtps_cpp/slam_toolbox/srv/detail/dds_fastrtps/clear__type_support.cpp.o[0m
[14.766s] [ 47%] [32mBuilding CXX object CMakeFiles/slam_toolbox__rosidl_typesupport_fastrtps_c.dir/rosidl_typesupport_fastrtps_c/slam_toolbox/srv/detail/add_submap__type_support_c.cpp.o[0m
[14.844s] [ 48%] [32mBuilding C object CMakeFiles/slam_toolbox__rosidl_typesupport_introspection_c.dir/rosidl_typesupport_introspection_c/slam_toolbox/srv/detail/loop_closure__type_support.c.o[0m
[14.897s] [ 48%] [32mBuilding CXX object CMakeFiles/slam_toolbox__rosidl_typesupport_introspection_cpp.dir/rosidl_typesupport_introspection_cpp/slam_toolbox/srv/detail/clear__type_support.cpp.o[0m
[14.999s] [ 49%] [32mBuilding C object CMakeFiles/slam_toolbox__rosidl_typesupport_introspection_c.dir/rosidl_typesupport_introspection_c/slam_toolbox/srv/detail/merge_maps__type_support.c.o[0m
[15.156s] [ 49%] [32mBuilding C object CMakeFiles/slam_toolbox__rosidl_typesupport_introspection_c.dir/rosidl_typesupport_introspection_c/slam_toolbox/srv/detail/add_submap__type_support.c.o[0m
[15.265s] [ 50%] [32mBuilding C object CMakeFiles/slam_toolbox__rosidl_typesupport_introspection_c.dir/rosidl_typesupport_introspection_c/slam_toolbox/srv/detail/deserialize_pose_graph__type_support.c.o[0m
[15.304s] [ 51%] [32mBuilding C object CMakeFiles/slam_toolbox__rosidl_typesupport_introspection_c.dir/rosidl_typesupport_introspection_c/slam_toolbox/srv/detail/serialize_pose_graph__type_support.c.o[0m
[15.391s] [ 52%] [32mBuilding CXX object CMakeFiles/slam_toolbox__rosidl_typesupport_introspection_cpp.dir/rosidl_typesupport_introspection_cpp/slam_toolbox/srv/detail/save_map__type_support.cpp.o[0m
[15.398s] [ 53%] [32mBuilding CXX object CMakeFiles/slam_toolbox__rosidl_typesupport_introspection_cpp.dir/rosidl_typesupport_introspection_cpp/slam_toolbox/srv/detail/loop_closure__type_support.cpp.o[0m
[15.433s] [ 53%] [32m[1mLinking C shared library libslam_toolbox__rosidl_typesupport_introspection_c.so[0m
[15.559s] [ 53%] Built target slam_toolbox__rosidl_typesupport_introspection_c
[15.595s] [ 54%] [32mBuilding CXX object CMakeFiles/slam_toolbox__rosidl_typesupport_fastrtps_cpp.dir/rosidl_typesupport_fastrtps_cpp/slam_toolbox/srv/detail/dds_fastrtps/save_map__type_support.cpp.o[0m
[15.828s] [ 55%] [32mBuilding CXX object CMakeFiles/slam_toolbox__rosidl_typesupport_introspection_cpp.dir/rosidl_typesupport_introspection_cpp/slam_toolbox/srv/detail/merge_maps__type_support.cpp.o[0m
[15.911s] [ 55%] [32mBuilding CXX object CMakeFiles/slam_toolbox__rosidl_typesupport_fastrtps_cpp.dir/rosidl_typesupport_fastrtps_cpp/slam_toolbox/srv/detail/dds_fastrtps/loop_closure__type_support.cpp.o[0m
[15.954s] [ 55%] [32mBuilding CXX object CMakeFiles/slam_toolbox__rosidl_typesupport_introspection_cpp.dir/rosidl_typesupport_introspection_cpp/slam_toolbox/srv/detail/add_submap__type_support.cpp.o[0m
[15.979s] [ 55%] [32mBuilding CXX object CMakeFiles/slam_toolbox__rosidl_typesupport_fastrtps_c.dir/rosidl_typesupport_fastrtps_c/slam_toolbox/srv/detail/deserialize_pose_graph__type_support_c.cpp.o[0m
[15.994s] [ 56%] [32mBuilding CXX object CMakeFiles/slam_toolbox__rosidl_typesupport_fastrtps_cpp.dir/rosidl_typesupport_fastrtps_cpp/slam_toolbox/srv/detail/dds_fastrtps/merge_maps__type_support.cpp.o[0m
[16.022s] [ 57%] [32mBuilding CXX object CMakeFiles/slam_toolbox__rosidl_typesupport_fastrtps_c.dir/rosidl_typesupport_fastrtps_c/slam_toolbox/srv/detail/serialize_pose_graph__type_support_c.cpp.o[0m
[16.556s] [ 58%] [32mBuilding CXX object CMakeFiles/slam_toolbox__rosidl_typesupport_introspection_cpp.dir/rosidl_typesupport_introspection_cpp/slam_toolbox/srv/detail/deserialize_pose_graph__type_support.cpp.o[0m
[16.619s] [ 59%] [32mBuilding CXX object CMakeFiles/slam_toolbox__rosidl_typesupport_fastrtps_cpp.dir/rosidl_typesupport_fastrtps_cpp/slam_toolbox/srv/detail/dds_fastrtps/add_submap__type_support.cpp.o[0m
[16.621s] [ 60%] [32mBuilding CXX object CMakeFiles/slam_toolbox__rosidl_typesupport_introspection_cpp.dir/rosidl_typesupport_introspection_cpp/slam_toolbox/srv/detail/serialize_pose_graph__type_support.cpp.o[0m
[16.681s] [ 60%] [32mBuilding CXX object CMakeFiles/slam_toolbox__rosidl_typesupport_fastrtps_cpp.dir/rosidl_typesupport_fastrtps_cpp/slam_toolbox/srv/detail/dds_fastrtps/deserialize_pose_graph__type_support.cpp.o[0m
[16.957s] [ 61%] [32mBuilding CXX object CMakeFiles/slam_toolbox__rosidl_typesupport_fastrtps_cpp.dir/rosidl_typesupport_fastrtps_cpp/slam_toolbox/srv/detail/dds_fastrtps/serialize_pose_graph__type_support.cpp.o[0m
[17.451s] [ 62%] [32m[1mLinking CXX shared library libslam_toolbox__rosidl_typesupport_fastrtps_cpp.so[0m
[17.467s] [ 63%] [32m[1mLinking CXX shared library libslam_toolbox__rosidl_typesupport_fastrtps_c.so[0m
[17.602s] [ 63%] Built target slam_toolbox__rosidl_typesupport_fastrtps_cpp
[17.624s] [ 63%] [32m[1mLinking CXX shared library libslam_toolbox__rosidl_typesupport_introspection_cpp.so[0m
[17.624s] [ 63%] Built target slam_toolbox__rosidl_typesupport_fastrtps_c
[17.723s] [ 63%] Built target slam_toolbox__rosidl_typesupport_introspection_cpp
[17.763s] [ 63%] Built target slam_toolbox
[17.806s] [ 63%] [34m[1mGenerating Python code for ROS interfaces[0m
[19.388s] [ 63%] Built target slam_toolbox__py
[19.429s] [ 64%] [32mBuilding C object CMakeFiles/slam_toolbox__rosidl_generator_py.dir/rosidl_generator_py/slam_toolbox/srv/_pause_s.c.o[0m
[19.443s] [ 64%] [32mBuilding C object CMakeFiles/slam_toolbox__rosidl_generator_py.dir/rosidl_generator_py/slam_toolbox/srv/_save_map_s.c.o[0m
[19.444s] [ 64%] [32mBuilding C object CMakeFiles/slam_toolbox__rosidl_generator_py.dir/rosidl_generator_py/slam_toolbox/srv/_clear_queue_s.c.o[0m
[19.451s] [ 66%] [32mBuilding C object CMakeFiles/slam_toolbox__rosidl_generator_py.dir/rosidl_generator_py/slam_toolbox/srv/_toggle_interactive_s.c.o[0m
[19.453s] [ 66%] [32mBuilding C object CMakeFiles/slam_toolbox__rosidl_generator_py.dir/rosidl_generator_py/slam_toolbox/srv/_clear_s.c.o[0m
[19.611s] [ 66%] [32mBuilding C object CMakeFiles/slam_toolbox__rosidl_generator_py.dir/rosidl_generator_py/slam_toolbox/srv/_deserialize_pose_graph_s.c.o[0m
[19.619s] [ 67%] [32mBuilding C object CMakeFiles/slam_toolbox__rosidl_generator_py.dir/rosidl_generator_py/slam_toolbox/srv/_add_submap_s.c.o[0m
[19.646s] [ 68%] [32mBuilding C object CMakeFiles/slam_toolbox__rosidl_generator_py.dir/rosidl_generator_py/slam_toolbox/srv/_serialize_pose_graph_s.c.o[0m
[19.650s] [ 69%] [32mBuilding C object CMakeFiles/slam_toolbox__rosidl_generator_py.dir/rosidl_generator_py/slam_toolbox/srv/_merge_maps_s.c.o[0m
[19.695s] [ 70%] [32mBuilding C object CMakeFiles/slam_toolbox__rosidl_generator_py.dir/rosidl_generator_py/slam_toolbox/srv/_loop_closure_s.c.o[0m
[19.879s] [ 71%] [32m[1mLinking C shared library rosidl_generator_py/slam_toolbox/libslam_toolbox__rosidl_generator_py.so[0m
[19.942s] [ 71%] Built target slam_toolbox__rosidl_generator_py
[19.983s] [ 73%] [32mBuilding C object CMakeFiles/slam_toolbox__rosidl_typesupport_fastrtps_c__pyext.dir/rosidl_generator_py/slam_toolbox/_slam_toolbox_s.ep.rosidl_typesupport_fastrtps_c.c.o[0m
[19.984s] [ 73%] [32mBuilding C object CMakeFiles/slam_toolbox__rosidl_typesupport_introspection_c__pyext.dir/rosidl_generator_py/slam_toolbox/_slam_toolbox_s.ep.rosidl_typesupport_introspection_c.c.o[0m
[19.985s] [ 74%] [32mBuilding C object CMakeFiles/slam_toolbox__rosidl_typesupport_c__pyext.dir/rosidl_generator_py/slam_toolbox/_slam_toolbox_s.ep.rosidl_typesupport_c.c.o[0m
[20.347s] [ 75%] [32m[1mLinking C shared library rosidl_generator_py/slam_toolbox/slam_toolbox_s__rosidl_typesupport_introspection_c.cpython-310-x86_64-linux-gnu.so[0m
[20.356s] [ 75%] [32m[1mLinking C shared library rosidl_generator_py/slam_toolbox/slam_toolbox_s__rosidl_typesupport_fastrtps_c.cpython-310-x86_64-linux-gnu.so[0m
[20.404s] [ 76%] [32m[1mLinking C shared library rosidl_generator_py/slam_toolbox/slam_toolbox_s__rosidl_typesupport_c.cpython-310-x86_64-linux-gnu.so[0m
[20.438s] [ 76%] Built target slam_toolbox__rosidl_typesupport_introspection_c__pyext
[20.446s] [ 76%] Built target slam_toolbox__rosidl_typesupport_fastrtps_c__pyext
[20.479s] [ 76%] Built target slam_toolbox__rosidl_typesupport_c__pyext
[30.234s] [ 77%] [32m[1mLinking CXX shared library libkartoSlamToolbox.so[0m
[30.513s] [ 77%] Built target kartoSlamToolbox
[30.542s] [ 78%] [32mBuilding CXX object CMakeFiles/toolbox_common.dir/src/slam_toolbox_common.cpp.o[0m
[30.544s] [ 79%] [32mBuilding CXX object CMakeFiles/ceres_solver_plugin.dir/solvers/ceres_solver.cpp.o[0m
[30.545s] [ 80%] [32mBuilding CXX object CMakeFiles/toolbox_common.dir/src/map_saver.cpp.o[0m
[30.545s] [ 81%] [32mBuilding CXX object CMakeFiles/toolbox_common.dir/src/slam_mapper.cpp.o[0m
[30.545s] [ 82%] [32mBuilding CXX object CMakeFiles/toolbox_common.dir/src/loop_closure_assistant.cpp.o[0m
[30.545s] [ 82%] [32mBuilding CXX object CMakeFiles/toolbox_common.dir/src/laser_utils.cpp.o[0m
[33.216s] [ 82%] [32m[1mLinking CXX shared library libSlamToolboxPlugin.so[0m
[34.388s] [ 82%] Built target SlamToolboxPlugin
[44.302s] [ 83%] [32m[1mLinking CXX shared library libceres_solver_plugin.so[0m
[44.705s] [ 83%] Built target ceres_solver_plugin
[61.326s] [ 84%] [32m[1mLinking CXX shared library libtoolbox_common.so[0m
[62.338s] [ 84%] Built target toolbox_common
[62.407s] [ 84%] [32mBuilding CXX object CMakeFiles/localization_slam_toolbox.dir/src/slam_toolbox_localization.cpp.o[0m
[62.412s] [ 85%] [32mBuilding CXX object CMakeFiles/sync_slam_toolbox.dir/src/slam_toolbox_sync.cpp.o[0m
[62.414s] [ 86%] [32mBuilding CXX object CMakeFiles/lifelong_slam_toolbox.dir/src/experimental/slam_toolbox_lifelong.cpp.o[0m
[62.420s] [ 87%] [32mBuilding CXX object CMakeFiles/async_slam_toolbox.dir/src/slam_toolbox_async.cpp.o[0m
[62.422s] [ 88%] [32mBuilding CXX object CMakeFiles/merge_maps_kinematic.dir/src/merge_maps_kinematic.cpp.o[0m
[74.564s] [ 89%] [32m[1mLinking CXX shared library libsync_slam_toolbox.so[0m
[74.904s] [ 89%] Built target sync_slam_toolbox
[74.933s] [ 90%] [32mBuilding CXX object CMakeFiles/sync_slam_toolbox_node.dir/src/slam_toolbox_sync_node.cpp.o[0m
[75.227s] [ 91%] [32m[1mLinking CXX shared library libasync_slam_toolbox.so[0m
[75.552s] [ 91%] Built target async_slam_toolbox
[75.580s] [ 92%] [32mBuilding CXX object CMakeFiles/async_slam_toolbox_node.dir/src/slam_toolbox_async_node.cpp.o[0m
[75.939s] [ 92%] [32m[1mLinking CXX shared library liblifelong_slam_toolbox.so[0m
[76.285s] [ 92%] Built target lifelong_slam_toolbox
[76.315s] [ 93%] [32mBuilding CXX object CMakeFiles/lifelong_slam_toolbox_node.dir/src/experimental/slam_toolbox_lifelong_node.cpp.o[0m
[76.880s] [ 94%] [32m[1mLinking CXX executable merge_maps_kinematic[0m
[77.240s] [ 94%] Built target merge_maps_kinematic
[80.246s] [ 95%] [32m[1mLinking CXX shared library liblocalization_slam_toolbox.so[0m
[80.619s] [ 95%] Built target localization_slam_toolbox
[80.648s] [ 96%] [32mBuilding CXX object CMakeFiles/map_and_localization_slam_toolbox.dir/src/experimental/slam_toolbox_map_and_localization.cpp.o[0m
[80.648s] [ 96%] [32mBuilding CXX object CMakeFiles/localization_slam_toolbox_node.dir/src/slam_toolbox_localization_node.cpp.o[0m
[83.867s] [ 96%] [32m[1mLinking CXX executable sync_slam_toolbox_node[0m
[84.150s] [ 96%] Built target sync_slam_toolbox_node
[84.487s] [ 96%] [32m[1mLinking CXX executable async_slam_toolbox_node[0m
[84.742s] [ 96%] Built target async_slam_toolbox_node
[85.138s] [ 97%] [32m[1mLinking CXX executable lifelong_slam_toolbox_node[0m
[85.402s] [ 97%] Built target lifelong_slam_toolbox_node
[89.357s] [ 98%] [32m[1mLinking CXX executable localization_slam_toolbox_node[0m
[89.653s] [ 98%] Built target localization_slam_toolbox_node
[95.272s] [ 99%] [32m[1mLinking CXX shared library libmap_and_localization_slam_toolbox.so[0m
[95.629s] [ 99%] Built target map_and_localization_slam_toolbox
[95.660s] [100%] [32mBuilding CXX object CMakeFiles/map_and_localization_slam_toolbox_node.dir/src/experimental/slam_toolbox_map_and_localization_node.cpp.o[0m
[103.732s] [100%] [32m[1mLinking CXX executable map_and_localization_slam_toolbox_node[0m
[103.967s] [100%] Built target map_and_localization_slam_toolbox_node
[103.983s] Invoked command in '/home/rover/kameyama_ws/build/slam_toolbox' returned '0': CMAKE_PREFIX_PATH=${CMAKE_PREFIX_PATH}:/home/rover/amir_basic_ws/install/nav2_simple_commander:/home/rover/amir_basic_ws/install/camera_calibration:/opt/ros/humble /usr/bin/cmake --build /home/rover/kameyama_ws/build/slam_toolbox -- -j12 -l12
[103.985s] Invoking command in '/home/rover/kameyama_ws/build/slam_toolbox': CMAKE_PREFIX_PATH=${CMAKE_PREFIX_PATH}:/home/rover/amir_basic_ws/install/nav2_simple_commander:/home/rover/amir_basic_ws/install/camera_calibration:/opt/ros/humble /usr/bin/cmake --install /home/rover/kameyama_ws/build/slam_toolbox
[103.994s] -- Install configuration: "Release"
[103.994s] -- Execute custom install script
[103.995s] -- Symlinking: /home/rover/kameyama_ws/install/slam_toolbox/include//karto_sdk/Karto.h
[104.006s] -- Symlinking: /home/rover/kameyama_ws/install/slam_toolbox/include//karto_sdk/Macros.h
[104.016s] -- Symlinking: /home/rover/kameyama_ws/install/slam_toolbox/include//karto_sdk/Mapper.h
[104.028s] -- Symlinking: /home/rover/kameyama_ws/install/slam_toolbox/include//karto_sdk/Math.h
[104.039s] -- Symlinking: /home/rover/kameyama_ws/install/slam_toolbox/include//karto_sdk/Types.h
[104.048s] -- Symlinking: /home/rover/kameyama_ws/install/slam_toolbox/include//karto_sdk/nanoflann.hpp
[104.058s] -- Symlinking: /home/rover/kameyama_ws/install/slam_toolbox/include//karto_sdk/nanoflann_adaptors.h
[104.068s] -- Symlinking: /home/rover/kameyama_ws/install/slam_toolbox/share/ament_index/resource_index/rosidl_interfaces/slam_toolbox
[104.081s] -- Symlinking: /home/rover/kameyama_ws/install/slam_toolbox/include/slam_toolbox/slam_toolbox/msg/rosidl_generator_c__visibility_control.h
[104.091s] -- Symlinking: /home/rover/kameyama_ws/install/slam_toolbox/include/slam_toolbox/slam_toolbox/srv/add_submap.h
[104.100s] -- Symlinking: /home/rover/kameyama_ws/install/slam_toolbox/include/slam_toolbox/slam_toolbox/srv/clear.h
[104.110s] -- Symlinking: /home/rover/kameyama_ws/install/slam_toolbox/include/slam_toolbox/slam_toolbox/srv/clear_queue.h
[104.119s] -- Symlinking: /home/rover/kameyama_ws/install/slam_toolbox/include/slam_toolbox/slam_toolbox/srv/deserialize_pose_graph.h
[104.129s] -- Symlinking: /home/rover/kameyama_ws/install/slam_toolbox/include/slam_toolbox/slam_toolbox/srv/detail/add_submap__functions.h
[104.140s] -- Symlinking: /home/rover/kameyama_ws/install/slam_toolbox/include/slam_toolbox/slam_toolbox/srv/detail/add_submap__struct.h
[104.151s] -- Symlinking: /home/rover/kameyama_ws/install/slam_toolbox/include/slam_toolbox/slam_toolbox/srv/detail/add_submap__type_support.h
[104.162s] -- Symlinking: /home/rover/kameyama_ws/install/slam_toolbox/include/slam_toolbox/slam_toolbox/srv/detail/clear__functions.h
[104.174s] -- Symlinking: /home/rover/kameyama_ws/install/slam_toolbox/include/slam_toolbox/slam_toolbox/srv/detail/clear__struct.h
[104.185s] -- Symlinking: /home/rover/kameyama_ws/install/slam_toolbox/include/slam_toolbox/slam_toolbox/srv/detail/clear__type_support.h
[104.197s] -- Symlinking: /home/rover/kameyama_ws/install/slam_toolbox/include/slam_toolbox/slam_toolbox/srv/detail/clear_queue__functions.h
[104.208s] -- Symlinking: /home/rover/kameyama_ws/install/slam_toolbox/include/slam_toolbox/slam_toolbox/srv/detail/clear_queue__struct.h
[104.218s] -- Symlinking: /home/rover/kameyama_ws/install/slam_toolbox/include/slam_toolbox/slam_toolbox/srv/detail/clear_queue__type_support.h
[104.228s] -- Symlinking: /home/rover/kameyama_ws/install/slam_toolbox/include/slam_toolbox/slam_toolbox/srv/detail/deserialize_pose_graph__functions.h
[104.237s] -- Symlinking: /home/rover/kameyama_ws/install/slam_toolbox/include/slam_toolbox/slam_toolbox/srv/detail/deserialize_pose_graph__struct.h
[104.248s] -- Symlinking: /home/rover/kameyama_ws/install/slam_toolbox/include/slam_toolbox/slam_toolbox/srv/detail/deserialize_pose_graph__type_support.h
[104.259s] -- Symlinking: /home/rover/kameyama_ws/install/slam_toolbox/include/slam_toolbox/slam_toolbox/srv/detail/loop_closure__functions.h
[104.269s] -- Symlinking: /home/rover/kameyama_ws/install/slam_toolbox/include/slam_toolbox/slam_toolbox/srv/detail/loop_closure__struct.h
[104.283s] -- Symlinking: /home/rover/kameyama_ws/install/slam_toolbox/include/slam_toolbox/slam_toolbox/srv/detail/loop_closure__type_support.h
[104.295s] -- Symlinking: /home/rover/kameyama_ws/install/slam_toolbox/include/slam_toolbox/slam_toolbox/srv/detail/merge_maps__functions.h
[104.306s] -- Symlinking: /home/rover/kameyama_ws/install/slam_toolbox/include/slam_toolbox/slam_toolbox/srv/detail/merge_maps__struct.h
[104.316s] -- Symlinking: /home/rover/kameyama_ws/install/slam_toolbox/include/slam_toolbox/slam_toolbox/srv/detail/merge_maps__type_support.h
[104.327s] -- Symlinking: /home/rover/kameyama_ws/install/slam_toolbox/include/slam_toolbox/slam_toolbox/srv/detail/pause__functions.h
[104.338s] -- Symlinking: /home/rover/kameyama_ws/install/slam_toolbox/include/slam_toolbox/slam_toolbox/srv/detail/pause__struct.h
[104.350s] -- Symlinking: /home/rover/kameyama_ws/install/slam_toolbox/include/slam_toolbox/slam_toolbox/srv/detail/pause__type_support.h
[104.359s] -- Symlinking: /home/rover/kameyama_ws/install/slam_toolbox/include/slam_toolbox/slam_toolbox/srv/detail/save_map__functions.h
[104.370s] -- Symlinking: /home/rover/kameyama_ws/install/slam_toolbox/include/slam_toolbox/slam_toolbox/srv/detail/save_map__struct.h
[104.382s] -- Symlinking: /home/rover/kameyama_ws/install/slam_toolbox/include/slam_toolbox/slam_toolbox/srv/detail/save_map__type_support.h
[104.393s] -- Symlinking: /home/rover/kameyama_ws/install/slam_toolbox/include/slam_toolbox/slam_toolbox/srv/detail/serialize_pose_graph__functions.h
[104.404s] -- Symlinking: /home/rover/kameyama_ws/install/slam_toolbox/include/slam_toolbox/slam_toolbox/srv/detail/serialize_pose_graph__struct.h
[104.415s] -- Symlinking: /home/rover/kameyama_ws/install/slam_toolbox/include/slam_toolbox/slam_toolbox/srv/detail/serialize_pose_graph__type_support.h
[104.425s] -- Symlinking: /home/rover/kameyama_ws/install/slam_toolbox/include/slam_toolbox/slam_toolbox/srv/detail/toggle_interactive__functions.h
[104.435s] -- Symlinking: /home/rover/kameyama_ws/install/slam_toolbox/include/slam_toolbox/slam_toolbox/srv/detail/toggle_interactive__struct.h
[104.445s] -- Symlinking: /home/rover/kameyama_ws/install/slam_toolbox/include/slam_toolbox/slam_toolbox/srv/detail/toggle_interactive__type_support.h
[104.455s] -- Symlinking: /home/rover/kameyama_ws/install/slam_toolbox/include/slam_toolbox/slam_toolbox/srv/loop_closure.h
[104.466s] -- Symlinking: /home/rover/kameyama_ws/install/slam_toolbox/include/slam_toolbox/slam_toolbox/srv/merge_maps.h
[104.477s] -- Symlinking: /home/rover/kameyama_ws/install/slam_toolbox/include/slam_toolbox/slam_toolbox/srv/pause.h
[104.488s] -- Symlinking: /home/rover/kameyama_ws/install/slam_toolbox/include/slam_toolbox/slam_toolbox/srv/save_map.h
[104.499s] -- Symlinking: /home/rover/kameyama_ws/install/slam_toolbox/include/slam_toolbox/slam_toolbox/srv/serialize_pose_graph.h
[104.510s] -- Symlinking: /home/rover/kameyama_ws/install/slam_toolbox/include/slam_toolbox/slam_toolbox/srv/toggle_interactive.h
[104.522s] -- Symlinking: /home/rover/kameyama_ws/install/slam_toolbox/share/slam_toolbox/environment/library_path.sh
[104.531s] -- Symlinking: /home/rover/kameyama_ws/install/slam_toolbox/share/slam_toolbox/environment/library_path.dsv
[104.544s] -- Symlinking: /home/rover/kameyama_ws/install/slam_toolbox/include/slam_toolbox/slam_toolbox/msg/rosidl_typesupport_fastrtps_c__visibility_control.h
[104.553s] -- Symlinking: /home/rover/kameyama_ws/install/slam_toolbox/include/slam_toolbox/slam_toolbox/srv/detail/add_submap__rosidl_typesupport_fastrtps_c.h
[104.563s] -- Symlinking: /home/rover/kameyama_ws/install/slam_toolbox/include/slam_toolbox/slam_toolbox/srv/detail/clear__rosidl_typesupport_fastrtps_c.h
[104.576s] -- Symlinking: /home/rover/kameyama_ws/install/slam_toolbox/include/slam_toolbox/slam_toolbox/srv/detail/clear_queue__rosidl_typesupport_fastrtps_c.h
[104.586s] -- Symlinking: /home/rover/kameyama_ws/install/slam_toolbox/include/slam_toolbox/slam_toolbox/srv/detail/deserialize_pose_graph__rosidl_typesupport_fastrtps_c.h
[104.596s] -- Symlinking: /home/rover/kameyama_ws/install/slam_toolbox/include/slam_toolbox/slam_toolbox/srv/detail/loop_closure__rosidl_typesupport_fastrtps_c.h
[104.605s] -- Symlinking: /home/rover/kameyama_ws/install/slam_toolbox/include/slam_toolbox/slam_toolbox/srv/detail/merge_maps__rosidl_typesupport_fastrtps_c.h
[104.615s] -- Symlinking: /home/rover/kameyama_ws/install/slam_toolbox/include/slam_toolbox/slam_toolbox/srv/detail/pause__rosidl_typesupport_fastrtps_c.h
[104.626s] -- Symlinking: /home/rover/kameyama_ws/install/slam_toolbox/include/slam_toolbox/slam_toolbox/srv/detail/save_map__rosidl_typesupport_fastrtps_c.h
[104.636s] -- Symlinking: /home/rover/kameyama_ws/install/slam_toolbox/include/slam_toolbox/slam_toolbox/srv/detail/serialize_pose_graph__rosidl_typesupport_fastrtps_c.h
[104.646s] -- Symlinking: /home/rover/kameyama_ws/install/slam_toolbox/include/slam_toolbox/slam_toolbox/srv/detail/toggle_interactive__rosidl_typesupport_fastrtps_c.h
[104.657s] -- Symlinking: /home/rover/kameyama_ws/install/slam_toolbox/include/slam_toolbox/slam_toolbox/msg/rosidl_generator_cpp__visibility_control.hpp
[104.667s] -- Symlinking: /home/rover/kameyama_ws/install/slam_toolbox/include/slam_toolbox/slam_toolbox/srv/add_submap.hpp
[104.677s] -- Symlinking: /home/rover/kameyama_ws/install/slam_toolbox/include/slam_toolbox/slam_toolbox/srv/clear.hpp
[104.688s] -- Symlinking: /home/rover/kameyama_ws/install/slam_toolbox/include/slam_toolbox/slam_toolbox/srv/clear_queue.hpp
[104.699s] -- Symlinking: /home/rover/kameyama_ws/install/slam_toolbox/include/slam_toolbox/slam_toolbox/srv/deserialize_pose_graph.hpp
[104.710s] -- Symlinking: /home/rover/kameyama_ws/install/slam_toolbox/include/slam_toolbox/slam_toolbox/srv/detail/add_submap__builder.hpp
[104.720s] -- Symlinking: /home/rover/kameyama_ws/install/slam_toolbox/include/slam_toolbox/slam_toolbox/srv/detail/add_submap__struct.hpp
[104.732s] -- Symlinking: /home/rover/kameyama_ws/install/slam_toolbox/include/slam_toolbox/slam_toolbox/srv/detail/add_submap__traits.hpp
[104.743s] -- Symlinking: /home/rover/kameyama_ws/install/slam_toolbox/include/slam_toolbox/slam_toolbox/srv/detail/add_submap__type_support.hpp
[104.753s] -- Symlinking: /home/rover/kameyama_ws/install/slam_toolbox/include/slam_toolbox/slam_toolbox/srv/detail/clear__builder.hpp
[104.763s] -- Symlinking: /home/rover/kameyama_ws/install/slam_toolbox/include/slam_toolbox/slam_toolbox/srv/detail/clear__struct.hpp
[104.775s] -- Symlinking: /home/rover/kameyama_ws/install/slam_toolbox/include/slam_toolbox/slam_toolbox/srv/detail/clear__traits.hpp
[104.786s] -- Symlinking: /home/rover/kameyama_ws/install/slam_toolbox/include/slam_toolbox/slam_toolbox/srv/detail/clear__type_support.hpp
[104.796s] -- Symlinking: /home/rover/kameyama_ws/install/slam_toolbox/include/slam_toolbox/slam_toolbox/srv/detail/clear_queue__builder.hpp
[104.808s] -- Symlinking: /home/rover/kameyama_ws/install/slam_toolbox/include/slam_toolbox/slam_toolbox/srv/detail/clear_queue__struct.hpp
[104.819s] -- Symlinking: /home/rover/kameyama_ws/install/slam_toolbox/include/slam_toolbox/slam_toolbox/srv/detail/clear_queue__traits.hpp
[104.830s] -- Symlinking: /home/rover/kameyama_ws/install/slam_toolbox/include/slam_toolbox/slam_toolbox/srv/detail/clear_queue__type_support.hpp
[104.841s] -- Symlinking: /home/rover/kameyama_ws/install/slam_toolbox/include/slam_toolbox/slam_toolbox/srv/detail/deserialize_pose_graph__builder.hpp
[104.851s] -- Symlinking: /home/rover/kameyama_ws/install/slam_toolbox/include/slam_toolbox/slam_toolbox/srv/detail/deserialize_pose_graph__struct.hpp
[104.862s] -- Symlinking: /home/rover/kameyama_ws/install/slam_toolbox/include/slam_toolbox/slam_toolbox/srv/detail/deserialize_pose_graph__traits.hpp
[104.876s] -- Symlinking: /home/rover/kameyama_ws/install/slam_toolbox/include/slam_toolbox/slam_toolbox/srv/detail/deserialize_pose_graph__type_support.hpp
[104.887s] -- Symlinking: /home/rover/kameyama_ws/install/slam_toolbox/include/slam_toolbox/slam_toolbox/srv/detail/loop_closure__builder.hpp
[104.899s] -- Symlinking: /home/rover/kameyama_ws/install/slam_toolbox/include/slam_toolbox/slam_toolbox/srv/detail/loop_closure__struct.hpp
[104.909s] -- Symlinking: /home/rover/kameyama_ws/install/slam_toolbox/include/slam_toolbox/slam_toolbox/srv/detail/loop_closure__traits.hpp
[104.920s] -- Symlinking: /home/rover/kameyama_ws/install/slam_toolbox/include/slam_toolbox/slam_toolbox/srv/detail/loop_closure__type_support.hpp
[104.931s] -- Symlinking: /home/rover/kameyama_ws/install/slam_toolbox/include/slam_toolbox/slam_toolbox/srv/detail/merge_maps__builder.hpp
[104.940s] -- Symlinking: /home/rover/kameyama_ws/install/slam_toolbox/include/slam_toolbox/slam_toolbox/srv/detail/merge_maps__struct.hpp
[104.950s] -- Symlinking: /home/rover/kameyama_ws/install/slam_toolbox/include/slam_toolbox/slam_toolbox/srv/detail/merge_maps__traits.hpp
[104.959s] -- Symlinking: /home/rover/kameyama_ws/install/slam_toolbox/include/slam_toolbox/slam_toolbox/srv/detail/merge_maps__type_support.hpp
[104.968s] -- Symlinking: /home/rover/kameyama_ws/install/slam_toolbox/include/slam_toolbox/slam_toolbox/srv/detail/pause__builder.hpp
[104.981s] -- Symlinking: /home/rover/kameyama_ws/install/slam_toolbox/include/slam_toolbox/slam_toolbox/srv/detail/pause__struct.hpp
[104.992s] -- Symlinking: /home/rover/kameyama_ws/install/slam_toolbox/include/slam_toolbox/slam_toolbox/srv/detail/pause__traits.hpp
[105.003s] -- Symlinking: /home/rover/kameyama_ws/install/slam_toolbox/include/slam_toolbox/slam_toolbox/srv/detail/pause__type_support.hpp
[105.013s] -- Symlinking: /home/rover/kameyama_ws/install/slam_toolbox/include/slam_toolbox/slam_toolbox/srv/detail/save_map__builder.hpp
[105.024s] -- Symlinking: /home/rover/kameyama_ws/install/slam_toolbox/include/slam_toolbox/slam_toolbox/srv/detail/save_map__struct.hpp
[105.033s] -- Symlinking: /home/rover/kameyama_ws/install/slam_toolbox/include/slam_toolbox/slam_toolbox/srv/detail/save_map__traits.hpp
[105.043s] -- Symlinking: /home/rover/kameyama_ws/install/slam_toolbox/include/slam_toolbox/slam_toolbox/srv/detail/save_map__type_support.hpp
[105.052s] -- Symlinking: /home/rover/kameyama_ws/install/slam_toolbox/include/slam_toolbox/slam_toolbox/srv/detail/serialize_pose_graph__builder.hpp
[105.062s] -- Symlinking: /home/rover/kameyama_ws/install/slam_toolbox/include/slam_toolbox/slam_toolbox/srv/detail/serialize_pose_graph__struct.hpp
[105.073s] -- Symlinking: /home/rover/kameyama_ws/install/slam_toolbox/include/slam_toolbox/slam_toolbox/srv/detail/serialize_pose_graph__traits.hpp
[105.085s] -- Symlinking: /home/rover/kameyama_ws/install/slam_toolbox/include/slam_toolbox/slam_toolbox/srv/detail/serialize_pose_graph__type_support.hpp
[105.096s] -- Symlinking: /home/rover/kameyama_ws/install/slam_toolbox/include/slam_toolbox/slam_toolbox/srv/detail/toggle_interactive__builder.hpp
[105.106s] -- Symlinking: /home/rover/kameyama_ws/install/slam_toolbox/include/slam_toolbox/slam_toolbox/srv/detail/toggle_interactive__struct.hpp
[105.116s] -- Symlinking: /home/rover/kameyama_ws/install/slam_toolbox/include/slam_toolbox/slam_toolbox/srv/detail/toggle_interactive__traits.hpp
[105.127s] -- Symlinking: /home/rover/kameyama_ws/install/slam_toolbox/include/slam_toolbox/slam_toolbox/srv/detail/toggle_interactive__type_support.hpp
[105.137s] -- Symlinking: /home/rover/kameyama_ws/install/slam_toolbox/include/slam_toolbox/slam_toolbox/srv/loop_closure.hpp
[105.146s] -- Symlinking: /home/rover/kameyama_ws/install/slam_toolbox/include/slam_toolbox/slam_toolbox/srv/merge_maps.hpp
[105.157s] -- Symlinking: /home/rover/kameyama_ws/install/slam_toolbox/include/slam_toolbox/slam_toolbox/srv/pause.hpp
[105.167s] -- Symlinking: /home/rover/kameyama_ws/install/slam_toolbox/include/slam_toolbox/slam_toolbox/srv/save_map.hpp
[105.180s] -- Symlinking: /home/rover/kameyama_ws/install/slam_toolbox/include/slam_toolbox/slam_toolbox/srv/serialize_pose_graph.hpp
[105.191s] -- Symlinking: /home/rover/kameyama_ws/install/slam_toolbox/include/slam_toolbox/slam_toolbox/srv/toggle_interactive.hpp
[105.203s] -- Symlinking: /home/rover/kameyama_ws/install/slam_toolbox/include/slam_toolbox/slam_toolbox/msg/rosidl_typesupport_fastrtps_cpp__visibility_control.h
[105.213s] -- Symlinking: /home/rover/kameyama_ws/install/slam_toolbox/include/slam_toolbox/slam_toolbox/srv/detail/add_submap__rosidl_typesupport_fastrtps_cpp.hpp
[105.224s] -- Symlinking: /home/rover/kameyama_ws/install/slam_toolbox/include/slam_toolbox/slam_toolbox/srv/detail/clear__rosidl_typesupport_fastrtps_cpp.hpp
[105.233s] -- Symlinking: /home/rover/kameyama_ws/install/slam_toolbox/include/slam_toolbox/slam_toolbox/srv/detail/clear_queue__rosidl_typesupport_fastrtps_cpp.hpp
[105.243s] -- Symlinking: /home/rover/kameyama_ws/install/slam_toolbox/include/slam_toolbox/slam_toolbox/srv/detail/deserialize_pose_graph__rosidl_typesupport_fastrtps_cpp.hpp
[105.252s] -- Symlinking: /home/rover/kameyama_ws/install/slam_toolbox/include/slam_toolbox/slam_toolbox/srv/detail/loop_closure__rosidl_typesupport_fastrtps_cpp.hpp
[105.264s] -- Symlinking: /home/rover/kameyama_ws/install/slam_toolbox/include/slam_toolbox/slam_toolbox/srv/detail/merge_maps__rosidl_typesupport_fastrtps_cpp.hpp
[105.276s] -- Symlinking: /home/rover/kameyama_ws/install/slam_toolbox/include/slam_toolbox/slam_toolbox/srv/detail/pause__rosidl_typesupport_fastrtps_cpp.hpp
[105.289s] -- Symlinking: /home/rover/kameyama_ws/install/slam_toolbox/include/slam_toolbox/slam_toolbox/srv/detail/save_map__rosidl_typesupport_fastrtps_cpp.hpp
[105.299s] -- Symlinking: /home/rover/kameyama_ws/install/slam_toolbox/include/slam_toolbox/slam_toolbox/srv/detail/serialize_pose_graph__rosidl_typesupport_fastrtps_cpp.hpp
[105.309s] -- Symlinking: /home/rover/kameyama_ws/install/slam_toolbox/include/slam_toolbox/slam_toolbox/srv/detail/toggle_interactive__rosidl_typesupport_fastrtps_cpp.hpp
[105.320s] -- Symlinking: /home/rover/kameyama_ws/install/slam_toolbox/include/slam_toolbox/slam_toolbox/msg/rosidl_typesupport_introspection_c__visibility_control.h
[105.329s] -- Symlinking: /home/rover/kameyama_ws/install/slam_toolbox/include/slam_toolbox/slam_toolbox/srv/detail/add_submap__rosidl_typesupport_introspection_c.h
[105.340s] -- Symlinking: /home/rover/kameyama_ws/install/slam_toolbox/include/slam_toolbox/slam_toolbox/srv/detail/clear__rosidl_typesupport_introspection_c.h
[105.351s] -- Symlinking: /home/rover/kameyama_ws/install/slam_toolbox/include/slam_toolbox/slam_toolbox/srv/detail/clear_queue__rosidl_typesupport_introspection_c.h
[105.361s] -- Symlinking: /home/rover/kameyama_ws/install/slam_toolbox/include/slam_toolbox/slam_toolbox/srv/detail/deserialize_pose_graph__rosidl_typesupport_introspection_c.h
[105.373s] -- Symlinking: /home/rover/kameyama_ws/install/slam_toolbox/include/slam_toolbox/slam_toolbox/srv/detail/loop_closure__rosidl_typesupport_introspection_c.h
[105.385s] -- Symlinking: /home/rover/kameyama_ws/install/slam_toolbox/include/slam_toolbox/slam_toolbox/srv/detail/merge_maps__rosidl_typesupport_introspection_c.h
[105.395s] -- Symlinking: /home/rover/kameyama_ws/install/slam_toolbox/include/slam_toolbox/slam_toolbox/srv/detail/pause__rosidl_typesupport_introspection_c.h
[105.406s] -- Symlinking: /home/rover/kameyama_ws/install/slam_toolbox/include/slam_toolbox/slam_toolbox/srv/detail/save_map__rosidl_typesupport_introspection_c.h
[105.418s] -- Symlinking: /home/rover/kameyama_ws/install/slam_toolbox/include/slam_toolbox/slam_toolbox/srv/detail/serialize_pose_graph__rosidl_typesupport_introspection_c.h
[105.428s] -- Symlinking: /home/rover/kameyama_ws/install/slam_toolbox/include/slam_toolbox/slam_toolbox/srv/detail/toggle_interactive__rosidl_typesupport_introspection_c.h
[105.438s] -- Symlinking: /home/rover/kameyama_ws/install/slam_toolbox/include/slam_toolbox/slam_toolbox/srv/detail/add_submap__rosidl_typesupport_introspection_cpp.hpp
[105.449s] -- Symlinking: /home/rover/kameyama_ws/install/slam_toolbox/include/slam_toolbox/slam_toolbox/srv/detail/clear__rosidl_typesupport_introspection_cpp.hpp
[105.459s] -- Symlinking: /home/rover/kameyama_ws/install/slam_toolbox/include/slam_toolbox/slam_toolbox/srv/detail/clear_queue__rosidl_typesupport_introspection_cpp.hpp
[105.469s] -- Symlinking: /home/rover/kameyama_ws/install/slam_toolbox/include/slam_toolbox/slam_toolbox/srv/detail/deserialize_pose_graph__rosidl_typesupport_introspection_cpp.hpp
[105.481s] -- Symlinking: /home/rover/kameyama_ws/install/slam_toolbox/include/slam_toolbox/slam_toolbox/srv/detail/loop_closure__rosidl_typesupport_introspection_cpp.hpp
[105.492s] -- Symlinking: /home/rover/kameyama_ws/install/slam_toolbox/include/slam_toolbox/slam_toolbox/srv/detail/merge_maps__rosidl_typesupport_introspection_cpp.hpp
[105.503s] -- Symlinking: /home/rover/kameyama_ws/install/slam_toolbox/include/slam_toolbox/slam_toolbox/srv/detail/pause__rosidl_typesupport_introspection_cpp.hpp
[105.515s] -- Symlinking: /home/rover/kameyama_ws/install/slam_toolbox/include/slam_toolbox/slam_toolbox/srv/detail/save_map__rosidl_typesupport_introspection_cpp.hpp
[105.527s] -- Symlinking: /home/rover/kameyama_ws/install/slam_toolbox/include/slam_toolbox/slam_toolbox/srv/detail/serialize_pose_graph__rosidl_typesupport_introspection_cpp.hpp
[105.538s] -- Symlinking: /home/rover/kameyama_ws/install/slam_toolbox/include/slam_toolbox/slam_toolbox/srv/detail/toggle_interactive__rosidl_typesupport_introspection_cpp.hpp
[105.548s] -- Symlinking: /home/rover/kameyama_ws/install/slam_toolbox/share/slam_toolbox/environment/pythonpath.sh
[105.559s] -- Symlinking: /home/rover/kameyama_ws/install/slam_toolbox/share/slam_toolbox/environment/pythonpath.dsv
[105.569s] -- Symlinking: /home/rover/kameyama_ws/install/slam_toolbox/local/lib/python3.10/dist-packages/slam_toolbox-2.6.9-py3.10.egg-info/PKG-INFO
[105.583s] -- Symlinking: /home/rover/kameyama_ws/install/slam_toolbox/local/lib/python3.10/dist-packages/slam_toolbox-2.6.9-py3.10.egg-info/SOURCES.txt
[105.594s] -- Symlinking: /home/rover/kameyama_ws/install/slam_toolbox/local/lib/python3.10/dist-packages/slam_toolbox-2.6.9-py3.10.egg-info/dependency_links.txt
[105.604s] -- Symlinking: /home/rover/kameyama_ws/install/slam_toolbox/local/lib/python3.10/dist-packages/slam_toolbox-2.6.9-py3.10.egg-info/top_level.txt
[105.617s] -- Symlinking: /home/rover/kameyama_ws/install/slam_toolbox/local/lib/python3.10/dist-packages/slam_toolbox/__init__.py
[105.629s] -- Symlinking: /home/rover/kameyama_ws/install/slam_toolbox/local/lib/python3.10/dist-packages/slam_toolbox/_slam_toolbox_s.ep.rosidl_typesupport_c.c
[105.639s] -- Symlinking: /home/rover/kameyama_ws/install/slam_toolbox/local/lib/python3.10/dist-packages/slam_toolbox/_slam_toolbox_s.ep.rosidl_typesupport_fastrtps_c.c
[105.650s] -- Symlinking: /home/rover/kameyama_ws/install/slam_toolbox/local/lib/python3.10/dist-packages/slam_toolbox/_slam_toolbox_s.ep.rosidl_typesupport_introspection_c.c
[105.659s] -- Symlinking: /home/rover/kameyama_ws/install/slam_toolbox/local/lib/python3.10/dist-packages/slam_toolbox/libslam_toolbox__rosidl_generator_py.so
[105.669s] -- Symlinking: /home/rover/kameyama_ws/install/slam_toolbox/local/lib/python3.10/dist-packages/slam_toolbox/slam_toolbox_s__rosidl_typesupport_c.cpython-310-x86_64-linux-gnu.so
[105.681s] -- Symlinking: /home/rover/kameyama_ws/install/slam_toolbox/local/lib/python3.10/dist-packages/slam_toolbox/slam_toolbox_s__rosidl_typesupport_fastrtps_c.cpython-310-x86_64-linux-gnu.so
[105.693s] -- Symlinking: /home/rover/kameyama_ws/install/slam_toolbox/local/lib/python3.10/dist-packages/slam_toolbox/slam_toolbox_s__rosidl_typesupport_introspection_c.cpython-310-x86_64-linux-gnu.so
[105.704s] -- Symlinking: /home/rover/kameyama_ws/install/slam_toolbox/local/lib/python3.10/dist-packages/slam_toolbox/srv/__init__.py
[105.715s] -- Symlinking: /home/rover/kameyama_ws/install/slam_toolbox/local/lib/python3.10/dist-packages/slam_toolbox/srv/_add_submap.py
[105.725s] -- Symlinking: /home/rover/kameyama_ws/install/slam_toolbox/local/lib/python3.10/dist-packages/slam_toolbox/srv/_add_submap_s.c
[105.736s] -- Symlinking: /home/rover/kameyama_ws/install/slam_toolbox/local/lib/python3.10/dist-packages/slam_toolbox/srv/_clear.py
[105.746s] -- Symlinking: /home/rover/kameyama_ws/install/slam_toolbox/local/lib/python3.10/dist-packages/slam_toolbox/srv/_clear_queue.py
[105.755s] -- Symlinking: /home/rover/kameyama_ws/install/slam_toolbox/local/lib/python3.10/dist-packages/slam_toolbox/srv/_clear_queue_s.c
[105.766s] -- Symlinking: /home/rover/kameyama_ws/install/slam_toolbox/local/lib/python3.10/dist-packages/slam_toolbox/srv/_clear_s.c
[105.779s] -- Symlinking: /home/rover/kameyama_ws/install/slam_toolbox/local/lib/python3.10/dist-packages/slam_toolbox/srv/_deserialize_pose_graph.py
[105.790s] -- Symlinking: /home/rover/kameyama_ws/install/slam_toolbox/local/lib/python3.10/dist-packages/slam_toolbox/srv/_deserialize_pose_graph_s.c
[105.801s] -- Symlinking: /home/rover/kameyama_ws/install/slam_toolbox/local/lib/python3.10/dist-packages/slam_toolbox/srv/_loop_closure.py
[105.812s] -- Symlinking: /home/rover/kameyama_ws/install/slam_toolbox/local/lib/python3.10/dist-packages/slam_toolbox/srv/_loop_closure_s.c
[105.822s] -- Symlinking: /home/rover/kameyama_ws/install/slam_toolbox/local/lib/python3.10/dist-packages/slam_toolbox/srv/_merge_maps.py
[105.833s] -- Symlinking: /home/rover/kameyama_ws/install/slam_toolbox/local/lib/python3.10/dist-packages/slam_toolbox/srv/_merge_maps_s.c
[105.841s] -- Symlinking: /home/rover/kameyama_ws/install/slam_toolbox/local/lib/python3.10/dist-packages/slam_toolbox/srv/_pause.py
[105.852s] -- Symlinking: /home/rover/kameyama_ws/install/slam_toolbox/local/lib/python3.10/dist-packages/slam_toolbox/srv/_pause_s.c
[105.863s] -- Symlinking: /home/rover/kameyama_ws/install/slam_toolbox/local/lib/python3.10/dist-packages/slam_toolbox/srv/_save_map.py
[105.875s] -- Symlinking: /home/rover/kameyama_ws/install/slam_toolbox/local/lib/python3.10/dist-packages/slam_toolbox/srv/_save_map_s.c
[105.887s] -- Symlinking: /home/rover/kameyama_ws/install/slam_toolbox/local/lib/python3.10/dist-packages/slam_toolbox/srv/_serialize_pose_graph.py
[105.898s] -- Symlinking: /home/rover/kameyama_ws/install/slam_toolbox/local/lib/python3.10/dist-packages/slam_toolbox/srv/_serialize_pose_graph_s.c
[105.909s] -- Symlinking: /home/rover/kameyama_ws/install/slam_toolbox/local/lib/python3.10/dist-packages/slam_toolbox/srv/_toggle_interactive.py
[105.919s] -- Symlinking: /home/rover/kameyama_ws/install/slam_toolbox/local/lib/python3.10/dist-packages/slam_toolbox/srv/_toggle_interactive_s.c
[105.930s] -- Up-to-date symlink: /home/rover/kameyama_ws/install/slam_toolbox/local/lib/python3.10/dist-packages/slam_toolbox/slam_toolbox_s__rosidl_typesupport_fastrtps_c.cpython-310-x86_64-linux-gnu.so
[105.930s] -- Up-to-date symlink: /home/rover/kameyama_ws/install/slam_toolbox/local/lib/python3.10/dist-packages/slam_toolbox/slam_toolbox_s__rosidl_typesupport_introspection_c.cpython-310-x86_64-linux-gnu.so
[105.930s] -- Up-to-date symlink: /home/rover/kameyama_ws/install/slam_toolbox/local/lib/python3.10/dist-packages/slam_toolbox/slam_toolbox_s__rosidl_typesupport_c.cpython-310-x86_64-linux-gnu.so
[105.930s] -- Symlinking: /home/rover/kameyama_ws/install/slam_toolbox/share/slam_toolbox/srv/Pause.idl
[105.939s] -- Symlinking: /home/rover/kameyama_ws/install/slam_toolbox/share/slam_toolbox/srv/ClearQueue.idl
[105.948s] -- Symlinking: /home/rover/kameyama_ws/install/slam_toolbox/share/slam_toolbox/srv/ToggleInteractive.idl
[105.960s] -- Symlinking: /home/rover/kameyama_ws/install/slam_toolbox/share/slam_toolbox/srv/Clear.idl
[105.970s] -- Symlinking: /home/rover/kameyama_ws/install/slam_toolbox/share/slam_toolbox/srv/SaveMap.idl
[105.982s] -- Symlinking: /home/rover/kameyama_ws/install/slam_toolbox/share/slam_toolbox/srv/LoopClosure.idl
[105.993s] -- Symlinking: /home/rover/kameyama_ws/install/slam_toolbox/share/slam_toolbox/srv/MergeMaps.idl
[106.003s] -- Symlinking: /home/rover/kameyama_ws/install/slam_toolbox/share/slam_toolbox/srv/AddSubmap.idl
[106.014s] -- Symlinking: /home/rover/kameyama_ws/install/slam_toolbox/share/slam_toolbox/srv/DeserializePoseGraph.idl
[106.025s] -- Symlinking: /home/rover/kameyama_ws/install/slam_toolbox/share/slam_toolbox/srv/SerializePoseGraph.idl
[106.036s] -- Symlinking: /home/rover/kameyama_ws/install/slam_toolbox/share/slam_toolbox/srv/Pause.srv
[106.046s] -- Symlinking: /home/rover/kameyama_ws/install/slam_toolbox/share/slam_toolbox/srv/Pause_Request.msg
[106.056s] -- Symlinking: /home/rover/kameyama_ws/install/slam_toolbox/share/slam_toolbox/srv/Pause_Response.msg
[106.066s] -- Symlinking: /home/rover/kameyama_ws/install/slam_toolbox/share/slam_toolbox/srv/ClearQueue.srv
[106.078s] -- Symlinking: /home/rover/kameyama_ws/install/slam_toolbox/share/slam_toolbox/srv/ClearQueue_Request.msg
[106.089s] -- Symlinking: /home/rover/kameyama_ws/install/slam_toolbox/share/slam_toolbox/srv/ClearQueue_Response.msg
[106.100s] -- Symlinking: /home/rover/kameyama_ws/install/slam_toolbox/share/slam_toolbox/srv/ToggleInteractive.srv
[106.111s] -- Symlinking: /home/rover/kameyama_ws/install/slam_toolbox/share/slam_toolbox/srv/ToggleInteractive_Request.msg
[106.121s] -- Symlinking: /home/rover/kameyama_ws/install/slam_toolbox/share/slam_toolbox/srv/ToggleInteractive_Response.msg
[106.132s] -- Symlinking: /home/rover/kameyama_ws/install/slam_toolbox/share/slam_toolbox/srv/Clear.srv
[106.143s] -- Symlinking: /home/rover/kameyama_ws/install/slam_toolbox/share/slam_toolbox/srv/Clear_Request.msg
[106.154s] -- Symlinking: /home/rover/kameyama_ws/install/slam_toolbox/share/slam_toolbox/srv/Clear_Response.msg
[106.165s] -- Symlinking: /home/rover/kameyama_ws/install/slam_toolbox/share/slam_toolbox/srv/SaveMap.srv
[106.177s] -- Symlinking: /home/rover/kameyama_ws/install/slam_toolbox/share/slam_toolbox/srv/SaveMap_Request.msg
[106.188s] -- Symlinking: /home/rover/kameyama_ws/install/slam_toolbox/share/slam_toolbox/srv/SaveMap_Response.msg
[106.199s] -- Symlinking: /home/rover/kameyama_ws/install/slam_toolbox/share/slam_toolbox/srv/LoopClosure.srv
[106.210s] -- Symlinking: /home/rover/kameyama_ws/install/slam_toolbox/share/slam_toolbox/srv/LoopClosure_Request.msg
[106.222s] -- Symlinking: /home/rover/kameyama_ws/install/slam_toolbox/share/slam_toolbox/srv/LoopClosure_Response.msg
[106.231s] -- Symlinking: /home/rover/kameyama_ws/install/slam_toolbox/share/slam_toolbox/srv/MergeMaps.srv
[106.241s] -- Symlinking: /home/rover/kameyama_ws/install/slam_toolbox/share/slam_toolbox/srv/MergeMaps_Request.msg
[106.251s] -- Symlinking: /home/rover/kameyama_ws/install/slam_toolbox/share/slam_toolbox/srv/MergeMaps_Response.msg
[106.260s] -- Symlinking: /home/rover/kameyama_ws/install/slam_toolbox/share/slam_toolbox/srv/AddSubmap.srv
[106.271s] -- Symlinking: /home/rover/kameyama_ws/install/slam_toolbox/share/slam_toolbox/srv/AddSubmap_Request.msg
[106.284s] -- Symlinking: /home/rover/kameyama_ws/install/slam_toolbox/share/slam_toolbox/srv/AddSubmap_Response.msg
[106.296s] -- Symlinking: /home/rover/kameyama_ws/install/slam_toolbox/share/slam_toolbox/srv/DeserializePoseGraph.srv
[106.307s] -- Symlinking: /home/rover/kameyama_ws/install/slam_toolbox/share/slam_toolbox/srv/DeserializePoseGraph_Request.msg
[106.317s] -- Symlinking: /home/rover/kameyama_ws/install/slam_toolbox/share/slam_toolbox/srv/DeserializePoseGraph_Response.msg
[106.327s] -- Symlinking: /home/rover/kameyama_ws/install/slam_toolbox/share/slam_toolbox/srv/SerializePoseGraph.srv
[106.337s] -- Symlinking: /home/rover/kameyama_ws/install/slam_toolbox/share/slam_toolbox/srv/SerializePoseGraph_Request.msg
[106.348s] -- Symlinking: /home/rover/kameyama_ws/install/slam_toolbox/share/slam_toolbox/srv/SerializePoseGraph_Response.msg
[106.359s] -- Symlinking: /home/rover/kameyama_ws/install/slam_toolbox/share/slam_toolbox//rviz_plugins.xml
[106.370s] -- Symlinking: /home/rover/kameyama_ws/install/slam_toolbox/share/slam_toolbox//solver_plugins.xml
[106.383s] -- Symlinking: /home/rover/kameyama_ws/install/slam_toolbox/lib/slam_toolbox/async_slam_toolbox_node
[106.393s] -- Symlinking: /home/rover/kameyama_ws/install/slam_toolbox/lib/slam_toolbox/sync_slam_toolbox_node
[106.405s] -- Symlinking: /home/rover/kameyama_ws/install/slam_toolbox/lib/slam_toolbox/localization_slam_toolbox_node
[106.416s] -- Symlinking: /home/rover/kameyama_ws/install/slam_toolbox/lib/slam_toolbox/map_and_localization_slam_toolbox_node
[106.428s] -- Symlinking: /home/rover/kameyama_ws/install/slam_toolbox/lib/slam_toolbox/merge_maps_kinematic
[106.439s] -- Symlinking: /home/rover/kameyama_ws/install/slam_toolbox/lib/libtoolbox_common.so
[106.451s] -- Symlinking: /home/rover/kameyama_ws/install/slam_toolbox/lib/libSlamToolboxPlugin.so
[106.460s] -- Symlinking: /home/rover/kameyama_ws/install/slam_toolbox/lib/libceres_solver_plugin.so
[106.470s] -- Symlinking: /home/rover/kameyama_ws/install/slam_toolbox/lib/libasync_slam_toolbox.so
[106.481s] -- Symlinking: /home/rover/kameyama_ws/install/slam_toolbox/lib/libsync_slam_toolbox.so
[106.492s] -- Symlinking: /home/rover/kameyama_ws/install/slam_toolbox/lib/liblocalization_slam_toolbox.so
[106.503s] -- Symlinking: /home/rover/kameyama_ws/install/slam_toolbox/lib/liblifelong_slam_toolbox.so
[106.513s] -- Symlinking: /home/rover/kameyama_ws/install/slam_toolbox/lib/libmap_and_localization_slam_toolbox.so
[106.524s] -- Symlinking: /home/rover/kameyama_ws/install/slam_toolbox/lib/libkartoSlamToolbox.so
[106.536s] -- Symlinking: /home/rover/kameyama_ws/install/slam_toolbox/include/slam_toolbox/experimental/slam_toolbox_lifelong.hpp
[106.546s] -- Symlinking: /home/rover/kameyama_ws/install/slam_toolbox/include/slam_toolbox/experimental/slam_toolbox_map_and_localization.hpp
[106.555s] -- Symlinking: /home/rover/kameyama_ws/install/slam_toolbox/include/slam_toolbox/get_pose_helper.hpp
[106.565s] -- Symlinking: /home/rover/kameyama_ws/install/slam_toolbox/include/slam_toolbox/laser_utils.hpp
[106.577s] -- Symlinking: /home/rover/kameyama_ws/install/slam_toolbox/include/slam_toolbox/loop_closure_assistant.hpp
[106.588s] -- Symlinking: /home/rover/kameyama_ws/install/slam_toolbox/include/slam_toolbox/map_saver.hpp
[106.598s] -- Symlinking: /home/rover/kameyama_ws/install/slam_toolbox/include/slam_toolbox/merge_maps_kinematic.hpp
[106.607s] -- Symlinking: /home/rover/kameyama_ws/install/slam_toolbox/include/slam_toolbox/serialization.hpp
[106.616s] -- Symlinking: /home/rover/kameyama_ws/install/slam_toolbox/include/slam_toolbox/slam_mapper.hpp
[106.626s] -- Symlinking: /home/rover/kameyama_ws/install/slam_toolbox/include/slam_toolbox/slam_toolbox_async.hpp
[106.636s] -- Symlinking: /home/rover/kameyama_ws/install/slam_toolbox/include/slam_toolbox/slam_toolbox_common.hpp
[106.646s] -- Symlinking: /home/rover/kameyama_ws/install/slam_toolbox/include/slam_toolbox/slam_toolbox_localization.hpp
[106.655s] -- Symlinking: /home/rover/kameyama_ws/install/slam_toolbox/include/slam_toolbox/slam_toolbox_sync.hpp
[106.664s] -- Symlinking: /home/rover/kameyama_ws/install/slam_toolbox/include/slam_toolbox/snap_utils.hpp
[106.676s] -- Symlinking: /home/rover/kameyama_ws/install/slam_toolbox/include/slam_toolbox/toolbox_msgs.hpp
[106.686s] -- Symlinking: /home/rover/kameyama_ws/install/slam_toolbox/include/slam_toolbox/toolbox_types.hpp
[106.697s] -- Symlinking: /home/rover/kameyama_ws/install/slam_toolbox/include/slam_toolbox/visualization_utils.hpp
[106.708s] -- Symlinking: /home/rover/kameyama_ws/install/slam_toolbox/share/slam_toolbox/launch/localization_launch.py
[106.718s] -- Symlinking: /home/rover/kameyama_ws/install/slam_toolbox/share/slam_toolbox/launch/merge_maps_kinematic_launch.py
[106.728s] -- Symlinking: /home/rover/kameyama_ws/install/slam_toolbox/share/slam_toolbox/launch/offline_launch.py
[106.739s] -- Symlinking: /home/rover/kameyama_ws/install/slam_toolbox/share/slam_toolbox/launch/online_async_launch.py
[106.749s] -- Symlinking: /home/rover/kameyama_ws/install/slam_toolbox/share/slam_toolbox/launch/online_sync_launch.py
[106.759s] -- Symlinking: /home/rover/kameyama_ws/install/slam_toolbox/share/slam_toolbox/config/mapper_params_lifelong.yaml
[106.768s] -- Symlinking: /home/rover/kameyama_ws/install/slam_toolbox/share/slam_toolbox/config/mapper_params_localization.yaml
[106.780s] -- Symlinking: /home/rover/kameyama_ws/install/slam_toolbox/share/slam_toolbox/config/mapper_params_offline.yaml
[106.792s] -- Symlinking: /home/rover/kameyama_ws/install/slam_toolbox/share/slam_toolbox/config/mapper_params_online_async.yaml
[106.802s] -- Symlinking: /home/rover/kameyama_ws/install/slam_toolbox/share/slam_toolbox/config/mapper_params_online_sync.yaml
[106.813s] -- Symlinking: /home/rover/kameyama_ws/install/slam_toolbox/share/slam_toolbox/config/slam_toolbox_default.rviz
[106.824s] -- Symlinking: /home/rover/kameyama_ws/install/slam_toolbox/share/solver_plugins.xml
[106.834s] -- Symlinking: /home/rover/kameyama_ws/install/slam_toolbox/share/rviz_plugins.xml
[106.844s] -- Symlinking: /home/rover/kameyama_ws/install/slam_toolbox/share/ament_index/resource_index/package_run_dependencies/slam_toolbox
[106.854s] -- Symlinking: /home/rover/kameyama_ws/install/slam_toolbox/share/ament_index/resource_index/parent_prefix_path/slam_toolbox
[106.864s] -- Symlinking: /home/rover/kameyama_ws/install/slam_toolbox/share/slam_toolbox/environment/ament_prefix_path.sh
[106.876s] -- Symlinking: /home/rover/kameyama_ws/install/slam_toolbox/share/slam_toolbox/environment/ament_prefix_path.dsv
[106.887s] -- Symlinking: /home/rover/kameyama_ws/install/slam_toolbox/share/slam_toolbox/environment/path.sh
[106.897s] -- Symlinking: /home/rover/kameyama_ws/install/slam_toolbox/share/slam_toolbox/environment/path.dsv
[106.908s] -- Symlinking: /home/rover/kameyama_ws/install/slam_toolbox/share/slam_toolbox/local_setup.bash
[106.919s] -- Symlinking: /home/rover/kameyama_ws/install/slam_toolbox/share/slam_toolbox/local_setup.sh
[106.929s] -- Symlinking: /home/rover/kameyama_ws/install/slam_toolbox/share/slam_toolbox/local_setup.zsh
[106.938s] -- Symlinking: /home/rover/kameyama_ws/install/slam_toolbox/share/slam_toolbox/local_setup.dsv
[106.947s] -- Symlinking: /home/rover/kameyama_ws/install/slam_toolbox/share/slam_toolbox/package.dsv
[106.957s] -- Symlinking: /home/rover/kameyama_ws/install/slam_toolbox/share/ament_index/resource_index/packages/slam_toolbox
[106.968s] -- Symlinking: /home/rover/kameyama_ws/install/slam_toolbox/share/ament_index/resource_index/rviz_common__pluginlib__plugin/slam_toolbox
[106.979s] -- Symlinking: /home/rover/kameyama_ws/install/slam_toolbox/share/ament_index/resource_index/slam_toolbox__pluginlib__plugin/slam_toolbox
[106.992s] -- Symlinking: /home/rover/kameyama_ws/install/slam_toolbox/share/ament_index/resource_index/rclcpp_components/slam_toolbox
[107.003s] -- Symlinking: /home/rover/kameyama_ws/install/slam_toolbox/share/slam_toolbox/cmake/rosidl_cmake-extras.cmake
[107.014s] -- Symlinking: /home/rover/kameyama_ws/install/slam_toolbox/share/slam_toolbox/cmake/ament_cmake_export_dependencies-extras.cmake
[107.025s] -- Symlinking: /home/rover/kameyama_ws/install/slam_toolbox/share/slam_toolbox/cmake/ament_cmake_export_include_directories-extras.cmake
[107.035s] -- Symlinking: /home/rover/kameyama_ws/install/slam_toolbox/share/slam_toolbox/cmake/ament_cmake_export_libraries-extras.cmake
[107.046s] -- Symlinking: /home/rover/kameyama_ws/install/slam_toolbox/share/slam_toolbox/cmake/ament_cmake_export_targets-extras.cmake
[107.056s] -- Symlinking: /home/rover/kameyama_ws/install/slam_toolbox/share/slam_toolbox/cmake/rosidl_cmake_export_typesupport_targets-extras.cmake
[107.067s] -- Symlinking: /home/rover/kameyama_ws/install/slam_toolbox/share/slam_toolbox/cmake/rosidl_cmake_export_typesupport_libraries-extras.cmake
[107.081s] -- Symlinking: /home/rover/kameyama_ws/install/slam_toolbox/share/slam_toolbox/cmake/slam_toolboxConfig.cmake
[107.090s] -- Symlinking: /home/rover/kameyama_ws/install/slam_toolbox/share/slam_toolbox/cmake/slam_toolboxConfig-version.cmake
[107.100s] -- Symlinking: /home/rover/kameyama_ws/install/slam_toolbox/share/slam_toolbox/package.xml
[107.111s] -- Installing: /home/rover/kameyama_ws/install/slam_toolbox/lib/libslam_toolbox__rosidl_generator_c.so
[107.111s] -- Set runtime path of "/home/rover/kameyama_ws/install/slam_toolbox/lib/libslam_toolbox__rosidl_generator_c.so" to ""
[107.111s] -- Installing: /home/rover/kameyama_ws/install/slam_toolbox/lib/libslam_toolbox__rosidl_typesupport_fastrtps_c.so
[107.112s] -- Set runtime path of "/home/rover/kameyama_ws/install/slam_toolbox/lib/libslam_toolbox__rosidl_typesupport_fastrtps_c.so" to ""
[107.112s] -- Installing: /home/rover/kameyama_ws/install/slam_toolbox/lib/libslam_toolbox__rosidl_typesupport_fastrtps_cpp.so
[107.112s] -- Set runtime path of "/home/rover/kameyama_ws/install/slam_toolbox/lib/libslam_toolbox__rosidl_typesupport_fastrtps_cpp.so" to ""
[107.112s] -- Installing: /home/rover/kameyama_ws/install/slam_toolbox/lib/libslam_toolbox__rosidl_typesupport_introspection_c.so
[107.112s] -- Set runtime path of "/home/rover/kameyama_ws/install/slam_toolbox/lib/libslam_toolbox__rosidl_typesupport_introspection_c.so" to ""
[107.113s] -- Installing: /home/rover/kameyama_ws/install/slam_toolbox/lib/libslam_toolbox__rosidl_typesupport_c.so
[107.113s] -- Set runtime path of "/home/rover/kameyama_ws/install/slam_toolbox/lib/libslam_toolbox__rosidl_typesupport_c.so" to ""
[107.113s] -- Installing: /home/rover/kameyama_ws/install/slam_toolbox/lib/libslam_toolbox__rosidl_typesupport_introspection_cpp.so
[107.113s] -- Set runtime path of "/home/rover/kameyama_ws/install/slam_toolbox/lib/libslam_toolbox__rosidl_typesupport_introspection_cpp.so" to ""
[107.113s] -- Installing: /home/rover/kameyama_ws/install/slam_toolbox/lib/libslam_toolbox__rosidl_typesupport_cpp.so
[107.113s] -- Set runtime path of "/home/rover/kameyama_ws/install/slam_toolbox/lib/libslam_toolbox__rosidl_typesupport_cpp.so" to ""
[107.147s] Listing '/home/rover/kameyama_ws/install/slam_toolbox/local/lib/python3.10/dist-packages/slam_toolbox'...
[107.147s] Compiling '/home/rover/kameyama_ws/install/slam_toolbox/local/lib/python3.10/dist-packages/slam_toolbox/__init__.py'...
[107.147s] Listing '/home/rover/kameyama_ws/install/slam_toolbox/local/lib/python3.10/dist-packages/slam_toolbox/srv'...
[107.147s] Compiling '/home/rover/kameyama_ws/install/slam_toolbox/local/lib/python3.10/dist-packages/slam_toolbox/srv/__init__.py'...
[107.147s] Compiling '/home/rover/kameyama_ws/install/slam_toolbox/local/lib/python3.10/dist-packages/slam_toolbox/srv/_add_submap.py'...
[107.147s] Compiling '/home/rover/kameyama_ws/install/slam_toolbox/local/lib/python3.10/dist-packages/slam_toolbox/srv/_clear.py'...
[107.147s] Compiling '/home/rover/kameyama_ws/install/slam_toolbox/local/lib/python3.10/dist-packages/slam_toolbox/srv/_clear_queue.py'...
[107.147s] Compiling '/home/rover/kameyama_ws/install/slam_toolbox/local/lib/python3.10/dist-packages/slam_toolbox/srv/_deserialize_pose_graph.py'...
[107.147s] Compiling '/home/rover/kameyama_ws/install/slam_toolbox/local/lib/python3.10/dist-packages/slam_toolbox/srv/_loop_closure.py'...
[107.147s] Compiling '/home/rover/kameyama_ws/install/slam_toolbox/local/lib/python3.10/dist-packages/slam_toolbox/srv/_merge_maps.py'...
[107.148s] Compiling '/home/rover/kameyama_ws/install/slam_toolbox/local/lib/python3.10/dist-packages/slam_toolbox/srv/_pause.py'...
[107.148s] Compiling '/home/rover/kameyama_ws/install/slam_toolbox/local/lib/python3.10/dist-packages/slam_toolbox/srv/_save_map.py'...
[107.148s] Compiling '/home/rover/kameyama_ws/install/slam_toolbox/local/lib/python3.10/dist-packages/slam_toolbox/srv/_serialize_pose_graph.py'...
[107.148s] Compiling '/home/rover/kameyama_ws/install/slam_toolbox/local/lib/python3.10/dist-packages/slam_toolbox/srv/_toggle_interactive.py'...
[107.150s] -- Installing: /home/rover/kameyama_ws/install/slam_toolbox/lib/libslam_toolbox__rosidl_generator_py.so
[107.150s] -- Set runtime path of "/home/rover/kameyama_ws/install/slam_toolbox/lib/libslam_toolbox__rosidl_generator_py.so" to ""
[107.150s] -- Installing: /home/rover/kameyama_ws/install/slam_toolbox/share/slam_toolbox/cmake/export_slam_toolbox__rosidl_generator_cExport.cmake
[107.150s] -- Installing: /home/rover/kameyama_ws/install/slam_toolbox/share/slam_toolbox/cmake/export_slam_toolbox__rosidl_generator_cExport-release.cmake
[107.150s] -- Installing: /home/rover/kameyama_ws/install/slam_toolbox/share/slam_toolbox/cmake/export_slam_toolbox__rosidl_typesupport_fastrtps_cExport.cmake
[107.150s] -- Installing: /home/rover/kameyama_ws/install/slam_toolbox/share/slam_toolbox/cmake/export_slam_toolbox__rosidl_typesupport_fastrtps_cExport-release.cmake
[107.150s] -- Installing: /home/rover/kameyama_ws/install/slam_toolbox/share/slam_toolbox/cmake/export_slam_toolbox__rosidl_generator_cppExport.cmake
[107.150s] -- Installing: /home/rover/kameyama_ws/install/slam_toolbox/share/slam_toolbox/cmake/export_slam_toolbox__rosidl_typesupport_fastrtps_cppExport.cmake
[107.150s] -- Installing: /home/rover/kameyama_ws/install/slam_toolbox/share/slam_toolbox/cmake/export_slam_toolbox__rosidl_typesupport_fastrtps_cppExport-release.cmake
[107.150s] -- Installing: /home/rover/kameyama_ws/install/slam_toolbox/share/slam_toolbox/cmake/slam_toolbox__rosidl_typesupport_introspection_cExport.cmake
[107.151s] -- Installing: /home/rover/kameyama_ws/install/slam_toolbox/share/slam_toolbox/cmake/slam_toolbox__rosidl_typesupport_introspection_cExport-release.cmake
[107.151s] -- Installing: /home/rover/kameyama_ws/install/slam_toolbox/share/slam_toolbox/cmake/slam_toolbox__rosidl_typesupport_cExport.cmake
[107.151s] -- Installing: /home/rover/kameyama_ws/install/slam_toolbox/share/slam_toolbox/cmake/slam_toolbox__rosidl_typesupport_cExport-release.cmake
[107.151s] -- Installing: /home/rover/kameyama_ws/install/slam_toolbox/share/slam_toolbox/cmake/slam_toolbox__rosidl_typesupport_introspection_cppExport.cmake
[107.151s] -- Installing: /home/rover/kameyama_ws/install/slam_toolbox/share/slam_toolbox/cmake/slam_toolbox__rosidl_typesupport_introspection_cppExport-release.cmake
[107.151s] -- Installing: /home/rover/kameyama_ws/install/slam_toolbox/share/slam_toolbox/cmake/slam_toolbox__rosidl_typesupport_cppExport.cmake
[107.151s] -- Installing: /home/rover/kameyama_ws/install/slam_toolbox/share/slam_toolbox/cmake/slam_toolbox__rosidl_typesupport_cppExport-release.cmake
[107.151s] -- Installing: /home/rover/kameyama_ws/install/slam_toolbox/share/slam_toolbox/cmake/export_slam_toolbox__rosidl_generator_pyExport.cmake
[107.151s] -- Installing: /home/rover/kameyama_ws/install/slam_toolbox/share/slam_toolbox/cmake/export_slam_toolbox__rosidl_generator_pyExport-release.cmake
[107.151s] -- Installing: /home/rover/kameyama_ws/install/slam_toolbox/share/slam_toolbox/cmake/SlamToolboxPluginExport.cmake
[107.152s] -- Installing: /home/rover/kameyama_ws/install/slam_toolbox/share/slam_toolbox/cmake/SlamToolboxPluginExport-release.cmake
[107.154s] Invoked command in '/home/rover/kameyama_ws/build/slam_toolbox' returned '0': CMAKE_PREFIX_PATH=${CMAKE_PREFIX_PATH}:/home/rover/amir_basic_ws/install/nav2_simple_commander:/home/rover/amir_basic_ws/install/camera_calibration:/opt/ros/humble /usr/bin/cmake --install /home/rover/kameyama_ws/build/slam_toolbox
