[  3%] Built target line_msg__cpp
[ 12%] Built target line_msg__rosidl_generator_c
[ 12%] Built target ament_cmake_python_symlink_line_msg
[ 22%] Built target line_msg__rosidl_typesupport_introspection_c
[ 32%] Built target line_msg__rosidl_typesupport_cpp
[ 41%] Built target line_msg__rosidl_typesupport_fastrtps_c
[ 51%] Built target line_msg__rosidl_typesupport_introspection_cpp
[ 61%] Built target line_msg__rosidl_typesupport_fastrtps_cpp
[ 70%] Built target line_msg__rosidl_typesupport_c
[ 70%] Built target line_msg
[ 74%] Built target line_msg__py
[ 80%] Built target line_msg__rosidl_generator_py
[ 87%] Built target line_msg__rosidl_typesupport_fastrtps_c__pyext
[ 93%] Built target line_msg__rosidl_typesupport_introspection_c__pyext
[100%] Built target line_msg__rosidl_typesupport_c__pyext
running egg_info
writing line_msg.egg-info/PKG-INFO
writing dependency_links to line_msg.egg-info/dependency_links.txt
interrupted
gmake[2]: *** [CMakeFiles/ament_cmake_python_build_line_msg_egg.dir/build.make:70: CMakeFiles/ament_cmake_python_build_line_msg_egg] 割り込み
gmake[1]: *** [CMakeFiles/Makefile2:447: CMakeFiles/ament_cmake_python_build_line_msg_egg.dir/all] 割り込み
gmake: *** [Makefile:146: all] 割り込み
