[0.028s] Invoking command in '/home/das-note-021/amir_kameyama_ws/build/failure_detection_msgs': CMAKE_PREFIX_PATH=/home/das-note-021/amir_kameyama_ws/install/my_nav_msgs:/home/das-note-021/amir_kameyama_ws/install/behavior_tree_msgs:/home/das-note-021/amir_kameyama_ws/install/rviz_utility:/home/das-note-021/amir_kameyama_ws/install/ros2_behavior_tree:/home/das-note-021/amir_kameyama_ws/install/observation:/home/das-note-021/amir_kameyama_ws/install/observation_msgs:/home/das-note-021/amir_kameyama_ws/install/my_utility:/home/das-note-021/amir_kameyama_ws/install/failure_detection_msgs:/home/das-note-021/amir_kameyama_ws/install/mecanum_navigation2:/home/das-note-021/amir_kameyama_ws/install/amir_operation:/home/das-note-021/amir_kameyama_ws/install/line_msg:/home/das-note-021/amir_kameyama_ws/install/joint_state_publisher_tutorial:/home/das-note-021/amir_kameyama_ws/install/bebop_msgs:/home/das-note-021/amir_kameyama_ws/install/ar_track_alvar_msgs:/home/das-note-021/amir_kameyama_ws/install/amir_navigation:/home/das-note-021/kameyama_ws/install/slam_toolbox:/home/das-note-021/kameyama_ws/install/slam_gmapping:/home/das-note-021/kameyama_ws/install/rviz_utility:/home/das-note-021/kameyama_ws/install/ros2_behavior_tree:/home/das-note-021/kameyama_ws/install/amir_operation:/home/das-note-021/kameyama_ws/install/ros2_aruco_interfaces:/home/das-note-021/kameyama_ws/install/openslam_gmapping:/home/das-note-021/kameyama_ws/install/observation:/home/das-note-021/kameyama_ws/install/observation_msgs:/home/das-note-021/kameyama_ws/install/my_utility:/home/das-note-021/kameyama_ws/install/failure_detection_msgs:/home/das-note-021/kameyama_ws/install/my_nav_msgs:/home/das-note-021/kameyama_ws/install/mecanum_navigation2:/home/das-note-021/kameyama_ws/install/littleslam_ros2:/home/das-note-021/kameyama_ws/install/line_msg:/home/das-note-021/kameyama_ws/install/joint_state_publisher_tutorial:/home/das-note-021/kameyama_ws/install/emcl2:/home/das-note-021/kameyama_ws/install/behavior_tree_msgs:/home/das-note-021/kameyama_ws/install/bebop_msgs:/home/das-note-021/kameyama_ws/install/amir_navigation:/home/das-note-021/amir_basic_ws/install/realsense2_description:/home/das-note-021/amir_basic_ws/install/realsense2_camera:/home/das-note-021/amir_basic_ws/install/realsense2_camera_msgs:/home/das-note-021/amir_basic_ws/install/darknet_ros:/home/das-note-021/amir_basic_ws/install/darknet_ros_msgs:/home/das-note-021/amir_basic_ws/install/amir_interfaces:/home/das-note-021/amir_kameyama_ws/install/failure_detection:/home/das-note-021/amir_kameyama_ws/install/bt_generator:/home/das-note-021/kameyama_ws/install/ros2_aruco:/home/das-note-021/kameyama_ws/install/failure_detection:/home/das-note-021/kameyama_ws/install/bt_generator:/opt/ros/humble LD_LIBRARY_PATH=/home/das-note-021/amir_kameyama_ws/install/my_nav_msgs/lib:/home/das-note-021/amir_kameyama_ws/install/behavior_tree_msgs/lib:/home/das-note-021/amir_kameyama_ws/install/ros2_behavior_tree/lib:/home/das-note-021/amir_kameyama_ws/install/observation_msgs/lib:/home/das-note-021/amir_kameyama_ws/install/failure_detection_msgs/lib:/home/das-note-021/amir_kameyama_ws/install/line_msg/lib:/home/das-note-021/amir_kameyama_ws/install/bebop_msgs/lib:/home/das-note-021/amir_kameyama_ws/install/ar_track_alvar_msgs/lib:/home/das-note-021/kameyama_ws/install/slam_toolbox/lib:/home/das-note-021/kameyama_ws/install/ros2_behavior_tree/lib:/home/das-note-021/kameyama_ws/install/ros2_aruco_interfaces/lib:/home/das-note-021/kameyama_ws/install/openslam_gmapping/lib:/home/das-note-021/kameyama_ws/install/observation_msgs/lib:/home/das-note-021/kameyama_ws/install/failure_detection_msgs/lib:/home/das-note-021/kameyama_ws/install/my_nav_msgs/lib:/home/das-note-021/kameyama_ws/install/littleslam_ros2/lib:/home/das-note-021/kameyama_ws/install/line_msg/lib:/home/das-note-021/kameyama_ws/install/behavior_tree_msgs/lib:/home/das-note-021/kameyama_ws/install/bebop_msgs/lib:/home/das-note-021/amir_basic_ws/install/realsense2_camera/lib:/home/das-note-021/amir_basic_ws/install/realsense2_camera_msgs/lib:/home/das-note-021/amir_basic_ws/install/darknet_ros/lib:/home/das-note-021/amir_basic_ws/install/darknet_ros_msgs/lib:/home/das-note-021/amir_basic_ws/install/amir_interfaces/lib:/usr/lib/x86_64-linux-gnu/gazebo-11/plugins:/opt/ros/humble/opt/rviz_ogre_vendor/lib:/opt/ros/humble/lib/x86_64-linux-gnu:/opt/ros/humble/lib:/usr/local/cuda/lib64 /usr/bin/cmake --build /home/das-note-021/amir_kameyama_ws/build/failure_detection_msgs -- -j22 -l22
[0.084s] [  1%] Built target failure_detection_msgs__cpp
[0.084s] [  1%] Built target ament_cmake_python_symlink_failure_detection_msgs
[0.088s] [ 12%] Built target failure_detection_msgs__rosidl_generator_c
[0.107s] [ 23%] Built target failure_detection_msgs__rosidl_typesupport_cpp
[0.110s] [ 34%] Built target failure_detection_msgs__rosidl_typesupport_c
[0.110s] [ 46%] Built target failure_detection_msgs__rosidl_typesupport_introspection_c
[0.111s] [ 57%] Built target failure_detection_msgs__rosidl_typesupport_fastrtps_cpp
[0.111s] [ 68%] Built target failure_detection_msgs__rosidl_typesupport_introspection_cpp
[0.116s] [ 79%] Built target failure_detection_msgs__rosidl_typesupport_fastrtps_c
[0.140s] [ 79%] Built target failure_detection_msgs
[0.163s] [ 80%] Built target failure_detection_msgs__py
[0.185s] [ 90%] Built target failure_detection_msgs__rosidl_generator_py
[0.209s] [ 95%] Built target failure_detection_msgs__rosidl_typesupport_introspection_c__pyext
[0.209s] [ 96%] Built target failure_detection_msgs__rosidl_typesupport_c__pyext
[0.209s] [100%] Built target failure_detection_msgs__rosidl_typesupport_fastrtps_c__pyext
[0.250s] running egg_info
[0.250s] writing failure_detection_msgs.egg-info/PKG-INFO
[0.251s] writing dependency_links to failure_detection_msgs.egg-info/dependency_links.txt
[0.251s] writing top-level names to failure_detection_msgs.egg-info/top_level.txt
[0.252s] reading manifest file 'failure_detection_msgs.egg-info/SOURCES.txt'
[0.252s] writing manifest file 'failure_detection_msgs.egg-info/SOURCES.txt'
[0.273s] [100%] Built target ament_cmake_python_build_failure_detection_msgs_egg
[0.283s] Invoked command in '/home/das-note-021/amir_kameyama_ws/build/failure_detection_msgs' returned '0': CMAKE_PREFIX_PATH=/home/das-note-021/amir_kameyama_ws/install/my_nav_msgs:/home/das-note-021/amir_kameyama_ws/install/behavior_tree_msgs:/home/das-note-021/amir_kameyama_ws/install/rviz_utility:/home/das-note-021/amir_kameyama_ws/install/ros2_behavior_tree:/home/das-note-021/amir_kameyama_ws/install/observation:/home/das-note-021/amir_kameyama_ws/install/observation_msgs:/home/das-note-021/amir_kameyama_ws/install/my_utility:/home/das-note-021/amir_kameyama_ws/install/failure_detection_msgs:/home/das-note-021/amir_kameyama_ws/install/mecanum_navigation2:/home/das-note-021/amir_kameyama_ws/install/amir_operation:/home/das-note-021/amir_kameyama_ws/install/line_msg:/home/das-note-021/amir_kameyama_ws/install/joint_state_publisher_tutorial:/home/das-note-021/amir_kameyama_ws/install/bebop_msgs:/home/das-note-021/amir_kameyama_ws/install/ar_track_alvar_msgs:/home/das-note-021/amir_kameyama_ws/install/amir_navigation:/home/das-note-021/kameyama_ws/install/slam_toolbox:/home/das-note-021/kameyama_ws/install/slam_gmapping:/home/das-note-021/kameyama_ws/install/rviz_utility:/home/das-note-021/kameyama_ws/install/ros2_behavior_tree:/home/das-note-021/kameyama_ws/install/amir_operation:/home/das-note-021/kameyama_ws/install/ros2_aruco_interfaces:/home/das-note-021/kameyama_ws/install/openslam_gmapping:/home/das-note-021/kameyama_ws/install/observation:/home/das-note-021/kameyama_ws/install/observation_msgs:/home/das-note-021/kameyama_ws/install/my_utility:/home/das-note-021/kameyama_ws/install/failure_detection_msgs:/home/das-note-021/kameyama_ws/install/my_nav_msgs:/home/das-note-021/kameyama_ws/install/mecanum_navigation2:/home/das-note-021/kameyama_ws/install/littleslam_ros2:/home/das-note-021/kameyama_ws/install/line_msg:/home/das-note-021/kameyama_ws/install/joint_state_publisher_tutorial:/home/das-note-021/kameyama_ws/install/emcl2:/home/das-note-021/kameyama_ws/install/behavior_tree_msgs:/home/das-note-021/kameyama_ws/install/bebop_msgs:/home/das-note-021/kameyama_ws/install/amir_navigation:/home/das-note-021/amir_basic_ws/install/realsense2_description:/home/das-note-021/amir_basic_ws/install/realsense2_camera:/home/das-note-021/amir_basic_ws/install/realsense2_camera_msgs:/home/das-note-021/amir_basic_ws/install/darknet_ros:/home/das-note-021/amir_basic_ws/install/darknet_ros_msgs:/home/das-note-021/amir_basic_ws/install/amir_interfaces:/home/das-note-021/amir_kameyama_ws/install/failure_detection:/home/das-note-021/amir_kameyama_ws/install/bt_generator:/home/das-note-021/kameyama_ws/install/ros2_aruco:/home/das-note-021/kameyama_ws/install/failure_detection:/home/das-note-021/kameyama_ws/install/bt_generator:/opt/ros/humble LD_LIBRARY_PATH=/home/das-note-021/amir_kameyama_ws/install/my_nav_msgs/lib:/home/das-note-021/amir_kameyama_ws/install/behavior_tree_msgs/lib:/home/das-note-021/amir_kameyama_ws/install/ros2_behavior_tree/lib:/home/das-note-021/amir_kameyama_ws/install/observation_msgs/lib:/home/das-note-021/amir_kameyama_ws/install/failure_detection_msgs/lib:/home/das-note-021/amir_kameyama_ws/install/line_msg/lib:/home/das-note-021/amir_kameyama_ws/install/bebop_msgs/lib:/home/das-note-021/amir_kameyama_ws/install/ar_track_alvar_msgs/lib:/home/das-note-021/kameyama_ws/install/slam_toolbox/lib:/home/das-note-021/kameyama_ws/install/ros2_behavior_tree/lib:/home/das-note-021/kameyama_ws/install/ros2_aruco_interfaces/lib:/home/das-note-021/kameyama_ws/install/openslam_gmapping/lib:/home/das-note-021/kameyama_ws/install/observation_msgs/lib:/home/das-note-021/kameyama_ws/install/failure_detection_msgs/lib:/home/das-note-021/kameyama_ws/install/my_nav_msgs/lib:/home/das-note-021/kameyama_ws/install/littleslam_ros2/lib:/home/das-note-021/kameyama_ws/install/line_msg/lib:/home/das-note-021/kameyama_ws/install/behavior_tree_msgs/lib:/home/das-note-021/kameyama_ws/install/bebop_msgs/lib:/home/das-note-021/amir_basic_ws/install/realsense2_camera/lib:/home/das-note-021/amir_basic_ws/install/realsense2_camera_msgs/lib:/home/das-note-021/amir_basic_ws/install/darknet_ros/lib:/home/das-note-021/amir_basic_ws/install/darknet_ros_msgs/lib:/home/das-note-021/amir_basic_ws/install/amir_interfaces/lib:/usr/lib/x86_64-linux-gnu/gazebo-11/plugins:/opt/ros/humble/opt/rviz_ogre_vendor/lib:/opt/ros/humble/lib/x86_64-linux-gnu:/opt/ros/humble/lib:/usr/local/cuda/lib64 /usr/bin/cmake --build /home/das-note-021/amir_kameyama_ws/build/failure_detection_msgs -- -j22 -l22
[0.285s] Invoking command in '/home/das-note-021/amir_kameyama_ws/build/failure_detection_msgs': CMAKE_PREFIX_PATH=/home/das-note-021/amir_kameyama_ws/install/my_nav_msgs:/home/das-note-021/amir_kameyama_ws/install/behavior_tree_msgs:/home/das-note-021/amir_kameyama_ws/install/rviz_utility:/home/das-note-021/amir_kameyama_ws/install/ros2_behavior_tree:/home/das-note-021/amir_kameyama_ws/install/observation:/home/das-note-021/amir_kameyama_ws/install/observation_msgs:/home/das-note-021/amir_kameyama_ws/install/my_utility:/home/das-note-021/amir_kameyama_ws/install/failure_detection_msgs:/home/das-note-021/amir_kameyama_ws/install/mecanum_navigation2:/home/das-note-021/amir_kameyama_ws/install/amir_operation:/home/das-note-021/amir_kameyama_ws/install/line_msg:/home/das-note-021/amir_kameyama_ws/install/joint_state_publisher_tutorial:/home/das-note-021/amir_kameyama_ws/install/bebop_msgs:/home/das-note-021/amir_kameyama_ws/install/ar_track_alvar_msgs:/home/das-note-021/amir_kameyama_ws/install/amir_navigation:/home/das-note-021/kameyama_ws/install/slam_toolbox:/home/das-note-021/kameyama_ws/install/slam_gmapping:/home/das-note-021/kameyama_ws/install/rviz_utility:/home/das-note-021/kameyama_ws/install/ros2_behavior_tree:/home/das-note-021/kameyama_ws/install/amir_operation:/home/das-note-021/kameyama_ws/install/ros2_aruco_interfaces:/home/das-note-021/kameyama_ws/install/openslam_gmapping:/home/das-note-021/kameyama_ws/install/observation:/home/das-note-021/kameyama_ws/install/observation_msgs:/home/das-note-021/kameyama_ws/install/my_utility:/home/das-note-021/kameyama_ws/install/failure_detection_msgs:/home/das-note-021/kameyama_ws/install/my_nav_msgs:/home/das-note-021/kameyama_ws/install/mecanum_navigation2:/home/das-note-021/kameyama_ws/install/littleslam_ros2:/home/das-note-021/kameyama_ws/install/line_msg:/home/das-note-021/kameyama_ws/install/joint_state_publisher_tutorial:/home/das-note-021/kameyama_ws/install/emcl2:/home/das-note-021/kameyama_ws/install/behavior_tree_msgs:/home/das-note-021/kameyama_ws/install/bebop_msgs:/home/das-note-021/kameyama_ws/install/amir_navigation:/home/das-note-021/amir_basic_ws/install/realsense2_description:/home/das-note-021/amir_basic_ws/install/realsense2_camera:/home/das-note-021/amir_basic_ws/install/realsense2_camera_msgs:/home/das-note-021/amir_basic_ws/install/darknet_ros:/home/das-note-021/amir_basic_ws/install/darknet_ros_msgs:/home/das-note-021/amir_basic_ws/install/amir_interfaces:/home/das-note-021/amir_kameyama_ws/install/failure_detection:/home/das-note-021/amir_kameyama_ws/install/bt_generator:/home/das-note-021/kameyama_ws/install/ros2_aruco:/home/das-note-021/kameyama_ws/install/failure_detection:/home/das-note-021/kameyama_ws/install/bt_generator:/opt/ros/humble LD_LIBRARY_PATH=/home/das-note-021/amir_kameyama_ws/install/my_nav_msgs/lib:/home/das-note-021/amir_kameyama_ws/install/behavior_tree_msgs/lib:/home/das-note-021/amir_kameyama_ws/install/ros2_behavior_tree/lib:/home/das-note-021/amir_kameyama_ws/install/observation_msgs/lib:/home/das-note-021/amir_kameyama_ws/install/failure_detection_msgs/lib:/home/das-note-021/amir_kameyama_ws/install/line_msg/lib:/home/das-note-021/amir_kameyama_ws/install/bebop_msgs/lib:/home/das-note-021/amir_kameyama_ws/install/ar_track_alvar_msgs/lib:/home/das-note-021/kameyama_ws/install/slam_toolbox/lib:/home/das-note-021/kameyama_ws/install/ros2_behavior_tree/lib:/home/das-note-021/kameyama_ws/install/ros2_aruco_interfaces/lib:/home/das-note-021/kameyama_ws/install/openslam_gmapping/lib:/home/das-note-021/kameyama_ws/install/observation_msgs/lib:/home/das-note-021/kameyama_ws/install/failure_detection_msgs/lib:/home/das-note-021/kameyama_ws/install/my_nav_msgs/lib:/home/das-note-021/kameyama_ws/install/littleslam_ros2/lib:/home/das-note-021/kameyama_ws/install/line_msg/lib:/home/das-note-021/kameyama_ws/install/behavior_tree_msgs/lib:/home/das-note-021/kameyama_ws/install/bebop_msgs/lib:/home/das-note-021/amir_basic_ws/install/realsense2_camera/lib:/home/das-note-021/amir_basic_ws/install/realsense2_camera_msgs/lib:/home/das-note-021/amir_basic_ws/install/darknet_ros/lib:/home/das-note-021/amir_basic_ws/install/darknet_ros_msgs/lib:/home/das-note-021/amir_basic_ws/install/amir_interfaces/lib:/usr/lib/x86_64-linux-gnu/gazebo-11/plugins:/opt/ros/humble/opt/rviz_ogre_vendor/lib:/opt/ros/humble/lib/x86_64-linux-gnu:/opt/ros/humble/lib:/usr/local/cuda/lib64 /usr/bin/cmake --install /home/das-note-021/amir_kameyama_ws/build/failure_detection_msgs
[0.290s] -- Install configuration: ""
[0.291s] -- Execute custom install script
[0.291s] -- Up-to-date symlink: /home/das-note-021/amir_kameyama_ws/install/failure_detection_msgs/share/ament_index/resource_index/rosidl_interfaces/failure_detection_msgs
[0.291s] -- Up-to-date symlink: /home/das-note-021/amir_kameyama_ws/install/failure_detection_msgs/include/failure_detection_msgs/failure_detection_msgs/action/analysys.h
[0.291s] -- Up-to-date symlink: /home/das-note-021/amir_kameyama_ws/install/failure_detection_msgs/include/failure_detection_msgs/failure_detection_msgs/action/detail/analysys__functions.h
[0.291s] -- Up-to-date symlink: /home/das-note-021/amir_kameyama_ws/install/failure_detection_msgs/include/failure_detection_msgs/failure_detection_msgs/action/detail/analysys__struct.h
[0.292s] -- Up-to-date symlink: /home/das-note-021/amir_kameyama_ws/install/failure_detection_msgs/include/failure_detection_msgs/failure_detection_msgs/action/detail/analysys__type_support.h
[0.292s] -- Up-to-date symlink: /home/das-note-021/amir_kameyama_ws/install/failure_detection_msgs/include/failure_detection_msgs/failure_detection_msgs/msg/detail/solution__functions.h
[0.292s] -- Up-to-date symlink: /home/das-note-021/amir_kameyama_ws/install/failure_detection_msgs/include/failure_detection_msgs/failure_detection_msgs/msg/detail/solution__struct.h
[0.292s] -- Up-to-date symlink: /home/das-note-021/amir_kameyama_ws/install/failure_detection_msgs/include/failure_detection_msgs/failure_detection_msgs/msg/detail/solution__type_support.h
[0.292s] -- Up-to-date symlink: /home/das-note-021/amir_kameyama_ws/install/failure_detection_msgs/include/failure_detection_msgs/failure_detection_msgs/msg/rosidl_generator_c__visibility_control.h
[0.292s] -- Up-to-date symlink: /home/das-note-021/amir_kameyama_ws/install/failure_detection_msgs/include/failure_detection_msgs/failure_detection_msgs/msg/solution.h
[0.292s] -- Up-to-date symlink: /home/das-note-021/amir_kameyama_ws/install/failure_detection_msgs/include/failure_detection_msgs/failure_detection_msgs/srv/after_pick.h
[0.292s] -- Up-to-date symlink: /home/das-note-021/amir_kameyama_ws/install/failure_detection_msgs/include/failure_detection_msgs/failure_detection_msgs/srv/before_pick.h
[0.292s] -- Up-to-date symlink: /home/das-note-021/amir_kameyama_ws/install/failure_detection_msgs/include/failure_detection_msgs/failure_detection_msgs/srv/detail/after_pick__functions.h
[0.292s] -- Up-to-date symlink: /home/das-note-021/amir_kameyama_ws/install/failure_detection_msgs/include/failure_detection_msgs/failure_detection_msgs/srv/detail/after_pick__struct.h
[0.293s] -- Up-to-date symlink: /home/das-note-021/amir_kameyama_ws/install/failure_detection_msgs/include/failure_detection_msgs/failure_detection_msgs/srv/detail/after_pick__type_support.h
[0.293s] -- Up-to-date symlink: /home/das-note-021/amir_kameyama_ws/install/failure_detection_msgs/include/failure_detection_msgs/failure_detection_msgs/srv/detail/before_pick__functions.h
[0.293s] -- Up-to-date symlink: /home/das-note-021/amir_kameyama_ws/install/failure_detection_msgs/include/failure_detection_msgs/failure_detection_msgs/srv/detail/before_pick__struct.h
[0.293s] -- Up-to-date symlink: /home/das-note-021/amir_kameyama_ws/install/failure_detection_msgs/include/failure_detection_msgs/failure_detection_msgs/srv/detail/before_pick__type_support.h
[0.293s] -- Up-to-date symlink: /home/das-note-021/amir_kameyama_ws/install/failure_detection_msgs/include/failure_detection_msgs/failure_detection_msgs/srv/detail/path_check__functions.h
[0.293s] -- Up-to-date symlink: /home/das-note-021/amir_kameyama_ws/install/failure_detection_msgs/include/failure_detection_msgs/failure_detection_msgs/srv/detail/path_check__struct.h
[0.293s] -- Up-to-date symlink: /home/das-note-021/amir_kameyama_ws/install/failure_detection_msgs/include/failure_detection_msgs/failure_detection_msgs/srv/detail/path_check__type_support.h
[0.293s] -- Up-to-date symlink: /home/das-note-021/amir_kameyama_ws/install/failure_detection_msgs/include/failure_detection_msgs/failure_detection_msgs/srv/path_check.h
[0.293s] -- Up-to-date symlink: /home/das-note-021/amir_kameyama_ws/install/failure_detection_msgs/share/failure_detection_msgs/environment/library_path.sh
[0.293s] -- Up-to-date symlink: /home/das-note-021/amir_kameyama_ws/install/failure_detection_msgs/share/failure_detection_msgs/environment/library_path.dsv
[0.293s] -- Up-to-date symlink: /home/das-note-021/amir_kameyama_ws/install/failure_detection_msgs/include/failure_detection_msgs/failure_detection_msgs/action/detail/analysys__rosidl_typesupport_fastrtps_c.h
[0.293s] -- Up-to-date symlink: /home/das-note-021/amir_kameyama_ws/install/failure_detection_msgs/include/failure_detection_msgs/failure_detection_msgs/msg/detail/solution__rosidl_typesupport_fastrtps_c.h
[0.293s] -- Up-to-date symlink: /home/das-note-021/amir_kameyama_ws/install/failure_detection_msgs/include/failure_detection_msgs/failure_detection_msgs/msg/rosidl_typesupport_fastrtps_c__visibility_control.h
[0.294s] -- Up-to-date symlink: /home/das-note-021/amir_kameyama_ws/install/failure_detection_msgs/include/failure_detection_msgs/failure_detection_msgs/srv/detail/after_pick__rosidl_typesupport_fastrtps_c.h
[0.294s] -- Up-to-date symlink: /home/das-note-021/amir_kameyama_ws/install/failure_detection_msgs/include/failure_detection_msgs/failure_detection_msgs/srv/detail/before_pick__rosidl_typesupport_fastrtps_c.h
[0.294s] -- Up-to-date symlink: /home/das-note-021/amir_kameyama_ws/install/failure_detection_msgs/include/failure_detection_msgs/failure_detection_msgs/srv/detail/path_check__rosidl_typesupport_fastrtps_c.h
[0.294s] -- Up-to-date symlink: /home/das-note-021/amir_kameyama_ws/install/failure_detection_msgs/include/failure_detection_msgs/failure_detection_msgs/action/detail/analysys__rosidl_typesupport_introspection_c.h
[0.294s] -- Up-to-date symlink: /home/das-note-021/amir_kameyama_ws/install/failure_detection_msgs/include/failure_detection_msgs/failure_detection_msgs/msg/detail/solution__rosidl_typesupport_introspection_c.h
[0.294s] -- Up-to-date symlink: /home/das-note-021/amir_kameyama_ws/install/failure_detection_msgs/include/failure_detection_msgs/failure_detection_msgs/msg/rosidl_typesupport_introspection_c__visibility_control.h
[0.294s] -- Up-to-date symlink: /home/das-note-021/amir_kameyama_ws/install/failure_detection_msgs/include/failure_detection_msgs/failure_detection_msgs/srv/detail/after_pick__rosidl_typesupport_introspection_c.h
[0.294s] -- Up-to-date symlink: /home/das-note-021/amir_kameyama_ws/install/failure_detection_msgs/include/failure_detection_msgs/failure_detection_msgs/srv/detail/before_pick__rosidl_typesupport_introspection_c.h
[0.294s] -- Up-to-date symlink: /home/das-note-021/amir_kameyama_ws/install/failure_detection_msgs/include/failure_detection_msgs/failure_detection_msgs/srv/detail/path_check__rosidl_typesupport_introspection_c.h
[0.294s] -- Up-to-date symlink: /home/das-note-021/amir_kameyama_ws/install/failure_detection_msgs/include/failure_detection_msgs/failure_detection_msgs/action/analysys.hpp
[0.294s] -- Up-to-date symlink: /home/das-note-021/amir_kameyama_ws/install/failure_detection_msgs/include/failure_detection_msgs/failure_detection_msgs/action/detail/analysys__builder.hpp
[0.294s] -- Up-to-date symlink: /home/das-note-021/amir_kameyama_ws/install/failure_detection_msgs/include/failure_detection_msgs/failure_detection_msgs/action/detail/analysys__struct.hpp
[0.294s] -- Up-to-date symlink: /home/das-note-021/amir_kameyama_ws/install/failure_detection_msgs/include/failure_detection_msgs/failure_detection_msgs/action/detail/analysys__traits.hpp
[0.294s] -- Up-to-date symlink: /home/das-note-021/amir_kameyama_ws/install/failure_detection_msgs/include/failure_detection_msgs/failure_detection_msgs/action/detail/analysys__type_support.hpp
[0.294s] -- Up-to-date symlink: /home/das-note-021/amir_kameyama_ws/install/failure_detection_msgs/include/failure_detection_msgs/failure_detection_msgs/msg/detail/solution__builder.hpp
[0.294s] -- Up-to-date symlink: /home/das-note-021/amir_kameyama_ws/install/failure_detection_msgs/include/failure_detection_msgs/failure_detection_msgs/msg/detail/solution__struct.hpp
[0.294s] -- Up-to-date symlink: /home/das-note-021/amir_kameyama_ws/install/failure_detection_msgs/include/failure_detection_msgs/failure_detection_msgs/msg/detail/solution__traits.hpp
[0.294s] -- Up-to-date symlink: /home/das-note-021/amir_kameyama_ws/install/failure_detection_msgs/include/failure_detection_msgs/failure_detection_msgs/msg/detail/solution__type_support.hpp
[0.294s] -- Up-to-date symlink: /home/das-note-021/amir_kameyama_ws/install/failure_detection_msgs/include/failure_detection_msgs/failure_detection_msgs/msg/rosidl_generator_cpp__visibility_control.hpp
[0.294s] -- Up-to-date symlink: /home/das-note-021/amir_kameyama_ws/install/failure_detection_msgs/include/failure_detection_msgs/failure_detection_msgs/msg/solution.hpp
[0.295s] -- Up-to-date symlink: /home/das-note-021/amir_kameyama_ws/install/failure_detection_msgs/include/failure_detection_msgs/failure_detection_msgs/srv/after_pick.hpp
[0.295s] -- Up-to-date symlink: /home/das-note-021/amir_kameyama_ws/install/failure_detection_msgs/include/failure_detection_msgs/failure_detection_msgs/srv/before_pick.hpp
[0.295s] -- Up-to-date symlink: /home/das-note-021/amir_kameyama_ws/install/failure_detection_msgs/include/failure_detection_msgs/failure_detection_msgs/srv/detail/after_pick__builder.hpp
[0.295s] -- Up-to-date symlink: /home/das-note-021/amir_kameyama_ws/install/failure_detection_msgs/include/failure_detection_msgs/failure_detection_msgs/srv/detail/after_pick__struct.hpp
[0.295s] -- Up-to-date symlink: /home/das-note-021/amir_kameyama_ws/install/failure_detection_msgs/include/failure_detection_msgs/failure_detection_msgs/srv/detail/after_pick__traits.hpp
[0.295s] -- Up-to-date symlink: /home/das-note-021/amir_kameyama_ws/install/failure_detection_msgs/include/failure_detection_msgs/failure_detection_msgs/srv/detail/after_pick__type_support.hpp
[0.295s] -- Up-to-date symlink: /home/das-note-021/amir_kameyama_ws/install/failure_detection_msgs/include/failure_detection_msgs/failure_detection_msgs/srv/detail/before_pick__builder.hpp
[0.295s] -- Up-to-date symlink: /home/das-note-021/amir_kameyama_ws/install/failure_detection_msgs/include/failure_detection_msgs/failure_detection_msgs/srv/detail/before_pick__struct.hpp
[0.295s] -- Up-to-date symlink: /home/das-note-021/amir_kameyama_ws/install/failure_detection_msgs/include/failure_detection_msgs/failure_detection_msgs/srv/detail/before_pick__traits.hpp
[0.295s] -- Up-to-date symlink: /home/das-note-021/amir_kameyama_ws/install/failure_detection_msgs/include/failure_detection_msgs/failure_detection_msgs/srv/detail/before_pick__type_support.hpp
[0.295s] -- Up-to-date symlink: /home/das-note-021/amir_kameyama_ws/install/failure_detection_msgs/include/failure_detection_msgs/failure_detection_msgs/srv/detail/path_check__builder.hpp
[0.295s] -- Up-to-date symlink: /home/das-note-021/amir_kameyama_ws/install/failure_detection_msgs/include/failure_detection_msgs/failure_detection_msgs/srv/detail/path_check__struct.hpp
[0.295s] -- Up-to-date symlink: /home/das-note-021/amir_kameyama_ws/install/failure_detection_msgs/include/failure_detection_msgs/failure_detection_msgs/srv/detail/path_check__traits.hpp
[0.295s] -- Up-to-date symlink: /home/das-note-021/amir_kameyama_ws/install/failure_detection_msgs/include/failure_detection_msgs/failure_detection_msgs/srv/detail/path_check__type_support.hpp
[0.295s] -- Up-to-date symlink: /home/das-note-021/amir_kameyama_ws/install/failure_detection_msgs/include/failure_detection_msgs/failure_detection_msgs/srv/path_check.hpp
[0.295s] -- Up-to-date symlink: /home/das-note-021/amir_kameyama_ws/install/failure_detection_msgs/include/failure_detection_msgs/failure_detection_msgs/action/detail/analysys__rosidl_typesupport_fastrtps_cpp.hpp
[0.295s] -- Up-to-date symlink: /home/das-note-021/amir_kameyama_ws/install/failure_detection_msgs/include/failure_detection_msgs/failure_detection_msgs/msg/detail/solution__rosidl_typesupport_fastrtps_cpp.hpp
[0.295s] -- Up-to-date symlink: /home/das-note-021/amir_kameyama_ws/install/failure_detection_msgs/include/failure_detection_msgs/failure_detection_msgs/msg/rosidl_typesupport_fastrtps_cpp__visibility_control.h
[0.295s] -- Up-to-date symlink: /home/das-note-021/amir_kameyama_ws/install/failure_detection_msgs/include/failure_detection_msgs/failure_detection_msgs/srv/detail/after_pick__rosidl_typesupport_fastrtps_cpp.hpp
[0.295s] -- Up-to-date symlink: /home/das-note-021/amir_kameyama_ws/install/failure_detection_msgs/include/failure_detection_msgs/failure_detection_msgs/srv/detail/before_pick__rosidl_typesupport_fastrtps_cpp.hpp
[0.295s] -- Up-to-date symlink: /home/das-note-021/amir_kameyama_ws/install/failure_detection_msgs/include/failure_detection_msgs/failure_detection_msgs/srv/detail/path_check__rosidl_typesupport_fastrtps_cpp.hpp
[0.295s] -- Up-to-date symlink: /home/das-note-021/amir_kameyama_ws/install/failure_detection_msgs/include/failure_detection_msgs/failure_detection_msgs/action/detail/analysys__rosidl_typesupport_introspection_cpp.hpp
[0.295s] -- Up-to-date symlink: /home/das-note-021/amir_kameyama_ws/install/failure_detection_msgs/include/failure_detection_msgs/failure_detection_msgs/msg/detail/solution__rosidl_typesupport_introspection_cpp.hpp
[0.295s] -- Up-to-date symlink: /home/das-note-021/amir_kameyama_ws/install/failure_detection_msgs/include/failure_detection_msgs/failure_detection_msgs/srv/detail/after_pick__rosidl_typesupport_introspection_cpp.hpp
[0.295s] -- Up-to-date symlink: /home/das-note-021/amir_kameyama_ws/install/failure_detection_msgs/include/failure_detection_msgs/failure_detection_msgs/srv/detail/before_pick__rosidl_typesupport_introspection_cpp.hpp
[0.295s] -- Up-to-date symlink: /home/das-note-021/amir_kameyama_ws/install/failure_detection_msgs/include/failure_detection_msgs/failure_detection_msgs/srv/detail/path_check__rosidl_typesupport_introspection_cpp.hpp
[0.296s] -- Up-to-date symlink: /home/das-note-021/amir_kameyama_ws/install/failure_detection_msgs/share/failure_detection_msgs/environment/pythonpath.sh
[0.296s] -- Up-to-date symlink: /home/das-note-021/amir_kameyama_ws/install/failure_detection_msgs/share/failure_detection_msgs/environment/pythonpath.dsv
[0.296s] -- Up-to-date symlink: /home/das-note-021/amir_kameyama_ws/install/failure_detection_msgs/local/lib/python3.10/dist-packages/failure_detection_msgs-0.0.0-py3.10.egg-info/PKG-INFO
[0.296s] -- Up-to-date symlink: /home/das-note-021/amir_kameyama_ws/install/failure_detection_msgs/local/lib/python3.10/dist-packages/failure_detection_msgs-0.0.0-py3.10.egg-info/SOURCES.txt
[0.296s] -- Up-to-date symlink: /home/das-note-021/amir_kameyama_ws/install/failure_detection_msgs/local/lib/python3.10/dist-packages/failure_detection_msgs-0.0.0-py3.10.egg-info/dependency_links.txt
[0.296s] -- Up-to-date symlink: /home/das-note-021/amir_kameyama_ws/install/failure_detection_msgs/local/lib/python3.10/dist-packages/failure_detection_msgs-0.0.0-py3.10.egg-info/top_level.txt
[0.296s] -- Up-to-date symlink: /home/das-note-021/amir_kameyama_ws/install/failure_detection_msgs/local/lib/python3.10/dist-packages/failure_detection_msgs/__init__.py
[0.296s] -- Up-to-date symlink: /home/das-note-021/amir_kameyama_ws/install/failure_detection_msgs/local/lib/python3.10/dist-packages/failure_detection_msgs/_failure_detection_msgs_s.ep.rosidl_typesupport_c.c
[0.296s] -- Up-to-date symlink: /home/das-note-021/amir_kameyama_ws/install/failure_detection_msgs/local/lib/python3.10/dist-packages/failure_detection_msgs/_failure_detection_msgs_s.ep.rosidl_typesupport_fastrtps_c.c
[0.296s] -- Up-to-date symlink: /home/das-note-021/amir_kameyama_ws/install/failure_detection_msgs/local/lib/python3.10/dist-packages/failure_detection_msgs/_failure_detection_msgs_s.ep.rosidl_typesupport_introspection_c.c
[0.296s] -- Up-to-date symlink: /home/das-note-021/amir_kameyama_ws/install/failure_detection_msgs/local/lib/python3.10/dist-packages/failure_detection_msgs/action/__init__.py
[0.296s] -- Up-to-date symlink: /home/das-note-021/amir_kameyama_ws/install/failure_detection_msgs/local/lib/python3.10/dist-packages/failure_detection_msgs/action/_analysys.py
[0.297s] -- Up-to-date symlink: /home/das-note-021/amir_kameyama_ws/install/failure_detection_msgs/local/lib/python3.10/dist-packages/failure_detection_msgs/action/_analysys_s.c
[0.297s] -- Up-to-date symlink: /home/das-note-021/amir_kameyama_ws/install/failure_detection_msgs/local/lib/python3.10/dist-packages/failure_detection_msgs/failure_detection_msgs_s__rosidl_typesupport_c.cpython-310-x86_64-linux-gnu.so
[0.297s] -- Up-to-date symlink: /home/das-note-021/amir_kameyama_ws/install/failure_detection_msgs/local/lib/python3.10/dist-packages/failure_detection_msgs/failure_detection_msgs_s__rosidl_typesupport_fastrtps_c.cpython-310-x86_64-linux-gnu.so
[0.297s] -- Up-to-date symlink: /home/das-note-021/amir_kameyama_ws/install/failure_detection_msgs/local/lib/python3.10/dist-packages/failure_detection_msgs/failure_detection_msgs_s__rosidl_typesupport_introspection_c.cpython-310-x86_64-linux-gnu.so
[0.297s] -- Up-to-date symlink: /home/das-note-021/amir_kameyama_ws/install/failure_detection_msgs/local/lib/python3.10/dist-packages/failure_detection_msgs/libfailure_detection_msgs__rosidl_generator_py.so
[0.297s] -- Up-to-date symlink: /home/das-note-021/amir_kameyama_ws/install/failure_detection_msgs/local/lib/python3.10/dist-packages/failure_detection_msgs/msg/__init__.py
[0.297s] -- Up-to-date symlink: /home/das-note-021/amir_kameyama_ws/install/failure_detection_msgs/local/lib/python3.10/dist-packages/failure_detection_msgs/msg/_solution.py
[0.297s] -- Up-to-date symlink: /home/das-note-021/amir_kameyama_ws/install/failure_detection_msgs/local/lib/python3.10/dist-packages/failure_detection_msgs/msg/_solution_s.c
[0.297s] -- Up-to-date symlink: /home/das-note-021/amir_kameyama_ws/install/failure_detection_msgs/local/lib/python3.10/dist-packages/failure_detection_msgs/srv/__init__.py
[0.297s] -- Up-to-date symlink: /home/das-note-021/amir_kameyama_ws/install/failure_detection_msgs/local/lib/python3.10/dist-packages/failure_detection_msgs/srv/_after_pick.py
[0.297s] -- Up-to-date symlink: /home/das-note-021/amir_kameyama_ws/install/failure_detection_msgs/local/lib/python3.10/dist-packages/failure_detection_msgs/srv/_after_pick_s.c
[0.297s] -- Up-to-date symlink: /home/das-note-021/amir_kameyama_ws/install/failure_detection_msgs/local/lib/python3.10/dist-packages/failure_detection_msgs/srv/_before_pick.py
[0.297s] -- Up-to-date symlink: /home/das-note-021/amir_kameyama_ws/install/failure_detection_msgs/local/lib/python3.10/dist-packages/failure_detection_msgs/srv/_before_pick_s.c
[0.298s] -- Up-to-date symlink: /home/das-note-021/amir_kameyama_ws/install/failure_detection_msgs/local/lib/python3.10/dist-packages/failure_detection_msgs/srv/_path_check.py
[0.298s] -- Up-to-date symlink: /home/das-note-021/amir_kameyama_ws/install/failure_detection_msgs/local/lib/python3.10/dist-packages/failure_detection_msgs/srv/_path_check_s.c
[0.298s] -- Up-to-date symlink: /home/das-note-021/amir_kameyama_ws/install/failure_detection_msgs/local/lib/python3.10/dist-packages/failure_detection_msgs/failure_detection_msgs_s__rosidl_typesupport_fastrtps_c.cpython-310-x86_64-linux-gnu.so
[0.298s] -- Up-to-date symlink: /home/das-note-021/amir_kameyama_ws/install/failure_detection_msgs/local/lib/python3.10/dist-packages/failure_detection_msgs/failure_detection_msgs_s__rosidl_typesupport_introspection_c.cpython-310-x86_64-linux-gnu.so
[0.298s] -- Up-to-date symlink: /home/das-note-021/amir_kameyama_ws/install/failure_detection_msgs/local/lib/python3.10/dist-packages/failure_detection_msgs/failure_detection_msgs_s__rosidl_typesupport_c.cpython-310-x86_64-linux-gnu.so
[0.298s] -- Up-to-date symlink: /home/das-note-021/amir_kameyama_ws/install/failure_detection_msgs/share/failure_detection_msgs/msg/Solution.idl
[0.298s] -- Up-to-date symlink: /home/das-note-021/amir_kameyama_ws/install/failure_detection_msgs/share/failure_detection_msgs/action/Analysys.idl
[0.298s] -- Up-to-date symlink: /home/das-note-021/amir_kameyama_ws/install/failure_detection_msgs/share/failure_detection_msgs/srv/PathCheck.idl
[0.298s] -- Up-to-date symlink: /home/das-note-021/amir_kameyama_ws/install/failure_detection_msgs/share/failure_detection_msgs/srv/BeforePick.idl
[0.298s] -- Up-to-date symlink: /home/das-note-021/amir_kameyama_ws/install/failure_detection_msgs/share/failure_detection_msgs/srv/AfterPick.idl
[0.299s] -- Up-to-date symlink: /home/das-note-021/amir_kameyama_ws/install/failure_detection_msgs/share/failure_detection_msgs/msg/Solution.msg
[0.299s] -- Up-to-date symlink: /home/das-note-021/amir_kameyama_ws/install/failure_detection_msgs/share/failure_detection_msgs/action/Analysys.action
[0.299s] -- Up-to-date symlink: /home/das-note-021/amir_kameyama_ws/install/failure_detection_msgs/share/failure_detection_msgs/srv/PathCheck.srv
[0.299s] -- Up-to-date symlink: /home/das-note-021/amir_kameyama_ws/install/failure_detection_msgs/share/failure_detection_msgs/srv/PathCheck_Request.msg
[0.299s] -- Up-to-date symlink: /home/das-note-021/amir_kameyama_ws/install/failure_detection_msgs/share/failure_detection_msgs/srv/PathCheck_Response.msg
[0.299s] -- Up-to-date symlink: /home/das-note-021/amir_kameyama_ws/install/failure_detection_msgs/share/failure_detection_msgs/srv/BeforePick.srv
[0.299s] -- Up-to-date symlink: /home/das-note-021/amir_kameyama_ws/install/failure_detection_msgs/share/failure_detection_msgs/srv/BeforePick_Request.msg
[0.299s] -- Up-to-date symlink: /home/das-note-021/amir_kameyama_ws/install/failure_detection_msgs/share/failure_detection_msgs/srv/BeforePick_Response.msg
[0.299s] -- Up-to-date symlink: /home/das-note-021/amir_kameyama_ws/install/failure_detection_msgs/share/failure_detection_msgs/srv/AfterPick.srv
[0.299s] -- Up-to-date symlink: /home/das-note-021/amir_kameyama_ws/install/failure_detection_msgs/share/failure_detection_msgs/srv/AfterPick_Request.msg
[0.299s] -- Up-to-date symlink: /home/das-note-021/amir_kameyama_ws/install/failure_detection_msgs/share/failure_detection_msgs/srv/AfterPick_Response.msg
[0.300s] -- Up-to-date symlink: /home/das-note-021/amir_kameyama_ws/install/failure_detection_msgs/share/ament_index/resource_index/package_run_dependencies/failure_detection_msgs
[0.300s] -- Up-to-date symlink: /home/das-note-021/amir_kameyama_ws/install/failure_detection_msgs/share/ament_index/resource_index/parent_prefix_path/failure_detection_msgs
[0.300s] -- Up-to-date symlink: /home/das-note-021/amir_kameyama_ws/install/failure_detection_msgs/share/failure_detection_msgs/environment/ament_prefix_path.sh
[0.300s] -- Up-to-date symlink: /home/das-note-021/amir_kameyama_ws/install/failure_detection_msgs/share/failure_detection_msgs/environment/ament_prefix_path.dsv
[0.300s] -- Up-to-date symlink: /home/das-note-021/amir_kameyama_ws/install/failure_detection_msgs/share/failure_detection_msgs/environment/path.sh
[0.300s] -- Up-to-date symlink: /home/das-note-021/amir_kameyama_ws/install/failure_detection_msgs/share/failure_detection_msgs/environment/path.dsv
[0.300s] -- Up-to-date symlink: /home/das-note-021/amir_kameyama_ws/install/failure_detection_msgs/share/failure_detection_msgs/local_setup.bash
[0.300s] -- Up-to-date symlink: /home/das-note-021/amir_kameyama_ws/install/failure_detection_msgs/share/failure_detection_msgs/local_setup.sh
[0.300s] -- Up-to-date symlink: /home/das-note-021/amir_kameyama_ws/install/failure_detection_msgs/share/failure_detection_msgs/local_setup.zsh
[0.300s] -- Up-to-date symlink: /home/das-note-021/amir_kameyama_ws/install/failure_detection_msgs/share/failure_detection_msgs/local_setup.dsv
[0.301s] -- Symlinking: /home/das-note-021/amir_kameyama_ws/install/failure_detection_msgs/share/failure_detection_msgs/package.dsv
[0.309s] -- Up-to-date symlink: /home/das-note-021/amir_kameyama_ws/install/failure_detection_msgs/share/ament_index/resource_index/packages/failure_detection_msgs
[0.309s] -- Up-to-date symlink: /home/das-note-021/amir_kameyama_ws/install/failure_detection_msgs/share/failure_detection_msgs/cmake/rosidl_cmake-extras.cmake
[0.309s] -- Up-to-date symlink: /home/das-note-021/amir_kameyama_ws/install/failure_detection_msgs/share/failure_detection_msgs/cmake/ament_cmake_export_dependencies-extras.cmake
[0.309s] -- Up-to-date symlink: /home/das-note-021/amir_kameyama_ws/install/failure_detection_msgs/share/failure_detection_msgs/cmake/ament_cmake_export_include_directories-extras.cmake
[0.309s] -- Up-to-date symlink: /home/das-note-021/amir_kameyama_ws/install/failure_detection_msgs/share/failure_detection_msgs/cmake/ament_cmake_export_libraries-extras.cmake
[0.309s] -- Up-to-date symlink: /home/das-note-021/amir_kameyama_ws/install/failure_detection_msgs/share/failure_detection_msgs/cmake/ament_cmake_export_targets-extras.cmake
[0.309s] -- Up-to-date symlink: /home/das-note-021/amir_kameyama_ws/install/failure_detection_msgs/share/failure_detection_msgs/cmake/rosidl_cmake_export_typesupport_targets-extras.cmake
[0.309s] -- Up-to-date symlink: /home/das-note-021/amir_kameyama_ws/install/failure_detection_msgs/share/failure_detection_msgs/cmake/rosidl_cmake_export_typesupport_libraries-extras.cmake
[0.309s] -- Up-to-date symlink: /home/das-note-021/amir_kameyama_ws/install/failure_detection_msgs/share/failure_detection_msgs/cmake/failure_detection_msgsConfig.cmake
[0.309s] -- Up-to-date symlink: /home/das-note-021/amir_kameyama_ws/install/failure_detection_msgs/share/failure_detection_msgs/cmake/failure_detection_msgsConfig-version.cmake
[0.309s] -- Up-to-date symlink: /home/das-note-021/amir_kameyama_ws/install/failure_detection_msgs/share/failure_detection_msgs/package.xml
[0.309s] -- Up-to-date: /home/das-note-021/amir_kameyama_ws/install/failure_detection_msgs/lib/libfailure_detection_msgs__rosidl_generator_c.so
[0.309s] -- Up-to-date: /home/das-note-021/amir_kameyama_ws/install/failure_detection_msgs/lib/libfailure_detection_msgs__rosidl_typesupport_fastrtps_c.so
[0.309s] -- Up-to-date: /home/das-note-021/amir_kameyama_ws/install/failure_detection_msgs/lib/libfailure_detection_msgs__rosidl_typesupport_introspection_c.so
[0.310s] -- Up-to-date: /home/das-note-021/amir_kameyama_ws/install/failure_detection_msgs/lib/libfailure_detection_msgs__rosidl_typesupport_c.so
[0.310s] -- Up-to-date: /home/das-note-021/amir_kameyama_ws/install/failure_detection_msgs/lib/libfailure_detection_msgs__rosidl_typesupport_fastrtps_cpp.so
[0.310s] -- Up-to-date: /home/das-note-021/amir_kameyama_ws/install/failure_detection_msgs/lib/libfailure_detection_msgs__rosidl_typesupport_introspection_cpp.so
[0.310s] -- Up-to-date: /home/das-note-021/amir_kameyama_ws/install/failure_detection_msgs/lib/libfailure_detection_msgs__rosidl_typesupport_cpp.so
[0.338s] Listing '/home/das-note-021/amir_kameyama_ws/install/failure_detection_msgs/local/lib/python3.10/dist-packages/failure_detection_msgs'...
[0.338s] Listing '/home/das-note-021/amir_kameyama_ws/install/failure_detection_msgs/local/lib/python3.10/dist-packages/failure_detection_msgs/action'...
[0.338s] Listing '/home/das-note-021/amir_kameyama_ws/install/failure_detection_msgs/local/lib/python3.10/dist-packages/failure_detection_msgs/msg'...
[0.338s] Listing '/home/das-note-021/amir_kameyama_ws/install/failure_detection_msgs/local/lib/python3.10/dist-packages/failure_detection_msgs/srv'...
[0.341s] -- Up-to-date: /home/das-note-021/amir_kameyama_ws/install/failure_detection_msgs/lib/libfailure_detection_msgs__rosidl_generator_py.so
[0.342s] -- Up-to-date: /home/das-note-021/amir_kameyama_ws/install/failure_detection_msgs/share/failure_detection_msgs/cmake/export_failure_detection_msgs__rosidl_generator_cExport.cmake
[0.342s] -- Up-to-date: /home/das-note-021/amir_kameyama_ws/install/failure_detection_msgs/share/failure_detection_msgs/cmake/export_failure_detection_msgs__rosidl_generator_cExport-noconfig.cmake
[0.342s] -- Up-to-date: /home/das-note-021/amir_kameyama_ws/install/failure_detection_msgs/share/failure_detection_msgs/cmake/export_failure_detection_msgs__rosidl_typesupport_fastrtps_cExport.cmake
[0.342s] -- Up-to-date: /home/das-note-021/amir_kameyama_ws/install/failure_detection_msgs/share/failure_detection_msgs/cmake/export_failure_detection_msgs__rosidl_typesupport_fastrtps_cExport-noconfig.cmake
[0.342s] -- Up-to-date: /home/das-note-021/amir_kameyama_ws/install/failure_detection_msgs/share/failure_detection_msgs/cmake/failure_detection_msgs__rosidl_typesupport_introspection_cExport.cmake
[0.342s] -- Up-to-date: /home/das-note-021/amir_kameyama_ws/install/failure_detection_msgs/share/failure_detection_msgs/cmake/failure_detection_msgs__rosidl_typesupport_introspection_cExport-noconfig.cmake
[0.342s] -- Up-to-date: /home/das-note-021/amir_kameyama_ws/install/failure_detection_msgs/share/failure_detection_msgs/cmake/failure_detection_msgs__rosidl_typesupport_cExport.cmake
[0.342s] -- Up-to-date: /home/das-note-021/amir_kameyama_ws/install/failure_detection_msgs/share/failure_detection_msgs/cmake/failure_detection_msgs__rosidl_typesupport_cExport-noconfig.cmake
[0.342s] -- Up-to-date: /home/das-note-021/amir_kameyama_ws/install/failure_detection_msgs/share/failure_detection_msgs/cmake/export_failure_detection_msgs__rosidl_generator_cppExport.cmake
[0.342s] -- Up-to-date: /home/das-note-021/amir_kameyama_ws/install/failure_detection_msgs/share/failure_detection_msgs/cmake/export_failure_detection_msgs__rosidl_typesupport_fastrtps_cppExport.cmake
[0.342s] -- Up-to-date: /home/das-note-021/amir_kameyama_ws/install/failure_detection_msgs/share/failure_detection_msgs/cmake/export_failure_detection_msgs__rosidl_typesupport_fastrtps_cppExport-noconfig.cmake
[0.342s] -- Up-to-date: /home/das-note-021/amir_kameyama_ws/install/failure_detection_msgs/share/failure_detection_msgs/cmake/failure_detection_msgs__rosidl_typesupport_introspection_cppExport.cmake
[0.342s] -- Up-to-date: /home/das-note-021/amir_kameyama_ws/install/failure_detection_msgs/share/failure_detection_msgs/cmake/failure_detection_msgs__rosidl_typesupport_introspection_cppExport-noconfig.cmake
[0.342s] -- Up-to-date: /home/das-note-021/amir_kameyama_ws/install/failure_detection_msgs/share/failure_detection_msgs/cmake/failure_detection_msgs__rosidl_typesupport_cppExport.cmake
[0.342s] -- Up-to-date: /home/das-note-021/amir_kameyama_ws/install/failure_detection_msgs/share/failure_detection_msgs/cmake/failure_detection_msgs__rosidl_typesupport_cppExport-noconfig.cmake
[0.342s] -- Up-to-date: /home/das-note-021/amir_kameyama_ws/install/failure_detection_msgs/share/failure_detection_msgs/cmake/export_failure_detection_msgs__rosidl_generator_pyExport.cmake
[0.342s] -- Up-to-date: /home/das-note-021/amir_kameyama_ws/install/failure_detection_msgs/share/failure_detection_msgs/cmake/export_failure_detection_msgs__rosidl_generator_pyExport-noconfig.cmake
[0.346s] Invoked command in '/home/das-note-021/amir_kameyama_ws/build/failure_detection_msgs' returned '0': CMAKE_PREFIX_PATH=/home/das-note-021/amir_kameyama_ws/install/my_nav_msgs:/home/das-note-021/amir_kameyama_ws/install/behavior_tree_msgs:/home/das-note-021/amir_kameyama_ws/install/rviz_utility:/home/das-note-021/amir_kameyama_ws/install/ros2_behavior_tree:/home/das-note-021/amir_kameyama_ws/install/observation:/home/das-note-021/amir_kameyama_ws/install/observation_msgs:/home/das-note-021/amir_kameyama_ws/install/my_utility:/home/das-note-021/amir_kameyama_ws/install/failure_detection_msgs:/home/das-note-021/amir_kameyama_ws/install/mecanum_navigation2:/home/das-note-021/amir_kameyama_ws/install/amir_operation:/home/das-note-021/amir_kameyama_ws/install/line_msg:/home/das-note-021/amir_kameyama_ws/install/joint_state_publisher_tutorial:/home/das-note-021/amir_kameyama_ws/install/bebop_msgs:/home/das-note-021/amir_kameyama_ws/install/ar_track_alvar_msgs:/home/das-note-021/amir_kameyama_ws/install/amir_navigation:/home/das-note-021/kameyama_ws/install/slam_toolbox:/home/das-note-021/kameyama_ws/install/slam_gmapping:/home/das-note-021/kameyama_ws/install/rviz_utility:/home/das-note-021/kameyama_ws/install/ros2_behavior_tree:/home/das-note-021/kameyama_ws/install/amir_operation:/home/das-note-021/kameyama_ws/install/ros2_aruco_interfaces:/home/das-note-021/kameyama_ws/install/openslam_gmapping:/home/das-note-021/kameyama_ws/install/observation:/home/das-note-021/kameyama_ws/install/observation_msgs:/home/das-note-021/kameyama_ws/install/my_utility:/home/das-note-021/kameyama_ws/install/failure_detection_msgs:/home/das-note-021/kameyama_ws/install/my_nav_msgs:/home/das-note-021/kameyama_ws/install/mecanum_navigation2:/home/das-note-021/kameyama_ws/install/littleslam_ros2:/home/das-note-021/kameyama_ws/install/line_msg:/home/das-note-021/kameyama_ws/install/joint_state_publisher_tutorial:/home/das-note-021/kameyama_ws/install/emcl2:/home/das-note-021/kameyama_ws/install/behavior_tree_msgs:/home/das-note-021/kameyama_ws/install/bebop_msgs:/home/das-note-021/kameyama_ws/install/amir_navigation:/home/das-note-021/amir_basic_ws/install/realsense2_description:/home/das-note-021/amir_basic_ws/install/realsense2_camera:/home/das-note-021/amir_basic_ws/install/realsense2_camera_msgs:/home/das-note-021/amir_basic_ws/install/darknet_ros:/home/das-note-021/amir_basic_ws/install/darknet_ros_msgs:/home/das-note-021/amir_basic_ws/install/amir_interfaces:/home/das-note-021/amir_kameyama_ws/install/failure_detection:/home/das-note-021/amir_kameyama_ws/install/bt_generator:/home/das-note-021/kameyama_ws/install/ros2_aruco:/home/das-note-021/kameyama_ws/install/failure_detection:/home/das-note-021/kameyama_ws/install/bt_generator:/opt/ros/humble LD_LIBRARY_PATH=/home/das-note-021/amir_kameyama_ws/install/my_nav_msgs/lib:/home/das-note-021/amir_kameyama_ws/install/behavior_tree_msgs/lib:/home/das-note-021/amir_kameyama_ws/install/ros2_behavior_tree/lib:/home/das-note-021/amir_kameyama_ws/install/observation_msgs/lib:/home/das-note-021/amir_kameyama_ws/install/failure_detection_msgs/lib:/home/das-note-021/amir_kameyama_ws/install/line_msg/lib:/home/das-note-021/amir_kameyama_ws/install/bebop_msgs/lib:/home/das-note-021/amir_kameyama_ws/install/ar_track_alvar_msgs/lib:/home/das-note-021/kameyama_ws/install/slam_toolbox/lib:/home/das-note-021/kameyama_ws/install/ros2_behavior_tree/lib:/home/das-note-021/kameyama_ws/install/ros2_aruco_interfaces/lib:/home/das-note-021/kameyama_ws/install/openslam_gmapping/lib:/home/das-note-021/kameyama_ws/install/observation_msgs/lib:/home/das-note-021/kameyama_ws/install/failure_detection_msgs/lib:/home/das-note-021/kameyama_ws/install/my_nav_msgs/lib:/home/das-note-021/kameyama_ws/install/littleslam_ros2/lib:/home/das-note-021/kameyama_ws/install/line_msg/lib:/home/das-note-021/kameyama_ws/install/behavior_tree_msgs/lib:/home/das-note-021/kameyama_ws/install/bebop_msgs/lib:/home/das-note-021/amir_basic_ws/install/realsense2_camera/lib:/home/das-note-021/amir_basic_ws/install/realsense2_camera_msgs/lib:/home/das-note-021/amir_basic_ws/install/darknet_ros/lib:/home/das-note-021/amir_basic_ws/install/darknet_ros_msgs/lib:/home/das-note-021/amir_basic_ws/install/amir_interfaces/lib:/usr/lib/x86_64-linux-gnu/gazebo-11/plugins:/opt/ros/humble/opt/rviz_ogre_vendor/lib:/opt/ros/humble/lib/x86_64-linux-gnu:/opt/ros/humble/lib:/usr/local/cuda/lib64 /usr/bin/cmake --install /home/das-note-021/amir_kameyama_ws/build/failure_detection_msgs
