-- Found ament_cmake: 1.3.11 (/opt/ros/humble/share/ament_cmake/cmake)
-- Override CMake install command with custom implementation using symlinks instead of copying resources
-- Found builtin_interfaces: 1.2.1 (/opt/ros/humble/share/builtin_interfaces/cmake)
-- Found rosidl_generator_c: 3.1.6 (/opt/ros/humble/share/rosidl_generator_c/cmake)
-- Found rosidl_adapter: 3.1.6 (/opt/ros/humble/share/rosidl_adapter/cmake)
-- Found rosidl_generator_cpp: 3.1.6 (/opt/ros/humble/share/rosidl_generator_cpp/cmake)
-- Using all available rosidl_typesupport_c: rosidl_typesupport_fastrtps_c;rosidl_typesupport_introspection_c
-- Using all available rosidl_typesupport_cpp: rosidl_typesupport_fastrtps_cpp;rosidl_typesupport_introspection_cpp
-- Found geometry_msgs: 4.2.4 (/opt/ros/humble/share/geometry_msgs/cmake)
-- Found rclcpp_action: 16.0.11 (/opt/ros/humble/share/rclcpp_action/cmake)
-- Found rmw_implementation_cmake: 6.1.2 (/opt/ros/humble/share/rmw_implementation_cmake/cmake)
-- Found rmw_fastrtps_cpp: 6.2.7 (/opt/ros/humble/share/rmw_fastrtps_cpp/cmake)
-- Using RMW implementation 'rmw_fastrtps_cpp' as default
-- Found rclcpp_lifecycle: 16.0.11 (/opt/ros/humble/share/rclcpp_lifecycle/cmake)
-- Found behavior_tree_msgs: 0.1.0 (/home/rover/kameyama_ws/install/behavior_tree_msgs/share/behavior_tree_msgs/cmake)
-- Found std_srvs: 4.2.4 (/opt/ros/humble/share/std_srvs/cmake)
-- Found tf2: 0.25.12 (/opt/ros/humble/share/tf2/cmake)
-- Found tf2_geometry_msgs: 0.25.12 (/opt/ros/humble/share/tf2_geometry_msgs/cmake)
-- Found eigen3_cmake_module: 0.1.1 (/opt/ros/humble/share/eigen3_cmake_module/cmake)
-- Ensuring Eigen3 include directory is part of orocos-kdl CMake target
-- Found example_interfaces: 0.9.3 (/opt/ros/humble/share/example_interfaces/cmake)
-- Found visualization_msgs: 4.2.4 (/opt/ros/humble/share/visualization_msgs/cmake)
-- Found nav2_behavior_tree: 1.1.18 (/opt/ros/humble/share/nav2_behavior_tree/cmake)
-- Found observation_msgs: 0.1.0 (/home/rover/kameyama_ws/install/observation_msgs/share/observation_msgs/cmake)
-- Found my_nav_msgs: 0.1.0 (/home/rover/kameyama_ws/install/my_nav_msgs/share/my_nav_msgs/cmake)
-- Found failure_detection_msgs: 0.0.0 (/home/rover/kameyama_ws/install/failure_detection_msgs/share/failure_detection_msgs/cmake)
-- Found ament_lint_auto: 0.12.11 (/opt/ros/humble/share/ament_lint_auto/cmake)
-- Found ament_cmake_gtest: 1.3.11 (/opt/ros/humble/share/ament_cmake_gtest/cmake)
-- Found gtest sources under '/opt/ros/humble/src/gtest_vendor': C++ tests using 'Google Test' will be built
-- Added test 'copyright' to check source files copyright and LICENSE
-- Added test 'cppcheck' to perform static code analysis on C / C++ code
-- Configured cppcheck include dirs: /home/rover/kameyama_ws/src/ros2_behavior_tree/ros2_behavior_tree/include
-- Configured cppcheck exclude dirs and/or files: 
-- Added test 'cpplint' to check C / C++ code against the Google style
-- Configured cpplint exclude dirs and/or files: 
-- Added test 'flake8' to check Python code syntax and style conventions
-- Added test 'lint_cmake' to check CMake code style
-- Added test 'pep257' to check Python code against some of the docstring style conventions in PEP 257
-- Added test 'uncrustify' to check C / C++ code style
-- Configured uncrustify additional arguments: 
-- Added test 'xmllint' to check XML markup files
-- Configuring done
-- Generating done
-- Build files have been written to: /home/rover/kameyama_ws/build/ros2_behavior_tree
[35m[1mConsolidate compiler generated dependencies of target example_custom_nodes[0m
[35m[1mConsolidate compiler generated dependencies of target ros2_behavior_tree[0m
[35m[1mConsolidate compiler generated dependencies of target ros2_behavior_tree_nodes[0m
[  2%] [32mBuilding CXX object CMakeFiles/example_custom_nodes.dir/examples/custom_nodes/sample_bt_node_registrar.cpp.o[0m
[  4%] [32mBuilding CXX object CMakeFiles/ros2_behavior_tree.dir/src/behavior_tree.cpp.o[0m
[  6%] [32mBuilding CXX object CMakeFiles/ros2_behavior_tree.dir/src/bt_status_pub.cpp.o[0m
[  8%] [32mBuilding CXX object CMakeFiles/ros2_behavior_tree_nodes.dir/src/pure_pursuit_node.cpp.o[0m
[ 10%] [32mBuilding CXX object CMakeFiles/ros2_behavior_tree_nodes.dir/src/node_registrar.cpp.o[0m
In file included from [01m[K/home/rover/kameyama_ws/src/ros2_behavior_tree/ros2_behavior_tree/include/ros2_behavior_tree/action/create_transform_buffer_node.hpp:27[m[K,
                 from [01m[K/home/rover/kameyama_ws/src/ros2_behavior_tree/ros2_behavior_tree/src/node_registrar.cpp:22[m[K:
[01m[K/opt/ros/humble/include/tf2_geometry_msgs/tf2_geometry_msgs/tf2_geometry_msgs.h:35:2:[m[K [01;35m[Kwarning: [m[K#warning This header is obsolete, please include tf2_geometry_msgs/tf2_geometry_msgs.hpp instead [[01;35m[K]8;;https://gcc.gnu.org/onlinedocs/gcc/Warning-Options.html#index-Wcpp-Wcpp]8;;[m[K]
   35 | #[01;35m[Kwarning[m[K This header is obsolete, please include tf2_geometry_msgs/tf2_geometry_msgs.hpp instead
      |  [01;35m[K^~~~~~~[m[K
[ 12%] [32m[1mLinking CXX shared library libexample_custom_nodes.so[0m
[ 12%] Built target example_custom_nodes
[35m[1mConsolidate compiler generated dependencies of target gtest[0m
[35m[1mConsolidate compiler generated dependencies of target custom_test_nodes[0m
[ 14%] [32mBuilding CXX object gtest/CMakeFiles/gtest.dir/src/gtest-all.cc.o[0m
[ 17%] [32mBuilding CXX object tests/CMakeFiles/custom_test_nodes.dir/src/test_node_registrar.cpp.o[0m
[ 19%] [32m[1mLinking CXX shared library libros2_behavior_tree.so[0m
[ 19%] Built target ros2_behavior_tree
[ 21%] [32m[1mLinking CXX static library libgtest.a[0m
[ 21%] Built target gtest
[ 23%] [32m[1mLinking CXX shared library libcustom_test_nodes.so[0m
[ 23%] Built target custom_test_nodes
In file included from [01m[K/home/rover/kameyama_ws/src/ros2_behavior_tree/ros2_behavior_tree/src/node_registrar.cpp:79[m[K:
[01m[K/home/rover/kameyama_ws/src/ros2_behavior_tree/ros2_behavior_tree/include/ros2_behavior_tree/condition/mecanum_check_space.hpp:[m[K In member function ‘[01m[Kvirtual BT::NodeStatus ros2_behavior_tree::MecanumCheckSpace::tick()[m[K’:
[01m[K/home/rover/kameyama_ws/src/ros2_behavior_tree/ros2_behavior_tree/include/ros2_behavior_tree/condition/mecanum_check_space.hpp:266:3:[m[K [01;35m[Kwarning: [m[Kcontrol reaches end of non-void function [[01;35m[K]8;;https://gcc.gnu.org/onlinedocs/gcc/Warning-Options.html#index-Wreturn-type-Wreturn-type]8;;[m[K]
  266 |   [01;35m[K}[m[K
      |   [01;35m[K^[m[K
[ 25%] [32m[1mLinking CXX shared library libros2_behavior_tree_nodes.so[0m
[ 25%] Built target ros2_behavior_tree_nodes
[35m[1mConsolidate compiler generated dependencies of target bt_executor_bebop[0m
[35m[1mConsolidate compiler generated dependencies of target lifecycle_node[0m
[35m[1mConsolidate compiler generated dependencies of target node[0m
[35m[1mConsolidate compiler generated dependencies of target action_server_node[0m
[35m[1mConsolidate compiler generated dependencies of target action_server_lifecycle_node[0m
[35m[1mConsolidate compiler generated dependencies of target custom_nodes[0m
[ 27%] [32mBuilding CXX object CMakeFiles/node.dir/examples/node/sample_node.cpp.o[0m
[ 31%] [32mBuilding CXX object CMakeFiles/bt_executor_bebop.dir/src/bt_executor_bebop.cpp.o[0m
[ 31%] [32mBuilding CXX object CMakeFiles/lifecycle_node.dir/examples/lifecycle_node/sample_lifecycle_node.cpp.o[0m
[ 38%] [32mBuilding CXX object CMakeFiles/action_server_node.dir/examples/action_server_node/main.cpp.o[0m
[ 38%] [32mBuilding CXX object CMakeFiles/lifecycle_node.dir/examples/lifecycle_node/main.cpp.o[0m
[ 38%] [32mBuilding CXX object CMakeFiles/node.dir/examples/node/main.cpp.o[0m
[ 40%] [32mBuilding CXX object CMakeFiles/action_server_lifecycle_node.dir/examples/action_server_lifecycle_node/main.cpp.o[0m
[ 42%] [32mBuilding CXX object CMakeFiles/action_server_node.dir/examples/action_server_node/sample_action_server_node.cpp.o[0m
[ 44%] [32mBuilding CXX object CMakeFiles/custom_nodes.dir/examples/custom_nodes/main.cpp.o[0m
[ 46%] [32mBuilding CXX object CMakeFiles/action_server_lifecycle_node.dir/examples/action_server_lifecycle_node/sample_action_server_lifecycle_node.cpp.o[0m
[ 48%] [32mBuilding CXX object CMakeFiles/custom_nodes.dir/examples/custom_nodes/sample_node.cpp.o[0m
[ 51%] [32m[1mLinking CXX executable node[0m
[ 53%] [32m[1mLinking CXX executable lifecycle_node[0m
[ 53%] Built target node
[35m[1mConsolidate compiler generated dependencies of target minimal[0m
[35m[1mConsolidate compiler generated dependencies of target gtest_main[0m
[35m[1mConsolidate compiler generated dependencies of target bt_executor[0m
[ 55%] [32mBuilding CXX object gtest/CMakeFiles/gtest_main.dir/src/gtest_main.cc.o[0m
[ 57%] [32mBuilding CXX object CMakeFiles/bt_executor.dir/src/bt_executor.cpp.o[0m
[ 59%] [32mBuilding CXX object CMakeFiles/minimal.dir/examples/minimal/main.cpp.o[0m
[ 59%] Built target lifecycle_node
[ 61%] [32m[1mLinking CXX executable action_server_node[0m
[ 63%] [32m[1mLinking CXX static library libgtest_main.a[0m
[ 63%] Built target gtest_main
[35m[1mConsolidate compiler generated dependencies of target test_ros2_service_client[0m
[35m[1mConsolidate compiler generated dependencies of target test_ros2_behavior_tree_nodes[0m
[ 65%] [32mBuilding CXX object tests/CMakeFiles/test_ros2_behavior_tree_nodes.dir/test_first_result.cpp.o[0m
[ 68%] [32mBuilding CXX object tests/CMakeFiles/test_ros2_service_client.dir/test_ros2_service_client.cpp.o[0m
[ 70%] [32mBuilding CXX object tests/CMakeFiles/test_ros2_behavior_tree_nodes.dir/test_async_wait.cpp.o[0m
[ 72%] [32mBuilding CXX object tests/CMakeFiles/test_ros2_behavior_tree_nodes.dir/test_forever.cpp.o[0m
[ 72%] Built target action_server_node
[35m[1mConsolidate compiler generated dependencies of target test_ros2_action_client[0m
[ 74%] [32mBuilding CXX object tests/CMakeFiles/test_ros2_action_client.dir/test_ros2_action_client.cpp.o[0m
[ 76%] [32mBuilding CXX object tests/CMakeFiles/test_ros2_behavior_tree_nodes.dir/test_repeat_until.cpp.o[0m
[ 78%] [32mBuilding CXX object tests/CMakeFiles/test_ros2_behavior_tree_nodes.dir/test_recovery.cpp.o[0m
[ 80%] [32m[1mLinking CXX executable custom_nodes[0m
[ 82%] [32mBuilding CXX object tests/CMakeFiles/test_ros2_behavior_tree_nodes.dir/test_round_robin.cpp.o[0m
[ 85%] [32mBuilding CXX object tests/CMakeFiles/test_ros2_behavior_tree_nodes.dir/test_throttle_tick_count.cpp.o[0m
[ 87%] [32m[1mLinking CXX executable minimal[0m
[ 87%] Built target custom_nodes
[ 87%] Built target minimal
[ 89%] [32m[1mLinking CXX executable action_server_lifecycle_node[0m
[ 89%] Built target action_server_lifecycle_node
[ 91%] [32m[1mLinking CXX executable test_ros2_behavior_tree_nodes[0m
[ 91%] Built target test_ros2_behavior_tree_nodes
[ 93%] [32m[1mLinking CXX executable test_ros2_service_client[0m
[ 93%] Built target test_ros2_service_client
[ 95%] [32m[1mLinking CXX executable test_ros2_action_client[0m
[ 95%] Built target test_ros2_action_client
[ 97%] [32m[1mLinking CXX executable bt_executor_bebop[0m
[ 97%] Built target bt_executor_bebop
[100%] [32m[1mLinking CXX executable bt_executor[0m
[100%] Built target bt_executor
-- Install configuration: ""
-- Execute custom install script
-- Up-to-date symlink: /home/rover/kameyama_ws/install/ros2_behavior_tree/lib/libros2_behavior_tree.so
-- Up-to-date symlink: /home/rover/kameyama_ws/install/ros2_behavior_tree/lib/libros2_behavior_tree_nodes.so
-- Up-to-date symlink: /home/rover/kameyama_ws/install/ros2_behavior_tree/lib/libexample_custom_nodes.so
-- Up-to-date symlink: /home/rover/kameyama_ws/install/ros2_behavior_tree/lib/ros2_behavior_tree/minimal
-- Up-to-date symlink: /home/rover/kameyama_ws/install/ros2_behavior_tree/lib/ros2_behavior_tree/bt_executor
-- Up-to-date symlink: /home/rover/kameyama_ws/install/ros2_behavior_tree/lib/ros2_behavior_tree/bt_executor_bebop
-- Up-to-date symlink: /home/rover/kameyama_ws/install/ros2_behavior_tree/lib/ros2_behavior_tree/node
-- Up-to-date symlink: /home/rover/kameyama_ws/install/ros2_behavior_tree/lib/ros2_behavior_tree/custom_nodes
-- Up-to-date symlink: /home/rover/kameyama_ws/install/ros2_behavior_tree/lib/ros2_behavior_tree/action_server_node
-- Up-to-date symlink: /home/rover/kameyama_ws/install/ros2_behavior_tree/lib/ros2_behavior_tree/lifecycle_node
-- Up-to-date symlink: /home/rover/kameyama_ws/install/ros2_behavior_tree/lib/ros2_behavior_tree/action_server_lifecycle_node
-- Up-to-date symlink: /home/rover/kameyama_ws/install/ros2_behavior_tree/include//ros2_behavior_tree/action/BWorkNode.hpp
-- Up-to-date symlink: /home/rover/kameyama_ws/install/ros2_behavior_tree/include//ros2_behavior_tree/action/after_pick_node (コピー).hpp
-- Up-to-date symlink: /home/rover/kameyama_ws/install/ros2_behavior_tree/include//ros2_behavior_tree/action/after_pick_node.hpp
-- Up-to-date symlink: /home/rover/kameyama_ws/install/ros2_behavior_tree/include//ros2_behavior_tree/action/approach_node.hpp
-- Up-to-date symlink: /home/rover/kameyama_ws/install/ros2_behavior_tree/include//ros2_behavior_tree/action/async_wait_node.hpp
-- Up-to-date symlink: /home/rover/kameyama_ws/install/ros2_behavior_tree/include//ros2_behavior_tree/action/b_work_node.hpp
-- Up-to-date symlink: /home/rover/kameyama_ws/install/ros2_behavior_tree/include//ros2_behavior_tree/action/before_pick_node.hpp
-- Up-to-date symlink: /home/rover/kameyama_ws/install/ros2_behavior_tree/include//ros2_behavior_tree/action/calculate_and_receive_goal.hpp
-- Up-to-date symlink: /home/rover/kameyama_ws/install/ros2_behavior_tree/include//ros2_behavior_tree/action/calculate_goal (コピー).hpp
-- Up-to-date symlink: /home/rover/kameyama_ws/install/ros2_behavior_tree/include//ros2_behavior_tree/action/calculate_goal.hpp
-- Up-to-date symlink: /home/rover/kameyama_ws/install/ros2_behavior_tree/include//ros2_behavior_tree/action/camera_search.hpp
-- Up-to-date symlink: /home/rover/kameyama_ws/install/ros2_behavior_tree/include//ros2_behavior_tree/action/change_node_status.hpp
-- Up-to-date symlink: /home/rover/kameyama_ws/install/ros2_behavior_tree/include//ros2_behavior_tree/action/compute_path_to_pose_node (コピー).hpp
-- Up-to-date symlink: /home/rover/kameyama_ws/install/ros2_behavior_tree/include//ros2_behavior_tree/action/compute_path_to_pose_node.hpp
-- Up-to-date symlink: /home/rover/kameyama_ws/install/ros2_behavior_tree/include//ros2_behavior_tree/action/create_bt_gen_node.hpp
-- Up-to-date symlink: /home/rover/kameyama_ws/install/ros2_behavior_tree/include//ros2_behavior_tree/action/create_ros2_node.hpp
-- Up-to-date symlink: /home/rover/kameyama_ws/install/ros2_behavior_tree/include//ros2_behavior_tree/action/create_transform_buffer_node.hpp
-- Up-to-date symlink: /home/rover/kameyama_ws/install/ros2_behavior_tree/include//ros2_behavior_tree/action/follow_path_node.hpp
-- Up-to-date symlink: /home/rover/kameyama_ws/install/ros2_behavior_tree/include//ros2_behavior_tree/action/get_obj_node.hpp
-- Up-to-date symlink: /home/rover/kameyama_ws/install/ros2_behavior_tree/include//ros2_behavior_tree/action/get_poses_near_robot_node.hpp
-- Up-to-date symlink: /home/rover/kameyama_ws/install/ros2_behavior_tree/include//ros2_behavior_tree/action/marker_publisher_node.hpp
-- Up-to-date symlink: /home/rover/kameyama_ws/install/ros2_behavior_tree/include//ros2_behavior_tree/action/mecanum_move.hpp
-- Up-to-date symlink: /home/rover/kameyama_ws/install/ros2_behavior_tree/include//ros2_behavior_tree/action/mecanum_search.hpp
-- Up-to-date symlink: /home/rover/kameyama_ws/install/ros2_behavior_tree/include//ros2_behavior_tree/action/mecanum_spin.hpp
-- Up-to-date symlink: /home/rover/kameyama_ws/install/ros2_behavior_tree/include//ros2_behavior_tree/action/move_meca.hpp
-- Up-to-date symlink: /home/rover/kameyama_ws/install/ros2_behavior_tree/include//ros2_behavior_tree/action/navigate_to_pose_action.hpp
-- Up-to-date symlink: /home/rover/kameyama_ws/install/ros2_behavior_tree/include//ros2_behavior_tree/action/path_check_node.hpp
-- Up-to-date symlink: /home/rover/kameyama_ws/install/ros2_behavior_tree/include//ros2_behavior_tree/action/pick_amir.hpp
-- Up-to-date symlink: /home/rover/kameyama_ws/install/ros2_behavior_tree/include//ros2_behavior_tree/action/pick_node (別のコピー).hpp
-- Up-to-date symlink: /home/rover/kameyama_ws/install/ros2_behavior_tree/include//ros2_behavior_tree/action/pick_node.hpp
-- Up-to-date symlink: /home/rover/kameyama_ws/install/ros2_behavior_tree/include//ros2_behavior_tree/action/pick_using_d_optimality.hpp
-- Up-to-date symlink: /home/rover/kameyama_ws/install/ros2_behavior_tree/include//ros2_behavior_tree/action/place_amir.hpp
-- Up-to-date symlink: /home/rover/kameyama_ws/install/ros2_behavior_tree/include//ros2_behavior_tree/action/place_node.hpp
-- Up-to-date symlink: /home/rover/kameyama_ws/install/ros2_behavior_tree/include//ros2_behavior_tree/action/pure_pursuit_node.hpp
-- Up-to-date symlink: /home/rover/kameyama_ws/install/ros2_behavior_tree/include//ros2_behavior_tree/action/search_obj_node.hpp
-- Up-to-date symlink: /home/rover/kameyama_ws/install/ros2_behavior_tree/include//ros2_behavior_tree/action/set_multi_path.hpp
-- Up-to-date symlink: /home/rover/kameyama_ws/install/ros2_behavior_tree/include//ros2_behavior_tree/action/set_obj_cost_node.hpp
-- Up-to-date symlink: /home/rover/kameyama_ws/install/ros2_behavior_tree/include//ros2_behavior_tree/action/set_param (コピー).hpp
-- Up-to-date symlink: /home/rover/kameyama_ws/install/ros2_behavior_tree/include//ros2_behavior_tree/action/set_param.hpp
-- Up-to-date symlink: /home/rover/kameyama_ws/install/ros2_behavior_tree/include//ros2_behavior_tree/action/transform_pose_node.hpp
-- Up-to-date symlink: /home/rover/kameyama_ws/install/ros2_behavior_tree/include//ros2_behavior_tree/action/wait_action.hpp
-- Up-to-date symlink: /home/rover/kameyama_ws/install/ros2_behavior_tree/include//ros2_behavior_tree/behavior_tree.hpp
-- Up-to-date symlink: /home/rover/kameyama_ws/install/ros2_behavior_tree/include//ros2_behavior_tree/bt_action_node.hpp
-- Up-to-date symlink: /home/rover/kameyama_ws/install/ros2_behavior_tree/include//ros2_behavior_tree/bt_conversions.hpp
-- Up-to-date symlink: /home/rover/kameyama_ws/install/ros2_behavior_tree/include//ros2_behavior_tree/bt_service_node.hpp
-- Up-to-date symlink: /home/rover/kameyama_ws/install/ros2_behavior_tree/include//ros2_behavior_tree/bt_status_pub.hpp
-- Up-to-date symlink: /home/rover/kameyama_ws/install/ros2_behavior_tree/include//ros2_behavior_tree/condition/b_work_node.hpp
-- Up-to-date symlink: /home/rover/kameyama_ws/install/ros2_behavior_tree/include//ros2_behavior_tree/condition/can_transform_node.hpp
-- Up-to-date symlink: /home/rover/kameyama_ws/install/ros2_behavior_tree/include//ros2_behavior_tree/condition/check_help.hpp
-- Up-to-date symlink: /home/rover/kameyama_ws/install/ros2_behavior_tree/include//ros2_behavior_tree/condition/check_odom.hpp
-- Up-to-date symlink: /home/rover/kameyama_ws/install/ros2_behavior_tree/include//ros2_behavior_tree/condition/check_path_node.hpp
-- Up-to-date symlink: /home/rover/kameyama_ws/install/ros2_behavior_tree/include//ros2_behavior_tree/condition/check_vel.hpp
-- Up-to-date symlink: /home/rover/kameyama_ws/install/ros2_behavior_tree/include//ros2_behavior_tree/condition/close_to_node.hpp
-- Up-to-date symlink: /home/rover/kameyama_ws/install/ros2_behavior_tree/include//ros2_behavior_tree/condition/goal_updated_condition.hpp
-- Up-to-date symlink: /home/rover/kameyama_ws/install/ros2_behavior_tree/include//ros2_behavior_tree/condition/is_grasped_obj_node.hpp
-- Up-to-date symlink: /home/rover/kameyama_ws/install/ros2_behavior_tree/include//ros2_behavior_tree/condition/is_hand_free_node.hpp
-- Up-to-date symlink: /home/rover/kameyama_ws/install/ros2_behavior_tree/include//ros2_behavior_tree/condition/is_robot_close_node.hpp
-- Up-to-date symlink: /home/rover/kameyama_ws/install/ros2_behavior_tree/include//ros2_behavior_tree/condition/mecanum_check_space.hpp
-- Up-to-date symlink: /home/rover/kameyama_ws/install/ros2_behavior_tree/include//ros2_behavior_tree/condition/mecanum_search2.hpp
-- Up-to-date symlink: /home/rover/kameyama_ws/install/ros2_behavior_tree/include//ros2_behavior_tree/condition/receive_move_meca.hpp
-- Up-to-date symlink: /home/rover/kameyama_ws/install/ros2_behavior_tree/include//ros2_behavior_tree/condition/result_to_coordinate.hpp
-- Up-to-date symlink: /home/rover/kameyama_ws/install/ros2_behavior_tree/include//ros2_behavior_tree/condition/task_clear.hpp
-- Up-to-date symlink: /home/rover/kameyama_ws/install/ros2_behavior_tree/include//ros2_behavior_tree/control/first_result_node.hpp
-- Up-to-date symlink: /home/rover/kameyama_ws/install/ros2_behavior_tree/include//ros2_behavior_tree/control/pipeline_sequence_node.hpp
-- Up-to-date symlink: /home/rover/kameyama_ws/install/ros2_behavior_tree/include//ros2_behavior_tree/control/priority_fallback.hpp
-- Up-to-date symlink: /home/rover/kameyama_ws/install/ros2_behavior_tree/include//ros2_behavior_tree/control/priority_sequence.hpp
-- Up-to-date symlink: /home/rover/kameyama_ws/install/ros2_behavior_tree/include//ros2_behavior_tree/control/recovery_node.hpp
-- Up-to-date symlink: /home/rover/kameyama_ws/install/ros2_behavior_tree/include//ros2_behavior_tree/control/round_robin_node.hpp
-- Up-to-date symlink: /home/rover/kameyama_ws/install/ros2_behavior_tree/include//ros2_behavior_tree/decorator/distance_constraint_node.hpp
-- Up-to-date symlink: /home/rover/kameyama_ws/install/ros2_behavior_tree/include//ros2_behavior_tree/decorator/for_each_pose_node.hpp
-- Up-to-date symlink: /home/rover/kameyama_ws/install/ros2_behavior_tree/include//ros2_behavior_tree/decorator/forever_node.hpp
-- Up-to-date symlink: /home/rover/kameyama_ws/install/ros2_behavior_tree/include//ros2_behavior_tree/decorator/once_node.hpp
-- Up-to-date symlink: /home/rover/kameyama_ws/install/ros2_behavior_tree/include//ros2_behavior_tree/decorator/rate_controller.hpp
-- Up-to-date symlink: /home/rover/kameyama_ws/install/ros2_behavior_tree/include//ros2_behavior_tree/decorator/repeat_until_node.hpp
-- Up-to-date symlink: /home/rover/kameyama_ws/install/ros2_behavior_tree/include//ros2_behavior_tree/decorator/throttle_tick_rate_node.hpp
-- Up-to-date symlink: /home/rover/kameyama_ws/install/ros2_behavior_tree/include//ros2_behavior_tree/decorator/utility_choice.hpp
-- Up-to-date symlink: /home/rover/kameyama_ws/install/ros2_behavior_tree/include//ros2_behavior_tree/node_registrar.hpp
-- Up-to-date symlink: /home/rover/kameyama_ws/install/ros2_behavior_tree/include//ros2_behavior_tree/node_thread.hpp
-- Up-to-date symlink: /home/rover/kameyama_ws/install/ros2_behavior_tree/include//ros2_behavior_tree/ros2_action_client_node.hpp
-- Up-to-date symlink: /home/rover/kameyama_ws/install/ros2_behavior_tree/include//ros2_behavior_tree/ros2_async_service_client_node.hpp
-- Up-to-date symlink: /home/rover/kameyama_ws/install/ros2_behavior_tree/include//ros2_behavior_tree/ros2_service_client_node.hpp
-- Up-to-date symlink: /home/rover/kameyama_ws/install/ros2_behavior_tree/share/ros2_behavior_tree//launch/bt_executor2_launch.py
-- Up-to-date symlink: /home/rover/kameyama_ws/install/ros2_behavior_tree/share/ros2_behavior_tree//launch/bt_executor_anafi_launch.py
-- Up-to-date symlink: /home/rover/kameyama_ws/install/ros2_behavior_tree/share/ros2_behavior_tree//launch/bt_executor_bebop_launch.py
-- Up-to-date symlink: /home/rover/kameyama_ws/install/ros2_behavior_tree/share/ros2_behavior_tree//launch/bt_executor_launch.py
-- Up-to-date symlink: /home/rover/kameyama_ws/install/ros2_behavior_tree/share/ros2_behavior_tree//launch/bt_executor_mecanum_launch.py
-- Up-to-date symlink: /home/rover/kameyama_ws/install/ros2_behavior_tree/share/ros2_behavior_tree//launch/bt_executor_youbot_launch.py
-- Up-to-date symlink: /home/rover/kameyama_ws/install/ros2_behavior_tree/share/ros2_behavior_tree//launch/bt_generator_launch.py
-- Up-to-date symlink: /home/rover/kameyama_ws/install/ros2_behavior_tree/share/ros2_behavior_tree//launch/set_cost_around_point_launch.py
-- Up-to-date symlink: /home/rover/kameyama_ws/install/ros2_behavior_tree/share/ros2_behavior_tree//config/bt_nodes.yaml
-- Up-to-date symlink: /home/rover/kameyama_ws/install/ros2_behavior_tree/share/ros2_behavior_tree//config/bt_nodes2.yaml
-- Up-to-date symlink: /home/rover/kameyama_ws/install/ros2_behavior_tree/share/ros2_behavior_tree//config/bt_nodes_mecanum1.yaml
-- Up-to-date symlink: /home/rover/kameyama_ws/install/ros2_behavior_tree/share/ros2_behavior_tree//config/bt_nodes_youbot.yaml
-- Up-to-date symlink: /home/rover/kameyama_ws/install/ros2_behavior_tree/lib/libros2_behavior_tree.so
-- Up-to-date symlink: /home/rover/kameyama_ws/install/ros2_behavior_tree/lib/libcustom_test_nodes.so
-- Up-to-date symlink: /home/rover/kameyama_ws/install/ros2_behavior_tree/share/ros2_behavior_tree/environment/library_path.sh
-- Up-to-date symlink: /home/rover/kameyama_ws/install/ros2_behavior_tree/share/ros2_behavior_tree/environment/library_path.dsv
-- Up-to-date symlink: /home/rover/kameyama_ws/install/ros2_behavior_tree/share/ament_index/resource_index/package_run_dependencies/ros2_behavior_tree
-- Up-to-date symlink: /home/rover/kameyama_ws/install/ros2_behavior_tree/share/ament_index/resource_index/parent_prefix_path/ros2_behavior_tree
-- Up-to-date symlink: /home/rover/kameyama_ws/install/ros2_behavior_tree/share/ros2_behavior_tree/environment/ament_prefix_path.sh
-- Up-to-date symlink: /home/rover/kameyama_ws/install/ros2_behavior_tree/share/ros2_behavior_tree/environment/ament_prefix_path.dsv
-- Up-to-date symlink: /home/rover/kameyama_ws/install/ros2_behavior_tree/share/ros2_behavior_tree/environment/path.sh
-- Up-to-date symlink: /home/rover/kameyama_ws/install/ros2_behavior_tree/share/ros2_behavior_tree/environment/path.dsv
-- Up-to-date symlink: /home/rover/kameyama_ws/install/ros2_behavior_tree/share/ros2_behavior_tree/local_setup.bash
-- Up-to-date symlink: /home/rover/kameyama_ws/install/ros2_behavior_tree/share/ros2_behavior_tree/local_setup.sh
-- Up-to-date symlink: /home/rover/kameyama_ws/install/ros2_behavior_tree/share/ros2_behavior_tree/local_setup.zsh
-- Up-to-date symlink: /home/rover/kameyama_ws/install/ros2_behavior_tree/share/ros2_behavior_tree/local_setup.dsv
-- Symlinking: /home/rover/kameyama_ws/install/ros2_behavior_tree/share/ros2_behavior_tree/package.dsv
-- Up-to-date symlink: /home/rover/kameyama_ws/install/ros2_behavior_tree/share/ament_index/resource_index/packages/ros2_behavior_tree
-- Up-to-date symlink: /home/rover/kameyama_ws/install/ros2_behavior_tree/share/ros2_behavior_tree/cmake/ament_cmake_export_include_directories-extras.cmake
-- Up-to-date symlink: /home/rover/kameyama_ws/install/ros2_behavior_tree/share/ros2_behavior_tree/cmake/ament_cmake_export_libraries-extras.cmake
-- Up-to-date symlink: /home/rover/kameyama_ws/install/ros2_behavior_tree/share/ros2_behavior_tree/cmake/ament_cmake_export_dependencies-extras.cmake
-- Up-to-date symlink: /home/rover/kameyama_ws/install/ros2_behavior_tree/share/ros2_behavior_tree/cmake/ros2_behavior_treeConfig.cmake
-- Up-to-date symlink: /home/rover/kameyama_ws/install/ros2_behavior_tree/share/ros2_behavior_tree/cmake/ros2_behavior_treeConfig-version.cmake
-- Up-to-date symlink: /home/rover/kameyama_ws/install/ros2_behavior_tree/share/ros2_behavior_tree/package.xml
