[0.679s] Invoking command in '/home/rover/kameyama_ws/build/ros2_behavior_tree': AMENT_PREFIX_PATH=/home/rover/kameyama_ws/install/failure_detection_msgs:/home/rover/kameyama_ws/install/observation_msgs:/home/rover/kameyama_ws/install/my_nav_msgs:/home/rover/kameyama_ws/install/behavior_tree_msgs:${AMENT_PREFIX_PATH} CMAKE_PREFIX_PATH=/home/rover/kameyama_ws/install/failure_detection_msgs:/home/rover/kameyama_ws/install/observation_msgs:/home/rover/kameyama_ws/install/my_nav_msgs:/home/rover/kameyama_ws/install/behavior_tree_msgs:/home/rover/ros2_ws/install/ydlidar_ros2_driver:/home/rover/ros2_ws/install/vs_rover_options_description:/home/rover/ros2_ws/install/realsense2_description:/home/rover/ros2_ws/install/realsense2_camera:/home/rover/ros2_ws/install/realsense2_camera_msgs:/home/rover/ros2_ws/install/megarover3:/home/rover/ros2_ws/install/megarover_description:/home/rover/ros2_ws/install/megarover3_bringup:/home/rover/ros2_ws/install/mecanumrover3:/home/rover/ros2_ws/install/mecanumrover_description:/home/rover/ros2_ws/install/mecanumrover3_bringup:/home/rover/ros2_ws/install/fwdsrover_xna:/home/rover/ros2_ws/install/fwdsrover_xna_bringup:/home/rover/ros2_ws/install/amir:/home/rover/ros2_ws/install/amir_moveit_config:/home/rover/ros2_ws/install/amir_driver:/home/rover/ros2_ws/install/amir_interfaces:/home/rover/ros2_ws/install/amir_bringup:/home/rover/ros2_ws/install/amir_description:/home/rover/amir_basic_ws/install/image_pipeline:/home/rover/amir_basic_ws/install/stereo_image_proc:/home/rover/amir_basic_ws/install/image_proc:/home/rover/amir_basic_ws/install/tracetools_image_pipeline:/home/rover/amir_basic_ws/install/micro_ros_setup:/home/rover/amir_basic_ws/install/micro_ros_agent:/home/rover/amir_basic_ws/install/micro_ros_msgs:/home/rover/amir_basic_ws/install/image_view:/home/rover/amir_basic_ws/install/image_rotate:/home/rover/amir_basic_ws/install/image_publisher:/home/rover/amir_basic_ws/install/depth_image_proc:/home/rover/amir_basic_ws/install/darknet_ros:/home/rover/amir_basic_ws/install/darknet_ros_msgs:/home/rover/amir_basic_ws/install/behaviortree_cpp:/home/rover/amir_basic_ws/install/amir_interfaces:/home/rover/amir_basic_ws/install/camera_calibration:/opt/ros/humble LD_LIBRARY_PATH=/home/rover/kameyama_ws/install/failure_detection_msgs/lib:/home/rover/kameyama_ws/install/observation_msgs/lib:/home/rover/kameyama_ws/install/my_nav_msgs/lib:/home/rover/kameyama_ws/install/behavior_tree_msgs/lib:${LD_LIBRARY_PATH} PYTHONPATH=/home/rover/kameyama_ws/install/failure_detection_msgs/local/lib/python3.10/dist-packages:/home/rover/kameyama_ws/install/observation_msgs/local/lib/python3.10/dist-packages:/home/rover/kameyama_ws/install/my_nav_msgs/local/lib/python3.10/dist-packages:/home/rover/kameyama_ws/install/behavior_tree_msgs/local/lib/python3.10/dist-packages:${PYTHONPATH} /usr/bin/cmake --build /home/rover/kameyama_ws/build/ros2_behavior_tree -- -j12 -l12
[0.714s] -- Found ament_cmake: 1.3.11 (/opt/ros/humble/share/ament_cmake/cmake)
[0.841s] -- Override CMake install command with custom implementation using symlinks instead of copying resources
[0.849s] -- Found builtin_interfaces: 1.2.1 (/opt/ros/humble/share/builtin_interfaces/cmake)
[0.873s] -- Found rosidl_generator_c: 3.1.6 (/opt/ros/humble/share/rosidl_generator_c/cmake)
[0.875s] -- Found rosidl_adapter: 3.1.6 (/opt/ros/humble/share/rosidl_adapter/cmake)
[0.881s] -- Found rosidl_generator_cpp: 3.1.6 (/opt/ros/humble/share/rosidl_generator_cpp/cmake)
[0.892s] -- Using all available rosidl_typesupport_c: rosidl_typesupport_fastrtps_c;rosidl_typesupport_introspection_c
[0.906s] -- Using all available rosidl_typesupport_cpp: rosidl_typesupport_fastrtps_cpp;rosidl_typesupport_introspection_cpp
[0.918s] -- Found geometry_msgs: 4.2.4 (/opt/ros/humble/share/geometry_msgs/cmake)
[0.942s] -- Found rclcpp_action: 16.0.11 (/opt/ros/humble/share/rclcpp_action/cmake)
[0.991s] -- Found rmw_implementation_cmake: 6.1.2 (/opt/ros/humble/share/rmw_implementation_cmake/cmake)
[0.994s] -- Found rmw_fastrtps_cpp: 6.2.7 (/opt/ros/humble/share/rmw_fastrtps_cpp/cmake)
[1.122s] -- Using RMW implementation 'rmw_fastrtps_cpp' as default
[1.161s] -- Found rclcpp_lifecycle: 16.0.11 (/opt/ros/humble/share/rclcpp_lifecycle/cmake)
[1.178s] -- Found behavior_tree_msgs: 0.1.0 (/home/rover/kameyama_ws/install/behavior_tree_msgs/share/behavior_tree_msgs/cmake)
[1.355s] -- Found std_srvs: 4.2.4 (/opt/ros/humble/share/std_srvs/cmake)
[1.369s] -- Found tf2: 0.25.12 (/opt/ros/humble/share/tf2/cmake)
[1.373s] -- Found tf2_geometry_msgs: 0.25.12 (/opt/ros/humble/share/tf2_geometry_msgs/cmake)
[1.375s] -- Found eigen3_cmake_module: 0.1.1 (/opt/ros/humble/share/eigen3_cmake_module/cmake)
[1.377s] -- Ensuring Eigen3 include directory is part of orocos-kdl CMake target
[1.422s] -- Found example_interfaces: 0.9.3 (/opt/ros/humble/share/example_interfaces/cmake)
[1.439s] -- Found visualization_msgs: 4.2.4 (/opt/ros/humble/share/visualization_msgs/cmake)
[1.462s] -- Found nav2_behavior_tree: 1.1.18 (/opt/ros/humble/share/nav2_behavior_tree/cmake)
[1.525s] -- Found observation_msgs: 0.1.0 (/home/rover/kameyama_ws/install/observation_msgs/share/observation_msgs/cmake)
[1.554s] -- Found my_nav_msgs: 0.1.0 (/home/rover/kameyama_ws/install/my_nav_msgs/share/my_nav_msgs/cmake)
[1.579s] -- Found failure_detection_msgs: 0.0.0 (/home/rover/kameyama_ws/install/failure_detection_msgs/share/failure_detection_msgs/cmake)
[2.414s] -- Found ament_lint_auto: 0.12.11 (/opt/ros/humble/share/ament_lint_auto/cmake)
[2.473s] -- Found ament_cmake_gtest: 1.3.11 (/opt/ros/humble/share/ament_cmake_gtest/cmake)
[2.476s] -- Found gtest sources under '/opt/ros/humble/src/gtest_vendor': C++ tests using 'Google Test' will be built
[2.704s] -- Added test 'copyright' to check source files copyright and LICENSE
[2.714s] -- Added test 'cppcheck' to perform static code analysis on C / C++ code
[2.715s] -- Configured cppcheck include dirs: /home/rover/kameyama_ws/src/ros2_behavior_tree/ros2_behavior_tree/include
[2.715s] -- Configured cppcheck exclude dirs and/or files: 
[2.721s] -- Added test 'cpplint' to check C / C++ code against the Google style
[2.721s] -- Configured cpplint exclude dirs and/or files: 
[2.722s] -- Added test 'flake8' to check Python code syntax and style conventions
[2.723s] -- Added test 'lint_cmake' to check CMake code style
[2.724s] -- Added test 'pep257' to check Python code against some of the docstring style conventions in PEP 257
[2.730s] -- Added test 'uncrustify' to check C / C++ code style
[2.730s] -- Configured uncrustify additional arguments: 
[2.731s] -- Added test 'xmllint' to check XML markup files
[2.736s] -- Configuring done
[3.346s] -- Generating done
[3.460s] -- Build files have been written to: /home/rover/kameyama_ws/build/ros2_behavior_tree
[3.508s] [35m[1mConsolidate compiler generated dependencies of target example_custom_nodes[0m
[3.510s] [35m[1mConsolidate compiler generated dependencies of target ros2_behavior_tree[0m
[3.510s] [35m[1mConsolidate compiler generated dependencies of target ros2_behavior_tree_nodes[0m
[3.532s] [  2%] [32mBuilding CXX object CMakeFiles/example_custom_nodes.dir/examples/custom_nodes/sample_bt_node_registrar.cpp.o[0m
[3.534s] [  4%] [32mBuilding CXX object CMakeFiles/ros2_behavior_tree.dir/src/behavior_tree.cpp.o[0m
[3.534s] [  6%] [32mBuilding CXX object CMakeFiles/ros2_behavior_tree.dir/src/bt_status_pub.cpp.o[0m
[3.545s] [  8%] [32mBuilding CXX object CMakeFiles/ros2_behavior_tree_nodes.dir/src/pure_pursuit_node.cpp.o[0m
[3.546s] [ 10%] [32mBuilding CXX object CMakeFiles/ros2_behavior_tree_nodes.dir/src/node_registrar.cpp.o[0m
[4.025s] In file included from [01m[K/home/rover/kameyama_ws/src/ros2_behavior_tree/ros2_behavior_tree/include/ros2_behavior_tree/action/create_transform_buffer_node.hpp:27[m[K,
[4.026s]                  from [01m[K/home/rover/kameyama_ws/src/ros2_behavior_tree/ros2_behavior_tree/src/node_registrar.cpp:22[m[K:
[4.026s] [01m[K/opt/ros/humble/include/tf2_geometry_msgs/tf2_geometry_msgs/tf2_geometry_msgs.h:35:2:[m[K [01;35m[Kwarning: [m[K#warning This header is obsolete, please include tf2_geometry_msgs/tf2_geometry_msgs.hpp instead [[01;35m[K]8;;https://gcc.gnu.org/onlinedocs/gcc/Warning-Options.html#index-Wcpp-Wcpp]8;;[m[K]
[4.026s]    35 | #[01;35m[Kwarning[m[K This header is obsolete, please include tf2_geometry_msgs/tf2_geometry_msgs.hpp instead
[4.026s]       |  [01;35m[K^~~~~~~[m[K
[4.965s] [ 12%] [32m[1mLinking CXX shared library libexample_custom_nodes.so[0m
[5.219s] [ 12%] Built target example_custom_nodes
[5.236s] [35m[1mConsolidate compiler generated dependencies of target gtest[0m
[5.238s] [35m[1mConsolidate compiler generated dependencies of target custom_test_nodes[0m
[5.264s] [ 14%] [32mBuilding CXX object gtest/CMakeFiles/gtest.dir/src/gtest-all.cc.o[0m
[5.279s] [ 17%] [32mBuilding CXX object tests/CMakeFiles/custom_test_nodes.dir/src/test_node_registrar.cpp.o[0m
[8.121s] [ 19%] [32m[1mLinking CXX shared library libros2_behavior_tree.so[0m
[8.503s] [ 19%] Built target ros2_behavior_tree
[8.788s] [ 21%] [32m[1mLinking CXX static library libgtest.a[0m
[8.891s] [ 21%] Built target gtest
[12.663s] [ 23%] [32m[1mLinking CXX shared library libcustom_test_nodes.so[0m
[13.174s] [ 23%] Built target custom_test_nodes
[22.000s] In file included from [01m[K/home/rover/kameyama_ws/src/ros2_behavior_tree/ros2_behavior_tree/src/node_registrar.cpp:79[m[K:
[22.001s] [01m[K/home/rover/kameyama_ws/src/ros2_behavior_tree/ros2_behavior_tree/include/ros2_behavior_tree/condition/mecanum_check_space.hpp:[m[K In member function ‘[01m[Kvirtual BT::NodeStatus ros2_behavior_tree::MecanumCheckSpace::tick()[m[K’:
[22.001s] [01m[K/home/rover/kameyama_ws/src/ros2_behavior_tree/ros2_behavior_tree/include/ros2_behavior_tree/condition/mecanum_check_space.hpp:266:3:[m[K [01;35m[Kwarning: [m[Kcontrol reaches end of non-void function [[01;35m[K]8;;https://gcc.gnu.org/onlinedocs/gcc/Warning-Options.html#index-Wreturn-type-Wreturn-type]8;;[m[K]
[22.001s]   266 |   [01;35m[K}[m[K
[22.001s]       |   [01;35m[K^[m[K
[37.839s] [ 25%] [32m[1mLinking CXX shared library libros2_behavior_tree_nodes.so[0m
[42.165s] [ 25%] Built target ros2_behavior_tree_nodes
[42.181s] [35m[1mConsolidate compiler generated dependencies of target bt_executor_bebop[0m
[42.182s] [35m[1mConsolidate compiler generated dependencies of target lifecycle_node[0m
[42.184s] [35m[1mConsolidate compiler generated dependencies of target node[0m
[42.185s] [35m[1mConsolidate compiler generated dependencies of target action_server_node[0m
[42.185s] [35m[1mConsolidate compiler generated dependencies of target action_server_lifecycle_node[0m
[42.185s] [35m[1mConsolidate compiler generated dependencies of target custom_nodes[0m
[42.207s] [ 27%] [32mBuilding CXX object CMakeFiles/node.dir/examples/node/sample_node.cpp.o[0m
[42.208s] [ 31%] [32mBuilding CXX object CMakeFiles/bt_executor_bebop.dir/src/bt_executor_bebop.cpp.o[0m
[42.208s] [ 31%] [32mBuilding CXX object CMakeFiles/lifecycle_node.dir/examples/lifecycle_node/sample_lifecycle_node.cpp.o[0m
[42.208s] [ 38%] [32mBuilding CXX object CMakeFiles/action_server_node.dir/examples/action_server_node/main.cpp.o[0m
[42.208s] [ 38%] [32mBuilding CXX object CMakeFiles/lifecycle_node.dir/examples/lifecycle_node/main.cpp.o[0m
[42.212s] [ 38%] [32mBuilding CXX object CMakeFiles/node.dir/examples/node/main.cpp.o[0m
[42.215s] [ 40%] [32mBuilding CXX object CMakeFiles/action_server_lifecycle_node.dir/examples/action_server_lifecycle_node/main.cpp.o[0m
[42.220s] [ 42%] [32mBuilding CXX object CMakeFiles/action_server_node.dir/examples/action_server_node/sample_action_server_node.cpp.o[0m
[42.220s] [ 44%] [32mBuilding CXX object CMakeFiles/custom_nodes.dir/examples/custom_nodes/main.cpp.o[0m
[46.124s] [ 46%] [32mBuilding CXX object CMakeFiles/action_server_lifecycle_node.dir/examples/action_server_lifecycle_node/sample_action_server_lifecycle_node.cpp.o[0m
[46.334s] [ 48%] [32mBuilding CXX object CMakeFiles/custom_nodes.dir/examples/custom_nodes/sample_node.cpp.o[0m
[46.557s] [ 51%] [32m[1mLinking CXX executable node[0m
[46.744s] [ 53%] [32m[1mLinking CXX executable lifecycle_node[0m
[47.072s] [ 53%] Built target node
[47.114s] [35m[1mConsolidate compiler generated dependencies of target minimal[0m
[47.118s] [35m[1mConsolidate compiler generated dependencies of target gtest_main[0m
[47.119s] [35m[1mConsolidate compiler generated dependencies of target bt_executor[0m
[47.155s] [ 55%] [32mBuilding CXX object gtest/CMakeFiles/gtest_main.dir/src/gtest_main.cc.o[0m
[47.163s] [ 57%] [32mBuilding CXX object CMakeFiles/bt_executor.dir/src/bt_executor.cpp.o[0m
[47.171s] [ 59%] [32mBuilding CXX object CMakeFiles/minimal.dir/examples/minimal/main.cpp.o[0m
[47.242s] [ 59%] Built target lifecycle_node
[47.797s] [ 61%] [32m[1mLinking CXX executable action_server_node[0m
[48.105s] [ 63%] [32m[1mLinking CXX static library libgtest_main.a[0m
[48.185s] [ 63%] Built target gtest_main
[48.222s] [35m[1mConsolidate compiler generated dependencies of target test_ros2_service_client[0m
[48.226s] [35m[1mConsolidate compiler generated dependencies of target test_ros2_behavior_tree_nodes[0m
[48.268s] [ 65%] [32mBuilding CXX object tests/CMakeFiles/test_ros2_behavior_tree_nodes.dir/test_first_result.cpp.o[0m
[48.271s] [ 68%] [32mBuilding CXX object tests/CMakeFiles/test_ros2_service_client.dir/test_ros2_service_client.cpp.o[0m
[48.276s] [ 70%] [32mBuilding CXX object tests/CMakeFiles/test_ros2_behavior_tree_nodes.dir/test_async_wait.cpp.o[0m
[48.278s] [ 72%] [32mBuilding CXX object tests/CMakeFiles/test_ros2_behavior_tree_nodes.dir/test_forever.cpp.o[0m
[48.441s] [ 72%] Built target action_server_node
[48.462s] [35m[1mConsolidate compiler generated dependencies of target test_ros2_action_client[0m
[48.512s] [ 74%] [32mBuilding CXX object tests/CMakeFiles/test_ros2_action_client.dir/test_ros2_action_client.cpp.o[0m
[49.462s] [ 76%] [32mBuilding CXX object tests/CMakeFiles/test_ros2_behavior_tree_nodes.dir/test_repeat_until.cpp.o[0m
[49.471s] [ 78%] [32mBuilding CXX object tests/CMakeFiles/test_ros2_behavior_tree_nodes.dir/test_recovery.cpp.o[0m
[50.900s] [ 80%] [32m[1mLinking CXX executable custom_nodes[0m
[50.974s] [ 82%] [32mBuilding CXX object tests/CMakeFiles/test_ros2_behavior_tree_nodes.dir/test_round_robin.cpp.o[0m
[51.043s] [ 85%] [32mBuilding CXX object tests/CMakeFiles/test_ros2_behavior_tree_nodes.dir/test_throttle_tick_count.cpp.o[0m
[51.694s] [ 87%] [32m[1mLinking CXX executable minimal[0m
[51.697s] [ 87%] Built target custom_nodes
[52.169s] [ 87%] Built target minimal
[52.196s] [ 89%] [32m[1mLinking CXX executable action_server_lifecycle_node[0m
[52.795s] [ 89%] Built target action_server_lifecycle_node
[53.573s] [ 91%] [32m[1mLinking CXX executable test_ros2_behavior_tree_nodes[0m
[54.179s] [ 91%] Built target test_ros2_behavior_tree_nodes
[55.439s] [ 93%] [32m[1mLinking CXX executable test_ros2_service_client[0m
[56.407s] [ 93%] Built target test_ros2_service_client
[56.459s] [ 95%] [32m[1mLinking CXX executable test_ros2_action_client[0m
[57.223s] [ 95%] Built target test_ros2_action_client
[57.656s] [ 97%] [32m[1mLinking CXX executable bt_executor_bebop[0m
[58.658s] [ 97%] Built target bt_executor_bebop
[59.920s] [100%] [32m[1mLinking CXX executable bt_executor[0m
[60.862s] [100%] Built target bt_executor
[60.876s] Invoked command in '/home/rover/kameyama_ws/build/ros2_behavior_tree' returned '0': AMENT_PREFIX_PATH=/home/rover/kameyama_ws/install/failure_detection_msgs:/home/rover/kameyama_ws/install/observation_msgs:/home/rover/kameyama_ws/install/my_nav_msgs:/home/rover/kameyama_ws/install/behavior_tree_msgs:${AMENT_PREFIX_PATH} CMAKE_PREFIX_PATH=/home/rover/kameyama_ws/install/failure_detection_msgs:/home/rover/kameyama_ws/install/observation_msgs:/home/rover/kameyama_ws/install/my_nav_msgs:/home/rover/kameyama_ws/install/behavior_tree_msgs:/home/rover/ros2_ws/install/ydlidar_ros2_driver:/home/rover/ros2_ws/install/vs_rover_options_description:/home/rover/ros2_ws/install/realsense2_description:/home/rover/ros2_ws/install/realsense2_camera:/home/rover/ros2_ws/install/realsense2_camera_msgs:/home/rover/ros2_ws/install/megarover3:/home/rover/ros2_ws/install/megarover_description:/home/rover/ros2_ws/install/megarover3_bringup:/home/rover/ros2_ws/install/mecanumrover3:/home/rover/ros2_ws/install/mecanumrover_description:/home/rover/ros2_ws/install/mecanumrover3_bringup:/home/rover/ros2_ws/install/fwdsrover_xna:/home/rover/ros2_ws/install/fwdsrover_xna_bringup:/home/rover/ros2_ws/install/amir:/home/rover/ros2_ws/install/amir_moveit_config:/home/rover/ros2_ws/install/amir_driver:/home/rover/ros2_ws/install/amir_interfaces:/home/rover/ros2_ws/install/amir_bringup:/home/rover/ros2_ws/install/amir_description:/home/rover/amir_basic_ws/install/image_pipeline:/home/rover/amir_basic_ws/install/stereo_image_proc:/home/rover/amir_basic_ws/install/image_proc:/home/rover/amir_basic_ws/install/tracetools_image_pipeline:/home/rover/amir_basic_ws/install/micro_ros_setup:/home/rover/amir_basic_ws/install/micro_ros_agent:/home/rover/amir_basic_ws/install/micro_ros_msgs:/home/rover/amir_basic_ws/install/image_view:/home/rover/amir_basic_ws/install/image_rotate:/home/rover/amir_basic_ws/install/image_publisher:/home/rover/amir_basic_ws/install/depth_image_proc:/home/rover/amir_basic_ws/install/darknet_ros:/home/rover/amir_basic_ws/install/darknet_ros_msgs:/home/rover/amir_basic_ws/install/behaviortree_cpp:/home/rover/amir_basic_ws/install/amir_interfaces:/home/rover/amir_basic_ws/install/camera_calibration:/opt/ros/humble LD_LIBRARY_PATH=/home/rover/kameyama_ws/install/failure_detection_msgs/lib:/home/rover/kameyama_ws/install/observation_msgs/lib:/home/rover/kameyama_ws/install/my_nav_msgs/lib:/home/rover/kameyama_ws/install/behavior_tree_msgs/lib:${LD_LIBRARY_PATH} PYTHONPATH=/home/rover/kameyama_ws/install/failure_detection_msgs/local/lib/python3.10/dist-packages:/home/rover/kameyama_ws/install/observation_msgs/local/lib/python3.10/dist-packages:/home/rover/kameyama_ws/install/my_nav_msgs/local/lib/python3.10/dist-packages:/home/rover/kameyama_ws/install/behavior_tree_msgs/local/lib/python3.10/dist-packages:${PYTHONPATH} /usr/bin/cmake --build /home/rover/kameyama_ws/build/ros2_behavior_tree -- -j12 -l12
[60.877s] Invoking command in '/home/rover/kameyama_ws/build/ros2_behavior_tree': AMENT_PREFIX_PATH=/home/rover/kameyama_ws/install/failure_detection_msgs:/home/rover/kameyama_ws/install/observation_msgs:/home/rover/kameyama_ws/install/my_nav_msgs:/home/rover/kameyama_ws/install/behavior_tree_msgs:${AMENT_PREFIX_PATH} CMAKE_PREFIX_PATH=/home/rover/kameyama_ws/install/failure_detection_msgs:/home/rover/kameyama_ws/install/observation_msgs:/home/rover/kameyama_ws/install/my_nav_msgs:/home/rover/kameyama_ws/install/behavior_tree_msgs:/home/rover/ros2_ws/install/ydlidar_ros2_driver:/home/rover/ros2_ws/install/vs_rover_options_description:/home/rover/ros2_ws/install/realsense2_description:/home/rover/ros2_ws/install/realsense2_camera:/home/rover/ros2_ws/install/realsense2_camera_msgs:/home/rover/ros2_ws/install/megarover3:/home/rover/ros2_ws/install/megarover_description:/home/rover/ros2_ws/install/megarover3_bringup:/home/rover/ros2_ws/install/mecanumrover3:/home/rover/ros2_ws/install/mecanumrover_description:/home/rover/ros2_ws/install/mecanumrover3_bringup:/home/rover/ros2_ws/install/fwdsrover_xna:/home/rover/ros2_ws/install/fwdsrover_xna_bringup:/home/rover/ros2_ws/install/amir:/home/rover/ros2_ws/install/amir_moveit_config:/home/rover/ros2_ws/install/amir_driver:/home/rover/ros2_ws/install/amir_interfaces:/home/rover/ros2_ws/install/amir_bringup:/home/rover/ros2_ws/install/amir_description:/home/rover/amir_basic_ws/install/image_pipeline:/home/rover/amir_basic_ws/install/stereo_image_proc:/home/rover/amir_basic_ws/install/image_proc:/home/rover/amir_basic_ws/install/tracetools_image_pipeline:/home/rover/amir_basic_ws/install/micro_ros_setup:/home/rover/amir_basic_ws/install/micro_ros_agent:/home/rover/amir_basic_ws/install/micro_ros_msgs:/home/rover/amir_basic_ws/install/image_view:/home/rover/amir_basic_ws/install/image_rotate:/home/rover/amir_basic_ws/install/image_publisher:/home/rover/amir_basic_ws/install/depth_image_proc:/home/rover/amir_basic_ws/install/darknet_ros:/home/rover/amir_basic_ws/install/darknet_ros_msgs:/home/rover/amir_basic_ws/install/behaviortree_cpp:/home/rover/amir_basic_ws/install/amir_interfaces:/home/rover/amir_basic_ws/install/camera_calibration:/opt/ros/humble LD_LIBRARY_PATH=/home/rover/kameyama_ws/install/failure_detection_msgs/lib:/home/rover/kameyama_ws/install/observation_msgs/lib:/home/rover/kameyama_ws/install/my_nav_msgs/lib:/home/rover/kameyama_ws/install/behavior_tree_msgs/lib:${LD_LIBRARY_PATH} PYTHONPATH=/home/rover/kameyama_ws/install/failure_detection_msgs/local/lib/python3.10/dist-packages:/home/rover/kameyama_ws/install/observation_msgs/local/lib/python3.10/dist-packages:/home/rover/kameyama_ws/install/my_nav_msgs/local/lib/python3.10/dist-packages:/home/rover/kameyama_ws/install/behavior_tree_msgs/local/lib/python3.10/dist-packages:${PYTHONPATH} /usr/bin/cmake --install /home/rover/kameyama_ws/build/ros2_behavior_tree
[60.884s] -- Install configuration: ""
[60.884s] -- Execute custom install script
[60.885s] -- Up-to-date symlink: /home/rover/kameyama_ws/install/ros2_behavior_tree/lib/libros2_behavior_tree.so
[60.885s] -- Up-to-date symlink: /home/rover/kameyama_ws/install/ros2_behavior_tree/lib/libros2_behavior_tree_nodes.so
[60.885s] -- Up-to-date symlink: /home/rover/kameyama_ws/install/ros2_behavior_tree/lib/libexample_custom_nodes.so
[60.885s] -- Up-to-date symlink: /home/rover/kameyama_ws/install/ros2_behavior_tree/lib/ros2_behavior_tree/minimal
[60.885s] -- Up-to-date symlink: /home/rover/kameyama_ws/install/ros2_behavior_tree/lib/ros2_behavior_tree/bt_executor
[60.886s] -- Up-to-date symlink: /home/rover/kameyama_ws/install/ros2_behavior_tree/lib/ros2_behavior_tree/bt_executor_bebop
[60.886s] -- Up-to-date symlink: /home/rover/kameyama_ws/install/ros2_behavior_tree/lib/ros2_behavior_tree/node
[60.886s] -- Up-to-date symlink: /home/rover/kameyama_ws/install/ros2_behavior_tree/lib/ros2_behavior_tree/custom_nodes
[60.886s] -- Up-to-date symlink: /home/rover/kameyama_ws/install/ros2_behavior_tree/lib/ros2_behavior_tree/action_server_node
[60.886s] -- Up-to-date symlink: /home/rover/kameyama_ws/install/ros2_behavior_tree/lib/ros2_behavior_tree/lifecycle_node
[60.886s] -- Up-to-date symlink: /home/rover/kameyama_ws/install/ros2_behavior_tree/lib/ros2_behavior_tree/action_server_lifecycle_node
[60.887s] -- Up-to-date symlink: /home/rover/kameyama_ws/install/ros2_behavior_tree/include//ros2_behavior_tree/action/BWorkNode.hpp
[60.887s] -- Up-to-date symlink: /home/rover/kameyama_ws/install/ros2_behavior_tree/include//ros2_behavior_tree/action/after_pick_node (コピー).hpp
[60.887s] -- Up-to-date symlink: /home/rover/kameyama_ws/install/ros2_behavior_tree/include//ros2_behavior_tree/action/after_pick_node.hpp
[60.888s] -- Up-to-date symlink: /home/rover/kameyama_ws/install/ros2_behavior_tree/include//ros2_behavior_tree/action/approach_node.hpp
[60.888s] -- Up-to-date symlink: /home/rover/kameyama_ws/install/ros2_behavior_tree/include//ros2_behavior_tree/action/async_wait_node.hpp
[60.888s] -- Up-to-date symlink: /home/rover/kameyama_ws/install/ros2_behavior_tree/include//ros2_behavior_tree/action/b_work_node.hpp
[60.888s] -- Up-to-date symlink: /home/rover/kameyama_ws/install/ros2_behavior_tree/include//ros2_behavior_tree/action/before_pick_node.hpp
[60.888s] -- Up-to-date symlink: /home/rover/kameyama_ws/install/ros2_behavior_tree/include//ros2_behavior_tree/action/calculate_and_receive_goal.hpp
[60.888s] -- Up-to-date symlink: /home/rover/kameyama_ws/install/ros2_behavior_tree/include//ros2_behavior_tree/action/calculate_goal (コピー).hpp
[60.889s] -- Up-to-date symlink: /home/rover/kameyama_ws/install/ros2_behavior_tree/include//ros2_behavior_tree/action/calculate_goal.hpp
[60.889s] -- Up-to-date symlink: /home/rover/kameyama_ws/install/ros2_behavior_tree/include//ros2_behavior_tree/action/camera_search.hpp
[60.889s] -- Up-to-date symlink: /home/rover/kameyama_ws/install/ros2_behavior_tree/include//ros2_behavior_tree/action/change_node_status.hpp
[60.889s] -- Up-to-date symlink: /home/rover/kameyama_ws/install/ros2_behavior_tree/include//ros2_behavior_tree/action/compute_path_to_pose_node (コピー).hpp
[60.889s] -- Up-to-date symlink: /home/rover/kameyama_ws/install/ros2_behavior_tree/include//ros2_behavior_tree/action/compute_path_to_pose_node.hpp
[60.889s] -- Up-to-date symlink: /home/rover/kameyama_ws/install/ros2_behavior_tree/include//ros2_behavior_tree/action/create_bt_gen_node.hpp
[60.889s] -- Up-to-date symlink: /home/rover/kameyama_ws/install/ros2_behavior_tree/include//ros2_behavior_tree/action/create_ros2_node.hpp
[60.889s] -- Up-to-date symlink: /home/rover/kameyama_ws/install/ros2_behavior_tree/include//ros2_behavior_tree/action/create_transform_buffer_node.hpp
[60.890s] -- Up-to-date symlink: /home/rover/kameyama_ws/install/ros2_behavior_tree/include//ros2_behavior_tree/action/follow_path_node.hpp
[60.890s] -- Up-to-date symlink: /home/rover/kameyama_ws/install/ros2_behavior_tree/include//ros2_behavior_tree/action/get_obj_node.hpp
[60.890s] -- Up-to-date symlink: /home/rover/kameyama_ws/install/ros2_behavior_tree/include//ros2_behavior_tree/action/get_poses_near_robot_node.hpp
[60.890s] -- Up-to-date symlink: /home/rover/kameyama_ws/install/ros2_behavior_tree/include//ros2_behavior_tree/action/marker_publisher_node.hpp
[60.890s] -- Up-to-date symlink: /home/rover/kameyama_ws/install/ros2_behavior_tree/include//ros2_behavior_tree/action/mecanum_move.hpp
[60.890s] -- Up-to-date symlink: /home/rover/kameyama_ws/install/ros2_behavior_tree/include//ros2_behavior_tree/action/mecanum_search.hpp
[60.890s] -- Up-to-date symlink: /home/rover/kameyama_ws/install/ros2_behavior_tree/include//ros2_behavior_tree/action/mecanum_spin.hpp
[60.890s] -- Up-to-date symlink: /home/rover/kameyama_ws/install/ros2_behavior_tree/include//ros2_behavior_tree/action/move_meca.hpp
[60.891s] -- Up-to-date symlink: /home/rover/kameyama_ws/install/ros2_behavior_tree/include//ros2_behavior_tree/action/navigate_to_pose_action.hpp
[60.891s] -- Up-to-date symlink: /home/rover/kameyama_ws/install/ros2_behavior_tree/include//ros2_behavior_tree/action/path_check_node.hpp
[60.891s] -- Up-to-date symlink: /home/rover/kameyama_ws/install/ros2_behavior_tree/include//ros2_behavior_tree/action/pick_amir.hpp
[60.891s] -- Up-to-date symlink: /home/rover/kameyama_ws/install/ros2_behavior_tree/include//ros2_behavior_tree/action/pick_node (別のコピー).hpp
[60.891s] -- Up-to-date symlink: /home/rover/kameyama_ws/install/ros2_behavior_tree/include//ros2_behavior_tree/action/pick_node.hpp
[60.891s] -- Up-to-date symlink: /home/rover/kameyama_ws/install/ros2_behavior_tree/include//ros2_behavior_tree/action/pick_using_d_optimality.hpp
[60.892s] -- Up-to-date symlink: /home/rover/kameyama_ws/install/ros2_behavior_tree/include//ros2_behavior_tree/action/place_amir.hpp
[60.892s] -- Up-to-date symlink: /home/rover/kameyama_ws/install/ros2_behavior_tree/include//ros2_behavior_tree/action/place_node.hpp
[60.892s] -- Up-to-date symlink: /home/rover/kameyama_ws/install/ros2_behavior_tree/include//ros2_behavior_tree/action/pure_pursuit_node.hpp
[60.892s] -- Up-to-date symlink: /home/rover/kameyama_ws/install/ros2_behavior_tree/include//ros2_behavior_tree/action/search_obj_node.hpp
[60.892s] -- Up-to-date symlink: /home/rover/kameyama_ws/install/ros2_behavior_tree/include//ros2_behavior_tree/action/set_multi_path.hpp
[60.892s] -- Up-to-date symlink: /home/rover/kameyama_ws/install/ros2_behavior_tree/include//ros2_behavior_tree/action/set_obj_cost_node.hpp
[60.892s] -- Up-to-date symlink: /home/rover/kameyama_ws/install/ros2_behavior_tree/include//ros2_behavior_tree/action/set_param (コピー).hpp
[60.892s] -- Up-to-date symlink: /home/rover/kameyama_ws/install/ros2_behavior_tree/include//ros2_behavior_tree/action/set_param.hpp
[60.893s] -- Up-to-date symlink: /home/rover/kameyama_ws/install/ros2_behavior_tree/include//ros2_behavior_tree/action/transform_pose_node.hpp
[60.893s] -- Up-to-date symlink: /home/rover/kameyama_ws/install/ros2_behavior_tree/include//ros2_behavior_tree/action/wait_action.hpp
[60.893s] -- Up-to-date symlink: /home/rover/kameyama_ws/install/ros2_behavior_tree/include//ros2_behavior_tree/behavior_tree.hpp
[60.893s] -- Up-to-date symlink: /home/rover/kameyama_ws/install/ros2_behavior_tree/include//ros2_behavior_tree/bt_action_node.hpp
[60.893s] -- Up-to-date symlink: /home/rover/kameyama_ws/install/ros2_behavior_tree/include//ros2_behavior_tree/bt_conversions.hpp
[60.893s] -- Up-to-date symlink: /home/rover/kameyama_ws/install/ros2_behavior_tree/include//ros2_behavior_tree/bt_service_node.hpp
[60.893s] -- Up-to-date symlink: /home/rover/kameyama_ws/install/ros2_behavior_tree/include//ros2_behavior_tree/bt_status_pub.hpp
[60.894s] -- Up-to-date symlink: /home/rover/kameyama_ws/install/ros2_behavior_tree/include//ros2_behavior_tree/condition/b_work_node.hpp
[60.894s] -- Up-to-date symlink: /home/rover/kameyama_ws/install/ros2_behavior_tree/include//ros2_behavior_tree/condition/can_transform_node.hpp
[60.894s] -- Up-to-date symlink: /home/rover/kameyama_ws/install/ros2_behavior_tree/include//ros2_behavior_tree/condition/check_help.hpp
[60.894s] -- Up-to-date symlink: /home/rover/kameyama_ws/install/ros2_behavior_tree/include//ros2_behavior_tree/condition/check_odom.hpp
[60.894s] -- Up-to-date symlink: /home/rover/kameyama_ws/install/ros2_behavior_tree/include//ros2_behavior_tree/condition/check_path_node.hpp
[60.894s] -- Up-to-date symlink: /home/rover/kameyama_ws/install/ros2_behavior_tree/include//ros2_behavior_tree/condition/check_vel.hpp
[60.894s] -- Up-to-date symlink: /home/rover/kameyama_ws/install/ros2_behavior_tree/include//ros2_behavior_tree/condition/close_to_node.hpp
[60.894s] -- Up-to-date symlink: /home/rover/kameyama_ws/install/ros2_behavior_tree/include//ros2_behavior_tree/condition/goal_updated_condition.hpp
[60.895s] -- Up-to-date symlink: /home/rover/kameyama_ws/install/ros2_behavior_tree/include//ros2_behavior_tree/condition/is_grasped_obj_node.hpp
[60.895s] -- Up-to-date symlink: /home/rover/kameyama_ws/install/ros2_behavior_tree/include//ros2_behavior_tree/condition/is_hand_free_node.hpp
[60.895s] -- Up-to-date symlink: /home/rover/kameyama_ws/install/ros2_behavior_tree/include//ros2_behavior_tree/condition/is_robot_close_node.hpp
[60.895s] -- Up-to-date symlink: /home/rover/kameyama_ws/install/ros2_behavior_tree/include//ros2_behavior_tree/condition/mecanum_check_space.hpp
[60.895s] -- Up-to-date symlink: /home/rover/kameyama_ws/install/ros2_behavior_tree/include//ros2_behavior_tree/condition/mecanum_search2.hpp
[60.895s] -- Up-to-date symlink: /home/rover/kameyama_ws/install/ros2_behavior_tree/include//ros2_behavior_tree/condition/receive_move_meca.hpp
[60.895s] -- Up-to-date symlink: /home/rover/kameyama_ws/install/ros2_behavior_tree/include//ros2_behavior_tree/condition/result_to_coordinate.hpp
[60.895s] -- Up-to-date symlink: /home/rover/kameyama_ws/install/ros2_behavior_tree/include//ros2_behavior_tree/condition/task_clear.hpp
[60.896s] -- Up-to-date symlink: /home/rover/kameyama_ws/install/ros2_behavior_tree/include//ros2_behavior_tree/control/first_result_node.hpp
[60.896s] -- Up-to-date symlink: /home/rover/kameyama_ws/install/ros2_behavior_tree/include//ros2_behavior_tree/control/pipeline_sequence_node.hpp
[60.896s] -- Up-to-date symlink: /home/rover/kameyama_ws/install/ros2_behavior_tree/include//ros2_behavior_tree/control/priority_fallback.hpp
[60.896s] -- Up-to-date symlink: /home/rover/kameyama_ws/install/ros2_behavior_tree/include//ros2_behavior_tree/control/priority_sequence.hpp
[60.896s] -- Up-to-date symlink: /home/rover/kameyama_ws/install/ros2_behavior_tree/include//ros2_behavior_tree/control/recovery_node.hpp
[60.896s] -- Up-to-date symlink: /home/rover/kameyama_ws/install/ros2_behavior_tree/include//ros2_behavior_tree/control/round_robin_node.hpp
[60.896s] -- Up-to-date symlink: /home/rover/kameyama_ws/install/ros2_behavior_tree/include//ros2_behavior_tree/decorator/distance_constraint_node.hpp
[60.897s] -- Up-to-date symlink: /home/rover/kameyama_ws/install/ros2_behavior_tree/include//ros2_behavior_tree/decorator/for_each_pose_node.hpp
[60.897s] -- Up-to-date symlink: /home/rover/kameyama_ws/install/ros2_behavior_tree/include//ros2_behavior_tree/decorator/forever_node.hpp
[60.897s] -- Up-to-date symlink: /home/rover/kameyama_ws/install/ros2_behavior_tree/include//ros2_behavior_tree/decorator/once_node.hpp
[60.897s] -- Up-to-date symlink: /home/rover/kameyama_ws/install/ros2_behavior_tree/include//ros2_behavior_tree/decorator/rate_controller.hpp
[60.897s] -- Up-to-date symlink: /home/rover/kameyama_ws/install/ros2_behavior_tree/include//ros2_behavior_tree/decorator/repeat_until_node.hpp
[60.897s] -- Up-to-date symlink: /home/rover/kameyama_ws/install/ros2_behavior_tree/include//ros2_behavior_tree/decorator/throttle_tick_rate_node.hpp
[60.897s] -- Up-to-date symlink: /home/rover/kameyama_ws/install/ros2_behavior_tree/include//ros2_behavior_tree/decorator/utility_choice.hpp
[60.898s] -- Up-to-date symlink: /home/rover/kameyama_ws/install/ros2_behavior_tree/include//ros2_behavior_tree/node_registrar.hpp
[60.898s] -- Up-to-date symlink: /home/rover/kameyama_ws/install/ros2_behavior_tree/include//ros2_behavior_tree/node_thread.hpp
[60.898s] -- Up-to-date symlink: /home/rover/kameyama_ws/install/ros2_behavior_tree/include//ros2_behavior_tree/ros2_action_client_node.hpp
[60.898s] -- Up-to-date symlink: /home/rover/kameyama_ws/install/ros2_behavior_tree/include//ros2_behavior_tree/ros2_async_service_client_node.hpp
[60.898s] -- Up-to-date symlink: /home/rover/kameyama_ws/install/ros2_behavior_tree/include//ros2_behavior_tree/ros2_service_client_node.hpp
[60.900s] -- Up-to-date symlink: /home/rover/kameyama_ws/install/ros2_behavior_tree/share/ros2_behavior_tree//launch/bt_executor2_launch.py
[60.900s] -- Up-to-date symlink: /home/rover/kameyama_ws/install/ros2_behavior_tree/share/ros2_behavior_tree//launch/bt_executor_anafi_launch.py
[60.900s] -- Up-to-date symlink: /home/rover/kameyama_ws/install/ros2_behavior_tree/share/ros2_behavior_tree//launch/bt_executor_bebop_launch.py
[60.900s] -- Up-to-date symlink: /home/rover/kameyama_ws/install/ros2_behavior_tree/share/ros2_behavior_tree//launch/bt_executor_launch.py
[60.900s] -- Up-to-date symlink: /home/rover/kameyama_ws/install/ros2_behavior_tree/share/ros2_behavior_tree//launch/bt_executor_mecanum_launch.py
[60.901s] -- Up-to-date symlink: /home/rover/kameyama_ws/install/ros2_behavior_tree/share/ros2_behavior_tree//launch/bt_executor_youbot_launch.py
[60.901s] -- Up-to-date symlink: /home/rover/kameyama_ws/install/ros2_behavior_tree/share/ros2_behavior_tree//launch/bt_generator_launch.py
[60.901s] -- Up-to-date symlink: /home/rover/kameyama_ws/install/ros2_behavior_tree/share/ros2_behavior_tree//launch/set_cost_around_point_launch.py
[60.901s] -- Up-to-date symlink: /home/rover/kameyama_ws/install/ros2_behavior_tree/share/ros2_behavior_tree//config/bt_nodes.yaml
[60.901s] -- Up-to-date symlink: /home/rover/kameyama_ws/install/ros2_behavior_tree/share/ros2_behavior_tree//config/bt_nodes2.yaml
[60.902s] -- Up-to-date symlink: /home/rover/kameyama_ws/install/ros2_behavior_tree/share/ros2_behavior_tree//config/bt_nodes_mecanum1.yaml
[60.902s] -- Up-to-date symlink: /home/rover/kameyama_ws/install/ros2_behavior_tree/share/ros2_behavior_tree//config/bt_nodes_youbot.yaml
[60.902s] -- Up-to-date symlink: /home/rover/kameyama_ws/install/ros2_behavior_tree/lib/libros2_behavior_tree.so
[60.902s] -- Up-to-date symlink: /home/rover/kameyama_ws/install/ros2_behavior_tree/lib/libcustom_test_nodes.so
[60.902s] -- Up-to-date symlink: /home/rover/kameyama_ws/install/ros2_behavior_tree/share/ros2_behavior_tree/environment/library_path.sh
[60.902s] -- Up-to-date symlink: /home/rover/kameyama_ws/install/ros2_behavior_tree/share/ros2_behavior_tree/environment/library_path.dsv
[60.903s] -- Up-to-date symlink: /home/rover/kameyama_ws/install/ros2_behavior_tree/share/ament_index/resource_index/package_run_dependencies/ros2_behavior_tree
[60.903s] -- Up-to-date symlink: /home/rover/kameyama_ws/install/ros2_behavior_tree/share/ament_index/resource_index/parent_prefix_path/ros2_behavior_tree
[60.903s] -- Up-to-date symlink: /home/rover/kameyama_ws/install/ros2_behavior_tree/share/ros2_behavior_tree/environment/ament_prefix_path.sh
[60.903s] -- Up-to-date symlink: /home/rover/kameyama_ws/install/ros2_behavior_tree/share/ros2_behavior_tree/environment/ament_prefix_path.dsv
[60.903s] -- Up-to-date symlink: /home/rover/kameyama_ws/install/ros2_behavior_tree/share/ros2_behavior_tree/environment/path.sh
[60.904s] -- Up-to-date symlink: /home/rover/kameyama_ws/install/ros2_behavior_tree/share/ros2_behavior_tree/environment/path.dsv
[60.904s] -- Up-to-date symlink: /home/rover/kameyama_ws/install/ros2_behavior_tree/share/ros2_behavior_tree/local_setup.bash
[60.904s] -- Up-to-date symlink: /home/rover/kameyama_ws/install/ros2_behavior_tree/share/ros2_behavior_tree/local_setup.sh
[60.904s] -- Up-to-date symlink: /home/rover/kameyama_ws/install/ros2_behavior_tree/share/ros2_behavior_tree/local_setup.zsh
[60.904s] -- Up-to-date symlink: /home/rover/kameyama_ws/install/ros2_behavior_tree/share/ros2_behavior_tree/local_setup.dsv
[60.904s] -- Symlinking: /home/rover/kameyama_ws/install/ros2_behavior_tree/share/ros2_behavior_tree/package.dsv
[60.914s] -- Up-to-date symlink: /home/rover/kameyama_ws/install/ros2_behavior_tree/share/ament_index/resource_index/packages/ros2_behavior_tree
[60.915s] -- Up-to-date symlink: /home/rover/kameyama_ws/install/ros2_behavior_tree/share/ros2_behavior_tree/cmake/ament_cmake_export_include_directories-extras.cmake
[60.915s] -- Up-to-date symlink: /home/rover/kameyama_ws/install/ros2_behavior_tree/share/ros2_behavior_tree/cmake/ament_cmake_export_libraries-extras.cmake
[60.915s] -- Up-to-date symlink: /home/rover/kameyama_ws/install/ros2_behavior_tree/share/ros2_behavior_tree/cmake/ament_cmake_export_dependencies-extras.cmake
[60.915s] -- Up-to-date symlink: /home/rover/kameyama_ws/install/ros2_behavior_tree/share/ros2_behavior_tree/cmake/ros2_behavior_treeConfig.cmake
[60.915s] -- Up-to-date symlink: /home/rover/kameyama_ws/install/ros2_behavior_tree/share/ros2_behavior_tree/cmake/ros2_behavior_treeConfig-version.cmake
[60.915s] -- Up-to-date symlink: /home/rover/kameyama_ws/install/ros2_behavior_tree/share/ros2_behavior_tree/package.xml
[60.917s] Invoked command in '/home/rover/kameyama_ws/build/ros2_behavior_tree' returned '0': AMENT_PREFIX_PATH=/home/rover/kameyama_ws/install/failure_detection_msgs:/home/rover/kameyama_ws/install/observation_msgs:/home/rover/kameyama_ws/install/my_nav_msgs:/home/rover/kameyama_ws/install/behavior_tree_msgs:${AMENT_PREFIX_PATH} CMAKE_PREFIX_PATH=/home/rover/kameyama_ws/install/failure_detection_msgs:/home/rover/kameyama_ws/install/observation_msgs:/home/rover/kameyama_ws/install/my_nav_msgs:/home/rover/kameyama_ws/install/behavior_tree_msgs:/home/rover/ros2_ws/install/ydlidar_ros2_driver:/home/rover/ros2_ws/install/vs_rover_options_description:/home/rover/ros2_ws/install/realsense2_description:/home/rover/ros2_ws/install/realsense2_camera:/home/rover/ros2_ws/install/realsense2_camera_msgs:/home/rover/ros2_ws/install/megarover3:/home/rover/ros2_ws/install/megarover_description:/home/rover/ros2_ws/install/megarover3_bringup:/home/rover/ros2_ws/install/mecanumrover3:/home/rover/ros2_ws/install/mecanumrover_description:/home/rover/ros2_ws/install/mecanumrover3_bringup:/home/rover/ros2_ws/install/fwdsrover_xna:/home/rover/ros2_ws/install/fwdsrover_xna_bringup:/home/rover/ros2_ws/install/amir:/home/rover/ros2_ws/install/amir_moveit_config:/home/rover/ros2_ws/install/amir_driver:/home/rover/ros2_ws/install/amir_interfaces:/home/rover/ros2_ws/install/amir_bringup:/home/rover/ros2_ws/install/amir_description:/home/rover/amir_basic_ws/install/image_pipeline:/home/rover/amir_basic_ws/install/stereo_image_proc:/home/rover/amir_basic_ws/install/image_proc:/home/rover/amir_basic_ws/install/tracetools_image_pipeline:/home/rover/amir_basic_ws/install/micro_ros_setup:/home/rover/amir_basic_ws/install/micro_ros_agent:/home/rover/amir_basic_ws/install/micro_ros_msgs:/home/rover/amir_basic_ws/install/image_view:/home/rover/amir_basic_ws/install/image_rotate:/home/rover/amir_basic_ws/install/image_publisher:/home/rover/amir_basic_ws/install/depth_image_proc:/home/rover/amir_basic_ws/install/darknet_ros:/home/rover/amir_basic_ws/install/darknet_ros_msgs:/home/rover/amir_basic_ws/install/behaviortree_cpp:/home/rover/amir_basic_ws/install/amir_interfaces:/home/rover/amir_basic_ws/install/camera_calibration:/opt/ros/humble LD_LIBRARY_PATH=/home/rover/kameyama_ws/install/failure_detection_msgs/lib:/home/rover/kameyama_ws/install/observation_msgs/lib:/home/rover/kameyama_ws/install/my_nav_msgs/lib:/home/rover/kameyama_ws/install/behavior_tree_msgs/lib:${LD_LIBRARY_PATH} PYTHONPATH=/home/rover/kameyama_ws/install/failure_detection_msgs/local/lib/python3.10/dist-packages:/home/rover/kameyama_ws/install/observation_msgs/local/lib/python3.10/dist-packages:/home/rover/kameyama_ws/install/my_nav_msgs/local/lib/python3.10/dist-packages:/home/rover/kameyama_ws/install/behavior_tree_msgs/local/lib/python3.10/dist-packages:${PYTHONPATH} /usr/bin/cmake --install /home/rover/kameyama_ws/build/ros2_behavior_tree
