[0.817s] Invoking command in '/home/rover/kameyama_ws/build/ros2_behavior_tree': AMENT_PREFIX_PATH=/home/rover/kameyama_ws/install/failure_detection_msgs:/home/rover/kameyama_ws/install/observation_msgs:/home/rover/kameyama_ws/install/my_nav_msgs:/home/rover/kameyama_ws/install/behavior_tree_msgs:${AMENT_PREFIX_PATH} CMAKE_PREFIX_PATH=/home/rover/kameyama_ws/install/failure_detection_msgs:/home/rover/kameyama_ws/install/observation_msgs:/home/rover/kameyama_ws/install/my_nav_msgs:/home/rover/kameyama_ws/install/behavior_tree_msgs:/home/rover/amir_basic_ws/install/image_pipeline:/home/rover/amir_basic_ws/install/stereo_image_proc:/home/rover/amir_basic_ws/install/image_proc:/home/rover/amir_basic_ws/install/tracetools_image_pipeline:/home/rover/amir_basic_ws/install/nav2_system_tests:/home/rover/amir_basic_ws/install/nav2_bringup:/home/rover/amir_basic_ws/install/navigation2:/home/rover/amir_basic_ws/install/nav2_smoother:/home/rover/amir_basic_ws/install/nav2_graceful_controller:/home/rover/amir_basic_ws/install/nav2_dwb_controller:/home/rover/amir_basic_ws/install/nav2_controller:/home/rover/amir_basic_ws/install/dwb_plugins:/home/rover/amir_basic_ws/install/dwb_critics:/home/rover/amir_basic_ws/install/dwb_core:/home/rover/amir_basic_ws/install/nav_2d_utils:/home/rover/amir_basic_ws/install/dwb_msgs:/home/rover/amir_basic_ws/install/nav_2d_msgs:/home/rover/amir_basic_ws/install/nav2_waypoint_follower:/home/rover/amir_basic_ws/install/nav2_theta_star_planner:/home/rover/amir_basic_ws/install/nav2_smac_planner:/home/rover/amir_basic_ws/install/nav2_rotation_shim_controller:/home/rover/amir_basic_ws/install/nav2_regulated_pure_pursuit_controller:/home/rover/amir_basic_ws/install/nav2_planner:/home/rover/amir_basic_ws/install/nav2_navfn_planner:/home/rover/amir_basic_ws/install/nav2_mppi_controller:/home/rover/amir_basic_ws/install/nav2_constrained_smoother:/home/rover/amir_basic_ws/install/nav2_bt_navigator:/home/rover/amir_basic_ws/install/nav2_behaviors:/home/rover/amir_basic_ws/install/nav2_core:/home/rover/amir_basic_ws/install/nav2_collision_monitor:/home/rover/amir_basic_ws/install/costmap_queue:/home/rover/amir_basic_ws/install/nav2_costmap_2d:/home/rover/amir_basic_ws/install/nav2_voxel_grid:/home/rover/amir_basic_ws/install/nav2_velocity_smoother:/home/rover/amir_basic_ws/install/nav2_rviz_plugins:/home/rover/amir_basic_ws/install/nav2_map_server:/home/rover/amir_basic_ws/install/nav2_lifecycle_manager:/home/rover/amir_basic_ws/install/nav2_behavior_tree:/home/rover/amir_basic_ws/install/nav2_amcl:/home/rover/amir_basic_ws/install/nav2_util:/home/rover/amir_basic_ws/install/nav2_msgs:/home/rover/amir_basic_ws/install/nav2_common:/home/rover/amir_basic_ws/install/micro_ros_setup:/home/rover/amir_basic_ws/install/micro_ros_agent:/home/rover/amir_basic_ws/install/micro_ros_msgs:/home/rover/amir_basic_ws/install/image_view:/home/rover/amir_basic_ws/install/image_rotate:/home/rover/amir_basic_ws/install/image_publisher:/home/rover/amir_basic_ws/install/depth_image_proc:/home/rover/amir_basic_ws/install/darknet_ros:/home/rover/amir_basic_ws/install/darknet_ros_msgs:/home/rover/amir_basic_ws/install/behaviortree_cpp:/home/rover/amir_basic_ws/install/amir_interfaces:/home/rover/amir_basic_ws/install/nav2_simple_commander:/home/rover/amir_basic_ws/install/camera_calibration:/opt/ros/humble LD_LIBRARY_PATH=/home/rover/kameyama_ws/install/failure_detection_msgs/lib:/home/rover/kameyama_ws/install/observation_msgs/lib:/home/rover/kameyama_ws/install/my_nav_msgs/lib:/home/rover/kameyama_ws/install/behavior_tree_msgs/lib:${LD_LIBRARY_PATH} PYTHONPATH=/home/rover/kameyama_ws/install/failure_detection_msgs/local/lib/python3.10/dist-packages:/home/rover/kameyama_ws/install/observation_msgs/local/lib/python3.10/dist-packages:/home/rover/kameyama_ws/install/my_nav_msgs/local/lib/python3.10/dist-packages:/home/rover/kameyama_ws/install/behavior_tree_msgs/local/lib/python3.10/dist-packages:${PYTHONPATH} /usr/bin/cmake --build /home/rover/kameyama_ws/build/ros2_behavior_tree -- -j12 -l12
[0.954s] [  4%] Built target gtest
[0.957s] [  8%] Built target gtest_main
[0.972s] [ 10%] [32mBuilding CXX object CMakeFiles/ros2_behavior_tree.dir/src/bt_status_pub.cpp.o[0m
[0.975s] [ 12%] [32m[1mLinking CXX shared library libexample_custom_nodes.so[0m
[0.981s] [ 14%] [32mBuilding CXX object CMakeFiles/ros2_behavior_tree.dir/src/behavior_tree.cpp.o[0m
[0.996s] [ 17%] [32m[1mLinking CXX shared library libcustom_test_nodes.so[0m
[1.004s] [ 19%] [32mBuilding CXX object CMakeFiles/ros2_behavior_tree_nodes.dir/src/node_registrar.cpp.o[0m
[1.536s] [ 21%] Built target example_custom_nodes
[1.700s] In file included from [01m[K/home/rover/kameyama_ws/src/ros2_behavior_tree/ros2_behavior_tree/include/ros2_behavior_tree/action/create_transform_buffer_node.hpp:27[m[K,
[1.700s]                  from [01m[K/home/rover/kameyama_ws/src/ros2_behavior_tree/ros2_behavior_tree/src/node_registrar.cpp:22[m[K:
[1.700s] [01m[K/opt/ros/humble/include/tf2_geometry_msgs/tf2_geometry_msgs/tf2_geometry_msgs.h:35:2:[m[K [01;35m[Kwarning: [m[K#warning This header is obsolete, please include tf2_geometry_msgs/tf2_geometry_msgs.hpp instead [[01;35m[K]8;;https://gcc.gnu.org/onlinedocs/gcc/Warning-Options.html#index-Wcpp-Wcpp]8;;[m[K]
[1.700s]    35 | #[01;35m[Kwarning[m[K This header is obsolete, please include tf2_geometry_msgs/tf2_geometry_msgs.hpp instead
[1.700s]       |  [01;35m[K^~~~~~~[m[K
[1.775s] [ 23%] Built target custom_test_nodes
[5.295s] [ 25%] [32m[1mLinking CXX shared library libros2_behavior_tree.so[0m
[5.523s] [ 25%] Built target ros2_behavior_tree
[5.571s] [ 27%] [32mBuilding CXX object CMakeFiles/bt_executor.dir/src/bt_executor.cpp.o[0m
[5.571s] [ 29%] [32mBuilding CXX object CMakeFiles/node.dir/examples/node/sample_node.cpp.o[0m
[5.575s] [ 31%] [32mBuilding CXX object CMakeFiles/node.dir/examples/node/main.cpp.o[0m
[5.575s] [ 34%] [32mBuilding CXX object CMakeFiles/bt_executor_bebop.dir/src/bt_executor_bebop.cpp.o[0m
[5.575s] [ 36%] [32mBuilding CXX object CMakeFiles/lifecycle_node.dir/examples/lifecycle_node/main.cpp.o[0m
[5.575s] [ 40%] [32mBuilding CXX object CMakeFiles/minimal.dir/examples/minimal/main.cpp.o[0m
[5.576s] [ 40%] [32mBuilding CXX object CMakeFiles/lifecycle_node.dir/examples/lifecycle_node/sample_lifecycle_node.cpp.o[0m
[5.576s] [ 42%] [32mBuilding CXX object CMakeFiles/action_server_node.dir/examples/action_server_node/main.cpp.o[0m
[5.580s] [ 44%] [32mBuilding CXX object CMakeFiles/custom_nodes.dir/examples/custom_nodes/main.cpp.o[0m
[5.586s] [ 46%] [32mBuilding CXX object CMakeFiles/action_server_node.dir/examples/action_server_node/sample_action_server_node.cpp.o[0m
[5.593s] [ 48%] [32mBuilding CXX object CMakeFiles/action_server_lifecycle_node.dir/examples/action_server_lifecycle_node/main.cpp.o[0m
[9.610s] [ 51%] [32mBuilding CXX object CMakeFiles/action_server_lifecycle_node.dir/examples/action_server_lifecycle_node/sample_action_server_lifecycle_node.cpp.o[0m
[9.636s] [ 53%] [32mBuilding CXX object CMakeFiles/custom_nodes.dir/examples/custom_nodes/sample_node.cpp.o[0m
[10.079s] [ 55%] [32m[1mLinking CXX executable minimal[0m
[10.548s] [ 57%] [32m[1mLinking CXX executable node[0m
[10.617s] [ 59%] [32m[1mLinking CXX executable lifecycle_node[0m
[10.632s] [ 59%] Built target minimal
[10.858s] [ 61%] [32m[1mLinking CXX executable action_server_node[0m
[10.885s] [ 61%] Built target node
[11.110s] [ 61%] Built target lifecycle_node
[11.300s] [ 61%] Built target action_server_node
[12.847s] [ 63%] [32m[1mLinking CXX executable custom_nodes[0m
[13.178s] [ 63%] Built target custom_nodes
[13.579s] [ 65%] [32m[1mLinking CXX executable action_server_lifecycle_node[0m
[13.930s] [ 65%] Built target action_server_lifecycle_node
[16.659s] [ 68%] [32m[1mLinking CXX executable bt_executor[0m
[16.853s] [ 70%] [32m[1mLinking CXX executable bt_executor_bebop[0m
[17.788s] [ 70%] Built target bt_executor
[17.913s] [ 70%] Built target bt_executor_bebop
[19.603s] In file included from [01m[K/home/rover/kameyama_ws/src/ros2_behavior_tree/ros2_behavior_tree/src/node_registrar.cpp:79[m[K:
[19.603s] [01m[K/home/rover/kameyama_ws/src/ros2_behavior_tree/ros2_behavior_tree/include/ros2_behavior_tree/condition/mecanum_check_space.hpp:[m[K In member function ‘[01m[Kvirtual BT::NodeStatus ros2_behavior_tree::MecanumCheckSpace::tick()[m[K’:
[19.603s] [01m[K/home/rover/kameyama_ws/src/ros2_behavior_tree/ros2_behavior_tree/include/ros2_behavior_tree/condition/mecanum_check_space.hpp:262:3:[m[K [01;35m[Kwarning: [m[Kcontrol reaches end of non-void function [[01;35m[K]8;;https://gcc.gnu.org/onlinedocs/gcc/Warning-Options.html#index-Wreturn-type-Wreturn-type]8;;[m[K]
[19.603s]   262 |   [01;35m[K}[m[K
[19.603s]       |   [01;35m[K^[m[K
[33.557s] [ 72%] [32m[1mLinking CXX shared library libros2_behavior_tree_nodes.so[0m
[36.879s] [ 74%] Built target ros2_behavior_tree_nodes
[36.914s] [ 78%] [32mBuilding CXX object tests/CMakeFiles/test_ros2_service_client.dir/test_ros2_service_client.cpp.o[0m
[36.914s] [ 78%] [32m[1mLinking CXX executable test_ros2_behavior_tree_nodes[0m
[36.916s] [ 80%] [32mBuilding CXX object tests/CMakeFiles/test_ros2_action_client.dir/test_ros2_action_client.cpp.o[0m
[37.402s] [ 95%] Built target test_ros2_behavior_tree_nodes
[41.111s] [ 97%] [32m[1mLinking CXX executable test_ros2_service_client[0m
[41.490s] [100%] [32m[1mLinking CXX executable test_ros2_action_client[0m
[41.729s] [100%] Built target test_ros2_service_client
[42.108s] [100%] Built target test_ros2_action_client
