[0.037s] Invoking command in '/home/rover/kameyama_ws/build/my_utility': CMAKE_PREFIX_PATH=${CMAKE_PREFIX_PATH}:/home/rover/amir_basic_ws/install/nav2_simple_commander:/home/rover/amir_basic_ws/install/camera_calibration:/opt/ros/humble /usr/bin/cmake --build /home/rover/kameyama_ws/build/my_utility -- -j12 -l12
[0.527s] [100%] Built target odom_tf2_broadcaster
[0.532s] Invoked command in '/home/rover/kameyama_ws/build/my_utility' returned '0': CMAKE_PREFIX_PATH=${CMAKE_PREFIX_PATH}:/home/rover/amir_basic_ws/install/nav2_simple_commander:/home/rover/amir_basic_ws/install/camera_calibration:/opt/ros/humble /usr/bin/cmake --build /home/rover/kameyama_ws/build/my_utility -- -j12 -l12
[0.534s] Invoking command in '/home/rover/kameyama_ws/build/my_utility': CMAKE_PREFIX_PATH=${CMAKE_PREFIX_PATH}:/home/rover/amir_basic_ws/install/nav2_simple_commander:/home/rover/amir_basic_ws/install/camera_calibration:/opt/ros/humble /usr/bin/cmake --install /home/rover/kameyama_ws/build/my_utility
[0.556s] -- Install configuration: ""
[0.557s] -- Execute custom install script
[0.557s] -- Up-to-date symlink: /home/rover/kameyama_ws/install/my_utility/lib/my_utility/odom_tf2_broadcaster
[0.558s] -- Up-to-date symlink: /home/rover/kameyama_ws/install/my_utility/share/my_utility//launch/odom_tf2_broadcaster.launch.py
[0.561s] -- Up-to-date symlink: /home/rover/kameyama_ws/install/my_utility/share/ament_index/resource_index/package_run_dependencies/my_utility
[0.561s] -- Up-to-date symlink: /home/rover/kameyama_ws/install/my_utility/share/ament_index/resource_index/parent_prefix_path/my_utility
[0.567s] -- Up-to-date symlink: /home/rover/kameyama_ws/install/my_utility/share/my_utility/environment/ament_prefix_path.sh
[0.568s] -- Up-to-date symlink: /home/rover/kameyama_ws/install/my_utility/share/my_utility/environment/ament_prefix_path.dsv
[0.568s] -- Up-to-date symlink: /home/rover/kameyama_ws/install/my_utility/share/my_utility/environment/path.sh
[0.568s] -- Up-to-date symlink: /home/rover/kameyama_ws/install/my_utility/share/my_utility/environment/path.dsv
[0.568s] -- Up-to-date symlink: /home/rover/kameyama_ws/install/my_utility/share/my_utility/local_setup.bash
[0.569s] -- Up-to-date symlink: /home/rover/kameyama_ws/install/my_utility/share/my_utility/local_setup.sh
[0.569s] -- Up-to-date symlink: /home/rover/kameyama_ws/install/my_utility/share/my_utility/local_setup.zsh
[0.569s] -- Up-to-date symlink: /home/rover/kameyama_ws/install/my_utility/share/my_utility/local_setup.dsv
[0.570s] -- Symlinking: /home/rover/kameyama_ws/install/my_utility/share/my_utility/package.dsv
[0.602s] -- Up-to-date symlink: /home/rover/kameyama_ws/install/my_utility/share/ament_index/resource_index/packages/my_utility
[0.602s] -- Up-to-date symlink: /home/rover/kameyama_ws/install/my_utility/share/my_utility/cmake/my_utilityConfig.cmake
[0.603s] -- Up-to-date symlink: /home/rover/kameyama_ws/install/my_utility/share/my_utility/cmake/my_utilityConfig-version.cmake
[0.605s] -- Up-to-date symlink: /home/rover/kameyama_ws/install/my_utility/share/my_utility/package.xml
[0.647s] Invoked command in '/home/rover/kameyama_ws/build/my_utility' returned '0': CMAKE_PREFIX_PATH=${CMAKE_PREFIX_PATH}:/home/rover/amir_basic_ws/install/nav2_simple_commander:/home/rover/amir_basic_ws/install/camera_calibration:/opt/ros/humble /usr/bin/cmake --install /home/rover/kameyama_ws/build/my_utility
