[0.054s] Invoking command in '/home/rover/kameyama_ws/build/line_msg': CMAKE_PREFIX_PATH=${CMAKE_PREFIX_PATH}:/home/rover/kameyama_ws/install/ros2_aruco:/home/rover/kameyama_ws/install/failure_detection:/home/rover/kameyama_ws/install/bt_generator:/home/rover/amir_basic_ws/install/nav2_simple_commander:/home/rover/amir_basic_ws/install/camera_calibration:/opt/ros/humble /usr/bin/cmake --build /home/rover/kameyama_ws/build/line_msg -- -j12 -l12
[0.974s] [  3%] Built target line_msg__cpp
[0.974s] [ 12%] Built target line_msg__rosidl_generator_c
[0.974s] [ 12%] Built target ament_cmake_python_symlink_line_msg
[0.974s] [ 22%] Built target line_msg__rosidl_typesupport_fastrtps_cpp
[0.974s] [ 32%] Built target line_msg__rosidl_typesupport_cpp
[0.974s] [ 51%] Built target line_msg__rosidl_typesupport_introspection_cpp
[0.974s] [ 51%] Built target line_msg__rosidl_typesupport_fastrtps_c
[0.974s] [ 61%] Built target line_msg__rosidl_typesupport_c
[0.974s] [ 70%] Built target line_msg__rosidl_typesupport_introspection_c
[0.974s] [ 70%] Built target line_msg
[0.974s] [ 74%] Built target line_msg__py
[0.974s] [ 80%] Built target line_msg__rosidl_generator_py
[0.974s] [ 87%] Built target line_msg__rosidl_typesupport_introspection_c__pyext
[0.974s] [ 93%] Built target line_msg__rosidl_typesupport_fastrtps_c__pyext
[0.974s] [100%] Built target line_msg__rosidl_typesupport_c__pyext
[0.974s] running egg_info
[0.976s] writing line_msg.egg-info/PKG-INFO
[0.988s] writing dependency_links to line_msg.egg-info/dependency_links.txt
[1.252s] writing top-level names to line_msg.egg-info/top_level.txt
[1.336s] reading manifest file 'line_msg.egg-info/SOURCES.txt'
[1.336s] writing manifest file 'line_msg.egg-info/SOURCES.txt'
[1.375s] gmake[1]: *** [CMakeFiles/Makefile2:448: CMakeFiles/ament_cmake_python_build_line_msg_egg.dir/all] 割り込み
[1.375s] gmake: *** [Makefile:146: all] 割り込み
