[0.114s] Invoking command in '/home/rover/kameyama_ws/build/slam_toolbox': CMAKE_PREFIX_PATH=${CMAKE_PREFIX_PATH}:/home/rover/kameyama_ws/install/ros2_aruco:/home/rover/kameyama_ws/install/failure_detection:/home/rover/kameyama_ws/install/bt_generator:/home/rover/amir_basic_ws/install/nav2_simple_commander:/home/rover/amir_basic_ws/install/camera_calibration:/opt/ros/humble /usr/bin/cmake --build /home/rover/kameyama_ws/build/slam_toolbox -- -j12 -l12
[0.212s] [  9%] Built target slam_toolbox__rosidl_generator_c
[0.213s] [ 10%] Built target slam_toolbox__cpp
[0.228s] [ 12%] Built target kartoSlamToolbox
[0.233s] [ 12%] Built target ament_cmake_python_symlink_slam_toolbox
[0.269s] [ 20%] Built target slam_toolbox__rosidl_typesupport_c
[0.272s] [ 29%] Built target slam_toolbox__rosidl_typesupport_fastrtps_c
[0.277s] [ 37%] Built target slam_toolbox__rosidl_typesupport_cpp
[0.278s] [ 46%] Built target slam_toolbox__rosidl_typesupport_fastrtps_cpp
[0.281s] [ 54%] Built target slam_toolbox__rosidl_typesupport_introspection_c
[0.283s] [ 62%] Built target slam_toolbox__rosidl_typesupport_introspection_cpp
[0.370s] [ 62%] Built target slam_toolbox
[0.389s] [ 64%] Built target SlamToolboxPlugin
[0.419s] [ 66%] Built target ceres_solver_plugin
[0.428s] [ 71%] Built target toolbox_common
[0.440s] [ 71%] Built target slam_toolbox__py
[0.492s] [ 79%] Built target slam_toolbox__rosidl_generator_py
[0.495s] [ 84%] Built target sync_slam_toolbox
[0.495s] [ 84%] Built target merge_maps_kinematic
[0.497s] [ 84%] Built target lifelong_slam_toolbox
[0.497s] [ 86%] Built target async_slam_toolbox
[0.522s] [ 87%] Built target localization_slam_toolbox
[0.543s] [ 88%] Built target slam_toolbox__rosidl_typesupport_fastrtps_c__pyext
[0.549s] [ 90%] Built target slam_toolbox__rosidl_typesupport_introspection_c__pyext
[0.557s] [ 94%] Built target lifelong_slam_toolbox_node
[0.557s] [ 94%] Built target slam_toolbox__rosidl_typesupport_c__pyext
[0.563s] [ 95%] Built target sync_slam_toolbox_node
[0.563s] [ 96%] Built target async_slam_toolbox_node
[0.581s] [ 98%] Built target localization_slam_toolbox_node
[0.581s] [ 99%] Built target map_and_localization_slam_toolbox
[0.625s] [100%] Built target map_and_localization_slam_toolbox_node
[0.791s] running egg_info
[0.826s] writing slam_toolbox.egg-info/PKG-INFO
[0.850s] writing dependency_links to slam_toolbox.egg-info/dependency_links.txt
[0.991s] writing top-level names to slam_toolbox.egg-info/top_level.txt
[1.046s] reading manifest file 'slam_toolbox.egg-info/SOURCES.txt'
[1.046s] writing manifest file 'slam_toolbox.egg-info/SOURCES.txt'
[1.086s] [100%] Built target ament_cmake_python_build_slam_toolbox_egg
[1.102s] Invoked command in '/home/rover/kameyama_ws/build/slam_toolbox' returned '0': CMAKE_PREFIX_PATH=${CMAKE_PREFIX_PATH}:/home/rover/kameyama_ws/install/ros2_aruco:/home/rover/kameyama_ws/install/failure_detection:/home/rover/kameyama_ws/install/bt_generator:/home/rover/amir_basic_ws/install/nav2_simple_commander:/home/rover/amir_basic_ws/install/camera_calibration:/opt/ros/humble /usr/bin/cmake --build /home/rover/kameyama_ws/build/slam_toolbox -- -j12 -l12
[1.103s] Invoking command in '/home/rover/kameyama_ws/build/slam_toolbox': CMAKE_PREFIX_PATH=${CMAKE_PREFIX_PATH}:/home/rover/kameyama_ws/install/ros2_aruco:/home/rover/kameyama_ws/install/failure_detection:/home/rover/kameyama_ws/install/bt_generator:/home/rover/amir_basic_ws/install/nav2_simple_commander:/home/rover/amir_basic_ws/install/camera_calibration:/opt/ros/humble /usr/bin/cmake --install /home/rover/kameyama_ws/build/slam_toolbox
[1.114s] -- Install configuration: "Release"
[1.114s] -- Execute custom install script
[1.114s] -- Up-to-date symlink: /home/rover/kameyama_ws/install/slam_toolbox/include//karto_sdk/Karto.h
[1.115s] -- Up-to-date symlink: /home/rover/kameyama_ws/install/slam_toolbox/include//karto_sdk/Macros.h
[1.115s] -- Up-to-date symlink: /home/rover/kameyama_ws/install/slam_toolbox/include//karto_sdk/Mapper.h
[1.115s] -- Up-to-date symlink: /home/rover/kameyama_ws/install/slam_toolbox/include//karto_sdk/Math.h
[1.115s] -- Up-to-date symlink: /home/rover/kameyama_ws/install/slam_toolbox/include//karto_sdk/Types.h
[1.115s] -- Up-to-date symlink: /home/rover/kameyama_ws/install/slam_toolbox/include//karto_sdk/nanoflann.hpp
[1.115s] -- Up-to-date symlink: /home/rover/kameyama_ws/install/slam_toolbox/include//karto_sdk/nanoflann_adaptors.h
[1.115s] -- Up-to-date symlink: /home/rover/kameyama_ws/install/slam_toolbox/share/ament_index/resource_index/rosidl_interfaces/slam_toolbox
[1.115s] -- Up-to-date symlink: /home/rover/kameyama_ws/install/slam_toolbox/include/slam_toolbox/slam_toolbox/msg/rosidl_generator_c__visibility_control.h
[1.115s] -- Up-to-date symlink: /home/rover/kameyama_ws/install/slam_toolbox/include/slam_toolbox/slam_toolbox/srv/add_submap.h
[1.116s] -- Up-to-date symlink: /home/rover/kameyama_ws/install/slam_toolbox/include/slam_toolbox/slam_toolbox/srv/clear.h
[1.116s] -- Up-to-date symlink: /home/rover/kameyama_ws/install/slam_toolbox/include/slam_toolbox/slam_toolbox/srv/clear_queue.h
[1.116s] -- Up-to-date symlink: /home/rover/kameyama_ws/install/slam_toolbox/include/slam_toolbox/slam_toolbox/srv/deserialize_pose_graph.h
[1.116s] -- Up-to-date symlink: /home/rover/kameyama_ws/install/slam_toolbox/include/slam_toolbox/slam_toolbox/srv/detail/add_submap__functions.h
[1.116s] -- Up-to-date symlink: /home/rover/kameyama_ws/install/slam_toolbox/include/slam_toolbox/slam_toolbox/srv/detail/add_submap__struct.h
[1.116s] -- Up-to-date symlink: /home/rover/kameyama_ws/install/slam_toolbox/include/slam_toolbox/slam_toolbox/srv/detail/add_submap__type_support.h
[1.116s] -- Up-to-date symlink: /home/rover/kameyama_ws/install/slam_toolbox/include/slam_toolbox/slam_toolbox/srv/detail/clear__functions.h
[1.116s] -- Up-to-date symlink: /home/rover/kameyama_ws/install/slam_toolbox/include/slam_toolbox/slam_toolbox/srv/detail/clear__struct.h
[1.116s] -- Up-to-date symlink: /home/rover/kameyama_ws/install/slam_toolbox/include/slam_toolbox/slam_toolbox/srv/detail/clear__type_support.h
[1.116s] -- Up-to-date symlink: /home/rover/kameyama_ws/install/slam_toolbox/include/slam_toolbox/slam_toolbox/srv/detail/clear_queue__functions.h
[1.116s] -- Up-to-date symlink: /home/rover/kameyama_ws/install/slam_toolbox/include/slam_toolbox/slam_toolbox/srv/detail/clear_queue__struct.h
[1.116s] -- Up-to-date symlink: /home/rover/kameyama_ws/install/slam_toolbox/include/slam_toolbox/slam_toolbox/srv/detail/clear_queue__type_support.h
[1.116s] -- Up-to-date symlink: /home/rover/kameyama_ws/install/slam_toolbox/include/slam_toolbox/slam_toolbox/srv/detail/deserialize_pose_graph__functions.h
[1.116s] -- Up-to-date symlink: /home/rover/kameyama_ws/install/slam_toolbox/include/slam_toolbox/slam_toolbox/srv/detail/deserialize_pose_graph__struct.h
[1.117s] -- Up-to-date symlink: /home/rover/kameyama_ws/install/slam_toolbox/include/slam_toolbox/slam_toolbox/srv/detail/deserialize_pose_graph__type_support.h
[1.117s] -- Up-to-date symlink: /home/rover/kameyama_ws/install/slam_toolbox/include/slam_toolbox/slam_toolbox/srv/detail/loop_closure__functions.h
[1.117s] -- Up-to-date symlink: /home/rover/kameyama_ws/install/slam_toolbox/include/slam_toolbox/slam_toolbox/srv/detail/loop_closure__struct.h
[1.117s] -- Up-to-date symlink: /home/rover/kameyama_ws/install/slam_toolbox/include/slam_toolbox/slam_toolbox/srv/detail/loop_closure__type_support.h
[1.117s] -- Up-to-date symlink: /home/rover/kameyama_ws/install/slam_toolbox/include/slam_toolbox/slam_toolbox/srv/detail/merge_maps__functions.h
[1.117s] -- Up-to-date symlink: /home/rover/kameyama_ws/install/slam_toolbox/include/slam_toolbox/slam_toolbox/srv/detail/merge_maps__struct.h
[1.117s] -- Up-to-date symlink: /home/rover/kameyama_ws/install/slam_toolbox/include/slam_toolbox/slam_toolbox/srv/detail/merge_maps__type_support.h
[1.117s] -- Up-to-date symlink: /home/rover/kameyama_ws/install/slam_toolbox/include/slam_toolbox/slam_toolbox/srv/detail/pause__functions.h
[1.117s] -- Up-to-date symlink: /home/rover/kameyama_ws/install/slam_toolbox/include/slam_toolbox/slam_toolbox/srv/detail/pause__struct.h
[1.117s] -- Up-to-date symlink: /home/rover/kameyama_ws/install/slam_toolbox/include/slam_toolbox/slam_toolbox/srv/detail/pause__type_support.h
[1.117s] -- Up-to-date symlink: /home/rover/kameyama_ws/install/slam_toolbox/include/slam_toolbox/slam_toolbox/srv/detail/save_map__functions.h
[1.117s] -- Up-to-date symlink: /home/rover/kameyama_ws/install/slam_toolbox/include/slam_toolbox/slam_toolbox/srv/detail/save_map__struct.h
[1.117s] -- Up-to-date symlink: /home/rover/kameyama_ws/install/slam_toolbox/include/slam_toolbox/slam_toolbox/srv/detail/save_map__type_support.h
[1.118s] -- Up-to-date symlink: /home/rover/kameyama_ws/install/slam_toolbox/include/slam_toolbox/slam_toolbox/srv/detail/serialize_pose_graph__functions.h
[1.118s] -- Up-to-date symlink: /home/rover/kameyama_ws/install/slam_toolbox/include/slam_toolbox/slam_toolbox/srv/detail/serialize_pose_graph__struct.h
[1.118s] -- Up-to-date symlink: /home/rover/kameyama_ws/install/slam_toolbox/include/slam_toolbox/slam_toolbox/srv/detail/serialize_pose_graph__type_support.h
[1.118s] -- Up-to-date symlink: /home/rover/kameyama_ws/install/slam_toolbox/include/slam_toolbox/slam_toolbox/srv/detail/toggle_interactive__functions.h
[1.118s] -- Up-to-date symlink: /home/rover/kameyama_ws/install/slam_toolbox/include/slam_toolbox/slam_toolbox/srv/detail/toggle_interactive__struct.h
[1.118s] -- Up-to-date symlink: /home/rover/kameyama_ws/install/slam_toolbox/include/slam_toolbox/slam_toolbox/srv/detail/toggle_interactive__type_support.h
[1.118s] -- Up-to-date symlink: /home/rover/kameyama_ws/install/slam_toolbox/include/slam_toolbox/slam_toolbox/srv/loop_closure.h
[1.118s] -- Up-to-date symlink: /home/rover/kameyama_ws/install/slam_toolbox/include/slam_toolbox/slam_toolbox/srv/merge_maps.h
[1.118s] -- Up-to-date symlink: /home/rover/kameyama_ws/install/slam_toolbox/include/slam_toolbox/slam_toolbox/srv/pause.h
[1.118s] -- Up-to-date symlink: /home/rover/kameyama_ws/install/slam_toolbox/include/slam_toolbox/slam_toolbox/srv/save_map.h
[1.118s] -- Up-to-date symlink: /home/rover/kameyama_ws/install/slam_toolbox/include/slam_toolbox/slam_toolbox/srv/serialize_pose_graph.h
[1.118s] -- Up-to-date symlink: /home/rover/kameyama_ws/install/slam_toolbox/include/slam_toolbox/slam_toolbox/srv/toggle_interactive.h
[1.119s] -- Up-to-date symlink: /home/rover/kameyama_ws/install/slam_toolbox/share/slam_toolbox/environment/library_path.sh
[1.119s] -- Up-to-date symlink: /home/rover/kameyama_ws/install/slam_toolbox/share/slam_toolbox/environment/library_path.dsv
[1.119s] -- Up-to-date symlink: /home/rover/kameyama_ws/install/slam_toolbox/include/slam_toolbox/slam_toolbox/msg/rosidl_typesupport_fastrtps_c__visibility_control.h
[1.119s] -- Up-to-date symlink: /home/rover/kameyama_ws/install/slam_toolbox/include/slam_toolbox/slam_toolbox/srv/detail/add_submap__rosidl_typesupport_fastrtps_c.h
[1.119s] -- Up-to-date symlink: /home/rover/kameyama_ws/install/slam_toolbox/include/slam_toolbox/slam_toolbox/srv/detail/clear__rosidl_typesupport_fastrtps_c.h
[1.119s] -- Up-to-date symlink: /home/rover/kameyama_ws/install/slam_toolbox/include/slam_toolbox/slam_toolbox/srv/detail/clear_queue__rosidl_typesupport_fastrtps_c.h
[1.119s] -- Up-to-date symlink: /home/rover/kameyama_ws/install/slam_toolbox/include/slam_toolbox/slam_toolbox/srv/detail/deserialize_pose_graph__rosidl_typesupport_fastrtps_c.h
[1.119s] -- Up-to-date symlink: /home/rover/kameyama_ws/install/slam_toolbox/include/slam_toolbox/slam_toolbox/srv/detail/loop_closure__rosidl_typesupport_fastrtps_c.h
[1.120s] -- Up-to-date symlink: /home/rover/kameyama_ws/install/slam_toolbox/include/slam_toolbox/slam_toolbox/srv/detail/merge_maps__rosidl_typesupport_fastrtps_c.h
[1.120s] -- Up-to-date symlink: /home/rover/kameyama_ws/install/slam_toolbox/include/slam_toolbox/slam_toolbox/srv/detail/pause__rosidl_typesupport_fastrtps_c.h
[1.120s] -- Up-to-date symlink: /home/rover/kameyama_ws/install/slam_toolbox/include/slam_toolbox/slam_toolbox/srv/detail/save_map__rosidl_typesupport_fastrtps_c.h
[1.120s] -- Up-to-date symlink: /home/rover/kameyama_ws/install/slam_toolbox/include/slam_toolbox/slam_toolbox/srv/detail/serialize_pose_graph__rosidl_typesupport_fastrtps_c.h
[1.120s] -- Up-to-date symlink: /home/rover/kameyama_ws/install/slam_toolbox/include/slam_toolbox/slam_toolbox/srv/detail/toggle_interactive__rosidl_typesupport_fastrtps_c.h
[1.120s] -- Up-to-date symlink: /home/rover/kameyama_ws/install/slam_toolbox/include/slam_toolbox/slam_toolbox/msg/rosidl_generator_cpp__visibility_control.hpp
[1.120s] -- Up-to-date symlink: /home/rover/kameyama_ws/install/slam_toolbox/include/slam_toolbox/slam_toolbox/srv/add_submap.hpp
[1.120s] -- Up-to-date symlink: /home/rover/kameyama_ws/install/slam_toolbox/include/slam_toolbox/slam_toolbox/srv/clear.hpp
[1.121s] -- Up-to-date symlink: /home/rover/kameyama_ws/install/slam_toolbox/include/slam_toolbox/slam_toolbox/srv/clear_queue.hpp
[1.121s] -- Up-to-date symlink: /home/rover/kameyama_ws/install/slam_toolbox/include/slam_toolbox/slam_toolbox/srv/deserialize_pose_graph.hpp
[1.121s] -- Up-to-date symlink: /home/rover/kameyama_ws/install/slam_toolbox/include/slam_toolbox/slam_toolbox/srv/detail/add_submap__builder.hpp
[1.121s] -- Up-to-date symlink: /home/rover/kameyama_ws/install/slam_toolbox/include/slam_toolbox/slam_toolbox/srv/detail/add_submap__struct.hpp
[1.121s] -- Up-to-date symlink: /home/rover/kameyama_ws/install/slam_toolbox/include/slam_toolbox/slam_toolbox/srv/detail/add_submap__traits.hpp
[1.121s] -- Up-to-date symlink: /home/rover/kameyama_ws/install/slam_toolbox/include/slam_toolbox/slam_toolbox/srv/detail/add_submap__type_support.hpp
[1.121s] -- Up-to-date symlink: /home/rover/kameyama_ws/install/slam_toolbox/include/slam_toolbox/slam_toolbox/srv/detail/clear__builder.hpp
[1.121s] -- Up-to-date symlink: /home/rover/kameyama_ws/install/slam_toolbox/include/slam_toolbox/slam_toolbox/srv/detail/clear__struct.hpp
[1.121s] -- Up-to-date symlink: /home/rover/kameyama_ws/install/slam_toolbox/include/slam_toolbox/slam_toolbox/srv/detail/clear__traits.hpp
[1.121s] -- Up-to-date symlink: /home/rover/kameyama_ws/install/slam_toolbox/include/slam_toolbox/slam_toolbox/srv/detail/clear__type_support.hpp
[1.121s] -- Up-to-date symlink: /home/rover/kameyama_ws/install/slam_toolbox/include/slam_toolbox/slam_toolbox/srv/detail/clear_queue__builder.hpp
[1.121s] -- Up-to-date symlink: /home/rover/kameyama_ws/install/slam_toolbox/include/slam_toolbox/slam_toolbox/srv/detail/clear_queue__struct.hpp
[1.122s] -- Up-to-date symlink: /home/rover/kameyama_ws/install/slam_toolbox/include/slam_toolbox/slam_toolbox/srv/detail/clear_queue__traits.hpp
[1.122s] -- Up-to-date symlink: /home/rover/kameyama_ws/install/slam_toolbox/include/slam_toolbox/slam_toolbox/srv/detail/clear_queue__type_support.hpp
[1.122s] -- Up-to-date symlink: /home/rover/kameyama_ws/install/slam_toolbox/include/slam_toolbox/slam_toolbox/srv/detail/deserialize_pose_graph__builder.hpp
[1.122s] -- Up-to-date symlink: /home/rover/kameyama_ws/install/slam_toolbox/include/slam_toolbox/slam_toolbox/srv/detail/deserialize_pose_graph__struct.hpp
[1.122s] -- Up-to-date symlink: /home/rover/kameyama_ws/install/slam_toolbox/include/slam_toolbox/slam_toolbox/srv/detail/deserialize_pose_graph__traits.hpp
[1.122s] -- Up-to-date symlink: /home/rover/kameyama_ws/install/slam_toolbox/include/slam_toolbox/slam_toolbox/srv/detail/deserialize_pose_graph__type_support.hpp
[1.122s] -- Up-to-date symlink: /home/rover/kameyama_ws/install/slam_toolbox/include/slam_toolbox/slam_toolbox/srv/detail/loop_closure__builder.hpp
[1.122s] -- Up-to-date symlink: /home/rover/kameyama_ws/install/slam_toolbox/include/slam_toolbox/slam_toolbox/srv/detail/loop_closure__struct.hpp
[1.122s] -- Up-to-date symlink: /home/rover/kameyama_ws/install/slam_toolbox/include/slam_toolbox/slam_toolbox/srv/detail/loop_closure__traits.hpp
[1.122s] -- Up-to-date symlink: /home/rover/kameyama_ws/install/slam_toolbox/include/slam_toolbox/slam_toolbox/srv/detail/loop_closure__type_support.hpp
[1.123s] -- Up-to-date symlink: /home/rover/kameyama_ws/install/slam_toolbox/include/slam_toolbox/slam_toolbox/srv/detail/merge_maps__builder.hpp
[1.123s] -- Up-to-date symlink: /home/rover/kameyama_ws/install/slam_toolbox/include/slam_toolbox/slam_toolbox/srv/detail/merge_maps__struct.hpp
[1.123s] -- Up-to-date symlink: /home/rover/kameyama_ws/install/slam_toolbox/include/slam_toolbox/slam_toolbox/srv/detail/merge_maps__traits.hpp
[1.123s] -- Up-to-date symlink: /home/rover/kameyama_ws/install/slam_toolbox/include/slam_toolbox/slam_toolbox/srv/detail/merge_maps__type_support.hpp
[1.123s] -- Up-to-date symlink: /home/rover/kameyama_ws/install/slam_toolbox/include/slam_toolbox/slam_toolbox/srv/detail/pause__builder.hpp
[1.123s] -- Up-to-date symlink: /home/rover/kameyama_ws/install/slam_toolbox/include/slam_toolbox/slam_toolbox/srv/detail/pause__struct.hpp
[1.123s] -- Up-to-date symlink: /home/rover/kameyama_ws/install/slam_toolbox/include/slam_toolbox/slam_toolbox/srv/detail/pause__traits.hpp
[1.123s] -- Up-to-date symlink: /home/rover/kameyama_ws/install/slam_toolbox/include/slam_toolbox/slam_toolbox/srv/detail/pause__type_support.hpp
[1.123s] -- Up-to-date symlink: /home/rover/kameyama_ws/install/slam_toolbox/include/slam_toolbox/slam_toolbox/srv/detail/save_map__builder.hpp
[1.123s] -- Up-to-date symlink: /home/rover/kameyama_ws/install/slam_toolbox/include/slam_toolbox/slam_toolbox/srv/detail/save_map__struct.hpp
[1.124s] -- Up-to-date symlink: /home/rover/kameyama_ws/install/slam_toolbox/include/slam_toolbox/slam_toolbox/srv/detail/save_map__traits.hpp
[1.124s] -- Up-to-date symlink: /home/rover/kameyama_ws/install/slam_toolbox/include/slam_toolbox/slam_toolbox/srv/detail/save_map__type_support.hpp
[1.124s] -- Up-to-date symlink: /home/rover/kameyama_ws/install/slam_toolbox/include/slam_toolbox/slam_toolbox/srv/detail/serialize_pose_graph__builder.hpp
[1.124s] -- Up-to-date symlink: /home/rover/kameyama_ws/install/slam_toolbox/include/slam_toolbox/slam_toolbox/srv/detail/serialize_pose_graph__struct.hpp
[1.124s] -- Up-to-date symlink: /home/rover/kameyama_ws/install/slam_toolbox/include/slam_toolbox/slam_toolbox/srv/detail/serialize_pose_graph__traits.hpp
[1.124s] -- Up-to-date symlink: /home/rover/kameyama_ws/install/slam_toolbox/include/slam_toolbox/slam_toolbox/srv/detail/serialize_pose_graph__type_support.hpp
[1.124s] -- Up-to-date symlink: /home/rover/kameyama_ws/install/slam_toolbox/include/slam_toolbox/slam_toolbox/srv/detail/toggle_interactive__builder.hpp
[1.124s] -- Up-to-date symlink: /home/rover/kameyama_ws/install/slam_toolbox/include/slam_toolbox/slam_toolbox/srv/detail/toggle_interactive__struct.hpp
[1.124s] -- Up-to-date symlink: /home/rover/kameyama_ws/install/slam_toolbox/include/slam_toolbox/slam_toolbox/srv/detail/toggle_interactive__traits.hpp
[1.124s] -- Up-to-date symlink: /home/rover/kameyama_ws/install/slam_toolbox/include/slam_toolbox/slam_toolbox/srv/detail/toggle_interactive__type_support.hpp
[1.124s] -- Up-to-date symlink: /home/rover/kameyama_ws/install/slam_toolbox/include/slam_toolbox/slam_toolbox/srv/loop_closure.hpp
[1.125s] -- Up-to-date symlink: /home/rover/kameyama_ws/install/slam_toolbox/include/slam_toolbox/slam_toolbox/srv/merge_maps.hpp
[1.125s] -- Up-to-date symlink: /home/rover/kameyama_ws/install/slam_toolbox/include/slam_toolbox/slam_toolbox/srv/pause.hpp
[1.125s] -- Up-to-date symlink: /home/rover/kameyama_ws/install/slam_toolbox/include/slam_toolbox/slam_toolbox/srv/save_map.hpp
[1.125s] -- Up-to-date symlink: /home/rover/kameyama_ws/install/slam_toolbox/include/slam_toolbox/slam_toolbox/srv/serialize_pose_graph.hpp
[1.125s] -- Up-to-date symlink: /home/rover/kameyama_ws/install/slam_toolbox/include/slam_toolbox/slam_toolbox/srv/toggle_interactive.hpp
[1.125s] -- Up-to-date symlink: /home/rover/kameyama_ws/install/slam_toolbox/include/slam_toolbox/slam_toolbox/msg/rosidl_typesupport_fastrtps_cpp__visibility_control.h
[1.126s] -- Up-to-date symlink: /home/rover/kameyama_ws/install/slam_toolbox/include/slam_toolbox/slam_toolbox/srv/detail/add_submap__rosidl_typesupport_fastrtps_cpp.hpp
[1.126s] -- Up-to-date symlink: /home/rover/kameyama_ws/install/slam_toolbox/include/slam_toolbox/slam_toolbox/srv/detail/clear__rosidl_typesupport_fastrtps_cpp.hpp
[1.126s] -- Up-to-date symlink: /home/rover/kameyama_ws/install/slam_toolbox/include/slam_toolbox/slam_toolbox/srv/detail/clear_queue__rosidl_typesupport_fastrtps_cpp.hpp
[1.126s] -- Up-to-date symlink: /home/rover/kameyama_ws/install/slam_toolbox/include/slam_toolbox/slam_toolbox/srv/detail/deserialize_pose_graph__rosidl_typesupport_fastrtps_cpp.hpp
[1.126s] -- Up-to-date symlink: /home/rover/kameyama_ws/install/slam_toolbox/include/slam_toolbox/slam_toolbox/srv/detail/loop_closure__rosidl_typesupport_fastrtps_cpp.hpp
[1.126s] -- Up-to-date symlink: /home/rover/kameyama_ws/install/slam_toolbox/include/slam_toolbox/slam_toolbox/srv/detail/merge_maps__rosidl_typesupport_fastrtps_cpp.hpp
[1.126s] -- Up-to-date symlink: /home/rover/kameyama_ws/install/slam_toolbox/include/slam_toolbox/slam_toolbox/srv/detail/pause__rosidl_typesupport_fastrtps_cpp.hpp
[1.126s] -- Up-to-date symlink: /home/rover/kameyama_ws/install/slam_toolbox/include/slam_toolbox/slam_toolbox/srv/detail/save_map__rosidl_typesupport_fastrtps_cpp.hpp
[1.126s] -- Up-to-date symlink: /home/rover/kameyama_ws/install/slam_toolbox/include/slam_toolbox/slam_toolbox/srv/detail/serialize_pose_graph__rosidl_typesupport_fastrtps_cpp.hpp
[1.126s] -- Up-to-date symlink: /home/rover/kameyama_ws/install/slam_toolbox/include/slam_toolbox/slam_toolbox/srv/detail/toggle_interactive__rosidl_typesupport_fastrtps_cpp.hpp
[1.127s] -- Up-to-date symlink: /home/rover/kameyama_ws/install/slam_toolbox/include/slam_toolbox/slam_toolbox/msg/rosidl_typesupport_introspection_c__visibility_control.h
[1.127s] -- Up-to-date symlink: /home/rover/kameyama_ws/install/slam_toolbox/include/slam_toolbox/slam_toolbox/srv/detail/add_submap__rosidl_typesupport_introspection_c.h
[1.127s] -- Up-to-date symlink: /home/rover/kameyama_ws/install/slam_toolbox/include/slam_toolbox/slam_toolbox/srv/detail/clear__rosidl_typesupport_introspection_c.h
[1.127s] -- Up-to-date symlink: /home/rover/kameyama_ws/install/slam_toolbox/include/slam_toolbox/slam_toolbox/srv/detail/clear_queue__rosidl_typesupport_introspection_c.h
[1.127s] -- Up-to-date symlink: /home/rover/kameyama_ws/install/slam_toolbox/include/slam_toolbox/slam_toolbox/srv/detail/deserialize_pose_graph__rosidl_typesupport_introspection_c.h
[1.127s] -- Up-to-date symlink: /home/rover/kameyama_ws/install/slam_toolbox/include/slam_toolbox/slam_toolbox/srv/detail/loop_closure__rosidl_typesupport_introspection_c.h
[1.127s] -- Up-to-date symlink: /home/rover/kameyama_ws/install/slam_toolbox/include/slam_toolbox/slam_toolbox/srv/detail/merge_maps__rosidl_typesupport_introspection_c.h
[1.127s] -- Up-to-date symlink: /home/rover/kameyama_ws/install/slam_toolbox/include/slam_toolbox/slam_toolbox/srv/detail/pause__rosidl_typesupport_introspection_c.h
[1.127s] -- Up-to-date symlink: /home/rover/kameyama_ws/install/slam_toolbox/include/slam_toolbox/slam_toolbox/srv/detail/save_map__rosidl_typesupport_introspection_c.h
[1.128s] -- Up-to-date symlink: /home/rover/kameyama_ws/install/slam_toolbox/include/slam_toolbox/slam_toolbox/srv/detail/serialize_pose_graph__rosidl_typesupport_introspection_c.h
[1.128s] -- Up-to-date symlink: /home/rover/kameyama_ws/install/slam_toolbox/include/slam_toolbox/slam_toolbox/srv/detail/toggle_interactive__rosidl_typesupport_introspection_c.h
[1.128s] -- Up-to-date symlink: /home/rover/kameyama_ws/install/slam_toolbox/include/slam_toolbox/slam_toolbox/srv/detail/add_submap__rosidl_typesupport_introspection_cpp.hpp
[1.128s] -- Up-to-date symlink: /home/rover/kameyama_ws/install/slam_toolbox/include/slam_toolbox/slam_toolbox/srv/detail/clear__rosidl_typesupport_introspection_cpp.hpp
[1.128s] -- Up-to-date symlink: /home/rover/kameyama_ws/install/slam_toolbox/include/slam_toolbox/slam_toolbox/srv/detail/clear_queue__rosidl_typesupport_introspection_cpp.hpp
[1.128s] -- Up-to-date symlink: /home/rover/kameyama_ws/install/slam_toolbox/include/slam_toolbox/slam_toolbox/srv/detail/deserialize_pose_graph__rosidl_typesupport_introspection_cpp.hpp
[1.128s] -- Up-to-date symlink: /home/rover/kameyama_ws/install/slam_toolbox/include/slam_toolbox/slam_toolbox/srv/detail/loop_closure__rosidl_typesupport_introspection_cpp.hpp
[1.128s] -- Up-to-date symlink: /home/rover/kameyama_ws/install/slam_toolbox/include/slam_toolbox/slam_toolbox/srv/detail/merge_maps__rosidl_typesupport_introspection_cpp.hpp
[1.129s] -- Up-to-date symlink: /home/rover/kameyama_ws/install/slam_toolbox/include/slam_toolbox/slam_toolbox/srv/detail/pause__rosidl_typesupport_introspection_cpp.hpp
[1.129s] -- Up-to-date symlink: /home/rover/kameyama_ws/install/slam_toolbox/include/slam_toolbox/slam_toolbox/srv/detail/save_map__rosidl_typesupport_introspection_cpp.hpp
[1.129s] -- Up-to-date symlink: /home/rover/kameyama_ws/install/slam_toolbox/include/slam_toolbox/slam_toolbox/srv/detail/serialize_pose_graph__rosidl_typesupport_introspection_cpp.hpp
[1.129s] -- Up-to-date symlink: /home/rover/kameyama_ws/install/slam_toolbox/include/slam_toolbox/slam_toolbox/srv/detail/toggle_interactive__rosidl_typesupport_introspection_cpp.hpp
[1.129s] -- Up-to-date symlink: /home/rover/kameyama_ws/install/slam_toolbox/share/slam_toolbox/environment/pythonpath.sh
[1.129s] -- Up-to-date symlink: /home/rover/kameyama_ws/install/slam_toolbox/share/slam_toolbox/environment/pythonpath.dsv
[1.129s] -- Up-to-date symlink: /home/rover/kameyama_ws/install/slam_toolbox/local/lib/python3.10/dist-packages/slam_toolbox-2.6.9-py3.10.egg-info/PKG-INFO
[1.129s] -- Up-to-date symlink: /home/rover/kameyama_ws/install/slam_toolbox/local/lib/python3.10/dist-packages/slam_toolbox-2.6.9-py3.10.egg-info/SOURCES.txt
[1.129s] -- Up-to-date symlink: /home/rover/kameyama_ws/install/slam_toolbox/local/lib/python3.10/dist-packages/slam_toolbox-2.6.9-py3.10.egg-info/dependency_links.txt
[1.130s] -- Up-to-date symlink: /home/rover/kameyama_ws/install/slam_toolbox/local/lib/python3.10/dist-packages/slam_toolbox-2.6.9-py3.10.egg-info/top_level.txt
[1.130s] -- Up-to-date symlink: /home/rover/kameyama_ws/install/slam_toolbox/local/lib/python3.10/dist-packages/slam_toolbox/__init__.py
[1.130s] -- Up-to-date symlink: /home/rover/kameyama_ws/install/slam_toolbox/local/lib/python3.10/dist-packages/slam_toolbox/_slam_toolbox_s.ep.rosidl_typesupport_c.c
[1.130s] -- Up-to-date symlink: /home/rover/kameyama_ws/install/slam_toolbox/local/lib/python3.10/dist-packages/slam_toolbox/_slam_toolbox_s.ep.rosidl_typesupport_fastrtps_c.c
[1.130s] -- Up-to-date symlink: /home/rover/kameyama_ws/install/slam_toolbox/local/lib/python3.10/dist-packages/slam_toolbox/_slam_toolbox_s.ep.rosidl_typesupport_introspection_c.c
[1.130s] -- Up-to-date symlink: /home/rover/kameyama_ws/install/slam_toolbox/local/lib/python3.10/dist-packages/slam_toolbox/libslam_toolbox__rosidl_generator_py.so
[1.131s] -- Up-to-date symlink: /home/rover/kameyama_ws/install/slam_toolbox/local/lib/python3.10/dist-packages/slam_toolbox/slam_toolbox_s__rosidl_typesupport_c.cpython-310-x86_64-linux-gnu.so
[1.131s] -- Up-to-date symlink: /home/rover/kameyama_ws/install/slam_toolbox/local/lib/python3.10/dist-packages/slam_toolbox/slam_toolbox_s__rosidl_typesupport_fastrtps_c.cpython-310-x86_64-linux-gnu.so
[1.131s] -- Up-to-date symlink: /home/rover/kameyama_ws/install/slam_toolbox/local/lib/python3.10/dist-packages/slam_toolbox/slam_toolbox_s__rosidl_typesupport_introspection_c.cpython-310-x86_64-linux-gnu.so
[1.131s] -- Up-to-date symlink: /home/rover/kameyama_ws/install/slam_toolbox/local/lib/python3.10/dist-packages/slam_toolbox/srv/__init__.py
[1.131s] -- Up-to-date symlink: /home/rover/kameyama_ws/install/slam_toolbox/local/lib/python3.10/dist-packages/slam_toolbox/srv/_add_submap.py
[1.131s] -- Up-to-date symlink: /home/rover/kameyama_ws/install/slam_toolbox/local/lib/python3.10/dist-packages/slam_toolbox/srv/_add_submap_s.c
[1.131s] -- Up-to-date symlink: /home/rover/kameyama_ws/install/slam_toolbox/local/lib/python3.10/dist-packages/slam_toolbox/srv/_clear.py
[1.131s] -- Up-to-date symlink: /home/rover/kameyama_ws/install/slam_toolbox/local/lib/python3.10/dist-packages/slam_toolbox/srv/_clear_queue.py
[1.131s] -- Up-to-date symlink: /home/rover/kameyama_ws/install/slam_toolbox/local/lib/python3.10/dist-packages/slam_toolbox/srv/_clear_queue_s.c
[1.131s] -- Up-to-date symlink: /home/rover/kameyama_ws/install/slam_toolbox/local/lib/python3.10/dist-packages/slam_toolbox/srv/_clear_s.c
[1.131s] -- Up-to-date symlink: /home/rover/kameyama_ws/install/slam_toolbox/local/lib/python3.10/dist-packages/slam_toolbox/srv/_deserialize_pose_graph.py
[1.132s] -- Up-to-date symlink: /home/rover/kameyama_ws/install/slam_toolbox/local/lib/python3.10/dist-packages/slam_toolbox/srv/_deserialize_pose_graph_s.c
[1.132s] -- Up-to-date symlink: /home/rover/kameyama_ws/install/slam_toolbox/local/lib/python3.10/dist-packages/slam_toolbox/srv/_loop_closure.py
[1.132s] -- Up-to-date symlink: /home/rover/kameyama_ws/install/slam_toolbox/local/lib/python3.10/dist-packages/slam_toolbox/srv/_loop_closure_s.c
[1.132s] -- Up-to-date symlink: /home/rover/kameyama_ws/install/slam_toolbox/local/lib/python3.10/dist-packages/slam_toolbox/srv/_merge_maps.py
[1.132s] -- Up-to-date symlink: /home/rover/kameyama_ws/install/slam_toolbox/local/lib/python3.10/dist-packages/slam_toolbox/srv/_merge_maps_s.c
[1.132s] -- Up-to-date symlink: /home/rover/kameyama_ws/install/slam_toolbox/local/lib/python3.10/dist-packages/slam_toolbox/srv/_pause.py
[1.132s] -- Up-to-date symlink: /home/rover/kameyama_ws/install/slam_toolbox/local/lib/python3.10/dist-packages/slam_toolbox/srv/_pause_s.c
[1.132s] -- Up-to-date symlink: /home/rover/kameyama_ws/install/slam_toolbox/local/lib/python3.10/dist-packages/slam_toolbox/srv/_save_map.py
[1.132s] -- Up-to-date symlink: /home/rover/kameyama_ws/install/slam_toolbox/local/lib/python3.10/dist-packages/slam_toolbox/srv/_save_map_s.c
[1.132s] -- Up-to-date symlink: /home/rover/kameyama_ws/install/slam_toolbox/local/lib/python3.10/dist-packages/slam_toolbox/srv/_serialize_pose_graph.py
[1.133s] -- Up-to-date symlink: /home/rover/kameyama_ws/install/slam_toolbox/local/lib/python3.10/dist-packages/slam_toolbox/srv/_serialize_pose_graph_s.c
[1.133s] -- Up-to-date symlink: /home/rover/kameyama_ws/install/slam_toolbox/local/lib/python3.10/dist-packages/slam_toolbox/srv/_toggle_interactive.py
[1.133s] -- Up-to-date symlink: /home/rover/kameyama_ws/install/slam_toolbox/local/lib/python3.10/dist-packages/slam_toolbox/srv/_toggle_interactive_s.c
[1.133s] -- Up-to-date symlink: /home/rover/kameyama_ws/install/slam_toolbox/local/lib/python3.10/dist-packages/slam_toolbox/slam_toolbox_s__rosidl_typesupport_fastrtps_c.cpython-310-x86_64-linux-gnu.so
[1.133s] -- Up-to-date symlink: /home/rover/kameyama_ws/install/slam_toolbox/local/lib/python3.10/dist-packages/slam_toolbox/slam_toolbox_s__rosidl_typesupport_introspection_c.cpython-310-x86_64-linux-gnu.so
[1.133s] -- Up-to-date symlink: /home/rover/kameyama_ws/install/slam_toolbox/local/lib/python3.10/dist-packages/slam_toolbox/slam_toolbox_s__rosidl_typesupport_c.cpython-310-x86_64-linux-gnu.so
[1.133s] -- Up-to-date symlink: /home/rover/kameyama_ws/install/slam_toolbox/share/slam_toolbox/srv/Pause.idl
[1.134s] -- Up-to-date symlink: /home/rover/kameyama_ws/install/slam_toolbox/share/slam_toolbox/srv/ClearQueue.idl
[1.134s] -- Up-to-date symlink: /home/rover/kameyama_ws/install/slam_toolbox/share/slam_toolbox/srv/ToggleInteractive.idl
[1.134s] -- Up-to-date symlink: /home/rover/kameyama_ws/install/slam_toolbox/share/slam_toolbox/srv/Clear.idl
[1.134s] -- Up-to-date symlink: /home/rover/kameyama_ws/install/slam_toolbox/share/slam_toolbox/srv/SaveMap.idl
[1.134s] -- Up-to-date symlink: /home/rover/kameyama_ws/install/slam_toolbox/share/slam_toolbox/srv/LoopClosure.idl
[1.134s] -- Up-to-date symlink: /home/rover/kameyama_ws/install/slam_toolbox/share/slam_toolbox/srv/MergeMaps.idl
[1.134s] -- Up-to-date symlink: /home/rover/kameyama_ws/install/slam_toolbox/share/slam_toolbox/srv/AddSubmap.idl
[1.134s] -- Up-to-date symlink: /home/rover/kameyama_ws/install/slam_toolbox/share/slam_toolbox/srv/DeserializePoseGraph.idl
[1.134s] -- Up-to-date symlink: /home/rover/kameyama_ws/install/slam_toolbox/share/slam_toolbox/srv/SerializePoseGraph.idl
[1.135s] -- Up-to-date symlink: /home/rover/kameyama_ws/install/slam_toolbox/share/slam_toolbox/srv/Pause.srv
[1.135s] -- Up-to-date symlink: /home/rover/kameyama_ws/install/slam_toolbox/share/slam_toolbox/srv/Pause_Request.msg
[1.135s] -- Up-to-date symlink: /home/rover/kameyama_ws/install/slam_toolbox/share/slam_toolbox/srv/Pause_Response.msg
[1.135s] -- Up-to-date symlink: /home/rover/kameyama_ws/install/slam_toolbox/share/slam_toolbox/srv/ClearQueue.srv
[1.135s] -- Up-to-date symlink: /home/rover/kameyama_ws/install/slam_toolbox/share/slam_toolbox/srv/ClearQueue_Request.msg
[1.135s] -- Up-to-date symlink: /home/rover/kameyama_ws/install/slam_toolbox/share/slam_toolbox/srv/ClearQueue_Response.msg
[1.135s] -- Up-to-date symlink: /home/rover/kameyama_ws/install/slam_toolbox/share/slam_toolbox/srv/ToggleInteractive.srv
[1.135s] -- Up-to-date symlink: /home/rover/kameyama_ws/install/slam_toolbox/share/slam_toolbox/srv/ToggleInteractive_Request.msg
[1.135s] -- Up-to-date symlink: /home/rover/kameyama_ws/install/slam_toolbox/share/slam_toolbox/srv/ToggleInteractive_Response.msg
[1.136s] -- Up-to-date symlink: /home/rover/kameyama_ws/install/slam_toolbox/share/slam_toolbox/srv/Clear.srv
[1.136s] -- Up-to-date symlink: /home/rover/kameyama_ws/install/slam_toolbox/share/slam_toolbox/srv/Clear_Request.msg
[1.136s] -- Up-to-date symlink: /home/rover/kameyama_ws/install/slam_toolbox/share/slam_toolbox/srv/Clear_Response.msg
[1.136s] -- Up-to-date symlink: /home/rover/kameyama_ws/install/slam_toolbox/share/slam_toolbox/srv/SaveMap.srv
[1.136s] -- Up-to-date symlink: /home/rover/kameyama_ws/install/slam_toolbox/share/slam_toolbox/srv/SaveMap_Request.msg
[1.136s] -- Up-to-date symlink: /home/rover/kameyama_ws/install/slam_toolbox/share/slam_toolbox/srv/SaveMap_Response.msg
[1.136s] -- Up-to-date symlink: /home/rover/kameyama_ws/install/slam_toolbox/share/slam_toolbox/srv/LoopClosure.srv
[1.136s] -- Up-to-date symlink: /home/rover/kameyama_ws/install/slam_toolbox/share/slam_toolbox/srv/LoopClosure_Request.msg
[1.136s] -- Up-to-date symlink: /home/rover/kameyama_ws/install/slam_toolbox/share/slam_toolbox/srv/LoopClosure_Response.msg
[1.136s] -- Up-to-date symlink: /home/rover/kameyama_ws/install/slam_toolbox/share/slam_toolbox/srv/MergeMaps.srv
[1.136s] -- Up-to-date symlink: /home/rover/kameyama_ws/install/slam_toolbox/share/slam_toolbox/srv/MergeMaps_Request.msg
[1.136s] -- Up-to-date symlink: /home/rover/kameyama_ws/install/slam_toolbox/share/slam_toolbox/srv/MergeMaps_Response.msg
[1.136s] -- Up-to-date symlink: /home/rover/kameyama_ws/install/slam_toolbox/share/slam_toolbox/srv/AddSubmap.srv
[1.137s] -- Up-to-date symlink: /home/rover/kameyama_ws/install/slam_toolbox/share/slam_toolbox/srv/AddSubmap_Request.msg
[1.137s] -- Up-to-date symlink: /home/rover/kameyama_ws/install/slam_toolbox/share/slam_toolbox/srv/AddSubmap_Response.msg
[1.137s] -- Up-to-date symlink: /home/rover/kameyama_ws/install/slam_toolbox/share/slam_toolbox/srv/DeserializePoseGraph.srv
[1.137s] -- Up-to-date symlink: /home/rover/kameyama_ws/install/slam_toolbox/share/slam_toolbox/srv/DeserializePoseGraph_Request.msg
[1.137s] -- Up-to-date symlink: /home/rover/kameyama_ws/install/slam_toolbox/share/slam_toolbox/srv/DeserializePoseGraph_Response.msg
[1.137s] -- Up-to-date symlink: /home/rover/kameyama_ws/install/slam_toolbox/share/slam_toolbox/srv/SerializePoseGraph.srv
[1.137s] -- Up-to-date symlink: /home/rover/kameyama_ws/install/slam_toolbox/share/slam_toolbox/srv/SerializePoseGraph_Request.msg
[1.137s] -- Up-to-date symlink: /home/rover/kameyama_ws/install/slam_toolbox/share/slam_toolbox/srv/SerializePoseGraph_Response.msg
[1.137s] -- Up-to-date symlink: /home/rover/kameyama_ws/install/slam_toolbox/share/slam_toolbox//rviz_plugins.xml
[1.137s] -- Up-to-date symlink: /home/rover/kameyama_ws/install/slam_toolbox/share/slam_toolbox//solver_plugins.xml
[1.137s] -- Up-to-date symlink: /home/rover/kameyama_ws/install/slam_toolbox/lib/slam_toolbox/async_slam_toolbox_node
[1.138s] -- Up-to-date symlink: /home/rover/kameyama_ws/install/slam_toolbox/lib/slam_toolbox/sync_slam_toolbox_node
[1.138s] -- Up-to-date symlink: /home/rover/kameyama_ws/install/slam_toolbox/lib/slam_toolbox/localization_slam_toolbox_node
[1.138s] -- Up-to-date symlink: /home/rover/kameyama_ws/install/slam_toolbox/lib/slam_toolbox/map_and_localization_slam_toolbox_node
[1.138s] -- Up-to-date symlink: /home/rover/kameyama_ws/install/slam_toolbox/lib/slam_toolbox/merge_maps_kinematic
[1.138s] -- Up-to-date symlink: /home/rover/kameyama_ws/install/slam_toolbox/lib/libtoolbox_common.so
[1.138s] -- Up-to-date symlink: /home/rover/kameyama_ws/install/slam_toolbox/lib/libSlamToolboxPlugin.so
[1.138s] -- Up-to-date symlink: /home/rover/kameyama_ws/install/slam_toolbox/lib/libceres_solver_plugin.so
[1.138s] -- Up-to-date symlink: /home/rover/kameyama_ws/install/slam_toolbox/lib/libasync_slam_toolbox.so
[1.138s] -- Up-to-date symlink: /home/rover/kameyama_ws/install/slam_toolbox/lib/libsync_slam_toolbox.so
[1.138s] -- Up-to-date symlink: /home/rover/kameyama_ws/install/slam_toolbox/lib/liblocalization_slam_toolbox.so
[1.138s] -- Up-to-date symlink: /home/rover/kameyama_ws/install/slam_toolbox/lib/liblifelong_slam_toolbox.so
[1.138s] -- Up-to-date symlink: /home/rover/kameyama_ws/install/slam_toolbox/lib/libmap_and_localization_slam_toolbox.so
[1.138s] -- Up-to-date symlink: /home/rover/kameyama_ws/install/slam_toolbox/lib/libkartoSlamToolbox.so
[1.139s] -- Up-to-date symlink: /home/rover/kameyama_ws/install/slam_toolbox/include/slam_toolbox/experimental/slam_toolbox_lifelong.hpp
[1.139s] -- Up-to-date symlink: /home/rover/kameyama_ws/install/slam_toolbox/include/slam_toolbox/experimental/slam_toolbox_map_and_localization.hpp
[1.139s] -- Up-to-date symlink: /home/rover/kameyama_ws/install/slam_toolbox/include/slam_toolbox/get_pose_helper.hpp
[1.139s] -- Up-to-date symlink: /home/rover/kameyama_ws/install/slam_toolbox/include/slam_toolbox/laser_utils.hpp
[1.139s] -- Up-to-date symlink: /home/rover/kameyama_ws/install/slam_toolbox/include/slam_toolbox/loop_closure_assistant.hpp
[1.139s] -- Up-to-date symlink: /home/rover/kameyama_ws/install/slam_toolbox/include/slam_toolbox/map_saver.hpp
[1.139s] -- Up-to-date symlink: /home/rover/kameyama_ws/install/slam_toolbox/include/slam_toolbox/merge_maps_kinematic.hpp
[1.139s] -- Up-to-date symlink: /home/rover/kameyama_ws/install/slam_toolbox/include/slam_toolbox/serialization.hpp
[1.139s] -- Up-to-date symlink: /home/rover/kameyama_ws/install/slam_toolbox/include/slam_toolbox/slam_mapper.hpp
[1.139s] -- Up-to-date symlink: /home/rover/kameyama_ws/install/slam_toolbox/include/slam_toolbox/slam_toolbox_async.hpp
[1.139s] -- Up-to-date symlink: /home/rover/kameyama_ws/install/slam_toolbox/include/slam_toolbox/slam_toolbox_common.hpp
[1.139s] -- Up-to-date symlink: /home/rover/kameyama_ws/install/slam_toolbox/include/slam_toolbox/slam_toolbox_localization.hpp
[1.139s] -- Up-to-date symlink: /home/rover/kameyama_ws/install/slam_toolbox/include/slam_toolbox/slam_toolbox_sync.hpp
[1.139s] -- Up-to-date symlink: /home/rover/kameyama_ws/install/slam_toolbox/include/slam_toolbox/snap_utils.hpp
[1.140s] -- Up-to-date symlink: /home/rover/kameyama_ws/install/slam_toolbox/include/slam_toolbox/toolbox_msgs.hpp
[1.140s] -- Up-to-date symlink: /home/rover/kameyama_ws/install/slam_toolbox/include/slam_toolbox/toolbox_types.hpp
[1.140s] -- Up-to-date symlink: /home/rover/kameyama_ws/install/slam_toolbox/include/slam_toolbox/visualization_utils.hpp
[1.140s] -- Up-to-date symlink: /home/rover/kameyama_ws/install/slam_toolbox/share/slam_toolbox/launch/localization_launch.py
[1.140s] -- Up-to-date symlink: /home/rover/kameyama_ws/install/slam_toolbox/share/slam_toolbox/launch/merge_maps_kinematic_launch.py
[1.140s] -- Up-to-date symlink: /home/rover/kameyama_ws/install/slam_toolbox/share/slam_toolbox/launch/offline_launch.py
[1.140s] -- Up-to-date symlink: /home/rover/kameyama_ws/install/slam_toolbox/share/slam_toolbox/launch/online_async_launch.py
[1.140s] -- Up-to-date symlink: /home/rover/kameyama_ws/install/slam_toolbox/share/slam_toolbox/launch/online_sync_launch.py
[1.140s] -- Up-to-date symlink: /home/rover/kameyama_ws/install/slam_toolbox/share/slam_toolbox/config/mapper_params_lifelong.yaml
[1.140s] -- Up-to-date symlink: /home/rover/kameyama_ws/install/slam_toolbox/share/slam_toolbox/config/mapper_params_localization.yaml
[1.140s] -- Up-to-date symlink: /home/rover/kameyama_ws/install/slam_toolbox/share/slam_toolbox/config/mapper_params_offline.yaml
[1.140s] -- Up-to-date symlink: /home/rover/kameyama_ws/install/slam_toolbox/share/slam_toolbox/config/mapper_params_online_async.yaml
[1.141s] -- Up-to-date symlink: /home/rover/kameyama_ws/install/slam_toolbox/share/slam_toolbox/config/mapper_params_online_sync.yaml
[1.141s] -- Up-to-date symlink: /home/rover/kameyama_ws/install/slam_toolbox/share/slam_toolbox/config/slam_toolbox_default.rviz
[1.141s] -- Up-to-date symlink: /home/rover/kameyama_ws/install/slam_toolbox/share/solver_plugins.xml
[1.141s] -- Up-to-date symlink: /home/rover/kameyama_ws/install/slam_toolbox/share/rviz_plugins.xml
[1.141s] -- Up-to-date symlink: /home/rover/kameyama_ws/install/slam_toolbox/share/ament_index/resource_index/package_run_dependencies/slam_toolbox
[1.141s] -- Up-to-date symlink: /home/rover/kameyama_ws/install/slam_toolbox/share/ament_index/resource_index/parent_prefix_path/slam_toolbox
[1.141s] -- Up-to-date symlink: /home/rover/kameyama_ws/install/slam_toolbox/share/slam_toolbox/environment/ament_prefix_path.sh
[1.141s] -- Up-to-date symlink: /home/rover/kameyama_ws/install/slam_toolbox/share/slam_toolbox/environment/ament_prefix_path.dsv
[1.141s] -- Up-to-date symlink: /home/rover/kameyama_ws/install/slam_toolbox/share/slam_toolbox/environment/path.sh
[1.141s] -- Up-to-date symlink: /home/rover/kameyama_ws/install/slam_toolbox/share/slam_toolbox/environment/path.dsv
[1.141s] -- Up-to-date symlink: /home/rover/kameyama_ws/install/slam_toolbox/share/slam_toolbox/local_setup.bash
[1.141s] -- Up-to-date symlink: /home/rover/kameyama_ws/install/slam_toolbox/share/slam_toolbox/local_setup.sh
[1.141s] -- Up-to-date symlink: /home/rover/kameyama_ws/install/slam_toolbox/share/slam_toolbox/local_setup.zsh
[1.142s] -- Up-to-date symlink: /home/rover/kameyama_ws/install/slam_toolbox/share/slam_toolbox/local_setup.dsv
[1.142s] -- Symlinking: /home/rover/kameyama_ws/install/slam_toolbox/share/slam_toolbox/package.dsv
[1.155s] -- Up-to-date symlink: /home/rover/kameyama_ws/install/slam_toolbox/share/ament_index/resource_index/packages/slam_toolbox
[1.155s] -- Up-to-date symlink: /home/rover/kameyama_ws/install/slam_toolbox/share/ament_index/resource_index/rviz_common__pluginlib__plugin/slam_toolbox
[1.155s] -- Up-to-date symlink: /home/rover/kameyama_ws/install/slam_toolbox/share/ament_index/resource_index/slam_toolbox__pluginlib__plugin/slam_toolbox
[1.155s] -- Up-to-date symlink: /home/rover/kameyama_ws/install/slam_toolbox/share/ament_index/resource_index/rclcpp_components/slam_toolbox
[1.155s] -- Up-to-date symlink: /home/rover/kameyama_ws/install/slam_toolbox/share/slam_toolbox/cmake/rosidl_cmake-extras.cmake
[1.155s] -- Up-to-date symlink: /home/rover/kameyama_ws/install/slam_toolbox/share/slam_toolbox/cmake/ament_cmake_export_dependencies-extras.cmake
[1.155s] -- Up-to-date symlink: /home/rover/kameyama_ws/install/slam_toolbox/share/slam_toolbox/cmake/ament_cmake_export_include_directories-extras.cmake
[1.155s] -- Up-to-date symlink: /home/rover/kameyama_ws/install/slam_toolbox/share/slam_toolbox/cmake/ament_cmake_export_libraries-extras.cmake
[1.155s] -- Up-to-date symlink: /home/rover/kameyama_ws/install/slam_toolbox/share/slam_toolbox/cmake/ament_cmake_export_targets-extras.cmake
[1.155s] -- Up-to-date symlink: /home/rover/kameyama_ws/install/slam_toolbox/share/slam_toolbox/cmake/rosidl_cmake_export_typesupport_targets-extras.cmake
[1.156s] -- Up-to-date symlink: /home/rover/kameyama_ws/install/slam_toolbox/share/slam_toolbox/cmake/rosidl_cmake_export_typesupport_libraries-extras.cmake
[1.156s] -- Up-to-date symlink: /home/rover/kameyama_ws/install/slam_toolbox/share/slam_toolbox/cmake/slam_toolboxConfig.cmake
[1.156s] -- Up-to-date symlink: /home/rover/kameyama_ws/install/slam_toolbox/share/slam_toolbox/cmake/slam_toolboxConfig-version.cmake
[1.156s] -- Up-to-date symlink: /home/rover/kameyama_ws/install/slam_toolbox/share/slam_toolbox/package.xml
[1.156s] -- Up-to-date: /home/rover/kameyama_ws/install/slam_toolbox/lib/libslam_toolbox__rosidl_generator_c.so
[1.156s] -- Up-to-date: /home/rover/kameyama_ws/install/slam_toolbox/lib/libslam_toolbox__rosidl_typesupport_fastrtps_c.so
[1.156s] -- Up-to-date: /home/rover/kameyama_ws/install/slam_toolbox/lib/libslam_toolbox__rosidl_typesupport_fastrtps_cpp.so
[1.157s] -- Up-to-date: /home/rover/kameyama_ws/install/slam_toolbox/lib/libslam_toolbox__rosidl_typesupport_introspection_c.so
[1.157s] -- Up-to-date: /home/rover/kameyama_ws/install/slam_toolbox/lib/libslam_toolbox__rosidl_typesupport_c.so
[1.157s] -- Up-to-date: /home/rover/kameyama_ws/install/slam_toolbox/lib/libslam_toolbox__rosidl_typesupport_introspection_cpp.so
[1.157s] -- Up-to-date: /home/rover/kameyama_ws/install/slam_toolbox/lib/libslam_toolbox__rosidl_typesupport_cpp.so
[1.187s] Listing '/home/rover/kameyama_ws/install/slam_toolbox/local/lib/python3.10/dist-packages/slam_toolbox'...
[1.187s] Listing '/home/rover/kameyama_ws/install/slam_toolbox/local/lib/python3.10/dist-packages/slam_toolbox/srv'...
[1.190s] -- Up-to-date: /home/rover/kameyama_ws/install/slam_toolbox/lib/libslam_toolbox__rosidl_generator_py.so
[1.191s] -- Up-to-date: /home/rover/kameyama_ws/install/slam_toolbox/share/slam_toolbox/cmake/export_slam_toolbox__rosidl_generator_cExport.cmake
[1.191s] -- Up-to-date: /home/rover/kameyama_ws/install/slam_toolbox/share/slam_toolbox/cmake/export_slam_toolbox__rosidl_generator_cExport-release.cmake
[1.191s] -- Up-to-date: /home/rover/kameyama_ws/install/slam_toolbox/share/slam_toolbox/cmake/export_slam_toolbox__rosidl_typesupport_fastrtps_cExport.cmake
[1.191s] -- Up-to-date: /home/rover/kameyama_ws/install/slam_toolbox/share/slam_toolbox/cmake/export_slam_toolbox__rosidl_typesupport_fastrtps_cExport-release.cmake
[1.191s] -- Up-to-date: /home/rover/kameyama_ws/install/slam_toolbox/share/slam_toolbox/cmake/export_slam_toolbox__rosidl_generator_cppExport.cmake
[1.191s] -- Up-to-date: /home/rover/kameyama_ws/install/slam_toolbox/share/slam_toolbox/cmake/export_slam_toolbox__rosidl_typesupport_fastrtps_cppExport.cmake
[1.191s] -- Up-to-date: /home/rover/kameyama_ws/install/slam_toolbox/share/slam_toolbox/cmake/export_slam_toolbox__rosidl_typesupport_fastrtps_cppExport-release.cmake
[1.191s] -- Up-to-date: /home/rover/kameyama_ws/install/slam_toolbox/share/slam_toolbox/cmake/slam_toolbox__rosidl_typesupport_introspection_cExport.cmake
[1.191s] -- Up-to-date: /home/rover/kameyama_ws/install/slam_toolbox/share/slam_toolbox/cmake/slam_toolbox__rosidl_typesupport_introspection_cExport-release.cmake
[1.191s] -- Up-to-date: /home/rover/kameyama_ws/install/slam_toolbox/share/slam_toolbox/cmake/slam_toolbox__rosidl_typesupport_cExport.cmake
[1.191s] -- Up-to-date: /home/rover/kameyama_ws/install/slam_toolbox/share/slam_toolbox/cmake/slam_toolbox__rosidl_typesupport_cExport-release.cmake
[1.191s] -- Up-to-date: /home/rover/kameyama_ws/install/slam_toolbox/share/slam_toolbox/cmake/slam_toolbox__rosidl_typesupport_introspection_cppExport.cmake
[1.191s] -- Up-to-date: /home/rover/kameyama_ws/install/slam_toolbox/share/slam_toolbox/cmake/slam_toolbox__rosidl_typesupport_introspection_cppExport-release.cmake
[1.191s] -- Up-to-date: /home/rover/kameyama_ws/install/slam_toolbox/share/slam_toolbox/cmake/slam_toolbox__rosidl_typesupport_cppExport.cmake
[1.191s] -- Up-to-date: /home/rover/kameyama_ws/install/slam_toolbox/share/slam_toolbox/cmake/slam_toolbox__rosidl_typesupport_cppExport-release.cmake
[1.191s] -- Up-to-date: /home/rover/kameyama_ws/install/slam_toolbox/share/slam_toolbox/cmake/export_slam_toolbox__rosidl_generator_pyExport.cmake
[1.191s] -- Up-to-date: /home/rover/kameyama_ws/install/slam_toolbox/share/slam_toolbox/cmake/export_slam_toolbox__rosidl_generator_pyExport-release.cmake
[1.191s] -- Up-to-date: /home/rover/kameyama_ws/install/slam_toolbox/share/slam_toolbox/cmake/SlamToolboxPluginExport.cmake
[1.192s] -- Up-to-date: /home/rover/kameyama_ws/install/slam_toolbox/share/slam_toolbox/cmake/SlamToolboxPluginExport-release.cmake
[1.194s] Invoked command in '/home/rover/kameyama_ws/build/slam_toolbox' returned '0': CMAKE_PREFIX_PATH=${CMAKE_PREFIX_PATH}:/home/rover/kameyama_ws/install/ros2_aruco:/home/rover/kameyama_ws/install/failure_detection:/home/rover/kameyama_ws/install/bt_generator:/home/rover/amir_basic_ws/install/nav2_simple_commander:/home/rover/amir_basic_ws/install/camera_calibration:/opt/ros/humble /usr/bin/cmake --install /home/rover/kameyama_ws/build/slam_toolbox
