[1.870s] Invoking command in '/home/rover/kameyama_ws/build/bt_generator': PYTHONPATH=/home/rover/kameyama_ws/build/bt_generator/prefix_override:/usr/lib/python3/dist-packages/colcon_core/task/python/colcon_distutils_commands:/home/rover/kameyama_ws/install/bt_generator/lib/python3.10/site-packages:${PYTHONPATH} /usr/bin/python3 -W ignore:setup.py install is deprecated -W ignore:easy_install command is deprecated setup.py develop --editable --build-directory /home/rover/kameyama_ws/build/bt_generator/build --no-deps symlink_data
[2.549s] running develop
[2.834s] running egg_info
[2.869s] writing bt_generator.egg-info/PKG-INFO
[2.899s] writing dependency_links to bt_generator.egg-info/dependency_links.txt
[2.977s] writing entry points to bt_generator.egg-info/entry_points.txt
[3.033s] writing requirements to bt_generator.egg-info/requires.txt
[3.072s] writing top-level names to bt_generator.egg-info/top_level.txt
[3.120s] reading manifest file 'bt_generator.egg-info/SOURCES.txt'
[3.121s] writing manifest file 'bt_generator.egg-info/SOURCES.txt'
[3.156s] running build_ext
[3.156s] Creating /home/rover/kameyama_ws/install/bt_generator/lib/python3.10/site-packages/bt-generator.egg-link (link to .)
[3.156s] Installing bt_commander script to /home/rover/kameyama_ws/install/bt_generator/lib/bt_generator
[3.156s] Installing bt_generator_bebop_base script to /home/rover/kameyama_ws/install/bt_generator/lib/bt_generator
[3.156s] Installing bt_generator_service script to /home/rover/kameyama_ws/install/bt_generator/lib/bt_generator
[3.157s] Installing bt_generator_service_bebop script to /home/rover/kameyama_ws/install/bt_generator/lib/bt_generator
[3.157s] Installing bt_nav_generator script to /home/rover/kameyama_ws/install/bt_generator/lib/bt_generator
[3.157s] Installing bt_send_xml script to /home/rover/kameyama_ws/install/bt_generator/lib/bt_generator
[3.157s] Installing receive_send_xml script to /home/rover/kameyama_ws/install/bt_generator/lib/bt_generator
[3.157s] 
[3.157s] Installed /home/rover/kameyama_ws/build/bt_generator
[3.157s] running symlink_data
[3.498s] Invoked command in '/home/rover/kameyama_ws/build/bt_generator' returned '0': PYTHONPATH=/home/rover/kameyama_ws/build/bt_generator/prefix_override:/usr/lib/python3/dist-packages/colcon_core/task/python/colcon_distutils_commands:/home/rover/kameyama_ws/install/bt_generator/lib/python3.10/site-packages:${PYTHONPATH} /usr/bin/python3 -W ignore:setup.py install is deprecated -W ignore:easy_install command is deprecated setup.py develop --editable --build-directory /home/rover/kameyama_ws/build/bt_generator/build --no-deps symlink_data
