[0.056s] Invoking command in '/home/rover/kameyama_ws/build/ros2_aruco_interfaces': CMAKE_PREFIX_PATH=${CMAKE_PREFIX_PATH}:/home/rover/amir_basic_ws/install/nav2_simple_commander:/home/rover/amir_basic_ws/install/camera_calibration:/opt/ros/humble /usr/bin/cmake --build /home/rover/kameyama_ws/build/ros2_aruco_interfaces -- -j12 -l12
[1.214s] [  3%] Built target ros2_aruco_interfaces__cpp
[1.214s] [ 12%] Built target ros2_aruco_interfaces__rosidl_generator_c
[1.214s] [ 12%] Built target ament_cmake_python_symlink_ros2_aruco_interfaces
[1.214s] [ 22%] Built target ros2_aruco_interfaces__rosidl_typesupport_fastrtps_cpp
[1.214s] [ 32%] Built target ros2_aruco_interfaces__rosidl_typesupport_fastrtps_c
[1.214s] [ 41%] Built target ros2_aruco_interfaces__rosidl_typesupport_cpp
[1.214s] [ 51%] Built target ros2_aruco_interfaces__rosidl_typesupport_introspection_cpp
[1.214s] [ 61%] Built target ros2_aruco_interfaces__rosidl_typesupport_c
[1.214s] [ 70%] Built target ros2_aruco_interfaces__rosidl_typesupport_introspection_c
[1.214s] [ 70%] Built target ros2_aruco_interfaces
[1.215s] [ 74%] Built target ros2_aruco_interfaces__py
[1.215s] [ 80%] Built target ros2_aruco_interfaces__rosidl_generator_py
[1.215s] [ 87%] Built target ros2_aruco_interfaces__rosidl_typesupport_introspection_c__pyext
[1.215s] [ 93%] Built target ros2_aruco_interfaces__rosidl_typesupport_c__pyext
[1.215s] [100%] Built target ros2_aruco_interfaces__rosidl_typesupport_fastrtps_c__pyext
[1.215s] running egg_info
[1.216s] writing ros2_aruco_interfaces.egg-info/PKG-INFO
[1.250s] writing dependency_links to ros2_aruco_interfaces.egg-info/dependency_links.txt
[1.523s] writing top-level names to ros2_aruco_interfaces.egg-info/top_level.txt
[1.649s] reading manifest file 'ros2_aruco_interfaces.egg-info/SOURCES.txt'
[1.650s] writing manifest file 'ros2_aruco_interfaces.egg-info/SOURCES.txt'
[1.694s] [100%] Built target ament_cmake_python_build_ros2_aruco_interfaces_egg
[2.130s] Invoked command in '/home/rover/kameyama_ws/build/ros2_aruco_interfaces' returned '0': CMAKE_PREFIX_PATH=${CMAKE_PREFIX_PATH}:/home/rover/amir_basic_ws/install/nav2_simple_commander:/home/rover/amir_basic_ws/install/camera_calibration:/opt/ros/humble /usr/bin/cmake --build /home/rover/kameyama_ws/build/ros2_aruco_interfaces -- -j12 -l12
[2.132s] Invoking command in '/home/rover/kameyama_ws/build/ros2_aruco_interfaces': CMAKE_PREFIX_PATH=${CMAKE_PREFIX_PATH}:/home/rover/amir_basic_ws/install/nav2_simple_commander:/home/rover/amir_basic_ws/install/camera_calibration:/opt/ros/humble /usr/bin/cmake --install /home/rover/kameyama_ws/build/ros2_aruco_interfaces
[2.207s] -- Install configuration: ""
[2.209s] -- Execute custom install script
[2.209s] -- Up-to-date symlink: /home/rover/kameyama_ws/install/ros2_aruco_interfaces/share/ament_index/resource_index/rosidl_interfaces/ros2_aruco_interfaces
[2.209s] -- Up-to-date symlink: /home/rover/kameyama_ws/install/ros2_aruco_interfaces/include/ros2_aruco_interfaces/ros2_aruco_interfaces/msg/aruco_markers.h
[2.209s] -- Up-to-date symlink: /home/rover/kameyama_ws/install/ros2_aruco_interfaces/include/ros2_aruco_interfaces/ros2_aruco_interfaces/msg/detail/aruco_markers__functions.h
[2.218s] -- Up-to-date symlink: /home/rover/kameyama_ws/install/ros2_aruco_interfaces/include/ros2_aruco_interfaces/ros2_aruco_interfaces/msg/detail/aruco_markers__struct.h
[2.218s] -- Up-to-date symlink: /home/rover/kameyama_ws/install/ros2_aruco_interfaces/include/ros2_aruco_interfaces/ros2_aruco_interfaces/msg/detail/aruco_markers__type_support.h
[2.218s] -- Up-to-date symlink: /home/rover/kameyama_ws/install/ros2_aruco_interfaces/include/ros2_aruco_interfaces/ros2_aruco_interfaces/msg/rosidl_generator_c__visibility_control.h
[2.219s] -- Up-to-date symlink: /home/rover/kameyama_ws/install/ros2_aruco_interfaces/share/ros2_aruco_interfaces/environment/library_path.sh
[2.219s] -- Up-to-date symlink: /home/rover/kameyama_ws/install/ros2_aruco_interfaces/share/ros2_aruco_interfaces/environment/library_path.dsv
[2.219s] -- Up-to-date symlink: /home/rover/kameyama_ws/install/ros2_aruco_interfaces/include/ros2_aruco_interfaces/ros2_aruco_interfaces/msg/detail/aruco_markers__rosidl_typesupport_fastrtps_c.h
[2.219s] -- Up-to-date symlink: /home/rover/kameyama_ws/install/ros2_aruco_interfaces/include/ros2_aruco_interfaces/ros2_aruco_interfaces/msg/rosidl_typesupport_fastrtps_c__visibility_control.h
[2.219s] -- Up-to-date symlink: /home/rover/kameyama_ws/install/ros2_aruco_interfaces/include/ros2_aruco_interfaces/ros2_aruco_interfaces/msg/aruco_markers.hpp
[2.219s] -- Up-to-date symlink: /home/rover/kameyama_ws/install/ros2_aruco_interfaces/include/ros2_aruco_interfaces/ros2_aruco_interfaces/msg/detail/aruco_markers__builder.hpp
[2.219s] -- Up-to-date symlink: /home/rover/kameyama_ws/install/ros2_aruco_interfaces/include/ros2_aruco_interfaces/ros2_aruco_interfaces/msg/detail/aruco_markers__struct.hpp
[2.219s] -- Up-to-date symlink: /home/rover/kameyama_ws/install/ros2_aruco_interfaces/include/ros2_aruco_interfaces/ros2_aruco_interfaces/msg/detail/aruco_markers__traits.hpp
[2.219s] -- Up-to-date symlink: /home/rover/kameyama_ws/install/ros2_aruco_interfaces/include/ros2_aruco_interfaces/ros2_aruco_interfaces/msg/detail/aruco_markers__type_support.hpp
[2.219s] -- Up-to-date symlink: /home/rover/kameyama_ws/install/ros2_aruco_interfaces/include/ros2_aruco_interfaces/ros2_aruco_interfaces/msg/rosidl_generator_cpp__visibility_control.hpp
[2.219s] -- Up-to-date symlink: /home/rover/kameyama_ws/install/ros2_aruco_interfaces/include/ros2_aruco_interfaces/ros2_aruco_interfaces/msg/detail/aruco_markers__rosidl_typesupport_fastrtps_cpp.hpp
[2.219s] -- Up-to-date symlink: /home/rover/kameyama_ws/install/ros2_aruco_interfaces/include/ros2_aruco_interfaces/ros2_aruco_interfaces/msg/rosidl_typesupport_fastrtps_cpp__visibility_control.h
[2.219s] -- Up-to-date symlink: /home/rover/kameyama_ws/install/ros2_aruco_interfaces/include/ros2_aruco_interfaces/ros2_aruco_interfaces/msg/detail/aruco_markers__rosidl_typesupport_introspection_c.h
[2.219s] -- Up-to-date symlink: /home/rover/kameyama_ws/install/ros2_aruco_interfaces/include/ros2_aruco_interfaces/ros2_aruco_interfaces/msg/rosidl_typesupport_introspection_c__visibility_control.h
[2.219s] -- Up-to-date symlink: /home/rover/kameyama_ws/install/ros2_aruco_interfaces/include/ros2_aruco_interfaces/ros2_aruco_interfaces/msg/detail/aruco_markers__rosidl_typesupport_introspection_cpp.hpp
[2.219s] -- Up-to-date symlink: /home/rover/kameyama_ws/install/ros2_aruco_interfaces/share/ros2_aruco_interfaces/environment/pythonpath.sh
[2.219s] -- Up-to-date symlink: /home/rover/kameyama_ws/install/ros2_aruco_interfaces/share/ros2_aruco_interfaces/environment/pythonpath.dsv
[2.219s] -- Up-to-date symlink: /home/rover/kameyama_ws/install/ros2_aruco_interfaces/local/lib/python3.10/dist-packages/ros2_aruco_interfaces-0.1.0-py3.10.egg-info/PKG-INFO
[2.219s] -- Up-to-date symlink: /home/rover/kameyama_ws/install/ros2_aruco_interfaces/local/lib/python3.10/dist-packages/ros2_aruco_interfaces-0.1.0-py3.10.egg-info/SOURCES.txt
[2.219s] -- Up-to-date symlink: /home/rover/kameyama_ws/install/ros2_aruco_interfaces/local/lib/python3.10/dist-packages/ros2_aruco_interfaces-0.1.0-py3.10.egg-info/dependency_links.txt
[2.220s] -- Up-to-date symlink: /home/rover/kameyama_ws/install/ros2_aruco_interfaces/local/lib/python3.10/dist-packages/ros2_aruco_interfaces-0.1.0-py3.10.egg-info/top_level.txt
[2.220s] -- Up-to-date symlink: /home/rover/kameyama_ws/install/ros2_aruco_interfaces/local/lib/python3.10/dist-packages/ros2_aruco_interfaces/__init__.py
[2.220s] -- Up-to-date symlink: /home/rover/kameyama_ws/install/ros2_aruco_interfaces/local/lib/python3.10/dist-packages/ros2_aruco_interfaces/_ros2_aruco_interfaces_s.ep.rosidl_typesupport_c.c
[2.220s] -- Up-to-date symlink: /home/rover/kameyama_ws/install/ros2_aruco_interfaces/local/lib/python3.10/dist-packages/ros2_aruco_interfaces/_ros2_aruco_interfaces_s.ep.rosidl_typesupport_fastrtps_c.c
[2.220s] -- Up-to-date symlink: /home/rover/kameyama_ws/install/ros2_aruco_interfaces/local/lib/python3.10/dist-packages/ros2_aruco_interfaces/_ros2_aruco_interfaces_s.ep.rosidl_typesupport_introspection_c.c
[2.220s] -- Up-to-date symlink: /home/rover/kameyama_ws/install/ros2_aruco_interfaces/local/lib/python3.10/dist-packages/ros2_aruco_interfaces/libros2_aruco_interfaces__rosidl_generator_py.so
[2.224s] -- Up-to-date symlink: /home/rover/kameyama_ws/install/ros2_aruco_interfaces/local/lib/python3.10/dist-packages/ros2_aruco_interfaces/msg/__init__.py
[2.225s] -- Up-to-date symlink: /home/rover/kameyama_ws/install/ros2_aruco_interfaces/local/lib/python3.10/dist-packages/ros2_aruco_interfaces/msg/_aruco_markers.py
[2.225s] -- Up-to-date symlink: /home/rover/kameyama_ws/install/ros2_aruco_interfaces/local/lib/python3.10/dist-packages/ros2_aruco_interfaces/msg/_aruco_markers_s.c
[2.225s] -- Up-to-date symlink: /home/rover/kameyama_ws/install/ros2_aruco_interfaces/local/lib/python3.10/dist-packages/ros2_aruco_interfaces/ros2_aruco_interfaces_s__rosidl_typesupport_c.cpython-310-x86_64-linux-gnu.so
[2.226s] -- Up-to-date symlink: /home/rover/kameyama_ws/install/ros2_aruco_interfaces/local/lib/python3.10/dist-packages/ros2_aruco_interfaces/ros2_aruco_interfaces_s__rosidl_typesupport_fastrtps_c.cpython-310-x86_64-linux-gnu.so
[2.226s] -- Up-to-date symlink: /home/rover/kameyama_ws/install/ros2_aruco_interfaces/local/lib/python3.10/dist-packages/ros2_aruco_interfaces/ros2_aruco_interfaces_s__rosidl_typesupport_introspection_c.cpython-310-x86_64-linux-gnu.so
[2.227s] -- Up-to-date symlink: /home/rover/kameyama_ws/install/ros2_aruco_interfaces/local/lib/python3.10/dist-packages/ros2_aruco_interfaces/ros2_aruco_interfaces_s__rosidl_typesupport_fastrtps_c.cpython-310-x86_64-linux-gnu.so
[2.232s] -- Up-to-date symlink: /home/rover/kameyama_ws/install/ros2_aruco_interfaces/local/lib/python3.10/dist-packages/ros2_aruco_interfaces/ros2_aruco_interfaces_s__rosidl_typesupport_introspection_c.cpython-310-x86_64-linux-gnu.so
[2.236s] -- Up-to-date symlink: /home/rover/kameyama_ws/install/ros2_aruco_interfaces/local/lib/python3.10/dist-packages/ros2_aruco_interfaces/ros2_aruco_interfaces_s__rosidl_typesupport_c.cpython-310-x86_64-linux-gnu.so
[2.237s] -- Up-to-date symlink: /home/rover/kameyama_ws/install/ros2_aruco_interfaces/share/ros2_aruco_interfaces/msg/ArucoMarkers.idl
[2.237s] -- Up-to-date symlink: /home/rover/kameyama_ws/install/ros2_aruco_interfaces/share/ros2_aruco_interfaces/msg/ArucoMarkers.msg
[2.248s] -- Up-to-date symlink: /home/rover/kameyama_ws/install/ros2_aruco_interfaces/share/ament_index/resource_index/package_run_dependencies/ros2_aruco_interfaces
[2.248s] -- Up-to-date symlink: /home/rover/kameyama_ws/install/ros2_aruco_interfaces/share/ament_index/resource_index/parent_prefix_path/ros2_aruco_interfaces
[2.248s] -- Up-to-date symlink: /home/rover/kameyama_ws/install/ros2_aruco_interfaces/share/ros2_aruco_interfaces/environment/ament_prefix_path.sh
[2.249s] -- Up-to-date symlink: /home/rover/kameyama_ws/install/ros2_aruco_interfaces/share/ros2_aruco_interfaces/environment/ament_prefix_path.dsv
[2.250s] -- Up-to-date symlink: /home/rover/kameyama_ws/install/ros2_aruco_interfaces/share/ros2_aruco_interfaces/environment/path.sh
[2.250s] -- Up-to-date symlink: /home/rover/kameyama_ws/install/ros2_aruco_interfaces/share/ros2_aruco_interfaces/environment/path.dsv
[2.250s] -- Up-to-date symlink: /home/rover/kameyama_ws/install/ros2_aruco_interfaces/share/ros2_aruco_interfaces/local_setup.bash
[2.250s] -- Up-to-date symlink: /home/rover/kameyama_ws/install/ros2_aruco_interfaces/share/ros2_aruco_interfaces/local_setup.sh
[2.250s] -- Up-to-date symlink: /home/rover/kameyama_ws/install/ros2_aruco_interfaces/share/ros2_aruco_interfaces/local_setup.zsh
[2.251s] -- Up-to-date symlink: /home/rover/kameyama_ws/install/ros2_aruco_interfaces/share/ros2_aruco_interfaces/local_setup.dsv
[2.251s] -- Symlinking: /home/rover/kameyama_ws/install/ros2_aruco_interfaces/share/ros2_aruco_interfaces/package.dsv
[2.273s] -- Up-to-date symlink: /home/rover/kameyama_ws/install/ros2_aruco_interfaces/share/ament_index/resource_index/packages/ros2_aruco_interfaces
[2.274s] -- Up-to-date symlink: /home/rover/kameyama_ws/install/ros2_aruco_interfaces/share/ros2_aruco_interfaces/cmake/rosidl_cmake-extras.cmake
[2.275s] -- Up-to-date symlink: /home/rover/kameyama_ws/install/ros2_aruco_interfaces/share/ros2_aruco_interfaces/cmake/ament_cmake_export_dependencies-extras.cmake
[2.275s] -- Up-to-date symlink: /home/rover/kameyama_ws/install/ros2_aruco_interfaces/share/ros2_aruco_interfaces/cmake/ament_cmake_export_include_directories-extras.cmake
[2.275s] -- Up-to-date symlink: /home/rover/kameyama_ws/install/ros2_aruco_interfaces/share/ros2_aruco_interfaces/cmake/ament_cmake_export_libraries-extras.cmake
[2.275s] -- Up-to-date symlink: /home/rover/kameyama_ws/install/ros2_aruco_interfaces/share/ros2_aruco_interfaces/cmake/ament_cmake_export_targets-extras.cmake
[2.275s] -- Up-to-date symlink: /home/rover/kameyama_ws/install/ros2_aruco_interfaces/share/ros2_aruco_interfaces/cmake/rosidl_cmake_export_typesupport_targets-extras.cmake
[2.275s] -- Up-to-date symlink: /home/rover/kameyama_ws/install/ros2_aruco_interfaces/share/ros2_aruco_interfaces/cmake/rosidl_cmake_export_typesupport_libraries-extras.cmake
[2.275s] -- Up-to-date symlink: /home/rover/kameyama_ws/install/ros2_aruco_interfaces/share/ros2_aruco_interfaces/cmake/ros2_aruco_interfacesConfig.cmake
[2.275s] -- Up-to-date symlink: /home/rover/kameyama_ws/install/ros2_aruco_interfaces/share/ros2_aruco_interfaces/cmake/ros2_aruco_interfacesConfig-version.cmake
[2.275s] -- Up-to-date symlink: /home/rover/kameyama_ws/install/ros2_aruco_interfaces/share/ros2_aruco_interfaces/package.xml
[2.276s] -- Up-to-date: /home/rover/kameyama_ws/install/ros2_aruco_interfaces/lib/libros2_aruco_interfaces__rosidl_generator_c.so
[2.278s] -- Up-to-date: /home/rover/kameyama_ws/install/ros2_aruco_interfaces/lib/libros2_aruco_interfaces__rosidl_typesupport_fastrtps_c.so
[2.280s] -- Up-to-date: /home/rover/kameyama_ws/install/ros2_aruco_interfaces/lib/libros2_aruco_interfaces__rosidl_typesupport_fastrtps_cpp.so
[2.282s] -- Up-to-date: /home/rover/kameyama_ws/install/ros2_aruco_interfaces/lib/libros2_aruco_interfaces__rosidl_typesupport_introspection_c.so
[2.283s] -- Up-to-date: /home/rover/kameyama_ws/install/ros2_aruco_interfaces/lib/libros2_aruco_interfaces__rosidl_typesupport_c.so
[2.285s] -- Up-to-date: /home/rover/kameyama_ws/install/ros2_aruco_interfaces/lib/libros2_aruco_interfaces__rosidl_typesupport_introspection_cpp.so
[2.286s] -- Up-to-date: /home/rover/kameyama_ws/install/ros2_aruco_interfaces/lib/libros2_aruco_interfaces__rosidl_typesupport_cpp.so
[2.313s] Listing '/home/rover/kameyama_ws/install/ros2_aruco_interfaces/local/lib/python3.10/dist-packages/ros2_aruco_interfaces'...
[2.313s] Listing '/home/rover/kameyama_ws/install/ros2_aruco_interfaces/local/lib/python3.10/dist-packages/ros2_aruco_interfaces/msg'...
[2.320s] -- Up-to-date: /home/rover/kameyama_ws/install/ros2_aruco_interfaces/lib/libros2_aruco_interfaces__rosidl_generator_py.so
[2.320s] -- Up-to-date: /home/rover/kameyama_ws/install/ros2_aruco_interfaces/share/ros2_aruco_interfaces/cmake/export_ros2_aruco_interfaces__rosidl_generator_cExport.cmake
[2.320s] -- Up-to-date: /home/rover/kameyama_ws/install/ros2_aruco_interfaces/share/ros2_aruco_interfaces/cmake/export_ros2_aruco_interfaces__rosidl_generator_cExport-noconfig.cmake
[2.320s] -- Up-to-date: /home/rover/kameyama_ws/install/ros2_aruco_interfaces/share/ros2_aruco_interfaces/cmake/export_ros2_aruco_interfaces__rosidl_typesupport_fastrtps_cExport.cmake
[2.320s] -- Up-to-date: /home/rover/kameyama_ws/install/ros2_aruco_interfaces/share/ros2_aruco_interfaces/cmake/export_ros2_aruco_interfaces__rosidl_typesupport_fastrtps_cExport-noconfig.cmake
[2.321s] -- Up-to-date: /home/rover/kameyama_ws/install/ros2_aruco_interfaces/share/ros2_aruco_interfaces/cmake/export_ros2_aruco_interfaces__rosidl_generator_cppExport.cmake
[2.321s] -- Up-to-date: /home/rover/kameyama_ws/install/ros2_aruco_interfaces/share/ros2_aruco_interfaces/cmake/export_ros2_aruco_interfaces__rosidl_typesupport_fastrtps_cppExport.cmake
[2.321s] -- Up-to-date: /home/rover/kameyama_ws/install/ros2_aruco_interfaces/share/ros2_aruco_interfaces/cmake/export_ros2_aruco_interfaces__rosidl_typesupport_fastrtps_cppExport-noconfig.cmake
[2.322s] -- Up-to-date: /home/rover/kameyama_ws/install/ros2_aruco_interfaces/share/ros2_aruco_interfaces/cmake/ros2_aruco_interfaces__rosidl_typesupport_introspection_cExport.cmake
[2.323s] -- Up-to-date: /home/rover/kameyama_ws/install/ros2_aruco_interfaces/share/ros2_aruco_interfaces/cmake/ros2_aruco_interfaces__rosidl_typesupport_introspection_cExport-noconfig.cmake
[2.323s] -- Up-to-date: /home/rover/kameyama_ws/install/ros2_aruco_interfaces/share/ros2_aruco_interfaces/cmake/ros2_aruco_interfaces__rosidl_typesupport_cExport.cmake
[2.323s] -- Up-to-date: /home/rover/kameyama_ws/install/ros2_aruco_interfaces/share/ros2_aruco_interfaces/cmake/ros2_aruco_interfaces__rosidl_typesupport_cExport-noconfig.cmake
[2.324s] -- Up-to-date: /home/rover/kameyama_ws/install/ros2_aruco_interfaces/share/ros2_aruco_interfaces/cmake/ros2_aruco_interfaces__rosidl_typesupport_introspection_cppExport.cmake
[2.324s] -- Up-to-date: /home/rover/kameyama_ws/install/ros2_aruco_interfaces/share/ros2_aruco_interfaces/cmake/ros2_aruco_interfaces__rosidl_typesupport_introspection_cppExport-noconfig.cmake
[2.325s] -- Up-to-date: /home/rover/kameyama_ws/install/ros2_aruco_interfaces/share/ros2_aruco_interfaces/cmake/ros2_aruco_interfaces__rosidl_typesupport_cppExport.cmake
[2.325s] -- Up-to-date: /home/rover/kameyama_ws/install/ros2_aruco_interfaces/share/ros2_aruco_interfaces/cmake/ros2_aruco_interfaces__rosidl_typesupport_cppExport-noconfig.cmake
[2.325s] -- Up-to-date: /home/rover/kameyama_ws/install/ros2_aruco_interfaces/share/ros2_aruco_interfaces/cmake/export_ros2_aruco_interfaces__rosidl_generator_pyExport.cmake
[2.326s] -- Up-to-date: /home/rover/kameyama_ws/install/ros2_aruco_interfaces/share/ros2_aruco_interfaces/cmake/export_ros2_aruco_interfaces__rosidl_generator_pyExport-noconfig.cmake
[2.399s] Invoked command in '/home/rover/kameyama_ws/build/ros2_aruco_interfaces' returned '0': CMAKE_PREFIX_PATH=${CMAKE_PREFIX_PATH}:/home/rover/amir_basic_ws/install/nav2_simple_commander:/home/rover/amir_basic_ws/install/camera_calibration:/opt/ros/humble /usr/bin/cmake --install /home/rover/kameyama_ws/build/ros2_aruco_interfaces
