[0.042s] Invoking command in '/home/das-note-021/amir_kameyama_ws/build/observation_msgs': CMAKE_PREFIX_PATH=${CMAKE_PREFIX_PATH}:/home/das-note-021/amir_kameyama_ws/install/failure_detection:/home/das-note-021/amir_kameyama_ws/install/bt_generator:/home/das-note-021/kameyama_ws/install/ros2_aruco:/home/das-note-021/kameyama_ws/install/failure_detection:/home/das-note-021/kameyama_ws/install/bt_generator:/opt/ros/humble /usr/bin/cmake --build /home/das-note-021/amir_kameyama_ws/build/observation_msgs -- -j22 -l22
[0.376s] [  1%] Built target observation_msgs__cpp
[0.376s] [ 12%] Built target observation_msgs__rosidl_generator_c
[0.376s] [ 12%] Built target ament_cmake_python_symlink_observation_msgs
[0.376s] [ 23%] Built target observation_msgs__rosidl_typesupport_introspection_cpp
[0.376s] [ 34%] Built target observation_msgs__rosidl_typesupport_c
[0.376s] [ 46%] Built target observation_msgs__rosidl_typesupport_cpp
[0.376s] [ 57%] Built target observation_msgs__rosidl_typesupport_introspection_c
[0.376s] [ 68%] Built target observation_msgs__rosidl_typesupport_fastrtps_cpp
[0.377s] [ 79%] Built target observation_msgs__rosidl_typesupport_fastrtps_c
[0.377s] [ 79%] Built target observation_msgs
[0.377s] [ 80%] Built target observation_msgs__py
[0.377s] [ 90%] Built target observation_msgs__rosidl_generator_py
[0.377s] [ 93%] Built target observation_msgs__rosidl_typesupport_fastrtps_c__pyext
[0.377s] [ 96%] Built target observation_msgs__rosidl_typesupport_introspection_c__pyext
[0.377s] [100%] Built target observation_msgs__rosidl_typesupport_c__pyext
[0.377s] running egg_info
[0.377s] writing observation_msgs.egg-info/PKG-INFO
[0.377s] writing dependency_links to observation_msgs.egg-info/dependency_links.txt
[0.377s] writing top-level names to observation_msgs.egg-info/top_level.txt
[0.378s] reading manifest file 'observation_msgs.egg-info/SOURCES.txt'
[0.378s] writing manifest file 'observation_msgs.egg-info/SOURCES.txt'
[0.382s] [100%] Built target ament_cmake_python_build_observation_msgs_egg
[0.394s] Invoked command in '/home/das-note-021/amir_kameyama_ws/build/observation_msgs' returned '0': CMAKE_PREFIX_PATH=${CMAKE_PREFIX_PATH}:/home/das-note-021/amir_kameyama_ws/install/failure_detection:/home/das-note-021/amir_kameyama_ws/install/bt_generator:/home/das-note-021/kameyama_ws/install/ros2_aruco:/home/das-note-021/kameyama_ws/install/failure_detection:/home/das-note-021/kameyama_ws/install/bt_generator:/opt/ros/humble /usr/bin/cmake --build /home/das-note-021/amir_kameyama_ws/build/observation_msgs -- -j22 -l22
[0.397s] Invoking command in '/home/das-note-021/amir_kameyama_ws/build/observation_msgs': CMAKE_PREFIX_PATH=${CMAKE_PREFIX_PATH}:/home/das-note-021/amir_kameyama_ws/install/failure_detection:/home/das-note-021/amir_kameyama_ws/install/bt_generator:/home/das-note-021/kameyama_ws/install/ros2_aruco:/home/das-note-021/kameyama_ws/install/failure_detection:/home/das-note-021/kameyama_ws/install/bt_generator:/opt/ros/humble /usr/bin/cmake --install /home/das-note-021/amir_kameyama_ws/build/observation_msgs
[0.423s] -- Install configuration: ""
[0.424s] -- Execute custom install script
[0.424s] -- Up-to-date symlink: /home/das-note-021/amir_kameyama_ws/install/observation_msgs/share/ament_index/resource_index/rosidl_interfaces/observation_msgs
[0.424s] -- Up-to-date symlink: /home/das-note-021/amir_kameyama_ws/install/observation_msgs/include/observation_msgs/observation_msgs/msg/detail/object__functions.h
[0.424s] -- Up-to-date symlink: /home/das-note-021/amir_kameyama_ws/install/observation_msgs/include/observation_msgs/observation_msgs/msg/detail/object__struct.h
[0.424s] -- Up-to-date symlink: /home/das-note-021/amir_kameyama_ws/install/observation_msgs/include/observation_msgs/observation_msgs/msg/detail/object__type_support.h
[0.424s] -- Up-to-date symlink: /home/das-note-021/amir_kameyama_ws/install/observation_msgs/include/observation_msgs/observation_msgs/msg/detail/path_evaluation__functions.h
[0.424s] -- Up-to-date symlink: /home/das-note-021/amir_kameyama_ws/install/observation_msgs/include/observation_msgs/observation_msgs/msg/detail/path_evaluation__struct.h
[0.424s] -- Up-to-date symlink: /home/das-note-021/amir_kameyama_ws/install/observation_msgs/include/observation_msgs/observation_msgs/msg/detail/path_evaluation__type_support.h
[0.424s] -- Up-to-date symlink: /home/das-note-021/amir_kameyama_ws/install/observation_msgs/include/observation_msgs/observation_msgs/msg/object.h
[0.424s] -- Up-to-date symlink: /home/das-note-021/amir_kameyama_ws/install/observation_msgs/include/observation_msgs/observation_msgs/msg/path_evaluation.h
[0.424s] -- Up-to-date symlink: /home/das-note-021/amir_kameyama_ws/install/observation_msgs/include/observation_msgs/observation_msgs/msg/rosidl_generator_c__visibility_control.h
[0.424s] -- Up-to-date symlink: /home/das-note-021/amir_kameyama_ws/install/observation_msgs/include/observation_msgs/observation_msgs/srv/detail/get_objects__functions.h
[0.424s] -- Up-to-date symlink: /home/das-note-021/amir_kameyama_ws/install/observation_msgs/include/observation_msgs/observation_msgs/srv/detail/get_objects__struct.h
[0.424s] -- Up-to-date symlink: /home/das-note-021/amir_kameyama_ws/install/observation_msgs/include/observation_msgs/observation_msgs/srv/detail/get_objects__type_support.h
[0.424s] -- Up-to-date symlink: /home/das-note-021/amir_kameyama_ws/install/observation_msgs/include/observation_msgs/observation_msgs/srv/detail/path_check__functions.h
[0.424s] -- Up-to-date symlink: /home/das-note-021/amir_kameyama_ws/install/observation_msgs/include/observation_msgs/observation_msgs/srv/detail/path_check__struct.h
[0.424s] -- Up-to-date symlink: /home/das-note-021/amir_kameyama_ws/install/observation_msgs/include/observation_msgs/observation_msgs/srv/detail/path_check__type_support.h
[0.424s] -- Up-to-date symlink: /home/das-note-021/amir_kameyama_ws/install/observation_msgs/include/observation_msgs/observation_msgs/srv/detail/set_objects__functions.h
[0.425s] -- Up-to-date symlink: /home/das-note-021/amir_kameyama_ws/install/observation_msgs/include/observation_msgs/observation_msgs/srv/detail/set_objects__struct.h
[0.425s] -- Up-to-date symlink: /home/das-note-021/amir_kameyama_ws/install/observation_msgs/include/observation_msgs/observation_msgs/srv/detail/set_objects__type_support.h
[0.425s] -- Up-to-date symlink: /home/das-note-021/amir_kameyama_ws/install/observation_msgs/include/observation_msgs/observation_msgs/srv/get_objects.h
[0.425s] -- Up-to-date symlink: /home/das-note-021/amir_kameyama_ws/install/observation_msgs/include/observation_msgs/observation_msgs/srv/path_check.h
[0.425s] -- Up-to-date symlink: /home/das-note-021/amir_kameyama_ws/install/observation_msgs/include/observation_msgs/observation_msgs/srv/set_objects.h
[0.425s] -- Up-to-date symlink: /home/das-note-021/amir_kameyama_ws/install/observation_msgs/share/observation_msgs/environment/library_path.sh
[0.425s] -- Up-to-date symlink: /home/das-note-021/amir_kameyama_ws/install/observation_msgs/share/observation_msgs/environment/library_path.dsv
[0.425s] -- Up-to-date symlink: /home/das-note-021/amir_kameyama_ws/install/observation_msgs/include/observation_msgs/observation_msgs/msg/detail/object__rosidl_typesupport_fastrtps_c.h
[0.425s] -- Up-to-date symlink: /home/das-note-021/amir_kameyama_ws/install/observation_msgs/include/observation_msgs/observation_msgs/msg/detail/path_evaluation__rosidl_typesupport_fastrtps_c.h
[0.425s] -- Up-to-date symlink: /home/das-note-021/amir_kameyama_ws/install/observation_msgs/include/observation_msgs/observation_msgs/msg/rosidl_typesupport_fastrtps_c__visibility_control.h
[0.425s] -- Up-to-date symlink: /home/das-note-021/amir_kameyama_ws/install/observation_msgs/include/observation_msgs/observation_msgs/srv/detail/get_objects__rosidl_typesupport_fastrtps_c.h
[0.425s] -- Up-to-date symlink: /home/das-note-021/amir_kameyama_ws/install/observation_msgs/include/observation_msgs/observation_msgs/srv/detail/path_check__rosidl_typesupport_fastrtps_c.h
[0.425s] -- Up-to-date symlink: /home/das-note-021/amir_kameyama_ws/install/observation_msgs/include/observation_msgs/observation_msgs/srv/detail/set_objects__rosidl_typesupport_fastrtps_c.h
[0.425s] -- Up-to-date symlink: /home/das-note-021/amir_kameyama_ws/install/observation_msgs/include/observation_msgs/observation_msgs/msg/detail/object__builder.hpp
[0.425s] -- Up-to-date symlink: /home/das-note-021/amir_kameyama_ws/install/observation_msgs/include/observation_msgs/observation_msgs/msg/detail/object__struct.hpp
[0.425s] -- Up-to-date symlink: /home/das-note-021/amir_kameyama_ws/install/observation_msgs/include/observation_msgs/observation_msgs/msg/detail/object__traits.hpp
[0.425s] -- Up-to-date symlink: /home/das-note-021/amir_kameyama_ws/install/observation_msgs/include/observation_msgs/observation_msgs/msg/detail/object__type_support.hpp
[0.425s] -- Up-to-date symlink: /home/das-note-021/amir_kameyama_ws/install/observation_msgs/include/observation_msgs/observation_msgs/msg/detail/path_evaluation__builder.hpp
[0.425s] -- Up-to-date symlink: /home/das-note-021/amir_kameyama_ws/install/observation_msgs/include/observation_msgs/observation_msgs/msg/detail/path_evaluation__struct.hpp
[0.425s] -- Up-to-date symlink: /home/das-note-021/amir_kameyama_ws/install/observation_msgs/include/observation_msgs/observation_msgs/msg/detail/path_evaluation__traits.hpp
[0.425s] -- Up-to-date symlink: /home/das-note-021/amir_kameyama_ws/install/observation_msgs/include/observation_msgs/observation_msgs/msg/detail/path_evaluation__type_support.hpp
[0.425s] -- Up-to-date symlink: /home/das-note-021/amir_kameyama_ws/install/observation_msgs/include/observation_msgs/observation_msgs/msg/object.hpp
[0.425s] -- Up-to-date symlink: /home/das-note-021/amir_kameyama_ws/install/observation_msgs/include/observation_msgs/observation_msgs/msg/path_evaluation.hpp
[0.425s] -- Up-to-date symlink: /home/das-note-021/amir_kameyama_ws/install/observation_msgs/include/observation_msgs/observation_msgs/msg/rosidl_generator_cpp__visibility_control.hpp
[0.425s] -- Up-to-date symlink: /home/das-note-021/amir_kameyama_ws/install/observation_msgs/include/observation_msgs/observation_msgs/srv/detail/get_objects__builder.hpp
[0.426s] -- Up-to-date symlink: /home/das-note-021/amir_kameyama_ws/install/observation_msgs/include/observation_msgs/observation_msgs/srv/detail/get_objects__struct.hpp
[0.426s] -- Up-to-date symlink: /home/das-note-021/amir_kameyama_ws/install/observation_msgs/include/observation_msgs/observation_msgs/srv/detail/get_objects__traits.hpp
[0.426s] -- Up-to-date symlink: /home/das-note-021/amir_kameyama_ws/install/observation_msgs/include/observation_msgs/observation_msgs/srv/detail/get_objects__type_support.hpp
[0.426s] -- Up-to-date symlink: /home/das-note-021/amir_kameyama_ws/install/observation_msgs/include/observation_msgs/observation_msgs/srv/detail/path_check__builder.hpp
[0.426s] -- Up-to-date symlink: /home/das-note-021/amir_kameyama_ws/install/observation_msgs/include/observation_msgs/observation_msgs/srv/detail/path_check__struct.hpp
[0.426s] -- Up-to-date symlink: /home/das-note-021/amir_kameyama_ws/install/observation_msgs/include/observation_msgs/observation_msgs/srv/detail/path_check__traits.hpp
[0.427s] -- Up-to-date symlink: /home/das-note-021/amir_kameyama_ws/install/observation_msgs/include/observation_msgs/observation_msgs/srv/detail/path_check__type_support.hpp
[0.427s] -- Up-to-date symlink: /home/das-note-021/amir_kameyama_ws/install/observation_msgs/include/observation_msgs/observation_msgs/srv/detail/set_objects__builder.hpp
[0.427s] -- Up-to-date symlink: /home/das-note-021/amir_kameyama_ws/install/observation_msgs/include/observation_msgs/observation_msgs/srv/detail/set_objects__struct.hpp
[0.427s] -- Up-to-date symlink: /home/das-note-021/amir_kameyama_ws/install/observation_msgs/include/observation_msgs/observation_msgs/srv/detail/set_objects__traits.hpp
[0.427s] -- Up-to-date symlink: /home/das-note-021/amir_kameyama_ws/install/observation_msgs/include/observation_msgs/observation_msgs/srv/detail/set_objects__type_support.hpp
[0.428s] -- Up-to-date symlink: /home/das-note-021/amir_kameyama_ws/install/observation_msgs/include/observation_msgs/observation_msgs/srv/get_objects.hpp
[0.428s] -- Up-to-date symlink: /home/das-note-021/amir_kameyama_ws/install/observation_msgs/include/observation_msgs/observation_msgs/srv/path_check.hpp
[0.429s] -- Up-to-date symlink: /home/das-note-021/amir_kameyama_ws/install/observation_msgs/include/observation_msgs/observation_msgs/srv/set_objects.hpp
[0.429s] -- Up-to-date symlink: /home/das-note-021/amir_kameyama_ws/install/observation_msgs/include/observation_msgs/observation_msgs/msg/detail/object__rosidl_typesupport_fastrtps_cpp.hpp
[0.429s] -- Up-to-date symlink: /home/das-note-021/amir_kameyama_ws/install/observation_msgs/include/observation_msgs/observation_msgs/msg/detail/path_evaluation__rosidl_typesupport_fastrtps_cpp.hpp
[0.429s] -- Up-to-date symlink: /home/das-note-021/amir_kameyama_ws/install/observation_msgs/include/observation_msgs/observation_msgs/msg/rosidl_typesupport_fastrtps_cpp__visibility_control.h
[0.429s] -- Up-to-date symlink: /home/das-note-021/amir_kameyama_ws/install/observation_msgs/include/observation_msgs/observation_msgs/srv/detail/get_objects__rosidl_typesupport_fastrtps_cpp.hpp
[0.430s] -- Up-to-date symlink: /home/das-note-021/amir_kameyama_ws/install/observation_msgs/include/observation_msgs/observation_msgs/srv/detail/path_check__rosidl_typesupport_fastrtps_cpp.hpp
[0.430s] -- Up-to-date symlink: /home/das-note-021/amir_kameyama_ws/install/observation_msgs/include/observation_msgs/observation_msgs/srv/detail/set_objects__rosidl_typesupport_fastrtps_cpp.hpp
[0.430s] -- Up-to-date symlink: /home/das-note-021/amir_kameyama_ws/install/observation_msgs/include/observation_msgs/observation_msgs/msg/detail/object__rosidl_typesupport_introspection_c.h
[0.430s] -- Up-to-date symlink: /home/das-note-021/amir_kameyama_ws/install/observation_msgs/include/observation_msgs/observation_msgs/msg/detail/path_evaluation__rosidl_typesupport_introspection_c.h
[0.430s] -- Up-to-date symlink: /home/das-note-021/amir_kameyama_ws/install/observation_msgs/include/observation_msgs/observation_msgs/msg/rosidl_typesupport_introspection_c__visibility_control.h
[0.430s] -- Up-to-date symlink: /home/das-note-021/amir_kameyama_ws/install/observation_msgs/include/observation_msgs/observation_msgs/srv/detail/get_objects__rosidl_typesupport_introspection_c.h
[0.430s] -- Up-to-date symlink: /home/das-note-021/amir_kameyama_ws/install/observation_msgs/include/observation_msgs/observation_msgs/srv/detail/path_check__rosidl_typesupport_introspection_c.h
[0.430s] -- Up-to-date symlink: /home/das-note-021/amir_kameyama_ws/install/observation_msgs/include/observation_msgs/observation_msgs/srv/detail/set_objects__rosidl_typesupport_introspection_c.h
[0.430s] -- Up-to-date symlink: /home/das-note-021/amir_kameyama_ws/install/observation_msgs/include/observation_msgs/observation_msgs/msg/detail/object__rosidl_typesupport_introspection_cpp.hpp
[0.431s] -- Up-to-date symlink: /home/das-note-021/amir_kameyama_ws/install/observation_msgs/include/observation_msgs/observation_msgs/msg/detail/path_evaluation__rosidl_typesupport_introspection_cpp.hpp
[0.431s] -- Up-to-date symlink: /home/das-note-021/amir_kameyama_ws/install/observation_msgs/include/observation_msgs/observation_msgs/srv/detail/get_objects__rosidl_typesupport_introspection_cpp.hpp
[0.431s] -- Up-to-date symlink: /home/das-note-021/amir_kameyama_ws/install/observation_msgs/include/observation_msgs/observation_msgs/srv/detail/path_check__rosidl_typesupport_introspection_cpp.hpp
[0.431s] -- Up-to-date symlink: /home/das-note-021/amir_kameyama_ws/install/observation_msgs/include/observation_msgs/observation_msgs/srv/detail/set_objects__rosidl_typesupport_introspection_cpp.hpp
[0.431s] -- Up-to-date symlink: /home/das-note-021/amir_kameyama_ws/install/observation_msgs/share/observation_msgs/environment/pythonpath.sh
[0.431s] -- Up-to-date symlink: /home/das-note-021/amir_kameyama_ws/install/observation_msgs/share/observation_msgs/environment/pythonpath.dsv
[0.431s] -- Up-to-date symlink: /home/das-note-021/amir_kameyama_ws/install/observation_msgs/local/lib/python3.10/dist-packages/observation_msgs-0.1.0-py3.10.egg-info/PKG-INFO
[0.432s] -- Up-to-date symlink: /home/das-note-021/amir_kameyama_ws/install/observation_msgs/local/lib/python3.10/dist-packages/observation_msgs-0.1.0-py3.10.egg-info/SOURCES.txt
[0.432s] -- Up-to-date symlink: /home/das-note-021/amir_kameyama_ws/install/observation_msgs/local/lib/python3.10/dist-packages/observation_msgs-0.1.0-py3.10.egg-info/dependency_links.txt
[0.432s] -- Up-to-date symlink: /home/das-note-021/amir_kameyama_ws/install/observation_msgs/local/lib/python3.10/dist-packages/observation_msgs-0.1.0-py3.10.egg-info/top_level.txt
[0.432s] -- Up-to-date symlink: /home/das-note-021/amir_kameyama_ws/install/observation_msgs/local/lib/python3.10/dist-packages/observation_msgs/__init__.py
[0.432s] -- Up-to-date symlink: /home/das-note-021/amir_kameyama_ws/install/observation_msgs/local/lib/python3.10/dist-packages/observation_msgs/_observation_msgs_s.ep.rosidl_typesupport_c.c
[0.432s] -- Up-to-date symlink: /home/das-note-021/amir_kameyama_ws/install/observation_msgs/local/lib/python3.10/dist-packages/observation_msgs/_observation_msgs_s.ep.rosidl_typesupport_fastrtps_c.c
[0.432s] -- Up-to-date symlink: /home/das-note-021/amir_kameyama_ws/install/observation_msgs/local/lib/python3.10/dist-packages/observation_msgs/_observation_msgs_s.ep.rosidl_typesupport_introspection_c.c
[0.432s] -- Up-to-date symlink: /home/das-note-021/amir_kameyama_ws/install/observation_msgs/local/lib/python3.10/dist-packages/observation_msgs/libobservation_msgs__rosidl_generator_py.so
[0.432s] -- Up-to-date symlink: /home/das-note-021/amir_kameyama_ws/install/observation_msgs/local/lib/python3.10/dist-packages/observation_msgs/msg/__init__.py
[0.432s] -- Up-to-date symlink: /home/das-note-021/amir_kameyama_ws/install/observation_msgs/local/lib/python3.10/dist-packages/observation_msgs/msg/_object.py
[0.432s] -- Up-to-date symlink: /home/das-note-021/amir_kameyama_ws/install/observation_msgs/local/lib/python3.10/dist-packages/observation_msgs/msg/_object_s.c
[0.432s] -- Up-to-date symlink: /home/das-note-021/amir_kameyama_ws/install/observation_msgs/local/lib/python3.10/dist-packages/observation_msgs/msg/_path_evaluation.py
[0.432s] -- Up-to-date symlink: /home/das-note-021/amir_kameyama_ws/install/observation_msgs/local/lib/python3.10/dist-packages/observation_msgs/msg/_path_evaluation_s.c
[0.432s] -- Up-to-date symlink: /home/das-note-021/amir_kameyama_ws/install/observation_msgs/local/lib/python3.10/dist-packages/observation_msgs/observation_msgs_s__rosidl_typesupport_c.cpython-310-x86_64-linux-gnu.so
[0.433s] -- Up-to-date symlink: /home/das-note-021/amir_kameyama_ws/install/observation_msgs/local/lib/python3.10/dist-packages/observation_msgs/observation_msgs_s__rosidl_typesupport_fastrtps_c.cpython-310-x86_64-linux-gnu.so
[0.433s] -- Up-to-date symlink: /home/das-note-021/amir_kameyama_ws/install/observation_msgs/local/lib/python3.10/dist-packages/observation_msgs/observation_msgs_s__rosidl_typesupport_introspection_c.cpython-310-x86_64-linux-gnu.so
[0.433s] -- Up-to-date symlink: /home/das-note-021/amir_kameyama_ws/install/observation_msgs/local/lib/python3.10/dist-packages/observation_msgs/srv/__init__.py
[0.433s] -- Up-to-date symlink: /home/das-note-021/amir_kameyama_ws/install/observation_msgs/local/lib/python3.10/dist-packages/observation_msgs/srv/_get_objects.py
[0.433s] -- Up-to-date symlink: /home/das-note-021/amir_kameyama_ws/install/observation_msgs/local/lib/python3.10/dist-packages/observation_msgs/srv/_get_objects_s.c
[0.433s] -- Up-to-date symlink: /home/das-note-021/amir_kameyama_ws/install/observation_msgs/local/lib/python3.10/dist-packages/observation_msgs/srv/_path_check.py
[0.433s] -- Up-to-date symlink: /home/das-note-021/amir_kameyama_ws/install/observation_msgs/local/lib/python3.10/dist-packages/observation_msgs/srv/_path_check_s.c
[0.433s] -- Up-to-date symlink: /home/das-note-021/amir_kameyama_ws/install/observation_msgs/local/lib/python3.10/dist-packages/observation_msgs/srv/_set_objects.py
[0.434s] -- Up-to-date symlink: /home/das-note-021/amir_kameyama_ws/install/observation_msgs/local/lib/python3.10/dist-packages/observation_msgs/srv/_set_objects_s.c
[0.434s] -- Up-to-date symlink: /home/das-note-021/amir_kameyama_ws/install/observation_msgs/local/lib/python3.10/dist-packages/observation_msgs/observation_msgs_s__rosidl_typesupport_fastrtps_c.cpython-310-x86_64-linux-gnu.so
[0.434s] -- Up-to-date symlink: /home/das-note-021/amir_kameyama_ws/install/observation_msgs/local/lib/python3.10/dist-packages/observation_msgs/observation_msgs_s__rosidl_typesupport_introspection_c.cpython-310-x86_64-linux-gnu.so
[0.434s] -- Up-to-date symlink: /home/das-note-021/amir_kameyama_ws/install/observation_msgs/local/lib/python3.10/dist-packages/observation_msgs/observation_msgs_s__rosidl_typesupport_c.cpython-310-x86_64-linux-gnu.so
[0.435s] -- Up-to-date symlink: /home/das-note-021/amir_kameyama_ws/install/observation_msgs/share/observation_msgs/msg/PathEvaluation.idl
[0.435s] -- Up-to-date symlink: /home/das-note-021/amir_kameyama_ws/install/observation_msgs/share/observation_msgs/msg/Object.idl
[0.435s] -- Up-to-date symlink: /home/das-note-021/amir_kameyama_ws/install/observation_msgs/share/observation_msgs/srv/SetObjects.idl
[0.435s] -- Up-to-date symlink: /home/das-note-021/amir_kameyama_ws/install/observation_msgs/share/observation_msgs/srv/GetObjects.idl
[0.435s] -- Up-to-date symlink: /home/das-note-021/amir_kameyama_ws/install/observation_msgs/share/observation_msgs/srv/PathCheck.idl
[0.435s] -- Up-to-date symlink: /home/das-note-021/amir_kameyama_ws/install/observation_msgs/share/observation_msgs/msg/PathEvaluation.msg
[0.435s] -- Up-to-date symlink: /home/das-note-021/amir_kameyama_ws/install/observation_msgs/share/observation_msgs/msg/Object.msg
[0.435s] -- Up-to-date symlink: /home/das-note-021/amir_kameyama_ws/install/observation_msgs/share/observation_msgs/srv/SetObjects.srv
[0.435s] -- Up-to-date symlink: /home/das-note-021/amir_kameyama_ws/install/observation_msgs/share/observation_msgs/srv/SetObjects_Request.msg
[0.435s] -- Up-to-date symlink: /home/das-note-021/amir_kameyama_ws/install/observation_msgs/share/observation_msgs/srv/SetObjects_Response.msg
[0.435s] -- Up-to-date symlink: /home/das-note-021/amir_kameyama_ws/install/observation_msgs/share/observation_msgs/srv/GetObjects.srv
[0.435s] -- Up-to-date symlink: /home/das-note-021/amir_kameyama_ws/install/observation_msgs/share/observation_msgs/srv/GetObjects_Request.msg
[0.435s] -- Up-to-date symlink: /home/das-note-021/amir_kameyama_ws/install/observation_msgs/share/observation_msgs/srv/GetObjects_Response.msg
[0.435s] -- Up-to-date symlink: /home/das-note-021/amir_kameyama_ws/install/observation_msgs/share/observation_msgs/srv/PathCheck.srv
[0.436s] -- Up-to-date symlink: /home/das-note-021/amir_kameyama_ws/install/observation_msgs/share/observation_msgs/srv/PathCheck_Request.msg
[0.436s] -- Up-to-date symlink: /home/das-note-021/amir_kameyama_ws/install/observation_msgs/share/observation_msgs/srv/PathCheck_Response.msg
[0.436s] -- Up-to-date symlink: /home/das-note-021/amir_kameyama_ws/install/observation_msgs/share/ament_index/resource_index/package_run_dependencies/observation_msgs
[0.436s] -- Up-to-date symlink: /home/das-note-021/amir_kameyama_ws/install/observation_msgs/share/ament_index/resource_index/parent_prefix_path/observation_msgs
[0.438s] -- Up-to-date symlink: /home/das-note-021/amir_kameyama_ws/install/observation_msgs/share/observation_msgs/environment/ament_prefix_path.sh
[0.438s] -- Up-to-date symlink: /home/das-note-021/amir_kameyama_ws/install/observation_msgs/share/observation_msgs/environment/ament_prefix_path.dsv
[0.438s] -- Up-to-date symlink: /home/das-note-021/amir_kameyama_ws/install/observation_msgs/share/observation_msgs/environment/path.sh
[0.438s] -- Up-to-date symlink: /home/das-note-021/amir_kameyama_ws/install/observation_msgs/share/observation_msgs/environment/path.dsv
[0.438s] -- Up-to-date symlink: /home/das-note-021/amir_kameyama_ws/install/observation_msgs/share/observation_msgs/local_setup.bash
[0.438s] -- Up-to-date symlink: /home/das-note-021/amir_kameyama_ws/install/observation_msgs/share/observation_msgs/local_setup.sh
[0.438s] -- Up-to-date symlink: /home/das-note-021/amir_kameyama_ws/install/observation_msgs/share/observation_msgs/local_setup.zsh
[0.438s] -- Up-to-date symlink: /home/das-note-021/amir_kameyama_ws/install/observation_msgs/share/observation_msgs/local_setup.dsv
[0.438s] -- Symlinking: /home/das-note-021/amir_kameyama_ws/install/observation_msgs/share/observation_msgs/package.dsv
[0.461s] -- Up-to-date symlink: /home/das-note-021/amir_kameyama_ws/install/observation_msgs/share/ament_index/resource_index/packages/observation_msgs
[0.462s] -- Up-to-date symlink: /home/das-note-021/amir_kameyama_ws/install/observation_msgs/share/observation_msgs/cmake/rosidl_cmake-extras.cmake
[0.462s] -- Up-to-date symlink: /home/das-note-021/amir_kameyama_ws/install/observation_msgs/share/observation_msgs/cmake/ament_cmake_export_dependencies-extras.cmake
[0.462s] -- Up-to-date symlink: /home/das-note-021/amir_kameyama_ws/install/observation_msgs/share/observation_msgs/cmake/ament_cmake_export_include_directories-extras.cmake
[0.462s] -- Up-to-date symlink: /home/das-note-021/amir_kameyama_ws/install/observation_msgs/share/observation_msgs/cmake/ament_cmake_export_libraries-extras.cmake
[0.462s] -- Up-to-date symlink: /home/das-note-021/amir_kameyama_ws/install/observation_msgs/share/observation_msgs/cmake/ament_cmake_export_targets-extras.cmake
[0.463s] -- Up-to-date symlink: /home/das-note-021/amir_kameyama_ws/install/observation_msgs/share/observation_msgs/cmake/rosidl_cmake_export_typesupport_targets-extras.cmake
[0.463s] -- Up-to-date symlink: /home/das-note-021/amir_kameyama_ws/install/observation_msgs/share/observation_msgs/cmake/rosidl_cmake_export_typesupport_libraries-extras.cmake
[0.463s] -- Up-to-date symlink: /home/das-note-021/amir_kameyama_ws/install/observation_msgs/share/observation_msgs/cmake/observation_msgsConfig.cmake
[0.463s] -- Up-to-date symlink: /home/das-note-021/amir_kameyama_ws/install/observation_msgs/share/observation_msgs/cmake/observation_msgsConfig-version.cmake
[0.463s] -- Up-to-date symlink: /home/das-note-021/amir_kameyama_ws/install/observation_msgs/share/observation_msgs/package.xml
[0.463s] -- Up-to-date: /home/das-note-021/amir_kameyama_ws/install/observation_msgs/lib/libobservation_msgs__rosidl_generator_c.so
[0.464s] -- Up-to-date: /home/das-note-021/amir_kameyama_ws/install/observation_msgs/lib/libobservation_msgs__rosidl_typesupport_fastrtps_c.so
[0.464s] -- Up-to-date: /home/das-note-021/amir_kameyama_ws/install/observation_msgs/lib/libobservation_msgs__rosidl_typesupport_fastrtps_cpp.so
[0.465s] -- Up-to-date: /home/das-note-021/amir_kameyama_ws/install/observation_msgs/lib/libobservation_msgs__rosidl_typesupport_introspection_c.so
[0.467s] -- Up-to-date: /home/das-note-021/amir_kameyama_ws/install/observation_msgs/lib/libobservation_msgs__rosidl_typesupport_c.so
[0.467s] -- Up-to-date: /home/das-note-021/amir_kameyama_ws/install/observation_msgs/lib/libobservation_msgs__rosidl_typesupport_introspection_cpp.so
[0.467s] -- Up-to-date: /home/das-note-021/amir_kameyama_ws/install/observation_msgs/lib/libobservation_msgs__rosidl_typesupport_cpp.so
[0.499s] Listing '/home/das-note-021/amir_kameyama_ws/install/observation_msgs/local/lib/python3.10/dist-packages/observation_msgs'...
[0.499s] Listing '/home/das-note-021/amir_kameyama_ws/install/observation_msgs/local/lib/python3.10/dist-packages/observation_msgs/msg'...
[0.499s] Listing '/home/das-note-021/amir_kameyama_ws/install/observation_msgs/local/lib/python3.10/dist-packages/observation_msgs/srv'...
[0.501s] -- Up-to-date: /home/das-note-021/amir_kameyama_ws/install/observation_msgs/lib/libobservation_msgs__rosidl_generator_py.so
[0.501s] -- Up-to-date: /home/das-note-021/amir_kameyama_ws/install/observation_msgs/share/observation_msgs/cmake/export_observation_msgs__rosidl_generator_cExport.cmake
[0.501s] -- Up-to-date: /home/das-note-021/amir_kameyama_ws/install/observation_msgs/share/observation_msgs/cmake/export_observation_msgs__rosidl_generator_cExport-noconfig.cmake
[0.501s] -- Up-to-date: /home/das-note-021/amir_kameyama_ws/install/observation_msgs/share/observation_msgs/cmake/export_observation_msgs__rosidl_typesupport_fastrtps_cExport.cmake
[0.501s] -- Up-to-date: /home/das-note-021/amir_kameyama_ws/install/observation_msgs/share/observation_msgs/cmake/export_observation_msgs__rosidl_typesupport_fastrtps_cExport-noconfig.cmake
[0.502s] -- Up-to-date: /home/das-note-021/amir_kameyama_ws/install/observation_msgs/share/observation_msgs/cmake/export_observation_msgs__rosidl_generator_cppExport.cmake
[0.502s] -- Up-to-date: /home/das-note-021/amir_kameyama_ws/install/observation_msgs/share/observation_msgs/cmake/export_observation_msgs__rosidl_typesupport_fastrtps_cppExport.cmake
[0.502s] -- Up-to-date: /home/das-note-021/amir_kameyama_ws/install/observation_msgs/share/observation_msgs/cmake/export_observation_msgs__rosidl_typesupport_fastrtps_cppExport-noconfig.cmake
[0.502s] -- Up-to-date: /home/das-note-021/amir_kameyama_ws/install/observation_msgs/share/observation_msgs/cmake/observation_msgs__rosidl_typesupport_introspection_cExport.cmake
[0.502s] -- Up-to-date: /home/das-note-021/amir_kameyama_ws/install/observation_msgs/share/observation_msgs/cmake/observation_msgs__rosidl_typesupport_introspection_cExport-noconfig.cmake
[0.502s] -- Up-to-date: /home/das-note-021/amir_kameyama_ws/install/observation_msgs/share/observation_msgs/cmake/observation_msgs__rosidl_typesupport_cExport.cmake
[0.502s] -- Up-to-date: /home/das-note-021/amir_kameyama_ws/install/observation_msgs/share/observation_msgs/cmake/observation_msgs__rosidl_typesupport_cExport-noconfig.cmake
[0.502s] -- Up-to-date: /home/das-note-021/amir_kameyama_ws/install/observation_msgs/share/observation_msgs/cmake/observation_msgs__rosidl_typesupport_introspection_cppExport.cmake
[0.502s] -- Up-to-date: /home/das-note-021/amir_kameyama_ws/install/observation_msgs/share/observation_msgs/cmake/observation_msgs__rosidl_typesupport_introspection_cppExport-noconfig.cmake
[0.502s] -- Up-to-date: /home/das-note-021/amir_kameyama_ws/install/observation_msgs/share/observation_msgs/cmake/observation_msgs__rosidl_typesupport_cppExport.cmake
[0.502s] -- Up-to-date: /home/das-note-021/amir_kameyama_ws/install/observation_msgs/share/observation_msgs/cmake/observation_msgs__rosidl_typesupport_cppExport-noconfig.cmake
[0.502s] -- Up-to-date: /home/das-note-021/amir_kameyama_ws/install/observation_msgs/share/observation_msgs/cmake/export_observation_msgs__rosidl_generator_pyExport.cmake
[0.502s] -- Up-to-date: /home/das-note-021/amir_kameyama_ws/install/observation_msgs/share/observation_msgs/cmake/export_observation_msgs__rosidl_generator_pyExport-noconfig.cmake
[0.543s] Invoked command in '/home/das-note-021/amir_kameyama_ws/build/observation_msgs' returned '0': CMAKE_PREFIX_PATH=${CMAKE_PREFIX_PATH}:/home/das-note-021/amir_kameyama_ws/install/failure_detection:/home/das-note-021/amir_kameyama_ws/install/bt_generator:/home/das-note-021/kameyama_ws/install/ros2_aruco:/home/das-note-021/kameyama_ws/install/failure_detection:/home/das-note-021/kameyama_ws/install/bt_generator:/opt/ros/humble /usr/bin/cmake --install /home/das-note-021/amir_kameyama_ws/build/observation_msgs
