[0.060s] Invoking command in '/home/rover/kameyama_ws/build/bebop_msgs': CMAKE_PREFIX_PATH=${CMAKE_PREFIX_PATH}:/home/rover/kameyama_ws/install/ros2_aruco:/home/rover/kameyama_ws/install/failure_detection:/home/rover/kameyama_ws/install/bt_generator:/home/rover/amir_basic_ws/install/nav2_simple_commander:/home/rover/amir_basic_ws/install/camera_calibration:/opt/ros/humble /usr/bin/cmake --build /home/rover/kameyama_ws/build/bebop_msgs -- -j12 -l12
[0.943s] [  9%] Built target bebop_msgs__rosidl_generator_c
[0.943s] [ 12%] Built target bebop_msgs__cpp
[0.943s] [ 12%] Built target ament_cmake_python_symlink_bebop_msgs
[0.943s] [ 22%] Built target bebop_msgs__rosidl_typesupport_fastrtps_c
[0.943s] [ 32%] Built target bebop_msgs__rosidl_typesupport_c
[0.943s] [ 41%] Built target bebop_msgs__rosidl_typesupport_cpp
[0.944s] [ 51%] Built target bebop_msgs__rosidl_typesupport_introspection_cpp
[0.944s] [ 61%] Built target bebop_msgs__rosidl_typesupport_introspection_c
[0.944s] [ 70%] Built target bebop_msgs__rosidl_typesupport_fastrtps_cpp
[0.944s] [ 70%] Built target bebop_msgs
[0.944s] [ 74%] Built target bebop_msgs__py
[0.944s] [ 80%] Built target bebop_msgs__rosidl_generator_py
[0.944s] [ 87%] Built target bebop_msgs__rosidl_typesupport_fastrtps_c__pyext
[0.944s] [ 93%] Built target bebop_msgs__rosidl_typesupport_introspection_c__pyext
[0.944s] [100%] Built target bebop_msgs__rosidl_typesupport_c__pyext
[0.944s] running egg_info
[0.944s] writing bebop_msgs.egg-info/PKG-INFO
[0.961s] writing dependency_links to bebop_msgs.egg-info/dependency_links.txt
[1.130s] interrupted
[1.163s] gmake[2]: *** [CMakeFiles/ament_cmake_python_build_bebop_msgs_egg.dir/build.make:70: CMakeFiles/ament_cmake_python_build_bebop_msgs_egg] 割り込み
[1.164s] gmake[1]: *** [CMakeFiles/Makefile2:447: CMakeFiles/ament_cmake_python_build_bebop_msgs_egg.dir/all] 割り込み
[1.164s] gmake: *** [Makefile:146: all] 割り込み
