[0.072s] Invoking command in '/home/rover/kameyama_ws/build/my_nav_msgs': CMAKE_PREFIX_PATH=${CMAKE_PREFIX_PATH}:/home/rover/amir_basic_ws/install/nav2_simple_commander:/home/rover/amir_basic_ws/install/camera_calibration:/opt/ros/humble /usr/bin/cmake --build /home/rover/kameyama_ws/build/my_nav_msgs -- -j12 -l12
[1.234s] [ 10%] Built target my_nav_msgs__rosidl_generator_c
[1.236s] [ 12%] Built target my_nav_msgs__cpp
[1.236s] [ 12%] Built target ament_cmake_python_symlink_my_nav_msgs
[1.236s] [ 23%] Built target my_nav_msgs__rosidl_typesupport_fastrtps_c
[1.236s] [ 34%] Built target my_nav_msgs__rosidl_typesupport_c
[1.236s] [ 45%] Built target my_nav_msgs__rosidl_typesupport_fastrtps_cpp
[1.236s] [ 56%] Built target my_nav_msgs__rosidl_typesupport_introspection_c
[1.238s] [ 67%] Built target my_nav_msgs__rosidl_typesupport_cpp
[1.238s] [ 78%] Built target my_nav_msgs__rosidl_typesupport_introspection_cpp
[1.238s] [ 78%] Built target my_nav_msgs
[1.238s] [ 80%] Built target my_nav_msgs__py
[1.238s] [ 89%] Built target my_nav_msgs__rosidl_generator_py
[1.238s] [ 92%] Built target my_nav_msgs__rosidl_typesupport_introspection_c__pyext
[1.238s] [ 96%] Built target my_nav_msgs__rosidl_typesupport_fastrtps_c__pyext
[1.238s] [100%] Built target my_nav_msgs__rosidl_typesupport_c__pyext
[1.238s] running egg_info
[1.238s] writing my_nav_msgs.egg-info/PKG-INFO
[1.238s] writing dependency_links to my_nav_msgs.egg-info/dependency_links.txt
[1.475s] writing top-level names to my_nav_msgs.egg-info/top_level.txt
[1.567s] reading manifest file 'my_nav_msgs.egg-info/SOURCES.txt'
[1.567s] writing manifest file 'my_nav_msgs.egg-info/SOURCES.txt'
[1.642s] [100%] Built target ament_cmake_python_build_my_nav_msgs_egg
[2.160s] Invoked command in '/home/rover/kameyama_ws/build/my_nav_msgs' returned '0': CMAKE_PREFIX_PATH=${CMAKE_PREFIX_PATH}:/home/rover/amir_basic_ws/install/nav2_simple_commander:/home/rover/amir_basic_ws/install/camera_calibration:/opt/ros/humble /usr/bin/cmake --build /home/rover/kameyama_ws/build/my_nav_msgs -- -j12 -l12
[2.161s] Invoking command in '/home/rover/kameyama_ws/build/my_nav_msgs': CMAKE_PREFIX_PATH=${CMAKE_PREFIX_PATH}:/home/rover/amir_basic_ws/install/nav2_simple_commander:/home/rover/amir_basic_ws/install/camera_calibration:/opt/ros/humble /usr/bin/cmake --install /home/rover/kameyama_ws/build/my_nav_msgs
[2.215s] -- Install configuration: ""
[2.215s] -- Execute custom install script
[2.215s] -- Up-to-date symlink: /home/rover/kameyama_ws/install/my_nav_msgs/share/ament_index/resource_index/rosidl_interfaces/my_nav_msgs
[2.215s] -- Up-to-date symlink: /home/rover/kameyama_ws/install/my_nav_msgs/include/my_nav_msgs/my_nav_msgs/action/compute_multi_path.h
[2.215s] -- Up-to-date symlink: /home/rover/kameyama_ws/install/my_nav_msgs/include/my_nav_msgs/my_nav_msgs/action/detail/compute_multi_path__functions.h
[2.215s] -- Up-to-date symlink: /home/rover/kameyama_ws/install/my_nav_msgs/include/my_nav_msgs/my_nav_msgs/action/detail/compute_multi_path__struct.h
[2.215s] -- Up-to-date symlink: /home/rover/kameyama_ws/install/my_nav_msgs/include/my_nav_msgs/my_nav_msgs/action/detail/compute_multi_path__type_support.h
[2.216s] -- Up-to-date symlink: /home/rover/kameyama_ws/install/my_nav_msgs/include/my_nav_msgs/my_nav_msgs/msg/detail/path_info__functions.h
[2.216s] -- Up-to-date symlink: /home/rover/kameyama_ws/install/my_nav_msgs/include/my_nav_msgs/my_nav_msgs/msg/detail/path_info__struct.h
[2.216s] -- Up-to-date symlink: /home/rover/kameyama_ws/install/my_nav_msgs/include/my_nav_msgs/my_nav_msgs/msg/detail/path_info__type_support.h
[2.216s] -- Up-to-date symlink: /home/rover/kameyama_ws/install/my_nav_msgs/include/my_nav_msgs/my_nav_msgs/msg/detail/path_with_condition__functions.h
[2.216s] -- Up-to-date symlink: /home/rover/kameyama_ws/install/my_nav_msgs/include/my_nav_msgs/my_nav_msgs/msg/detail/path_with_condition__struct.h
[2.216s] -- Up-to-date symlink: /home/rover/kameyama_ws/install/my_nav_msgs/include/my_nav_msgs/my_nav_msgs/msg/detail/path_with_condition__type_support.h
[2.216s] -- Up-to-date symlink: /home/rover/kameyama_ws/install/my_nav_msgs/include/my_nav_msgs/my_nav_msgs/msg/path_info.h
[2.216s] -- Up-to-date symlink: /home/rover/kameyama_ws/install/my_nav_msgs/include/my_nav_msgs/my_nav_msgs/msg/path_with_condition.h
[2.216s] -- Up-to-date symlink: /home/rover/kameyama_ws/install/my_nav_msgs/include/my_nav_msgs/my_nav_msgs/msg/rosidl_generator_c__visibility_control.h
[2.216s] -- Up-to-date symlink: /home/rover/kameyama_ws/install/my_nav_msgs/include/my_nav_msgs/my_nav_msgs/srv/detail/set_obj_cost__functions.h
[2.217s] -- Up-to-date symlink: /home/rover/kameyama_ws/install/my_nav_msgs/include/my_nav_msgs/my_nav_msgs/srv/detail/set_obj_cost__struct.h
[2.219s] -- Up-to-date symlink: /home/rover/kameyama_ws/install/my_nav_msgs/include/my_nav_msgs/my_nav_msgs/srv/detail/set_obj_cost__type_support.h
[2.219s] -- Up-to-date symlink: /home/rover/kameyama_ws/install/my_nav_msgs/include/my_nav_msgs/my_nav_msgs/srv/set_obj_cost.h
[2.219s] -- Up-to-date symlink: /home/rover/kameyama_ws/install/my_nav_msgs/share/my_nav_msgs/environment/library_path.sh
[2.219s] -- Up-to-date symlink: /home/rover/kameyama_ws/install/my_nav_msgs/share/my_nav_msgs/environment/library_path.dsv
[2.219s] -- Up-to-date symlink: /home/rover/kameyama_ws/install/my_nav_msgs/include/my_nav_msgs/my_nav_msgs/action/detail/compute_multi_path__rosidl_typesupport_fastrtps_c.h
[2.219s] -- Up-to-date symlink: /home/rover/kameyama_ws/install/my_nav_msgs/include/my_nav_msgs/my_nav_msgs/msg/detail/path_info__rosidl_typesupport_fastrtps_c.h
[2.219s] -- Up-to-date symlink: /home/rover/kameyama_ws/install/my_nav_msgs/include/my_nav_msgs/my_nav_msgs/msg/detail/path_with_condition__rosidl_typesupport_fastrtps_c.h
[2.219s] -- Up-to-date symlink: /home/rover/kameyama_ws/install/my_nav_msgs/include/my_nav_msgs/my_nav_msgs/msg/rosidl_typesupport_fastrtps_c__visibility_control.h
[2.219s] -- Up-to-date symlink: /home/rover/kameyama_ws/install/my_nav_msgs/include/my_nav_msgs/my_nav_msgs/srv/detail/set_obj_cost__rosidl_typesupport_fastrtps_c.h
[2.219s] -- Up-to-date symlink: /home/rover/kameyama_ws/install/my_nav_msgs/include/my_nav_msgs/my_nav_msgs/action/compute_multi_path.hpp
[2.219s] -- Up-to-date symlink: /home/rover/kameyama_ws/install/my_nav_msgs/include/my_nav_msgs/my_nav_msgs/action/detail/compute_multi_path__builder.hpp
[2.220s] -- Up-to-date symlink: /home/rover/kameyama_ws/install/my_nav_msgs/include/my_nav_msgs/my_nav_msgs/action/detail/compute_multi_path__struct.hpp
[2.222s] -- Up-to-date symlink: /home/rover/kameyama_ws/install/my_nav_msgs/include/my_nav_msgs/my_nav_msgs/action/detail/compute_multi_path__traits.hpp
[2.222s] -- Up-to-date symlink: /home/rover/kameyama_ws/install/my_nav_msgs/include/my_nav_msgs/my_nav_msgs/action/detail/compute_multi_path__type_support.hpp
[2.222s] -- Up-to-date symlink: /home/rover/kameyama_ws/install/my_nav_msgs/include/my_nav_msgs/my_nav_msgs/msg/detail/path_info__builder.hpp
[2.222s] -- Up-to-date symlink: /home/rover/kameyama_ws/install/my_nav_msgs/include/my_nav_msgs/my_nav_msgs/msg/detail/path_info__struct.hpp
[2.222s] -- Up-to-date symlink: /home/rover/kameyama_ws/install/my_nav_msgs/include/my_nav_msgs/my_nav_msgs/msg/detail/path_info__traits.hpp
[2.222s] -- Up-to-date symlink: /home/rover/kameyama_ws/install/my_nav_msgs/include/my_nav_msgs/my_nav_msgs/msg/detail/path_info__type_support.hpp
[2.222s] -- Up-to-date symlink: /home/rover/kameyama_ws/install/my_nav_msgs/include/my_nav_msgs/my_nav_msgs/msg/detail/path_with_condition__builder.hpp
[2.222s] -- Up-to-date symlink: /home/rover/kameyama_ws/install/my_nav_msgs/include/my_nav_msgs/my_nav_msgs/msg/detail/path_with_condition__struct.hpp
[2.222s] -- Up-to-date symlink: /home/rover/kameyama_ws/install/my_nav_msgs/include/my_nav_msgs/my_nav_msgs/msg/detail/path_with_condition__traits.hpp
[2.222s] -- Up-to-date symlink: /home/rover/kameyama_ws/install/my_nav_msgs/include/my_nav_msgs/my_nav_msgs/msg/detail/path_with_condition__type_support.hpp
[2.222s] -- Up-to-date symlink: /home/rover/kameyama_ws/install/my_nav_msgs/include/my_nav_msgs/my_nav_msgs/msg/path_info.hpp
[2.223s] -- Up-to-date symlink: /home/rover/kameyama_ws/install/my_nav_msgs/include/my_nav_msgs/my_nav_msgs/msg/path_with_condition.hpp
[2.223s] -- Up-to-date symlink: /home/rover/kameyama_ws/install/my_nav_msgs/include/my_nav_msgs/my_nav_msgs/msg/rosidl_generator_cpp__visibility_control.hpp
[2.223s] -- Up-to-date symlink: /home/rover/kameyama_ws/install/my_nav_msgs/include/my_nav_msgs/my_nav_msgs/srv/detail/set_obj_cost__builder.hpp
[2.223s] -- Up-to-date symlink: /home/rover/kameyama_ws/install/my_nav_msgs/include/my_nav_msgs/my_nav_msgs/srv/detail/set_obj_cost__struct.hpp
[2.223s] -- Up-to-date symlink: /home/rover/kameyama_ws/install/my_nav_msgs/include/my_nav_msgs/my_nav_msgs/srv/detail/set_obj_cost__traits.hpp
[2.223s] -- Up-to-date symlink: /home/rover/kameyama_ws/install/my_nav_msgs/include/my_nav_msgs/my_nav_msgs/srv/detail/set_obj_cost__type_support.hpp
[2.223s] -- Up-to-date symlink: /home/rover/kameyama_ws/install/my_nav_msgs/include/my_nav_msgs/my_nav_msgs/srv/set_obj_cost.hpp
[2.223s] -- Up-to-date symlink: /home/rover/kameyama_ws/install/my_nav_msgs/include/my_nav_msgs/my_nav_msgs/action/detail/compute_multi_path__rosidl_typesupport_fastrtps_cpp.hpp
[2.223s] -- Up-to-date symlink: /home/rover/kameyama_ws/install/my_nav_msgs/include/my_nav_msgs/my_nav_msgs/msg/detail/path_info__rosidl_typesupport_fastrtps_cpp.hpp
[2.234s] -- Up-to-date symlink: /home/rover/kameyama_ws/install/my_nav_msgs/include/my_nav_msgs/my_nav_msgs/msg/detail/path_with_condition__rosidl_typesupport_fastrtps_cpp.hpp
[2.253s] -- Up-to-date symlink: /home/rover/kameyama_ws/install/my_nav_msgs/include/my_nav_msgs/my_nav_msgs/msg/rosidl_typesupport_fastrtps_cpp__visibility_control.h
[2.253s] -- Up-to-date symlink: /home/rover/kameyama_ws/install/my_nav_msgs/include/my_nav_msgs/my_nav_msgs/srv/detail/set_obj_cost__rosidl_typesupport_fastrtps_cpp.hpp
[2.253s] -- Up-to-date symlink: /home/rover/kameyama_ws/install/my_nav_msgs/include/my_nav_msgs/my_nav_msgs/action/detail/compute_multi_path__rosidl_typesupport_introspection_c.h
[2.258s] -- Up-to-date symlink: /home/rover/kameyama_ws/install/my_nav_msgs/include/my_nav_msgs/my_nav_msgs/msg/detail/path_info__rosidl_typesupport_introspection_c.h
[2.259s] -- Up-to-date symlink: /home/rover/kameyama_ws/install/my_nav_msgs/include/my_nav_msgs/my_nav_msgs/msg/detail/path_with_condition__rosidl_typesupport_introspection_c.h
[2.259s] -- Up-to-date symlink: /home/rover/kameyama_ws/install/my_nav_msgs/include/my_nav_msgs/my_nav_msgs/msg/rosidl_typesupport_introspection_c__visibility_control.h
[2.260s] -- Up-to-date symlink: /home/rover/kameyama_ws/install/my_nav_msgs/include/my_nav_msgs/my_nav_msgs/srv/detail/set_obj_cost__rosidl_typesupport_introspection_c.h
[2.265s] -- Up-to-date symlink: /home/rover/kameyama_ws/install/my_nav_msgs/include/my_nav_msgs/my_nav_msgs/action/detail/compute_multi_path__rosidl_typesupport_introspection_cpp.hpp
[2.266s] -- Up-to-date symlink: /home/rover/kameyama_ws/install/my_nav_msgs/include/my_nav_msgs/my_nav_msgs/msg/detail/path_info__rosidl_typesupport_introspection_cpp.hpp
[2.266s] -- Up-to-date symlink: /home/rover/kameyama_ws/install/my_nav_msgs/include/my_nav_msgs/my_nav_msgs/msg/detail/path_with_condition__rosidl_typesupport_introspection_cpp.hpp
[2.266s] -- Up-to-date symlink: /home/rover/kameyama_ws/install/my_nav_msgs/include/my_nav_msgs/my_nav_msgs/srv/detail/set_obj_cost__rosidl_typesupport_introspection_cpp.hpp
[2.270s] -- Up-to-date symlink: /home/rover/kameyama_ws/install/my_nav_msgs/share/my_nav_msgs/environment/pythonpath.sh
[2.271s] -- Up-to-date symlink: /home/rover/kameyama_ws/install/my_nav_msgs/share/my_nav_msgs/environment/pythonpath.dsv
[2.279s] -- Up-to-date symlink: /home/rover/kameyama_ws/install/my_nav_msgs/local/lib/python3.10/dist-packages/my_nav_msgs-0.1.0-py3.10.egg-info/PKG-INFO
[2.279s] -- Up-to-date symlink: /home/rover/kameyama_ws/install/my_nav_msgs/local/lib/python3.10/dist-packages/my_nav_msgs-0.1.0-py3.10.egg-info/SOURCES.txt
[2.279s] -- Up-to-date symlink: /home/rover/kameyama_ws/install/my_nav_msgs/local/lib/python3.10/dist-packages/my_nav_msgs-0.1.0-py3.10.egg-info/dependency_links.txt
[2.280s] -- Up-to-date symlink: /home/rover/kameyama_ws/install/my_nav_msgs/local/lib/python3.10/dist-packages/my_nav_msgs-0.1.0-py3.10.egg-info/top_level.txt
[2.283s] -- Up-to-date symlink: /home/rover/kameyama_ws/install/my_nav_msgs/local/lib/python3.10/dist-packages/my_nav_msgs/__init__.py
[2.283s] -- Up-to-date symlink: /home/rover/kameyama_ws/install/my_nav_msgs/local/lib/python3.10/dist-packages/my_nav_msgs/_my_nav_msgs_s.ep.rosidl_typesupport_c.c
[2.283s] -- Up-to-date symlink: /home/rover/kameyama_ws/install/my_nav_msgs/local/lib/python3.10/dist-packages/my_nav_msgs/_my_nav_msgs_s.ep.rosidl_typesupport_fastrtps_c.c
[2.283s] -- Up-to-date symlink: /home/rover/kameyama_ws/install/my_nav_msgs/local/lib/python3.10/dist-packages/my_nav_msgs/_my_nav_msgs_s.ep.rosidl_typesupport_introspection_c.c
[2.284s] -- Up-to-date symlink: /home/rover/kameyama_ws/install/my_nav_msgs/local/lib/python3.10/dist-packages/my_nav_msgs/action/__init__.py
[2.284s] -- Up-to-date symlink: /home/rover/kameyama_ws/install/my_nav_msgs/local/lib/python3.10/dist-packages/my_nav_msgs/action/_compute_multi_path.py
[2.284s] -- Up-to-date symlink: /home/rover/kameyama_ws/install/my_nav_msgs/local/lib/python3.10/dist-packages/my_nav_msgs/action/_compute_multi_path_s.c
[2.284s] -- Up-to-date symlink: /home/rover/kameyama_ws/install/my_nav_msgs/local/lib/python3.10/dist-packages/my_nav_msgs/libmy_nav_msgs__rosidl_generator_py.so
[2.285s] -- Up-to-date symlink: /home/rover/kameyama_ws/install/my_nav_msgs/local/lib/python3.10/dist-packages/my_nav_msgs/msg/__init__.py
[2.286s] -- Up-to-date symlink: /home/rover/kameyama_ws/install/my_nav_msgs/local/lib/python3.10/dist-packages/my_nav_msgs/msg/_path_info.py
[2.287s] -- Up-to-date symlink: /home/rover/kameyama_ws/install/my_nav_msgs/local/lib/python3.10/dist-packages/my_nav_msgs/msg/_path_info_s.c
[2.287s] -- Up-to-date symlink: /home/rover/kameyama_ws/install/my_nav_msgs/local/lib/python3.10/dist-packages/my_nav_msgs/msg/_path_with_condition.py
[2.292s] -- Up-to-date symlink: /home/rover/kameyama_ws/install/my_nav_msgs/local/lib/python3.10/dist-packages/my_nav_msgs/msg/_path_with_condition_s.c
[2.292s] -- Up-to-date symlink: /home/rover/kameyama_ws/install/my_nav_msgs/local/lib/python3.10/dist-packages/my_nav_msgs/my_nav_msgs_s__rosidl_typesupport_c.cpython-310-x86_64-linux-gnu.so
[2.292s] -- Up-to-date symlink: /home/rover/kameyama_ws/install/my_nav_msgs/local/lib/python3.10/dist-packages/my_nav_msgs/my_nav_msgs_s__rosidl_typesupport_fastrtps_c.cpython-310-x86_64-linux-gnu.so
[2.292s] -- Up-to-date symlink: /home/rover/kameyama_ws/install/my_nav_msgs/local/lib/python3.10/dist-packages/my_nav_msgs/my_nav_msgs_s__rosidl_typesupport_introspection_c.cpython-310-x86_64-linux-gnu.so
[2.293s] -- Up-to-date symlink: /home/rover/kameyama_ws/install/my_nav_msgs/local/lib/python3.10/dist-packages/my_nav_msgs/srv/__init__.py
[2.293s] -- Up-to-date symlink: /home/rover/kameyama_ws/install/my_nav_msgs/local/lib/python3.10/dist-packages/my_nav_msgs/srv/_set_obj_cost.py
[2.294s] -- Up-to-date symlink: /home/rover/kameyama_ws/install/my_nav_msgs/local/lib/python3.10/dist-packages/my_nav_msgs/srv/_set_obj_cost_s.c
[2.296s] -- Up-to-date symlink: /home/rover/kameyama_ws/install/my_nav_msgs/local/lib/python3.10/dist-packages/my_nav_msgs/my_nav_msgs_s__rosidl_typesupport_fastrtps_c.cpython-310-x86_64-linux-gnu.so
[2.297s] -- Up-to-date symlink: /home/rover/kameyama_ws/install/my_nav_msgs/local/lib/python3.10/dist-packages/my_nav_msgs/my_nav_msgs_s__rosidl_typesupport_introspection_c.cpython-310-x86_64-linux-gnu.so
[2.297s] -- Up-to-date symlink: /home/rover/kameyama_ws/install/my_nav_msgs/local/lib/python3.10/dist-packages/my_nav_msgs/my_nav_msgs_s__rosidl_typesupport_c.cpython-310-x86_64-linux-gnu.so
[2.297s] -- Up-to-date symlink: /home/rover/kameyama_ws/install/my_nav_msgs/share/my_nav_msgs/msg/PathInfo.idl
[2.297s] -- Up-to-date symlink: /home/rover/kameyama_ws/install/my_nav_msgs/share/my_nav_msgs/msg/PathWithCondition.idl
[2.299s] -- Up-to-date symlink: /home/rover/kameyama_ws/install/my_nav_msgs/share/my_nav_msgs/srv/SetObjCost.idl
[2.299s] -- Up-to-date symlink: /home/rover/kameyama_ws/install/my_nav_msgs/share/my_nav_msgs/action/ComputeMultiPath.idl
[2.299s] -- Up-to-date symlink: /home/rover/kameyama_ws/install/my_nav_msgs/share/my_nav_msgs/msg/PathInfo.msg
[2.299s] -- Up-to-date symlink: /home/rover/kameyama_ws/install/my_nav_msgs/share/my_nav_msgs/msg/PathWithCondition.msg
[2.299s] -- Up-to-date symlink: /home/rover/kameyama_ws/install/my_nav_msgs/share/my_nav_msgs/srv/SetObjCost.srv
[2.299s] -- Up-to-date symlink: /home/rover/kameyama_ws/install/my_nav_msgs/share/my_nav_msgs/srv/SetObjCost_Request.msg
[2.300s] -- Up-to-date symlink: /home/rover/kameyama_ws/install/my_nav_msgs/share/my_nav_msgs/srv/SetObjCost_Response.msg
[2.300s] -- Up-to-date symlink: /home/rover/kameyama_ws/install/my_nav_msgs/share/my_nav_msgs/action/ComputeMultiPath.action
[2.300s] -- Up-to-date symlink: /home/rover/kameyama_ws/install/my_nav_msgs/share/ament_index/resource_index/package_run_dependencies/my_nav_msgs
[2.300s] -- Up-to-date symlink: /home/rover/kameyama_ws/install/my_nav_msgs/share/ament_index/resource_index/parent_prefix_path/my_nav_msgs
[2.300s] -- Up-to-date symlink: /home/rover/kameyama_ws/install/my_nav_msgs/share/my_nav_msgs/environment/ament_prefix_path.sh
[2.300s] -- Up-to-date symlink: /home/rover/kameyama_ws/install/my_nav_msgs/share/my_nav_msgs/environment/ament_prefix_path.dsv
[2.301s] -- Up-to-date symlink: /home/rover/kameyama_ws/install/my_nav_msgs/share/my_nav_msgs/environment/path.sh
[2.301s] -- Up-to-date symlink: /home/rover/kameyama_ws/install/my_nav_msgs/share/my_nav_msgs/environment/path.dsv
[2.301s] -- Up-to-date symlink: /home/rover/kameyama_ws/install/my_nav_msgs/share/my_nav_msgs/local_setup.bash
[2.301s] -- Up-to-date symlink: /home/rover/kameyama_ws/install/my_nav_msgs/share/my_nav_msgs/local_setup.sh
[2.301s] -- Up-to-date symlink: /home/rover/kameyama_ws/install/my_nav_msgs/share/my_nav_msgs/local_setup.zsh
[2.301s] -- Up-to-date symlink: /home/rover/kameyama_ws/install/my_nav_msgs/share/my_nav_msgs/local_setup.dsv
[2.303s] -- Symlinking: /home/rover/kameyama_ws/install/my_nav_msgs/share/my_nav_msgs/package.dsv
[2.315s] -- Up-to-date symlink: /home/rover/kameyama_ws/install/my_nav_msgs/share/ament_index/resource_index/packages/my_nav_msgs
[2.317s] -- Up-to-date symlink: /home/rover/kameyama_ws/install/my_nav_msgs/share/my_nav_msgs/cmake/rosidl_cmake-extras.cmake
[2.317s] -- Up-to-date symlink: /home/rover/kameyama_ws/install/my_nav_msgs/share/my_nav_msgs/cmake/ament_cmake_export_dependencies-extras.cmake
[2.317s] -- Up-to-date symlink: /home/rover/kameyama_ws/install/my_nav_msgs/share/my_nav_msgs/cmake/ament_cmake_export_include_directories-extras.cmake
[2.318s] -- Up-to-date symlink: /home/rover/kameyama_ws/install/my_nav_msgs/share/my_nav_msgs/cmake/ament_cmake_export_libraries-extras.cmake
[2.318s] -- Up-to-date symlink: /home/rover/kameyama_ws/install/my_nav_msgs/share/my_nav_msgs/cmake/ament_cmake_export_targets-extras.cmake
[2.318s] -- Up-to-date symlink: /home/rover/kameyama_ws/install/my_nav_msgs/share/my_nav_msgs/cmake/rosidl_cmake_export_typesupport_targets-extras.cmake
[2.318s] -- Up-to-date symlink: /home/rover/kameyama_ws/install/my_nav_msgs/share/my_nav_msgs/cmake/rosidl_cmake_export_typesupport_libraries-extras.cmake
[2.319s] -- Up-to-date symlink: /home/rover/kameyama_ws/install/my_nav_msgs/share/my_nav_msgs/cmake/my_nav_msgsConfig.cmake
[2.319s] -- Up-to-date symlink: /home/rover/kameyama_ws/install/my_nav_msgs/share/my_nav_msgs/cmake/my_nav_msgsConfig-version.cmake
[2.319s] -- Up-to-date symlink: /home/rover/kameyama_ws/install/my_nav_msgs/share/my_nav_msgs/package.xml
[2.320s] -- Up-to-date: /home/rover/kameyama_ws/install/my_nav_msgs/lib/libmy_nav_msgs__rosidl_generator_c.so
[2.320s] -- Up-to-date: /home/rover/kameyama_ws/install/my_nav_msgs/lib/libmy_nav_msgs__rosidl_typesupport_fastrtps_c.so
[2.320s] -- Up-to-date: /home/rover/kameyama_ws/install/my_nav_msgs/lib/libmy_nav_msgs__rosidl_typesupport_fastrtps_cpp.so
[2.322s] -- Up-to-date: /home/rover/kameyama_ws/install/my_nav_msgs/lib/libmy_nav_msgs__rosidl_typesupport_introspection_c.so
[2.323s] -- Up-to-date: /home/rover/kameyama_ws/install/my_nav_msgs/lib/libmy_nav_msgs__rosidl_typesupport_c.so
[2.325s] -- Up-to-date: /home/rover/kameyama_ws/install/my_nav_msgs/lib/libmy_nav_msgs__rosidl_typesupport_introspection_cpp.so
[2.325s] -- Up-to-date: /home/rover/kameyama_ws/install/my_nav_msgs/lib/libmy_nav_msgs__rosidl_typesupport_cpp.so
[2.345s] Listing '/home/rover/kameyama_ws/install/my_nav_msgs/local/lib/python3.10/dist-packages/my_nav_msgs'...
[2.345s] Listing '/home/rover/kameyama_ws/install/my_nav_msgs/local/lib/python3.10/dist-packages/my_nav_msgs/action'...
[2.345s] Listing '/home/rover/kameyama_ws/install/my_nav_msgs/local/lib/python3.10/dist-packages/my_nav_msgs/msg'...
[2.345s] Listing '/home/rover/kameyama_ws/install/my_nav_msgs/local/lib/python3.10/dist-packages/my_nav_msgs/srv'...
[2.346s] -- Up-to-date: /home/rover/kameyama_ws/install/my_nav_msgs/lib/libmy_nav_msgs__rosidl_generator_py.so
[2.347s] -- Up-to-date: /home/rover/kameyama_ws/install/my_nav_msgs/share/my_nav_msgs/cmake/export_my_nav_msgs__rosidl_generator_cExport.cmake
[2.347s] -- Up-to-date: /home/rover/kameyama_ws/install/my_nav_msgs/share/my_nav_msgs/cmake/export_my_nav_msgs__rosidl_generator_cExport-noconfig.cmake
[2.347s] -- Up-to-date: /home/rover/kameyama_ws/install/my_nav_msgs/share/my_nav_msgs/cmake/export_my_nav_msgs__rosidl_typesupport_fastrtps_cExport.cmake
[2.347s] -- Up-to-date: /home/rover/kameyama_ws/install/my_nav_msgs/share/my_nav_msgs/cmake/export_my_nav_msgs__rosidl_typesupport_fastrtps_cExport-noconfig.cmake
[2.347s] -- Up-to-date: /home/rover/kameyama_ws/install/my_nav_msgs/share/my_nav_msgs/cmake/export_my_nav_msgs__rosidl_generator_cppExport.cmake
[2.348s] -- Up-to-date: /home/rover/kameyama_ws/install/my_nav_msgs/share/my_nav_msgs/cmake/export_my_nav_msgs__rosidl_typesupport_fastrtps_cppExport.cmake
[2.348s] -- Up-to-date: /home/rover/kameyama_ws/install/my_nav_msgs/share/my_nav_msgs/cmake/export_my_nav_msgs__rosidl_typesupport_fastrtps_cppExport-noconfig.cmake
[2.348s] -- Up-to-date: /home/rover/kameyama_ws/install/my_nav_msgs/share/my_nav_msgs/cmake/my_nav_msgs__rosidl_typesupport_introspection_cExport.cmake
[2.348s] -- Up-to-date: /home/rover/kameyama_ws/install/my_nav_msgs/share/my_nav_msgs/cmake/my_nav_msgs__rosidl_typesupport_introspection_cExport-noconfig.cmake
[2.349s] -- Up-to-date: /home/rover/kameyama_ws/install/my_nav_msgs/share/my_nav_msgs/cmake/my_nav_msgs__rosidl_typesupport_cExport.cmake
[2.350s] -- Up-to-date: /home/rover/kameyama_ws/install/my_nav_msgs/share/my_nav_msgs/cmake/my_nav_msgs__rosidl_typesupport_cExport-noconfig.cmake
[2.351s] -- Up-to-date: /home/rover/kameyama_ws/install/my_nav_msgs/share/my_nav_msgs/cmake/my_nav_msgs__rosidl_typesupport_introspection_cppExport.cmake
[2.351s] -- Up-to-date: /home/rover/kameyama_ws/install/my_nav_msgs/share/my_nav_msgs/cmake/my_nav_msgs__rosidl_typesupport_introspection_cppExport-noconfig.cmake
[2.351s] -- Up-to-date: /home/rover/kameyama_ws/install/my_nav_msgs/share/my_nav_msgs/cmake/my_nav_msgs__rosidl_typesupport_cppExport.cmake
[2.351s] -- Up-to-date: /home/rover/kameyama_ws/install/my_nav_msgs/share/my_nav_msgs/cmake/my_nav_msgs__rosidl_typesupport_cppExport-noconfig.cmake
[2.352s] -- Up-to-date: /home/rover/kameyama_ws/install/my_nav_msgs/share/my_nav_msgs/cmake/export_my_nav_msgs__rosidl_generator_pyExport.cmake
[2.352s] -- Up-to-date: /home/rover/kameyama_ws/install/my_nav_msgs/share/my_nav_msgs/cmake/export_my_nav_msgs__rosidl_generator_pyExport-noconfig.cmake
[2.384s] Invoked command in '/home/rover/kameyama_ws/build/my_nav_msgs' returned '0': CMAKE_PREFIX_PATH=${CMAKE_PREFIX_PATH}:/home/rover/amir_basic_ws/install/nav2_simple_commander:/home/rover/amir_basic_ws/install/camera_calibration:/opt/ros/humble /usr/bin/cmake --install /home/rover/kameyama_ws/build/my_nav_msgs
