[0.040s] Invoking command in '/home/das-note-021/amir_kameyama_ws/build/my_nav_msgs': CMAKE_PREFIX_PATH=${CMAKE_PREFIX_PATH}:/home/das-note-021/amir_kameyama_ws/install/failure_detection:/home/das-note-021/amir_kameyama_ws/install/bt_generator:/home/das-note-021/kameyama_ws/install/ros2_aruco:/home/das-note-021/kameyama_ws/install/failure_detection:/home/das-note-021/kameyama_ws/install/bt_generator:/opt/ros/humble /usr/bin/cmake /home/das-note-021/amir_kameyama_ws/src/my_nav_msgs -DAMENT_CMAKE_SYMLINK_INSTALL=1 -DCMAKE_INSTALL_PREFIX=/home/das-note-021/amir_kameyama_ws/install/my_nav_msgs
[0.227s] -- The C compiler identification is GNU 11.4.0
[0.227s] -- The CXX compiler identification is GNU 11.4.0
[0.228s] -- Detecting C compiler ABI info
[0.228s] -- Detecting C compiler ABI info - done
[0.228s] -- Check for working C compiler: /usr/bin/cc - skipped
[0.228s] -- Detecting C compile features
[0.228s] -- Detecting C compile features - done
[0.228s] -- Detecting CXX compiler ABI info
[0.252s] -- Detecting CXX compiler ABI info - done
[0.258s] -- Check for working CXX compiler: /usr/bin/c++ - skipped
[0.258s] -- Detecting CXX compile features
[0.259s] -- Detecting CXX compile features - done
[0.262s] -- Found ament_cmake: 1.3.11 (/opt/ros/humble/share/ament_cmake/cmake)
[0.419s] -- Found Python3: /usr/bin/python3 (found version "3.10.12") found components: Interpreter 
[0.478s] -- Override CMake install command with custom implementation using symlinks instead of copying resources
[0.519s] -- Found builtin_interfaces: 1.2.1 (/opt/ros/humble/share/builtin_interfaces/cmake)
[0.553s] -- Found rosidl_generator_c: 3.1.6 (/opt/ros/humble/share/rosidl_generator_c/cmake)
[0.559s] -- Found rosidl_adapter: 3.1.6 (/opt/ros/humble/share/rosidl_adapter/cmake)
[0.567s] -- Found rosidl_generator_cpp: 3.1.6 (/opt/ros/humble/share/rosidl_generator_cpp/cmake)
[0.578s] -- Using all available rosidl_typesupport_c: rosidl_typesupport_fastrtps_c;rosidl_typesupport_introspection_c
[0.594s] -- Using all available rosidl_typesupport_cpp: rosidl_typesupport_fastrtps_cpp;rosidl_typesupport_introspection_cpp
[0.609s] -- Found rosidl_default_generators: 1.2.0 (/opt/ros/humble/share/rosidl_default_generators/cmake)
[0.620s] -- Found action_msgs: 1.2.1 (/opt/ros/humble/share/action_msgs/cmake)
[0.638s] -- Found std_msgs: 4.9.0 (/opt/ros/humble/share/std_msgs/cmake)
[0.647s] -- Found visualization_msgs: 4.9.0 (/opt/ros/humble/share/visualization_msgs/cmake)
[0.684s] -- Found nav2_msgs: 1.1.18 (/opt/ros/humble/share/nav2_msgs/cmake)
[1.000s] -- Found ament_cmake_ros: 0.10.0 (/opt/ros/humble/share/ament_cmake_ros/cmake)
[1.491s] -- Using all available rosidl_typesupport_c: rosidl_typesupport_fastrtps_c;rosidl_typesupport_introspection_c
[1.665s] -- Using all available rosidl_typesupport_cpp: rosidl_typesupport_fastrtps_cpp;rosidl_typesupport_introspection_cpp
[1.684s] -- Found PythonInterp: /usr/bin/python3 (found suitable version "3.10.12", minimum required is "3.6") 
[1.689s] -- Found python_cmake_module: 0.10.0 (/opt/ros/humble/share/python_cmake_module/cmake)
[1.718s] -- Found PythonLibs: /usr/lib/x86_64-linux-gnu/libpython3.10.so (found suitable version "3.10.12", minimum required is "3.5") 
[1.719s] -- Using PYTHON_EXECUTABLE: /usr/bin/python3
[1.719s] -- Using PYTHON_INCLUDE_DIRS: /usr/include/python3.10
[1.719s] -- Using PYTHON_LIBRARIES: /usr/lib/x86_64-linux-gnu/libpython3.10.so
[1.737s] -- Found PythonExtra: .so  
[1.841s] -- Configuring done
[1.867s] -- Generating done
[1.876s] -- Build files have been written to: /home/das-note-021/amir_kameyama_ws/build/my_nav_msgs
[1.884s] Invoked command in '/home/das-note-021/amir_kameyama_ws/build/my_nav_msgs' returned '0': CMAKE_PREFIX_PATH=${CMAKE_PREFIX_PATH}:/home/das-note-021/amir_kameyama_ws/install/failure_detection:/home/das-note-021/amir_kameyama_ws/install/bt_generator:/home/das-note-021/kameyama_ws/install/ros2_aruco:/home/das-note-021/kameyama_ws/install/failure_detection:/home/das-note-021/kameyama_ws/install/bt_generator:/opt/ros/humble /usr/bin/cmake /home/das-note-021/amir_kameyama_ws/src/my_nav_msgs -DAMENT_CMAKE_SYMLINK_INSTALL=1 -DCMAKE_INSTALL_PREFIX=/home/das-note-021/amir_kameyama_ws/install/my_nav_msgs
[1.886s] Invoking command in '/home/das-note-021/amir_kameyama_ws/build/my_nav_msgs': CMAKE_PREFIX_PATH=${CMAKE_PREFIX_PATH}:/home/das-note-021/amir_kameyama_ws/install/failure_detection:/home/das-note-021/amir_kameyama_ws/install/bt_generator:/home/das-note-021/kameyama_ws/install/ros2_aruco:/home/das-note-021/kameyama_ws/install/failure_detection:/home/das-note-021/kameyama_ws/install/bt_generator:/opt/ros/humble /usr/bin/cmake --build /home/das-note-021/amir_kameyama_ws/build/my_nav_msgs -- -j22 -l22
[1.928s] [  1%] [34m[1mGenerating C code for ROS interfaces[0m
[1.938s] [  3%] [34m[1mGenerating C++ code for ROS interfaces[0m
[1.942s] [  3%] Built target ament_cmake_python_symlink_my_nav_msgs
[2.146s] running egg_info
[2.146s] creating my_nav_msgs.egg-info
[2.146s] writing my_nav_msgs.egg-info/PKG-INFO
[2.146s] writing dependency_links to my_nav_msgs.egg-info/dependency_links.txt
[2.146s] writing top-level names to my_nav_msgs.egg-info/top_level.txt
[2.147s] writing manifest file 'my_nav_msgs.egg-info/SOURCES.txt'
[2.148s] reading manifest file 'my_nav_msgs.egg-info/SOURCES.txt'
[2.149s] writing manifest file 'my_nav_msgs.egg-info/SOURCES.txt'
[2.185s] [  3%] Built target ament_cmake_python_build_my_nav_msgs_egg
[2.898s] [  3%] Built target my_nav_msgs__cpp
[2.936s] [  7%] [34m[1mGenerating C++ type support for eProsima Fast-RTPS[0m
[2.936s] [  7%] [34m[1mGenerating C++ introspection for ROS interfaces[0m
[2.985s] [  9%] [34m[1mGenerating C++ type support dispatch for ROS interfaces[0m
[3.012s] [ 12%] [32mBuilding C object CMakeFiles/my_nav_msgs__rosidl_generator_c.dir/rosidl_generator_c/my_nav_msgs/action/detail/compute_multi_path__functions.c.o[0m
[3.012s] [ 12%] [32mBuilding C object CMakeFiles/my_nav_msgs__rosidl_generator_c.dir/rosidl_generator_c/my_nav_msgs/srv/detail/set_obj_cost__functions.c.o[0m
[3.059s] [ 14%] [32mBuilding C object CMakeFiles/my_nav_msgs__rosidl_generator_c.dir/rosidl_generator_c/my_nav_msgs/msg/detail/path_info__functions.c.o[0m
[3.075s] [ 16%] [32mBuilding C object CMakeFiles/my_nav_msgs__rosidl_generator_c.dir/rosidl_generator_c/my_nav_msgs/msg/detail/path_with_condition__functions.c.o[0m
[3.289s] [ 18%] [32m[1mLinking C shared library libmy_nav_msgs__rosidl_generator_c.so[0m
[3.379s] [ 18%] Built target my_nav_msgs__rosidl_generator_c
[3.402s] [ 20%] [34m[1mGenerating C type support for eProsima Fast-RTPS[0m
[3.404s] [ 21%] [34m[1mGenerating C introspection for ROS interfaces[0m
[3.433s] [ 23%] [34m[1mGenerating C type support dispatch for ROS interfaces[0m
[3.610s] [ 25%] [32mBuilding CXX object CMakeFiles/my_nav_msgs__rosidl_typesupport_cpp.dir/rosidl_typesupport_cpp/my_nav_msgs/msg/path_with_condition__type_support.cpp.o[0m
[3.610s] [ 27%] [32mBuilding CXX object CMakeFiles/my_nav_msgs__rosidl_typesupport_cpp.dir/rosidl_typesupport_cpp/my_nav_msgs/msg/path_info__type_support.cpp.o[0m
[3.626s] [ 29%] [32mBuilding CXX object CMakeFiles/my_nav_msgs__rosidl_typesupport_cpp.dir/rosidl_typesupport_cpp/my_nav_msgs/action/compute_multi_path__type_support.cpp.o[0m
[3.645s] [ 30%] [32mBuilding CXX object CMakeFiles/my_nav_msgs__rosidl_typesupport_cpp.dir/rosidl_typesupport_cpp/my_nav_msgs/srv/set_obj_cost__type_support.cpp.o[0m
[3.726s] [ 32%] [32mBuilding CXX object CMakeFiles/my_nav_msgs__rosidl_typesupport_introspection_cpp.dir/rosidl_typesupport_introspection_cpp/my_nav_msgs/msg/detail/path_with_condition__type_support.cpp.o[0m
[3.732s] [ 34%] [32mBuilding CXX object CMakeFiles/my_nav_msgs__rosidl_typesupport_introspection_cpp.dir/rosidl_typesupport_introspection_cpp/my_nav_msgs/msg/detail/path_info__type_support.cpp.o[0m
[3.735s] [ 36%] [32mBuilding CXX object CMakeFiles/my_nav_msgs__rosidl_typesupport_introspection_cpp.dir/rosidl_typesupport_introspection_cpp/my_nav_msgs/srv/detail/set_obj_cost__type_support.cpp.o[0m
[3.743s] [ 38%] [32mBuilding CXX object CMakeFiles/my_nav_msgs__rosidl_typesupport_introspection_cpp.dir/rosidl_typesupport_introspection_cpp/my_nav_msgs/action/detail/compute_multi_path__type_support.cpp.o[0m
[3.830s] [ 40%] [32mBuilding CXX object CMakeFiles/my_nav_msgs__rosidl_typesupport_fastrtps_cpp.dir/rosidl_typesupport_fastrtps_cpp/my_nav_msgs/msg/detail/dds_fastrtps/path_info__type_support.cpp.o[0m
[3.833s] [ 41%] [32mBuilding CXX object CMakeFiles/my_nav_msgs__rosidl_typesupport_fastrtps_cpp.dir/rosidl_typesupport_fastrtps_cpp/my_nav_msgs/msg/detail/dds_fastrtps/path_with_condition__type_support.cpp.o[0m
[3.836s] [ 43%] [32mBuilding CXX object CMakeFiles/my_nav_msgs__rosidl_typesupport_fastrtps_cpp.dir/rosidl_typesupport_fastrtps_cpp/my_nav_msgs/action/detail/dds_fastrtps/compute_multi_path__type_support.cpp.o[0m
[3.873s] [ 45%] [32mBuilding CXX object CMakeFiles/my_nav_msgs__rosidl_typesupport_fastrtps_cpp.dir/rosidl_typesupport_fastrtps_cpp/my_nav_msgs/srv/detail/dds_fastrtps/set_obj_cost__type_support.cpp.o[0m
[4.084s] [ 47%] [32mBuilding CXX object CMakeFiles/my_nav_msgs__rosidl_typesupport_c.dir/rosidl_typesupport_c/my_nav_msgs/msg/path_info__type_support.cpp.o[0m
[4.092s] [ 50%] [32mBuilding C object CMakeFiles/my_nav_msgs__rosidl_typesupport_introspection_c.dir/rosidl_typesupport_introspection_c/my_nav_msgs/msg/detail/path_info__type_support.c.o[0m
[4.093s] [ 50%] [32mBuilding C object CMakeFiles/my_nav_msgs__rosidl_typesupport_introspection_c.dir/rosidl_typesupport_introspection_c/my_nav_msgs/msg/detail/path_with_condition__type_support.c.o[0m
[4.112s] [ 52%] [32mBuilding CXX object CMakeFiles/my_nav_msgs__rosidl_typesupport_c.dir/rosidl_typesupport_c/my_nav_msgs/msg/path_with_condition__type_support.cpp.o[0m
[4.115s] [ 54%] [32mBuilding C object CMakeFiles/my_nav_msgs__rosidl_typesupport_introspection_c.dir/rosidl_typesupport_introspection_c/my_nav_msgs/action/detail/compute_multi_path__type_support.c.o[0m
[4.124s] [ 56%] [32mBuilding CXX object CMakeFiles/my_nav_msgs__rosidl_typesupport_c.dir/rosidl_typesupport_c/my_nav_msgs/srv/set_obj_cost__type_support.cpp.o[0m
[4.135s] [ 58%] [32mBuilding CXX object CMakeFiles/my_nav_msgs__rosidl_typesupport_c.dir/rosidl_typesupport_c/my_nav_msgs/action/compute_multi_path__type_support.cpp.o[0m
[4.152s] [ 60%] [32mBuilding C object CMakeFiles/my_nav_msgs__rosidl_typesupport_introspection_c.dir/rosidl_typesupport_introspection_c/my_nav_msgs/srv/detail/set_obj_cost__type_support.c.o[0m
[4.166s] [ 61%] [32m[1mLinking CXX shared library libmy_nav_msgs__rosidl_typesupport_cpp.so[0m
[4.239s] [ 63%] [32mBuilding CXX object CMakeFiles/my_nav_msgs__rosidl_typesupport_fastrtps_c.dir/rosidl_typesupport_fastrtps_c/my_nav_msgs/msg/detail/path_info__type_support_c.cpp.o[0m
[4.257s] [ 65%] [32mBuilding CXX object CMakeFiles/my_nav_msgs__rosidl_typesupport_fastrtps_c.dir/rosidl_typesupport_fastrtps_c/my_nav_msgs/srv/detail/set_obj_cost__type_support_c.cpp.o[0m
[4.263s] [ 67%] [32mBuilding CXX object CMakeFiles/my_nav_msgs__rosidl_typesupport_fastrtps_c.dir/rosidl_typesupport_fastrtps_c/my_nav_msgs/msg/detail/path_with_condition__type_support_c.cpp.o[0m
[4.269s] [ 69%] [32m[1mLinking C shared library libmy_nav_msgs__rosidl_typesupport_introspection_c.so[0m
[4.273s] [ 70%] [32mBuilding CXX object CMakeFiles/my_nav_msgs__rosidl_typesupport_fastrtps_c.dir/rosidl_typesupport_fastrtps_c/my_nav_msgs/action/detail/compute_multi_path__type_support_c.cpp.o[0m
[4.287s] [ 70%] Built target my_nav_msgs__rosidl_typesupport_cpp
[4.358s] [ 70%] Built target my_nav_msgs__rosidl_typesupport_introspection_c
[4.380s] [ 72%] [32m[1mLinking CXX shared library libmy_nav_msgs__rosidl_typesupport_c.so[0m
[4.470s] [ 72%] Built target my_nav_msgs__rosidl_typesupport_c
[4.597s] [ 74%] [32m[1mLinking CXX shared library libmy_nav_msgs__rosidl_typesupport_fastrtps_cpp.so[0m
[4.756s] [ 76%] [32m[1mLinking CXX shared library libmy_nav_msgs__rosidl_typesupport_fastrtps_c.so[0m
[4.807s] [ 76%] Built target my_nav_msgs__rosidl_typesupport_fastrtps_cpp
[4.830s] [ 78%] [32m[1mLinking CXX shared library libmy_nav_msgs__rosidl_typesupport_introspection_cpp.so[0m
[4.913s] [ 78%] Built target my_nav_msgs__rosidl_typesupport_fastrtps_c
[5.030s] [ 78%] Built target my_nav_msgs__rosidl_typesupport_introspection_cpp
[5.095s] [ 78%] Built target my_nav_msgs
[5.127s] [ 80%] [34m[1mGenerating Python code for ROS interfaces[0m
[6.408s] [ 80%] Built target my_nav_msgs__py
[6.430s] [ 81%] [32mBuilding C object CMakeFiles/my_nav_msgs__rosidl_generator_py.dir/rosidl_generator_py/my_nav_msgs/msg/_path_with_condition_s.c.o[0m
[6.434s] [ 87%] [32mBuilding C object CMakeFiles/my_nav_msgs__rosidl_generator_py.dir/rosidl_generator_py/my_nav_msgs/msg/_path_info_s.c.o[0m
[6.434s] [ 87%] [32mBuilding C object CMakeFiles/my_nav_msgs__rosidl_generator_py.dir/rosidl_generator_py/my_nav_msgs/srv/_set_obj_cost_s.c.o[0m
[6.434s] [ 87%] [32mBuilding C object CMakeFiles/my_nav_msgs__rosidl_generator_py.dir/rosidl_generator_py/my_nav_msgs/action/_compute_multi_path_s.c.o[0m
[6.547s] [ 89%] [32m[1mLinking C shared library rosidl_generator_py/my_nav_msgs/libmy_nav_msgs__rosidl_generator_py.so[0m
[6.591s] [ 89%] Built target my_nav_msgs__rosidl_generator_py
[6.612s] [ 90%] [32mBuilding C object CMakeFiles/my_nav_msgs__rosidl_typesupport_introspection_c__pyext.dir/rosidl_generator_py/my_nav_msgs/_my_nav_msgs_s.ep.rosidl_typesupport_introspection_c.c.o[0m
[6.613s] [ 92%] [32mBuilding C object CMakeFiles/my_nav_msgs__rosidl_typesupport_c__pyext.dir/rosidl_generator_py/my_nav_msgs/_my_nav_msgs_s.ep.rosidl_typesupport_c.c.o[0m
[6.614s] [ 94%] [32mBuilding C object CMakeFiles/my_nav_msgs__rosidl_typesupport_fastrtps_c__pyext.dir/rosidl_generator_py/my_nav_msgs/_my_nav_msgs_s.ep.rosidl_typesupport_fastrtps_c.c.o[0m
[6.702s] [ 96%] [32m[1mLinking C shared library rosidl_generator_py/my_nav_msgs/my_nav_msgs_s__rosidl_typesupport_fastrtps_c.cpython-310-x86_64-linux-gnu.so[0m
[6.736s] [ 98%] [32m[1mLinking C shared library rosidl_generator_py/my_nav_msgs/my_nav_msgs_s__rosidl_typesupport_introspection_c.cpython-310-x86_64-linux-gnu.so[0m
[6.752s] [ 98%] Built target my_nav_msgs__rosidl_typesupport_fastrtps_c__pyext
[6.754s] [100%] [32m[1mLinking C shared library rosidl_generator_py/my_nav_msgs/my_nav_msgs_s__rosidl_typesupport_c.cpython-310-x86_64-linux-gnu.so[0m
[6.779s] [100%] Built target my_nav_msgs__rosidl_typesupport_introspection_c__pyext
[6.810s] [100%] Built target my_nav_msgs__rosidl_typesupport_c__pyext
[6.825s] Invoked command in '/home/das-note-021/amir_kameyama_ws/build/my_nav_msgs' returned '0': CMAKE_PREFIX_PATH=${CMAKE_PREFIX_PATH}:/home/das-note-021/amir_kameyama_ws/install/failure_detection:/home/das-note-021/amir_kameyama_ws/install/bt_generator:/home/das-note-021/kameyama_ws/install/ros2_aruco:/home/das-note-021/kameyama_ws/install/failure_detection:/home/das-note-021/kameyama_ws/install/bt_generator:/opt/ros/humble /usr/bin/cmake --build /home/das-note-021/amir_kameyama_ws/build/my_nav_msgs -- -j22 -l22
[6.827s] Invoking command in '/home/das-note-021/amir_kameyama_ws/build/my_nav_msgs': CMAKE_PREFIX_PATH=${CMAKE_PREFIX_PATH}:/home/das-note-021/amir_kameyama_ws/install/failure_detection:/home/das-note-021/amir_kameyama_ws/install/bt_generator:/home/das-note-021/kameyama_ws/install/ros2_aruco:/home/das-note-021/kameyama_ws/install/failure_detection:/home/das-note-021/kameyama_ws/install/bt_generator:/opt/ros/humble /usr/bin/cmake --install /home/das-note-021/amir_kameyama_ws/build/my_nav_msgs
[6.834s] -- Install configuration: ""
[6.834s] -- Execute custom install script
[6.834s] -- Symlinking: /home/das-note-021/amir_kameyama_ws/install/my_nav_msgs/share/ament_index/resource_index/rosidl_interfaces/my_nav_msgs
[6.840s] -- Symlinking: /home/das-note-021/amir_kameyama_ws/install/my_nav_msgs/include/my_nav_msgs/my_nav_msgs/action/compute_multi_path.h
[6.846s] -- Symlinking: /home/das-note-021/amir_kameyama_ws/install/my_nav_msgs/include/my_nav_msgs/my_nav_msgs/action/detail/compute_multi_path__functions.h
[6.857s] -- Symlinking: /home/das-note-021/amir_kameyama_ws/install/my_nav_msgs/include/my_nav_msgs/my_nav_msgs/action/detail/compute_multi_path__struct.h
[6.863s] -- Symlinking: /home/das-note-021/amir_kameyama_ws/install/my_nav_msgs/include/my_nav_msgs/my_nav_msgs/action/detail/compute_multi_path__type_support.h
[6.870s] -- Symlinking: /home/das-note-021/amir_kameyama_ws/install/my_nav_msgs/include/my_nav_msgs/my_nav_msgs/msg/detail/path_info__functions.h
[6.877s] -- Symlinking: /home/das-note-021/amir_kameyama_ws/install/my_nav_msgs/include/my_nav_msgs/my_nav_msgs/msg/detail/path_info__struct.h
[6.889s] -- Symlinking: /home/das-note-021/amir_kameyama_ws/install/my_nav_msgs/include/my_nav_msgs/my_nav_msgs/msg/detail/path_info__type_support.h
[6.901s] -- Symlinking: /home/das-note-021/amir_kameyama_ws/install/my_nav_msgs/include/my_nav_msgs/my_nav_msgs/msg/detail/path_with_condition__functions.h
[6.913s] -- Symlinking: /home/das-note-021/amir_kameyama_ws/install/my_nav_msgs/include/my_nav_msgs/my_nav_msgs/msg/detail/path_with_condition__struct.h
[6.919s] -- Symlinking: /home/das-note-021/amir_kameyama_ws/install/my_nav_msgs/include/my_nav_msgs/my_nav_msgs/msg/detail/path_with_condition__type_support.h
[6.925s] -- Symlinking: /home/das-note-021/amir_kameyama_ws/install/my_nav_msgs/include/my_nav_msgs/my_nav_msgs/msg/path_info.h
[6.936s] -- Symlinking: /home/das-note-021/amir_kameyama_ws/install/my_nav_msgs/include/my_nav_msgs/my_nav_msgs/msg/path_with_condition.h
[6.943s] -- Symlinking: /home/das-note-021/amir_kameyama_ws/install/my_nav_msgs/include/my_nav_msgs/my_nav_msgs/msg/rosidl_generator_c__visibility_control.h
[6.952s] -- Symlinking: /home/das-note-021/amir_kameyama_ws/install/my_nav_msgs/include/my_nav_msgs/my_nav_msgs/srv/detail/set_obj_cost__functions.h
[6.960s] -- Symlinking: /home/das-note-021/amir_kameyama_ws/install/my_nav_msgs/include/my_nav_msgs/my_nav_msgs/srv/detail/set_obj_cost__struct.h
[6.971s] -- Symlinking: /home/das-note-021/amir_kameyama_ws/install/my_nav_msgs/include/my_nav_msgs/my_nav_msgs/srv/detail/set_obj_cost__type_support.h
[6.980s] -- Symlinking: /home/das-note-021/amir_kameyama_ws/install/my_nav_msgs/include/my_nav_msgs/my_nav_msgs/srv/set_obj_cost.h
[6.988s] -- Symlinking: /home/das-note-021/amir_kameyama_ws/install/my_nav_msgs/share/my_nav_msgs/environment/library_path.sh
[6.998s] -- Symlinking: /home/das-note-021/amir_kameyama_ws/install/my_nav_msgs/share/my_nav_msgs/environment/library_path.dsv
[7.004s] -- Symlinking: /home/das-note-021/amir_kameyama_ws/install/my_nav_msgs/include/my_nav_msgs/my_nav_msgs/action/detail/compute_multi_path__rosidl_typesupport_fastrtps_c.h
[7.010s] -- Symlinking: /home/das-note-021/amir_kameyama_ws/install/my_nav_msgs/include/my_nav_msgs/my_nav_msgs/msg/detail/path_info__rosidl_typesupport_fastrtps_c.h
[7.020s] -- Symlinking: /home/das-note-021/amir_kameyama_ws/install/my_nav_msgs/include/my_nav_msgs/my_nav_msgs/msg/detail/path_with_condition__rosidl_typesupport_fastrtps_c.h
[7.025s] -- Symlinking: /home/das-note-021/amir_kameyama_ws/install/my_nav_msgs/include/my_nav_msgs/my_nav_msgs/msg/rosidl_typesupport_fastrtps_c__visibility_control.h
[7.034s] -- Symlinking: /home/das-note-021/amir_kameyama_ws/install/my_nav_msgs/include/my_nav_msgs/my_nav_msgs/srv/detail/set_obj_cost__rosidl_typesupport_fastrtps_c.h
[7.040s] -- Symlinking: /home/das-note-021/amir_kameyama_ws/install/my_nav_msgs/include/my_nav_msgs/my_nav_msgs/action/compute_multi_path.hpp
[7.051s] -- Symlinking: /home/das-note-021/amir_kameyama_ws/install/my_nav_msgs/include/my_nav_msgs/my_nav_msgs/action/detail/compute_multi_path__builder.hpp
[7.062s] -- Symlinking: /home/das-note-021/amir_kameyama_ws/install/my_nav_msgs/include/my_nav_msgs/my_nav_msgs/action/detail/compute_multi_path__struct.hpp
[7.073s] -- Symlinking: /home/das-note-021/amir_kameyama_ws/install/my_nav_msgs/include/my_nav_msgs/my_nav_msgs/action/detail/compute_multi_path__traits.hpp
[7.084s] -- Symlinking: /home/das-note-021/amir_kameyama_ws/install/my_nav_msgs/include/my_nav_msgs/my_nav_msgs/action/detail/compute_multi_path__type_support.hpp
[7.094s] -- Symlinking: /home/das-note-021/amir_kameyama_ws/install/my_nav_msgs/include/my_nav_msgs/my_nav_msgs/msg/detail/path_info__builder.hpp
[7.103s] -- Symlinking: /home/das-note-021/amir_kameyama_ws/install/my_nav_msgs/include/my_nav_msgs/my_nav_msgs/msg/detail/path_info__struct.hpp
[7.109s] -- Symlinking: /home/das-note-021/amir_kameyama_ws/install/my_nav_msgs/include/my_nav_msgs/my_nav_msgs/msg/detail/path_info__traits.hpp
[7.115s] -- Symlinking: /home/das-note-021/amir_kameyama_ws/install/my_nav_msgs/include/my_nav_msgs/my_nav_msgs/msg/detail/path_info__type_support.hpp
[7.120s] -- Symlinking: /home/das-note-021/amir_kameyama_ws/install/my_nav_msgs/include/my_nav_msgs/my_nav_msgs/msg/detail/path_with_condition__builder.hpp
[7.131s] -- Symlinking: /home/das-note-021/amir_kameyama_ws/install/my_nav_msgs/include/my_nav_msgs/my_nav_msgs/msg/detail/path_with_condition__struct.hpp
[7.143s] -- Symlinking: /home/das-note-021/amir_kameyama_ws/install/my_nav_msgs/include/my_nav_msgs/my_nav_msgs/msg/detail/path_with_condition__traits.hpp
[7.152s] -- Symlinking: /home/das-note-021/amir_kameyama_ws/install/my_nav_msgs/include/my_nav_msgs/my_nav_msgs/msg/detail/path_with_condition__type_support.hpp
[7.159s] -- Symlinking: /home/das-note-021/amir_kameyama_ws/install/my_nav_msgs/include/my_nav_msgs/my_nav_msgs/msg/path_info.hpp
[7.164s] -- Symlinking: /home/das-note-021/amir_kameyama_ws/install/my_nav_msgs/include/my_nav_msgs/my_nav_msgs/msg/path_with_condition.hpp
[7.175s] -- Symlinking: /home/das-note-021/amir_kameyama_ws/install/my_nav_msgs/include/my_nav_msgs/my_nav_msgs/msg/rosidl_generator_cpp__visibility_control.hpp
[7.181s] -- Symlinking: /home/das-note-021/amir_kameyama_ws/install/my_nav_msgs/include/my_nav_msgs/my_nav_msgs/srv/detail/set_obj_cost__builder.hpp
[7.188s] -- Symlinking: /home/das-note-021/amir_kameyama_ws/install/my_nav_msgs/include/my_nav_msgs/my_nav_msgs/srv/detail/set_obj_cost__struct.hpp
[7.198s] -- Symlinking: /home/das-note-021/amir_kameyama_ws/install/my_nav_msgs/include/my_nav_msgs/my_nav_msgs/srv/detail/set_obj_cost__traits.hpp
[7.204s] -- Symlinking: /home/das-note-021/amir_kameyama_ws/install/my_nav_msgs/include/my_nav_msgs/my_nav_msgs/srv/detail/set_obj_cost__type_support.hpp
[7.211s] -- Symlinking: /home/das-note-021/amir_kameyama_ws/install/my_nav_msgs/include/my_nav_msgs/my_nav_msgs/srv/set_obj_cost.hpp
[7.219s] -- Symlinking: /home/das-note-021/amir_kameyama_ws/install/my_nav_msgs/include/my_nav_msgs/my_nav_msgs/action/detail/compute_multi_path__rosidl_typesupport_fastrtps_cpp.hpp
[7.226s] -- Symlinking: /home/das-note-021/amir_kameyama_ws/install/my_nav_msgs/include/my_nav_msgs/my_nav_msgs/msg/detail/path_info__rosidl_typesupport_fastrtps_cpp.hpp
[7.233s] -- Symlinking: /home/das-note-021/amir_kameyama_ws/install/my_nav_msgs/include/my_nav_msgs/my_nav_msgs/msg/detail/path_with_condition__rosidl_typesupport_fastrtps_cpp.hpp
[7.243s] -- Symlinking: /home/das-note-021/amir_kameyama_ws/install/my_nav_msgs/include/my_nav_msgs/my_nav_msgs/msg/rosidl_typesupport_fastrtps_cpp__visibility_control.h
[7.252s] -- Symlinking: /home/das-note-021/amir_kameyama_ws/install/my_nav_msgs/include/my_nav_msgs/my_nav_msgs/srv/detail/set_obj_cost__rosidl_typesupport_fastrtps_cpp.hpp
[7.263s] -- Symlinking: /home/das-note-021/amir_kameyama_ws/install/my_nav_msgs/include/my_nav_msgs/my_nav_msgs/action/detail/compute_multi_path__rosidl_typesupport_introspection_c.h
[7.273s] -- Symlinking: /home/das-note-021/amir_kameyama_ws/install/my_nav_msgs/include/my_nav_msgs/my_nav_msgs/msg/detail/path_info__rosidl_typesupport_introspection_c.h
[7.283s] -- Symlinking: /home/das-note-021/amir_kameyama_ws/install/my_nav_msgs/include/my_nav_msgs/my_nav_msgs/msg/detail/path_with_condition__rosidl_typesupport_introspection_c.h
[7.292s] -- Symlinking: /home/das-note-021/amir_kameyama_ws/install/my_nav_msgs/include/my_nav_msgs/my_nav_msgs/msg/rosidl_typesupport_introspection_c__visibility_control.h
[7.302s] -- Symlinking: /home/das-note-021/amir_kameyama_ws/install/my_nav_msgs/include/my_nav_msgs/my_nav_msgs/srv/detail/set_obj_cost__rosidl_typesupport_introspection_c.h
[7.313s] -- Symlinking: /home/das-note-021/amir_kameyama_ws/install/my_nav_msgs/include/my_nav_msgs/my_nav_msgs/action/detail/compute_multi_path__rosidl_typesupport_introspection_cpp.hpp
[7.323s] -- Symlinking: /home/das-note-021/amir_kameyama_ws/install/my_nav_msgs/include/my_nav_msgs/my_nav_msgs/msg/detail/path_info__rosidl_typesupport_introspection_cpp.hpp
[7.331s] -- Symlinking: /home/das-note-021/amir_kameyama_ws/install/my_nav_msgs/include/my_nav_msgs/my_nav_msgs/msg/detail/path_with_condition__rosidl_typesupport_introspection_cpp.hpp
[7.337s] -- Symlinking: /home/das-note-021/amir_kameyama_ws/install/my_nav_msgs/include/my_nav_msgs/my_nav_msgs/srv/detail/set_obj_cost__rosidl_typesupport_introspection_cpp.hpp
[7.344s] -- Symlinking: /home/das-note-021/amir_kameyama_ws/install/my_nav_msgs/share/my_nav_msgs/environment/pythonpath.sh
[7.354s] -- Symlinking: /home/das-note-021/amir_kameyama_ws/install/my_nav_msgs/share/my_nav_msgs/environment/pythonpath.dsv
[7.362s] -- Symlinking: /home/das-note-021/amir_kameyama_ws/install/my_nav_msgs/local/lib/python3.10/dist-packages/my_nav_msgs-0.1.0-py3.10.egg-info/PKG-INFO
[7.369s] -- Symlinking: /home/das-note-021/amir_kameyama_ws/install/my_nav_msgs/local/lib/python3.10/dist-packages/my_nav_msgs-0.1.0-py3.10.egg-info/SOURCES.txt
[7.374s] -- Symlinking: /home/das-note-021/amir_kameyama_ws/install/my_nav_msgs/local/lib/python3.10/dist-packages/my_nav_msgs-0.1.0-py3.10.egg-info/dependency_links.txt
[7.384s] -- Symlinking: /home/das-note-021/amir_kameyama_ws/install/my_nav_msgs/local/lib/python3.10/dist-packages/my_nav_msgs-0.1.0-py3.10.egg-info/top_level.txt
[7.390s] -- Symlinking: /home/das-note-021/amir_kameyama_ws/install/my_nav_msgs/local/lib/python3.10/dist-packages/my_nav_msgs/__init__.py
[7.398s] -- Symlinking: /home/das-note-021/amir_kameyama_ws/install/my_nav_msgs/local/lib/python3.10/dist-packages/my_nav_msgs/_my_nav_msgs_s.ep.rosidl_typesupport_c.c
[7.406s] -- Symlinking: /home/das-note-021/amir_kameyama_ws/install/my_nav_msgs/local/lib/python3.10/dist-packages/my_nav_msgs/_my_nav_msgs_s.ep.rosidl_typesupport_fastrtps_c.c
[7.414s] -- Symlinking: /home/das-note-021/amir_kameyama_ws/install/my_nav_msgs/local/lib/python3.10/dist-packages/my_nav_msgs/_my_nav_msgs_s.ep.rosidl_typesupport_introspection_c.c
[7.421s] -- Symlinking: /home/das-note-021/amir_kameyama_ws/install/my_nav_msgs/local/lib/python3.10/dist-packages/my_nav_msgs/action/__init__.py
[7.427s] -- Symlinking: /home/das-note-021/amir_kameyama_ws/install/my_nav_msgs/local/lib/python3.10/dist-packages/my_nav_msgs/action/_compute_multi_path.py
[7.434s] -- Symlinking: /home/das-note-021/amir_kameyama_ws/install/my_nav_msgs/local/lib/python3.10/dist-packages/my_nav_msgs/action/_compute_multi_path_s.c
[7.440s] -- Symlinking: /home/das-note-021/amir_kameyama_ws/install/my_nav_msgs/local/lib/python3.10/dist-packages/my_nav_msgs/libmy_nav_msgs__rosidl_generator_py.so
[7.448s] -- Symlinking: /home/das-note-021/amir_kameyama_ws/install/my_nav_msgs/local/lib/python3.10/dist-packages/my_nav_msgs/msg/__init__.py
[7.457s] -- Symlinking: /home/das-note-021/amir_kameyama_ws/install/my_nav_msgs/local/lib/python3.10/dist-packages/my_nav_msgs/msg/_path_info.py
[7.464s] -- Symlinking: /home/das-note-021/amir_kameyama_ws/install/my_nav_msgs/local/lib/python3.10/dist-packages/my_nav_msgs/msg/_path_info_s.c
[7.471s] -- Symlinking: /home/das-note-021/amir_kameyama_ws/install/my_nav_msgs/local/lib/python3.10/dist-packages/my_nav_msgs/msg/_path_with_condition.py
[7.479s] -- Symlinking: /home/das-note-021/amir_kameyama_ws/install/my_nav_msgs/local/lib/python3.10/dist-packages/my_nav_msgs/msg/_path_with_condition_s.c
[7.486s] -- Symlinking: /home/das-note-021/amir_kameyama_ws/install/my_nav_msgs/local/lib/python3.10/dist-packages/my_nav_msgs/my_nav_msgs_s__rosidl_typesupport_c.cpython-310-x86_64-linux-gnu.so
[7.494s] -- Symlinking: /home/das-note-021/amir_kameyama_ws/install/my_nav_msgs/local/lib/python3.10/dist-packages/my_nav_msgs/my_nav_msgs_s__rosidl_typesupport_fastrtps_c.cpython-310-x86_64-linux-gnu.so
[7.503s] -- Symlinking: /home/das-note-021/amir_kameyama_ws/install/my_nav_msgs/local/lib/python3.10/dist-packages/my_nav_msgs/my_nav_msgs_s__rosidl_typesupport_introspection_c.cpython-310-x86_64-linux-gnu.so
[7.513s] -- Symlinking: /home/das-note-021/amir_kameyama_ws/install/my_nav_msgs/local/lib/python3.10/dist-packages/my_nav_msgs/srv/__init__.py
[7.520s] -- Symlinking: /home/das-note-021/amir_kameyama_ws/install/my_nav_msgs/local/lib/python3.10/dist-packages/my_nav_msgs/srv/_set_obj_cost.py
[7.527s] -- Symlinking: /home/das-note-021/amir_kameyama_ws/install/my_nav_msgs/local/lib/python3.10/dist-packages/my_nav_msgs/srv/_set_obj_cost_s.c
[7.533s] -- Up-to-date symlink: /home/das-note-021/amir_kameyama_ws/install/my_nav_msgs/local/lib/python3.10/dist-packages/my_nav_msgs/my_nav_msgs_s__rosidl_typesupport_fastrtps_c.cpython-310-x86_64-linux-gnu.so
[7.533s] -- Up-to-date symlink: /home/das-note-021/amir_kameyama_ws/install/my_nav_msgs/local/lib/python3.10/dist-packages/my_nav_msgs/my_nav_msgs_s__rosidl_typesupport_introspection_c.cpython-310-x86_64-linux-gnu.so
[7.533s] -- Up-to-date symlink: /home/das-note-021/amir_kameyama_ws/install/my_nav_msgs/local/lib/python3.10/dist-packages/my_nav_msgs/my_nav_msgs_s__rosidl_typesupport_c.cpython-310-x86_64-linux-gnu.so
[7.534s] -- Symlinking: /home/das-note-021/amir_kameyama_ws/install/my_nav_msgs/share/my_nav_msgs/msg/PathInfo.idl
[7.544s] -- Symlinking: /home/das-note-021/amir_kameyama_ws/install/my_nav_msgs/share/my_nav_msgs/msg/PathWithCondition.idl
[7.550s] -- Symlinking: /home/das-note-021/amir_kameyama_ws/install/my_nav_msgs/share/my_nav_msgs/srv/SetObjCost.idl
[7.559s] -- Symlinking: /home/das-note-021/amir_kameyama_ws/install/my_nav_msgs/share/my_nav_msgs/action/ComputeMultiPath.idl
[7.566s] -- Symlinking: /home/das-note-021/amir_kameyama_ws/install/my_nav_msgs/share/my_nav_msgs/msg/PathInfo.msg
[7.575s] -- Symlinking: /home/das-note-021/amir_kameyama_ws/install/my_nav_msgs/share/my_nav_msgs/msg/PathWithCondition.msg
[7.585s] -- Symlinking: /home/das-note-021/amir_kameyama_ws/install/my_nav_msgs/share/my_nav_msgs/srv/SetObjCost.srv
[7.596s] -- Symlinking: /home/das-note-021/amir_kameyama_ws/install/my_nav_msgs/share/my_nav_msgs/srv/SetObjCost_Request.msg
[7.606s] -- Symlinking: /home/das-note-021/amir_kameyama_ws/install/my_nav_msgs/share/my_nav_msgs/srv/SetObjCost_Response.msg
[7.616s] -- Symlinking: /home/das-note-021/amir_kameyama_ws/install/my_nav_msgs/share/my_nav_msgs/action/ComputeMultiPath.action
[7.626s] -- Symlinking: /home/das-note-021/amir_kameyama_ws/install/my_nav_msgs/share/ament_index/resource_index/package_run_dependencies/my_nav_msgs
[7.632s] -- Symlinking: /home/das-note-021/amir_kameyama_ws/install/my_nav_msgs/share/ament_index/resource_index/parent_prefix_path/my_nav_msgs
[7.643s] -- Symlinking: /home/das-note-021/amir_kameyama_ws/install/my_nav_msgs/share/my_nav_msgs/environment/ament_prefix_path.sh
[7.651s] -- Symlinking: /home/das-note-021/amir_kameyama_ws/install/my_nav_msgs/share/my_nav_msgs/environment/ament_prefix_path.dsv
[7.661s] -- Symlinking: /home/das-note-021/amir_kameyama_ws/install/my_nav_msgs/share/my_nav_msgs/environment/path.sh
[7.668s] -- Symlinking: /home/das-note-021/amir_kameyama_ws/install/my_nav_msgs/share/my_nav_msgs/environment/path.dsv
[7.679s] -- Symlinking: /home/das-note-021/amir_kameyama_ws/install/my_nav_msgs/share/my_nav_msgs/local_setup.bash
[7.691s] -- Symlinking: /home/das-note-021/amir_kameyama_ws/install/my_nav_msgs/share/my_nav_msgs/local_setup.sh
[7.702s] -- Symlinking: /home/das-note-021/amir_kameyama_ws/install/my_nav_msgs/share/my_nav_msgs/local_setup.zsh
[7.714s] -- Symlinking: /home/das-note-021/amir_kameyama_ws/install/my_nav_msgs/share/my_nav_msgs/local_setup.dsv
[7.726s] -- Symlinking: /home/das-note-021/amir_kameyama_ws/install/my_nav_msgs/share/my_nav_msgs/package.dsv
[7.736s] -- Symlinking: /home/das-note-021/amir_kameyama_ws/install/my_nav_msgs/share/ament_index/resource_index/packages/my_nav_msgs
[7.747s] -- Symlinking: /home/das-note-021/amir_kameyama_ws/install/my_nav_msgs/share/my_nav_msgs/cmake/rosidl_cmake-extras.cmake
[7.757s] -- Symlinking: /home/das-note-021/amir_kameyama_ws/install/my_nav_msgs/share/my_nav_msgs/cmake/ament_cmake_export_dependencies-extras.cmake
[7.767s] -- Symlinking: /home/das-note-021/amir_kameyama_ws/install/my_nav_msgs/share/my_nav_msgs/cmake/ament_cmake_export_include_directories-extras.cmake
[7.779s] -- Symlinking: /home/das-note-021/amir_kameyama_ws/install/my_nav_msgs/share/my_nav_msgs/cmake/ament_cmake_export_libraries-extras.cmake
[7.789s] -- Symlinking: /home/das-note-021/amir_kameyama_ws/install/my_nav_msgs/share/my_nav_msgs/cmake/ament_cmake_export_targets-extras.cmake
[7.802s] -- Symlinking: /home/das-note-021/amir_kameyama_ws/install/my_nav_msgs/share/my_nav_msgs/cmake/rosidl_cmake_export_typesupport_targets-extras.cmake
[7.813s] -- Symlinking: /home/das-note-021/amir_kameyama_ws/install/my_nav_msgs/share/my_nav_msgs/cmake/rosidl_cmake_export_typesupport_libraries-extras.cmake
[7.830s] -- Symlinking: /home/das-note-021/amir_kameyama_ws/install/my_nav_msgs/share/my_nav_msgs/cmake/my_nav_msgsConfig.cmake
[7.840s] -- Symlinking: /home/das-note-021/amir_kameyama_ws/install/my_nav_msgs/share/my_nav_msgs/cmake/my_nav_msgsConfig-version.cmake
[7.849s] -- Symlinking: /home/das-note-021/amir_kameyama_ws/install/my_nav_msgs/share/my_nav_msgs/package.xml
[7.857s] -- Installing: /home/das-note-021/amir_kameyama_ws/install/my_nav_msgs/lib/libmy_nav_msgs__rosidl_generator_c.so
[7.857s] -- Set runtime path of "/home/das-note-021/amir_kameyama_ws/install/my_nav_msgs/lib/libmy_nav_msgs__rosidl_generator_c.so" to ""
[7.857s] -- Installing: /home/das-note-021/amir_kameyama_ws/install/my_nav_msgs/lib/libmy_nav_msgs__rosidl_typesupport_fastrtps_c.so
[7.858s] -- Set runtime path of "/home/das-note-021/amir_kameyama_ws/install/my_nav_msgs/lib/libmy_nav_msgs__rosidl_typesupport_fastrtps_c.so" to ""
[7.858s] -- Installing: /home/das-note-021/amir_kameyama_ws/install/my_nav_msgs/lib/libmy_nav_msgs__rosidl_typesupport_fastrtps_cpp.so
[7.858s] -- Set runtime path of "/home/das-note-021/amir_kameyama_ws/install/my_nav_msgs/lib/libmy_nav_msgs__rosidl_typesupport_fastrtps_cpp.so" to ""
[7.858s] -- Installing: /home/das-note-021/amir_kameyama_ws/install/my_nav_msgs/lib/libmy_nav_msgs__rosidl_typesupport_introspection_c.so
[7.859s] -- Set runtime path of "/home/das-note-021/amir_kameyama_ws/install/my_nav_msgs/lib/libmy_nav_msgs__rosidl_typesupport_introspection_c.so" to ""
[7.859s] -- Installing: /home/das-note-021/amir_kameyama_ws/install/my_nav_msgs/lib/libmy_nav_msgs__rosidl_typesupport_c.so
[7.859s] -- Set runtime path of "/home/das-note-021/amir_kameyama_ws/install/my_nav_msgs/lib/libmy_nav_msgs__rosidl_typesupport_c.so" to ""
[7.859s] -- Installing: /home/das-note-021/amir_kameyama_ws/install/my_nav_msgs/lib/libmy_nav_msgs__rosidl_typesupport_introspection_cpp.so
[7.859s] -- Set runtime path of "/home/das-note-021/amir_kameyama_ws/install/my_nav_msgs/lib/libmy_nav_msgs__rosidl_typesupport_introspection_cpp.so" to ""
[7.859s] -- Installing: /home/das-note-021/amir_kameyama_ws/install/my_nav_msgs/lib/libmy_nav_msgs__rosidl_typesupport_cpp.so
[7.859s] -- Set runtime path of "/home/das-note-021/amir_kameyama_ws/install/my_nav_msgs/lib/libmy_nav_msgs__rosidl_typesupport_cpp.so" to ""
[7.906s] Listing '/home/das-note-021/amir_kameyama_ws/install/my_nav_msgs/local/lib/python3.10/dist-packages/my_nav_msgs'...
[7.906s] Compiling '/home/das-note-021/amir_kameyama_ws/install/my_nav_msgs/local/lib/python3.10/dist-packages/my_nav_msgs/__init__.py'...
[7.906s] Listing '/home/das-note-021/amir_kameyama_ws/install/my_nav_msgs/local/lib/python3.10/dist-packages/my_nav_msgs/action'...
[7.906s] Compiling '/home/das-note-021/amir_kameyama_ws/install/my_nav_msgs/local/lib/python3.10/dist-packages/my_nav_msgs/action/__init__.py'...
[7.906s] Compiling '/home/das-note-021/amir_kameyama_ws/install/my_nav_msgs/local/lib/python3.10/dist-packages/my_nav_msgs/action/_compute_multi_path.py'...
[7.906s] Listing '/home/das-note-021/amir_kameyama_ws/install/my_nav_msgs/local/lib/python3.10/dist-packages/my_nav_msgs/msg'...
[7.906s] Compiling '/home/das-note-021/amir_kameyama_ws/install/my_nav_msgs/local/lib/python3.10/dist-packages/my_nav_msgs/msg/__init__.py'...
[7.906s] Compiling '/home/das-note-021/amir_kameyama_ws/install/my_nav_msgs/local/lib/python3.10/dist-packages/my_nav_msgs/msg/_path_info.py'...
[7.906s] Compiling '/home/das-note-021/amir_kameyama_ws/install/my_nav_msgs/local/lib/python3.10/dist-packages/my_nav_msgs/msg/_path_with_condition.py'...
[7.906s] Listing '/home/das-note-021/amir_kameyama_ws/install/my_nav_msgs/local/lib/python3.10/dist-packages/my_nav_msgs/srv'...
[7.906s] Compiling '/home/das-note-021/amir_kameyama_ws/install/my_nav_msgs/local/lib/python3.10/dist-packages/my_nav_msgs/srv/__init__.py'...
[7.907s] Compiling '/home/das-note-021/amir_kameyama_ws/install/my_nav_msgs/local/lib/python3.10/dist-packages/my_nav_msgs/srv/_set_obj_cost.py'...
[7.910s] -- Installing: /home/das-note-021/amir_kameyama_ws/install/my_nav_msgs/lib/libmy_nav_msgs__rosidl_generator_py.so
[7.910s] -- Set runtime path of "/home/das-note-021/amir_kameyama_ws/install/my_nav_msgs/lib/libmy_nav_msgs__rosidl_generator_py.so" to ""
[7.910s] -- Installing: /home/das-note-021/amir_kameyama_ws/install/my_nav_msgs/share/my_nav_msgs/cmake/export_my_nav_msgs__rosidl_generator_cExport.cmake
[7.910s] -- Installing: /home/das-note-021/amir_kameyama_ws/install/my_nav_msgs/share/my_nav_msgs/cmake/export_my_nav_msgs__rosidl_generator_cExport-noconfig.cmake
[7.911s] -- Installing: /home/das-note-021/amir_kameyama_ws/install/my_nav_msgs/share/my_nav_msgs/cmake/export_my_nav_msgs__rosidl_typesupport_fastrtps_cExport.cmake
[7.911s] -- Installing: /home/das-note-021/amir_kameyama_ws/install/my_nav_msgs/share/my_nav_msgs/cmake/export_my_nav_msgs__rosidl_typesupport_fastrtps_cExport-noconfig.cmake
[7.911s] -- Installing: /home/das-note-021/amir_kameyama_ws/install/my_nav_msgs/share/my_nav_msgs/cmake/export_my_nav_msgs__rosidl_generator_cppExport.cmake
[7.911s] -- Installing: /home/das-note-021/amir_kameyama_ws/install/my_nav_msgs/share/my_nav_msgs/cmake/export_my_nav_msgs__rosidl_typesupport_fastrtps_cppExport.cmake
[7.911s] -- Installing: /home/das-note-021/amir_kameyama_ws/install/my_nav_msgs/share/my_nav_msgs/cmake/export_my_nav_msgs__rosidl_typesupport_fastrtps_cppExport-noconfig.cmake
[7.911s] -- Installing: /home/das-note-021/amir_kameyama_ws/install/my_nav_msgs/share/my_nav_msgs/cmake/my_nav_msgs__rosidl_typesupport_introspection_cExport.cmake
[7.911s] -- Installing: /home/das-note-021/amir_kameyama_ws/install/my_nav_msgs/share/my_nav_msgs/cmake/my_nav_msgs__rosidl_typesupport_introspection_cExport-noconfig.cmake
[7.911s] -- Installing: /home/das-note-021/amir_kameyama_ws/install/my_nav_msgs/share/my_nav_msgs/cmake/my_nav_msgs__rosidl_typesupport_cExport.cmake
[7.912s] -- Installing: /home/das-note-021/amir_kameyama_ws/install/my_nav_msgs/share/my_nav_msgs/cmake/my_nav_msgs__rosidl_typesupport_cExport-noconfig.cmake
[7.912s] -- Installing: /home/das-note-021/amir_kameyama_ws/install/my_nav_msgs/share/my_nav_msgs/cmake/my_nav_msgs__rosidl_typesupport_introspection_cppExport.cmake
[7.912s] -- Installing: /home/das-note-021/amir_kameyama_ws/install/my_nav_msgs/share/my_nav_msgs/cmake/my_nav_msgs__rosidl_typesupport_introspection_cppExport-noconfig.cmake
[7.912s] -- Installing: /home/das-note-021/amir_kameyama_ws/install/my_nav_msgs/share/my_nav_msgs/cmake/my_nav_msgs__rosidl_typesupport_cppExport.cmake
[7.912s] -- Installing: /home/das-note-021/amir_kameyama_ws/install/my_nav_msgs/share/my_nav_msgs/cmake/my_nav_msgs__rosidl_typesupport_cppExport-noconfig.cmake
[7.912s] -- Installing: /home/das-note-021/amir_kameyama_ws/install/my_nav_msgs/share/my_nav_msgs/cmake/export_my_nav_msgs__rosidl_generator_pyExport.cmake
[7.912s] -- Installing: /home/das-note-021/amir_kameyama_ws/install/my_nav_msgs/share/my_nav_msgs/cmake/export_my_nav_msgs__rosidl_generator_pyExport-noconfig.cmake
[7.915s] Invoked command in '/home/das-note-021/amir_kameyama_ws/build/my_nav_msgs' returned '0': CMAKE_PREFIX_PATH=${CMAKE_PREFIX_PATH}:/home/das-note-021/amir_kameyama_ws/install/failure_detection:/home/das-note-021/amir_kameyama_ws/install/bt_generator:/home/das-note-021/kameyama_ws/install/ros2_aruco:/home/das-note-021/kameyama_ws/install/failure_detection:/home/das-note-021/kameyama_ws/install/bt_generator:/opt/ros/humble /usr/bin/cmake --install /home/das-note-021/amir_kameyama_ws/build/my_nav_msgs
