[0.196s] Invoking command in '/home/das-note-021/amir_kameyama_ws/build/my_utility': CMAKE_PREFIX_PATH=${CMAKE_PREFIX_PATH}:/home/das-note-021/amir_kameyama_ws/install/failure_detection:/home/das-note-021/amir_kameyama_ws/install/bt_generator:/home/das-note-021/kameyama_ws/install/ros2_aruco:/home/das-note-021/kameyama_ws/install/failure_detection:/home/das-note-021/kameyama_ws/install/bt_generator:/opt/ros/humble /usr/bin/cmake /home/das-note-021/amir_kameyama_ws/src/my_utility -DAMENT_CMAKE_SYMLINK_INSTALL=1 -DCMAKE_INSTALL_PREFIX=/home/das-note-021/amir_kameyama_ws/install/my_utility
[0.238s] -- The C compiler identification is GNU 11.4.0
[0.276s] -- The CXX compiler identification is GNU 11.4.0
[0.280s] -- Detecting C compiler ABI info
[0.337s] -- Detecting C compiler ABI info - done
[0.346s] -- Check for working C compiler: /usr/bin/cc - skipped
[0.346s] -- Detecting C compile features
[0.346s] -- Detecting C compile features - done
[0.350s] -- Detecting CXX compiler ABI info
[0.415s] -- Detecting CXX compiler ABI info - done
[0.424s] -- Check for working CXX compiler: /usr/bin/c++ - skipped
[0.425s] -- Detecting CXX compile features
[0.425s] -- Detecting CXX compile features - done
[0.431s] -- Found ament_cmake: 1.3.11 (/opt/ros/humble/share/ament_cmake/cmake)
[0.596s] -- Found Python3: /usr/bin/python3 (found version "3.10.12") found components: Interpreter 
[0.641s] -- Override CMake install command with custom implementation using symlinks instead of copying resources
[0.673s] -- Found nav_msgs: 4.9.0 (/opt/ros/humble/share/nav_msgs/cmake)
[0.706s] -- Found rosidl_generator_c: 3.1.6 (/opt/ros/humble/share/rosidl_generator_c/cmake)
[0.712s] -- Found rosidl_adapter: 3.1.6 (/opt/ros/humble/share/rosidl_adapter/cmake)
[0.720s] -- Found rosidl_generator_cpp: 3.1.6 (/opt/ros/humble/share/rosidl_generator_cpp/cmake)
[0.730s] -- Using all available rosidl_typesupport_c: rosidl_typesupport_fastrtps_c;rosidl_typesupport_introspection_c
[0.745s] -- Using all available rosidl_typesupport_cpp: rosidl_typesupport_fastrtps_cpp;rosidl_typesupport_introspection_cpp
[0.787s] -- Found tf2_geometry_msgs: 0.25.13 (/opt/ros/humble/share/tf2_geometry_msgs/cmake)
[0.801s] -- Found eigen3_cmake_module: 0.1.1 (/opt/ros/humble/share/eigen3_cmake_module/cmake)
[0.802s] -- Found Eigen3: TRUE (found version "3.4.0") 
[0.802s] -- Ensuring Eigen3 include directory is part of orocos-kdl CMake target
[0.923s] -- Found rmw_implementation_cmake: 6.1.2 (/opt/ros/humble/share/rmw_implementation_cmake/cmake)
[0.930s] -- Found rmw_cyclonedds_cpp: 1.3.4 (/opt/ros/humble/share/rmw_cyclonedds_cpp/cmake)
[0.977s] -- Using RMW implementation 'rmw_cyclonedds_cpp' as default
[0.997s] -- Looking for pthread.h
[1.066s] -- Looking for pthread.h - found
[1.066s] -- Performing Test CMAKE_HAVE_LIBC_PTHREAD
[1.147s] -- Performing Test CMAKE_HAVE_LIBC_PTHREAD - Success
[1.148s] -- Found Threads: TRUE  
[1.235s] -- Found sensor_msgs: 4.9.0 (/opt/ros/humble/share/sensor_msgs/cmake)
[1.249s] -- Found tf2_eigen: 0.25.13 (/opt/ros/humble/share/tf2_eigen/cmake)
[1.259s] -- Found ament_lint_auto: 0.12.12 (/opt/ros/humble/share/ament_lint_auto/cmake)
[1.341s] -- Added test 'copyright' to check source files copyright and LICENSE
[1.342s] -- Added test 'cppcheck' to perform static code analysis on C / C++ code
[1.342s] -- Configured cppcheck include dirs: 
[1.342s] -- Configured cppcheck exclude dirs and/or files: 
[1.343s] -- Added test 'cpplint' to check C / C++ code against the Google style
[1.343s] -- Configured cpplint exclude dirs and/or files: 
[1.343s] -- Added test 'flake8' to check Python code syntax and style conventions
[1.344s] -- Added test 'lint_cmake' to check CMake code style
[1.344s] -- Added test 'pep257' to check Python code against some of the docstring style conventions in PEP 257
[1.345s] -- Added test 'uncrustify' to check C / C++ code style
[1.345s] -- Configured uncrustify additional arguments: 
[1.346s] -- Added test 'xmllint' to check XML markup files
[1.347s] -- Configuring done
[1.355s] -- Generating done
[1.358s] -- Build files have been written to: /home/das-note-021/amir_kameyama_ws/build/my_utility
[1.367s] Invoked command in '/home/das-note-021/amir_kameyama_ws/build/my_utility' returned '0': CMAKE_PREFIX_PATH=${CMAKE_PREFIX_PATH}:/home/das-note-021/amir_kameyama_ws/install/failure_detection:/home/das-note-021/amir_kameyama_ws/install/bt_generator:/home/das-note-021/kameyama_ws/install/ros2_aruco:/home/das-note-021/kameyama_ws/install/failure_detection:/home/das-note-021/kameyama_ws/install/bt_generator:/opt/ros/humble /usr/bin/cmake /home/das-note-021/amir_kameyama_ws/src/my_utility -DAMENT_CMAKE_SYMLINK_INSTALL=1 -DCMAKE_INSTALL_PREFIX=/home/das-note-021/amir_kameyama_ws/install/my_utility
[1.369s] Invoking command in '/home/das-note-021/amir_kameyama_ws/build/my_utility': CMAKE_PREFIX_PATH=${CMAKE_PREFIX_PATH}:/home/das-note-021/amir_kameyama_ws/install/failure_detection:/home/das-note-021/amir_kameyama_ws/install/bt_generator:/home/das-note-021/kameyama_ws/install/ros2_aruco:/home/das-note-021/kameyama_ws/install/failure_detection:/home/das-note-021/kameyama_ws/install/bt_generator:/opt/ros/humble /usr/bin/cmake --build /home/das-note-021/amir_kameyama_ws/build/my_utility -- -j22 -l22
[1.436s] [ 50%] [32mBuilding CXX object CMakeFiles/odom_tf2_broadcaster.dir/src/odom_tf2_broadcaster.cpp.o[0m
[1.643s] In file included from [01m[K/home/das-note-021/amir_kameyama_ws/src/my_utility/src/odom_tf2_broadcaster.cpp:22[m[K:
[1.643s] [01m[K/opt/ros/humble/include/tf2_geometry_msgs/tf2_geometry_msgs/tf2_geometry_msgs.h:35:2:[m[K [01;35m[Kwarning: [m[K#warning This header is obsolete, please include tf2_geometry_msgs/tf2_geometry_msgs.hpp instead [[01;35m[K]8;;https://gcc.gnu.org/onlinedocs/gcc/Warning-Options.html#index-Wcpp-Wcpp]8;;[m[K]
[1.643s]    35 | #[01;35m[Kwarning[m[K This header is obsolete, please include tf2_geometry_msgs/tf2_geometry_msgs.hpp instead
[1.643s]       |  [01;35m[K^~~~~~~[m[K
[1.661s] In file included from [01m[K/home/das-note-021/amir_kameyama_ws/src/my_utility/src/odom_tf2_broadcaster.cpp:26[m[K:
[1.661s] [01m[K/opt/ros/humble/include/tf2_eigen/tf2_eigen/tf2_eigen.h:32:2:[m[K [01;35m[Kwarning: [m[K#warning This header is obsolete, please include tf2_eigen/tf2_eigen.hpp instead [[01;35m[K]8;;https://gcc.gnu.org/onlinedocs/gcc/Warning-Options.html#index-Wcpp-Wcpp]8;;[m[K]
[1.662s]    32 | #[01;35m[Kwarning[m[K This header is obsolete, please include tf2_eigen/tf2_eigen.hpp instead
[1.662s]       |  [01;35m[K^~~~~~~[m[K
[12.987s] [100%] [32m[1mLinking CXX executable odom_tf2_broadcaster[0m
[13.540s] [100%] Built target odom_tf2_broadcaster
[13.556s] Invoked command in '/home/das-note-021/amir_kameyama_ws/build/my_utility' returned '0': CMAKE_PREFIX_PATH=${CMAKE_PREFIX_PATH}:/home/das-note-021/amir_kameyama_ws/install/failure_detection:/home/das-note-021/amir_kameyama_ws/install/bt_generator:/home/das-note-021/kameyama_ws/install/ros2_aruco:/home/das-note-021/kameyama_ws/install/failure_detection:/home/das-note-021/kameyama_ws/install/bt_generator:/opt/ros/humble /usr/bin/cmake --build /home/das-note-021/amir_kameyama_ws/build/my_utility -- -j22 -l22
[13.559s] Invoking command in '/home/das-note-021/amir_kameyama_ws/build/my_utility': CMAKE_PREFIX_PATH=${CMAKE_PREFIX_PATH}:/home/das-note-021/amir_kameyama_ws/install/failure_detection:/home/das-note-021/amir_kameyama_ws/install/bt_generator:/home/das-note-021/kameyama_ws/install/ros2_aruco:/home/das-note-021/kameyama_ws/install/failure_detection:/home/das-note-021/kameyama_ws/install/bt_generator:/opt/ros/humble /usr/bin/cmake --install /home/das-note-021/amir_kameyama_ws/build/my_utility
[13.567s] -- Install configuration: ""
[13.567s] -- Execute custom install script
[13.567s] -- Symlinking: /home/das-note-021/amir_kameyama_ws/install/my_utility/lib/my_utility/odom_tf2_broadcaster
[13.578s] -- Symlinking: /home/das-note-021/amir_kameyama_ws/install/my_utility/share/my_utility//launch/odom_tf2_broadcaster.launch.py
[13.592s] -- Symlinking: /home/das-note-021/amir_kameyama_ws/install/my_utility/share/ament_index/resource_index/package_run_dependencies/my_utility
[13.611s] -- Symlinking: /home/das-note-021/amir_kameyama_ws/install/my_utility/share/ament_index/resource_index/parent_prefix_path/my_utility
[13.629s] -- Symlinking: /home/das-note-021/amir_kameyama_ws/install/my_utility/share/my_utility/environment/ament_prefix_path.sh
[13.642s] -- Symlinking: /home/das-note-021/amir_kameyama_ws/install/my_utility/share/my_utility/environment/ament_prefix_path.dsv
[13.655s] -- Symlinking: /home/das-note-021/amir_kameyama_ws/install/my_utility/share/my_utility/environment/path.sh
[13.671s] -- Symlinking: /home/das-note-021/amir_kameyama_ws/install/my_utility/share/my_utility/environment/path.dsv
[13.688s] -- Symlinking: /home/das-note-021/amir_kameyama_ws/install/my_utility/share/my_utility/local_setup.bash
[13.709s] -- Symlinking: /home/das-note-021/amir_kameyama_ws/install/my_utility/share/my_utility/local_setup.sh
[13.729s] -- Symlinking: /home/das-note-021/amir_kameyama_ws/install/my_utility/share/my_utility/local_setup.zsh
[13.749s] -- Symlinking: /home/das-note-021/amir_kameyama_ws/install/my_utility/share/my_utility/local_setup.dsv
[13.800s] -- Symlinking: /home/das-note-021/amir_kameyama_ws/install/my_utility/share/my_utility/package.dsv
[13.855s] -- Symlinking: /home/das-note-021/amir_kameyama_ws/install/my_utility/share/ament_index/resource_index/packages/my_utility
[13.912s] -- Symlinking: /home/das-note-021/amir_kameyama_ws/install/my_utility/share/my_utility/cmake/my_utilityConfig.cmake
[13.966s] -- Symlinking: /home/das-note-021/amir_kameyama_ws/install/my_utility/share/my_utility/cmake/my_utilityConfig-version.cmake
[14.024s] -- Symlinking: /home/das-note-021/amir_kameyama_ws/install/my_utility/share/my_utility/package.xml
[14.092s] Invoked command in '/home/das-note-021/amir_kameyama_ws/build/my_utility' returned '0': CMAKE_PREFIX_PATH=${CMAKE_PREFIX_PATH}:/home/das-note-021/amir_kameyama_ws/install/failure_detection:/home/das-note-021/amir_kameyama_ws/install/bt_generator:/home/das-note-021/kameyama_ws/install/ros2_aruco:/home/das-note-021/kameyama_ws/install/failure_detection:/home/das-note-021/kameyama_ws/install/bt_generator:/opt/ros/humble /usr/bin/cmake --install /home/das-note-021/amir_kameyama_ws/build/my_utility
