[0.036s] Invoking command in '/home/rover/kameyama_ws/build/amir_navigation': CMAKE_PREFIX_PATH=${CMAKE_PREFIX_PATH}:/home/rover/amir_basic_ws/install/nav2_simple_commander:/home/rover/amir_basic_ws/install/camera_calibration:/opt/ros/humble /usr/bin/cmake /home/rover/kameyama_ws/src/amir_navigation -DAMENT_CMAKE_SYMLINK_INSTALL=1 -DCMAKE_INSTALL_PREFIX=/home/rover/kameyama_ws/install/amir_navigation
[1.389s] -- The C compiler identification is GNU 11.4.0
[1.389s] -- The CXX compiler identification is GNU 11.4.0
[1.389s] -- Detecting C compiler ABI info
[1.389s] -- Detecting C compiler ABI info - done
[1.389s] -- Check for working C compiler: /usr/bin/cc - skipped
[1.390s] -- Detecting C compile features
[1.390s] -- Detecting C compile features - done
[1.390s] -- Detecting CXX compiler ABI info
[1.390s] -- Detecting CXX compiler ABI info - done
[1.390s] -- Check for working CXX compiler: /usr/bin/c++ - skipped
[1.390s] -- Detecting CXX compile features
[1.390s] -- Detecting CXX compile features - done
[1.390s] -- Found ament_cmake: 1.3.11 (/opt/ros/humble/share/ament_cmake/cmake)
[1.390s] -- Found Python3: /usr/bin/python3 (found version "3.10.12") found components: Interpreter 
[1.390s] -- Override CMake install command with custom implementation using symlinks instead of copying resources
[1.390s] -- Found ament_lint_auto: 0.12.11 (/opt/ros/humble/share/ament_lint_auto/cmake)
[1.390s] -- Added test 'lint_cmake' to check CMake code style
[1.390s] -- Added test 'xmllint' to check XML markup files
[1.390s] -- Configuring done
[1.390s] -- Generating done
[1.390s] -- Build files have been written to: /home/rover/kameyama_ws/build/amir_navigation
[1.398s] Invoked command in '/home/rover/kameyama_ws/build/amir_navigation' returned '0': CMAKE_PREFIX_PATH=${CMAKE_PREFIX_PATH}:/home/rover/amir_basic_ws/install/nav2_simple_commander:/home/rover/amir_basic_ws/install/camera_calibration:/opt/ros/humble /usr/bin/cmake /home/rover/kameyama_ws/src/amir_navigation -DAMENT_CMAKE_SYMLINK_INSTALL=1 -DCMAKE_INSTALL_PREFIX=/home/rover/kameyama_ws/install/amir_navigation
[1.398s] Invoking command in '/home/rover/kameyama_ws/build/amir_navigation': CMAKE_PREFIX_PATH=${CMAKE_PREFIX_PATH}:/home/rover/amir_basic_ws/install/nav2_simple_commander:/home/rover/amir_basic_ws/install/camera_calibration:/opt/ros/humble /usr/bin/cmake --build /home/rover/kameyama_ws/build/amir_navigation -- -j12 -l12
[3.523s] Invoked command in '/home/rover/kameyama_ws/build/amir_navigation' returned '0': CMAKE_PREFIX_PATH=${CMAKE_PREFIX_PATH}:/home/rover/amir_basic_ws/install/nav2_simple_commander:/home/rover/amir_basic_ws/install/camera_calibration:/opt/ros/humble /usr/bin/cmake --build /home/rover/kameyama_ws/build/amir_navigation -- -j12 -l12
[3.546s] Invoking command in '/home/rover/kameyama_ws/build/amir_navigation': CMAKE_PREFIX_PATH=${CMAKE_PREFIX_PATH}:/home/rover/amir_basic_ws/install/nav2_simple_commander:/home/rover/amir_basic_ws/install/camera_calibration:/opt/ros/humble /usr/bin/cmake --install /home/rover/kameyama_ws/build/amir_navigation
[3.945s] -- Install configuration: ""
[3.945s] -- Execute custom install script
[3.945s] -- Symlinking: /home/rover/kameyama_ws/install/amir_navigation/share/ament_index/resource_index/package_run_dependencies/amir_navigation
[3.945s] -- Symlinking: /home/rover/kameyama_ws/install/amir_navigation/share/ament_index/resource_index/parent_prefix_path/amir_navigation
[3.945s] -- Symlinking: /home/rover/kameyama_ws/install/amir_navigation/share/amir_navigation/environment/ament_prefix_path.sh
[3.945s] -- Symlinking: /home/rover/kameyama_ws/install/amir_navigation/share/amir_navigation/environment/ament_prefix_path.dsv
[3.945s] -- Symlinking: /home/rover/kameyama_ws/install/amir_navigation/share/amir_navigation/environment/path.sh
[3.945s] -- Symlinking: /home/rover/kameyama_ws/install/amir_navigation/share/amir_navigation/environment/path.dsv
[3.945s] -- Symlinking: /home/rover/kameyama_ws/install/amir_navigation/share/amir_navigation/local_setup.bash
[3.945s] -- Symlinking: /home/rover/kameyama_ws/install/amir_navigation/share/amir_navigation/local_setup.sh
[3.945s] -- Symlinking: /home/rover/kameyama_ws/install/amir_navigation/share/amir_navigation/local_setup.zsh
[3.945s] -- Symlinking: /home/rover/kameyama_ws/install/amir_navigation/share/amir_navigation/local_setup.dsv
[3.945s] -- Symlinking: /home/rover/kameyama_ws/install/amir_navigation/share/amir_navigation/package.dsv
[3.945s] -- Symlinking: /home/rover/kameyama_ws/install/amir_navigation/share/ament_index/resource_index/packages/amir_navigation
[3.958s] -- Symlinking: /home/rover/kameyama_ws/install/amir_navigation/share/amir_navigation/cmake/amir_navigationConfig.cmake
[3.987s] -- Symlinking: /home/rover/kameyama_ws/install/amir_navigation/share/amir_navigation/cmake/amir_navigationConfig-version.cmake
[4.037s] -- Symlinking: /home/rover/kameyama_ws/install/amir_navigation/share/amir_navigation/package.xml
[4.087s] Invoked command in '/home/rover/kameyama_ws/build/amir_navigation' returned '0': CMAKE_PREFIX_PATH=${CMAKE_PREFIX_PATH}:/home/rover/amir_basic_ws/install/nav2_simple_commander:/home/rover/amir_basic_ws/install/camera_calibration:/opt/ros/humble /usr/bin/cmake --install /home/rover/kameyama_ws/build/amir_navigation
