[0.046s] Invoking command in '/home/rover/kameyama_ws/build/amir_navigation': CMAKE_PREFIX_PATH=${CMAKE_PREFIX_PATH}:/home/rover/amir_basic_ws/install/nav2_simple_commander:/home/rover/amir_basic_ws/install/camera_calibration:/opt/ros/humble /usr/bin/cmake --build /home/rover/kameyama_ws/build/amir_navigation -- -j12 -l12
[1.054s] Invoked command in '/home/rover/kameyama_ws/build/amir_navigation' returned '0': CMAKE_PREFIX_PATH=${CMAKE_PREFIX_PATH}:/home/rover/amir_basic_ws/install/nav2_simple_commander:/home/rover/amir_basic_ws/install/camera_calibration:/opt/ros/humble /usr/bin/cmake --build /home/rover/kameyama_ws/build/amir_navigation -- -j12 -l12
[1.068s] Invoking command in '/home/rover/kameyama_ws/build/amir_navigation': CMAKE_PREFIX_PATH=${CMAKE_PREFIX_PATH}:/home/rover/amir_basic_ws/install/nav2_simple_commander:/home/rover/amir_basic_ws/install/camera_calibration:/opt/ros/humble /usr/bin/cmake --install /home/rover/kameyama_ws/build/amir_navigation
[1.209s] -- Install configuration: ""
[1.210s] -- Execute custom install script
[1.211s] -- Up-to-date symlink: /home/rover/kameyama_ws/install/amir_navigation/share/ament_index/resource_index/package_run_dependencies/amir_navigation
[1.211s] -- Up-to-date symlink: /home/rover/kameyama_ws/install/amir_navigation/share/ament_index/resource_index/parent_prefix_path/amir_navigation
[1.212s] -- Up-to-date symlink: /home/rover/kameyama_ws/install/amir_navigation/share/amir_navigation/environment/ament_prefix_path.sh
[1.212s] -- Up-to-date symlink: /home/rover/kameyama_ws/install/amir_navigation/share/amir_navigation/environment/ament_prefix_path.dsv
[1.212s] -- Up-to-date symlink: /home/rover/kameyama_ws/install/amir_navigation/share/amir_navigation/environment/path.sh
[1.212s] -- Up-to-date symlink: /home/rover/kameyama_ws/install/amir_navigation/share/amir_navigation/environment/path.dsv
[1.212s] -- Up-to-date symlink: /home/rover/kameyama_ws/install/amir_navigation/share/amir_navigation/local_setup.bash
[1.213s] -- Up-to-date symlink: /home/rover/kameyama_ws/install/amir_navigation/share/amir_navigation/local_setup.sh
[1.213s] -- Up-to-date symlink: /home/rover/kameyama_ws/install/amir_navigation/share/amir_navigation/local_setup.zsh
[1.213s] -- Up-to-date symlink: /home/rover/kameyama_ws/install/amir_navigation/share/amir_navigation/local_setup.dsv
[1.214s] -- Symlinking: /home/rover/kameyama_ws/install/amir_navigation/share/amir_navigation/package.dsv
[1.214s] -- Up-to-date symlink: /home/rover/kameyama_ws/install/amir_navigation/share/ament_index/resource_index/packages/amir_navigation
[1.214s] -- Up-to-date symlink: /home/rover/kameyama_ws/install/amir_navigation/share/amir_navigation/cmake/amir_navigationConfig.cmake
[1.214s] -- Up-to-date symlink: /home/rover/kameyama_ws/install/amir_navigation/share/amir_navigation/cmake/amir_navigationConfig-version.cmake
[1.214s] -- Up-to-date symlink: /home/rover/kameyama_ws/install/amir_navigation/share/amir_navigation/package.xml
[1.215s] Invoked command in '/home/rover/kameyama_ws/build/amir_navigation' returned '0': CMAKE_PREFIX_PATH=${CMAKE_PREFIX_PATH}:/home/rover/amir_basic_ws/install/nav2_simple_commander:/home/rover/amir_basic_ws/install/camera_calibration:/opt/ros/humble /usr/bin/cmake --install /home/rover/kameyama_ws/build/amir_navigation
