Determining if the function sgemm_ exists failed with the following output:
Change Dir: /home/rover/kameyama_ws/build/slam_toolbox/CMakeFiles/CMakeTmp

Run Build Command(s):/usr/bin/gmake -f Makefile cmTC_72b58/fast && /usr/bin/gmake  -f CMakeFiles/cmTC_72b58.dir/build.make CMakeFiles/cmTC_72b58.dir/build
gmake[1]: ディレクトリ '/home/rover/kameyama_ws/build/slam_toolbox/CMakeFiles/CMakeTmp' に入ります
Building C object CMakeFiles/cmTC_72b58.dir/CheckFunctionExists.c.o
/usr/bin/cc   -DCHECK_FUNCTION_EXISTS=sgemm_ -o CMakeFiles/cmTC_72b58.dir/CheckFunctionExists.c.o -c /usr/share/cmake-3.22/Modules/CheckFunctionExists.c
Linking C executable cmTC_72b58
/usr/bin/cmake -E cmake_link_script CMakeFiles/cmTC_72b58.dir/link.txt --verbose=1
/usr/bin/cc  -DCHECK_FUNCTION_EXISTS=sgemm_ CMakeFiles/cmTC_72b58.dir/CheckFunctionExists.c.o -o cmTC_72b58 
/usr/bin/ld: CMakeFiles/cmTC_72b58.dir/CheckFunctionExists.c.o: in function `main':
CheckFunctionExists.c:(.text+0x14): undefined reference to `sgemm_'
collect2: error: ld returned 1 exit status
gmake[1]: *** [CMakeFiles/cmTC_72b58.dir/build.make:99: cmTC_72b58] エラー 1
gmake[1]: ディレクトリ '/home/rover/kameyama_ws/build/slam_toolbox/CMakeFiles/CMakeTmp' から出ます
gmake: *** [Makefile:127: cmTC_72b58/fast] エラー 2



Determining if the function cheev_ exists failed with the following output:
Change Dir: /home/rover/kameyama_ws/build/slam_toolbox/CMakeFiles/CMakeTmp

Run Build Command(s):/usr/bin/gmake -f Makefile cmTC_a5143/fast && /usr/bin/gmake  -f CMakeFiles/cmTC_a5143.dir/build.make CMakeFiles/cmTC_a5143.dir/build
gmake[1]: ディレクトリ '/home/rover/kameyama_ws/build/slam_toolbox/CMakeFiles/CMakeTmp' に入ります
Building C object CMakeFiles/cmTC_a5143.dir/CheckFunctionExists.c.o
/usr/bin/cc   -DCHECK_FUNCTION_EXISTS=cheev_ -o CMakeFiles/cmTC_a5143.dir/CheckFunctionExists.c.o -c /usr/share/cmake-3.22/Modules/CheckFunctionExists.c
Linking C executable cmTC_a5143
/usr/bin/cmake -E cmake_link_script CMakeFiles/cmTC_a5143.dir/link.txt --verbose=1
/usr/bin/cc  -DCHECK_FUNCTION_EXISTS=cheev_ CMakeFiles/cmTC_a5143.dir/CheckFunctionExists.c.o -o cmTC_a5143  /usr/lib/x86_64-linux-gnu/libblas.so -lm -ldl 
/usr/bin/ld: CMakeFiles/cmTC_a5143.dir/CheckFunctionExists.c.o: in function `main':
CheckFunctionExists.c:(.text+0x14): undefined reference to `cheev_'
collect2: error: ld returned 1 exit status
gmake[1]: *** [CMakeFiles/cmTC_a5143.dir/build.make:100: cmTC_a5143] エラー 1
gmake[1]: ディレクトリ '/home/rover/kameyama_ws/build/slam_toolbox/CMakeFiles/CMakeTmp' から出ます
gmake: *** [Makefile:127: cmTC_a5143/fast] エラー 2



Determining if the function cheev_ exists failed with the following output:
Change Dir: /home/rover/kameyama_ws/build/slam_toolbox/CMakeFiles/CMakeTmp

Run Build Command(s):/usr/bin/gmake -f Makefile cmTC_98f7e/fast && /usr/bin/gmake  -f CMakeFiles/cmTC_98f7e.dir/build.make CMakeFiles/cmTC_98f7e.dir/build
gmake[1]: ディレクトリ '/home/rover/kameyama_ws/build/slam_toolbox/CMakeFiles/CMakeTmp' に入ります
Building C object CMakeFiles/cmTC_98f7e.dir/CheckFunctionExists.c.o
/usr/bin/cc   -DCHECK_FUNCTION_EXISTS=cheev_ -o CMakeFiles/cmTC_98f7e.dir/CheckFunctionExists.c.o -c /usr/share/cmake-3.22/Modules/CheckFunctionExists.c
Linking C executable cmTC_98f7e
/usr/bin/cmake -E cmake_link_script CMakeFiles/cmTC_98f7e.dir/link.txt --verbose=1
/usr/bin/cc  -DCHECK_FUNCTION_EXISTS=cheev_ CMakeFiles/cmTC_98f7e.dir/CheckFunctionExists.c.o -o cmTC_98f7e  /usr/lib/x86_64-linux-gnu/liblapack.so /usr/lib/x86_64-linux-gnu/libblas.so -fortranlibs 
cc: error: unrecognized command-line option ‘-fortranlibs’
gmake[1]: *** [CMakeFiles/cmTC_98f7e.dir/build.make:101: cmTC_98f7e] エラー 1
gmake[1]: ディレクトリ '/home/rover/kameyama_ws/build/slam_toolbox/CMakeFiles/CMakeTmp' から出ます
gmake: *** [Makefile:127: cmTC_98f7e/fast] エラー 2



