[0.038s] Invoking command in '/home/das-note-021/amir_kameyama_ws/build/line_msg': CMAKE_PREFIX_PATH=${CMAKE_PREFIX_PATH}:/home/das-note-021/amir_kameyama_ws/install/failure_detection:/home/das-note-021/amir_kameyama_ws/install/bt_generator:/home/das-note-021/kameyama_ws/install/ros2_aruco:/home/das-note-021/kameyama_ws/install/failure_detection:/home/das-note-021/kameyama_ws/install/bt_generator:/opt/ros/humble /usr/bin/cmake --build /home/das-note-021/amir_kameyama_ws/build/line_msg -- -j22 -l22
[0.371s] [  9%] Built target line_msg__rosidl_generator_c
[0.371s] [ 12%] Built target line_msg__cpp
[0.372s] [ 12%] Built target ament_cmake_python_symlink_line_msg
[0.372s] [ 22%] Built target line_msg__rosidl_typesupport_fastrtps_c
[0.372s] [ 32%] Built target line_msg__rosidl_typesupport_introspection_cpp
[0.372s] [ 41%] Built target line_msg__rosidl_typesupport_introspection_c
[0.372s] [ 51%] Built target line_msg__rosidl_typesupport_c
[0.372s] [ 61%] Built target line_msg__rosidl_typesupport_cpp
[0.372s] [ 70%] Built target line_msg__rosidl_typesupport_fastrtps_cpp
[0.372s] [ 70%] Built target line_msg
[0.372s] [ 74%] Built target line_msg__py
[0.372s] [ 80%] Built target line_msg__rosidl_generator_py
[0.372s] [ 87%] Built target line_msg__rosidl_typesupport_introspection_c__pyext
[0.372s] [ 93%] Built target line_msg__rosidl_typesupport_fastrtps_c__pyext
[0.372s] [100%] Built target line_msg__rosidl_typesupport_c__pyext
[0.372s] running egg_info
[0.372s] writing line_msg.egg-info/PKG-INFO
[0.372s] writing dependency_links to line_msg.egg-info/dependency_links.txt
[0.373s] writing top-level names to line_msg.egg-info/top_level.txt
[0.373s] reading manifest file 'line_msg.egg-info/SOURCES.txt'
[0.373s] writing manifest file 'line_msg.egg-info/SOURCES.txt'
[0.374s] [100%] Built target ament_cmake_python_build_line_msg_egg
[0.413s] Invoked command in '/home/das-note-021/amir_kameyama_ws/build/line_msg' returned '0': CMAKE_PREFIX_PATH=${CMAKE_PREFIX_PATH}:/home/das-note-021/amir_kameyama_ws/install/failure_detection:/home/das-note-021/amir_kameyama_ws/install/bt_generator:/home/das-note-021/kameyama_ws/install/ros2_aruco:/home/das-note-021/kameyama_ws/install/failure_detection:/home/das-note-021/kameyama_ws/install/bt_generator:/opt/ros/humble /usr/bin/cmake --build /home/das-note-021/amir_kameyama_ws/build/line_msg -- -j22 -l22
[0.421s] Invoking command in '/home/das-note-021/amir_kameyama_ws/build/line_msg': CMAKE_PREFIX_PATH=${CMAKE_PREFIX_PATH}:/home/das-note-021/amir_kameyama_ws/install/failure_detection:/home/das-note-021/amir_kameyama_ws/install/bt_generator:/home/das-note-021/kameyama_ws/install/ros2_aruco:/home/das-note-021/kameyama_ws/install/failure_detection:/home/das-note-021/kameyama_ws/install/bt_generator:/opt/ros/humble /usr/bin/cmake --install /home/das-note-021/amir_kameyama_ws/build/line_msg
[0.440s] -- Install configuration: ""
[0.440s] -- Execute custom install script
[0.440s] -- Up-to-date symlink: /home/das-note-021/amir_kameyama_ws/install/line_msg/share/ament_index/resource_index/rosidl_interfaces/line_msg
[0.440s] -- Up-to-date symlink: /home/das-note-021/amir_kameyama_ws/install/line_msg/include/line_msg/line_msg/msg/box_corner.h
[0.440s] -- Up-to-date symlink: /home/das-note-021/amir_kameyama_ws/install/line_msg/include/line_msg/line_msg/msg/detail/box_corner__functions.h
[0.441s] -- Up-to-date symlink: /home/das-note-021/amir_kameyama_ws/install/line_msg/include/line_msg/line_msg/msg/detail/box_corner__struct.h
[0.441s] -- Up-to-date symlink: /home/das-note-021/amir_kameyama_ws/install/line_msg/include/line_msg/line_msg/msg/detail/box_corner__type_support.h
[0.441s] -- Up-to-date symlink: /home/das-note-021/amir_kameyama_ws/install/line_msg/include/line_msg/line_msg/msg/rosidl_generator_c__visibility_control.h
[0.441s] -- Up-to-date symlink: /home/das-note-021/amir_kameyama_ws/install/line_msg/share/line_msg/environment/library_path.sh
[0.441s] -- Up-to-date symlink: /home/das-note-021/amir_kameyama_ws/install/line_msg/share/line_msg/environment/library_path.dsv
[0.441s] -- Up-to-date symlink: /home/das-note-021/amir_kameyama_ws/install/line_msg/include/line_msg/line_msg/msg/detail/box_corner__rosidl_typesupport_fastrtps_c.h
[0.442s] -- Up-to-date symlink: /home/das-note-021/amir_kameyama_ws/install/line_msg/include/line_msg/line_msg/msg/rosidl_typesupport_fastrtps_c__visibility_control.h
[0.442s] -- Up-to-date symlink: /home/das-note-021/amir_kameyama_ws/install/line_msg/include/line_msg/line_msg/msg/box_corner.hpp
[0.443s] -- Up-to-date symlink: /home/das-note-021/amir_kameyama_ws/install/line_msg/include/line_msg/line_msg/msg/detail/box_corner__builder.hpp
[0.443s] -- Up-to-date symlink: /home/das-note-021/amir_kameyama_ws/install/line_msg/include/line_msg/line_msg/msg/detail/box_corner__struct.hpp
[0.443s] -- Up-to-date symlink: /home/das-note-021/amir_kameyama_ws/install/line_msg/include/line_msg/line_msg/msg/detail/box_corner__traits.hpp
[0.443s] -- Up-to-date symlink: /home/das-note-021/amir_kameyama_ws/install/line_msg/include/line_msg/line_msg/msg/detail/box_corner__type_support.hpp
[0.444s] -- Up-to-date symlink: /home/das-note-021/amir_kameyama_ws/install/line_msg/include/line_msg/line_msg/msg/rosidl_generator_cpp__visibility_control.hpp
[0.444s] -- Up-to-date symlink: /home/das-note-021/amir_kameyama_ws/install/line_msg/include/line_msg/line_msg/msg/detail/box_corner__rosidl_typesupport_fastrtps_cpp.hpp
[0.444s] -- Up-to-date symlink: /home/das-note-021/amir_kameyama_ws/install/line_msg/include/line_msg/line_msg/msg/rosidl_typesupport_fastrtps_cpp__visibility_control.h
[0.444s] -- Up-to-date symlink: /home/das-note-021/amir_kameyama_ws/install/line_msg/include/line_msg/line_msg/msg/detail/box_corner__rosidl_typesupport_introspection_c.h
[0.444s] -- Up-to-date symlink: /home/das-note-021/amir_kameyama_ws/install/line_msg/include/line_msg/line_msg/msg/rosidl_typesupport_introspection_c__visibility_control.h
[0.445s] -- Up-to-date symlink: /home/das-note-021/amir_kameyama_ws/install/line_msg/include/line_msg/line_msg/msg/detail/box_corner__rosidl_typesupport_introspection_cpp.hpp
[0.445s] -- Up-to-date symlink: /home/das-note-021/amir_kameyama_ws/install/line_msg/share/line_msg/environment/pythonpath.sh
[0.445s] -- Up-to-date symlink: /home/das-note-021/amir_kameyama_ws/install/line_msg/share/line_msg/environment/pythonpath.dsv
[0.446s] -- Up-to-date symlink: /home/das-note-021/amir_kameyama_ws/install/line_msg/local/lib/python3.10/dist-packages/line_msg-0.0.0-py3.10.egg-info/PKG-INFO
[0.446s] -- Up-to-date symlink: /home/das-note-021/amir_kameyama_ws/install/line_msg/local/lib/python3.10/dist-packages/line_msg-0.0.0-py3.10.egg-info/SOURCES.txt
[0.447s] -- Up-to-date symlink: /home/das-note-021/amir_kameyama_ws/install/line_msg/local/lib/python3.10/dist-packages/line_msg-0.0.0-py3.10.egg-info/dependency_links.txt
[0.447s] -- Up-to-date symlink: /home/das-note-021/amir_kameyama_ws/install/line_msg/local/lib/python3.10/dist-packages/line_msg-0.0.0-py3.10.egg-info/top_level.txt
[0.448s] -- Up-to-date symlink: /home/das-note-021/amir_kameyama_ws/install/line_msg/local/lib/python3.10/dist-packages/line_msg/__init__.py
[0.448s] -- Up-to-date symlink: /home/das-note-021/amir_kameyama_ws/install/line_msg/local/lib/python3.10/dist-packages/line_msg/_line_msg_s.ep.rosidl_typesupport_c.c
[0.448s] -- Up-to-date symlink: /home/das-note-021/amir_kameyama_ws/install/line_msg/local/lib/python3.10/dist-packages/line_msg/_line_msg_s.ep.rosidl_typesupport_fastrtps_c.c
[0.448s] -- Up-to-date symlink: /home/das-note-021/amir_kameyama_ws/install/line_msg/local/lib/python3.10/dist-packages/line_msg/_line_msg_s.ep.rosidl_typesupport_introspection_c.c
[0.448s] -- Up-to-date symlink: /home/das-note-021/amir_kameyama_ws/install/line_msg/local/lib/python3.10/dist-packages/line_msg/libline_msg__rosidl_generator_py.so
[0.448s] -- Up-to-date symlink: /home/das-note-021/amir_kameyama_ws/install/line_msg/local/lib/python3.10/dist-packages/line_msg/line_msg_s__rosidl_typesupport_c.cpython-310-x86_64-linux-gnu.so
[0.448s] -- Up-to-date symlink: /home/das-note-021/amir_kameyama_ws/install/line_msg/local/lib/python3.10/dist-packages/line_msg/line_msg_s__rosidl_typesupport_fastrtps_c.cpython-310-x86_64-linux-gnu.so
[0.448s] -- Up-to-date symlink: /home/das-note-021/amir_kameyama_ws/install/line_msg/local/lib/python3.10/dist-packages/line_msg/line_msg_s__rosidl_typesupport_introspection_c.cpython-310-x86_64-linux-gnu.so
[0.448s] -- Up-to-date symlink: /home/das-note-021/amir_kameyama_ws/install/line_msg/local/lib/python3.10/dist-packages/line_msg/msg/__init__.py
[0.448s] -- Up-to-date symlink: /home/das-note-021/amir_kameyama_ws/install/line_msg/local/lib/python3.10/dist-packages/line_msg/msg/_box_corner.py
[0.448s] -- Up-to-date symlink: /home/das-note-021/amir_kameyama_ws/install/line_msg/local/lib/python3.10/dist-packages/line_msg/msg/_box_corner_s.c
[0.448s] -- Up-to-date symlink: /home/das-note-021/amir_kameyama_ws/install/line_msg/local/lib/python3.10/dist-packages/line_msg/line_msg_s__rosidl_typesupport_fastrtps_c.cpython-310-x86_64-linux-gnu.so
[0.449s] -- Up-to-date symlink: /home/das-note-021/amir_kameyama_ws/install/line_msg/local/lib/python3.10/dist-packages/line_msg/line_msg_s__rosidl_typesupport_introspection_c.cpython-310-x86_64-linux-gnu.so
[0.449s] -- Up-to-date symlink: /home/das-note-021/amir_kameyama_ws/install/line_msg/local/lib/python3.10/dist-packages/line_msg/line_msg_s__rosidl_typesupport_c.cpython-310-x86_64-linux-gnu.so
[0.449s] -- Up-to-date symlink: /home/das-note-021/amir_kameyama_ws/install/line_msg/share/line_msg/msg/BoxCorner.idl
[0.449s] -- Up-to-date symlink: /home/das-note-021/amir_kameyama_ws/install/line_msg/share/line_msg/msg/BoxCorner.msg
[0.449s] -- Up-to-date symlink: /home/das-note-021/amir_kameyama_ws/install/line_msg/share/ament_index/resource_index/package_run_dependencies/line_msg
[0.449s] -- Up-to-date symlink: /home/das-note-021/amir_kameyama_ws/install/line_msg/share/ament_index/resource_index/parent_prefix_path/line_msg
[0.449s] -- Up-to-date symlink: /home/das-note-021/amir_kameyama_ws/install/line_msg/share/line_msg/environment/ament_prefix_path.sh
[0.449s] -- Up-to-date symlink: /home/das-note-021/amir_kameyama_ws/install/line_msg/share/line_msg/environment/ament_prefix_path.dsv
[0.449s] -- Up-to-date symlink: /home/das-note-021/amir_kameyama_ws/install/line_msg/share/line_msg/environment/path.sh
[0.449s] -- Up-to-date symlink: /home/das-note-021/amir_kameyama_ws/install/line_msg/share/line_msg/environment/path.dsv
[0.449s] -- Up-to-date symlink: /home/das-note-021/amir_kameyama_ws/install/line_msg/share/line_msg/local_setup.bash
[0.449s] -- Up-to-date symlink: /home/das-note-021/amir_kameyama_ws/install/line_msg/share/line_msg/local_setup.sh
[0.449s] -- Up-to-date symlink: /home/das-note-021/amir_kameyama_ws/install/line_msg/share/line_msg/local_setup.zsh
[0.449s] -- Up-to-date symlink: /home/das-note-021/amir_kameyama_ws/install/line_msg/share/line_msg/local_setup.dsv
[0.449s] -- Symlinking: /home/das-note-021/amir_kameyama_ws/install/line_msg/share/line_msg/package.dsv
[0.460s] -- Up-to-date symlink: /home/das-note-021/amir_kameyama_ws/install/line_msg/share/ament_index/resource_index/packages/line_msg
[0.460s] -- Up-to-date symlink: /home/das-note-021/amir_kameyama_ws/install/line_msg/share/line_msg/cmake/rosidl_cmake-extras.cmake
[0.460s] -- Up-to-date symlink: /home/das-note-021/amir_kameyama_ws/install/line_msg/share/line_msg/cmake/ament_cmake_export_dependencies-extras.cmake
[0.460s] -- Up-to-date symlink: /home/das-note-021/amir_kameyama_ws/install/line_msg/share/line_msg/cmake/ament_cmake_export_include_directories-extras.cmake
[0.460s] -- Up-to-date symlink: /home/das-note-021/amir_kameyama_ws/install/line_msg/share/line_msg/cmake/ament_cmake_export_libraries-extras.cmake
[0.460s] -- Up-to-date symlink: /home/das-note-021/amir_kameyama_ws/install/line_msg/share/line_msg/cmake/ament_cmake_export_targets-extras.cmake
[0.460s] -- Up-to-date symlink: /home/das-note-021/amir_kameyama_ws/install/line_msg/share/line_msg/cmake/rosidl_cmake_export_typesupport_targets-extras.cmake
[0.460s] -- Up-to-date symlink: /home/das-note-021/amir_kameyama_ws/install/line_msg/share/line_msg/cmake/rosidl_cmake_export_typesupport_libraries-extras.cmake
[0.461s] -- Up-to-date symlink: /home/das-note-021/amir_kameyama_ws/install/line_msg/share/line_msg/cmake/line_msgConfig.cmake
[0.461s] -- Up-to-date symlink: /home/das-note-021/amir_kameyama_ws/install/line_msg/share/line_msg/cmake/line_msgConfig-version.cmake
[0.461s] -- Up-to-date symlink: /home/das-note-021/amir_kameyama_ws/install/line_msg/share/line_msg/package.xml
[0.461s] -- Up-to-date: /home/das-note-021/amir_kameyama_ws/install/line_msg/lib/libline_msg__rosidl_generator_c.so
[0.461s] -- Up-to-date: /home/das-note-021/amir_kameyama_ws/install/line_msg/lib/libline_msg__rosidl_typesupport_fastrtps_c.so
[0.463s] -- Up-to-date: /home/das-note-021/amir_kameyama_ws/install/line_msg/lib/libline_msg__rosidl_typesupport_fastrtps_cpp.so
[0.464s] -- Up-to-date: /home/das-note-021/amir_kameyama_ws/install/line_msg/lib/libline_msg__rosidl_typesupport_introspection_c.so
[0.465s] -- Up-to-date: /home/das-note-021/amir_kameyama_ws/install/line_msg/lib/libline_msg__rosidl_typesupport_c.so
[0.465s] -- Up-to-date: /home/das-note-021/amir_kameyama_ws/install/line_msg/lib/libline_msg__rosidl_typesupport_introspection_cpp.so
[0.465s] -- Up-to-date: /home/das-note-021/amir_kameyama_ws/install/line_msg/lib/libline_msg__rosidl_typesupport_cpp.so
[0.493s] Listing '/home/das-note-021/amir_kameyama_ws/install/line_msg/local/lib/python3.10/dist-packages/line_msg'...
[0.493s] Listing '/home/das-note-021/amir_kameyama_ws/install/line_msg/local/lib/python3.10/dist-packages/line_msg/msg'...
[0.495s] -- Up-to-date: /home/das-note-021/amir_kameyama_ws/install/line_msg/lib/libline_msg__rosidl_generator_py.so
[0.495s] -- Up-to-date: /home/das-note-021/amir_kameyama_ws/install/line_msg/share/line_msg/cmake/export_line_msg__rosidl_generator_cExport.cmake
[0.495s] -- Up-to-date: /home/das-note-021/amir_kameyama_ws/install/line_msg/share/line_msg/cmake/export_line_msg__rosidl_generator_cExport-noconfig.cmake
[0.495s] -- Up-to-date: /home/das-note-021/amir_kameyama_ws/install/line_msg/share/line_msg/cmake/export_line_msg__rosidl_typesupport_fastrtps_cExport.cmake
[0.495s] -- Up-to-date: /home/das-note-021/amir_kameyama_ws/install/line_msg/share/line_msg/cmake/export_line_msg__rosidl_typesupport_fastrtps_cExport-noconfig.cmake
[0.495s] -- Up-to-date: /home/das-note-021/amir_kameyama_ws/install/line_msg/share/line_msg/cmake/export_line_msg__rosidl_generator_cppExport.cmake
[0.495s] -- Up-to-date: /home/das-note-021/amir_kameyama_ws/install/line_msg/share/line_msg/cmake/export_line_msg__rosidl_typesupport_fastrtps_cppExport.cmake
[0.495s] -- Up-to-date: /home/das-note-021/amir_kameyama_ws/install/line_msg/share/line_msg/cmake/export_line_msg__rosidl_typesupport_fastrtps_cppExport-noconfig.cmake
[0.495s] -- Up-to-date: /home/das-note-021/amir_kameyama_ws/install/line_msg/share/line_msg/cmake/line_msg__rosidl_typesupport_introspection_cExport.cmake
[0.495s] -- Up-to-date: /home/das-note-021/amir_kameyama_ws/install/line_msg/share/line_msg/cmake/line_msg__rosidl_typesupport_introspection_cExport-noconfig.cmake
[0.495s] -- Up-to-date: /home/das-note-021/amir_kameyama_ws/install/line_msg/share/line_msg/cmake/line_msg__rosidl_typesupport_cExport.cmake
[0.495s] -- Up-to-date: /home/das-note-021/amir_kameyama_ws/install/line_msg/share/line_msg/cmake/line_msg__rosidl_typesupport_cExport-noconfig.cmake
[0.495s] -- Up-to-date: /home/das-note-021/amir_kameyama_ws/install/line_msg/share/line_msg/cmake/line_msg__rosidl_typesupport_introspection_cppExport.cmake
[0.495s] -- Up-to-date: /home/das-note-021/amir_kameyama_ws/install/line_msg/share/line_msg/cmake/line_msg__rosidl_typesupport_introspection_cppExport-noconfig.cmake
[0.495s] -- Up-to-date: /home/das-note-021/amir_kameyama_ws/install/line_msg/share/line_msg/cmake/line_msg__rosidl_typesupport_cppExport.cmake
[0.495s] -- Up-to-date: /home/das-note-021/amir_kameyama_ws/install/line_msg/share/line_msg/cmake/line_msg__rosidl_typesupport_cppExport-noconfig.cmake
[0.495s] -- Up-to-date: /home/das-note-021/amir_kameyama_ws/install/line_msg/share/line_msg/cmake/export_line_msg__rosidl_generator_pyExport.cmake
[0.495s] -- Up-to-date: /home/das-note-021/amir_kameyama_ws/install/line_msg/share/line_msg/cmake/export_line_msg__rosidl_generator_pyExport-noconfig.cmake
[0.514s] Invoked command in '/home/das-note-021/amir_kameyama_ws/build/line_msg' returned '0': CMAKE_PREFIX_PATH=${CMAKE_PREFIX_PATH}:/home/das-note-021/amir_kameyama_ws/install/failure_detection:/home/das-note-021/amir_kameyama_ws/install/bt_generator:/home/das-note-021/kameyama_ws/install/ros2_aruco:/home/das-note-021/kameyama_ws/install/failure_detection:/home/das-note-021/kameyama_ws/install/bt_generator:/opt/ros/humble /usr/bin/cmake --install /home/das-note-021/amir_kameyama_ws/build/line_msg
