[0.041s] Invoking command in '/home/das-note-021/amir_kameyama_ws/build/bebop_msgs': CMAKE_PREFIX_PATH=${CMAKE_PREFIX_PATH}:/home/das-note-021/amir_kameyama_ws/install/failure_detection:/home/das-note-021/amir_kameyama_ws/install/bt_generator:/home/das-note-021/kameyama_ws/install/ros2_aruco:/home/das-note-021/kameyama_ws/install/failure_detection:/home/das-note-021/kameyama_ws/install/bt_generator:/opt/ros/humble /usr/bin/cmake --build /home/das-note-021/amir_kameyama_ws/build/bebop_msgs -- -j22 -l22
[0.382s] [35m[1mConsolidate compiler generated dependencies of target bebop_msgs__rosidl_generator_c[0m
[0.382s] [  3%] Built target bebop_msgs__cpp
[0.382s] [ 12%] Built target bebop_msgs__rosidl_generator_c
[0.382s] [ 12%] Built target ament_cmake_python_symlink_bebop_msgs
[0.382s] [35m[1mConsolidate compiler generated dependencies of target bebop_msgs__rosidl_typesupport_cpp[0m
[0.382s] [35m[1mConsolidate compiler generated dependencies of target bebop_msgs__rosidl_typesupport_introspection_cpp[0m
[0.382s] [35m[1mConsolidate compiler generated dependencies of target bebop_msgs__rosidl_typesupport_fastrtps_cpp[0m
[0.383s] [35m[1mConsolidate compiler generated dependencies of target bebop_msgs__rosidl_typesupport_fastrtps_c[0m
[0.383s] [35m[1mConsolidate compiler generated dependencies of target bebop_msgs__rosidl_typesupport_introspection_c[0m
[0.383s] [ 22%] Built target bebop_msgs__rosidl_typesupport_introspection_cpp
[0.383s] [35m[1mConsolidate compiler generated dependencies of target bebop_msgs__rosidl_typesupport_c[0m
[0.383s] [ 32%] Built target bebop_msgs__rosidl_typesupport_fastrtps_cpp
[0.383s] [ 41%] Built target bebop_msgs__rosidl_typesupport_introspection_c
[0.383s] [ 51%] Built target bebop_msgs__rosidl_typesupport_cpp
[0.383s] [ 61%] Built target bebop_msgs__rosidl_typesupport_c
[0.383s] [ 70%] Built target bebop_msgs__rosidl_typesupport_fastrtps_c
[0.383s] [ 70%] Built target bebop_msgs
[0.383s] [ 74%] Built target bebop_msgs__py
[0.383s] [35m[1mConsolidate compiler generated dependencies of target bebop_msgs__rosidl_generator_py[0m
[0.383s] [ 80%] Built target bebop_msgs__rosidl_generator_py
[0.383s] [35m[1mConsolidate compiler generated dependencies of target bebop_msgs__rosidl_typesupport_introspection_c__pyext[0m
[0.383s] [35m[1mConsolidate compiler generated dependencies of target bebop_msgs__rosidl_typesupport_c__pyext[0m
[0.383s] [35m[1mConsolidate compiler generated dependencies of target bebop_msgs__rosidl_typesupport_fastrtps_c__pyext[0m
[0.383s] [ 87%] Built target bebop_msgs__rosidl_typesupport_introspection_c__pyext
[0.384s] [ 93%] Built target bebop_msgs__rosidl_typesupport_fastrtps_c__pyext
[0.384s] [100%] Built target bebop_msgs__rosidl_typesupport_c__pyext
[0.384s] running egg_info
[0.384s] writing bebop_msgs.egg-info/PKG-INFO
[0.384s] writing dependency_links to bebop_msgs.egg-info/dependency_links.txt
[0.384s] writing top-level names to bebop_msgs.egg-info/top_level.txt
[0.384s] reading manifest file 'bebop_msgs.egg-info/SOURCES.txt'
[0.384s] writing manifest file 'bebop_msgs.egg-info/SOURCES.txt'
[0.384s] [100%] Built target ament_cmake_python_build_bebop_msgs_egg
[0.398s] Invoked command in '/home/das-note-021/amir_kameyama_ws/build/bebop_msgs' returned '0': CMAKE_PREFIX_PATH=${CMAKE_PREFIX_PATH}:/home/das-note-021/amir_kameyama_ws/install/failure_detection:/home/das-note-021/amir_kameyama_ws/install/bt_generator:/home/das-note-021/kameyama_ws/install/ros2_aruco:/home/das-note-021/kameyama_ws/install/failure_detection:/home/das-note-021/kameyama_ws/install/bt_generator:/opt/ros/humble /usr/bin/cmake --build /home/das-note-021/amir_kameyama_ws/build/bebop_msgs -- -j22 -l22
[0.400s] Invoking command in '/home/das-note-021/amir_kameyama_ws/build/bebop_msgs': CMAKE_PREFIX_PATH=${CMAKE_PREFIX_PATH}:/home/das-note-021/amir_kameyama_ws/install/failure_detection:/home/das-note-021/amir_kameyama_ws/install/bt_generator:/home/das-note-021/kameyama_ws/install/ros2_aruco:/home/das-note-021/kameyama_ws/install/failure_detection:/home/das-note-021/kameyama_ws/install/bt_generator:/opt/ros/humble /usr/bin/cmake --install /home/das-note-021/amir_kameyama_ws/build/bebop_msgs
[0.423s] -- Install configuration: ""
[0.426s] -- Execute custom install script
[0.427s] -- Up-to-date symlink: /home/das-note-021/amir_kameyama_ws/install/bebop_msgs/share/ament_index/resource_index/rosidl_interfaces/bebop_msgs
[0.427s] -- Up-to-date symlink: /home/das-note-021/amir_kameyama_ws/install/bebop_msgs/include/bebop_msgs/bebop_msgs/msg/box_corner.h
[0.427s] -- Up-to-date symlink: /home/das-note-021/amir_kameyama_ws/install/bebop_msgs/include/bebop_msgs/bebop_msgs/msg/detail/box_corner__functions.h
[0.427s] -- Up-to-date symlink: /home/das-note-021/amir_kameyama_ws/install/bebop_msgs/include/bebop_msgs/bebop_msgs/msg/detail/box_corner__struct.h
[0.427s] -- Up-to-date symlink: /home/das-note-021/amir_kameyama_ws/install/bebop_msgs/include/bebop_msgs/bebop_msgs/msg/detail/box_corner__type_support.h
[0.427s] -- Up-to-date symlink: /home/das-note-021/amir_kameyama_ws/install/bebop_msgs/include/bebop_msgs/bebop_msgs/msg/rosidl_generator_c__visibility_control.h
[0.427s] -- Up-to-date symlink: /home/das-note-021/amir_kameyama_ws/install/bebop_msgs/share/bebop_msgs/environment/library_path.sh
[0.427s] -- Up-to-date symlink: /home/das-note-021/amir_kameyama_ws/install/bebop_msgs/share/bebop_msgs/environment/library_path.dsv
[0.428s] -- Up-to-date symlink: /home/das-note-021/amir_kameyama_ws/install/bebop_msgs/include/bebop_msgs/bebop_msgs/msg/detail/box_corner__rosidl_typesupport_fastrtps_c.h
[0.428s] -- Up-to-date symlink: /home/das-note-021/amir_kameyama_ws/install/bebop_msgs/include/bebop_msgs/bebop_msgs/msg/rosidl_typesupport_fastrtps_c__visibility_control.h
[0.428s] -- Up-to-date symlink: /home/das-note-021/amir_kameyama_ws/install/bebop_msgs/include/bebop_msgs/bebop_msgs/msg/box_corner.hpp
[0.428s] -- Up-to-date symlink: /home/das-note-021/amir_kameyama_ws/install/bebop_msgs/include/bebop_msgs/bebop_msgs/msg/detail/box_corner__builder.hpp
[0.428s] -- Up-to-date symlink: /home/das-note-021/amir_kameyama_ws/install/bebop_msgs/include/bebop_msgs/bebop_msgs/msg/detail/box_corner__struct.hpp
[0.428s] -- Up-to-date symlink: /home/das-note-021/amir_kameyama_ws/install/bebop_msgs/include/bebop_msgs/bebop_msgs/msg/detail/box_corner__traits.hpp
[0.428s] -- Up-to-date symlink: /home/das-note-021/amir_kameyama_ws/install/bebop_msgs/include/bebop_msgs/bebop_msgs/msg/detail/box_corner__type_support.hpp
[0.428s] -- Up-to-date symlink: /home/das-note-021/amir_kameyama_ws/install/bebop_msgs/include/bebop_msgs/bebop_msgs/msg/rosidl_generator_cpp__visibility_control.hpp
[0.429s] -- Up-to-date symlink: /home/das-note-021/amir_kameyama_ws/install/bebop_msgs/include/bebop_msgs/bebop_msgs/msg/detail/box_corner__rosidl_typesupport_fastrtps_cpp.hpp
[0.429s] -- Up-to-date symlink: /home/das-note-021/amir_kameyama_ws/install/bebop_msgs/include/bebop_msgs/bebop_msgs/msg/rosidl_typesupport_fastrtps_cpp__visibility_control.h
[0.429s] -- Up-to-date symlink: /home/das-note-021/amir_kameyama_ws/install/bebop_msgs/include/bebop_msgs/bebop_msgs/msg/detail/box_corner__rosidl_typesupport_introspection_c.h
[0.429s] -- Up-to-date symlink: /home/das-note-021/amir_kameyama_ws/install/bebop_msgs/include/bebop_msgs/bebop_msgs/msg/rosidl_typesupport_introspection_c__visibility_control.h
[0.429s] -- Up-to-date symlink: /home/das-note-021/amir_kameyama_ws/install/bebop_msgs/include/bebop_msgs/bebop_msgs/msg/detail/box_corner__rosidl_typesupport_introspection_cpp.hpp
[0.429s] -- Up-to-date symlink: /home/das-note-021/amir_kameyama_ws/install/bebop_msgs/share/bebop_msgs/environment/pythonpath.sh
[0.430s] -- Up-to-date symlink: /home/das-note-021/amir_kameyama_ws/install/bebop_msgs/share/bebop_msgs/environment/pythonpath.dsv
[0.430s] -- Up-to-date symlink: /home/das-note-021/amir_kameyama_ws/install/bebop_msgs/local/lib/python3.10/dist-packages/bebop_msgs-0.0.0-py3.10.egg-info/PKG-INFO
[0.430s] -- Up-to-date symlink: /home/das-note-021/amir_kameyama_ws/install/bebop_msgs/local/lib/python3.10/dist-packages/bebop_msgs-0.0.0-py3.10.egg-info/SOURCES.txt
[0.430s] -- Up-to-date symlink: /home/das-note-021/amir_kameyama_ws/install/bebop_msgs/local/lib/python3.10/dist-packages/bebop_msgs-0.0.0-py3.10.egg-info/dependency_links.txt
[0.430s] -- Up-to-date symlink: /home/das-note-021/amir_kameyama_ws/install/bebop_msgs/local/lib/python3.10/dist-packages/bebop_msgs-0.0.0-py3.10.egg-info/top_level.txt
[0.430s] -- Up-to-date symlink: /home/das-note-021/amir_kameyama_ws/install/bebop_msgs/local/lib/python3.10/dist-packages/bebop_msgs/__init__.py
[0.430s] -- Up-to-date symlink: /home/das-note-021/amir_kameyama_ws/install/bebop_msgs/local/lib/python3.10/dist-packages/bebop_msgs/_bebop_msgs_s.ep.rosidl_typesupport_c.c
[0.430s] -- Up-to-date symlink: /home/das-note-021/amir_kameyama_ws/install/bebop_msgs/local/lib/python3.10/dist-packages/bebop_msgs/_bebop_msgs_s.ep.rosidl_typesupport_fastrtps_c.c
[0.430s] -- Up-to-date symlink: /home/das-note-021/amir_kameyama_ws/install/bebop_msgs/local/lib/python3.10/dist-packages/bebop_msgs/_bebop_msgs_s.ep.rosidl_typesupport_introspection_c.c
[0.430s] -- Up-to-date symlink: /home/das-note-021/amir_kameyama_ws/install/bebop_msgs/local/lib/python3.10/dist-packages/bebop_msgs/bebop_msgs_s__rosidl_typesupport_c.cpython-310-x86_64-linux-gnu.so
[0.430s] -- Up-to-date symlink: /home/das-note-021/amir_kameyama_ws/install/bebop_msgs/local/lib/python3.10/dist-packages/bebop_msgs/bebop_msgs_s__rosidl_typesupport_fastrtps_c.cpython-310-x86_64-linux-gnu.so
[0.430s] -- Up-to-date symlink: /home/das-note-021/amir_kameyama_ws/install/bebop_msgs/local/lib/python3.10/dist-packages/bebop_msgs/bebop_msgs_s__rosidl_typesupport_introspection_c.cpython-310-x86_64-linux-gnu.so
[0.430s] -- Up-to-date symlink: /home/das-note-021/amir_kameyama_ws/install/bebop_msgs/local/lib/python3.10/dist-packages/bebop_msgs/libbebop_msgs__rosidl_generator_py.so
[0.431s] -- Up-to-date symlink: /home/das-note-021/amir_kameyama_ws/install/bebop_msgs/local/lib/python3.10/dist-packages/bebop_msgs/msg/__init__.py
[0.431s] -- Up-to-date symlink: /home/das-note-021/amir_kameyama_ws/install/bebop_msgs/local/lib/python3.10/dist-packages/bebop_msgs/msg/_box_corner.py
[0.431s] -- Up-to-date symlink: /home/das-note-021/amir_kameyama_ws/install/bebop_msgs/local/lib/python3.10/dist-packages/bebop_msgs/msg/_box_corner_s.c
[0.431s] -- Up-to-date symlink: /home/das-note-021/amir_kameyama_ws/install/bebop_msgs/local/lib/python3.10/dist-packages/bebop_msgs/bebop_msgs_s__rosidl_typesupport_fastrtps_c.cpython-310-x86_64-linux-gnu.so
[0.432s] -- Up-to-date symlink: /home/das-note-021/amir_kameyama_ws/install/bebop_msgs/local/lib/python3.10/dist-packages/bebop_msgs/bebop_msgs_s__rosidl_typesupport_introspection_c.cpython-310-x86_64-linux-gnu.so
[0.436s] -- Up-to-date symlink: /home/das-note-021/amir_kameyama_ws/install/bebop_msgs/local/lib/python3.10/dist-packages/bebop_msgs/bebop_msgs_s__rosidl_typesupport_c.cpython-310-x86_64-linux-gnu.so
[0.437s] -- Up-to-date symlink: /home/das-note-021/amir_kameyama_ws/install/bebop_msgs/share/bebop_msgs/msg/BoxCorner.idl
[0.437s] -- Up-to-date symlink: /home/das-note-021/amir_kameyama_ws/install/bebop_msgs/share/bebop_msgs/msg/BoxCorner.msg
[0.437s] -- Up-to-date symlink: /home/das-note-021/amir_kameyama_ws/install/bebop_msgs/share/ament_index/resource_index/package_run_dependencies/bebop_msgs
[0.437s] -- Up-to-date symlink: /home/das-note-021/amir_kameyama_ws/install/bebop_msgs/share/ament_index/resource_index/parent_prefix_path/bebop_msgs
[0.438s] -- Up-to-date symlink: /home/das-note-021/amir_kameyama_ws/install/bebop_msgs/share/bebop_msgs/environment/ament_prefix_path.sh
[0.438s] -- Up-to-date symlink: /home/das-note-021/amir_kameyama_ws/install/bebop_msgs/share/bebop_msgs/environment/ament_prefix_path.dsv
[0.439s] -- Up-to-date symlink: /home/das-note-021/amir_kameyama_ws/install/bebop_msgs/share/bebop_msgs/environment/path.sh
[0.439s] -- Up-to-date symlink: /home/das-note-021/amir_kameyama_ws/install/bebop_msgs/share/bebop_msgs/environment/path.dsv
[0.439s] -- Up-to-date symlink: /home/das-note-021/amir_kameyama_ws/install/bebop_msgs/share/bebop_msgs/local_setup.bash
[0.440s] -- Up-to-date symlink: /home/das-note-021/amir_kameyama_ws/install/bebop_msgs/share/bebop_msgs/local_setup.sh
[0.441s] -- Up-to-date symlink: /home/das-note-021/amir_kameyama_ws/install/bebop_msgs/share/bebop_msgs/local_setup.zsh
[0.442s] -- Up-to-date symlink: /home/das-note-021/amir_kameyama_ws/install/bebop_msgs/share/bebop_msgs/local_setup.dsv
[0.445s] -- Symlinking: /home/das-note-021/amir_kameyama_ws/install/bebop_msgs/share/bebop_msgs/package.dsv
[0.450s] -- Up-to-date symlink: /home/das-note-021/amir_kameyama_ws/install/bebop_msgs/share/ament_index/resource_index/packages/bebop_msgs
[0.450s] -- Up-to-date symlink: /home/das-note-021/amir_kameyama_ws/install/bebop_msgs/share/bebop_msgs/cmake/rosidl_cmake-extras.cmake
[0.450s] -- Up-to-date symlink: /home/das-note-021/amir_kameyama_ws/install/bebop_msgs/share/bebop_msgs/cmake/ament_cmake_export_dependencies-extras.cmake
[0.450s] -- Up-to-date symlink: /home/das-note-021/amir_kameyama_ws/install/bebop_msgs/share/bebop_msgs/cmake/ament_cmake_export_include_directories-extras.cmake
[0.450s] -- Up-to-date symlink: /home/das-note-021/amir_kameyama_ws/install/bebop_msgs/share/bebop_msgs/cmake/ament_cmake_export_libraries-extras.cmake
[0.450s] -- Up-to-date symlink: /home/das-note-021/amir_kameyama_ws/install/bebop_msgs/share/bebop_msgs/cmake/ament_cmake_export_targets-extras.cmake
[0.450s] -- Up-to-date symlink: /home/das-note-021/amir_kameyama_ws/install/bebop_msgs/share/bebop_msgs/cmake/rosidl_cmake_export_typesupport_targets-extras.cmake
[0.450s] -- Up-to-date symlink: /home/das-note-021/amir_kameyama_ws/install/bebop_msgs/share/bebop_msgs/cmake/rosidl_cmake_export_typesupport_libraries-extras.cmake
[0.450s] -- Up-to-date symlink: /home/das-note-021/amir_kameyama_ws/install/bebop_msgs/share/bebop_msgs/cmake/bebop_msgsConfig.cmake
[0.450s] -- Up-to-date symlink: /home/das-note-021/amir_kameyama_ws/install/bebop_msgs/share/bebop_msgs/cmake/bebop_msgsConfig-version.cmake
[0.451s] -- Up-to-date symlink: /home/das-note-021/amir_kameyama_ws/install/bebop_msgs/share/bebop_msgs/package.xml
[0.451s] -- Up-to-date: /home/das-note-021/amir_kameyama_ws/install/bebop_msgs/lib/libbebop_msgs__rosidl_generator_c.so
[0.451s] -- Up-to-date: /home/das-note-021/amir_kameyama_ws/install/bebop_msgs/lib/libbebop_msgs__rosidl_typesupport_fastrtps_c.so
[0.452s] -- Up-to-date: /home/das-note-021/amir_kameyama_ws/install/bebop_msgs/lib/libbebop_msgs__rosidl_typesupport_fastrtps_cpp.so
[0.452s] -- Up-to-date: /home/das-note-021/amir_kameyama_ws/install/bebop_msgs/lib/libbebop_msgs__rosidl_typesupport_introspection_c.so
[0.452s] -- Up-to-date: /home/das-note-021/amir_kameyama_ws/install/bebop_msgs/lib/libbebop_msgs__rosidl_typesupport_c.so
[0.452s] -- Up-to-date: /home/das-note-021/amir_kameyama_ws/install/bebop_msgs/lib/libbebop_msgs__rosidl_typesupport_introspection_cpp.so
[0.453s] -- Up-to-date: /home/das-note-021/amir_kameyama_ws/install/bebop_msgs/lib/libbebop_msgs__rosidl_typesupport_cpp.so
[0.467s] Listing '/home/das-note-021/amir_kameyama_ws/install/bebop_msgs/local/lib/python3.10/dist-packages/bebop_msgs'...
[0.467s] Listing '/home/das-note-021/amir_kameyama_ws/install/bebop_msgs/local/lib/python3.10/dist-packages/bebop_msgs/msg'...
[0.487s] -- Up-to-date: /home/das-note-021/amir_kameyama_ws/install/bebop_msgs/lib/libbebop_msgs__rosidl_generator_py.so
[0.487s] -- Up-to-date: /home/das-note-021/amir_kameyama_ws/install/bebop_msgs/share/bebop_msgs/cmake/export_bebop_msgs__rosidl_generator_cExport.cmake
[0.487s] -- Up-to-date: /home/das-note-021/amir_kameyama_ws/install/bebop_msgs/share/bebop_msgs/cmake/export_bebop_msgs__rosidl_generator_cExport-noconfig.cmake
[0.489s] -- Up-to-date: /home/das-note-021/amir_kameyama_ws/install/bebop_msgs/share/bebop_msgs/cmake/export_bebop_msgs__rosidl_typesupport_fastrtps_cExport.cmake
[0.489s] -- Up-to-date: /home/das-note-021/amir_kameyama_ws/install/bebop_msgs/share/bebop_msgs/cmake/export_bebop_msgs__rosidl_typesupport_fastrtps_cExport-noconfig.cmake
[0.489s] -- Up-to-date: /home/das-note-021/amir_kameyama_ws/install/bebop_msgs/share/bebop_msgs/cmake/export_bebop_msgs__rosidl_generator_cppExport.cmake
[0.489s] -- Up-to-date: /home/das-note-021/amir_kameyama_ws/install/bebop_msgs/share/bebop_msgs/cmake/export_bebop_msgs__rosidl_typesupport_fastrtps_cppExport.cmake
[0.489s] -- Up-to-date: /home/das-note-021/amir_kameyama_ws/install/bebop_msgs/share/bebop_msgs/cmake/export_bebop_msgs__rosidl_typesupport_fastrtps_cppExport-noconfig.cmake
[0.489s] -- Up-to-date: /home/das-note-021/amir_kameyama_ws/install/bebop_msgs/share/bebop_msgs/cmake/bebop_msgs__rosidl_typesupport_introspection_cExport.cmake
[0.489s] -- Up-to-date: /home/das-note-021/amir_kameyama_ws/install/bebop_msgs/share/bebop_msgs/cmake/bebop_msgs__rosidl_typesupport_introspection_cExport-noconfig.cmake
[0.489s] -- Up-to-date: /home/das-note-021/amir_kameyama_ws/install/bebop_msgs/share/bebop_msgs/cmake/bebop_msgs__rosidl_typesupport_cExport.cmake
[0.489s] -- Up-to-date: /home/das-note-021/amir_kameyama_ws/install/bebop_msgs/share/bebop_msgs/cmake/bebop_msgs__rosidl_typesupport_cExport-noconfig.cmake
[0.490s] -- Up-to-date: /home/das-note-021/amir_kameyama_ws/install/bebop_msgs/share/bebop_msgs/cmake/bebop_msgs__rosidl_typesupport_introspection_cppExport.cmake
[0.490s] -- Up-to-date: /home/das-note-021/amir_kameyama_ws/install/bebop_msgs/share/bebop_msgs/cmake/bebop_msgs__rosidl_typesupport_introspection_cppExport-noconfig.cmake
[0.491s] -- Up-to-date: /home/das-note-021/amir_kameyama_ws/install/bebop_msgs/share/bebop_msgs/cmake/bebop_msgs__rosidl_typesupport_cppExport.cmake
[0.491s] -- Up-to-date: /home/das-note-021/amir_kameyama_ws/install/bebop_msgs/share/bebop_msgs/cmake/bebop_msgs__rosidl_typesupport_cppExport-noconfig.cmake
[0.491s] -- Up-to-date: /home/das-note-021/amir_kameyama_ws/install/bebop_msgs/share/bebop_msgs/cmake/export_bebop_msgs__rosidl_generator_pyExport.cmake
[0.491s] -- Up-to-date: /home/das-note-021/amir_kameyama_ws/install/bebop_msgs/share/bebop_msgs/cmake/export_bebop_msgs__rosidl_generator_pyExport-noconfig.cmake
[0.570s] Invoked command in '/home/das-note-021/amir_kameyama_ws/build/bebop_msgs' returned '0': CMAKE_PREFIX_PATH=${CMAKE_PREFIX_PATH}:/home/das-note-021/amir_kameyama_ws/install/failure_detection:/home/das-note-021/amir_kameyama_ws/install/bt_generator:/home/das-note-021/kameyama_ws/install/ros2_aruco:/home/das-note-021/kameyama_ws/install/failure_detection:/home/das-note-021/kameyama_ws/install/bt_generator:/opt/ros/humble /usr/bin/cmake --install /home/das-note-021/amir_kameyama_ws/build/bebop_msgs
