[  1%] Built target observation_msgs__cpp
[ 12%] Built target observation_msgs__rosidl_generator_c
[ 12%] Built target ament_cmake_python_symlink_observation_msgs
[ 23%] Built target observation_msgs__rosidl_typesupport_cpp
[ 41%] Built target observation_msgs__rosidl_typesupport_fastrtps_cpp
[ 46%] Built target observation_msgs__rosidl_typesupport_introspection_cpp
[ 57%] Built target observation_msgs__rosidl_typesupport_fastrtps_c
[ 68%] Built target observation_msgs__rosidl_typesupport_introspection_c
[ 79%] Built target observation_msgs__rosidl_typesupport_c
[ 79%] Built target observation_msgs
[ 80%] Built target observation_msgs__py
[ 90%] Built target observation_msgs__rosidl_generator_py
[ 95%] Built target observation_msgs__rosidl_typesupport_fastrtps_c__pyext
[ 96%] Built target observation_msgs__rosidl_typesupport_introspection_c__pyext
[100%] Built target observation_msgs__rosidl_typesupport_c__pyext
running egg_info
writing observation_msgs.egg-info/PKG-INFO
writing dependency_links to observation_msgs.egg-info/dependency_links.txt
interrupted
gmake[2]: *** [CMakeFiles/ament_cmake_python_build_observation_msgs_egg.dir/build.make:70: CMakeFiles/ament_cmake_python_build_observation_msgs_egg] 割り込み
gmake[1]: *** [CMakeFiles/Makefile2:447: CMakeFiles/ament_cmake_python_build_observation_msgs_egg.dir/all] 割り込み
gmake: *** [Makefile:146: all] 割り込み
