[0.025s] Invoking command in '/home/das-note-021/amir_kameyama_ws/build/amir_operation': CMAKE_PREFIX_PATH=/home/das-note-021/amir_kameyama_ws/install/line_msg:/home/das-note-021/amir_kameyama_ws/install/behavior_tree_msgs:/home/das-note-021/amir_kameyama_ws/install/bebop_msgs:/home/das-note-021/amir_kameyama_ws/install/ar_track_alvar_msgs:/home/das-note-021/amir_kameyama_ws/install/rviz_utility:/home/das-note-021/amir_kameyama_ws/install/ros2_behavior_tree:/home/das-note-021/amir_kameyama_ws/install/observation:/home/das-note-021/amir_kameyama_ws/install/observation_msgs:/home/das-note-021/amir_kameyama_ws/install/my_utility:/home/das-note-021/amir_kameyama_ws/install/failure_detection_msgs:/home/das-note-021/amir_kameyama_ws/install/my_nav_msgs:/home/das-note-021/amir_kameyama_ws/install/mecanum_navigation2:/home/das-note-021/amir_kameyama_ws/install/amir_operation:/home/das-note-021/amir_kameyama_ws/install/joint_state_publisher_tutorial:/home/das-note-021/amir_kameyama_ws/install/amir_navigation:/home/das-note-021/kameyama_ws/install/slam_toolbox:/home/das-note-021/kameyama_ws/install/slam_gmapping:/home/das-note-021/kameyama_ws/install/rviz_utility:/home/das-note-021/kameyama_ws/install/ros2_behavior_tree:/home/das-note-021/kameyama_ws/install/amir_operation:/home/das-note-021/kameyama_ws/install/ros2_aruco_interfaces:/home/das-note-021/kameyama_ws/install/openslam_gmapping:/home/das-note-021/kameyama_ws/install/observation:/home/das-note-021/kameyama_ws/install/observation_msgs:/home/das-note-021/kameyama_ws/install/my_utility:/home/das-note-021/kameyama_ws/install/failure_detection_msgs:/home/das-note-021/kameyama_ws/install/my_nav_msgs:/home/das-note-021/kameyama_ws/install/mecanum_navigation2:/home/das-note-021/kameyama_ws/install/littleslam_ros2:/home/das-note-021/kameyama_ws/install/line_msg:/home/das-note-021/kameyama_ws/install/joint_state_publisher_tutorial:/home/das-note-021/kameyama_ws/install/emcl2:/home/das-note-021/kameyama_ws/install/behavior_tree_msgs:/home/das-note-021/kameyama_ws/install/bebop_msgs:/home/das-note-021/kameyama_ws/install/amir_navigation:/home/das-note-021/amir_basic_ws/install/realsense2_description:/home/das-note-021/amir_basic_ws/install/realsense2_camera:/home/das-note-021/amir_basic_ws/install/realsense2_camera_msgs:/home/das-note-021/amir_basic_ws/install/darknet_ros:/home/das-note-021/amir_basic_ws/install/darknet_ros_msgs:/home/das-note-021/amir_basic_ws/install/amir_interfaces:/home/das-note-021/amir_kameyama_ws/install/failure_detection:/home/das-note-021/amir_kameyama_ws/install/bt_generator:/home/das-note-021/kameyama_ws/install/ros2_aruco:/home/das-note-021/kameyama_ws/install/failure_detection:/home/das-note-021/kameyama_ws/install/bt_generator:/opt/ros/humble LD_LIBRARY_PATH=/home/das-note-021/amir_kameyama_ws/install/line_msg/lib:/home/das-note-021/amir_kameyama_ws/install/behavior_tree_msgs/lib:/home/das-note-021/amir_kameyama_ws/install/bebop_msgs/lib:/home/das-note-021/amir_kameyama_ws/install/ar_track_alvar_msgs/lib:/home/das-note-021/amir_kameyama_ws/install/ros2_behavior_tree/lib:/home/das-note-021/amir_kameyama_ws/install/observation_msgs/lib:/home/das-note-021/amir_kameyama_ws/install/failure_detection_msgs/lib:/home/das-note-021/amir_kameyama_ws/install/my_nav_msgs/lib:/home/das-note-021/kameyama_ws/install/slam_toolbox/lib:/home/das-note-021/kameyama_ws/install/ros2_behavior_tree/lib:/home/das-note-021/kameyama_ws/install/ros2_aruco_interfaces/lib:/home/das-note-021/kameyama_ws/install/openslam_gmapping/lib:/home/das-note-021/kameyama_ws/install/observation_msgs/lib:/home/das-note-021/kameyama_ws/install/failure_detection_msgs/lib:/home/das-note-021/kameyama_ws/install/my_nav_msgs/lib:/home/das-note-021/kameyama_ws/install/littleslam_ros2/lib:/home/das-note-021/kameyama_ws/install/line_msg/lib:/home/das-note-021/kameyama_ws/install/behavior_tree_msgs/lib:/home/das-note-021/kameyama_ws/install/bebop_msgs/lib:/home/das-note-021/amir_basic_ws/install/realsense2_camera/lib:/home/das-note-021/amir_basic_ws/install/realsense2_camera_msgs/lib:/home/das-note-021/amir_basic_ws/install/darknet_ros/lib:/home/das-note-021/amir_basic_ws/install/darknet_ros_msgs/lib:/home/das-note-021/amir_basic_ws/install/amir_interfaces/lib:/usr/lib/x86_64-linux-gnu/gazebo-11/plugins:/opt/ros/humble/opt/rviz_ogre_vendor/lib:/opt/ros/humble/lib/x86_64-linux-gnu:/opt/ros/humble/lib:/usr/local/cuda/lib64 /usr/bin/cmake --build /home/das-note-021/amir_kameyama_ws/build/amir_operation -- -j22 -l22
[0.072s] [35m[1mConsolidate compiler generated dependencies of target mecanum_spin[0m
[0.083s] [  9%] Built target move_arm
[0.083s] [ 27%] Built target initial_posi
[0.083s] [ 27%] Built target mecanum_move
[0.088s] [ 45%] Built target pick
[0.088s] [ 45%] Built target search_obj
[0.088s] [ 54%] Built target place
[0.088s] [ 63%] Built target mecanum_search
[0.091s] [ 72%] Built target move_meca
[0.092s] [ 81%] Built target grasp
[0.094s] [ 86%] [32mBuilding CXX object CMakeFiles/mecanum_spin.dir/src/mecanum_spin.cpp.o[0m
[0.096s] [ 95%] Built target pick_using_d_optimality
[1.639s] [01m[K/home/das-note-021/amir_kameyama_ws/src/amir_operation/src/mecanum_spin.cpp:17:52:[m[K [01;31m[Kerror: [m[K‘[01m[KAveCov[m[K’ in namespace ‘[01m[Kbehavior_tree_msgs::action[m[K’ does not name a type
[1.639s]    17 |   using AveCovAction = behavior_tree_msgs::action::[01;31m[KAveCov[m[K;
[1.639s]       |                                                    [01;31m[K^~~~~~[m[K
[1.664s] [01m[K/home/das-note-021/amir_kameyama_ws/src/amir_operation/src/mecanum_spin.cpp:20:60:[m[K [01;31m[Kerror: [m[K‘[01m[KAveCovAction[m[K’ was not declared in this scope
[1.664s]    20 |   using AveCovGoalHandle = rclcpp_action::ClientGoalHandle<[01;31m[KAveCovAction[m[K>;
[1.664s]       |                                                            [01;31m[K^~~~~~~~~~~~[m[K
[1.664s] [01m[K/home/das-note-021/amir_kameyama_ws/src/amir_operation/src/mecanum_spin.cpp:20:72:[m[K [01;31m[Kerror: [m[Ktemplate argument 1 is invalid
[1.664s]    20 |   using AveCovGoalHandle = rclcpp_action::ClientGoalHandle<AveCovAction[01;31m[K>[m[K;
[1.664s]       |                                                                        [01;31m[K^[m[K
[1.692s] [01m[K/home/das-note-021/amir_kameyama_ws/src/amir_operation/src/mecanum_spin.cpp:50:25:[m[K [01;31m[Kerror: [m[K‘[01m[KAveCovAction[m[K’ was not declared in this scope
[1.692s]    50 |   rclcpp_action::Client<[01;31m[KAveCovAction[m[K>::SharedPtr avecov_client_;
[1.692s]       |                         [01;31m[K^~~~~~~~~~~~[m[K
[1.692s] [01m[K/home/das-note-021/amir_kameyama_ws/src/amir_operation/src/mecanum_spin.cpp:50:37:[m[K [01;31m[Kerror: [m[Ktemplate argument 1 is invalid
[1.692s]    50 |   rclcpp_action::Client<AveCovAction[01;31m[K>[m[K::SharedPtr avecov_client_;
[1.693s]       |                                     [01;31m[K^[m[K
[1.693s] [01m[K/home/das-note-021/amir_kameyama_ws/src/amir_operation/src/mecanum_spin.cpp:50:40:[m[K [01;31m[Kerror: [m[Kexpected ‘[01m[K;[m[K’ at end of member declaration
[1.693s]    50 |   rclcpp_action::Client<AveCovAction>::[01;31m[KSharedPtr[m[K avecov_client_;
[1.693s]       |                                        [01;31m[K^~~~~~~~~[m[K
[1.693s]       |                                                 [32m[K;[m[K
[1.693s] [01m[K/home/das-note-021/amir_kameyama_ws/src/amir_operation/src/mecanum_spin.cpp:50:50:[m[K [01;31m[Kerror: [m[K‘[01m[Kavecov_client_[m[K’ does not name a type
[1.693s]    50 |   rclcpp_action::Client<AveCovAction>::SharedPtr [01;31m[Kavecov_client_[m[K;
[1.693s]       |                                                  [01;31m[K^~~~~~~~~~~~~~[m[K
[1.725s] [01m[K/home/das-note-021/amir_kameyama_ws/src/amir_operation/src/mecanum_spin.cpp:[m[K In constructor ‘[01m[KMecanumSpin::MecanumSpin()[m[K’:
[1.725s] [01m[K/home/das-note-021/amir_kameyama_ws/src/amir_operation/src/mecanum_spin.cpp:26:5:[m[K [01;31m[Kerror: [m[K‘[01m[Kavecov_client_[m[K’ was not declared in this scope
[1.725s]    26 |     [01;31m[Kavecov_client_[m[K = rclcpp_action::create_client<AveCovAction>(this, "/ave_cov");
[1.725s]       |     [01;31m[K^~~~~~~~~~~~~~[m[K
[1.730s] [01m[K/home/das-note-021/amir_kameyama_ws/src/amir_operation/src/mecanum_spin.cpp:26:51:[m[K [01;31m[Kerror: [m[K‘[01m[KAveCovAction[m[K’ was not declared in this scope
[1.730s]    26 |     avecov_client_ = rclcpp_action::create_client<[01;31m[KAveCovAction[m[K>(this, "/ave_cov");
[1.730s]       |                                                   [01;31m[K^~~~~~~~~~~~[m[K
[1.730s] [01m[K/home/das-note-021/amir_kameyama_ws/src/amir_operation/src/mecanum_spin.cpp:26:64:[m[K [01;31m[Kerror: [m[Kno matching function for call to ‘[01m[Kcreate_client<<expression error> >(MecanumSpin*, const char [9])[m[K’
[1.730s]    26 |     avecov_client_ = [01;31m[Krclcpp_action::create_client<AveCovAction>(this, "/ave_cov")[m[K;
[1.730s]       |                      [01;31m[K~~~~~~~~~~~~~~~~~~~~~~~~~~~~~~~~~~~~~~~~~~^~~~~~~~~~~~~~~~~~[m[K
[1.730s] In file included from [01m[K/opt/ros/humble/include/rclcpp_action/rclcpp_action/rclcpp_action.hpp:38[m[K,
[1.730s]                  from [01m[K/home/das-note-021/amir_kameyama_ws/src/amir_operation/src/mecanum_spin.cpp:2[m[K:
[1.730s] [01m[K/opt/ros/humble/include/rclcpp_action/rclcpp_action/create_client.hpp:44:1:[m[K [01;36m[Knote: [m[Kcandidate: ‘[01m[Ktemplate<class ActionT> typename rclcpp_action::Client<ActionT>::SharedPtr rclcpp_action::create_client(rclcpp::node_interfaces::NodeBaseInterface::SharedPtr, rclcpp::node_interfaces::NodeGraphInterface::SharedPtr, rclcpp::node_interfaces::NodeLoggingInterface::SharedPtr, rclcpp::node_interfaces::NodeWaitablesInterface::SharedPtr, const string&, rclcpp::CallbackGroup::SharedPtr, const rcl_action_client_options_t&)[m[K’
[1.730s]    44 | [01;36m[Kcreate_client[m[K(
[1.730s]       | [01;36m[K^~~~~~~~~~~~~[m[K
[1.730s] [01m[K/opt/ros/humble/include/rclcpp_action/rclcpp_action/create_client.hpp:44:1:[m[K [01;36m[Knote: [m[K  template argument deduction/substitution failed:
[1.730s] [01m[K/home/das-note-021/amir_kameyama_ws/src/amir_operation/src/mecanum_spin.cpp:26:64:[m[K [01;31m[Kerror: [m[Ktemplate argument 1 is invalid
[1.731s]    26 |     avecov_client_ = [01;31m[Krclcpp_action::create_client<AveCovAction>(this, "/ave_cov")[m[K;
[1.731s]       |                      [01;31m[K~~~~~~~~~~~~~~~~~~~~~~~~~~~~~~~~~~~~~~~~~~^~~~~~~~~~~~~~~~~~[m[K
[1.731s] In file included from [01m[K/opt/ros/humble/include/rclcpp_action/rclcpp_action/rclcpp_action.hpp:38[m[K,
[1.731s]                  from [01m[K/home/das-note-021/amir_kameyama_ws/src/amir_operation/src/mecanum_spin.cpp:2[m[K:
[1.731s] [01m[K/opt/ros/humble/include/rclcpp_action/rclcpp_action/create_client.hpp:105:1:[m[K [01;36m[Knote: [m[Kcandidate: ‘[01m[Ktemplate<class ActionT, class NodeT> typename rclcpp_action::Client<ActionT>::SharedPtr rclcpp_action::create_client(NodeT, const string&, rclcpp::CallbackGroup::SharedPtr, const rcl_action_client_options_t&)[m[K’
[1.731s]   105 | [01;36m[Kcreate_client[m[K(
[1.731s]       | [01;36m[K^~~~~~~~~~~~~[m[K
[1.731s] [01m[K/opt/ros/humble/include/rclcpp_action/rclcpp_action/create_client.hpp:105:1:[m[K [01;36m[Knote: [m[K  template argument deduction/substitution failed:
[1.731s] [01m[K/home/das-note-021/amir_kameyama_ws/src/amir_operation/src/mecanum_spin.cpp:26:64:[m[K [01;31m[Kerror: [m[Ktemplate argument 1 is invalid
[1.731s]    26 |     avecov_client_ = [01;31m[Krclcpp_action::create_client<AveCovAction>(this, "/ave_cov")[m[K;
[1.731s]       |                      [01;31m[K~~~~~~~~~~~~~~~~~~~~~~~~~~~~~~~~~~~~~~~~~~^~~~~~~~~~~~~~~~~~[m[K
[1.759s] [01m[K/home/das-note-021/amir_kameyama_ws/src/amir_operation/src/mecanum_spin.cpp:[m[K In member function ‘[01m[Kvoid MecanumSpin::call_dop_action()[m[K’:
[1.759s] [01m[K/home/das-note-021/amir_kameyama_ws/src/amir_operation/src/mecanum_spin.cpp:127:9:[m[K [01;31m[Kerror: [m[K‘[01m[Kavecov_client_[m[K’ was not declared in this scope
[1.759s]   127 |     if ([01;31m[Kavecov_client_[m[K->wait_for_action_server(10s)) {
[1.760s]       |         [01;31m[K^~~~~~~~~~~~~~[m[K
[1.760s] [01m[K/home/das-note-021/amir_kameyama_ws/src/amir_operation/src/mecanum_spin.cpp:128:30:[m[K [01;31m[Kerror: [m[K‘[01m[KAveCovAction[m[K’ has not been declared
[1.760s]   128 |       auto avecov_goal_msg = [01;31m[KAveCovAction[m[K::Goal();
[1.760s]       |                              [01;31m[K^~~~~~~~~~~~[m[K
[1.763s] [01m[K/home/das-note-021/amir_kameyama_ws/src/amir_operation/src/mecanum_spin.cpp:132:51:[m[K [01;31m[Kerror: [m[K‘[01m[KAveCovAction[m[K’ was not declared in this scope; did you mean ‘[01m[Kavecov_options[m[K’?
[1.763s]   132 |       auto avecov_options = rclcpp_action::Client<[01;31m[KAveCovAction[m[K>::SendGoalOptions();
[1.763s]       |                                                   [01;31m[K^~~~~~~~~~~~[m[K
[1.763s]       |                                                   [32m[Kavecov_options[m[K
[1.763s] [01m[K/home/das-note-021/amir_kameyama_ws/src/amir_operation/src/mecanum_spin.cpp:132:63:[m[K [01;31m[Kerror: [m[Ktemplate argument 1 is invalid
[1.763s]   132 |       auto avecov_options = rclcpp_action::Client<AveCovAction[01;31m[K>[m[K::SendGoalOptions();
[1.763s]       |                                                               [01;31m[K^[m[K
[3.839s] gmake[2]: *** [CMakeFiles/mecanum_spin.dir/build.make:76: CMakeFiles/mecanum_spin.dir/src/mecanum_spin.cpp.o] Error 1
[3.840s] gmake[1]: *** [CMakeFiles/Makefile2:417: CMakeFiles/mecanum_spin.dir/all] Error 2
[3.840s] gmake: *** [Makefile:146: all] Error 2
[3.845s] Invoked command in '/home/das-note-021/amir_kameyama_ws/build/amir_operation' returned '2': CMAKE_PREFIX_PATH=/home/das-note-021/amir_kameyama_ws/install/line_msg:/home/das-note-021/amir_kameyama_ws/install/behavior_tree_msgs:/home/das-note-021/amir_kameyama_ws/install/bebop_msgs:/home/das-note-021/amir_kameyama_ws/install/ar_track_alvar_msgs:/home/das-note-021/amir_kameyama_ws/install/rviz_utility:/home/das-note-021/amir_kameyama_ws/install/ros2_behavior_tree:/home/das-note-021/amir_kameyama_ws/install/observation:/home/das-note-021/amir_kameyama_ws/install/observation_msgs:/home/das-note-021/amir_kameyama_ws/install/my_utility:/home/das-note-021/amir_kameyama_ws/install/failure_detection_msgs:/home/das-note-021/amir_kameyama_ws/install/my_nav_msgs:/home/das-note-021/amir_kameyama_ws/install/mecanum_navigation2:/home/das-note-021/amir_kameyama_ws/install/amir_operation:/home/das-note-021/amir_kameyama_ws/install/joint_state_publisher_tutorial:/home/das-note-021/amir_kameyama_ws/install/amir_navigation:/home/das-note-021/kameyama_ws/install/slam_toolbox:/home/das-note-021/kameyama_ws/install/slam_gmapping:/home/das-note-021/kameyama_ws/install/rviz_utility:/home/das-note-021/kameyama_ws/install/ros2_behavior_tree:/home/das-note-021/kameyama_ws/install/amir_operation:/home/das-note-021/kameyama_ws/install/ros2_aruco_interfaces:/home/das-note-021/kameyama_ws/install/openslam_gmapping:/home/das-note-021/kameyama_ws/install/observation:/home/das-note-021/kameyama_ws/install/observation_msgs:/home/das-note-021/kameyama_ws/install/my_utility:/home/das-note-021/kameyama_ws/install/failure_detection_msgs:/home/das-note-021/kameyama_ws/install/my_nav_msgs:/home/das-note-021/kameyama_ws/install/mecanum_navigation2:/home/das-note-021/kameyama_ws/install/littleslam_ros2:/home/das-note-021/kameyama_ws/install/line_msg:/home/das-note-021/kameyama_ws/install/joint_state_publisher_tutorial:/home/das-note-021/kameyama_ws/install/emcl2:/home/das-note-021/kameyama_ws/install/behavior_tree_msgs:/home/das-note-021/kameyama_ws/install/bebop_msgs:/home/das-note-021/kameyama_ws/install/amir_navigation:/home/das-note-021/amir_basic_ws/install/realsense2_description:/home/das-note-021/amir_basic_ws/install/realsense2_camera:/home/das-note-021/amir_basic_ws/install/realsense2_camera_msgs:/home/das-note-021/amir_basic_ws/install/darknet_ros:/home/das-note-021/amir_basic_ws/install/darknet_ros_msgs:/home/das-note-021/amir_basic_ws/install/amir_interfaces:/home/das-note-021/amir_kameyama_ws/install/failure_detection:/home/das-note-021/amir_kameyama_ws/install/bt_generator:/home/das-note-021/kameyama_ws/install/ros2_aruco:/home/das-note-021/kameyama_ws/install/failure_detection:/home/das-note-021/kameyama_ws/install/bt_generator:/opt/ros/humble LD_LIBRARY_PATH=/home/das-note-021/amir_kameyama_ws/install/line_msg/lib:/home/das-note-021/amir_kameyama_ws/install/behavior_tree_msgs/lib:/home/das-note-021/amir_kameyama_ws/install/bebop_msgs/lib:/home/das-note-021/amir_kameyama_ws/install/ar_track_alvar_msgs/lib:/home/das-note-021/amir_kameyama_ws/install/ros2_behavior_tree/lib:/home/das-note-021/amir_kameyama_ws/install/observation_msgs/lib:/home/das-note-021/amir_kameyama_ws/install/failure_detection_msgs/lib:/home/das-note-021/amir_kameyama_ws/install/my_nav_msgs/lib:/home/das-note-021/kameyama_ws/install/slam_toolbox/lib:/home/das-note-021/kameyama_ws/install/ros2_behavior_tree/lib:/home/das-note-021/kameyama_ws/install/ros2_aruco_interfaces/lib:/home/das-note-021/kameyama_ws/install/openslam_gmapping/lib:/home/das-note-021/kameyama_ws/install/observation_msgs/lib:/home/das-note-021/kameyama_ws/install/failure_detection_msgs/lib:/home/das-note-021/kameyama_ws/install/my_nav_msgs/lib:/home/das-note-021/kameyama_ws/install/littleslam_ros2/lib:/home/das-note-021/kameyama_ws/install/line_msg/lib:/home/das-note-021/kameyama_ws/install/behavior_tree_msgs/lib:/home/das-note-021/kameyama_ws/install/bebop_msgs/lib:/home/das-note-021/amir_basic_ws/install/realsense2_camera/lib:/home/das-note-021/amir_basic_ws/install/realsense2_camera_msgs/lib:/home/das-note-021/amir_basic_ws/install/darknet_ros/lib:/home/das-note-021/amir_basic_ws/install/darknet_ros_msgs/lib:/home/das-note-021/amir_basic_ws/install/amir_interfaces/lib:/usr/lib/x86_64-linux-gnu/gazebo-11/plugins:/opt/ros/humble/opt/rviz_ogre_vendor/lib:/opt/ros/humble/lib/x86_64-linux-gnu:/opt/ros/humble/lib:/usr/local/cuda/lib64 /usr/bin/cmake --build /home/das-note-021/amir_kameyama_ws/build/amir_operation -- -j22 -l22
