[35m[1mConsolidate compiler generated dependencies of target ros2_behavior_tree_nodes[0m
[  2%] [32mBuilding CXX object CMakeFiles/ros2_behavior_tree.dir/src/behavior_tree.cpp.o[0m
[  4%] [32m[1mLinking CXX shared library libexample_custom_nodes.so[0m
[  8%] Built target gtest_main
[ 10%] [32mBuilding CXX object CMakeFiles/ros2_behavior_tree.dir/src/bt_status_pub.cpp.o[0m
[ 14%] Built target gtest
[ 17%] [32mBuilding CXX object CMakeFiles/ros2_behavior_tree_nodes.dir/src/node_registrar.cpp.o[0m
[ 19%] [32m[1mLinking CXX shared library libcustom_test_nodes.so[0m
[ 21%] Built target example_custom_nodes
[ 23%] Built target custom_test_nodes
In file included from [01m[K/home/rover/kameyama_ws/src/ros2_behavior_tree/ros2_behavior_tree/include/ros2_behavior_tree/action/create_transform_buffer_node.hpp:27[m[K,
                 from [01m[K/home/rover/kameyama_ws/src/ros2_behavior_tree/ros2_behavior_tree/src/node_registrar.cpp:22[m[K:
[01m[K/opt/ros/humble/include/tf2_geometry_msgs/tf2_geometry_msgs/tf2_geometry_msgs.h:35:2:[m[K [01;35m[Kwarning: [m[K#warning This header is obsolete, please include tf2_geometry_msgs/tf2_geometry_msgs.hpp instead [[01;35m[K]8;;https://gcc.gnu.org/onlinedocs/gcc/Warning-Options.html#index-Wcpp-Wcpp]8;;[m[K]
   35 | #[01;35m[Kwarning[m[K This header is obsolete, please include tf2_geometry_msgs/tf2_geometry_msgs.hpp instead
      |  [01;35m[K^~~~~~~[m[K
[ 25%] [32m[1mLinking CXX shared library libros2_behavior_tree.so[0m
[ 25%] Built target ros2_behavior_tree
[ 27%] [32mBuilding CXX object CMakeFiles/minimal.dir/examples/minimal/main.cpp.o[0m
[ 29%] [32mBuilding CXX object CMakeFiles/node.dir/examples/node/main.cpp.o[0m
[ 31%] [32mBuilding CXX object CMakeFiles/custom_nodes.dir/examples/custom_nodes/sample_node.cpp.o[0m
[ 34%] [32mBuilding CXX object CMakeFiles/bt_executor_bebop.dir/src/bt_executor_bebop.cpp.o[0m
[ 36%] [32mBuilding CXX object CMakeFiles/custom_nodes.dir/examples/custom_nodes/main.cpp.o[0m
[ 38%] [32mBuilding CXX object CMakeFiles/node.dir/examples/node/sample_node.cpp.o[0m
[ 40%] [32mBuilding CXX object CMakeFiles/action_server_node.dir/examples/action_server_node/main.cpp.o[0m
[ 42%] [32mBuilding CXX object CMakeFiles/action_server_node.dir/examples/action_server_node/sample_action_server_node.cpp.o[0m
[ 44%] [32mBuilding CXX object CMakeFiles/bt_executor.dir/src/bt_executor.cpp.o[0m
[ 46%] [32mBuilding CXX object CMakeFiles/lifecycle_node.dir/examples/lifecycle_node/main.cpp.o[0m
[ 48%] [32mBuilding CXX object CMakeFiles/action_server_lifecycle_node.dir/examples/action_server_lifecycle_node/main.cpp.o[0m
In file included from [01m[K/home/rover/kameyama_ws/src/ros2_behavior_tree/ros2_behavior_tree/src/node_registrar.cpp:76[m[K:
[01m[K/home/rover/kameyama_ws/src/ros2_behavior_tree/ros2_behavior_tree/include/ros2_behavior_tree/action/mecanum_spin.hpp:[m[K In member function ‘[01m[Kvirtual void ros2_behavior_tree::MecanumSpinNode::read_input_ports(behavior_tree_msgs::action::MecanumSpin::Goal&)[m[K’:
[01m[K/home/rover/kameyama_ws/src/ros2_behavior_tree/ros2_behavior_tree/include/ros2_behavior_tree/action/mecanum_spin.hpp:59:35:[m[K [01;31m[Kerror: [m[Kcannot bind non-const lvalue reference of type ‘[01m[Kint&[m[K’ to a value of type ‘[01m[Kbehavior_tree_msgs::action::MecanumSpin_Goal_<std::allocator<void> >::_dop_type[m[K’ {aka ‘[01m[Kdouble[m[K’}
   59 |     if(!getInput<int>("dop", [01;31m[Kgoal.dop[m[K))
      |                              [01;31m[K~~~~~^~~[m[K
In file included from [01m[K/opt/ros/humble/include/behaviortree_cpp_v3/control_node.h:17[m[K,
                 from [01m[K/opt/ros/humble/include/behaviortree_cpp_v3/controls/parallel_node.h:17[m[K,
                 from [01m[K/opt/ros/humble/include/behaviortree_cpp_v3/behavior_tree.h:17[m[K,
                 from [01m[K/home/rover/kameyama_ws/src/ros2_behavior_tree/ros2_behavior_tree/include/ros2_behavior_tree/node_registrar.hpp:18[m[K,
                 from [01m[K/home/rover/kameyama_ws/src/ros2_behavior_tree/ros2_behavior_tree/src/node_registrar.cpp:15[m[K:
[01m[K/opt/ros/humble/include/behaviortree_cpp_v3/tree_node.h:232:61:[m[K [01;36m[Knote: [m[K  initializing argument 2 of ‘[01m[KBT::Result BT::TreeNode::getInput(const string&, T&) const [with T = int; BT::Result = nonstd::expected_lite::expected<void, std::__cxx11::basic_string<char> >; std::string = std::__cxx11::basic_string<char>][m[K’
  232 | inline Result TreeNode::getInput(const std::string& key, [01;36m[KT& destination[m[K) const
      |                                                          [01;36m[K~~~^~~~~~~~~~~[m[K
[ 51%] [32m[1mLinking CXX executable minimal[0m
[ 53%] [32mBuilding CXX object CMakeFiles/lifecycle_node.dir/examples/lifecycle_node/sample_lifecycle_node.cpp.o[0m
[ 55%] [32mBuilding CXX object CMakeFiles/action_server_lifecycle_node.dir/examples/action_server_lifecycle_node/sample_action_server_lifecycle_node.cpp.o[0m
[ 55%] Built target minimal
[ 57%] [32m[1mLinking CXX executable custom_nodes[0m
[ 59%] [32m[1mLinking CXX executable node[0m
[ 59%] Built target custom_nodes
[ 61%] [32m[1mLinking CXX executable action_server_node[0m
[ 61%] Built target node
[ 61%] Built target action_server_node
[ 63%] [32m[1mLinking CXX executable lifecycle_node[0m
[ 63%] Built target lifecycle_node
[ 65%] [32m[1mLinking CXX executable action_server_lifecycle_node[0m
[ 65%] Built target action_server_lifecycle_node
[ 68%] [32m[1mLinking CXX executable bt_executor_bebop[0m
[ 70%] [32m[1mLinking CXX executable bt_executor[0m
[ 70%] Built target bt_executor_bebop
[ 70%] Built target bt_executor
In file included from [01m[K/home/rover/kameyama_ws/src/ros2_behavior_tree/ros2_behavior_tree/src/node_registrar.cpp:79[m[K:
[01m[K/home/rover/kameyama_ws/src/ros2_behavior_tree/ros2_behavior_tree/include/ros2_behavior_tree/condition/mecanum_check_space.hpp:[m[K In member function ‘[01m[Kvirtual BT::NodeStatus ros2_behavior_tree::MecanumCheckSpace::tick()[m[K’:
[01m[K/home/rover/kameyama_ws/src/ros2_behavior_tree/ros2_behavior_tree/include/ros2_behavior_tree/condition/mecanum_check_space.hpp:262:3:[m[K [01;35m[Kwarning: [m[Kcontrol reaches end of non-void function [[01;35m[K]8;;https://gcc.gnu.org/onlinedocs/gcc/Warning-Options.html#index-Wreturn-type-Wreturn-type]8;;[m[K]
  262 |   [01;35m[K}[m[K
      |   [01;35m[K^[m[K
gmake[2]: *** [CMakeFiles/ros2_behavior_tree_nodes.dir/build.make:76: CMakeFiles/ros2_behavior_tree_nodes.dir/src/node_registrar.cpp.o] エラー 1
gmake[1]: *** [CMakeFiles/Makefile2:224: CMakeFiles/ros2_behavior_tree_nodes.dir/all] エラー 2
gmake: *** [Makefile:146: all] エラー 2
