[35m[1mConsolidate compiler generated dependencies of target ros2_behavior_tree_nodes[0m
[  2%] [32mBuilding CXX object CMakeFiles/ros2_behavior_tree.dir/src/behavior_tree.cpp.o[0m
[  4%] [32m[1mLinking CXX shared library libexample_custom_nodes.so[0m
[  8%] Built target gtest_main
[ 10%] [32mBuilding CXX object CMakeFiles/ros2_behavior_tree.dir/src/bt_status_pub.cpp.o[0m
[ 14%] Built target gtest
[ 17%] [32mBuilding CXX object CMakeFiles/ros2_behavior_tree_nodes.dir/src/node_registrar.cpp.o[0m
[ 19%] [32m[1mLinking CXX shared library libcustom_test_nodes.so[0m
[ 21%] Built target example_custom_nodes
[ 23%] Built target custom_test_nodes
[ 25%] [32m[1mLinking CXX shared library libros2_behavior_tree.so[0m
[ 25%] Built target ros2_behavior_tree
[ 27%] [32mBuilding CXX object CMakeFiles/minimal.dir/examples/minimal/main.cpp.o[0m
[ 29%] [32mBuilding CXX object CMakeFiles/node.dir/examples/node/main.cpp.o[0m
[ 31%] [32mBuilding CXX object CMakeFiles/custom_nodes.dir/examples/custom_nodes/sample_node.cpp.o[0m
[ 34%] [32mBuilding CXX object CMakeFiles/bt_executor_bebop.dir/src/bt_executor_bebop.cpp.o[0m
[ 36%] [32mBuilding CXX object CMakeFiles/custom_nodes.dir/examples/custom_nodes/main.cpp.o[0m
[ 38%] [32mBuilding CXX object CMakeFiles/node.dir/examples/node/sample_node.cpp.o[0m
[ 40%] [32mBuilding CXX object CMakeFiles/action_server_node.dir/examples/action_server_node/main.cpp.o[0m
[ 42%] [32mBuilding CXX object CMakeFiles/action_server_node.dir/examples/action_server_node/sample_action_server_node.cpp.o[0m
[ 44%] [32mBuilding CXX object CMakeFiles/bt_executor.dir/src/bt_executor.cpp.o[0m
[ 46%] [32mBuilding CXX object CMakeFiles/lifecycle_node.dir/examples/lifecycle_node/main.cpp.o[0m
[ 48%] [32mBuilding CXX object CMakeFiles/action_server_lifecycle_node.dir/examples/action_server_lifecycle_node/main.cpp.o[0m
[ 51%] [32m[1mLinking CXX executable minimal[0m
[ 53%] [32mBuilding CXX object CMakeFiles/lifecycle_node.dir/examples/lifecycle_node/sample_lifecycle_node.cpp.o[0m
[ 55%] [32mBuilding CXX object CMakeFiles/action_server_lifecycle_node.dir/examples/action_server_lifecycle_node/sample_action_server_lifecycle_node.cpp.o[0m
[ 55%] Built target minimal
[ 57%] [32m[1mLinking CXX executable custom_nodes[0m
[ 59%] [32m[1mLinking CXX executable node[0m
[ 59%] Built target custom_nodes
[ 61%] [32m[1mLinking CXX executable action_server_node[0m
[ 61%] Built target node
[ 61%] Built target action_server_node
[ 63%] [32m[1mLinking CXX executable lifecycle_node[0m
[ 63%] Built target lifecycle_node
[ 65%] [32m[1mLinking CXX executable action_server_lifecycle_node[0m
[ 65%] Built target action_server_lifecycle_node
[ 68%] [32m[1mLinking CXX executable bt_executor_bebop[0m
[ 70%] [32m[1mLinking CXX executable bt_executor[0m
[ 70%] Built target bt_executor_bebop
[ 70%] Built target bt_executor
