[0.676s] Invoking command in '/home/rover/kameyama_ws/build/ros2_behavior_tree': AMENT_PREFIX_PATH=/home/rover/kameyama_ws/install/failure_detection_msgs:/home/rover/kameyama_ws/install/observation_msgs:/home/rover/kameyama_ws/install/my_nav_msgs:/home/rover/kameyama_ws/install/behavior_tree_msgs:${AMENT_PREFIX_PATH} CMAKE_PREFIX_PATH=/home/rover/kameyama_ws/install/failure_detection_msgs:/home/rover/kameyama_ws/install/observation_msgs:/home/rover/kameyama_ws/install/my_nav_msgs:/home/rover/kameyama_ws/install/behavior_tree_msgs:/home/rover/amir_basic_ws/install/image_pipeline:/home/rover/amir_basic_ws/install/stereo_image_proc:/home/rover/amir_basic_ws/install/image_proc:/home/rover/amir_basic_ws/install/tracetools_image_pipeline:/home/rover/amir_basic_ws/install/nav2_system_tests:/home/rover/amir_basic_ws/install/nav2_bringup:/home/rover/amir_basic_ws/install/navigation2:/home/rover/amir_basic_ws/install/nav2_smoother:/home/rover/amir_basic_ws/install/nav2_graceful_controller:/home/rover/amir_basic_ws/install/nav2_dwb_controller:/home/rover/amir_basic_ws/install/nav2_controller:/home/rover/amir_basic_ws/install/dwb_plugins:/home/rover/amir_basic_ws/install/dwb_critics:/home/rover/amir_basic_ws/install/dwb_core:/home/rover/amir_basic_ws/install/nav_2d_utils:/home/rover/amir_basic_ws/install/dwb_msgs:/home/rover/amir_basic_ws/install/nav_2d_msgs:/home/rover/amir_basic_ws/install/nav2_waypoint_follower:/home/rover/amir_basic_ws/install/nav2_theta_star_planner:/home/rover/amir_basic_ws/install/nav2_smac_planner:/home/rover/amir_basic_ws/install/nav2_rotation_shim_controller:/home/rover/amir_basic_ws/install/nav2_regulated_pure_pursuit_controller:/home/rover/amir_basic_ws/install/nav2_planner:/home/rover/amir_basic_ws/install/nav2_navfn_planner:/home/rover/amir_basic_ws/install/nav2_mppi_controller:/home/rover/amir_basic_ws/install/nav2_constrained_smoother:/home/rover/amir_basic_ws/install/nav2_bt_navigator:/home/rover/amir_basic_ws/install/nav2_behaviors:/home/rover/amir_basic_ws/install/nav2_core:/home/rover/amir_basic_ws/install/nav2_collision_monitor:/home/rover/amir_basic_ws/install/costmap_queue:/home/rover/amir_basic_ws/install/nav2_costmap_2d:/home/rover/amir_basic_ws/install/nav2_voxel_grid:/home/rover/amir_basic_ws/install/nav2_velocity_smoother:/home/rover/amir_basic_ws/install/nav2_rviz_plugins:/home/rover/amir_basic_ws/install/nav2_map_server:/home/rover/amir_basic_ws/install/nav2_lifecycle_manager:/home/rover/amir_basic_ws/install/nav2_behavior_tree:/home/rover/amir_basic_ws/install/nav2_amcl:/home/rover/amir_basic_ws/install/nav2_util:/home/rover/amir_basic_ws/install/nav2_msgs:/home/rover/amir_basic_ws/install/nav2_common:/home/rover/amir_basic_ws/install/micro_ros_setup:/home/rover/amir_basic_ws/install/micro_ros_agent:/home/rover/amir_basic_ws/install/micro_ros_msgs:/home/rover/amir_basic_ws/install/image_view:/home/rover/amir_basic_ws/install/image_rotate:/home/rover/amir_basic_ws/install/image_publisher:/home/rover/amir_basic_ws/install/depth_image_proc:/home/rover/amir_basic_ws/install/darknet_ros:/home/rover/amir_basic_ws/install/darknet_ros_msgs:/home/rover/amir_basic_ws/install/behaviortree_cpp:/home/rover/amir_basic_ws/install/amir_interfaces:/home/rover/amir_basic_ws/install/nav2_simple_commander:/home/rover/amir_basic_ws/install/camera_calibration:/opt/ros/humble LD_LIBRARY_PATH=/home/rover/kameyama_ws/install/failure_detection_msgs/lib:/home/rover/kameyama_ws/install/observation_msgs/lib:/home/rover/kameyama_ws/install/my_nav_msgs/lib:/home/rover/kameyama_ws/install/behavior_tree_msgs/lib:${LD_LIBRARY_PATH} PYTHONPATH=/home/rover/kameyama_ws/install/failure_detection_msgs/local/lib/python3.10/dist-packages:/home/rover/kameyama_ws/install/observation_msgs/local/lib/python3.10/dist-packages:/home/rover/kameyama_ws/install/my_nav_msgs/local/lib/python3.10/dist-packages:/home/rover/kameyama_ws/install/behavior_tree_msgs/local/lib/python3.10/dist-packages:${PYTHONPATH} /usr/bin/cmake --build /home/rover/kameyama_ws/build/ros2_behavior_tree -- -j12 -l12
[0.793s] [35m[1mConsolidate compiler generated dependencies of target ros2_behavior_tree_nodes[0m
[0.826s] [  2%] [32mBuilding CXX object CMakeFiles/ros2_behavior_tree.dir/src/behavior_tree.cpp.o[0m
[0.839s] [  4%] [32m[1mLinking CXX shared library libexample_custom_nodes.so[0m
[0.842s] [  8%] Built target gtest_main
[0.843s] [ 10%] [32mBuilding CXX object CMakeFiles/ros2_behavior_tree.dir/src/bt_status_pub.cpp.o[0m
[0.850s] [ 14%] Built target gtest
[0.875s] [ 17%] [32mBuilding CXX object CMakeFiles/ros2_behavior_tree_nodes.dir/src/node_registrar.cpp.o[0m
[0.875s] [ 19%] [32m[1mLinking CXX shared library libcustom_test_nodes.so[0m
[1.304s] [ 21%] Built target example_custom_nodes
[1.413s] [ 23%] Built target custom_test_nodes
[1.561s] In file included from [01m[K/home/rover/kameyama_ws/src/ros2_behavior_tree/ros2_behavior_tree/include/ros2_behavior_tree/action/create_transform_buffer_node.hpp:27[m[K,
[1.561s]                  from [01m[K/home/rover/kameyama_ws/src/ros2_behavior_tree/ros2_behavior_tree/src/node_registrar.cpp:22[m[K:
[1.561s] [01m[K/opt/ros/humble/include/tf2_geometry_msgs/tf2_geometry_msgs/tf2_geometry_msgs.h:35:2:[m[K [01;35m[Kwarning: [m[K#warning This header is obsolete, please include tf2_geometry_msgs/tf2_geometry_msgs.hpp instead [[01;35m[K]8;;https://gcc.gnu.org/onlinedocs/gcc/Warning-Options.html#index-Wcpp-Wcpp]8;;[m[K]
[1.561s]    35 | #[01;35m[Kwarning[m[K This header is obsolete, please include tf2_geometry_msgs/tf2_geometry_msgs.hpp instead
[1.561s]       |  [01;35m[K^~~~~~~[m[K
[5.143s] [ 25%] [32m[1mLinking CXX shared library libros2_behavior_tree.so[0m
[5.404s] [ 25%] Built target ros2_behavior_tree
[5.449s] [ 27%] [32mBuilding CXX object CMakeFiles/minimal.dir/examples/minimal/main.cpp.o[0m
[5.451s] [ 29%] [32mBuilding CXX object CMakeFiles/node.dir/examples/node/main.cpp.o[0m
[5.451s] [ 31%] [32mBuilding CXX object CMakeFiles/custom_nodes.dir/examples/custom_nodes/sample_node.cpp.o[0m
[5.454s] [ 34%] [32mBuilding CXX object CMakeFiles/bt_executor_bebop.dir/src/bt_executor_bebop.cpp.o[0m
[5.455s] [ 36%] [32mBuilding CXX object CMakeFiles/custom_nodes.dir/examples/custom_nodes/main.cpp.o[0m
[5.467s] [ 38%] [32mBuilding CXX object CMakeFiles/node.dir/examples/node/sample_node.cpp.o[0m
[5.468s] [ 40%] [32mBuilding CXX object CMakeFiles/action_server_node.dir/examples/action_server_node/main.cpp.o[0m
[5.472s] [ 42%] [32mBuilding CXX object CMakeFiles/action_server_node.dir/examples/action_server_node/sample_action_server_node.cpp.o[0m
[5.479s] [ 44%] [32mBuilding CXX object CMakeFiles/bt_executor.dir/src/bt_executor.cpp.o[0m
[5.484s] [ 46%] [32mBuilding CXX object CMakeFiles/lifecycle_node.dir/examples/lifecycle_node/main.cpp.o[0m
[5.492s] [ 48%] [32mBuilding CXX object CMakeFiles/action_server_lifecycle_node.dir/examples/action_server_lifecycle_node/main.cpp.o[0m
[6.202s] In file included from [01m[K/home/rover/kameyama_ws/src/ros2_behavior_tree/ros2_behavior_tree/src/node_registrar.cpp:76[m[K:
[6.202s] [01m[K/home/rover/kameyama_ws/src/ros2_behavior_tree/ros2_behavior_tree/include/ros2_behavior_tree/action/mecanum_spin.hpp:[m[K In member function ‘[01m[Kvirtual void ros2_behavior_tree::MecanumSpinNode::read_input_ports(behavior_tree_msgs::action::MecanumSpin::Goal&)[m[K’:
[6.202s] [01m[K/home/rover/kameyama_ws/src/ros2_behavior_tree/ros2_behavior_tree/include/ros2_behavior_tree/action/mecanum_spin.hpp:59:35:[m[K [01;31m[Kerror: [m[Kcannot bind non-const lvalue reference of type ‘[01m[Kint&[m[K’ to a value of type ‘[01m[Kbehavior_tree_msgs::action::MecanumSpin_Goal_<std::allocator<void> >::_dop_type[m[K’ {aka ‘[01m[Kdouble[m[K’}
[6.203s]    59 |     if(!getInput<int>("dop", [01;31m[Kgoal.dop[m[K))
[6.203s]       |                              [01;31m[K~~~~~^~~[m[K
[6.204s] In file included from [01m[K/opt/ros/humble/include/behaviortree_cpp_v3/control_node.h:17[m[K,
[6.204s]                  from [01m[K/opt/ros/humble/include/behaviortree_cpp_v3/controls/parallel_node.h:17[m[K,
[6.204s]                  from [01m[K/opt/ros/humble/include/behaviortree_cpp_v3/behavior_tree.h:17[m[K,
[6.208s]                  from [01m[K/home/rover/kameyama_ws/src/ros2_behavior_tree/ros2_behavior_tree/include/ros2_behavior_tree/node_registrar.hpp:18[m[K,
[6.209s]                  from [01m[K/home/rover/kameyama_ws/src/ros2_behavior_tree/ros2_behavior_tree/src/node_registrar.cpp:15[m[K:
[6.209s] [01m[K/opt/ros/humble/include/behaviortree_cpp_v3/tree_node.h:232:61:[m[K [01;36m[Knote: [m[K  initializing argument 2 of ‘[01m[KBT::Result BT::TreeNode::getInput(const string&, T&) const [with T = int; BT::Result = nonstd::expected_lite::expected<void, std::__cxx11::basic_string<char> >; std::string = std::__cxx11::basic_string<char>][m[K’
[6.209s]   232 | inline Result TreeNode::getInput(const std::string& key, [01;36m[KT& destination[m[K) const
[6.210s]       |                                                          [01;36m[K~~~^~~~~~~~~~~[m[K
[9.326s] [ 51%] [32m[1mLinking CXX executable minimal[0m
[9.754s] [ 53%] [32mBuilding CXX object CMakeFiles/lifecycle_node.dir/examples/lifecycle_node/sample_lifecycle_node.cpp.o[0m
[9.762s] [ 55%] [32mBuilding CXX object CMakeFiles/action_server_lifecycle_node.dir/examples/action_server_lifecycle_node/sample_action_server_lifecycle_node.cpp.o[0m
[10.039s] [ 55%] Built target minimal
[10.172s] [ 57%] [32m[1mLinking CXX executable custom_nodes[0m
[10.428s] [ 59%] [32m[1mLinking CXX executable node[0m
[10.702s] [ 59%] Built target custom_nodes
[10.759s] [ 61%] [32m[1mLinking CXX executable action_server_node[0m
[10.893s] [ 61%] Built target node
[11.321s] [ 61%] Built target action_server_node
[12.829s] [ 63%] [32m[1mLinking CXX executable lifecycle_node[0m
[13.153s] [ 63%] Built target lifecycle_node
[13.682s] [ 65%] [32m[1mLinking CXX executable action_server_lifecycle_node[0m
[14.046s] [ 65%] Built target action_server_lifecycle_node
[16.606s] [ 68%] [32m[1mLinking CXX executable bt_executor_bebop[0m
[16.652s] [ 70%] [32m[1mLinking CXX executable bt_executor[0m
[17.709s] [ 70%] Built target bt_executor_bebop
[17.732s] [ 70%] Built target bt_executor
[18.836s] In file included from [01m[K/home/rover/kameyama_ws/src/ros2_behavior_tree/ros2_behavior_tree/src/node_registrar.cpp:79[m[K:
[18.836s] [01m[K/home/rover/kameyama_ws/src/ros2_behavior_tree/ros2_behavior_tree/include/ros2_behavior_tree/condition/mecanum_check_space.hpp:[m[K In member function ‘[01m[Kvirtual BT::NodeStatus ros2_behavior_tree::MecanumCheckSpace::tick()[m[K’:
[18.836s] [01m[K/home/rover/kameyama_ws/src/ros2_behavior_tree/ros2_behavior_tree/include/ros2_behavior_tree/condition/mecanum_check_space.hpp:262:3:[m[K [01;35m[Kwarning: [m[Kcontrol reaches end of non-void function [[01;35m[K]8;;https://gcc.gnu.org/onlinedocs/gcc/Warning-Options.html#index-Wreturn-type-Wreturn-type]8;;[m[K]
[18.836s]   262 |   [01;35m[K}[m[K
[18.837s]       |   [01;35m[K^[m[K
[19.036s] gmake[2]: *** [CMakeFiles/ros2_behavior_tree_nodes.dir/build.make:76: CMakeFiles/ros2_behavior_tree_nodes.dir/src/node_registrar.cpp.o] エラー 1
[19.036s] gmake[1]: *** [CMakeFiles/Makefile2:224: CMakeFiles/ros2_behavior_tree_nodes.dir/all] エラー 2
[19.037s] gmake: *** [Makefile:146: all] エラー 2
[19.040s] Invoked command in '/home/rover/kameyama_ws/build/ros2_behavior_tree' returned '2': AMENT_PREFIX_PATH=/home/rover/kameyama_ws/install/failure_detection_msgs:/home/rover/kameyama_ws/install/observation_msgs:/home/rover/kameyama_ws/install/my_nav_msgs:/home/rover/kameyama_ws/install/behavior_tree_msgs:${AMENT_PREFIX_PATH} CMAKE_PREFIX_PATH=/home/rover/kameyama_ws/install/failure_detection_msgs:/home/rover/kameyama_ws/install/observation_msgs:/home/rover/kameyama_ws/install/my_nav_msgs:/home/rover/kameyama_ws/install/behavior_tree_msgs:/home/rover/amir_basic_ws/install/image_pipeline:/home/rover/amir_basic_ws/install/stereo_image_proc:/home/rover/amir_basic_ws/install/image_proc:/home/rover/amir_basic_ws/install/tracetools_image_pipeline:/home/rover/amir_basic_ws/install/nav2_system_tests:/home/rover/amir_basic_ws/install/nav2_bringup:/home/rover/amir_basic_ws/install/navigation2:/home/rover/amir_basic_ws/install/nav2_smoother:/home/rover/amir_basic_ws/install/nav2_graceful_controller:/home/rover/amir_basic_ws/install/nav2_dwb_controller:/home/rover/amir_basic_ws/install/nav2_controller:/home/rover/amir_basic_ws/install/dwb_plugins:/home/rover/amir_basic_ws/install/dwb_critics:/home/rover/amir_basic_ws/install/dwb_core:/home/rover/amir_basic_ws/install/nav_2d_utils:/home/rover/amir_basic_ws/install/dwb_msgs:/home/rover/amir_basic_ws/install/nav_2d_msgs:/home/rover/amir_basic_ws/install/nav2_waypoint_follower:/home/rover/amir_basic_ws/install/nav2_theta_star_planner:/home/rover/amir_basic_ws/install/nav2_smac_planner:/home/rover/amir_basic_ws/install/nav2_rotation_shim_controller:/home/rover/amir_basic_ws/install/nav2_regulated_pure_pursuit_controller:/home/rover/amir_basic_ws/install/nav2_planner:/home/rover/amir_basic_ws/install/nav2_navfn_planner:/home/rover/amir_basic_ws/install/nav2_mppi_controller:/home/rover/amir_basic_ws/install/nav2_constrained_smoother:/home/rover/amir_basic_ws/install/nav2_bt_navigator:/home/rover/amir_basic_ws/install/nav2_behaviors:/home/rover/amir_basic_ws/install/nav2_core:/home/rover/amir_basic_ws/install/nav2_collision_monitor:/home/rover/amir_basic_ws/install/costmap_queue:/home/rover/amir_basic_ws/install/nav2_costmap_2d:/home/rover/amir_basic_ws/install/nav2_voxel_grid:/home/rover/amir_basic_ws/install/nav2_velocity_smoother:/home/rover/amir_basic_ws/install/nav2_rviz_plugins:/home/rover/amir_basic_ws/install/nav2_map_server:/home/rover/amir_basic_ws/install/nav2_lifecycle_manager:/home/rover/amir_basic_ws/install/nav2_behavior_tree:/home/rover/amir_basic_ws/install/nav2_amcl:/home/rover/amir_basic_ws/install/nav2_util:/home/rover/amir_basic_ws/install/nav2_msgs:/home/rover/amir_basic_ws/install/nav2_common:/home/rover/amir_basic_ws/install/micro_ros_setup:/home/rover/amir_basic_ws/install/micro_ros_agent:/home/rover/amir_basic_ws/install/micro_ros_msgs:/home/rover/amir_basic_ws/install/image_view:/home/rover/amir_basic_ws/install/image_rotate:/home/rover/amir_basic_ws/install/image_publisher:/home/rover/amir_basic_ws/install/depth_image_proc:/home/rover/amir_basic_ws/install/darknet_ros:/home/rover/amir_basic_ws/install/darknet_ros_msgs:/home/rover/amir_basic_ws/install/behaviortree_cpp:/home/rover/amir_basic_ws/install/amir_interfaces:/home/rover/amir_basic_ws/install/nav2_simple_commander:/home/rover/amir_basic_ws/install/camera_calibration:/opt/ros/humble LD_LIBRARY_PATH=/home/rover/kameyama_ws/install/failure_detection_msgs/lib:/home/rover/kameyama_ws/install/observation_msgs/lib:/home/rover/kameyama_ws/install/my_nav_msgs/lib:/home/rover/kameyama_ws/install/behavior_tree_msgs/lib:${LD_LIBRARY_PATH} PYTHONPATH=/home/rover/kameyama_ws/install/failure_detection_msgs/local/lib/python3.10/dist-packages:/home/rover/kameyama_ws/install/observation_msgs/local/lib/python3.10/dist-packages:/home/rover/kameyama_ws/install/my_nav_msgs/local/lib/python3.10/dist-packages:/home/rover/kameyama_ws/install/behavior_tree_msgs/local/lib/python3.10/dist-packages:${PYTHONPATH} /usr/bin/cmake --build /home/rover/kameyama_ws/build/ros2_behavior_tree -- -j12 -l12
