[  0%] Built target behavior_tree_msgs__cpp
[ 12%] Built target behavior_tree_msgs__rosidl_generator_c
[ 12%] Built target ament_cmake_python_symlink_behavior_tree_msgs
[ 24%] Built target behavior_tree_msgs__rosidl_typesupport_cpp
[ 37%] Built target behavior_tree_msgs__rosidl_typesupport_introspection_cpp
[ 49%] Built target behavior_tree_msgs__rosidl_typesupport_fastrtps_cpp
[ 61%] Built target behavior_tree_msgs__rosidl_typesupport_c
[ 73%] Built target behavior_tree_msgs__rosidl_typesupport_fastrtps_c
[ 86%] Built target behavior_tree_msgs__rosidl_typesupport_introspection_c
[ 86%] Built target behavior_tree_msgs
[ 86%] Built target behavior_tree_msgs__py
Traceback (most recent call last):
  File "/home/rover/kameyama_ws/build/behavior_tree_msgs/ament_cmake_python/behavior_tree_msgs/setup.py", line 1, in <module>
    from setuptools import find_packages
  File "/home/rover/.local/lib/python3.10/site-packages/setuptools/__init__.py", line 14, in <module>
    import setuptools.version
  File "/home/rover/.local/lib/python3.10/site-packages/setuptools/version.py", line 1, in <module>
    import pkg_resources
  File "/home/rover/.local/lib/python3.10/site-packages/pkg_resources/__init__.py", line 3247, in <module>
    def _initialize_master_working_set():
  File "/home/rover/.local/lib/python3.10/site-packages/pkg_resources/__init__.py", line 3221, in _call_aside
    f(*args, **kwargs)
  File "/home/rover/.local/lib/python3.10/site-packages/pkg_resources/__init__.py", line 3272, in _initialize_master_working_set
    tuple(
  File "/home/rover/.local/lib/python3.10/site-packages/pkg_resources/__init__.py", line 3273, in <genexpr>
    dist.activate(replace=False)
  File "/home/rover/.local/lib/python3.10/site-packages/pkg_resources/__init__.py", line 2788, in activate
    fixup_namespace_packages(self.location)
  File "/home/rover/.local/lib/python3.10/site-packages/pkg_resources/__init__.py", line 2315, in fixup_namespace_packages
    subpath = _handle_ns(package, path_item)
  File "/home/rover/.local/lib/python3.10/site-packages/pkg_resources/__init__.py", line 2214, in _handle_ns
    spec = importer.find_spec(packageName)
  File "<frozen importlib._bootstrap_external>", line 1563, in find_spec
  File "<frozen importlib._bootstrap_external>", line 161, in _path_isfile
  File "<frozen importlib._bootstrap_external>", line 153, in _path_is_mode_type
  File "<frozen importlib._bootstrap_external>", line 140, in _path_stat
KeyboardInterrupt
gmake[2]: *** [CMakeFiles/ament_cmake_python_build_behavior_tree_msgs_egg.dir/build.make:70: CMakeFiles/ament_cmake_python_build_behavior_tree_msgs_egg] 割り込み
gmake[1]: *** [CMakeFiles/Makefile2:447: CMakeFiles/ament_cmake_python_build_behavior_tree_msgs_egg.dir/all] 割り込み
gmake[1]: *** wait: 子プロセスがありません.  中止.
gmake[1]: *** 未完了のジョブを待っています....
gmake[1]: *** wait: 子プロセスがありません.  中止.
gmake: *** [Makefile:146: all] エラー 2
