[0.016s] Invoking command in '/home/das-note-021/amir_kameyama_ws/build/failure_detection_msgs': CMAKE_PREFIX_PATH=/home/das-note-021/amir_kameyama_ws/install/my_nav_msgs:/home/das-note-021/amir_kameyama_ws/install/behavior_tree_msgs:/home/das-note-021/amir_kameyama_ws/install/ar_track_alvar_msgs:/home/das-note-021/amir_kameyama_ws/install/rviz_utility:/home/das-note-021/amir_kameyama_ws/install/ros2_behavior_tree:/home/das-note-021/amir_kameyama_ws/install/observation:/home/das-note-021/amir_kameyama_ws/install/observation_msgs:/home/das-note-021/amir_kameyama_ws/install/my_utility:/home/das-note-021/amir_kameyama_ws/install/failure_detection_msgs:/home/das-note-021/amir_kameyama_ws/install/mecanum_navigation2:/home/das-note-021/amir_kameyama_ws/install/amir_operation:/home/das-note-021/amir_kameyama_ws/install/line_msg:/home/das-note-021/amir_kameyama_ws/install/joint_state_publisher_tutorial:/home/das-note-021/amir_kameyama_ws/install/bebop_msgs:/home/das-note-021/amir_kameyama_ws/install/amir_navigation:/home/das-note-021/kameyama_ws/install/slam_toolbox:/home/das-note-021/kameyama_ws/install/slam_gmapping:/home/das-note-021/kameyama_ws/install/rviz_utility:/home/das-note-021/kameyama_ws/install/ros2_behavior_tree:/home/das-note-021/kameyama_ws/install/amir_operation:/home/das-note-021/kameyama_ws/install/ros2_aruco_interfaces:/home/das-note-021/kameyama_ws/install/openslam_gmapping:/home/das-note-021/kameyama_ws/install/observation:/home/das-note-021/kameyama_ws/install/observation_msgs:/home/das-note-021/kameyama_ws/install/my_utility:/home/das-note-021/kameyama_ws/install/failure_detection_msgs:/home/das-note-021/kameyama_ws/install/my_nav_msgs:/home/das-note-021/kameyama_ws/install/mecanum_navigation2:/home/das-note-021/kameyama_ws/install/littleslam_ros2:/home/das-note-021/kameyama_ws/install/line_msg:/home/das-note-021/kameyama_ws/install/joint_state_publisher_tutorial:/home/das-note-021/kameyama_ws/install/emcl2:/home/das-note-021/kameyama_ws/install/behavior_tree_msgs:/home/das-note-021/kameyama_ws/install/bebop_msgs:/home/das-note-021/kameyama_ws/install/amir_navigation:/home/das-note-021/amir_basic_ws/install/realsense2_description:/home/das-note-021/amir_basic_ws/install/realsense2_camera:/home/das-note-021/amir_basic_ws/install/realsense2_camera_msgs:/home/das-note-021/amir_basic_ws/install/darknet_ros:/home/das-note-021/amir_basic_ws/install/darknet_ros_msgs:/home/das-note-021/amir_basic_ws/install/amir_interfaces:/home/das-note-021/amir_kameyama_ws/install/failure_detection:/home/das-note-021/amir_kameyama_ws/install/bt_generator:/home/das-note-021/kameyama_ws/install/ros2_aruco:/home/das-note-021/kameyama_ws/install/failure_detection:/home/das-note-021/kameyama_ws/install/bt_generator:/opt/ros/humble LD_LIBRARY_PATH=/home/das-note-021/amir_kameyama_ws/install/my_nav_msgs/lib:/home/das-note-021/amir_kameyama_ws/install/behavior_tree_msgs/lib:/home/das-note-021/amir_kameyama_ws/install/ar_track_alvar_msgs/lib:/home/das-note-021/amir_kameyama_ws/install/ros2_behavior_tree/lib:/home/das-note-021/amir_kameyama_ws/install/observation_msgs/lib:/home/das-note-021/amir_kameyama_ws/install/failure_detection_msgs/lib:/home/das-note-021/amir_kameyama_ws/install/line_msg/lib:/home/das-note-021/amir_kameyama_ws/install/bebop_msgs/lib:/home/das-note-021/kameyama_ws/install/slam_toolbox/lib:/home/das-note-021/kameyama_ws/install/ros2_behavior_tree/lib:/home/das-note-021/kameyama_ws/install/ros2_aruco_interfaces/lib:/home/das-note-021/kameyama_ws/install/openslam_gmapping/lib:/home/das-note-021/kameyama_ws/install/observation_msgs/lib:/home/das-note-021/kameyama_ws/install/failure_detection_msgs/lib:/home/das-note-021/kameyama_ws/install/my_nav_msgs/lib:/home/das-note-021/kameyama_ws/install/littleslam_ros2/lib:/home/das-note-021/kameyama_ws/install/line_msg/lib:/home/das-note-021/kameyama_ws/install/behavior_tree_msgs/lib:/home/das-note-021/kameyama_ws/install/bebop_msgs/lib:/home/das-note-021/amir_basic_ws/install/realsense2_camera/lib:/home/das-note-021/amir_basic_ws/install/realsense2_camera_msgs/lib:/home/das-note-021/amir_basic_ws/install/darknet_ros/lib:/home/das-note-021/amir_basic_ws/install/darknet_ros_msgs/lib:/home/das-note-021/amir_basic_ws/install/amir_interfaces/lib:/usr/lib/x86_64-linux-gnu/gazebo-11/plugins:/opt/ros/humble/opt/rviz_ogre_vendor/lib:/opt/ros/humble/lib/x86_64-linux-gnu:/opt/ros/humble/lib:/usr/local/cuda/lib64 /usr/bin/cmake /home/das-note-021/amir_kameyama_ws/src/failure_detection/failure_detection_msgs -DAMENT_CMAKE_SYMLINK_INSTALL=1 -DCMAKE_INSTALL_PREFIX=/home/das-note-021/amir_kameyama_ws/install/failure_detection_msgs
[0.068s] -- The C compiler identification is GNU 11.4.0
[0.107s] -- The CXX compiler identification is GNU 11.4.0
[0.112s] -- Detecting C compiler ABI info
[0.175s] -- Detecting C compiler ABI info - done
[0.179s] -- Check for working C compiler: /usr/bin/cc - skipped
[0.180s] -- Detecting C compile features
[0.180s] -- Detecting C compile features - done
[0.182s] -- Detecting CXX compiler ABI info
[0.247s] -- Detecting CXX compiler ABI info - done
[0.252s] -- Check for working CXX compiler: /usr/bin/c++ - skipped
[0.252s] -- Detecting CXX compile features
[0.252s] -- Detecting CXX compile features - done
[0.256s] -- Found ament_cmake: 1.3.11 (/opt/ros/humble/share/ament_cmake/cmake)
[0.408s] -- Found Python3: /usr/bin/python3 (found version "3.10.12") found components: Interpreter 
[0.463s] -- Override CMake install command with custom implementation using symlinks instead of copying resources
[0.511s] -- Found rosidl_default_generators: 1.2.0 (/opt/ros/humble/share/rosidl_default_generators/cmake)
[0.519s] -- Using all available rosidl_typesupport_c: rosidl_typesupport_fastrtps_c;rosidl_typesupport_introspection_c
[0.530s] -- Found rosidl_adapter: 3.1.6 (/opt/ros/humble/share/rosidl_adapter/cmake)
[0.578s] -- Using all available rosidl_typesupport_cpp: rosidl_typesupport_fastrtps_cpp;rosidl_typesupport_introspection_cpp
[0.613s] -- Found my_nav_msgs: 0.1.0 (/home/das-note-021/amir_kameyama_ws/install/my_nav_msgs/share/my_nav_msgs/cmake)
[0.758s] -- Found moveit_msgs: 2.2.1 (/opt/ros/humble/share/moveit_msgs/cmake)
[0.837s] -- Found behavior_tree_msgs: 0.1.0 (/home/das-note-021/amir_kameyama_ws/install/behavior_tree_msgs/share/behavior_tree_msgs/cmake)
[1.224s] -- Found ament_cmake_ros: 0.10.0 (/opt/ros/humble/share/ament_cmake_ros/cmake)
[1.611s] -- Using all available rosidl_typesupport_c: rosidl_typesupport_fastrtps_c;rosidl_typesupport_introspection_c
[2.574s] -- Using all available rosidl_typesupport_cpp: rosidl_typesupport_fastrtps_cpp;rosidl_typesupport_introspection_cpp
[2.626s] -- Found PythonInterp: /usr/bin/python3 (found suitable version "3.10.12", minimum required is "3.6") 
[2.634s] -- Found python_cmake_module: 0.10.0 (/opt/ros/humble/share/python_cmake_module/cmake)
[2.695s] -- Found PythonLibs: /usr/lib/x86_64-linux-gnu/libpython3.10.so (found suitable version "3.10.12", minimum required is "3.5") 
[2.695s] -- Using PYTHON_EXECUTABLE: /usr/bin/python3
[2.695s] -- Using PYTHON_INCLUDE_DIRS: /usr/include/python3.10
[2.695s] -- Using PYTHON_LIBRARIES: /usr/lib/x86_64-linux-gnu/libpython3.10.so
[2.742s] -- Found PythonExtra: .so  
[3.110s] -- Found ament_lint_auto: 0.12.12 (/opt/ros/humble/share/ament_lint_auto/cmake)
[3.193s] -- Added test 'copyright' to check source files copyright and LICENSE
[3.197s] -- Added test 'lint_cmake' to check CMake code style
[3.200s] -- Added test 'xmllint' to check XML markup files
[3.206s] -- Configuring done
[3.322s] -- Generating done
[3.357s] -- Build files have been written to: /home/das-note-021/amir_kameyama_ws/build/failure_detection_msgs
[3.387s] Invoked command in '/home/das-note-021/amir_kameyama_ws/build/failure_detection_msgs' returned '0': CMAKE_PREFIX_PATH=/home/das-note-021/amir_kameyama_ws/install/my_nav_msgs:/home/das-note-021/amir_kameyama_ws/install/behavior_tree_msgs:/home/das-note-021/amir_kameyama_ws/install/ar_track_alvar_msgs:/home/das-note-021/amir_kameyama_ws/install/rviz_utility:/home/das-note-021/amir_kameyama_ws/install/ros2_behavior_tree:/home/das-note-021/amir_kameyama_ws/install/observation:/home/das-note-021/amir_kameyama_ws/install/observation_msgs:/home/das-note-021/amir_kameyama_ws/install/my_utility:/home/das-note-021/amir_kameyama_ws/install/failure_detection_msgs:/home/das-note-021/amir_kameyama_ws/install/mecanum_navigation2:/home/das-note-021/amir_kameyama_ws/install/amir_operation:/home/das-note-021/amir_kameyama_ws/install/line_msg:/home/das-note-021/amir_kameyama_ws/install/joint_state_publisher_tutorial:/home/das-note-021/amir_kameyama_ws/install/bebop_msgs:/home/das-note-021/amir_kameyama_ws/install/amir_navigation:/home/das-note-021/kameyama_ws/install/slam_toolbox:/home/das-note-021/kameyama_ws/install/slam_gmapping:/home/das-note-021/kameyama_ws/install/rviz_utility:/home/das-note-021/kameyama_ws/install/ros2_behavior_tree:/home/das-note-021/kameyama_ws/install/amir_operation:/home/das-note-021/kameyama_ws/install/ros2_aruco_interfaces:/home/das-note-021/kameyama_ws/install/openslam_gmapping:/home/das-note-021/kameyama_ws/install/observation:/home/das-note-021/kameyama_ws/install/observation_msgs:/home/das-note-021/kameyama_ws/install/my_utility:/home/das-note-021/kameyama_ws/install/failure_detection_msgs:/home/das-note-021/kameyama_ws/install/my_nav_msgs:/home/das-note-021/kameyama_ws/install/mecanum_navigation2:/home/das-note-021/kameyama_ws/install/littleslam_ros2:/home/das-note-021/kameyama_ws/install/line_msg:/home/das-note-021/kameyama_ws/install/joint_state_publisher_tutorial:/home/das-note-021/kameyama_ws/install/emcl2:/home/das-note-021/kameyama_ws/install/behavior_tree_msgs:/home/das-note-021/kameyama_ws/install/bebop_msgs:/home/das-note-021/kameyama_ws/install/amir_navigation:/home/das-note-021/amir_basic_ws/install/realsense2_description:/home/das-note-021/amir_basic_ws/install/realsense2_camera:/home/das-note-021/amir_basic_ws/install/realsense2_camera_msgs:/home/das-note-021/amir_basic_ws/install/darknet_ros:/home/das-note-021/amir_basic_ws/install/darknet_ros_msgs:/home/das-note-021/amir_basic_ws/install/amir_interfaces:/home/das-note-021/amir_kameyama_ws/install/failure_detection:/home/das-note-021/amir_kameyama_ws/install/bt_generator:/home/das-note-021/kameyama_ws/install/ros2_aruco:/home/das-note-021/kameyama_ws/install/failure_detection:/home/das-note-021/kameyama_ws/install/bt_generator:/opt/ros/humble LD_LIBRARY_PATH=/home/das-note-021/amir_kameyama_ws/install/my_nav_msgs/lib:/home/das-note-021/amir_kameyama_ws/install/behavior_tree_msgs/lib:/home/das-note-021/amir_kameyama_ws/install/ar_track_alvar_msgs/lib:/home/das-note-021/amir_kameyama_ws/install/ros2_behavior_tree/lib:/home/das-note-021/amir_kameyama_ws/install/observation_msgs/lib:/home/das-note-021/amir_kameyama_ws/install/failure_detection_msgs/lib:/home/das-note-021/amir_kameyama_ws/install/line_msg/lib:/home/das-note-021/amir_kameyama_ws/install/bebop_msgs/lib:/home/das-note-021/kameyama_ws/install/slam_toolbox/lib:/home/das-note-021/kameyama_ws/install/ros2_behavior_tree/lib:/home/das-note-021/kameyama_ws/install/ros2_aruco_interfaces/lib:/home/das-note-021/kameyama_ws/install/openslam_gmapping/lib:/home/das-note-021/kameyama_ws/install/observation_msgs/lib:/home/das-note-021/kameyama_ws/install/failure_detection_msgs/lib:/home/das-note-021/kameyama_ws/install/my_nav_msgs/lib:/home/das-note-021/kameyama_ws/install/littleslam_ros2/lib:/home/das-note-021/kameyama_ws/install/line_msg/lib:/home/das-note-021/kameyama_ws/install/behavior_tree_msgs/lib:/home/das-note-021/kameyama_ws/install/bebop_msgs/lib:/home/das-note-021/amir_basic_ws/install/realsense2_camera/lib:/home/das-note-021/amir_basic_ws/install/realsense2_camera_msgs/lib:/home/das-note-021/amir_basic_ws/install/darknet_ros/lib:/home/das-note-021/amir_basic_ws/install/darknet_ros_msgs/lib:/home/das-note-021/amir_basic_ws/install/amir_interfaces/lib:/usr/lib/x86_64-linux-gnu/gazebo-11/plugins:/opt/ros/humble/opt/rviz_ogre_vendor/lib:/opt/ros/humble/lib/x86_64-linux-gnu:/opt/ros/humble/lib:/usr/local/cuda/lib64 /usr/bin/cmake /home/das-note-021/amir_kameyama_ws/src/failure_detection/failure_detection_msgs -DAMENT_CMAKE_SYMLINK_INSTALL=1 -DCMAKE_INSTALL_PREFIX=/home/das-note-021/amir_kameyama_ws/install/failure_detection_msgs
[3.390s] Invoking command in '/home/das-note-021/amir_kameyama_ws/build/failure_detection_msgs': CMAKE_PREFIX_PATH=/home/das-note-021/amir_kameyama_ws/install/my_nav_msgs:/home/das-note-021/amir_kameyama_ws/install/behavior_tree_msgs:/home/das-note-021/amir_kameyama_ws/install/ar_track_alvar_msgs:/home/das-note-021/amir_kameyama_ws/install/rviz_utility:/home/das-note-021/amir_kameyama_ws/install/ros2_behavior_tree:/home/das-note-021/amir_kameyama_ws/install/observation:/home/das-note-021/amir_kameyama_ws/install/observation_msgs:/home/das-note-021/amir_kameyama_ws/install/my_utility:/home/das-note-021/amir_kameyama_ws/install/failure_detection_msgs:/home/das-note-021/amir_kameyama_ws/install/mecanum_navigation2:/home/das-note-021/amir_kameyama_ws/install/amir_operation:/home/das-note-021/amir_kameyama_ws/install/line_msg:/home/das-note-021/amir_kameyama_ws/install/joint_state_publisher_tutorial:/home/das-note-021/amir_kameyama_ws/install/bebop_msgs:/home/das-note-021/amir_kameyama_ws/install/amir_navigation:/home/das-note-021/kameyama_ws/install/slam_toolbox:/home/das-note-021/kameyama_ws/install/slam_gmapping:/home/das-note-021/kameyama_ws/install/rviz_utility:/home/das-note-021/kameyama_ws/install/ros2_behavior_tree:/home/das-note-021/kameyama_ws/install/amir_operation:/home/das-note-021/kameyama_ws/install/ros2_aruco_interfaces:/home/das-note-021/kameyama_ws/install/openslam_gmapping:/home/das-note-021/kameyama_ws/install/observation:/home/das-note-021/kameyama_ws/install/observation_msgs:/home/das-note-021/kameyama_ws/install/my_utility:/home/das-note-021/kameyama_ws/install/failure_detection_msgs:/home/das-note-021/kameyama_ws/install/my_nav_msgs:/home/das-note-021/kameyama_ws/install/mecanum_navigation2:/home/das-note-021/kameyama_ws/install/littleslam_ros2:/home/das-note-021/kameyama_ws/install/line_msg:/home/das-note-021/kameyama_ws/install/joint_state_publisher_tutorial:/home/das-note-021/kameyama_ws/install/emcl2:/home/das-note-021/kameyama_ws/install/behavior_tree_msgs:/home/das-note-021/kameyama_ws/install/bebop_msgs:/home/das-note-021/kameyama_ws/install/amir_navigation:/home/das-note-021/amir_basic_ws/install/realsense2_description:/home/das-note-021/amir_basic_ws/install/realsense2_camera:/home/das-note-021/amir_basic_ws/install/realsense2_camera_msgs:/home/das-note-021/amir_basic_ws/install/darknet_ros:/home/das-note-021/amir_basic_ws/install/darknet_ros_msgs:/home/das-note-021/amir_basic_ws/install/amir_interfaces:/home/das-note-021/amir_kameyama_ws/install/failure_detection:/home/das-note-021/amir_kameyama_ws/install/bt_generator:/home/das-note-021/kameyama_ws/install/ros2_aruco:/home/das-note-021/kameyama_ws/install/failure_detection:/home/das-note-021/kameyama_ws/install/bt_generator:/opt/ros/humble LD_LIBRARY_PATH=/home/das-note-021/amir_kameyama_ws/install/my_nav_msgs/lib:/home/das-note-021/amir_kameyama_ws/install/behavior_tree_msgs/lib:/home/das-note-021/amir_kameyama_ws/install/ar_track_alvar_msgs/lib:/home/das-note-021/amir_kameyama_ws/install/ros2_behavior_tree/lib:/home/das-note-021/amir_kameyama_ws/install/observation_msgs/lib:/home/das-note-021/amir_kameyama_ws/install/failure_detection_msgs/lib:/home/das-note-021/amir_kameyama_ws/install/line_msg/lib:/home/das-note-021/amir_kameyama_ws/install/bebop_msgs/lib:/home/das-note-021/kameyama_ws/install/slam_toolbox/lib:/home/das-note-021/kameyama_ws/install/ros2_behavior_tree/lib:/home/das-note-021/kameyama_ws/install/ros2_aruco_interfaces/lib:/home/das-note-021/kameyama_ws/install/openslam_gmapping/lib:/home/das-note-021/kameyama_ws/install/observation_msgs/lib:/home/das-note-021/kameyama_ws/install/failure_detection_msgs/lib:/home/das-note-021/kameyama_ws/install/my_nav_msgs/lib:/home/das-note-021/kameyama_ws/install/littleslam_ros2/lib:/home/das-note-021/kameyama_ws/install/line_msg/lib:/home/das-note-021/kameyama_ws/install/behavior_tree_msgs/lib:/home/das-note-021/kameyama_ws/install/bebop_msgs/lib:/home/das-note-021/amir_basic_ws/install/realsense2_camera/lib:/home/das-note-021/amir_basic_ws/install/realsense2_camera_msgs/lib:/home/das-note-021/amir_basic_ws/install/darknet_ros/lib:/home/das-note-021/amir_basic_ws/install/darknet_ros_msgs/lib:/home/das-note-021/amir_basic_ws/install/amir_interfaces/lib:/usr/lib/x86_64-linux-gnu/gazebo-11/plugins:/opt/ros/humble/opt/rviz_ogre_vendor/lib:/opt/ros/humble/lib/x86_64-linux-gnu:/opt/ros/humble/lib:/usr/local/cuda/lib64 /usr/bin/cmake --build /home/das-note-021/amir_kameyama_ws/build/failure_detection_msgs -- -j22 -l22
[3.456s] [  1%] [34m[1mGenerating C code for ROS interfaces[0m
[3.479s] [  3%] [34m[1mGenerating C++ code for ROS interfaces[0m
[3.495s] [  3%] Built target ament_cmake_python_symlink_failure_detection_msgs
[3.961s] running egg_info
[3.962s] creating failure_detection_msgs.egg-info
[3.963s] writing failure_detection_msgs.egg-info/PKG-INFO
[3.963s] writing dependency_links to failure_detection_msgs.egg-info/dependency_links.txt
[3.963s] writing top-level names to failure_detection_msgs.egg-info/top_level.txt
[3.964s] writing manifest file 'failure_detection_msgs.egg-info/SOURCES.txt'
[3.967s] reading manifest file 'failure_detection_msgs.egg-info/SOURCES.txt'
[3.969s] writing manifest file 'failure_detection_msgs.egg-info/SOURCES.txt'
[4.042s] [  3%] Built target ament_cmake_python_build_failure_detection_msgs_egg
[4.400s] [  3%] Built target failure_detection_msgs__cpp
[4.420s] [  4%] [34m[1mGenerating C++ introspection for ROS interfaces[0m
[4.421s] [  7%] [34m[1mGenerating C++ type support for eProsima Fast-RTPS[0m
[4.421s] [  7%] [34m[1mGenerating C++ type support dispatch for ROS interfaces[0m
[4.631s] [ 12%] [32mBuilding C object CMakeFiles/failure_detection_msgs__rosidl_generator_c.dir/rosidl_generator_c/failure_detection_msgs/srv/detail/after_pick__functions.c.o[0m
[4.631s] [ 12%] [32mBuilding C object CMakeFiles/failure_detection_msgs__rosidl_generator_c.dir/rosidl_generator_c/failure_detection_msgs/srv/detail/before_pick__functions.c.o[0m
[4.631s] [ 12%] [32mBuilding C object CMakeFiles/failure_detection_msgs__rosidl_generator_c.dir/rosidl_generator_c/failure_detection_msgs/action/detail/analysys__functions.c.o[0m
[4.631s] [ 15%] [32mBuilding C object CMakeFiles/failure_detection_msgs__rosidl_generator_c.dir/rosidl_generator_c/failure_detection_msgs/msg/detail/solution__functions.c.o[0m
[4.631s] [ 15%] [32mBuilding C object CMakeFiles/failure_detection_msgs__rosidl_generator_c.dir/rosidl_generator_c/failure_detection_msgs/srv/detail/path_check__functions.c.o[0m
[4.831s] [ 17%] [32m[1mLinking C shared library libfailure_detection_msgs__rosidl_generator_c.so[0m
[4.902s] [ 17%] Built target failure_detection_msgs__rosidl_generator_c
[4.925s] [ 19%] [34m[1mGenerating C type support for eProsima Fast-RTPS[0m
[4.927s] [ 20%] [34m[1mGenerating C introspection for ROS interfaces[0m
[4.927s] [ 22%] [34m[1mGenerating C type support dispatch for ROS interfaces[0m
[5.219s] [ 23%] [32mBuilding CXX object CMakeFiles/failure_detection_msgs__rosidl_typesupport_cpp.dir/rosidl_typesupport_cpp/failure_detection_msgs/msg/solution__type_support.cpp.o[0m
[5.219s] [ 25%] [32mBuilding CXX object CMakeFiles/failure_detection_msgs__rosidl_typesupport_cpp.dir/rosidl_typesupport_cpp/failure_detection_msgs/srv/path_check__type_support.cpp.o[0m
[5.220s] [ 26%] [32mBuilding CXX object CMakeFiles/failure_detection_msgs__rosidl_typesupport_cpp.dir/rosidl_typesupport_cpp/failure_detection_msgs/action/analysys__type_support.cpp.o[0m
[5.228s] [ 28%] [32mBuilding CXX object CMakeFiles/failure_detection_msgs__rosidl_typesupport_cpp.dir/rosidl_typesupport_cpp/failure_detection_msgs/srv/after_pick__type_support.cpp.o[0m
[5.244s] [ 30%] [32mBuilding CXX object CMakeFiles/failure_detection_msgs__rosidl_typesupport_cpp.dir/rosidl_typesupport_cpp/failure_detection_msgs/srv/before_pick__type_support.cpp.o[0m
[5.246s] [ 31%] [32mBuilding CXX object CMakeFiles/failure_detection_msgs__rosidl_typesupport_introspection_cpp.dir/rosidl_typesupport_introspection_cpp/failure_detection_msgs/msg/detail/solution__type_support.cpp.o[0m
[5.284s] [ 33%] [32mBuilding CXX object CMakeFiles/failure_detection_msgs__rosidl_typesupport_introspection_cpp.dir/rosidl_typesupport_introspection_cpp/failure_detection_msgs/action/detail/analysys__type_support.cpp.o[0m
[5.295s] [ 34%] [32mBuilding CXX object CMakeFiles/failure_detection_msgs__rosidl_typesupport_introspection_cpp.dir/rosidl_typesupport_introspection_cpp/failure_detection_msgs/srv/detail/before_pick__type_support.cpp.o[0m
[5.313s] [ 36%] [32mBuilding CXX object CMakeFiles/failure_detection_msgs__rosidl_typesupport_introspection_cpp.dir/rosidl_typesupport_introspection_cpp/failure_detection_msgs/srv/detail/path_check__type_support.cpp.o[0m
[5.319s] [ 38%] [32mBuilding CXX object CMakeFiles/failure_detection_msgs__rosidl_typesupport_introspection_cpp.dir/rosidl_typesupport_introspection_cpp/failure_detection_msgs/srv/detail/after_pick__type_support.cpp.o[0m
[5.743s] [ 39%] [32mBuilding CXX object CMakeFiles/failure_detection_msgs__rosidl_typesupport_fastrtps_cpp.dir/rosidl_typesupport_fastrtps_cpp/failure_detection_msgs/msg/detail/dds_fastrtps/solution__type_support.cpp.o[0m
[5.753s] [ 41%] [32mBuilding CXX object CMakeFiles/failure_detection_msgs__rosidl_typesupport_fastrtps_cpp.dir/rosidl_typesupport_fastrtps_cpp/failure_detection_msgs/srv/detail/dds_fastrtps/after_pick__type_support.cpp.o[0m
[5.755s] [ 42%] [32mBuilding CXX object CMakeFiles/failure_detection_msgs__rosidl_typesupport_fastrtps_cpp.dir/rosidl_typesupport_fastrtps_cpp/failure_detection_msgs/action/detail/dds_fastrtps/analysys__type_support.cpp.o[0m
[5.775s] [ 44%] [32mBuilding CXX object CMakeFiles/failure_detection_msgs__rosidl_typesupport_fastrtps_cpp.dir/rosidl_typesupport_fastrtps_cpp/failure_detection_msgs/srv/detail/dds_fastrtps/before_pick__type_support.cpp.o[0m
[5.839s] [ 46%] [32mBuilding CXX object CMakeFiles/failure_detection_msgs__rosidl_typesupport_fastrtps_cpp.dir/rosidl_typesupport_fastrtps_cpp/failure_detection_msgs/srv/detail/dds_fastrtps/path_check__type_support.cpp.o[0m
[5.865s] [ 47%] [32mBuilding CXX object CMakeFiles/failure_detection_msgs__rosidl_typesupport_c.dir/rosidl_typesupport_c/failure_detection_msgs/msg/solution__type_support.cpp.o[0m
[5.928s] [ 49%] [32mBuilding CXX object CMakeFiles/failure_detection_msgs__rosidl_typesupport_c.dir/rosidl_typesupport_c/failure_detection_msgs/action/analysys__type_support.cpp.o[0m
[5.931s] [ 50%] [32mBuilding CXX object CMakeFiles/failure_detection_msgs__rosidl_typesupport_c.dir/rosidl_typesupport_c/failure_detection_msgs/srv/after_pick__type_support.cpp.o[0m
[5.939s] [ 52%] [32mBuilding CXX object CMakeFiles/failure_detection_msgs__rosidl_typesupport_c.dir/rosidl_typesupport_c/failure_detection_msgs/srv/path_check__type_support.cpp.o[0m
[5.980s] [ 53%] [32mBuilding CXX object CMakeFiles/failure_detection_msgs__rosidl_typesupport_c.dir/rosidl_typesupport_c/failure_detection_msgs/srv/before_pick__type_support.cpp.o[0m
[6.096s] [ 55%] [32m[1mLinking CXX shared library libfailure_detection_msgs__rosidl_typesupport_cpp.so[0m
[6.114s] [ 57%] [32mBuilding C object CMakeFiles/failure_detection_msgs__rosidl_typesupport_introspection_c.dir/rosidl_typesupport_introspection_c/failure_detection_msgs/msg/detail/solution__type_support.c.o[0m
[6.123s] [ 58%] [32mBuilding C object CMakeFiles/failure_detection_msgs__rosidl_typesupport_introspection_c.dir/rosidl_typesupport_introspection_c/failure_detection_msgs/srv/detail/path_check__type_support.c.o[0m
[6.126s] [ 60%] [32mBuilding C object CMakeFiles/failure_detection_msgs__rosidl_typesupport_introspection_c.dir/rosidl_typesupport_introspection_c/failure_detection_msgs/action/detail/analysys__type_support.c.o[0m
[6.135s] [ 61%] [32mBuilding C object CMakeFiles/failure_detection_msgs__rosidl_typesupport_introspection_c.dir/rosidl_typesupport_introspection_c/failure_detection_msgs/srv/detail/after_pick__type_support.c.o[0m
[6.172s] [ 63%] [32mBuilding C object CMakeFiles/failure_detection_msgs__rosidl_typesupport_introspection_c.dir/rosidl_typesupport_introspection_c/failure_detection_msgs/srv/detail/before_pick__type_support.c.o[0m
[6.279s] [ 65%] [32m[1mLinking CXX shared library libfailure_detection_msgs__rosidl_typesupport_c.so[0m
[6.280s] [ 65%] Built target failure_detection_msgs__rosidl_typesupport_cpp
[6.361s] [ 66%] [32mBuilding CXX object CMakeFiles/failure_detection_msgs__rosidl_typesupport_fastrtps_c.dir/rosidl_typesupport_fastrtps_c/failure_detection_msgs/action/detail/analysys__type_support_c.cpp.o[0m
[6.364s] [ 68%] [32mBuilding CXX object CMakeFiles/failure_detection_msgs__rosidl_typesupport_fastrtps_c.dir/rosidl_typesupport_fastrtps_c/failure_detection_msgs/srv/detail/after_pick__type_support_c.cpp.o[0m
[6.380s] [ 69%] [32mBuilding CXX object CMakeFiles/failure_detection_msgs__rosidl_typesupport_fastrtps_c.dir/rosidl_typesupport_fastrtps_c/failure_detection_msgs/srv/detail/path_check__type_support_c.cpp.o[0m
[6.385s] [ 71%] [32mBuilding CXX object CMakeFiles/failure_detection_msgs__rosidl_typesupport_fastrtps_c.dir/rosidl_typesupport_fastrtps_c/failure_detection_msgs/msg/detail/solution__type_support_c.cpp.o[0m
[6.385s] [ 73%] [32mBuilding CXX object CMakeFiles/failure_detection_msgs__rosidl_typesupport_fastrtps_c.dir/rosidl_typesupport_fastrtps_c/failure_detection_msgs/srv/detail/before_pick__type_support_c.cpp.o[0m
[6.446s] [ 74%] [32m[1mLinking C shared library libfailure_detection_msgs__rosidl_typesupport_introspection_c.so[0m
[6.457s] [ 74%] Built target failure_detection_msgs__rosidl_typesupport_c
[6.674s] [ 74%] Built target failure_detection_msgs__rosidl_typesupport_introspection_c
[7.357s] [ 76%] [32m[1mLinking CXX shared library libfailure_detection_msgs__rosidl_typesupport_fastrtps_cpp.so[0m
[7.368s] [ 77%] [32m[1mLinking CXX shared library libfailure_detection_msgs__rosidl_typesupport_fastrtps_c.so[0m
[7.488s] [ 79%] [32m[1mLinking CXX shared library libfailure_detection_msgs__rosidl_typesupport_introspection_cpp.so[0m
[7.497s] [ 79%] Built target failure_detection_msgs__rosidl_typesupport_fastrtps_c
[7.509s] [ 79%] Built target failure_detection_msgs__rosidl_typesupport_fastrtps_cpp
[7.627s] [ 79%] Built target failure_detection_msgs__rosidl_typesupport_introspection_cpp
[7.656s] [ 79%] Built target failure_detection_msgs
[7.686s] [ 80%] [34m[1mGenerating Python code for ROS interfaces[0m
[8.986s] [ 80%] Built target failure_detection_msgs__py
[9.018s] [ 88%] [32mBuilding C object CMakeFiles/failure_detection_msgs__rosidl_generator_py.dir/rosidl_generator_py/failure_detection_msgs/action/_analysys_s.c.o[0m
[9.019s] [ 88%] [32mBuilding C object CMakeFiles/failure_detection_msgs__rosidl_generator_py.dir/rosidl_generator_py/failure_detection_msgs/srv/_after_pick_s.c.o[0m
[9.019s] [ 88%] [32mBuilding C object CMakeFiles/failure_detection_msgs__rosidl_generator_py.dir/rosidl_generator_py/failure_detection_msgs/srv/_before_pick_s.c.o[0m
[9.019s] [ 88%] [32mBuilding C object CMakeFiles/failure_detection_msgs__rosidl_generator_py.dir/rosidl_generator_py/failure_detection_msgs/srv/_path_check_s.c.o[0m
[9.019s] [ 88%] [32mBuilding C object CMakeFiles/failure_detection_msgs__rosidl_generator_py.dir/rosidl_generator_py/failure_detection_msgs/msg/_solution_s.c.o[0m
[9.269s] [ 90%] [32m[1mLinking C shared library rosidl_generator_py/failure_detection_msgs/libfailure_detection_msgs__rosidl_generator_py.so[0m
[9.340s] [ 90%] Built target failure_detection_msgs__rosidl_generator_py
[9.368s] [ 95%] [32mBuilding C object CMakeFiles/failure_detection_msgs__rosidl_typesupport_fastrtps_c__pyext.dir/rosidl_generator_py/failure_detection_msgs/_failure_detection_msgs_s.ep.rosidl_typesupport_fastrtps_c.c.o[0m
[9.369s] [ 95%] [32mBuilding C object CMakeFiles/failure_detection_msgs__rosidl_typesupport_introspection_c__pyext.dir/rosidl_generator_py/failure_detection_msgs/_failure_detection_msgs_s.ep.rosidl_typesupport_introspection_c.c.o[0m
[9.369s] [ 95%] [32mBuilding C object CMakeFiles/failure_detection_msgs__rosidl_typesupport_c__pyext.dir/rosidl_generator_py/failure_detection_msgs/_failure_detection_msgs_s.ep.rosidl_typesupport_c.c.o[0m
[9.524s] [ 96%] [32m[1mLinking C shared library rosidl_generator_py/failure_detection_msgs/failure_detection_msgs_s__rosidl_typesupport_fastrtps_c.cpython-310-x86_64-linux-gnu.so[0m
[9.547s] [ 98%] [32m[1mLinking C shared library rosidl_generator_py/failure_detection_msgs/failure_detection_msgs_s__rosidl_typesupport_introspection_c.cpython-310-x86_64-linux-gnu.so[0m
[9.563s] [100%] [32m[1mLinking C shared library rosidl_generator_py/failure_detection_msgs/failure_detection_msgs_s__rosidl_typesupport_c.cpython-310-x86_64-linux-gnu.so[0m
[9.640s] [100%] Built target failure_detection_msgs__rosidl_typesupport_fastrtps_c__pyext
[9.641s] [100%] Built target failure_detection_msgs__rosidl_typesupport_introspection_c__pyext
[9.659s] [100%] Built target failure_detection_msgs__rosidl_typesupport_c__pyext
[9.677s] Invoked command in '/home/das-note-021/amir_kameyama_ws/build/failure_detection_msgs' returned '0': CMAKE_PREFIX_PATH=/home/das-note-021/amir_kameyama_ws/install/my_nav_msgs:/home/das-note-021/amir_kameyama_ws/install/behavior_tree_msgs:/home/das-note-021/amir_kameyama_ws/install/ar_track_alvar_msgs:/home/das-note-021/amir_kameyama_ws/install/rviz_utility:/home/das-note-021/amir_kameyama_ws/install/ros2_behavior_tree:/home/das-note-021/amir_kameyama_ws/install/observation:/home/das-note-021/amir_kameyama_ws/install/observation_msgs:/home/das-note-021/amir_kameyama_ws/install/my_utility:/home/das-note-021/amir_kameyama_ws/install/failure_detection_msgs:/home/das-note-021/amir_kameyama_ws/install/mecanum_navigation2:/home/das-note-021/amir_kameyama_ws/install/amir_operation:/home/das-note-021/amir_kameyama_ws/install/line_msg:/home/das-note-021/amir_kameyama_ws/install/joint_state_publisher_tutorial:/home/das-note-021/amir_kameyama_ws/install/bebop_msgs:/home/das-note-021/amir_kameyama_ws/install/amir_navigation:/home/das-note-021/kameyama_ws/install/slam_toolbox:/home/das-note-021/kameyama_ws/install/slam_gmapping:/home/das-note-021/kameyama_ws/install/rviz_utility:/home/das-note-021/kameyama_ws/install/ros2_behavior_tree:/home/das-note-021/kameyama_ws/install/amir_operation:/home/das-note-021/kameyama_ws/install/ros2_aruco_interfaces:/home/das-note-021/kameyama_ws/install/openslam_gmapping:/home/das-note-021/kameyama_ws/install/observation:/home/das-note-021/kameyama_ws/install/observation_msgs:/home/das-note-021/kameyama_ws/install/my_utility:/home/das-note-021/kameyama_ws/install/failure_detection_msgs:/home/das-note-021/kameyama_ws/install/my_nav_msgs:/home/das-note-021/kameyama_ws/install/mecanum_navigation2:/home/das-note-021/kameyama_ws/install/littleslam_ros2:/home/das-note-021/kameyama_ws/install/line_msg:/home/das-note-021/kameyama_ws/install/joint_state_publisher_tutorial:/home/das-note-021/kameyama_ws/install/emcl2:/home/das-note-021/kameyama_ws/install/behavior_tree_msgs:/home/das-note-021/kameyama_ws/install/bebop_msgs:/home/das-note-021/kameyama_ws/install/amir_navigation:/home/das-note-021/amir_basic_ws/install/realsense2_description:/home/das-note-021/amir_basic_ws/install/realsense2_camera:/home/das-note-021/amir_basic_ws/install/realsense2_camera_msgs:/home/das-note-021/amir_basic_ws/install/darknet_ros:/home/das-note-021/amir_basic_ws/install/darknet_ros_msgs:/home/das-note-021/amir_basic_ws/install/amir_interfaces:/home/das-note-021/amir_kameyama_ws/install/failure_detection:/home/das-note-021/amir_kameyama_ws/install/bt_generator:/home/das-note-021/kameyama_ws/install/ros2_aruco:/home/das-note-021/kameyama_ws/install/failure_detection:/home/das-note-021/kameyama_ws/install/bt_generator:/opt/ros/humble LD_LIBRARY_PATH=/home/das-note-021/amir_kameyama_ws/install/my_nav_msgs/lib:/home/das-note-021/amir_kameyama_ws/install/behavior_tree_msgs/lib:/home/das-note-021/amir_kameyama_ws/install/ar_track_alvar_msgs/lib:/home/das-note-021/amir_kameyama_ws/install/ros2_behavior_tree/lib:/home/das-note-021/amir_kameyama_ws/install/observation_msgs/lib:/home/das-note-021/amir_kameyama_ws/install/failure_detection_msgs/lib:/home/das-note-021/amir_kameyama_ws/install/line_msg/lib:/home/das-note-021/amir_kameyama_ws/install/bebop_msgs/lib:/home/das-note-021/kameyama_ws/install/slam_toolbox/lib:/home/das-note-021/kameyama_ws/install/ros2_behavior_tree/lib:/home/das-note-021/kameyama_ws/install/ros2_aruco_interfaces/lib:/home/das-note-021/kameyama_ws/install/openslam_gmapping/lib:/home/das-note-021/kameyama_ws/install/observation_msgs/lib:/home/das-note-021/kameyama_ws/install/failure_detection_msgs/lib:/home/das-note-021/kameyama_ws/install/my_nav_msgs/lib:/home/das-note-021/kameyama_ws/install/littleslam_ros2/lib:/home/das-note-021/kameyama_ws/install/line_msg/lib:/home/das-note-021/kameyama_ws/install/behavior_tree_msgs/lib:/home/das-note-021/kameyama_ws/install/bebop_msgs/lib:/home/das-note-021/amir_basic_ws/install/realsense2_camera/lib:/home/das-note-021/amir_basic_ws/install/realsense2_camera_msgs/lib:/home/das-note-021/amir_basic_ws/install/darknet_ros/lib:/home/das-note-021/amir_basic_ws/install/darknet_ros_msgs/lib:/home/das-note-021/amir_basic_ws/install/amir_interfaces/lib:/usr/lib/x86_64-linux-gnu/gazebo-11/plugins:/opt/ros/humble/opt/rviz_ogre_vendor/lib:/opt/ros/humble/lib/x86_64-linux-gnu:/opt/ros/humble/lib:/usr/local/cuda/lib64 /usr/bin/cmake --build /home/das-note-021/amir_kameyama_ws/build/failure_detection_msgs -- -j22 -l22
[9.680s] Invoking command in '/home/das-note-021/amir_kameyama_ws/build/failure_detection_msgs': CMAKE_PREFIX_PATH=/home/das-note-021/amir_kameyama_ws/install/my_nav_msgs:/home/das-note-021/amir_kameyama_ws/install/behavior_tree_msgs:/home/das-note-021/amir_kameyama_ws/install/ar_track_alvar_msgs:/home/das-note-021/amir_kameyama_ws/install/rviz_utility:/home/das-note-021/amir_kameyama_ws/install/ros2_behavior_tree:/home/das-note-021/amir_kameyama_ws/install/observation:/home/das-note-021/amir_kameyama_ws/install/observation_msgs:/home/das-note-021/amir_kameyama_ws/install/my_utility:/home/das-note-021/amir_kameyama_ws/install/failure_detection_msgs:/home/das-note-021/amir_kameyama_ws/install/mecanum_navigation2:/home/das-note-021/amir_kameyama_ws/install/amir_operation:/home/das-note-021/amir_kameyama_ws/install/line_msg:/home/das-note-021/amir_kameyama_ws/install/joint_state_publisher_tutorial:/home/das-note-021/amir_kameyama_ws/install/bebop_msgs:/home/das-note-021/amir_kameyama_ws/install/amir_navigation:/home/das-note-021/kameyama_ws/install/slam_toolbox:/home/das-note-021/kameyama_ws/install/slam_gmapping:/home/das-note-021/kameyama_ws/install/rviz_utility:/home/das-note-021/kameyama_ws/install/ros2_behavior_tree:/home/das-note-021/kameyama_ws/install/amir_operation:/home/das-note-021/kameyama_ws/install/ros2_aruco_interfaces:/home/das-note-021/kameyama_ws/install/openslam_gmapping:/home/das-note-021/kameyama_ws/install/observation:/home/das-note-021/kameyama_ws/install/observation_msgs:/home/das-note-021/kameyama_ws/install/my_utility:/home/das-note-021/kameyama_ws/install/failure_detection_msgs:/home/das-note-021/kameyama_ws/install/my_nav_msgs:/home/das-note-021/kameyama_ws/install/mecanum_navigation2:/home/das-note-021/kameyama_ws/install/littleslam_ros2:/home/das-note-021/kameyama_ws/install/line_msg:/home/das-note-021/kameyama_ws/install/joint_state_publisher_tutorial:/home/das-note-021/kameyama_ws/install/emcl2:/home/das-note-021/kameyama_ws/install/behavior_tree_msgs:/home/das-note-021/kameyama_ws/install/bebop_msgs:/home/das-note-021/kameyama_ws/install/amir_navigation:/home/das-note-021/amir_basic_ws/install/realsense2_description:/home/das-note-021/amir_basic_ws/install/realsense2_camera:/home/das-note-021/amir_basic_ws/install/realsense2_camera_msgs:/home/das-note-021/amir_basic_ws/install/darknet_ros:/home/das-note-021/amir_basic_ws/install/darknet_ros_msgs:/home/das-note-021/amir_basic_ws/install/amir_interfaces:/home/das-note-021/amir_kameyama_ws/install/failure_detection:/home/das-note-021/amir_kameyama_ws/install/bt_generator:/home/das-note-021/kameyama_ws/install/ros2_aruco:/home/das-note-021/kameyama_ws/install/failure_detection:/home/das-note-021/kameyama_ws/install/bt_generator:/opt/ros/humble LD_LIBRARY_PATH=/home/das-note-021/amir_kameyama_ws/install/my_nav_msgs/lib:/home/das-note-021/amir_kameyama_ws/install/behavior_tree_msgs/lib:/home/das-note-021/amir_kameyama_ws/install/ar_track_alvar_msgs/lib:/home/das-note-021/amir_kameyama_ws/install/ros2_behavior_tree/lib:/home/das-note-021/amir_kameyama_ws/install/observation_msgs/lib:/home/das-note-021/amir_kameyama_ws/install/failure_detection_msgs/lib:/home/das-note-021/amir_kameyama_ws/install/line_msg/lib:/home/das-note-021/amir_kameyama_ws/install/bebop_msgs/lib:/home/das-note-021/kameyama_ws/install/slam_toolbox/lib:/home/das-note-021/kameyama_ws/install/ros2_behavior_tree/lib:/home/das-note-021/kameyama_ws/install/ros2_aruco_interfaces/lib:/home/das-note-021/kameyama_ws/install/openslam_gmapping/lib:/home/das-note-021/kameyama_ws/install/observation_msgs/lib:/home/das-note-021/kameyama_ws/install/failure_detection_msgs/lib:/home/das-note-021/kameyama_ws/install/my_nav_msgs/lib:/home/das-note-021/kameyama_ws/install/littleslam_ros2/lib:/home/das-note-021/kameyama_ws/install/line_msg/lib:/home/das-note-021/kameyama_ws/install/behavior_tree_msgs/lib:/home/das-note-021/kameyama_ws/install/bebop_msgs/lib:/home/das-note-021/amir_basic_ws/install/realsense2_camera/lib:/home/das-note-021/amir_basic_ws/install/realsense2_camera_msgs/lib:/home/das-note-021/amir_basic_ws/install/darknet_ros/lib:/home/das-note-021/amir_basic_ws/install/darknet_ros_msgs/lib:/home/das-note-021/amir_basic_ws/install/amir_interfaces/lib:/usr/lib/x86_64-linux-gnu/gazebo-11/plugins:/opt/ros/humble/opt/rviz_ogre_vendor/lib:/opt/ros/humble/lib/x86_64-linux-gnu:/opt/ros/humble/lib:/usr/local/cuda/lib64 /usr/bin/cmake --install /home/das-note-021/amir_kameyama_ws/build/failure_detection_msgs
[9.692s] -- Install configuration: ""
[9.693s] -- Execute custom install script
[9.693s] -- Symlinking: /home/das-note-021/amir_kameyama_ws/install/failure_detection_msgs/share/ament_index/resource_index/rosidl_interfaces/failure_detection_msgs
[9.707s] -- Symlinking: /home/das-note-021/amir_kameyama_ws/install/failure_detection_msgs/include/failure_detection_msgs/failure_detection_msgs/action/analysys.h
[9.717s] -- Symlinking: /home/das-note-021/amir_kameyama_ws/install/failure_detection_msgs/include/failure_detection_msgs/failure_detection_msgs/action/detail/analysys__functions.h
[9.728s] -- Symlinking: /home/das-note-021/amir_kameyama_ws/install/failure_detection_msgs/include/failure_detection_msgs/failure_detection_msgs/action/detail/analysys__struct.h
[9.741s] -- Symlinking: /home/das-note-021/amir_kameyama_ws/install/failure_detection_msgs/include/failure_detection_msgs/failure_detection_msgs/action/detail/analysys__type_support.h
[9.753s] -- Symlinking: /home/das-note-021/amir_kameyama_ws/install/failure_detection_msgs/include/failure_detection_msgs/failure_detection_msgs/msg/detail/solution__functions.h
[9.765s] -- Symlinking: /home/das-note-021/amir_kameyama_ws/install/failure_detection_msgs/include/failure_detection_msgs/failure_detection_msgs/msg/detail/solution__struct.h
[9.778s] -- Symlinking: /home/das-note-021/amir_kameyama_ws/install/failure_detection_msgs/include/failure_detection_msgs/failure_detection_msgs/msg/detail/solution__type_support.h
[9.790s] -- Symlinking: /home/das-note-021/amir_kameyama_ws/install/failure_detection_msgs/include/failure_detection_msgs/failure_detection_msgs/msg/rosidl_generator_c__visibility_control.h
[9.802s] -- Symlinking: /home/das-note-021/amir_kameyama_ws/install/failure_detection_msgs/include/failure_detection_msgs/failure_detection_msgs/msg/solution.h
[9.814s] -- Symlinking: /home/das-note-021/amir_kameyama_ws/install/failure_detection_msgs/include/failure_detection_msgs/failure_detection_msgs/srv/after_pick.h
[9.826s] -- Symlinking: /home/das-note-021/amir_kameyama_ws/install/failure_detection_msgs/include/failure_detection_msgs/failure_detection_msgs/srv/before_pick.h
[9.837s] -- Symlinking: /home/das-note-021/amir_kameyama_ws/install/failure_detection_msgs/include/failure_detection_msgs/failure_detection_msgs/srv/detail/after_pick__functions.h
[9.848s] -- Symlinking: /home/das-note-021/amir_kameyama_ws/install/failure_detection_msgs/include/failure_detection_msgs/failure_detection_msgs/srv/detail/after_pick__struct.h
[9.859s] -- Symlinking: /home/das-note-021/amir_kameyama_ws/install/failure_detection_msgs/include/failure_detection_msgs/failure_detection_msgs/srv/detail/after_pick__type_support.h
[9.870s] -- Symlinking: /home/das-note-021/amir_kameyama_ws/install/failure_detection_msgs/include/failure_detection_msgs/failure_detection_msgs/srv/detail/before_pick__functions.h
[9.881s] -- Symlinking: /home/das-note-021/amir_kameyama_ws/install/failure_detection_msgs/include/failure_detection_msgs/failure_detection_msgs/srv/detail/before_pick__struct.h
[9.893s] -- Symlinking: /home/das-note-021/amir_kameyama_ws/install/failure_detection_msgs/include/failure_detection_msgs/failure_detection_msgs/srv/detail/before_pick__type_support.h
[9.904s] -- Symlinking: /home/das-note-021/amir_kameyama_ws/install/failure_detection_msgs/include/failure_detection_msgs/failure_detection_msgs/srv/detail/path_check__functions.h
[9.916s] -- Symlinking: /home/das-note-021/amir_kameyama_ws/install/failure_detection_msgs/include/failure_detection_msgs/failure_detection_msgs/srv/detail/path_check__struct.h
[9.927s] -- Symlinking: /home/das-note-021/amir_kameyama_ws/install/failure_detection_msgs/include/failure_detection_msgs/failure_detection_msgs/srv/detail/path_check__type_support.h
[9.939s] -- Symlinking: /home/das-note-021/amir_kameyama_ws/install/failure_detection_msgs/include/failure_detection_msgs/failure_detection_msgs/srv/path_check.h
[9.950s] -- Symlinking: /home/das-note-021/amir_kameyama_ws/install/failure_detection_msgs/share/failure_detection_msgs/environment/library_path.sh
[9.962s] -- Symlinking: /home/das-note-021/amir_kameyama_ws/install/failure_detection_msgs/share/failure_detection_msgs/environment/library_path.dsv
[9.974s] -- Symlinking: /home/das-note-021/amir_kameyama_ws/install/failure_detection_msgs/include/failure_detection_msgs/failure_detection_msgs/action/detail/analysys__rosidl_typesupport_fastrtps_c.h
[9.986s] -- Symlinking: /home/das-note-021/amir_kameyama_ws/install/failure_detection_msgs/include/failure_detection_msgs/failure_detection_msgs/msg/detail/solution__rosidl_typesupport_fastrtps_c.h
[9.998s] -- Symlinking: /home/das-note-021/amir_kameyama_ws/install/failure_detection_msgs/include/failure_detection_msgs/failure_detection_msgs/msg/rosidl_typesupport_fastrtps_c__visibility_control.h
[10.009s] -- Symlinking: /home/das-note-021/amir_kameyama_ws/install/failure_detection_msgs/include/failure_detection_msgs/failure_detection_msgs/srv/detail/after_pick__rosidl_typesupport_fastrtps_c.h
[10.020s] -- Symlinking: /home/das-note-021/amir_kameyama_ws/install/failure_detection_msgs/include/failure_detection_msgs/failure_detection_msgs/srv/detail/before_pick__rosidl_typesupport_fastrtps_c.h
[10.032s] -- Symlinking: /home/das-note-021/amir_kameyama_ws/install/failure_detection_msgs/include/failure_detection_msgs/failure_detection_msgs/srv/detail/path_check__rosidl_typesupport_fastrtps_c.h
[10.043s] -- Symlinking: /home/das-note-021/amir_kameyama_ws/install/failure_detection_msgs/include/failure_detection_msgs/failure_detection_msgs/action/detail/analysys__rosidl_typesupport_introspection_c.h
[10.056s] -- Symlinking: /home/das-note-021/amir_kameyama_ws/install/failure_detection_msgs/include/failure_detection_msgs/failure_detection_msgs/msg/detail/solution__rosidl_typesupport_introspection_c.h
[10.067s] -- Symlinking: /home/das-note-021/amir_kameyama_ws/install/failure_detection_msgs/include/failure_detection_msgs/failure_detection_msgs/msg/rosidl_typesupport_introspection_c__visibility_control.h
[10.082s] -- Symlinking: /home/das-note-021/amir_kameyama_ws/install/failure_detection_msgs/include/failure_detection_msgs/failure_detection_msgs/srv/detail/after_pick__rosidl_typesupport_introspection_c.h
[10.094s] -- Symlinking: /home/das-note-021/amir_kameyama_ws/install/failure_detection_msgs/include/failure_detection_msgs/failure_detection_msgs/srv/detail/before_pick__rosidl_typesupport_introspection_c.h
[10.106s] -- Symlinking: /home/das-note-021/amir_kameyama_ws/install/failure_detection_msgs/include/failure_detection_msgs/failure_detection_msgs/srv/detail/path_check__rosidl_typesupport_introspection_c.h
[10.118s] -- Symlinking: /home/das-note-021/amir_kameyama_ws/install/failure_detection_msgs/include/failure_detection_msgs/failure_detection_msgs/action/analysys.hpp
[10.130s] -- Symlinking: /home/das-note-021/amir_kameyama_ws/install/failure_detection_msgs/include/failure_detection_msgs/failure_detection_msgs/action/detail/analysys__builder.hpp
[10.142s] -- Symlinking: /home/das-note-021/amir_kameyama_ws/install/failure_detection_msgs/include/failure_detection_msgs/failure_detection_msgs/action/detail/analysys__struct.hpp
[10.153s] -- Symlinking: /home/das-note-021/amir_kameyama_ws/install/failure_detection_msgs/include/failure_detection_msgs/failure_detection_msgs/action/detail/analysys__traits.hpp
[10.165s] -- Symlinking: /home/das-note-021/amir_kameyama_ws/install/failure_detection_msgs/include/failure_detection_msgs/failure_detection_msgs/action/detail/analysys__type_support.hpp
[10.176s] -- Symlinking: /home/das-note-021/amir_kameyama_ws/install/failure_detection_msgs/include/failure_detection_msgs/failure_detection_msgs/msg/detail/solution__builder.hpp
[10.186s] -- Symlinking: /home/das-note-021/amir_kameyama_ws/install/failure_detection_msgs/include/failure_detection_msgs/failure_detection_msgs/msg/detail/solution__struct.hpp
[10.199s] -- Symlinking: /home/das-note-021/amir_kameyama_ws/install/failure_detection_msgs/include/failure_detection_msgs/failure_detection_msgs/msg/detail/solution__traits.hpp
[10.209s] -- Symlinking: /home/das-note-021/amir_kameyama_ws/install/failure_detection_msgs/include/failure_detection_msgs/failure_detection_msgs/msg/detail/solution__type_support.hpp
[10.221s] -- Symlinking: /home/das-note-021/amir_kameyama_ws/install/failure_detection_msgs/include/failure_detection_msgs/failure_detection_msgs/msg/rosidl_generator_cpp__visibility_control.hpp
[10.236s] -- Symlinking: /home/das-note-021/amir_kameyama_ws/install/failure_detection_msgs/include/failure_detection_msgs/failure_detection_msgs/msg/solution.hpp
[10.246s] -- Symlinking: /home/das-note-021/amir_kameyama_ws/install/failure_detection_msgs/include/failure_detection_msgs/failure_detection_msgs/srv/after_pick.hpp
[10.259s] -- Symlinking: /home/das-note-021/amir_kameyama_ws/install/failure_detection_msgs/include/failure_detection_msgs/failure_detection_msgs/srv/before_pick.hpp
[10.271s] -- Symlinking: /home/das-note-021/amir_kameyama_ws/install/failure_detection_msgs/include/failure_detection_msgs/failure_detection_msgs/srv/detail/after_pick__builder.hpp
[10.284s] -- Symlinking: /home/das-note-021/amir_kameyama_ws/install/failure_detection_msgs/include/failure_detection_msgs/failure_detection_msgs/srv/detail/after_pick__struct.hpp
[10.295s] -- Symlinking: /home/das-note-021/amir_kameyama_ws/install/failure_detection_msgs/include/failure_detection_msgs/failure_detection_msgs/srv/detail/after_pick__traits.hpp
[10.309s] -- Symlinking: /home/das-note-021/amir_kameyama_ws/install/failure_detection_msgs/include/failure_detection_msgs/failure_detection_msgs/srv/detail/after_pick__type_support.hpp
[10.322s] -- Symlinking: /home/das-note-021/amir_kameyama_ws/install/failure_detection_msgs/include/failure_detection_msgs/failure_detection_msgs/srv/detail/before_pick__builder.hpp
[10.338s] -- Symlinking: /home/das-note-021/amir_kameyama_ws/install/failure_detection_msgs/include/failure_detection_msgs/failure_detection_msgs/srv/detail/before_pick__struct.hpp
[10.352s] -- Symlinking: /home/das-note-021/amir_kameyama_ws/install/failure_detection_msgs/include/failure_detection_msgs/failure_detection_msgs/srv/detail/before_pick__traits.hpp
[10.364s] -- Symlinking: /home/das-note-021/amir_kameyama_ws/install/failure_detection_msgs/include/failure_detection_msgs/failure_detection_msgs/srv/detail/before_pick__type_support.hpp
[10.380s] -- Symlinking: /home/das-note-021/amir_kameyama_ws/install/failure_detection_msgs/include/failure_detection_msgs/failure_detection_msgs/srv/detail/path_check__builder.hpp
[10.391s] -- Symlinking: /home/das-note-021/amir_kameyama_ws/install/failure_detection_msgs/include/failure_detection_msgs/failure_detection_msgs/srv/detail/path_check__struct.hpp
[10.403s] -- Symlinking: /home/das-note-021/amir_kameyama_ws/install/failure_detection_msgs/include/failure_detection_msgs/failure_detection_msgs/srv/detail/path_check__traits.hpp
[10.414s] -- Symlinking: /home/das-note-021/amir_kameyama_ws/install/failure_detection_msgs/include/failure_detection_msgs/failure_detection_msgs/srv/detail/path_check__type_support.hpp
[10.425s] -- Symlinking: /home/das-note-021/amir_kameyama_ws/install/failure_detection_msgs/include/failure_detection_msgs/failure_detection_msgs/srv/path_check.hpp
[10.443s] -- Symlinking: /home/das-note-021/amir_kameyama_ws/install/failure_detection_msgs/include/failure_detection_msgs/failure_detection_msgs/action/detail/analysys__rosidl_typesupport_fastrtps_cpp.hpp
[10.459s] -- Symlinking: /home/das-note-021/amir_kameyama_ws/install/failure_detection_msgs/include/failure_detection_msgs/failure_detection_msgs/msg/detail/solution__rosidl_typesupport_fastrtps_cpp.hpp
[10.476s] -- Symlinking: /home/das-note-021/amir_kameyama_ws/install/failure_detection_msgs/include/failure_detection_msgs/failure_detection_msgs/msg/rosidl_typesupport_fastrtps_cpp__visibility_control.h
[10.492s] -- Symlinking: /home/das-note-021/amir_kameyama_ws/install/failure_detection_msgs/include/failure_detection_msgs/failure_detection_msgs/srv/detail/after_pick__rosidl_typesupport_fastrtps_cpp.hpp
[10.504s] -- Symlinking: /home/das-note-021/amir_kameyama_ws/install/failure_detection_msgs/include/failure_detection_msgs/failure_detection_msgs/srv/detail/before_pick__rosidl_typesupport_fastrtps_cpp.hpp
[10.521s] -- Symlinking: /home/das-note-021/amir_kameyama_ws/install/failure_detection_msgs/include/failure_detection_msgs/failure_detection_msgs/srv/detail/path_check__rosidl_typesupport_fastrtps_cpp.hpp
[10.539s] -- Symlinking: /home/das-note-021/amir_kameyama_ws/install/failure_detection_msgs/include/failure_detection_msgs/failure_detection_msgs/action/detail/analysys__rosidl_typesupport_introspection_cpp.hpp
[10.555s] -- Symlinking: /home/das-note-021/amir_kameyama_ws/install/failure_detection_msgs/include/failure_detection_msgs/failure_detection_msgs/msg/detail/solution__rosidl_typesupport_introspection_cpp.hpp
[10.572s] -- Symlinking: /home/das-note-021/amir_kameyama_ws/install/failure_detection_msgs/include/failure_detection_msgs/failure_detection_msgs/srv/detail/after_pick__rosidl_typesupport_introspection_cpp.hpp
[10.589s] -- Symlinking: /home/das-note-021/amir_kameyama_ws/install/failure_detection_msgs/include/failure_detection_msgs/failure_detection_msgs/srv/detail/before_pick__rosidl_typesupport_introspection_cpp.hpp
[10.606s] -- Symlinking: /home/das-note-021/amir_kameyama_ws/install/failure_detection_msgs/include/failure_detection_msgs/failure_detection_msgs/srv/detail/path_check__rosidl_typesupport_introspection_cpp.hpp
[10.618s] -- Symlinking: /home/das-note-021/amir_kameyama_ws/install/failure_detection_msgs/share/failure_detection_msgs/environment/pythonpath.sh
[10.635s] -- Symlinking: /home/das-note-021/amir_kameyama_ws/install/failure_detection_msgs/share/failure_detection_msgs/environment/pythonpath.dsv
[10.646s] -- Symlinking: /home/das-note-021/amir_kameyama_ws/install/failure_detection_msgs/local/lib/python3.10/dist-packages/failure_detection_msgs-0.0.0-py3.10.egg-info/PKG-INFO
[10.658s] -- Symlinking: /home/das-note-021/amir_kameyama_ws/install/failure_detection_msgs/local/lib/python3.10/dist-packages/failure_detection_msgs-0.0.0-py3.10.egg-info/SOURCES.txt
[10.670s] -- Symlinking: /home/das-note-021/amir_kameyama_ws/install/failure_detection_msgs/local/lib/python3.10/dist-packages/failure_detection_msgs-0.0.0-py3.10.egg-info/dependency_links.txt
[10.681s] -- Symlinking: /home/das-note-021/amir_kameyama_ws/install/failure_detection_msgs/local/lib/python3.10/dist-packages/failure_detection_msgs-0.0.0-py3.10.egg-info/top_level.txt
[10.692s] -- Symlinking: /home/das-note-021/amir_kameyama_ws/install/failure_detection_msgs/local/lib/python3.10/dist-packages/failure_detection_msgs/__init__.py
[10.704s] -- Symlinking: /home/das-note-021/amir_kameyama_ws/install/failure_detection_msgs/local/lib/python3.10/dist-packages/failure_detection_msgs/_failure_detection_msgs_s.ep.rosidl_typesupport_c.c
[10.718s] -- Symlinking: /home/das-note-021/amir_kameyama_ws/install/failure_detection_msgs/local/lib/python3.10/dist-packages/failure_detection_msgs/_failure_detection_msgs_s.ep.rosidl_typesupport_fastrtps_c.c
[10.735s] -- Symlinking: /home/das-note-021/amir_kameyama_ws/install/failure_detection_msgs/local/lib/python3.10/dist-packages/failure_detection_msgs/_failure_detection_msgs_s.ep.rosidl_typesupport_introspection_c.c
[10.753s] -- Symlinking: /home/das-note-021/amir_kameyama_ws/install/failure_detection_msgs/local/lib/python3.10/dist-packages/failure_detection_msgs/action/__init__.py
[10.771s] -- Symlinking: /home/das-note-021/amir_kameyama_ws/install/failure_detection_msgs/local/lib/python3.10/dist-packages/failure_detection_msgs/action/_analysys.py
[10.789s] -- Symlinking: /home/das-note-021/amir_kameyama_ws/install/failure_detection_msgs/local/lib/python3.10/dist-packages/failure_detection_msgs/action/_analysys_s.c
[10.803s] -- Symlinking: /home/das-note-021/amir_kameyama_ws/install/failure_detection_msgs/local/lib/python3.10/dist-packages/failure_detection_msgs/failure_detection_msgs_s__rosidl_typesupport_c.cpython-310-x86_64-linux-gnu.so
[10.821s] -- Symlinking: /home/das-note-021/amir_kameyama_ws/install/failure_detection_msgs/local/lib/python3.10/dist-packages/failure_detection_msgs/failure_detection_msgs_s__rosidl_typesupport_fastrtps_c.cpython-310-x86_64-linux-gnu.so
[10.833s] -- Symlinking: /home/das-note-021/amir_kameyama_ws/install/failure_detection_msgs/local/lib/python3.10/dist-packages/failure_detection_msgs/failure_detection_msgs_s__rosidl_typesupport_introspection_c.cpython-310-x86_64-linux-gnu.so
[10.846s] -- Symlinking: /home/das-note-021/amir_kameyama_ws/install/failure_detection_msgs/local/lib/python3.10/dist-packages/failure_detection_msgs/libfailure_detection_msgs__rosidl_generator_py.so
[10.859s] -- Symlinking: /home/das-note-021/amir_kameyama_ws/install/failure_detection_msgs/local/lib/python3.10/dist-packages/failure_detection_msgs/msg/__init__.py
[10.872s] -- Symlinking: /home/das-note-021/amir_kameyama_ws/install/failure_detection_msgs/local/lib/python3.10/dist-packages/failure_detection_msgs/msg/_solution.py
[10.885s] -- Symlinking: /home/das-note-021/amir_kameyama_ws/install/failure_detection_msgs/local/lib/python3.10/dist-packages/failure_detection_msgs/msg/_solution_s.c
[10.898s] -- Symlinking: /home/das-note-021/amir_kameyama_ws/install/failure_detection_msgs/local/lib/python3.10/dist-packages/failure_detection_msgs/srv/__init__.py
[10.909s] -- Symlinking: /home/das-note-021/amir_kameyama_ws/install/failure_detection_msgs/local/lib/python3.10/dist-packages/failure_detection_msgs/srv/_after_pick.py
[10.921s] -- Symlinking: /home/das-note-021/amir_kameyama_ws/install/failure_detection_msgs/local/lib/python3.10/dist-packages/failure_detection_msgs/srv/_after_pick_s.c
[10.933s] -- Symlinking: /home/das-note-021/amir_kameyama_ws/install/failure_detection_msgs/local/lib/python3.10/dist-packages/failure_detection_msgs/srv/_before_pick.py
[10.944s] -- Symlinking: /home/das-note-021/amir_kameyama_ws/install/failure_detection_msgs/local/lib/python3.10/dist-packages/failure_detection_msgs/srv/_before_pick_s.c
[10.956s] -- Symlinking: /home/das-note-021/amir_kameyama_ws/install/failure_detection_msgs/local/lib/python3.10/dist-packages/failure_detection_msgs/srv/_path_check.py
[10.967s] -- Symlinking: /home/das-note-021/amir_kameyama_ws/install/failure_detection_msgs/local/lib/python3.10/dist-packages/failure_detection_msgs/srv/_path_check_s.c
[10.978s] -- Up-to-date symlink: /home/das-note-021/amir_kameyama_ws/install/failure_detection_msgs/local/lib/python3.10/dist-packages/failure_detection_msgs/failure_detection_msgs_s__rosidl_typesupport_fastrtps_c.cpython-310-x86_64-linux-gnu.so
[10.979s] -- Up-to-date symlink: /home/das-note-021/amir_kameyama_ws/install/failure_detection_msgs/local/lib/python3.10/dist-packages/failure_detection_msgs/failure_detection_msgs_s__rosidl_typesupport_introspection_c.cpython-310-x86_64-linux-gnu.so
[10.979s] -- Up-to-date symlink: /home/das-note-021/amir_kameyama_ws/install/failure_detection_msgs/local/lib/python3.10/dist-packages/failure_detection_msgs/failure_detection_msgs_s__rosidl_typesupport_c.cpython-310-x86_64-linux-gnu.so
[10.980s] -- Symlinking: /home/das-note-021/amir_kameyama_ws/install/failure_detection_msgs/share/failure_detection_msgs/msg/Solution.idl
[10.995s] -- Symlinking: /home/das-note-021/amir_kameyama_ws/install/failure_detection_msgs/share/failure_detection_msgs/action/Analysys.idl
[11.011s] -- Symlinking: /home/das-note-021/amir_kameyama_ws/install/failure_detection_msgs/share/failure_detection_msgs/srv/PathCheck.idl
[11.026s] -- Symlinking: /home/das-note-021/amir_kameyama_ws/install/failure_detection_msgs/share/failure_detection_msgs/srv/BeforePick.idl
[11.041s] -- Symlinking: /home/das-note-021/amir_kameyama_ws/install/failure_detection_msgs/share/failure_detection_msgs/srv/AfterPick.idl
[11.057s] -- Symlinking: /home/das-note-021/amir_kameyama_ws/install/failure_detection_msgs/share/failure_detection_msgs/msg/Solution.msg
[11.073s] -- Symlinking: /home/das-note-021/amir_kameyama_ws/install/failure_detection_msgs/share/failure_detection_msgs/action/Analysys.action
[11.090s] -- Symlinking: /home/das-note-021/amir_kameyama_ws/install/failure_detection_msgs/share/failure_detection_msgs/srv/PathCheck.srv
[11.107s] -- Symlinking: /home/das-note-021/amir_kameyama_ws/install/failure_detection_msgs/share/failure_detection_msgs/srv/PathCheck_Request.msg
[11.124s] -- Symlinking: /home/das-note-021/amir_kameyama_ws/install/failure_detection_msgs/share/failure_detection_msgs/srv/PathCheck_Response.msg
[11.140s] -- Symlinking: /home/das-note-021/amir_kameyama_ws/install/failure_detection_msgs/share/failure_detection_msgs/srv/BeforePick.srv
[11.155s] -- Symlinking: /home/das-note-021/amir_kameyama_ws/install/failure_detection_msgs/share/failure_detection_msgs/srv/BeforePick_Request.msg
[11.172s] -- Symlinking: /home/das-note-021/amir_kameyama_ws/install/failure_detection_msgs/share/failure_detection_msgs/srv/BeforePick_Response.msg
[11.187s] -- Symlinking: /home/das-note-021/amir_kameyama_ws/install/failure_detection_msgs/share/failure_detection_msgs/srv/AfterPick.srv
[11.204s] -- Symlinking: /home/das-note-021/amir_kameyama_ws/install/failure_detection_msgs/share/failure_detection_msgs/srv/AfterPick_Request.msg
[11.220s] -- Symlinking: /home/das-note-021/amir_kameyama_ws/install/failure_detection_msgs/share/failure_detection_msgs/srv/AfterPick_Response.msg
[11.231s] -- Symlinking: /home/das-note-021/amir_kameyama_ws/install/failure_detection_msgs/share/ament_index/resource_index/package_run_dependencies/failure_detection_msgs
[11.243s] -- Symlinking: /home/das-note-021/amir_kameyama_ws/install/failure_detection_msgs/share/ament_index/resource_index/parent_prefix_path/failure_detection_msgs
[11.258s] -- Symlinking: /home/das-note-021/amir_kameyama_ws/install/failure_detection_msgs/share/failure_detection_msgs/environment/ament_prefix_path.sh
[11.273s] -- Symlinking: /home/das-note-021/amir_kameyama_ws/install/failure_detection_msgs/share/failure_detection_msgs/environment/ament_prefix_path.dsv
[11.289s] -- Symlinking: /home/das-note-021/amir_kameyama_ws/install/failure_detection_msgs/share/failure_detection_msgs/environment/path.sh
[11.304s] -- Symlinking: /home/das-note-021/amir_kameyama_ws/install/failure_detection_msgs/share/failure_detection_msgs/environment/path.dsv
[11.320s] -- Symlinking: /home/das-note-021/amir_kameyama_ws/install/failure_detection_msgs/share/failure_detection_msgs/local_setup.bash
[11.335s] -- Symlinking: /home/das-note-021/amir_kameyama_ws/install/failure_detection_msgs/share/failure_detection_msgs/local_setup.sh
[11.350s] -- Symlinking: /home/das-note-021/amir_kameyama_ws/install/failure_detection_msgs/share/failure_detection_msgs/local_setup.zsh
[11.366s] -- Symlinking: /home/das-note-021/amir_kameyama_ws/install/failure_detection_msgs/share/failure_detection_msgs/local_setup.dsv
[11.382s] -- Symlinking: /home/das-note-021/amir_kameyama_ws/install/failure_detection_msgs/share/failure_detection_msgs/package.dsv
[11.398s] -- Symlinking: /home/das-note-021/amir_kameyama_ws/install/failure_detection_msgs/share/ament_index/resource_index/packages/failure_detection_msgs
[11.415s] -- Symlinking: /home/das-note-021/amir_kameyama_ws/install/failure_detection_msgs/share/failure_detection_msgs/cmake/rosidl_cmake-extras.cmake
[11.433s] -- Symlinking: /home/das-note-021/amir_kameyama_ws/install/failure_detection_msgs/share/failure_detection_msgs/cmake/ament_cmake_export_dependencies-extras.cmake
[11.450s] -- Symlinking: /home/das-note-021/amir_kameyama_ws/install/failure_detection_msgs/share/failure_detection_msgs/cmake/ament_cmake_export_include_directories-extras.cmake
[11.467s] -- Symlinking: /home/das-note-021/amir_kameyama_ws/install/failure_detection_msgs/share/failure_detection_msgs/cmake/ament_cmake_export_libraries-extras.cmake
[11.483s] -- Symlinking: /home/das-note-021/amir_kameyama_ws/install/failure_detection_msgs/share/failure_detection_msgs/cmake/ament_cmake_export_targets-extras.cmake
[11.499s] -- Symlinking: /home/das-note-021/amir_kameyama_ws/install/failure_detection_msgs/share/failure_detection_msgs/cmake/rosidl_cmake_export_typesupport_targets-extras.cmake
[11.514s] -- Symlinking: /home/das-note-021/amir_kameyama_ws/install/failure_detection_msgs/share/failure_detection_msgs/cmake/rosidl_cmake_export_typesupport_libraries-extras.cmake
[11.529s] -- Symlinking: /home/das-note-021/amir_kameyama_ws/install/failure_detection_msgs/share/failure_detection_msgs/cmake/failure_detection_msgsConfig.cmake
[11.545s] -- Symlinking: /home/das-note-021/amir_kameyama_ws/install/failure_detection_msgs/share/failure_detection_msgs/cmake/failure_detection_msgsConfig-version.cmake
[11.560s] -- Symlinking: /home/das-note-021/amir_kameyama_ws/install/failure_detection_msgs/share/failure_detection_msgs/package.xml
[11.575s] -- Installing: /home/das-note-021/amir_kameyama_ws/install/failure_detection_msgs/lib/libfailure_detection_msgs__rosidl_generator_c.so
[11.575s] -- Set runtime path of "/home/das-note-021/amir_kameyama_ws/install/failure_detection_msgs/lib/libfailure_detection_msgs__rosidl_generator_c.so" to ""
[11.575s] -- Installing: /home/das-note-021/amir_kameyama_ws/install/failure_detection_msgs/lib/libfailure_detection_msgs__rosidl_typesupport_fastrtps_c.so
[11.576s] -- Set runtime path of "/home/das-note-021/amir_kameyama_ws/install/failure_detection_msgs/lib/libfailure_detection_msgs__rosidl_typesupport_fastrtps_c.so" to ""
[11.576s] -- Installing: /home/das-note-021/amir_kameyama_ws/install/failure_detection_msgs/lib/libfailure_detection_msgs__rosidl_typesupport_introspection_c.so
[11.576s] -- Set runtime path of "/home/das-note-021/amir_kameyama_ws/install/failure_detection_msgs/lib/libfailure_detection_msgs__rosidl_typesupport_introspection_c.so" to ""
[11.576s] -- Installing: /home/das-note-021/amir_kameyama_ws/install/failure_detection_msgs/lib/libfailure_detection_msgs__rosidl_typesupport_c.so
[11.577s] -- Set runtime path of "/home/das-note-021/amir_kameyama_ws/install/failure_detection_msgs/lib/libfailure_detection_msgs__rosidl_typesupport_c.so" to ""
[11.577s] -- Installing: /home/das-note-021/amir_kameyama_ws/install/failure_detection_msgs/lib/libfailure_detection_msgs__rosidl_typesupport_fastrtps_cpp.so
[11.578s] -- Set runtime path of "/home/das-note-021/amir_kameyama_ws/install/failure_detection_msgs/lib/libfailure_detection_msgs__rosidl_typesupport_fastrtps_cpp.so" to ""
[11.578s] -- Installing: /home/das-note-021/amir_kameyama_ws/install/failure_detection_msgs/lib/libfailure_detection_msgs__rosidl_typesupport_introspection_cpp.so
[11.579s] -- Set runtime path of "/home/das-note-021/amir_kameyama_ws/install/failure_detection_msgs/lib/libfailure_detection_msgs__rosidl_typesupport_introspection_cpp.so" to ""
[11.579s] -- Installing: /home/das-note-021/amir_kameyama_ws/install/failure_detection_msgs/lib/libfailure_detection_msgs__rosidl_typesupport_cpp.so
[11.579s] -- Set runtime path of "/home/das-note-021/amir_kameyama_ws/install/failure_detection_msgs/lib/libfailure_detection_msgs__rosidl_typesupport_cpp.so" to ""
[11.669s] Listing '/home/das-note-021/amir_kameyama_ws/install/failure_detection_msgs/local/lib/python3.10/dist-packages/failure_detection_msgs'...
[11.669s] Compiling '/home/das-note-021/amir_kameyama_ws/install/failure_detection_msgs/local/lib/python3.10/dist-packages/failure_detection_msgs/__init__.py'...
[11.669s] Listing '/home/das-note-021/amir_kameyama_ws/install/failure_detection_msgs/local/lib/python3.10/dist-packages/failure_detection_msgs/action'...
[11.669s] Compiling '/home/das-note-021/amir_kameyama_ws/install/failure_detection_msgs/local/lib/python3.10/dist-packages/failure_detection_msgs/action/__init__.py'...
[11.670s] Compiling '/home/das-note-021/amir_kameyama_ws/install/failure_detection_msgs/local/lib/python3.10/dist-packages/failure_detection_msgs/action/_analysys.py'...
[11.670s] Listing '/home/das-note-021/amir_kameyama_ws/install/failure_detection_msgs/local/lib/python3.10/dist-packages/failure_detection_msgs/msg'...
[11.670s] Compiling '/home/das-note-021/amir_kameyama_ws/install/failure_detection_msgs/local/lib/python3.10/dist-packages/failure_detection_msgs/msg/__init__.py'...
[11.670s] Compiling '/home/das-note-021/amir_kameyama_ws/install/failure_detection_msgs/local/lib/python3.10/dist-packages/failure_detection_msgs/msg/_solution.py'...
[11.670s] Listing '/home/das-note-021/amir_kameyama_ws/install/failure_detection_msgs/local/lib/python3.10/dist-packages/failure_detection_msgs/srv'...
[11.670s] Compiling '/home/das-note-021/amir_kameyama_ws/install/failure_detection_msgs/local/lib/python3.10/dist-packages/failure_detection_msgs/srv/__init__.py'...
[11.670s] Compiling '/home/das-note-021/amir_kameyama_ws/install/failure_detection_msgs/local/lib/python3.10/dist-packages/failure_detection_msgs/srv/_after_pick.py'...
[11.670s] Compiling '/home/das-note-021/amir_kameyama_ws/install/failure_detection_msgs/local/lib/python3.10/dist-packages/failure_detection_msgs/srv/_before_pick.py'...
[11.670s] Compiling '/home/das-note-021/amir_kameyama_ws/install/failure_detection_msgs/local/lib/python3.10/dist-packages/failure_detection_msgs/srv/_path_check.py'...
[11.678s] -- Installing: /home/das-note-021/amir_kameyama_ws/install/failure_detection_msgs/lib/libfailure_detection_msgs__rosidl_generator_py.so
[11.678s] -- Set runtime path of "/home/das-note-021/amir_kameyama_ws/install/failure_detection_msgs/lib/libfailure_detection_msgs__rosidl_generator_py.so" to ""
[11.679s] -- Installing: /home/das-note-021/amir_kameyama_ws/install/failure_detection_msgs/share/failure_detection_msgs/cmake/export_failure_detection_msgs__rosidl_generator_cExport.cmake
[11.679s] -- Installing: /home/das-note-021/amir_kameyama_ws/install/failure_detection_msgs/share/failure_detection_msgs/cmake/export_failure_detection_msgs__rosidl_generator_cExport-noconfig.cmake
[11.679s] -- Installing: /home/das-note-021/amir_kameyama_ws/install/failure_detection_msgs/share/failure_detection_msgs/cmake/export_failure_detection_msgs__rosidl_typesupport_fastrtps_cExport.cmake
[11.679s] -- Installing: /home/das-note-021/amir_kameyama_ws/install/failure_detection_msgs/share/failure_detection_msgs/cmake/export_failure_detection_msgs__rosidl_typesupport_fastrtps_cExport-noconfig.cmake
[11.679s] -- Installing: /home/das-note-021/amir_kameyama_ws/install/failure_detection_msgs/share/failure_detection_msgs/cmake/failure_detection_msgs__rosidl_typesupport_introspection_cExport.cmake
[11.679s] -- Installing: /home/das-note-021/amir_kameyama_ws/install/failure_detection_msgs/share/failure_detection_msgs/cmake/failure_detection_msgs__rosidl_typesupport_introspection_cExport-noconfig.cmake
[11.679s] -- Installing: /home/das-note-021/amir_kameyama_ws/install/failure_detection_msgs/share/failure_detection_msgs/cmake/failure_detection_msgs__rosidl_typesupport_cExport.cmake
[11.680s] -- Installing: /home/das-note-021/amir_kameyama_ws/install/failure_detection_msgs/share/failure_detection_msgs/cmake/failure_detection_msgs__rosidl_typesupport_cExport-noconfig.cmake
[11.680s] -- Installing: /home/das-note-021/amir_kameyama_ws/install/failure_detection_msgs/share/failure_detection_msgs/cmake/export_failure_detection_msgs__rosidl_generator_cppExport.cmake
[11.680s] -- Installing: /home/das-note-021/amir_kameyama_ws/install/failure_detection_msgs/share/failure_detection_msgs/cmake/export_failure_detection_msgs__rosidl_typesupport_fastrtps_cppExport.cmake
[11.680s] -- Installing: /home/das-note-021/amir_kameyama_ws/install/failure_detection_msgs/share/failure_detection_msgs/cmake/export_failure_detection_msgs__rosidl_typesupport_fastrtps_cppExport-noconfig.cmake
[11.680s] -- Installing: /home/das-note-021/amir_kameyama_ws/install/failure_detection_msgs/share/failure_detection_msgs/cmake/failure_detection_msgs__rosidl_typesupport_introspection_cppExport.cmake
[11.681s] -- Installing: /home/das-note-021/amir_kameyama_ws/install/failure_detection_msgs/share/failure_detection_msgs/cmake/failure_detection_msgs__rosidl_typesupport_introspection_cppExport-noconfig.cmake
[11.681s] -- Installing: /home/das-note-021/amir_kameyama_ws/install/failure_detection_msgs/share/failure_detection_msgs/cmake/failure_detection_msgs__rosidl_typesupport_cppExport.cmake
[11.681s] -- Installing: /home/das-note-021/amir_kameyama_ws/install/failure_detection_msgs/share/failure_detection_msgs/cmake/failure_detection_msgs__rosidl_typesupport_cppExport-noconfig.cmake
[11.681s] -- Installing: /home/das-note-021/amir_kameyama_ws/install/failure_detection_msgs/share/failure_detection_msgs/cmake/export_failure_detection_msgs__rosidl_generator_pyExport.cmake
[11.681s] -- Installing: /home/das-note-021/amir_kameyama_ws/install/failure_detection_msgs/share/failure_detection_msgs/cmake/export_failure_detection_msgs__rosidl_generator_pyExport-noconfig.cmake
[11.685s] Invoked command in '/home/das-note-021/amir_kameyama_ws/build/failure_detection_msgs' returned '0': CMAKE_PREFIX_PATH=/home/das-note-021/amir_kameyama_ws/install/my_nav_msgs:/home/das-note-021/amir_kameyama_ws/install/behavior_tree_msgs:/home/das-note-021/amir_kameyama_ws/install/ar_track_alvar_msgs:/home/das-note-021/amir_kameyama_ws/install/rviz_utility:/home/das-note-021/amir_kameyama_ws/install/ros2_behavior_tree:/home/das-note-021/amir_kameyama_ws/install/observation:/home/das-note-021/amir_kameyama_ws/install/observation_msgs:/home/das-note-021/amir_kameyama_ws/install/my_utility:/home/das-note-021/amir_kameyama_ws/install/failure_detection_msgs:/home/das-note-021/amir_kameyama_ws/install/mecanum_navigation2:/home/das-note-021/amir_kameyama_ws/install/amir_operation:/home/das-note-021/amir_kameyama_ws/install/line_msg:/home/das-note-021/amir_kameyama_ws/install/joint_state_publisher_tutorial:/home/das-note-021/amir_kameyama_ws/install/bebop_msgs:/home/das-note-021/amir_kameyama_ws/install/amir_navigation:/home/das-note-021/kameyama_ws/install/slam_toolbox:/home/das-note-021/kameyama_ws/install/slam_gmapping:/home/das-note-021/kameyama_ws/install/rviz_utility:/home/das-note-021/kameyama_ws/install/ros2_behavior_tree:/home/das-note-021/kameyama_ws/install/amir_operation:/home/das-note-021/kameyama_ws/install/ros2_aruco_interfaces:/home/das-note-021/kameyama_ws/install/openslam_gmapping:/home/das-note-021/kameyama_ws/install/observation:/home/das-note-021/kameyama_ws/install/observation_msgs:/home/das-note-021/kameyama_ws/install/my_utility:/home/das-note-021/kameyama_ws/install/failure_detection_msgs:/home/das-note-021/kameyama_ws/install/my_nav_msgs:/home/das-note-021/kameyama_ws/install/mecanum_navigation2:/home/das-note-021/kameyama_ws/install/littleslam_ros2:/home/das-note-021/kameyama_ws/install/line_msg:/home/das-note-021/kameyama_ws/install/joint_state_publisher_tutorial:/home/das-note-021/kameyama_ws/install/emcl2:/home/das-note-021/kameyama_ws/install/behavior_tree_msgs:/home/das-note-021/kameyama_ws/install/bebop_msgs:/home/das-note-021/kameyama_ws/install/amir_navigation:/home/das-note-021/amir_basic_ws/install/realsense2_description:/home/das-note-021/amir_basic_ws/install/realsense2_camera:/home/das-note-021/amir_basic_ws/install/realsense2_camera_msgs:/home/das-note-021/amir_basic_ws/install/darknet_ros:/home/das-note-021/amir_basic_ws/install/darknet_ros_msgs:/home/das-note-021/amir_basic_ws/install/amir_interfaces:/home/das-note-021/amir_kameyama_ws/install/failure_detection:/home/das-note-021/amir_kameyama_ws/install/bt_generator:/home/das-note-021/kameyama_ws/install/ros2_aruco:/home/das-note-021/kameyama_ws/install/failure_detection:/home/das-note-021/kameyama_ws/install/bt_generator:/opt/ros/humble LD_LIBRARY_PATH=/home/das-note-021/amir_kameyama_ws/install/my_nav_msgs/lib:/home/das-note-021/amir_kameyama_ws/install/behavior_tree_msgs/lib:/home/das-note-021/amir_kameyama_ws/install/ar_track_alvar_msgs/lib:/home/das-note-021/amir_kameyama_ws/install/ros2_behavior_tree/lib:/home/das-note-021/amir_kameyama_ws/install/observation_msgs/lib:/home/das-note-021/amir_kameyama_ws/install/failure_detection_msgs/lib:/home/das-note-021/amir_kameyama_ws/install/line_msg/lib:/home/das-note-021/amir_kameyama_ws/install/bebop_msgs/lib:/home/das-note-021/kameyama_ws/install/slam_toolbox/lib:/home/das-note-021/kameyama_ws/install/ros2_behavior_tree/lib:/home/das-note-021/kameyama_ws/install/ros2_aruco_interfaces/lib:/home/das-note-021/kameyama_ws/install/openslam_gmapping/lib:/home/das-note-021/kameyama_ws/install/observation_msgs/lib:/home/das-note-021/kameyama_ws/install/failure_detection_msgs/lib:/home/das-note-021/kameyama_ws/install/my_nav_msgs/lib:/home/das-note-021/kameyama_ws/install/littleslam_ros2/lib:/home/das-note-021/kameyama_ws/install/line_msg/lib:/home/das-note-021/kameyama_ws/install/behavior_tree_msgs/lib:/home/das-note-021/kameyama_ws/install/bebop_msgs/lib:/home/das-note-021/amir_basic_ws/install/realsense2_camera/lib:/home/das-note-021/amir_basic_ws/install/realsense2_camera_msgs/lib:/home/das-note-021/amir_basic_ws/install/darknet_ros/lib:/home/das-note-021/amir_basic_ws/install/darknet_ros_msgs/lib:/home/das-note-021/amir_basic_ws/install/amir_interfaces/lib:/usr/lib/x86_64-linux-gnu/gazebo-11/plugins:/opt/ros/humble/opt/rviz_ogre_vendor/lib:/opt/ros/humble/lib/x86_64-linux-gnu:/opt/ros/humble/lib:/usr/local/cuda/lib64 /usr/bin/cmake --install /home/das-note-021/amir_kameyama_ws/build/failure_detection_msgs
