[0.053s] Invoking command in '/home/rover/kameyama_ws/build/amir_navigation': CMAKE_PREFIX_PATH=${CMAKE_PREFIX_PATH}:/home/rover/amir_basic_ws/install/nav2_simple_commander:/home/rover/amir_basic_ws/install/camera_calibration:/opt/ros/humble /usr/bin/cmake --build /home/rover/kameyama_ws/build/amir_navigation -- -j12 -l12
[1.209s] Invoked command in '/home/rover/kameyama_ws/build/amir_navigation' returned '0': CMAKE_PREFIX_PATH=${CMAKE_PREFIX_PATH}:/home/rover/amir_basic_ws/install/nav2_simple_commander:/home/rover/amir_basic_ws/install/camera_calibration:/opt/ros/humble /usr/bin/cmake --build /home/rover/kameyama_ws/build/amir_navigation -- -j12 -l12
[1.231s] Invoking command in '/home/rover/kameyama_ws/build/amir_navigation': CMAKE_PREFIX_PATH=${CMAKE_PREFIX_PATH}:/home/rover/amir_basic_ws/install/nav2_simple_commander:/home/rover/amir_basic_ws/install/camera_calibration:/opt/ros/humble /usr/bin/cmake --install /home/rover/kameyama_ws/build/amir_navigation
[1.357s] -- Install configuration: ""
[1.357s] -- Execute custom install script
[1.357s] -- Up-to-date symlink: /home/rover/kameyama_ws/install/amir_navigation/share/ament_index/resource_index/package_run_dependencies/amir_navigation
[1.357s] -- Up-to-date symlink: /home/rover/kameyama_ws/install/amir_navigation/share/ament_index/resource_index/parent_prefix_path/amir_navigation
[1.357s] -- Up-to-date symlink: /home/rover/kameyama_ws/install/amir_navigation/share/amir_navigation/environment/ament_prefix_path.sh
[1.357s] -- Up-to-date symlink: /home/rover/kameyama_ws/install/amir_navigation/share/amir_navigation/environment/ament_prefix_path.dsv
[1.357s] -- Up-to-date symlink: /home/rover/kameyama_ws/install/amir_navigation/share/amir_navigation/environment/path.sh
[1.357s] -- Up-to-date symlink: /home/rover/kameyama_ws/install/amir_navigation/share/amir_navigation/environment/path.dsv
[1.357s] -- Up-to-date symlink: /home/rover/kameyama_ws/install/amir_navigation/share/amir_navigation/local_setup.bash
[1.357s] -- Up-to-date symlink: /home/rover/kameyama_ws/install/amir_navigation/share/amir_navigation/local_setup.sh
[1.357s] -- Up-to-date symlink: /home/rover/kameyama_ws/install/amir_navigation/share/amir_navigation/local_setup.zsh
[1.358s] -- Up-to-date symlink: /home/rover/kameyama_ws/install/amir_navigation/share/amir_navigation/local_setup.dsv
[1.358s] -- Symlinking: /home/rover/kameyama_ws/install/amir_navigation/share/amir_navigation/package.dsv
[1.358s] -- Up-to-date symlink: /home/rover/kameyama_ws/install/amir_navigation/share/ament_index/resource_index/packages/amir_navigation
[1.358s] -- Up-to-date symlink: /home/rover/kameyama_ws/install/amir_navigation/share/amir_navigation/cmake/amir_navigationConfig.cmake
[1.358s] -- Up-to-date symlink: /home/rover/kameyama_ws/install/amir_navigation/share/amir_navigation/cmake/amir_navigationConfig-version.cmake
[1.358s] -- Up-to-date symlink: /home/rover/kameyama_ws/install/amir_navigation/share/amir_navigation/package.xml
[1.367s] Invoked command in '/home/rover/kameyama_ws/build/amir_navigation' returned '0': CMAKE_PREFIX_PATH=${CMAKE_PREFIX_PATH}:/home/rover/amir_basic_ws/install/nav2_simple_commander:/home/rover/amir_basic_ws/install/camera_calibration:/opt/ros/humble /usr/bin/cmake --install /home/rover/kameyama_ws/build/amir_navigation
