gmake[1]: *** [CMakeFiles/Makefile2:565: CMakeFiles/bebop_msgs__rosidl_typesupport_c__pyext.dir/all] 割り込み
Traceback (most recent call last):
  File "/home/rover/kameyama_ws/build/bebop_msgs/ament_cmake_python/bebop_msgs/setup.py", line 1, in <module>
    from setuptools import find_packages
  File "/home/rover/.local/lib/python3.10/site-packages/setuptools/__init__.py", line 14, in <module>
gmake[1]: *** [CMakeFiles/Makefile2:506: CMakeFiles/bebop_msgs__rosidl_typesupport_fastrtps_c__pyext.dir/all] 割り込み
    import setuptools.version
  File "/home/rover/.local/lib/python3.10/site-packages/setuptools/version.py", line 1, in <module>
    import pkg_resources
  File "/home/rover/.local/lib/python3.10/site-packages/pkg_resources/__init__.py", line 3247, in <module>
    def _initialize_master_working_set():
  File "/home/rover/.local/lib/python3.10/site-packages/pkg_resources/__init__.py", line 3221, in _call_aside
    f(*args, **kwargs)
  File "/home/rover/.local/lib/python3.10/site-packages/pkg_resources/__init__.py", line 3282, in _initialize_master_working_set
    list(map(working_set.add_entry, sys.path))
  File "/home/rover/.local/lib/python3.10/site-packages/pkg_resources/__init__.py", line 619, in add_entry
    for dist in find_distributions(entry, True):
  File "/home/rover/.local/lib/python3.10/site-packages/pkg_resources/__init__.py", line 2083, in find_on_path
    for dist in factory(fullpath):
  File "/home/rover/.local/lib/python3.10/site-packages/pkg_resources/__init__.py", line 2148, in distributions_from_metadata
    yield Distribution.from_location(
  File "/home/rover/.local/lib/python3.10/site-packages/pkg_resources/__init__.py", line 2591, in from_location
    match = EGG_NAME(basename)
KeyboardInterrupt
gmake[1]: *** [CMakeFiles/Makefile2:536: CMakeFiles/bebop_msgs__rosidl_typesupport_introspection_c__pyext.dir/all] 割り込み
gmake[2]: *** [CMakeFiles/ament_cmake_python_build_bebop_msgs_egg.dir/build.make:70: CMakeFiles/ament_cmake_python_build_bebop_msgs_egg] 割り込み
gmake[1]: *** [CMakeFiles/Makefile2:447: CMakeFiles/ament_cmake_python_build_bebop_msgs_egg.dir/all] 割り込み
gmake: *** [Makefile:146: all] 割り込み
