[0.047s] Invoking command in '/home/rover/kameyama_ws/build/mecanum_navigation2': CMAKE_PREFIX_PATH=${CMAKE_PREFIX_PATH}:/home/rover/amir_basic_ws/install/nav2_simple_commander:/home/rover/amir_basic_ws/install/camera_calibration:/opt/ros/humble /usr/bin/cmake /home/rover/kameyama_ws/src/mecanum_navigation2 -DAMENT_CMAKE_SYMLINK_INSTALL=1 -DCMAKE_INSTALL_PREFIX=/home/rover/kameyama_ws/install/mecanum_navigation2
[1.336s] -- The C compiler identification is GNU 11.4.0
[1.336s] -- The CXX compiler identification is GNU 11.4.0
[1.336s] -- Detecting C compiler ABI info
[1.336s] -- Detecting C compiler ABI info - done
[1.336s] -- Check for working C compiler: /usr/bin/cc - skipped
[1.336s] -- Detecting C compile features
[1.336s] -- Detecting C compile features - done
[1.336s] -- Detecting CXX compiler ABI info
[1.336s] -- Detecting CXX compiler ABI info - done
[1.336s] -- Check for working CXX compiler: /usr/bin/c++ - skipped
[1.336s] -- Detecting CXX compile features
[1.336s] -- Detecting CXX compile features - done
[1.336s] -- Found ament_cmake: 1.3.11 (/opt/ros/humble/share/ament_cmake/cmake)
[3.419s] -- Found Python3: /usr/bin/python3 (found version "3.10.12") found components: Interpreter 
[3.537s] -- Override CMake install command with custom implementation using symlinks instead of copying resources
[4.100s] -- Configuring done
[4.103s] -- Generating done
[4.109s] -- Build files have been written to: /home/rover/kameyama_ws/build/mecanum_navigation2
[4.135s] Invoked command in '/home/rover/kameyama_ws/build/mecanum_navigation2' returned '0': CMAKE_PREFIX_PATH=${CMAKE_PREFIX_PATH}:/home/rover/amir_basic_ws/install/nav2_simple_commander:/home/rover/amir_basic_ws/install/camera_calibration:/opt/ros/humble /usr/bin/cmake /home/rover/kameyama_ws/src/mecanum_navigation2 -DAMENT_CMAKE_SYMLINK_INSTALL=1 -DCMAKE_INSTALL_PREFIX=/home/rover/kameyama_ws/install/mecanum_navigation2
[4.136s] Invoking command in '/home/rover/kameyama_ws/build/mecanum_navigation2': CMAKE_PREFIX_PATH=${CMAKE_PREFIX_PATH}:/home/rover/amir_basic_ws/install/nav2_simple_commander:/home/rover/amir_basic_ws/install/camera_calibration:/opt/ros/humble /usr/bin/cmake --build /home/rover/kameyama_ws/build/mecanum_navigation2 -- -j12 -l12
[6.957s] Invoked command in '/home/rover/kameyama_ws/build/mecanum_navigation2' returned '0': CMAKE_PREFIX_PATH=${CMAKE_PREFIX_PATH}:/home/rover/amir_basic_ws/install/nav2_simple_commander:/home/rover/amir_basic_ws/install/camera_calibration:/opt/ros/humble /usr/bin/cmake --build /home/rover/kameyama_ws/build/mecanum_navigation2 -- -j12 -l12
[6.961s] Invoking command in '/home/rover/kameyama_ws/build/mecanum_navigation2': CMAKE_PREFIX_PATH=${CMAKE_PREFIX_PATH}:/home/rover/amir_basic_ws/install/nav2_simple_commander:/home/rover/amir_basic_ws/install/camera_calibration:/opt/ros/humble /usr/bin/cmake --install /home/rover/kameyama_ws/build/mecanum_navigation2
[8.053s] -- Install configuration: ""
[8.053s] -- Execute custom install script
[8.053s] -- Symlinking: /home/rover/kameyama_ws/install/mecanum_navigation2/share/mecanum_navigation2/launch/bringup_launch.py
[8.053s] -- Symlinking: /home/rover/kameyama_ws/install/mecanum_navigation2/share/mecanum_navigation2/launch/mecanum2_launch.py
[8.053s] -- Symlinking: /home/rover/kameyama_ws/install/mecanum_navigation2/share/mecanum_navigation2/launch/mecanum_launch.py
[8.053s] -- Symlinking: /home/rover/kameyama_ws/install/mecanum_navigation2/share/mecanum_navigation2/launch/navigation2.launch.py
[8.053s] -- Symlinking: /home/rover/kameyama_ws/install/mecanum_navigation2/share/mecanum_navigation2/launch/rviz_launch.py
[8.053s] -- Symlinking: /home/rover/kameyama_ws/install/mecanum_navigation2/share/mecanum_navigation2/launch/slam_toolbox_launch.py
[8.053s] -- Symlinking: /home/rover/kameyama_ws/install/mecanum_navigation2/share/mecanum_navigation2/map/turtlebot3_world.pgm
[8.053s] -- Symlinking: /home/rover/kameyama_ws/install/mecanum_navigation2/share/mecanum_navigation2/map/turtlebot3_world.yaml
[8.053s] -- Symlinking: /home/rover/kameyama_ws/install/mecanum_navigation2/share/mecanum_navigation2/params/amir.yaml
[8.053s] -- Symlinking: /home/rover/kameyama_ws/install/mecanum_navigation2/share/mecanum_navigation2/params/burger.yaml
[8.053s] -- Symlinking: /home/rover/kameyama_ws/install/mecanum_navigation2/share/mecanum_navigation2/params/mecanum (another copy).yaml
[8.053s] -- Symlinking: /home/rover/kameyama_ws/install/mecanum_navigation2/share/mecanum_navigation2/params/mecanum (copy).yaml
[8.053s] -- Symlinking: /home/rover/kameyama_ws/install/mecanum_navigation2/share/mecanum_navigation2/params/waffle.yaml
[8.053s] -- Symlinking: /home/rover/kameyama_ws/install/mecanum_navigation2/share/mecanum_navigation2/params/waffle_pi.yaml
[8.053s] -- Symlinking: /home/rover/kameyama_ws/install/mecanum_navigation2/share/mecanum_navigation2/rviz/navigation.rviz
[8.054s] -- Symlinking: /home/rover/kameyama_ws/install/mecanum_navigation2/share/mecanum_navigation2/config/mapper_params_online_async.yaml
[8.054s] -- Symlinking: /home/rover/kameyama_ws/install/mecanum_navigation2/share/mecanum_navigation2/config/mapper_params_online_sync.yaml
[8.054s] -- Symlinking: /home/rover/kameyama_ws/install/mecanum_navigation2/share/ament_index/resource_index/package_run_dependencies/mecanum_navigation2
[8.054s] -- Symlinking: /home/rover/kameyama_ws/install/mecanum_navigation2/share/ament_index/resource_index/parent_prefix_path/mecanum_navigation2
[8.054s] -- Symlinking: /home/rover/kameyama_ws/install/mecanum_navigation2/share/mecanum_navigation2/environment/ament_prefix_path.sh
[8.054s] -- Symlinking: /home/rover/kameyama_ws/install/mecanum_navigation2/share/mecanum_navigation2/environment/ament_prefix_path.dsv
[8.054s] -- Symlinking: /home/rover/kameyama_ws/install/mecanum_navigation2/share/mecanum_navigation2/environment/path.sh
[8.054s] -- Symlinking: /home/rover/kameyama_ws/install/mecanum_navigation2/share/mecanum_navigation2/environment/path.dsv
[8.054s] -- Symlinking: /home/rover/kameyama_ws/install/mecanum_navigation2/share/mecanum_navigation2/local_setup.bash
[8.054s] -- Symlinking: /home/rover/kameyama_ws/install/mecanum_navigation2/share/mecanum_navigation2/local_setup.sh
[8.054s] -- Symlinking: /home/rover/kameyama_ws/install/mecanum_navigation2/share/mecanum_navigation2/local_setup.zsh
[8.054s] -- Symlinking: /home/rover/kameyama_ws/install/mecanum_navigation2/share/mecanum_navigation2/local_setup.dsv
[8.054s] -- Symlinking: /home/rover/kameyama_ws/install/mecanum_navigation2/share/mecanum_navigation2/package.dsv
[8.054s] -- Symlinking: /home/rover/kameyama_ws/install/mecanum_navigation2/share/ament_index/resource_index/packages/mecanum_navigation2
[8.054s] -- Symlinking: /home/rover/kameyama_ws/install/mecanum_navigation2/share/mecanum_navigation2/cmake/mecanum_navigation2Config.cmake
[8.054s] -- Symlinking: /home/rover/kameyama_ws/install/mecanum_navigation2/share/mecanum_navigation2/cmake/mecanum_navigation2Config-version.cmake
[8.054s] -- Symlinking: /home/rover/kameyama_ws/install/mecanum_navigation2/share/mecanum_navigation2/package.xml
[8.072s] Invoked command in '/home/rover/kameyama_ws/build/mecanum_navigation2' returned '0': CMAKE_PREFIX_PATH=${CMAKE_PREFIX_PATH}:/home/rover/amir_basic_ws/install/nav2_simple_commander:/home/rover/amir_basic_ws/install/camera_calibration:/opt/ros/humble /usr/bin/cmake --install /home/rover/kameyama_ws/build/mecanum_navigation2
