[0.901s] Invoking command in '/home/rover/kameyama_ws/build/emcl2': CMAKE_PREFIX_PATH=${CMAKE_PREFIX_PATH}:/home/rover/kameyama_ws/install/ros2_aruco:/home/rover/kameyama_ws/install/failure_detection:/home/rover/kameyama_ws/install/bt_generator:/home/rover/amir_basic_ws/install/nav2_simple_commander:/home/rover/amir_basic_ws/install/camera_calibration:/opt/ros/humble /usr/bin/cmake --build /home/rover/kameyama_ws/build/emcl2 -- -j12 -l12
[1.017s] [100%] Built target emcl2_node
[1.036s] Invoked command in '/home/rover/kameyama_ws/build/emcl2' returned '0': CMAKE_PREFIX_PATH=${CMAKE_PREFIX_PATH}:/home/rover/kameyama_ws/install/ros2_aruco:/home/rover/kameyama_ws/install/failure_detection:/home/rover/kameyama_ws/install/bt_generator:/home/rover/amir_basic_ws/install/nav2_simple_commander:/home/rover/amir_basic_ws/install/camera_calibration:/opt/ros/humble /usr/bin/cmake --build /home/rover/kameyama_ws/build/emcl2 -- -j12 -l12
[1.038s] Invoking command in '/home/rover/kameyama_ws/build/emcl2': CMAKE_PREFIX_PATH=${CMAKE_PREFIX_PATH}:/home/rover/kameyama_ws/install/ros2_aruco:/home/rover/kameyama_ws/install/failure_detection:/home/rover/kameyama_ws/install/bt_generator:/home/rover/amir_basic_ws/install/nav2_simple_commander:/home/rover/amir_basic_ws/install/camera_calibration:/opt/ros/humble /usr/bin/cmake --install /home/rover/kameyama_ws/build/emcl2
[1.055s] -- Install configuration: ""
[1.056s] -- Execute custom install script
[1.056s] -- Up-to-date symlink: /home/rover/kameyama_ws/install/emcl2/lib/emcl2/test.bash
[1.056s] -- Up-to-date symlink: /home/rover/kameyama_ws/install/emcl2/lib/emcl2/test_gui.bash
[1.056s] -- Up-to-date symlink: /home/rover/kameyama_ws/install/emcl2/include/emcl2/ExpResetMcl2.h
[1.056s] -- Up-to-date symlink: /home/rover/kameyama_ws/install/emcl2/include/emcl2/LikelihoodFieldMap.h
[1.056s] -- Up-to-date symlink: /home/rover/kameyama_ws/install/emcl2/include/emcl2/Mcl.h
[1.056s] -- Up-to-date symlink: /home/rover/kameyama_ws/install/emcl2/include/emcl2/OdomModel.h
[1.056s] -- Up-to-date symlink: /home/rover/kameyama_ws/install/emcl2/include/emcl2/Particle.h
[1.056s] -- Up-to-date symlink: /home/rover/kameyama_ws/install/emcl2/include/emcl2/Pose.h
[1.056s] -- Up-to-date symlink: /home/rover/kameyama_ws/install/emcl2/include/emcl2/Scan.h
[1.056s] -- Up-to-date symlink: /home/rover/kameyama_ws/install/emcl2/include/emcl2/emcl2_node.h
[1.057s] -- Up-to-date symlink: /home/rover/kameyama_ws/install/emcl2/lib/emcl2/emcl2_node
[1.057s] -- Up-to-date symlink: /home/rover/kameyama_ws/install/emcl2/share/emcl2/config/emcl2.param.yaml
[1.057s] -- Up-to-date symlink: /home/rover/kameyama_ws/install/emcl2/share/emcl2/config/emcl2_quick_start.param.yaml
[1.058s] -- Up-to-date symlink: /home/rover/kameyama_ws/install/emcl2/share/emcl2/launch/emcl2.launch.py
[1.058s] -- Up-to-date symlink: /home/rover/kameyama_ws/install/emcl2/share/emcl2/test/demo.bash
[1.058s] -- Up-to-date symlink: /home/rover/kameyama_ws/install/emcl2/share/emcl2/test/test.bash
[1.058s] -- Up-to-date symlink: /home/rover/kameyama_ws/install/emcl2/share/emcl2/test/test.launch.xml
[1.058s] -- Up-to-date symlink: /home/rover/kameyama_ws/install/emcl2/share/emcl2/test/test_gui.bash
[1.058s] -- Up-to-date symlink: /home/rover/kameyama_ws/install/emcl2/share/ament_index/resource_index/package_run_dependencies/emcl2
[1.059s] -- Up-to-date symlink: /home/rover/kameyama_ws/install/emcl2/share/ament_index/resource_index/parent_prefix_path/emcl2
[1.059s] -- Up-to-date symlink: /home/rover/kameyama_ws/install/emcl2/share/emcl2/environment/ament_prefix_path.sh
[1.059s] -- Up-to-date symlink: /home/rover/kameyama_ws/install/emcl2/share/emcl2/environment/ament_prefix_path.dsv
[1.059s] -- Up-to-date symlink: /home/rover/kameyama_ws/install/emcl2/share/emcl2/environment/path.sh
[1.059s] -- Up-to-date symlink: /home/rover/kameyama_ws/install/emcl2/share/emcl2/environment/path.dsv
[1.060s] -- Up-to-date symlink: /home/rover/kameyama_ws/install/emcl2/share/emcl2/local_setup.bash
[1.060s] -- Up-to-date symlink: /home/rover/kameyama_ws/install/emcl2/share/emcl2/local_setup.sh
[1.060s] -- Up-to-date symlink: /home/rover/kameyama_ws/install/emcl2/share/emcl2/local_setup.zsh
[1.060s] -- Up-to-date symlink: /home/rover/kameyama_ws/install/emcl2/share/emcl2/local_setup.dsv
[1.060s] -- Symlinking: /home/rover/kameyama_ws/install/emcl2/share/emcl2/package.dsv
[1.079s] -- Up-to-date symlink: /home/rover/kameyama_ws/install/emcl2/share/ament_index/resource_index/packages/emcl2
[1.079s] -- Up-to-date symlink: /home/rover/kameyama_ws/install/emcl2/share/emcl2/cmake/ament_cmake_export_dependencies-extras.cmake
[1.079s] -- Up-to-date symlink: /home/rover/kameyama_ws/install/emcl2/share/emcl2/cmake/ament_cmake_export_include_directories-extras.cmake
[1.079s] -- Up-to-date symlink: /home/rover/kameyama_ws/install/emcl2/share/emcl2/cmake/emcl2Config.cmake
[1.079s] -- Up-to-date symlink: /home/rover/kameyama_ws/install/emcl2/share/emcl2/cmake/emcl2Config-version.cmake
[1.079s] -- Up-to-date symlink: /home/rover/kameyama_ws/install/emcl2/share/emcl2/package.xml
[1.102s] Invoked command in '/home/rover/kameyama_ws/build/emcl2' returned '0': CMAKE_PREFIX_PATH=${CMAKE_PREFIX_PATH}:/home/rover/kameyama_ws/install/ros2_aruco:/home/rover/kameyama_ws/install/failure_detection:/home/rover/kameyama_ws/install/bt_generator:/home/rover/amir_basic_ws/install/nav2_simple_commander:/home/rover/amir_basic_ws/install/camera_calibration:/opt/ros/humble /usr/bin/cmake --install /home/rover/kameyama_ws/build/emcl2
