[  0%] Built target behavior_tree_msgs__cpp
[ 12%] Built target behavior_tree_msgs__rosidl_generator_c
[ 12%] Built target ament_cmake_python_symlink_behavior_tree_msgs
[ 24%] Built target behavior_tree_msgs__rosidl_typesupport_cpp
[ 45%] Built target behavior_tree_msgs__rosidl_typesupport_fastrtps_cpp
[ 52%] Built target behavior_tree_msgs__rosidl_typesupport_introspection_c
[ 62%] Built target behavior_tree_msgs__rosidl_typesupport_introspection_cpp
[ 74%] Built target behavior_tree_msgs__rosidl_typesupport_fastrtps_c
[ 86%] Built target behavior_tree_msgs__rosidl_typesupport_c
[ 86%] Built target behavior_tree_msgs
[ 86%] Built target behavior_tree_msgs__py
[ 98%] Built target behavior_tree_msgs__rosidl_generator_py
[ 99%] Built target behavior_tree_msgs__rosidl_typesupport_fastrtps_c__pyext
[ 99%] Built target behavior_tree_msgs__rosidl_typesupport_introspection_c__pyext
[100%] Built target behavior_tree_msgs__rosidl_typesupport_c__pyext
running egg_info
writing behavior_tree_msgs.egg-info/PKG-INFO
writing dependency_links to behavior_tree_msgs.egg-info/dependency_links.txt
writing top-level names to behavior_tree_msgs.egg-info/top_level.txt
reading manifest file 'behavior_tree_msgs.egg-info/SOURCES.txt'
writing manifest file 'behavior_tree_msgs.egg-info/SOURCES.txt'
[100%] Built target ament_cmake_python_build_behavior_tree_msgs_egg
-- Install configuration: ""
-- Execute custom install script
-- Up-to-date symlink: /home/rover/kameyama_ws/install/behavior_tree_msgs/share/ament_index/resource_index/rosidl_interfaces/behavior_tree_msgs
-- Up-to-date symlink: /home/rover/kameyama_ws/install/behavior_tree_msgs/include/behavior_tree_msgs/behavior_tree_msgs/action/approach.h
-- Up-to-date symlink: /home/rover/kameyama_ws/install/behavior_tree_msgs/include/behavior_tree_msgs/behavior_tree_msgs/action/camera_search.h
-- Up-to-date symlink: /home/rover/kameyama_ws/install/behavior_tree_msgs/include/behavior_tree_msgs/behavior_tree_msgs/action/check_ik.h
-- Up-to-date symlink: /home/rover/kameyama_ws/install/behavior_tree_msgs/include/behavior_tree_msgs/behavior_tree_msgs/action/detail/approach__functions.h
-- Up-to-date symlink: /home/rover/kameyama_ws/install/behavior_tree_msgs/include/behavior_tree_msgs/behavior_tree_msgs/action/detail/approach__struct.h
-- Up-to-date symlink: /home/rover/kameyama_ws/install/behavior_tree_msgs/include/behavior_tree_msgs/behavior_tree_msgs/action/detail/approach__type_support.h
-- Up-to-date symlink: /home/rover/kameyama_ws/install/behavior_tree_msgs/include/behavior_tree_msgs/behavior_tree_msgs/action/detail/camera_search__functions.h
-- Up-to-date symlink: /home/rover/kameyama_ws/install/behavior_tree_msgs/include/behavior_tree_msgs/behavior_tree_msgs/action/detail/camera_search__struct.h
-- Up-to-date symlink: /home/rover/kameyama_ws/install/behavior_tree_msgs/include/behavior_tree_msgs/behavior_tree_msgs/action/detail/camera_search__type_support.h
-- Up-to-date symlink: /home/rover/kameyama_ws/install/behavior_tree_msgs/include/behavior_tree_msgs/behavior_tree_msgs/action/detail/check_ik__functions.h
-- Up-to-date symlink: /home/rover/kameyama_ws/install/behavior_tree_msgs/include/behavior_tree_msgs/behavior_tree_msgs/action/detail/check_ik__struct.h
-- Up-to-date symlink: /home/rover/kameyama_ws/install/behavior_tree_msgs/include/behavior_tree_msgs/behavior_tree_msgs/action/detail/check_ik__type_support.h
-- Up-to-date symlink: /home/rover/kameyama_ws/install/behavior_tree_msgs/include/behavior_tree_msgs/behavior_tree_msgs/action/detail/execute_tree__functions.h
-- Up-to-date symlink: /home/rover/kameyama_ws/install/behavior_tree_msgs/include/behavior_tree_msgs/behavior_tree_msgs/action/detail/execute_tree__struct.h
-- Up-to-date symlink: /home/rover/kameyama_ws/install/behavior_tree_msgs/include/behavior_tree_msgs/behavior_tree_msgs/action/detail/execute_tree__type_support.h
-- Up-to-date symlink: /home/rover/kameyama_ws/install/behavior_tree_msgs/include/behavior_tree_msgs/behavior_tree_msgs/action/detail/gen_approach__functions.h
-- Up-to-date symlink: /home/rover/kameyama_ws/install/behavior_tree_msgs/include/behavior_tree_msgs/behavior_tree_msgs/action/detail/gen_approach__struct.h
-- Up-to-date symlink: /home/rover/kameyama_ws/install/behavior_tree_msgs/include/behavior_tree_msgs/behavior_tree_msgs/action/detail/gen_approach__type_support.h
-- Up-to-date symlink: /home/rover/kameyama_ws/install/behavior_tree_msgs/include/behavior_tree_msgs/behavior_tree_msgs/action/detail/grasp__functions.h
-- Up-to-date symlink: /home/rover/kameyama_ws/install/behavior_tree_msgs/include/behavior_tree_msgs/behavior_tree_msgs/action/detail/grasp__struct.h
-- Up-to-date symlink: /home/rover/kameyama_ws/install/behavior_tree_msgs/include/behavior_tree_msgs/behavior_tree_msgs/action/detail/grasp__type_support.h
-- Up-to-date symlink: /home/rover/kameyama_ws/install/behavior_tree_msgs/include/behavior_tree_msgs/behavior_tree_msgs/action/detail/mecanum_move__functions.h
-- Up-to-date symlink: /home/rover/kameyama_ws/install/behavior_tree_msgs/include/behavior_tree_msgs/behavior_tree_msgs/action/detail/mecanum_move__struct.h
-- Up-to-date symlink: /home/rover/kameyama_ws/install/behavior_tree_msgs/include/behavior_tree_msgs/behavior_tree_msgs/action/detail/mecanum_move__type_support.h
-- Up-to-date symlink: /home/rover/kameyama_ws/install/behavior_tree_msgs/include/behavior_tree_msgs/behavior_tree_msgs/action/detail/mecanum_search__functions.h
-- Up-to-date symlink: /home/rover/kameyama_ws/install/behavior_tree_msgs/include/behavior_tree_msgs/behavior_tree_msgs/action/detail/mecanum_search__struct.h
-- Up-to-date symlink: /home/rover/kameyama_ws/install/behavior_tree_msgs/include/behavior_tree_msgs/behavior_tree_msgs/action/detail/mecanum_search__type_support.h
-- Up-to-date symlink: /home/rover/kameyama_ws/install/behavior_tree_msgs/include/behavior_tree_msgs/behavior_tree_msgs/action/detail/mecanum_spin__functions.h
-- Up-to-date symlink: /home/rover/kameyama_ws/install/behavior_tree_msgs/include/behavior_tree_msgs/behavior_tree_msgs/action/detail/mecanum_spin__struct.h
-- Up-to-date symlink: /home/rover/kameyama_ws/install/behavior_tree_msgs/include/behavior_tree_msgs/behavior_tree_msgs/action/detail/mecanum_spin__type_support.h
-- Up-to-date symlink: /home/rover/kameyama_ws/install/behavior_tree_msgs/include/behavior_tree_msgs/behavior_tree_msgs/action/detail/move_arm__functions.h
-- Up-to-date symlink: /home/rover/kameyama_ws/install/behavior_tree_msgs/include/behavior_tree_msgs/behavior_tree_msgs/action/detail/move_arm__struct.h
-- Up-to-date symlink: /home/rover/kameyama_ws/install/behavior_tree_msgs/include/behavior_tree_msgs/behavior_tree_msgs/action/detail/move_arm__type_support.h
-- Up-to-date symlink: /home/rover/kameyama_ws/install/behavior_tree_msgs/include/behavior_tree_msgs/behavior_tree_msgs/action/detail/move_meca__functions.h
-- Up-to-date symlink: /home/rover/kameyama_ws/install/behavior_tree_msgs/include/behavior_tree_msgs/behavior_tree_msgs/action/detail/move_meca__struct.h
-- Up-to-date symlink: /home/rover/kameyama_ws/install/behavior_tree_msgs/include/behavior_tree_msgs/behavior_tree_msgs/action/detail/move_meca__type_support.h
-- Up-to-date symlink: /home/rover/kameyama_ws/install/behavior_tree_msgs/include/behavior_tree_msgs/behavior_tree_msgs/action/detail/pick__functions.h
-- Up-to-date symlink: /home/rover/kameyama_ws/install/behavior_tree_msgs/include/behavior_tree_msgs/behavior_tree_msgs/action/detail/pick__struct.h
-- Up-to-date symlink: /home/rover/kameyama_ws/install/behavior_tree_msgs/include/behavior_tree_msgs/behavior_tree_msgs/action/detail/pick__type_support.h
-- Up-to-date symlink: /home/rover/kameyama_ws/install/behavior_tree_msgs/include/behavior_tree_msgs/behavior_tree_msgs/action/detail/place__functions.h
-- Up-to-date symlink: /home/rover/kameyama_ws/install/behavior_tree_msgs/include/behavior_tree_msgs/behavior_tree_msgs/action/detail/place__struct.h
-- Up-to-date symlink: /home/rover/kameyama_ws/install/behavior_tree_msgs/include/behavior_tree_msgs/behavior_tree_msgs/action/detail/place__type_support.h
-- Up-to-date symlink: /home/rover/kameyama_ws/install/behavior_tree_msgs/include/behavior_tree_msgs/behavior_tree_msgs/action/detail/print_message__functions.h
-- Up-to-date symlink: /home/rover/kameyama_ws/install/behavior_tree_msgs/include/behavior_tree_msgs/behavior_tree_msgs/action/detail/print_message__struct.h
-- Up-to-date symlink: /home/rover/kameyama_ws/install/behavior_tree_msgs/include/behavior_tree_msgs/behavior_tree_msgs/action/detail/print_message__type_support.h
-- Up-to-date symlink: /home/rover/kameyama_ws/install/behavior_tree_msgs/include/behavior_tree_msgs/behavior_tree_msgs/action/detail/search__functions.h
-- Up-to-date symlink: /home/rover/kameyama_ws/install/behavior_tree_msgs/include/behavior_tree_msgs/behavior_tree_msgs/action/detail/search__struct.h
-- Up-to-date symlink: /home/rover/kameyama_ws/install/behavior_tree_msgs/include/behavior_tree_msgs/behavior_tree_msgs/action/detail/search__type_support.h
-- Up-to-date symlink: /home/rover/kameyama_ws/install/behavior_tree_msgs/include/behavior_tree_msgs/behavior_tree_msgs/action/detail/search_obj__functions.h
-- Up-to-date symlink: /home/rover/kameyama_ws/install/behavior_tree_msgs/include/behavior_tree_msgs/behavior_tree_msgs/action/detail/search_obj__struct.h
-- Up-to-date symlink: /home/rover/kameyama_ws/install/behavior_tree_msgs/include/behavior_tree_msgs/behavior_tree_msgs/action/detail/search_obj__type_support.h
-- Up-to-date symlink: /home/rover/kameyama_ws/install/behavior_tree_msgs/include/behavior_tree_msgs/behavior_tree_msgs/action/detail/send_goal__functions.h
-- Up-to-date symlink: /home/rover/kameyama_ws/install/behavior_tree_msgs/include/behavior_tree_msgs/behavior_tree_msgs/action/detail/send_goal__struct.h
-- Up-to-date symlink: /home/rover/kameyama_ws/install/behavior_tree_msgs/include/behavior_tree_msgs/behavior_tree_msgs/action/detail/send_goal__type_support.h
-- Up-to-date symlink: /home/rover/kameyama_ws/install/behavior_tree_msgs/include/behavior_tree_msgs/behavior_tree_msgs/action/execute_tree.h
-- Up-to-date symlink: /home/rover/kameyama_ws/install/behavior_tree_msgs/include/behavior_tree_msgs/behavior_tree_msgs/action/gen_approach.h
-- Up-to-date symlink: /home/rover/kameyama_ws/install/behavior_tree_msgs/include/behavior_tree_msgs/behavior_tree_msgs/action/grasp.h
-- Up-to-date symlink: /home/rover/kameyama_ws/install/behavior_tree_msgs/include/behavior_tree_msgs/behavior_tree_msgs/action/mecanum_move.h
-- Up-to-date symlink: /home/rover/kameyama_ws/install/behavior_tree_msgs/include/behavior_tree_msgs/behavior_tree_msgs/action/mecanum_search.h
-- Up-to-date symlink: /home/rover/kameyama_ws/install/behavior_tree_msgs/include/behavior_tree_msgs/behavior_tree_msgs/action/mecanum_spin.h
-- Up-to-date symlink: /home/rover/kameyama_ws/install/behavior_tree_msgs/include/behavior_tree_msgs/behavior_tree_msgs/action/move_arm.h
-- Up-to-date symlink: /home/rover/kameyama_ws/install/behavior_tree_msgs/include/behavior_tree_msgs/behavior_tree_msgs/action/move_meca.h
-- Up-to-date symlink: /home/rover/kameyama_ws/install/behavior_tree_msgs/include/behavior_tree_msgs/behavior_tree_msgs/action/pick.h
-- Up-to-date symlink: /home/rover/kameyama_ws/install/behavior_tree_msgs/include/behavior_tree_msgs/behavior_tree_msgs/action/place.h
-- Up-to-date symlink: /home/rover/kameyama_ws/install/behavior_tree_msgs/include/behavior_tree_msgs/behavior_tree_msgs/action/print_message.h
-- Up-to-date symlink: /home/rover/kameyama_ws/install/behavior_tree_msgs/include/behavior_tree_msgs/behavior_tree_msgs/action/search.h
-- Up-to-date symlink: /home/rover/kameyama_ws/install/behavior_tree_msgs/include/behavior_tree_msgs/behavior_tree_msgs/action/search_obj.h
-- Up-to-date symlink: /home/rover/kameyama_ws/install/behavior_tree_msgs/include/behavior_tree_msgs/behavior_tree_msgs/action/send_goal.h
-- Up-to-date symlink: /home/rover/kameyama_ws/install/behavior_tree_msgs/include/behavior_tree_msgs/behavior_tree_msgs/msg/bb_float64_array.h
-- Up-to-date symlink: /home/rover/kameyama_ws/install/behavior_tree_msgs/include/behavior_tree_msgs/behavior_tree_msgs/msg/bb_message.h
-- Up-to-date symlink: /home/rover/kameyama_ws/install/behavior_tree_msgs/include/behavior_tree_msgs/behavior_tree_msgs/msg/bb_path.h
-- Up-to-date symlink: /home/rover/kameyama_ws/install/behavior_tree_msgs/include/behavior_tree_msgs/behavior_tree_msgs/msg/bb_pose.h
-- Up-to-date symlink: /home/rover/kameyama_ws/install/behavior_tree_msgs/include/behavior_tree_msgs/behavior_tree_msgs/msg/bt_status.h
-- Up-to-date symlink: /home/rover/kameyama_ws/install/behavior_tree_msgs/include/behavior_tree_msgs/behavior_tree_msgs/msg/detail/bb_float64_array__functions.h
-- Up-to-date symlink: /home/rover/kameyama_ws/install/behavior_tree_msgs/include/behavior_tree_msgs/behavior_tree_msgs/msg/detail/bb_float64_array__struct.h
-- Up-to-date symlink: /home/rover/kameyama_ws/install/behavior_tree_msgs/include/behavior_tree_msgs/behavior_tree_msgs/msg/detail/bb_float64_array__type_support.h
-- Up-to-date symlink: /home/rover/kameyama_ws/install/behavior_tree_msgs/include/behavior_tree_msgs/behavior_tree_msgs/msg/detail/bb_message__functions.h
-- Up-to-date symlink: /home/rover/kameyama_ws/install/behavior_tree_msgs/include/behavior_tree_msgs/behavior_tree_msgs/msg/detail/bb_message__struct.h
-- Up-to-date symlink: /home/rover/kameyama_ws/install/behavior_tree_msgs/include/behavior_tree_msgs/behavior_tree_msgs/msg/detail/bb_message__type_support.h
-- Up-to-date symlink: /home/rover/kameyama_ws/install/behavior_tree_msgs/include/behavior_tree_msgs/behavior_tree_msgs/msg/detail/bb_path__functions.h
-- Up-to-date symlink: /home/rover/kameyama_ws/install/behavior_tree_msgs/include/behavior_tree_msgs/behavior_tree_msgs/msg/detail/bb_path__struct.h
-- Up-to-date symlink: /home/rover/kameyama_ws/install/behavior_tree_msgs/include/behavior_tree_msgs/behavior_tree_msgs/msg/detail/bb_path__type_support.h
-- Up-to-date symlink: /home/rover/kameyama_ws/install/behavior_tree_msgs/include/behavior_tree_msgs/behavior_tree_msgs/msg/detail/bb_pose__functions.h
-- Up-to-date symlink: /home/rover/kameyama_ws/install/behavior_tree_msgs/include/behavior_tree_msgs/behavior_tree_msgs/msg/detail/bb_pose__struct.h
-- Up-to-date symlink: /home/rover/kameyama_ws/install/behavior_tree_msgs/include/behavior_tree_msgs/behavior_tree_msgs/msg/detail/bb_pose__type_support.h
-- Up-to-date symlink: /home/rover/kameyama_ws/install/behavior_tree_msgs/include/behavior_tree_msgs/behavior_tree_msgs/msg/detail/bt_status__functions.h
-- Up-to-date symlink: /home/rover/kameyama_ws/install/behavior_tree_msgs/include/behavior_tree_msgs/behavior_tree_msgs/msg/detail/bt_status__struct.h
-- Up-to-date symlink: /home/rover/kameyama_ws/install/behavior_tree_msgs/include/behavior_tree_msgs/behavior_tree_msgs/msg/detail/bt_status__type_support.h
-- Up-to-date symlink: /home/rover/kameyama_ws/install/behavior_tree_msgs/include/behavior_tree_msgs/behavior_tree_msgs/msg/detail/node_status__functions.h
-- Up-to-date symlink: /home/rover/kameyama_ws/install/behavior_tree_msgs/include/behavior_tree_msgs/behavior_tree_msgs/msg/detail/node_status__struct.h
-- Up-to-date symlink: /home/rover/kameyama_ws/install/behavior_tree_msgs/include/behavior_tree_msgs/behavior_tree_msgs/msg/detail/node_status__type_support.h
-- Up-to-date symlink: /home/rover/kameyama_ws/install/behavior_tree_msgs/include/behavior_tree_msgs/behavior_tree_msgs/msg/detail/object__functions.h
-- Up-to-date symlink: /home/rover/kameyama_ws/install/behavior_tree_msgs/include/behavior_tree_msgs/behavior_tree_msgs/msg/detail/object__struct.h
-- Up-to-date symlink: /home/rover/kameyama_ws/install/behavior_tree_msgs/include/behavior_tree_msgs/behavior_tree_msgs/msg/detail/object__type_support.h
-- Up-to-date symlink: /home/rover/kameyama_ws/install/behavior_tree_msgs/include/behavior_tree_msgs/behavior_tree_msgs/msg/detail/object_array__functions.h
-- Up-to-date symlink: /home/rover/kameyama_ws/install/behavior_tree_msgs/include/behavior_tree_msgs/behavior_tree_msgs/msg/detail/object_array__struct.h
-- Up-to-date symlink: /home/rover/kameyama_ws/install/behavior_tree_msgs/include/behavior_tree_msgs/behavior_tree_msgs/msg/detail/object_array__type_support.h
-- Up-to-date symlink: /home/rover/kameyama_ws/install/behavior_tree_msgs/include/behavior_tree_msgs/behavior_tree_msgs/msg/detail/pixel__functions.h
-- Up-to-date symlink: /home/rover/kameyama_ws/install/behavior_tree_msgs/include/behavior_tree_msgs/behavior_tree_msgs/msg/detail/pixel__struct.h
-- Up-to-date symlink: /home/rover/kameyama_ws/install/behavior_tree_msgs/include/behavior_tree_msgs/behavior_tree_msgs/msg/detail/pixel__type_support.h
-- Up-to-date symlink: /home/rover/kameyama_ws/install/behavior_tree_msgs/include/behavior_tree_msgs/behavior_tree_msgs/msg/node_status.h
-- Up-to-date symlink: /home/rover/kameyama_ws/install/behavior_tree_msgs/include/behavior_tree_msgs/behavior_tree_msgs/msg/object.h
-- Up-to-date symlink: /home/rover/kameyama_ws/install/behavior_tree_msgs/include/behavior_tree_msgs/behavior_tree_msgs/msg/object_array.h
-- Up-to-date symlink: /home/rover/kameyama_ws/install/behavior_tree_msgs/include/behavior_tree_msgs/behavior_tree_msgs/msg/pixel.h
-- Up-to-date symlink: /home/rover/kameyama_ws/install/behavior_tree_msgs/include/behavior_tree_msgs/behavior_tree_msgs/msg/rosidl_generator_c__visibility_control.h
-- Up-to-date symlink: /home/rover/kameyama_ws/install/behavior_tree_msgs/include/behavior_tree_msgs/behavior_tree_msgs/srv/create_bt.h
-- Up-to-date symlink: /home/rover/kameyama_ws/install/behavior_tree_msgs/include/behavior_tree_msgs/behavior_tree_msgs/srv/detail/create_bt__functions.h
-- Up-to-date symlink: /home/rover/kameyama_ws/install/behavior_tree_msgs/include/behavior_tree_msgs/behavior_tree_msgs/srv/detail/create_bt__struct.h
-- Up-to-date symlink: /home/rover/kameyama_ws/install/behavior_tree_msgs/include/behavior_tree_msgs/behavior_tree_msgs/srv/detail/create_bt__type_support.h
-- Up-to-date symlink: /home/rover/kameyama_ws/install/behavior_tree_msgs/include/behavior_tree_msgs/behavior_tree_msgs/srv/detail/fov_check__functions.h
-- Up-to-date symlink: /home/rover/kameyama_ws/install/behavior_tree_msgs/include/behavior_tree_msgs/behavior_tree_msgs/srv/detail/fov_check__struct.h
-- Up-to-date symlink: /home/rover/kameyama_ws/install/behavior_tree_msgs/include/behavior_tree_msgs/behavior_tree_msgs/srv/detail/fov_check__type_support.h
-- Up-to-date symlink: /home/rover/kameyama_ws/install/behavior_tree_msgs/include/behavior_tree_msgs/behavior_tree_msgs/srv/detail/get_black_board__functions.h
-- Up-to-date symlink: /home/rover/kameyama_ws/install/behavior_tree_msgs/include/behavior_tree_msgs/behavior_tree_msgs/srv/detail/get_black_board__struct.h
-- Up-to-date symlink: /home/rover/kameyama_ws/install/behavior_tree_msgs/include/behavior_tree_msgs/behavior_tree_msgs/srv/detail/get_black_board__type_support.h
-- Up-to-date symlink: /home/rover/kameyama_ws/install/behavior_tree_msgs/include/behavior_tree_msgs/behavior_tree_msgs/srv/detail/get_bt__functions.h
-- Up-to-date symlink: /home/rover/kameyama_ws/install/behavior_tree_msgs/include/behavior_tree_msgs/behavior_tree_msgs/srv/detail/get_bt__struct.h
-- Up-to-date symlink: /home/rover/kameyama_ws/install/behavior_tree_msgs/include/behavior_tree_msgs/behavior_tree_msgs/srv/detail/get_bt__type_support.h
-- Up-to-date symlink: /home/rover/kameyama_ws/install/behavior_tree_msgs/include/behavior_tree_msgs/behavior_tree_msgs/srv/detail/set_black_board__functions.h
-- Up-to-date symlink: /home/rover/kameyama_ws/install/behavior_tree_msgs/include/behavior_tree_msgs/behavior_tree_msgs/srv/detail/set_black_board__struct.h
-- Up-to-date symlink: /home/rover/kameyama_ws/install/behavior_tree_msgs/include/behavior_tree_msgs/behavior_tree_msgs/srv/detail/set_black_board__type_support.h
-- Up-to-date symlink: /home/rover/kameyama_ws/install/behavior_tree_msgs/include/behavior_tree_msgs/behavior_tree_msgs/srv/fov_check.h
-- Up-to-date symlink: /home/rover/kameyama_ws/install/behavior_tree_msgs/include/behavior_tree_msgs/behavior_tree_msgs/srv/get_black_board.h
-- Up-to-date symlink: /home/rover/kameyama_ws/install/behavior_tree_msgs/include/behavior_tree_msgs/behavior_tree_msgs/srv/get_bt.h
-- Up-to-date symlink: /home/rover/kameyama_ws/install/behavior_tree_msgs/include/behavior_tree_msgs/behavior_tree_msgs/srv/set_black_board.h
-- Up-to-date symlink: /home/rover/kameyama_ws/install/behavior_tree_msgs/share/behavior_tree_msgs/environment/library_path.sh
-- Up-to-date symlink: /home/rover/kameyama_ws/install/behavior_tree_msgs/share/behavior_tree_msgs/environment/library_path.dsv
-- Up-to-date symlink: /home/rover/kameyama_ws/install/behavior_tree_msgs/include/behavior_tree_msgs/behavior_tree_msgs/action/detail/approach__rosidl_typesupport_fastrtps_c.h
-- Up-to-date symlink: /home/rover/kameyama_ws/install/behavior_tree_msgs/include/behavior_tree_msgs/behavior_tree_msgs/action/detail/camera_search__rosidl_typesupport_fastrtps_c.h
-- Up-to-date symlink: /home/rover/kameyama_ws/install/behavior_tree_msgs/include/behavior_tree_msgs/behavior_tree_msgs/action/detail/check_ik__rosidl_typesupport_fastrtps_c.h
-- Up-to-date symlink: /home/rover/kameyama_ws/install/behavior_tree_msgs/include/behavior_tree_msgs/behavior_tree_msgs/action/detail/execute_tree__rosidl_typesupport_fastrtps_c.h
-- Up-to-date symlink: /home/rover/kameyama_ws/install/behavior_tree_msgs/include/behavior_tree_msgs/behavior_tree_msgs/action/detail/gen_approach__rosidl_typesupport_fastrtps_c.h
-- Up-to-date symlink: /home/rover/kameyama_ws/install/behavior_tree_msgs/include/behavior_tree_msgs/behavior_tree_msgs/action/detail/grasp__rosidl_typesupport_fastrtps_c.h
-- Up-to-date symlink: /home/rover/kameyama_ws/install/behavior_tree_msgs/include/behavior_tree_msgs/behavior_tree_msgs/action/detail/mecanum_move__rosidl_typesupport_fastrtps_c.h
-- Up-to-date symlink: /home/rover/kameyama_ws/install/behavior_tree_msgs/include/behavior_tree_msgs/behavior_tree_msgs/action/detail/mecanum_search__rosidl_typesupport_fastrtps_c.h
-- Up-to-date symlink: /home/rover/kameyama_ws/install/behavior_tree_msgs/include/behavior_tree_msgs/behavior_tree_msgs/action/detail/mecanum_spin__rosidl_typesupport_fastrtps_c.h
-- Up-to-date symlink: /home/rover/kameyama_ws/install/behavior_tree_msgs/include/behavior_tree_msgs/behavior_tree_msgs/action/detail/move_arm__rosidl_typesupport_fastrtps_c.h
-- Up-to-date symlink: /home/rover/kameyama_ws/install/behavior_tree_msgs/include/behavior_tree_msgs/behavior_tree_msgs/action/detail/move_meca__rosidl_typesupport_fastrtps_c.h
-- Up-to-date symlink: /home/rover/kameyama_ws/install/behavior_tree_msgs/include/behavior_tree_msgs/behavior_tree_msgs/action/detail/pick__rosidl_typesupport_fastrtps_c.h
-- Up-to-date symlink: /home/rover/kameyama_ws/install/behavior_tree_msgs/include/behavior_tree_msgs/behavior_tree_msgs/action/detail/place__rosidl_typesupport_fastrtps_c.h
-- Up-to-date symlink: /home/rover/kameyama_ws/install/behavior_tree_msgs/include/behavior_tree_msgs/behavior_tree_msgs/action/detail/print_message__rosidl_typesupport_fastrtps_c.h
-- Up-to-date symlink: /home/rover/kameyama_ws/install/behavior_tree_msgs/include/behavior_tree_msgs/behavior_tree_msgs/action/detail/search__rosidl_typesupport_fastrtps_c.h
-- Up-to-date symlink: /home/rover/kameyama_ws/install/behavior_tree_msgs/include/behavior_tree_msgs/behavior_tree_msgs/action/detail/search_obj__rosidl_typesupport_fastrtps_c.h
-- Up-to-date symlink: /home/rover/kameyama_ws/install/behavior_tree_msgs/include/behavior_tree_msgs/behavior_tree_msgs/action/detail/send_goal__rosidl_typesupport_fastrtps_c.h
-- Up-to-date symlink: /home/rover/kameyama_ws/install/behavior_tree_msgs/include/behavior_tree_msgs/behavior_tree_msgs/msg/detail/bb_float64_array__rosidl_typesupport_fastrtps_c.h
-- Up-to-date symlink: /home/rover/kameyama_ws/install/behavior_tree_msgs/include/behavior_tree_msgs/behavior_tree_msgs/msg/detail/bb_message__rosidl_typesupport_fastrtps_c.h
-- Up-to-date symlink: /home/rover/kameyama_ws/install/behavior_tree_msgs/include/behavior_tree_msgs/behavior_tree_msgs/msg/detail/bb_path__rosidl_typesupport_fastrtps_c.h
-- Up-to-date symlink: /home/rover/kameyama_ws/install/behavior_tree_msgs/include/behavior_tree_msgs/behavior_tree_msgs/msg/detail/bb_pose__rosidl_typesupport_fastrtps_c.h
-- Up-to-date symlink: /home/rover/kameyama_ws/install/behavior_tree_msgs/include/behavior_tree_msgs/behavior_tree_msgs/msg/detail/bt_status__rosidl_typesupport_fastrtps_c.h
-- Up-to-date symlink: /home/rover/kameyama_ws/install/behavior_tree_msgs/include/behavior_tree_msgs/behavior_tree_msgs/msg/detail/node_status__rosidl_typesupport_fastrtps_c.h
-- Up-to-date symlink: /home/rover/kameyama_ws/install/behavior_tree_msgs/include/behavior_tree_msgs/behavior_tree_msgs/msg/detail/object__rosidl_typesupport_fastrtps_c.h
-- Up-to-date symlink: /home/rover/kameyama_ws/install/behavior_tree_msgs/include/behavior_tree_msgs/behavior_tree_msgs/msg/detail/object_array__rosidl_typesupport_fastrtps_c.h
-- Up-to-date symlink: /home/rover/kameyama_ws/install/behavior_tree_msgs/include/behavior_tree_msgs/behavior_tree_msgs/msg/detail/pixel__rosidl_typesupport_fastrtps_c.h
-- Up-to-date symlink: /home/rover/kameyama_ws/install/behavior_tree_msgs/include/behavior_tree_msgs/behavior_tree_msgs/msg/rosidl_typesupport_fastrtps_c__visibility_control.h
-- Up-to-date symlink: /home/rover/kameyama_ws/install/behavior_tree_msgs/include/behavior_tree_msgs/behavior_tree_msgs/srv/detail/create_bt__rosidl_typesupport_fastrtps_c.h
-- Up-to-date symlink: /home/rover/kameyama_ws/install/behavior_tree_msgs/include/behavior_tree_msgs/behavior_tree_msgs/srv/detail/fov_check__rosidl_typesupport_fastrtps_c.h
-- Up-to-date symlink: /home/rover/kameyama_ws/install/behavior_tree_msgs/include/behavior_tree_msgs/behavior_tree_msgs/srv/detail/get_black_board__rosidl_typesupport_fastrtps_c.h
-- Up-to-date symlink: /home/rover/kameyama_ws/install/behavior_tree_msgs/include/behavior_tree_msgs/behavior_tree_msgs/srv/detail/get_bt__rosidl_typesupport_fastrtps_c.h
-- Up-to-date symlink: /home/rover/kameyama_ws/install/behavior_tree_msgs/include/behavior_tree_msgs/behavior_tree_msgs/srv/detail/set_black_board__rosidl_typesupport_fastrtps_c.h
-- Up-to-date symlink: /home/rover/kameyama_ws/install/behavior_tree_msgs/include/behavior_tree_msgs/behavior_tree_msgs/action/detail/approach__rosidl_typesupport_introspection_c.h
-- Up-to-date symlink: /home/rover/kameyama_ws/install/behavior_tree_msgs/include/behavior_tree_msgs/behavior_tree_msgs/action/detail/camera_search__rosidl_typesupport_introspection_c.h
-- Up-to-date symlink: /home/rover/kameyama_ws/install/behavior_tree_msgs/include/behavior_tree_msgs/behavior_tree_msgs/action/detail/check_ik__rosidl_typesupport_introspection_c.h
-- Up-to-date symlink: /home/rover/kameyama_ws/install/behavior_tree_msgs/include/behavior_tree_msgs/behavior_tree_msgs/action/detail/execute_tree__rosidl_typesupport_introspection_c.h
-- Up-to-date symlink: /home/rover/kameyama_ws/install/behavior_tree_msgs/include/behavior_tree_msgs/behavior_tree_msgs/action/detail/gen_approach__rosidl_typesupport_introspection_c.h
-- Up-to-date symlink: /home/rover/kameyama_ws/install/behavior_tree_msgs/include/behavior_tree_msgs/behavior_tree_msgs/action/detail/grasp__rosidl_typesupport_introspection_c.h
-- Up-to-date symlink: /home/rover/kameyama_ws/install/behavior_tree_msgs/include/behavior_tree_msgs/behavior_tree_msgs/action/detail/mecanum_move__rosidl_typesupport_introspection_c.h
-- Up-to-date symlink: /home/rover/kameyama_ws/install/behavior_tree_msgs/include/behavior_tree_msgs/behavior_tree_msgs/action/detail/mecanum_search__rosidl_typesupport_introspection_c.h
-- Up-to-date symlink: /home/rover/kameyama_ws/install/behavior_tree_msgs/include/behavior_tree_msgs/behavior_tree_msgs/action/detail/mecanum_spin__rosidl_typesupport_introspection_c.h
-- Up-to-date symlink: /home/rover/kameyama_ws/install/behavior_tree_msgs/include/behavior_tree_msgs/behavior_tree_msgs/action/detail/move_arm__rosidl_typesupport_introspection_c.h
-- Up-to-date symlink: /home/rover/kameyama_ws/install/behavior_tree_msgs/include/behavior_tree_msgs/behavior_tree_msgs/action/detail/move_meca__rosidl_typesupport_introspection_c.h
-- Up-to-date symlink: /home/rover/kameyama_ws/install/behavior_tree_msgs/include/behavior_tree_msgs/behavior_tree_msgs/action/detail/pick__rosidl_typesupport_introspection_c.h
-- Up-to-date symlink: /home/rover/kameyama_ws/install/behavior_tree_msgs/include/behavior_tree_msgs/behavior_tree_msgs/action/detail/place__rosidl_typesupport_introspection_c.h
-- Up-to-date symlink: /home/rover/kameyama_ws/install/behavior_tree_msgs/include/behavior_tree_msgs/behavior_tree_msgs/action/detail/print_message__rosidl_typesupport_introspection_c.h
-- Up-to-date symlink: /home/rover/kameyama_ws/install/behavior_tree_msgs/include/behavior_tree_msgs/behavior_tree_msgs/action/detail/search__rosidl_typesupport_introspection_c.h
-- Up-to-date symlink: /home/rover/kameyama_ws/install/behavior_tree_msgs/include/behavior_tree_msgs/behavior_tree_msgs/action/detail/search_obj__rosidl_typesupport_introspection_c.h
-- Up-to-date symlink: /home/rover/kameyama_ws/install/behavior_tree_msgs/include/behavior_tree_msgs/behavior_tree_msgs/action/detail/send_goal__rosidl_typesupport_introspection_c.h
-- Up-to-date symlink: /home/rover/kameyama_ws/install/behavior_tree_msgs/include/behavior_tree_msgs/behavior_tree_msgs/msg/detail/bb_float64_array__rosidl_typesupport_introspection_c.h
-- Up-to-date symlink: /home/rover/kameyama_ws/install/behavior_tree_msgs/include/behavior_tree_msgs/behavior_tree_msgs/msg/detail/bb_message__rosidl_typesupport_introspection_c.h
-- Up-to-date symlink: /home/rover/kameyama_ws/install/behavior_tree_msgs/include/behavior_tree_msgs/behavior_tree_msgs/msg/detail/bb_path__rosidl_typesupport_introspection_c.h
-- Up-to-date symlink: /home/rover/kameyama_ws/install/behavior_tree_msgs/include/behavior_tree_msgs/behavior_tree_msgs/msg/detail/bb_pose__rosidl_typesupport_introspection_c.h
-- Up-to-date symlink: /home/rover/kameyama_ws/install/behavior_tree_msgs/include/behavior_tree_msgs/behavior_tree_msgs/msg/detail/bt_status__rosidl_typesupport_introspection_c.h
-- Up-to-date symlink: /home/rover/kameyama_ws/install/behavior_tree_msgs/include/behavior_tree_msgs/behavior_tree_msgs/msg/detail/node_status__rosidl_typesupport_introspection_c.h
-- Up-to-date symlink: /home/rover/kameyama_ws/install/behavior_tree_msgs/include/behavior_tree_msgs/behavior_tree_msgs/msg/detail/object__rosidl_typesupport_introspection_c.h
-- Up-to-date symlink: /home/rover/kameyama_ws/install/behavior_tree_msgs/include/behavior_tree_msgs/behavior_tree_msgs/msg/detail/object_array__rosidl_typesupport_introspection_c.h
-- Up-to-date symlink: /home/rover/kameyama_ws/install/behavior_tree_msgs/include/behavior_tree_msgs/behavior_tree_msgs/msg/detail/pixel__rosidl_typesupport_introspection_c.h
-- Up-to-date symlink: /home/rover/kameyama_ws/install/behavior_tree_msgs/include/behavior_tree_msgs/behavior_tree_msgs/msg/rosidl_typesupport_introspection_c__visibility_control.h
-- Up-to-date symlink: /home/rover/kameyama_ws/install/behavior_tree_msgs/include/behavior_tree_msgs/behavior_tree_msgs/srv/detail/create_bt__rosidl_typesupport_introspection_c.h
-- Up-to-date symlink: /home/rover/kameyama_ws/install/behavior_tree_msgs/include/behavior_tree_msgs/behavior_tree_msgs/srv/detail/fov_check__rosidl_typesupport_introspection_c.h
-- Up-to-date symlink: /home/rover/kameyama_ws/install/behavior_tree_msgs/include/behavior_tree_msgs/behavior_tree_msgs/srv/detail/get_black_board__rosidl_typesupport_introspection_c.h
-- Up-to-date symlink: /home/rover/kameyama_ws/install/behavior_tree_msgs/include/behavior_tree_msgs/behavior_tree_msgs/srv/detail/get_bt__rosidl_typesupport_introspection_c.h
-- Up-to-date symlink: /home/rover/kameyama_ws/install/behavior_tree_msgs/include/behavior_tree_msgs/behavior_tree_msgs/srv/detail/set_black_board__rosidl_typesupport_introspection_c.h
-- Up-to-date symlink: /home/rover/kameyama_ws/install/behavior_tree_msgs/include/behavior_tree_msgs/behavior_tree_msgs/action/approach.hpp
-- Up-to-date symlink: /home/rover/kameyama_ws/install/behavior_tree_msgs/include/behavior_tree_msgs/behavior_tree_msgs/action/camera_search.hpp
-- Up-to-date symlink: /home/rover/kameyama_ws/install/behavior_tree_msgs/include/behavior_tree_msgs/behavior_tree_msgs/action/check_ik.hpp
-- Up-to-date symlink: /home/rover/kameyama_ws/install/behavior_tree_msgs/include/behavior_tree_msgs/behavior_tree_msgs/action/detail/approach__builder.hpp
-- Up-to-date symlink: /home/rover/kameyama_ws/install/behavior_tree_msgs/include/behavior_tree_msgs/behavior_tree_msgs/action/detail/approach__struct.hpp
-- Up-to-date symlink: /home/rover/kameyama_ws/install/behavior_tree_msgs/include/behavior_tree_msgs/behavior_tree_msgs/action/detail/approach__traits.hpp
-- Up-to-date symlink: /home/rover/kameyama_ws/install/behavior_tree_msgs/include/behavior_tree_msgs/behavior_tree_msgs/action/detail/approach__type_support.hpp
-- Up-to-date symlink: /home/rover/kameyama_ws/install/behavior_tree_msgs/include/behavior_tree_msgs/behavior_tree_msgs/action/detail/camera_search__builder.hpp
-- Up-to-date symlink: /home/rover/kameyama_ws/install/behavior_tree_msgs/include/behavior_tree_msgs/behavior_tree_msgs/action/detail/camera_search__struct.hpp
-- Up-to-date symlink: /home/rover/kameyama_ws/install/behavior_tree_msgs/include/behavior_tree_msgs/behavior_tree_msgs/action/detail/camera_search__traits.hpp
-- Up-to-date symlink: /home/rover/kameyama_ws/install/behavior_tree_msgs/include/behavior_tree_msgs/behavior_tree_msgs/action/detail/camera_search__type_support.hpp
-- Up-to-date symlink: /home/rover/kameyama_ws/install/behavior_tree_msgs/include/behavior_tree_msgs/behavior_tree_msgs/action/detail/check_ik__builder.hpp
-- Up-to-date symlink: /home/rover/kameyama_ws/install/behavior_tree_msgs/include/behavior_tree_msgs/behavior_tree_msgs/action/detail/check_ik__struct.hpp
-- Up-to-date symlink: /home/rover/kameyama_ws/install/behavior_tree_msgs/include/behavior_tree_msgs/behavior_tree_msgs/action/detail/check_ik__traits.hpp
-- Up-to-date symlink: /home/rover/kameyama_ws/install/behavior_tree_msgs/include/behavior_tree_msgs/behavior_tree_msgs/action/detail/check_ik__type_support.hpp
-- Up-to-date symlink: /home/rover/kameyama_ws/install/behavior_tree_msgs/include/behavior_tree_msgs/behavior_tree_msgs/action/detail/execute_tree__builder.hpp
-- Up-to-date symlink: /home/rover/kameyama_ws/install/behavior_tree_msgs/include/behavior_tree_msgs/behavior_tree_msgs/action/detail/execute_tree__struct.hpp
-- Up-to-date symlink: /home/rover/kameyama_ws/install/behavior_tree_msgs/include/behavior_tree_msgs/behavior_tree_msgs/action/detail/execute_tree__traits.hpp
-- Up-to-date symlink: /home/rover/kameyama_ws/install/behavior_tree_msgs/include/behavior_tree_msgs/behavior_tree_msgs/action/detail/execute_tree__type_support.hpp
-- Up-to-date symlink: /home/rover/kameyama_ws/install/behavior_tree_msgs/include/behavior_tree_msgs/behavior_tree_msgs/action/detail/gen_approach__builder.hpp
-- Up-to-date symlink: /home/rover/kameyama_ws/install/behavior_tree_msgs/include/behavior_tree_msgs/behavior_tree_msgs/action/detail/gen_approach__struct.hpp
-- Up-to-date symlink: /home/rover/kameyama_ws/install/behavior_tree_msgs/include/behavior_tree_msgs/behavior_tree_msgs/action/detail/gen_approach__traits.hpp
-- Up-to-date symlink: /home/rover/kameyama_ws/install/behavior_tree_msgs/include/behavior_tree_msgs/behavior_tree_msgs/action/detail/gen_approach__type_support.hpp
-- Up-to-date symlink: /home/rover/kameyama_ws/install/behavior_tree_msgs/include/behavior_tree_msgs/behavior_tree_msgs/action/detail/grasp__builder.hpp
-- Up-to-date symlink: /home/rover/kameyama_ws/install/behavior_tree_msgs/include/behavior_tree_msgs/behavior_tree_msgs/action/detail/grasp__struct.hpp
-- Up-to-date symlink: /home/rover/kameyama_ws/install/behavior_tree_msgs/include/behavior_tree_msgs/behavior_tree_msgs/action/detail/grasp__traits.hpp
-- Up-to-date symlink: /home/rover/kameyama_ws/install/behavior_tree_msgs/include/behavior_tree_msgs/behavior_tree_msgs/action/detail/grasp__type_support.hpp
-- Up-to-date symlink: /home/rover/kameyama_ws/install/behavior_tree_msgs/include/behavior_tree_msgs/behavior_tree_msgs/action/detail/mecanum_move__builder.hpp
-- Up-to-date symlink: /home/rover/kameyama_ws/install/behavior_tree_msgs/include/behavior_tree_msgs/behavior_tree_msgs/action/detail/mecanum_move__struct.hpp
-- Up-to-date symlink: /home/rover/kameyama_ws/install/behavior_tree_msgs/include/behavior_tree_msgs/behavior_tree_msgs/action/detail/mecanum_move__traits.hpp
-- Up-to-date symlink: /home/rover/kameyama_ws/install/behavior_tree_msgs/include/behavior_tree_msgs/behavior_tree_msgs/action/detail/mecanum_move__type_support.hpp
-- Up-to-date symlink: /home/rover/kameyama_ws/install/behavior_tree_msgs/include/behavior_tree_msgs/behavior_tree_msgs/action/detail/mecanum_search__builder.hpp
-- Up-to-date symlink: /home/rover/kameyama_ws/install/behavior_tree_msgs/include/behavior_tree_msgs/behavior_tree_msgs/action/detail/mecanum_search__struct.hpp
-- Up-to-date symlink: /home/rover/kameyama_ws/install/behavior_tree_msgs/include/behavior_tree_msgs/behavior_tree_msgs/action/detail/mecanum_search__traits.hpp
-- Up-to-date symlink: /home/rover/kameyama_ws/install/behavior_tree_msgs/include/behavior_tree_msgs/behavior_tree_msgs/action/detail/mecanum_search__type_support.hpp
-- Up-to-date symlink: /home/rover/kameyama_ws/install/behavior_tree_msgs/include/behavior_tree_msgs/behavior_tree_msgs/action/detail/mecanum_spin__builder.hpp
-- Up-to-date symlink: /home/rover/kameyama_ws/install/behavior_tree_msgs/include/behavior_tree_msgs/behavior_tree_msgs/action/detail/mecanum_spin__struct.hpp
-- Up-to-date symlink: /home/rover/kameyama_ws/install/behavior_tree_msgs/include/behavior_tree_msgs/behavior_tree_msgs/action/detail/mecanum_spin__traits.hpp
-- Up-to-date symlink: /home/rover/kameyama_ws/install/behavior_tree_msgs/include/behavior_tree_msgs/behavior_tree_msgs/action/detail/mecanum_spin__type_support.hpp
-- Up-to-date symlink: /home/rover/kameyama_ws/install/behavior_tree_msgs/include/behavior_tree_msgs/behavior_tree_msgs/action/detail/move_arm__builder.hpp
-- Up-to-date symlink: /home/rover/kameyama_ws/install/behavior_tree_msgs/include/behavior_tree_msgs/behavior_tree_msgs/action/detail/move_arm__struct.hpp
-- Up-to-date symlink: /home/rover/kameyama_ws/install/behavior_tree_msgs/include/behavior_tree_msgs/behavior_tree_msgs/action/detail/move_arm__traits.hpp
-- Up-to-date symlink: /home/rover/kameyama_ws/install/behavior_tree_msgs/include/behavior_tree_msgs/behavior_tree_msgs/action/detail/move_arm__type_support.hpp
-- Up-to-date symlink: /home/rover/kameyama_ws/install/behavior_tree_msgs/include/behavior_tree_msgs/behavior_tree_msgs/action/detail/move_meca__builder.hpp
-- Up-to-date symlink: /home/rover/kameyama_ws/install/behavior_tree_msgs/include/behavior_tree_msgs/behavior_tree_msgs/action/detail/move_meca__struct.hpp
-- Up-to-date symlink: /home/rover/kameyama_ws/install/behavior_tree_msgs/include/behavior_tree_msgs/behavior_tree_msgs/action/detail/move_meca__traits.hpp
-- Up-to-date symlink: /home/rover/kameyama_ws/install/behavior_tree_msgs/include/behavior_tree_msgs/behavior_tree_msgs/action/detail/move_meca__type_support.hpp
-- Up-to-date symlink: /home/rover/kameyama_ws/install/behavior_tree_msgs/include/behavior_tree_msgs/behavior_tree_msgs/action/detail/pick__builder.hpp
-- Up-to-date symlink: /home/rover/kameyama_ws/install/behavior_tree_msgs/include/behavior_tree_msgs/behavior_tree_msgs/action/detail/pick__struct.hpp
-- Up-to-date symlink: /home/rover/kameyama_ws/install/behavior_tree_msgs/include/behavior_tree_msgs/behavior_tree_msgs/action/detail/pick__traits.hpp
-- Up-to-date symlink: /home/rover/kameyama_ws/install/behavior_tree_msgs/include/behavior_tree_msgs/behavior_tree_msgs/action/detail/pick__type_support.hpp
-- Up-to-date symlink: /home/rover/kameyama_ws/install/behavior_tree_msgs/include/behavior_tree_msgs/behavior_tree_msgs/action/detail/place__builder.hpp
-- Up-to-date symlink: /home/rover/kameyama_ws/install/behavior_tree_msgs/include/behavior_tree_msgs/behavior_tree_msgs/action/detail/place__struct.hpp
-- Up-to-date symlink: /home/rover/kameyama_ws/install/behavior_tree_msgs/include/behavior_tree_msgs/behavior_tree_msgs/action/detail/place__traits.hpp
-- Up-to-date symlink: /home/rover/kameyama_ws/install/behavior_tree_msgs/include/behavior_tree_msgs/behavior_tree_msgs/action/detail/place__type_support.hpp
-- Up-to-date symlink: /home/rover/kameyama_ws/install/behavior_tree_msgs/include/behavior_tree_msgs/behavior_tree_msgs/action/detail/print_message__builder.hpp
-- Up-to-date symlink: /home/rover/kameyama_ws/install/behavior_tree_msgs/include/behavior_tree_msgs/behavior_tree_msgs/action/detail/print_message__struct.hpp
-- Up-to-date symlink: /home/rover/kameyama_ws/install/behavior_tree_msgs/include/behavior_tree_msgs/behavior_tree_msgs/action/detail/print_message__traits.hpp
-- Up-to-date symlink: /home/rover/kameyama_ws/install/behavior_tree_msgs/include/behavior_tree_msgs/behavior_tree_msgs/action/detail/print_message__type_support.hpp
-- Up-to-date symlink: /home/rover/kameyama_ws/install/behavior_tree_msgs/include/behavior_tree_msgs/behavior_tree_msgs/action/detail/search__builder.hpp
-- Up-to-date symlink: /home/rover/kameyama_ws/install/behavior_tree_msgs/include/behavior_tree_msgs/behavior_tree_msgs/action/detail/search__struct.hpp
-- Up-to-date symlink: /home/rover/kameyama_ws/install/behavior_tree_msgs/include/behavior_tree_msgs/behavior_tree_msgs/action/detail/search__traits.hpp
-- Up-to-date symlink: /home/rover/kameyama_ws/install/behavior_tree_msgs/include/behavior_tree_msgs/behavior_tree_msgs/action/detail/search__type_support.hpp
-- Up-to-date symlink: /home/rover/kameyama_ws/install/behavior_tree_msgs/include/behavior_tree_msgs/behavior_tree_msgs/action/detail/search_obj__builder.hpp
-- Up-to-date symlink: /home/rover/kameyama_ws/install/behavior_tree_msgs/include/behavior_tree_msgs/behavior_tree_msgs/action/detail/search_obj__struct.hpp
-- Up-to-date symlink: /home/rover/kameyama_ws/install/behavior_tree_msgs/include/behavior_tree_msgs/behavior_tree_msgs/action/detail/search_obj__traits.hpp
-- Up-to-date symlink: /home/rover/kameyama_ws/install/behavior_tree_msgs/include/behavior_tree_msgs/behavior_tree_msgs/action/detail/search_obj__type_support.hpp
-- Up-to-date symlink: /home/rover/kameyama_ws/install/behavior_tree_msgs/include/behavior_tree_msgs/behavior_tree_msgs/action/detail/send_goal__builder.hpp
-- Up-to-date symlink: /home/rover/kameyama_ws/install/behavior_tree_msgs/include/behavior_tree_msgs/behavior_tree_msgs/action/detail/send_goal__struct.hpp
-- Up-to-date symlink: /home/rover/kameyama_ws/install/behavior_tree_msgs/include/behavior_tree_msgs/behavior_tree_msgs/action/detail/send_goal__traits.hpp
-- Up-to-date symlink: /home/rover/kameyama_ws/install/behavior_tree_msgs/include/behavior_tree_msgs/behavior_tree_msgs/action/detail/send_goal__type_support.hpp
-- Up-to-date symlink: /home/rover/kameyama_ws/install/behavior_tree_msgs/include/behavior_tree_msgs/behavior_tree_msgs/action/execute_tree.hpp
-- Up-to-date symlink: /home/rover/kameyama_ws/install/behavior_tree_msgs/include/behavior_tree_msgs/behavior_tree_msgs/action/gen_approach.hpp
-- Up-to-date symlink: /home/rover/kameyama_ws/install/behavior_tree_msgs/include/behavior_tree_msgs/behavior_tree_msgs/action/grasp.hpp
-- Up-to-date symlink: /home/rover/kameyama_ws/install/behavior_tree_msgs/include/behavior_tree_msgs/behavior_tree_msgs/action/mecanum_move.hpp
-- Up-to-date symlink: /home/rover/kameyama_ws/install/behavior_tree_msgs/include/behavior_tree_msgs/behavior_tree_msgs/action/mecanum_search.hpp
-- Up-to-date symlink: /home/rover/kameyama_ws/install/behavior_tree_msgs/include/behavior_tree_msgs/behavior_tree_msgs/action/mecanum_spin.hpp
-- Up-to-date symlink: /home/rover/kameyama_ws/install/behavior_tree_msgs/include/behavior_tree_msgs/behavior_tree_msgs/action/move_arm.hpp
-- Up-to-date symlink: /home/rover/kameyama_ws/install/behavior_tree_msgs/include/behavior_tree_msgs/behavior_tree_msgs/action/move_meca.hpp
-- Up-to-date symlink: /home/rover/kameyama_ws/install/behavior_tree_msgs/include/behavior_tree_msgs/behavior_tree_msgs/action/pick.hpp
-- Up-to-date symlink: /home/rover/kameyama_ws/install/behavior_tree_msgs/include/behavior_tree_msgs/behavior_tree_msgs/action/place.hpp
-- Up-to-date symlink: /home/rover/kameyama_ws/install/behavior_tree_msgs/include/behavior_tree_msgs/behavior_tree_msgs/action/print_message.hpp
-- Up-to-date symlink: /home/rover/kameyama_ws/install/behavior_tree_msgs/include/behavior_tree_msgs/behavior_tree_msgs/action/search.hpp
-- Up-to-date symlink: /home/rover/kameyama_ws/install/behavior_tree_msgs/include/behavior_tree_msgs/behavior_tree_msgs/action/search_obj.hpp
-- Up-to-date symlink: /home/rover/kameyama_ws/install/behavior_tree_msgs/include/behavior_tree_msgs/behavior_tree_msgs/action/send_goal.hpp
-- Up-to-date symlink: /home/rover/kameyama_ws/install/behavior_tree_msgs/include/behavior_tree_msgs/behavior_tree_msgs/msg/bb_float64_array.hpp
-- Up-to-date symlink: /home/rover/kameyama_ws/install/behavior_tree_msgs/include/behavior_tree_msgs/behavior_tree_msgs/msg/bb_message.hpp
-- Up-to-date symlink: /home/rover/kameyama_ws/install/behavior_tree_msgs/include/behavior_tree_msgs/behavior_tree_msgs/msg/bb_path.hpp
-- Up-to-date symlink: /home/rover/kameyama_ws/install/behavior_tree_msgs/include/behavior_tree_msgs/behavior_tree_msgs/msg/bb_pose.hpp
-- Up-to-date symlink: /home/rover/kameyama_ws/install/behavior_tree_msgs/include/behavior_tree_msgs/behavior_tree_msgs/msg/bt_status.hpp
-- Up-to-date symlink: /home/rover/kameyama_ws/install/behavior_tree_msgs/include/behavior_tree_msgs/behavior_tree_msgs/msg/detail/bb_float64_array__builder.hpp
-- Up-to-date symlink: /home/rover/kameyama_ws/install/behavior_tree_msgs/include/behavior_tree_msgs/behavior_tree_msgs/msg/detail/bb_float64_array__struct.hpp
-- Up-to-date symlink: /home/rover/kameyama_ws/install/behavior_tree_msgs/include/behavior_tree_msgs/behavior_tree_msgs/msg/detail/bb_float64_array__traits.hpp
-- Up-to-date symlink: /home/rover/kameyama_ws/install/behavior_tree_msgs/include/behavior_tree_msgs/behavior_tree_msgs/msg/detail/bb_float64_array__type_support.hpp
-- Up-to-date symlink: /home/rover/kameyama_ws/install/behavior_tree_msgs/include/behavior_tree_msgs/behavior_tree_msgs/msg/detail/bb_message__builder.hpp
-- Up-to-date symlink: /home/rover/kameyama_ws/install/behavior_tree_msgs/include/behavior_tree_msgs/behavior_tree_msgs/msg/detail/bb_message__struct.hpp
-- Up-to-date symlink: /home/rover/kameyama_ws/install/behavior_tree_msgs/include/behavior_tree_msgs/behavior_tree_msgs/msg/detail/bb_message__traits.hpp
-- Up-to-date symlink: /home/rover/kameyama_ws/install/behavior_tree_msgs/include/behavior_tree_msgs/behavior_tree_msgs/msg/detail/bb_message__type_support.hpp
-- Up-to-date symlink: /home/rover/kameyama_ws/install/behavior_tree_msgs/include/behavior_tree_msgs/behavior_tree_msgs/msg/detail/bb_path__builder.hpp
-- Up-to-date symlink: /home/rover/kameyama_ws/install/behavior_tree_msgs/include/behavior_tree_msgs/behavior_tree_msgs/msg/detail/bb_path__struct.hpp
-- Up-to-date symlink: /home/rover/kameyama_ws/install/behavior_tree_msgs/include/behavior_tree_msgs/behavior_tree_msgs/msg/detail/bb_path__traits.hpp
-- Up-to-date symlink: /home/rover/kameyama_ws/install/behavior_tree_msgs/include/behavior_tree_msgs/behavior_tree_msgs/msg/detail/bb_path__type_support.hpp
-- Up-to-date symlink: /home/rover/kameyama_ws/install/behavior_tree_msgs/include/behavior_tree_msgs/behavior_tree_msgs/msg/detail/bb_pose__builder.hpp
-- Up-to-date symlink: /home/rover/kameyama_ws/install/behavior_tree_msgs/include/behavior_tree_msgs/behavior_tree_msgs/msg/detail/bb_pose__struct.hpp
-- Up-to-date symlink: /home/rover/kameyama_ws/install/behavior_tree_msgs/include/behavior_tree_msgs/behavior_tree_msgs/msg/detail/bb_pose__traits.hpp
-- Up-to-date symlink: /home/rover/kameyama_ws/install/behavior_tree_msgs/include/behavior_tree_msgs/behavior_tree_msgs/msg/detail/bb_pose__type_support.hpp
-- Up-to-date symlink: /home/rover/kameyama_ws/install/behavior_tree_msgs/include/behavior_tree_msgs/behavior_tree_msgs/msg/detail/bt_status__builder.hpp
-- Up-to-date symlink: /home/rover/kameyama_ws/install/behavior_tree_msgs/include/behavior_tree_msgs/behavior_tree_msgs/msg/detail/bt_status__struct.hpp
-- Up-to-date symlink: /home/rover/kameyama_ws/install/behavior_tree_msgs/include/behavior_tree_msgs/behavior_tree_msgs/msg/detail/bt_status__traits.hpp
-- Up-to-date symlink: /home/rover/kameyama_ws/install/behavior_tree_msgs/include/behavior_tree_msgs/behavior_tree_msgs/msg/detail/bt_status__type_support.hpp
-- Up-to-date symlink: /home/rover/kameyama_ws/install/behavior_tree_msgs/include/behavior_tree_msgs/behavior_tree_msgs/msg/detail/node_status__builder.hpp
-- Up-to-date symlink: /home/rover/kameyama_ws/install/behavior_tree_msgs/include/behavior_tree_msgs/behavior_tree_msgs/msg/detail/node_status__struct.hpp
-- Up-to-date symlink: /home/rover/kameyama_ws/install/behavior_tree_msgs/include/behavior_tree_msgs/behavior_tree_msgs/msg/detail/node_status__traits.hpp
-- Up-to-date symlink: /home/rover/kameyama_ws/install/behavior_tree_msgs/include/behavior_tree_msgs/behavior_tree_msgs/msg/detail/node_status__type_support.hpp
-- Up-to-date symlink: /home/rover/kameyama_ws/install/behavior_tree_msgs/include/behavior_tree_msgs/behavior_tree_msgs/msg/detail/object__builder.hpp
-- Up-to-date symlink: /home/rover/kameyama_ws/install/behavior_tree_msgs/include/behavior_tree_msgs/behavior_tree_msgs/msg/detail/object__struct.hpp
-- Up-to-date symlink: /home/rover/kameyama_ws/install/behavior_tree_msgs/include/behavior_tree_msgs/behavior_tree_msgs/msg/detail/object__traits.hpp
-- Up-to-date symlink: /home/rover/kameyama_ws/install/behavior_tree_msgs/include/behavior_tree_msgs/behavior_tree_msgs/msg/detail/object__type_support.hpp
-- Up-to-date symlink: /home/rover/kameyama_ws/install/behavior_tree_msgs/include/behavior_tree_msgs/behavior_tree_msgs/msg/detail/object_array__builder.hpp
-- Up-to-date symlink: /home/rover/kameyama_ws/install/behavior_tree_msgs/include/behavior_tree_msgs/behavior_tree_msgs/msg/detail/object_array__struct.hpp
-- Up-to-date symlink: /home/rover/kameyama_ws/install/behavior_tree_msgs/include/behavior_tree_msgs/behavior_tree_msgs/msg/detail/object_array__traits.hpp
-- Up-to-date symlink: /home/rover/kameyama_ws/install/behavior_tree_msgs/include/behavior_tree_msgs/behavior_tree_msgs/msg/detail/object_array__type_support.hpp
-- Up-to-date symlink: /home/rover/kameyama_ws/install/behavior_tree_msgs/include/behavior_tree_msgs/behavior_tree_msgs/msg/detail/pixel__builder.hpp
-- Up-to-date symlink: /home/rover/kameyama_ws/install/behavior_tree_msgs/include/behavior_tree_msgs/behavior_tree_msgs/msg/detail/pixel__struct.hpp
-- Up-to-date symlink: /home/rover/kameyama_ws/install/behavior_tree_msgs/include/behavior_tree_msgs/behavior_tree_msgs/msg/detail/pixel__traits.hpp
-- Up-to-date symlink: /home/rover/kameyama_ws/install/behavior_tree_msgs/include/behavior_tree_msgs/behavior_tree_msgs/msg/detail/pixel__type_support.hpp
-- Up-to-date symlink: /home/rover/kameyama_ws/install/behavior_tree_msgs/include/behavior_tree_msgs/behavior_tree_msgs/msg/node_status.hpp
-- Up-to-date symlink: /home/rover/kameyama_ws/install/behavior_tree_msgs/include/behavior_tree_msgs/behavior_tree_msgs/msg/object.hpp
-- Up-to-date symlink: /home/rover/kameyama_ws/install/behavior_tree_msgs/include/behavior_tree_msgs/behavior_tree_msgs/msg/object_array.hpp
-- Up-to-date symlink: /home/rover/kameyama_ws/install/behavior_tree_msgs/include/behavior_tree_msgs/behavior_tree_msgs/msg/pixel.hpp
-- Up-to-date symlink: /home/rover/kameyama_ws/install/behavior_tree_msgs/include/behavior_tree_msgs/behavior_tree_msgs/msg/rosidl_generator_cpp__visibility_control.hpp
-- Up-to-date symlink: /home/rover/kameyama_ws/install/behavior_tree_msgs/include/behavior_tree_msgs/behavior_tree_msgs/srv/create_bt.hpp
-- Up-to-date symlink: /home/rover/kameyama_ws/install/behavior_tree_msgs/include/behavior_tree_msgs/behavior_tree_msgs/srv/detail/create_bt__builder.hpp
-- Up-to-date symlink: /home/rover/kameyama_ws/install/behavior_tree_msgs/include/behavior_tree_msgs/behavior_tree_msgs/srv/detail/create_bt__struct.hpp
-- Up-to-date symlink: /home/rover/kameyama_ws/install/behavior_tree_msgs/include/behavior_tree_msgs/behavior_tree_msgs/srv/detail/create_bt__traits.hpp
-- Up-to-date symlink: /home/rover/kameyama_ws/install/behavior_tree_msgs/include/behavior_tree_msgs/behavior_tree_msgs/srv/detail/create_bt__type_support.hpp
-- Up-to-date symlink: /home/rover/kameyama_ws/install/behavior_tree_msgs/include/behavior_tree_msgs/behavior_tree_msgs/srv/detail/fov_check__builder.hpp
-- Up-to-date symlink: /home/rover/kameyama_ws/install/behavior_tree_msgs/include/behavior_tree_msgs/behavior_tree_msgs/srv/detail/fov_check__struct.hpp
-- Up-to-date symlink: /home/rover/kameyama_ws/install/behavior_tree_msgs/include/behavior_tree_msgs/behavior_tree_msgs/srv/detail/fov_check__traits.hpp
-- Up-to-date symlink: /home/rover/kameyama_ws/install/behavior_tree_msgs/include/behavior_tree_msgs/behavior_tree_msgs/srv/detail/fov_check__type_support.hpp
-- Up-to-date symlink: /home/rover/kameyama_ws/install/behavior_tree_msgs/include/behavior_tree_msgs/behavior_tree_msgs/srv/detail/get_black_board__builder.hpp
-- Up-to-date symlink: /home/rover/kameyama_ws/install/behavior_tree_msgs/include/behavior_tree_msgs/behavior_tree_msgs/srv/detail/get_black_board__struct.hpp
-- Up-to-date symlink: /home/rover/kameyama_ws/install/behavior_tree_msgs/include/behavior_tree_msgs/behavior_tree_msgs/srv/detail/get_black_board__traits.hpp
-- Up-to-date symlink: /home/rover/kameyama_ws/install/behavior_tree_msgs/include/behavior_tree_msgs/behavior_tree_msgs/srv/detail/get_black_board__type_support.hpp
-- Up-to-date symlink: /home/rover/kameyama_ws/install/behavior_tree_msgs/include/behavior_tree_msgs/behavior_tree_msgs/srv/detail/get_bt__builder.hpp
-- Up-to-date symlink: /home/rover/kameyama_ws/install/behavior_tree_msgs/include/behavior_tree_msgs/behavior_tree_msgs/srv/detail/get_bt__struct.hpp
-- Up-to-date symlink: /home/rover/kameyama_ws/install/behavior_tree_msgs/include/behavior_tree_msgs/behavior_tree_msgs/srv/detail/get_bt__traits.hpp
-- Up-to-date symlink: /home/rover/kameyama_ws/install/behavior_tree_msgs/include/behavior_tree_msgs/behavior_tree_msgs/srv/detail/get_bt__type_support.hpp
-- Up-to-date symlink: /home/rover/kameyama_ws/install/behavior_tree_msgs/include/behavior_tree_msgs/behavior_tree_msgs/srv/detail/set_black_board__builder.hpp
-- Up-to-date symlink: /home/rover/kameyama_ws/install/behavior_tree_msgs/include/behavior_tree_msgs/behavior_tree_msgs/srv/detail/set_black_board__struct.hpp
-- Up-to-date symlink: /home/rover/kameyama_ws/install/behavior_tree_msgs/include/behavior_tree_msgs/behavior_tree_msgs/srv/detail/set_black_board__traits.hpp
-- Up-to-date symlink: /home/rover/kameyama_ws/install/behavior_tree_msgs/include/behavior_tree_msgs/behavior_tree_msgs/srv/detail/set_black_board__type_support.hpp
-- Up-to-date symlink: /home/rover/kameyama_ws/install/behavior_tree_msgs/include/behavior_tree_msgs/behavior_tree_msgs/srv/fov_check.hpp
-- Up-to-date symlink: /home/rover/kameyama_ws/install/behavior_tree_msgs/include/behavior_tree_msgs/behavior_tree_msgs/srv/get_black_board.hpp
-- Up-to-date symlink: /home/rover/kameyama_ws/install/behavior_tree_msgs/include/behavior_tree_msgs/behavior_tree_msgs/srv/get_bt.hpp
-- Up-to-date symlink: /home/rover/kameyama_ws/install/behavior_tree_msgs/include/behavior_tree_msgs/behavior_tree_msgs/srv/set_black_board.hpp
-- Up-to-date symlink: /home/rover/kameyama_ws/install/behavior_tree_msgs/include/behavior_tree_msgs/behavior_tree_msgs/action/detail/approach__rosidl_typesupport_fastrtps_cpp.hpp
-- Up-to-date symlink: /home/rover/kameyama_ws/install/behavior_tree_msgs/include/behavior_tree_msgs/behavior_tree_msgs/action/detail/camera_search__rosidl_typesupport_fastrtps_cpp.hpp
-- Up-to-date symlink: /home/rover/kameyama_ws/install/behavior_tree_msgs/include/behavior_tree_msgs/behavior_tree_msgs/action/detail/check_ik__rosidl_typesupport_fastrtps_cpp.hpp
-- Up-to-date symlink: /home/rover/kameyama_ws/install/behavior_tree_msgs/include/behavior_tree_msgs/behavior_tree_msgs/action/detail/execute_tree__rosidl_typesupport_fastrtps_cpp.hpp
-- Up-to-date symlink: /home/rover/kameyama_ws/install/behavior_tree_msgs/include/behavior_tree_msgs/behavior_tree_msgs/action/detail/gen_approach__rosidl_typesupport_fastrtps_cpp.hpp
-- Up-to-date symlink: /home/rover/kameyama_ws/install/behavior_tree_msgs/include/behavior_tree_msgs/behavior_tree_msgs/action/detail/grasp__rosidl_typesupport_fastrtps_cpp.hpp
-- Up-to-date symlink: /home/rover/kameyama_ws/install/behavior_tree_msgs/include/behavior_tree_msgs/behavior_tree_msgs/action/detail/mecanum_move__rosidl_typesupport_fastrtps_cpp.hpp
-- Up-to-date symlink: /home/rover/kameyama_ws/install/behavior_tree_msgs/include/behavior_tree_msgs/behavior_tree_msgs/action/detail/mecanum_search__rosidl_typesupport_fastrtps_cpp.hpp
-- Up-to-date symlink: /home/rover/kameyama_ws/install/behavior_tree_msgs/include/behavior_tree_msgs/behavior_tree_msgs/action/detail/mecanum_spin__rosidl_typesupport_fastrtps_cpp.hpp
-- Up-to-date symlink: /home/rover/kameyama_ws/install/behavior_tree_msgs/include/behavior_tree_msgs/behavior_tree_msgs/action/detail/move_arm__rosidl_typesupport_fastrtps_cpp.hpp
-- Up-to-date symlink: /home/rover/kameyama_ws/install/behavior_tree_msgs/include/behavior_tree_msgs/behavior_tree_msgs/action/detail/move_meca__rosidl_typesupport_fastrtps_cpp.hpp
-- Up-to-date symlink: /home/rover/kameyama_ws/install/behavior_tree_msgs/include/behavior_tree_msgs/behavior_tree_msgs/action/detail/pick__rosidl_typesupport_fastrtps_cpp.hpp
-- Up-to-date symlink: /home/rover/kameyama_ws/install/behavior_tree_msgs/include/behavior_tree_msgs/behavior_tree_msgs/action/detail/place__rosidl_typesupport_fastrtps_cpp.hpp
-- Up-to-date symlink: /home/rover/kameyama_ws/install/behavior_tree_msgs/include/behavior_tree_msgs/behavior_tree_msgs/action/detail/print_message__rosidl_typesupport_fastrtps_cpp.hpp
-- Up-to-date symlink: /home/rover/kameyama_ws/install/behavior_tree_msgs/include/behavior_tree_msgs/behavior_tree_msgs/action/detail/search__rosidl_typesupport_fastrtps_cpp.hpp
-- Up-to-date symlink: /home/rover/kameyama_ws/install/behavior_tree_msgs/include/behavior_tree_msgs/behavior_tree_msgs/action/detail/search_obj__rosidl_typesupport_fastrtps_cpp.hpp
-- Up-to-date symlink: /home/rover/kameyama_ws/install/behavior_tree_msgs/include/behavior_tree_msgs/behavior_tree_msgs/action/detail/send_goal__rosidl_typesupport_fastrtps_cpp.hpp
-- Up-to-date symlink: /home/rover/kameyama_ws/install/behavior_tree_msgs/include/behavior_tree_msgs/behavior_tree_msgs/msg/detail/bb_float64_array__rosidl_typesupport_fastrtps_cpp.hpp
-- Up-to-date symlink: /home/rover/kameyama_ws/install/behavior_tree_msgs/include/behavior_tree_msgs/behavior_tree_msgs/msg/detail/bb_message__rosidl_typesupport_fastrtps_cpp.hpp
-- Up-to-date symlink: /home/rover/kameyama_ws/install/behavior_tree_msgs/include/behavior_tree_msgs/behavior_tree_msgs/msg/detail/bb_path__rosidl_typesupport_fastrtps_cpp.hpp
-- Up-to-date symlink: /home/rover/kameyama_ws/install/behavior_tree_msgs/include/behavior_tree_msgs/behavior_tree_msgs/msg/detail/bb_pose__rosidl_typesupport_fastrtps_cpp.hpp
-- Up-to-date symlink: /home/rover/kameyama_ws/install/behavior_tree_msgs/include/behavior_tree_msgs/behavior_tree_msgs/msg/detail/bt_status__rosidl_typesupport_fastrtps_cpp.hpp
-- Up-to-date symlink: /home/rover/kameyama_ws/install/behavior_tree_msgs/include/behavior_tree_msgs/behavior_tree_msgs/msg/detail/node_status__rosidl_typesupport_fastrtps_cpp.hpp
-- Up-to-date symlink: /home/rover/kameyama_ws/install/behavior_tree_msgs/include/behavior_tree_msgs/behavior_tree_msgs/msg/detail/object__rosidl_typesupport_fastrtps_cpp.hpp
-- Up-to-date symlink: /home/rover/kameyama_ws/install/behavior_tree_msgs/include/behavior_tree_msgs/behavior_tree_msgs/msg/detail/object_array__rosidl_typesupport_fastrtps_cpp.hpp
-- Up-to-date symlink: /home/rover/kameyama_ws/install/behavior_tree_msgs/include/behavior_tree_msgs/behavior_tree_msgs/msg/detail/pixel__rosidl_typesupport_fastrtps_cpp.hpp
-- Up-to-date symlink: /home/rover/kameyama_ws/install/behavior_tree_msgs/include/behavior_tree_msgs/behavior_tree_msgs/msg/rosidl_typesupport_fastrtps_cpp__visibility_control.h
-- Up-to-date symlink: /home/rover/kameyama_ws/install/behavior_tree_msgs/include/behavior_tree_msgs/behavior_tree_msgs/srv/detail/create_bt__rosidl_typesupport_fastrtps_cpp.hpp
-- Up-to-date symlink: /home/rover/kameyama_ws/install/behavior_tree_msgs/include/behavior_tree_msgs/behavior_tree_msgs/srv/detail/fov_check__rosidl_typesupport_fastrtps_cpp.hpp
-- Up-to-date symlink: /home/rover/kameyama_ws/install/behavior_tree_msgs/include/behavior_tree_msgs/behavior_tree_msgs/srv/detail/get_black_board__rosidl_typesupport_fastrtps_cpp.hpp
-- Up-to-date symlink: /home/rover/kameyama_ws/install/behavior_tree_msgs/include/behavior_tree_msgs/behavior_tree_msgs/srv/detail/get_bt__rosidl_typesupport_fastrtps_cpp.hpp
-- Up-to-date symlink: /home/rover/kameyama_ws/install/behavior_tree_msgs/include/behavior_tree_msgs/behavior_tree_msgs/srv/detail/set_black_board__rosidl_typesupport_fastrtps_cpp.hpp
-- Up-to-date symlink: /home/rover/kameyama_ws/install/behavior_tree_msgs/include/behavior_tree_msgs/behavior_tree_msgs/action/detail/approach__rosidl_typesupport_introspection_cpp.hpp
-- Up-to-date symlink: /home/rover/kameyama_ws/install/behavior_tree_msgs/include/behavior_tree_msgs/behavior_tree_msgs/action/detail/camera_search__rosidl_typesupport_introspection_cpp.hpp
-- Up-to-date symlink: /home/rover/kameyama_ws/install/behavior_tree_msgs/include/behavior_tree_msgs/behavior_tree_msgs/action/detail/check_ik__rosidl_typesupport_introspection_cpp.hpp
-- Up-to-date symlink: /home/rover/kameyama_ws/install/behavior_tree_msgs/include/behavior_tree_msgs/behavior_tree_msgs/action/detail/execute_tree__rosidl_typesupport_introspection_cpp.hpp
-- Up-to-date symlink: /home/rover/kameyama_ws/install/behavior_tree_msgs/include/behavior_tree_msgs/behavior_tree_msgs/action/detail/gen_approach__rosidl_typesupport_introspection_cpp.hpp
-- Up-to-date symlink: /home/rover/kameyama_ws/install/behavior_tree_msgs/include/behavior_tree_msgs/behavior_tree_msgs/action/detail/grasp__rosidl_typesupport_introspection_cpp.hpp
-- Up-to-date symlink: /home/rover/kameyama_ws/install/behavior_tree_msgs/include/behavior_tree_msgs/behavior_tree_msgs/action/detail/mecanum_move__rosidl_typesupport_introspection_cpp.hpp
-- Up-to-date symlink: /home/rover/kameyama_ws/install/behavior_tree_msgs/include/behavior_tree_msgs/behavior_tree_msgs/action/detail/mecanum_search__rosidl_typesupport_introspection_cpp.hpp
-- Up-to-date symlink: /home/rover/kameyama_ws/install/behavior_tree_msgs/include/behavior_tree_msgs/behavior_tree_msgs/action/detail/mecanum_spin__rosidl_typesupport_introspection_cpp.hpp
-- Up-to-date symlink: /home/rover/kameyama_ws/install/behavior_tree_msgs/include/behavior_tree_msgs/behavior_tree_msgs/action/detail/move_arm__rosidl_typesupport_introspection_cpp.hpp
-- Up-to-date symlink: /home/rover/kameyama_ws/install/behavior_tree_msgs/include/behavior_tree_msgs/behavior_tree_msgs/action/detail/move_meca__rosidl_typesupport_introspection_cpp.hpp
-- Up-to-date symlink: /home/rover/kameyama_ws/install/behavior_tree_msgs/include/behavior_tree_msgs/behavior_tree_msgs/action/detail/pick__rosidl_typesupport_introspection_cpp.hpp
-- Up-to-date symlink: /home/rover/kameyama_ws/install/behavior_tree_msgs/include/behavior_tree_msgs/behavior_tree_msgs/action/detail/place__rosidl_typesupport_introspection_cpp.hpp
-- Up-to-date symlink: /home/rover/kameyama_ws/install/behavior_tree_msgs/include/behavior_tree_msgs/behavior_tree_msgs/action/detail/print_message__rosidl_typesupport_introspection_cpp.hpp
-- Up-to-date symlink: /home/rover/kameyama_ws/install/behavior_tree_msgs/include/behavior_tree_msgs/behavior_tree_msgs/action/detail/search__rosidl_typesupport_introspection_cpp.hpp
-- Up-to-date symlink: /home/rover/kameyama_ws/install/behavior_tree_msgs/include/behavior_tree_msgs/behavior_tree_msgs/action/detail/search_obj__rosidl_typesupport_introspection_cpp.hpp
-- Up-to-date symlink: /home/rover/kameyama_ws/install/behavior_tree_msgs/include/behavior_tree_msgs/behavior_tree_msgs/action/detail/send_goal__rosidl_typesupport_introspection_cpp.hpp
-- Up-to-date symlink: /home/rover/kameyama_ws/install/behavior_tree_msgs/include/behavior_tree_msgs/behavior_tree_msgs/msg/detail/bb_float64_array__rosidl_typesupport_introspection_cpp.hpp
-- Up-to-date symlink: /home/rover/kameyama_ws/install/behavior_tree_msgs/include/behavior_tree_msgs/behavior_tree_msgs/msg/detail/bb_message__rosidl_typesupport_introspection_cpp.hpp
-- Up-to-date symlink: /home/rover/kameyama_ws/install/behavior_tree_msgs/include/behavior_tree_msgs/behavior_tree_msgs/msg/detail/bb_path__rosidl_typesupport_introspection_cpp.hpp
-- Up-to-date symlink: /home/rover/kameyama_ws/install/behavior_tree_msgs/include/behavior_tree_msgs/behavior_tree_msgs/msg/detail/bb_pose__rosidl_typesupport_introspection_cpp.hpp
-- Up-to-date symlink: /home/rover/kameyama_ws/install/behavior_tree_msgs/include/behavior_tree_msgs/behavior_tree_msgs/msg/detail/bt_status__rosidl_typesupport_introspection_cpp.hpp
-- Up-to-date symlink: /home/rover/kameyama_ws/install/behavior_tree_msgs/include/behavior_tree_msgs/behavior_tree_msgs/msg/detail/node_status__rosidl_typesupport_introspection_cpp.hpp
-- Up-to-date symlink: /home/rover/kameyama_ws/install/behavior_tree_msgs/include/behavior_tree_msgs/behavior_tree_msgs/msg/detail/object__rosidl_typesupport_introspection_cpp.hpp
-- Up-to-date symlink: /home/rover/kameyama_ws/install/behavior_tree_msgs/include/behavior_tree_msgs/behavior_tree_msgs/msg/detail/object_array__rosidl_typesupport_introspection_cpp.hpp
-- Up-to-date symlink: /home/rover/kameyama_ws/install/behavior_tree_msgs/include/behavior_tree_msgs/behavior_tree_msgs/msg/detail/pixel__rosidl_typesupport_introspection_cpp.hpp
-- Up-to-date symlink: /home/rover/kameyama_ws/install/behavior_tree_msgs/include/behavior_tree_msgs/behavior_tree_msgs/srv/detail/create_bt__rosidl_typesupport_introspection_cpp.hpp
-- Up-to-date symlink: /home/rover/kameyama_ws/install/behavior_tree_msgs/include/behavior_tree_msgs/behavior_tree_msgs/srv/detail/fov_check__rosidl_typesupport_introspection_cpp.hpp
-- Up-to-date symlink: /home/rover/kameyama_ws/install/behavior_tree_msgs/include/behavior_tree_msgs/behavior_tree_msgs/srv/detail/get_black_board__rosidl_typesupport_introspection_cpp.hpp
-- Up-to-date symlink: /home/rover/kameyama_ws/install/behavior_tree_msgs/include/behavior_tree_msgs/behavior_tree_msgs/srv/detail/get_bt__rosidl_typesupport_introspection_cpp.hpp
-- Up-to-date symlink: /home/rover/kameyama_ws/install/behavior_tree_msgs/include/behavior_tree_msgs/behavior_tree_msgs/srv/detail/set_black_board__rosidl_typesupport_introspection_cpp.hpp
-- Up-to-date symlink: /home/rover/kameyama_ws/install/behavior_tree_msgs/share/behavior_tree_msgs/environment/pythonpath.sh
-- Up-to-date symlink: /home/rover/kameyama_ws/install/behavior_tree_msgs/share/behavior_tree_msgs/environment/pythonpath.dsv
-- Up-to-date symlink: /home/rover/kameyama_ws/install/behavior_tree_msgs/local/lib/python3.10/dist-packages/behavior_tree_msgs-0.1.0-py3.10.egg-info/PKG-INFO
-- Up-to-date symlink: /home/rover/kameyama_ws/install/behavior_tree_msgs/local/lib/python3.10/dist-packages/behavior_tree_msgs-0.1.0-py3.10.egg-info/SOURCES.txt
-- Up-to-date symlink: /home/rover/kameyama_ws/install/behavior_tree_msgs/local/lib/python3.10/dist-packages/behavior_tree_msgs-0.1.0-py3.10.egg-info/dependency_links.txt
-- Up-to-date symlink: /home/rover/kameyama_ws/install/behavior_tree_msgs/local/lib/python3.10/dist-packages/behavior_tree_msgs-0.1.0-py3.10.egg-info/top_level.txt
-- Up-to-date symlink: /home/rover/kameyama_ws/install/behavior_tree_msgs/local/lib/python3.10/dist-packages/behavior_tree_msgs/__init__.py
-- Up-to-date symlink: /home/rover/kameyama_ws/install/behavior_tree_msgs/local/lib/python3.10/dist-packages/behavior_tree_msgs/_behavior_tree_msgs_s.ep.rosidl_typesupport_c.c
-- Up-to-date symlink: /home/rover/kameyama_ws/install/behavior_tree_msgs/local/lib/python3.10/dist-packages/behavior_tree_msgs/_behavior_tree_msgs_s.ep.rosidl_typesupport_fastrtps_c.c
-- Up-to-date symlink: /home/rover/kameyama_ws/install/behavior_tree_msgs/local/lib/python3.10/dist-packages/behavior_tree_msgs/_behavior_tree_msgs_s.ep.rosidl_typesupport_introspection_c.c
-- Up-to-date symlink: /home/rover/kameyama_ws/install/behavior_tree_msgs/local/lib/python3.10/dist-packages/behavior_tree_msgs/action/__init__.py
-- Up-to-date symlink: /home/rover/kameyama_ws/install/behavior_tree_msgs/local/lib/python3.10/dist-packages/behavior_tree_msgs/action/_approach.py
-- Up-to-date symlink: /home/rover/kameyama_ws/install/behavior_tree_msgs/local/lib/python3.10/dist-packages/behavior_tree_msgs/action/_approach_s.c
-- Up-to-date symlink: /home/rover/kameyama_ws/install/behavior_tree_msgs/local/lib/python3.10/dist-packages/behavior_tree_msgs/action/_camera_search.py
-- Up-to-date symlink: /home/rover/kameyama_ws/install/behavior_tree_msgs/local/lib/python3.10/dist-packages/behavior_tree_msgs/action/_camera_search_s.c
-- Up-to-date symlink: /home/rover/kameyama_ws/install/behavior_tree_msgs/local/lib/python3.10/dist-packages/behavior_tree_msgs/action/_check_ik.py
-- Up-to-date symlink: /home/rover/kameyama_ws/install/behavior_tree_msgs/local/lib/python3.10/dist-packages/behavior_tree_msgs/action/_check_ik_s.c
-- Up-to-date symlink: /home/rover/kameyama_ws/install/behavior_tree_msgs/local/lib/python3.10/dist-packages/behavior_tree_msgs/action/_execute_tree.py
-- Up-to-date symlink: /home/rover/kameyama_ws/install/behavior_tree_msgs/local/lib/python3.10/dist-packages/behavior_tree_msgs/action/_execute_tree_s.c
-- Up-to-date symlink: /home/rover/kameyama_ws/install/behavior_tree_msgs/local/lib/python3.10/dist-packages/behavior_tree_msgs/action/_gen_approach.py
-- Up-to-date symlink: /home/rover/kameyama_ws/install/behavior_tree_msgs/local/lib/python3.10/dist-packages/behavior_tree_msgs/action/_gen_approach_s.c
-- Up-to-date symlink: /home/rover/kameyama_ws/install/behavior_tree_msgs/local/lib/python3.10/dist-packages/behavior_tree_msgs/action/_grasp.py
-- Up-to-date symlink: /home/rover/kameyama_ws/install/behavior_tree_msgs/local/lib/python3.10/dist-packages/behavior_tree_msgs/action/_grasp_s.c
-- Up-to-date symlink: /home/rover/kameyama_ws/install/behavior_tree_msgs/local/lib/python3.10/dist-packages/behavior_tree_msgs/action/_mecanum_move.py
-- Up-to-date symlink: /home/rover/kameyama_ws/install/behavior_tree_msgs/local/lib/python3.10/dist-packages/behavior_tree_msgs/action/_mecanum_move_s.c
-- Up-to-date symlink: /home/rover/kameyama_ws/install/behavior_tree_msgs/local/lib/python3.10/dist-packages/behavior_tree_msgs/action/_mecanum_search.py
-- Up-to-date symlink: /home/rover/kameyama_ws/install/behavior_tree_msgs/local/lib/python3.10/dist-packages/behavior_tree_msgs/action/_mecanum_search_s.c
-- Up-to-date symlink: /home/rover/kameyama_ws/install/behavior_tree_msgs/local/lib/python3.10/dist-packages/behavior_tree_msgs/action/_mecanum_spin.py
-- Up-to-date symlink: /home/rover/kameyama_ws/install/behavior_tree_msgs/local/lib/python3.10/dist-packages/behavior_tree_msgs/action/_mecanum_spin_s.c
-- Up-to-date symlink: /home/rover/kameyama_ws/install/behavior_tree_msgs/local/lib/python3.10/dist-packages/behavior_tree_msgs/action/_move_arm.py
-- Up-to-date symlink: /home/rover/kameyama_ws/install/behavior_tree_msgs/local/lib/python3.10/dist-packages/behavior_tree_msgs/action/_move_arm_s.c
-- Up-to-date symlink: /home/rover/kameyama_ws/install/behavior_tree_msgs/local/lib/python3.10/dist-packages/behavior_tree_msgs/action/_move_meca.py
-- Up-to-date symlink: /home/rover/kameyama_ws/install/behavior_tree_msgs/local/lib/python3.10/dist-packages/behavior_tree_msgs/action/_move_meca_s.c
-- Up-to-date symlink: /home/rover/kameyama_ws/install/behavior_tree_msgs/local/lib/python3.10/dist-packages/behavior_tree_msgs/action/_pick.py
-- Up-to-date symlink: /home/rover/kameyama_ws/install/behavior_tree_msgs/local/lib/python3.10/dist-packages/behavior_tree_msgs/action/_pick_s.c
-- Up-to-date symlink: /home/rover/kameyama_ws/install/behavior_tree_msgs/local/lib/python3.10/dist-packages/behavior_tree_msgs/action/_place.py
-- Up-to-date symlink: /home/rover/kameyama_ws/install/behavior_tree_msgs/local/lib/python3.10/dist-packages/behavior_tree_msgs/action/_place_s.c
-- Up-to-date symlink: /home/rover/kameyama_ws/install/behavior_tree_msgs/local/lib/python3.10/dist-packages/behavior_tree_msgs/action/_print_message.py
-- Up-to-date symlink: /home/rover/kameyama_ws/install/behavior_tree_msgs/local/lib/python3.10/dist-packages/behavior_tree_msgs/action/_print_message_s.c
-- Up-to-date symlink: /home/rover/kameyama_ws/install/behavior_tree_msgs/local/lib/python3.10/dist-packages/behavior_tree_msgs/action/_search.py
-- Up-to-date symlink: /home/rover/kameyama_ws/install/behavior_tree_msgs/local/lib/python3.10/dist-packages/behavior_tree_msgs/action/_search_obj.py
-- Up-to-date symlink: /home/rover/kameyama_ws/install/behavior_tree_msgs/local/lib/python3.10/dist-packages/behavior_tree_msgs/action/_search_obj_s.c
-- Up-to-date symlink: /home/rover/kameyama_ws/install/behavior_tree_msgs/local/lib/python3.10/dist-packages/behavior_tree_msgs/action/_search_s.c
-- Up-to-date symlink: /home/rover/kameyama_ws/install/behavior_tree_msgs/local/lib/python3.10/dist-packages/behavior_tree_msgs/action/_send_goal.py
-- Up-to-date symlink: /home/rover/kameyama_ws/install/behavior_tree_msgs/local/lib/python3.10/dist-packages/behavior_tree_msgs/action/_send_goal_s.c
-- Up-to-date symlink: /home/rover/kameyama_ws/install/behavior_tree_msgs/local/lib/python3.10/dist-packages/behavior_tree_msgs/behavior_tree_msgs_s__rosidl_typesupport_c.cpython-310-x86_64-linux-gnu.so
-- Up-to-date symlink: /home/rover/kameyama_ws/install/behavior_tree_msgs/local/lib/python3.10/dist-packages/behavior_tree_msgs/behavior_tree_msgs_s__rosidl_typesupport_fastrtps_c.cpython-310-x86_64-linux-gnu.so
-- Up-to-date symlink: /home/rover/kameyama_ws/install/behavior_tree_msgs/local/lib/python3.10/dist-packages/behavior_tree_msgs/behavior_tree_msgs_s__rosidl_typesupport_introspection_c.cpython-310-x86_64-linux-gnu.so
-- Up-to-date symlink: /home/rover/kameyama_ws/install/behavior_tree_msgs/local/lib/python3.10/dist-packages/behavior_tree_msgs/libbehavior_tree_msgs__rosidl_generator_py.so
-- Up-to-date symlink: /home/rover/kameyama_ws/install/behavior_tree_msgs/local/lib/python3.10/dist-packages/behavior_tree_msgs/msg/__init__.py
-- Up-to-date symlink: /home/rover/kameyama_ws/install/behavior_tree_msgs/local/lib/python3.10/dist-packages/behavior_tree_msgs/msg/_bb_float64_array.py
-- Up-to-date symlink: /home/rover/kameyama_ws/install/behavior_tree_msgs/local/lib/python3.10/dist-packages/behavior_tree_msgs/msg/_bb_float64_array_s.c
-- Up-to-date symlink: /home/rover/kameyama_ws/install/behavior_tree_msgs/local/lib/python3.10/dist-packages/behavior_tree_msgs/msg/_bb_message.py
-- Up-to-date symlink: /home/rover/kameyama_ws/install/behavior_tree_msgs/local/lib/python3.10/dist-packages/behavior_tree_msgs/msg/_bb_message_s.c
-- Up-to-date symlink: /home/rover/kameyama_ws/install/behavior_tree_msgs/local/lib/python3.10/dist-packages/behavior_tree_msgs/msg/_bb_path.py
-- Up-to-date symlink: /home/rover/kameyama_ws/install/behavior_tree_msgs/local/lib/python3.10/dist-packages/behavior_tree_msgs/msg/_bb_path_s.c
-- Up-to-date symlink: /home/rover/kameyama_ws/install/behavior_tree_msgs/local/lib/python3.10/dist-packages/behavior_tree_msgs/msg/_bb_pose.py
-- Up-to-date symlink: /home/rover/kameyama_ws/install/behavior_tree_msgs/local/lib/python3.10/dist-packages/behavior_tree_msgs/msg/_bb_pose_s.c
-- Up-to-date symlink: /home/rover/kameyama_ws/install/behavior_tree_msgs/local/lib/python3.10/dist-packages/behavior_tree_msgs/msg/_bt_status.py
-- Up-to-date symlink: /home/rover/kameyama_ws/install/behavior_tree_msgs/local/lib/python3.10/dist-packages/behavior_tree_msgs/msg/_bt_status_s.c
-- Up-to-date symlink: /home/rover/kameyama_ws/install/behavior_tree_msgs/local/lib/python3.10/dist-packages/behavior_tree_msgs/msg/_node_status.py
-- Up-to-date symlink: /home/rover/kameyama_ws/install/behavior_tree_msgs/local/lib/python3.10/dist-packages/behavior_tree_msgs/msg/_node_status_s.c
-- Up-to-date symlink: /home/rover/kameyama_ws/install/behavior_tree_msgs/local/lib/python3.10/dist-packages/behavior_tree_msgs/msg/_object.py
-- Up-to-date symlink: /home/rover/kameyama_ws/install/behavior_tree_msgs/local/lib/python3.10/dist-packages/behavior_tree_msgs/msg/_object_array.py
-- Up-to-date symlink: /home/rover/kameyama_ws/install/behavior_tree_msgs/local/lib/python3.10/dist-packages/behavior_tree_msgs/msg/_object_array_s.c
-- Up-to-date symlink: /home/rover/kameyama_ws/install/behavior_tree_msgs/local/lib/python3.10/dist-packages/behavior_tree_msgs/msg/_object_s.c
-- Up-to-date symlink: /home/rover/kameyama_ws/install/behavior_tree_msgs/local/lib/python3.10/dist-packages/behavior_tree_msgs/msg/_pixel.py
-- Up-to-date symlink: /home/rover/kameyama_ws/install/behavior_tree_msgs/local/lib/python3.10/dist-packages/behavior_tree_msgs/msg/_pixel_s.c
-- Up-to-date symlink: /home/rover/kameyama_ws/install/behavior_tree_msgs/local/lib/python3.10/dist-packages/behavior_tree_msgs/srv/__init__.py
-- Up-to-date symlink: /home/rover/kameyama_ws/install/behavior_tree_msgs/local/lib/python3.10/dist-packages/behavior_tree_msgs/srv/_create_bt.py
-- Up-to-date symlink: /home/rover/kameyama_ws/install/behavior_tree_msgs/local/lib/python3.10/dist-packages/behavior_tree_msgs/srv/_create_bt_s.c
-- Up-to-date symlink: /home/rover/kameyama_ws/install/behavior_tree_msgs/local/lib/python3.10/dist-packages/behavior_tree_msgs/srv/_fov_check.py
-- Up-to-date symlink: /home/rover/kameyama_ws/install/behavior_tree_msgs/local/lib/python3.10/dist-packages/behavior_tree_msgs/srv/_fov_check_s.c
-- Up-to-date symlink: /home/rover/kameyama_ws/install/behavior_tree_msgs/local/lib/python3.10/dist-packages/behavior_tree_msgs/srv/_get_black_board.py
-- Up-to-date symlink: /home/rover/kameyama_ws/install/behavior_tree_msgs/local/lib/python3.10/dist-packages/behavior_tree_msgs/srv/_get_black_board_s.c
-- Up-to-date symlink: /home/rover/kameyama_ws/install/behavior_tree_msgs/local/lib/python3.10/dist-packages/behavior_tree_msgs/srv/_get_bt.py
-- Up-to-date symlink: /home/rover/kameyama_ws/install/behavior_tree_msgs/local/lib/python3.10/dist-packages/behavior_tree_msgs/srv/_get_bt_s.c
-- Up-to-date symlink: /home/rover/kameyama_ws/install/behavior_tree_msgs/local/lib/python3.10/dist-packages/behavior_tree_msgs/srv/_set_black_board.py
-- Up-to-date symlink: /home/rover/kameyama_ws/install/behavior_tree_msgs/local/lib/python3.10/dist-packages/behavior_tree_msgs/srv/_set_black_board_s.c
-- Up-to-date symlink: /home/rover/kameyama_ws/install/behavior_tree_msgs/local/lib/python3.10/dist-packages/behavior_tree_msgs/behavior_tree_msgs_s__rosidl_typesupport_fastrtps_c.cpython-310-x86_64-linux-gnu.so
-- Up-to-date symlink: /home/rover/kameyama_ws/install/behavior_tree_msgs/local/lib/python3.10/dist-packages/behavior_tree_msgs/behavior_tree_msgs_s__rosidl_typesupport_introspection_c.cpython-310-x86_64-linux-gnu.so
-- Up-to-date symlink: /home/rover/kameyama_ws/install/behavior_tree_msgs/local/lib/python3.10/dist-packages/behavior_tree_msgs/behavior_tree_msgs_s__rosidl_typesupport_c.cpython-310-x86_64-linux-gnu.so
-- Up-to-date symlink: /home/rover/kameyama_ws/install/behavior_tree_msgs/share/behavior_tree_msgs/msg/NodeStatus.idl
-- Up-to-date symlink: /home/rover/kameyama_ws/install/behavior_tree_msgs/share/behavior_tree_msgs/msg/BTStatus.idl
-- Up-to-date symlink: /home/rover/kameyama_ws/install/behavior_tree_msgs/share/behavior_tree_msgs/msg/BBPose.idl
-- Up-to-date symlink: /home/rover/kameyama_ws/install/behavior_tree_msgs/share/behavior_tree_msgs/msg/BBPath.idl
-- Up-to-date symlink: /home/rover/kameyama_ws/install/behavior_tree_msgs/share/behavior_tree_msgs/msg/BBFloat64Array.idl
-- Up-to-date symlink: /home/rover/kameyama_ws/install/behavior_tree_msgs/share/behavior_tree_msgs/msg/BBMessage.idl
-- Up-to-date symlink: /home/rover/kameyama_ws/install/behavior_tree_msgs/share/behavior_tree_msgs/msg/Pixel.idl
-- Up-to-date symlink: /home/rover/kameyama_ws/install/behavior_tree_msgs/share/behavior_tree_msgs/msg/Object.idl
-- Up-to-date symlink: /home/rover/kameyama_ws/install/behavior_tree_msgs/share/behavior_tree_msgs/msg/ObjectArray.idl
-- Up-to-date symlink: /home/rover/kameyama_ws/install/behavior_tree_msgs/share/behavior_tree_msgs/srv/GetBT.idl
-- Up-to-date symlink: /home/rover/kameyama_ws/install/behavior_tree_msgs/share/behavior_tree_msgs/srv/SetBlackBoard.idl
-- Up-to-date symlink: /home/rover/kameyama_ws/install/behavior_tree_msgs/share/behavior_tree_msgs/srv/GetBlackBoard.idl
-- Up-to-date symlink: /home/rover/kameyama_ws/install/behavior_tree_msgs/share/behavior_tree_msgs/srv/CreateBT.idl
-- Up-to-date symlink: /home/rover/kameyama_ws/install/behavior_tree_msgs/share/behavior_tree_msgs/srv/FovCheck.idl
-- Up-to-date symlink: /home/rover/kameyama_ws/install/behavior_tree_msgs/share/behavior_tree_msgs/action/SendGoal.idl
-- Up-to-date symlink: /home/rover/kameyama_ws/install/behavior_tree_msgs/share/behavior_tree_msgs/action/ExecuteTree.idl
-- Up-to-date symlink: /home/rover/kameyama_ws/install/behavior_tree_msgs/share/behavior_tree_msgs/action/PrintMessage.idl
-- Up-to-date symlink: /home/rover/kameyama_ws/install/behavior_tree_msgs/share/behavior_tree_msgs/action/GenApproach.idl
-- Up-to-date symlink: /home/rover/kameyama_ws/install/behavior_tree_msgs/share/behavior_tree_msgs/action/Approach.idl
-- Up-to-date symlink: /home/rover/kameyama_ws/install/behavior_tree_msgs/share/behavior_tree_msgs/action/Place.idl
-- Up-to-date symlink: /home/rover/kameyama_ws/install/behavior_tree_msgs/share/behavior_tree_msgs/action/Search.idl
-- Up-to-date symlink: /home/rover/kameyama_ws/install/behavior_tree_msgs/share/behavior_tree_msgs/action/CheckIK.idl
-- Up-to-date symlink: /home/rover/kameyama_ws/install/behavior_tree_msgs/share/behavior_tree_msgs/action/CameraSearch.idl
-- Up-to-date symlink: /home/rover/kameyama_ws/install/behavior_tree_msgs/share/behavior_tree_msgs/action/Pick.idl
-- Up-to-date symlink: /home/rover/kameyama_ws/install/behavior_tree_msgs/share/behavior_tree_msgs/action/SearchObj.idl
-- Up-to-date symlink: /home/rover/kameyama_ws/install/behavior_tree_msgs/share/behavior_tree_msgs/action/MoveArm.idl
-- Up-to-date symlink: /home/rover/kameyama_ws/install/behavior_tree_msgs/share/behavior_tree_msgs/action/Grasp.idl
-- Up-to-date symlink: /home/rover/kameyama_ws/install/behavior_tree_msgs/share/behavior_tree_msgs/action/MoveMeca.idl
-- Up-to-date symlink: /home/rover/kameyama_ws/install/behavior_tree_msgs/share/behavior_tree_msgs/action/MecanumSearch.idl
-- Up-to-date symlink: /home/rover/kameyama_ws/install/behavior_tree_msgs/share/behavior_tree_msgs/action/MecanumMove.idl
-- Up-to-date symlink: /home/rover/kameyama_ws/install/behavior_tree_msgs/share/behavior_tree_msgs/action/MecanumSpin.idl
-- Up-to-date symlink: /home/rover/kameyama_ws/install/behavior_tree_msgs/share/behavior_tree_msgs/msg/NodeStatus.msg
-- Up-to-date symlink: /home/rover/kameyama_ws/install/behavior_tree_msgs/share/behavior_tree_msgs/msg/BTStatus.msg
-- Up-to-date symlink: /home/rover/kameyama_ws/install/behavior_tree_msgs/share/behavior_tree_msgs/msg/BBPose.msg
-- Up-to-date symlink: /home/rover/kameyama_ws/install/behavior_tree_msgs/share/behavior_tree_msgs/msg/BBPath.msg
-- Up-to-date symlink: /home/rover/kameyama_ws/install/behavior_tree_msgs/share/behavior_tree_msgs/msg/BBFloat64Array.msg
-- Up-to-date symlink: /home/rover/kameyama_ws/install/behavior_tree_msgs/share/behavior_tree_msgs/msg/BBMessage.msg
-- Up-to-date symlink: /home/rover/kameyama_ws/install/behavior_tree_msgs/share/behavior_tree_msgs/msg/Pixel.msg
-- Up-to-date symlink: /home/rover/kameyama_ws/install/behavior_tree_msgs/share/behavior_tree_msgs/msg/Object.msg
-- Up-to-date symlink: /home/rover/kameyama_ws/install/behavior_tree_msgs/share/behavior_tree_msgs/msg/ObjectArray.msg
-- Up-to-date symlink: /home/rover/kameyama_ws/install/behavior_tree_msgs/share/behavior_tree_msgs/srv/GetBT.srv
-- Up-to-date symlink: /home/rover/kameyama_ws/install/behavior_tree_msgs/share/behavior_tree_msgs/srv/GetBT_Request.msg
-- Up-to-date symlink: /home/rover/kameyama_ws/install/behavior_tree_msgs/share/behavior_tree_msgs/srv/GetBT_Response.msg
-- Up-to-date symlink: /home/rover/kameyama_ws/install/behavior_tree_msgs/share/behavior_tree_msgs/srv/SetBlackBoard.srv
-- Up-to-date symlink: /home/rover/kameyama_ws/install/behavior_tree_msgs/share/behavior_tree_msgs/srv/SetBlackBoard_Request.msg
-- Up-to-date symlink: /home/rover/kameyama_ws/install/behavior_tree_msgs/share/behavior_tree_msgs/srv/SetBlackBoard_Response.msg
-- Up-to-date symlink: /home/rover/kameyama_ws/install/behavior_tree_msgs/share/behavior_tree_msgs/srv/GetBlackBoard.srv
-- Up-to-date symlink: /home/rover/kameyama_ws/install/behavior_tree_msgs/share/behavior_tree_msgs/srv/GetBlackBoard_Request.msg
-- Up-to-date symlink: /home/rover/kameyama_ws/install/behavior_tree_msgs/share/behavior_tree_msgs/srv/GetBlackBoard_Response.msg
-- Up-to-date symlink: /home/rover/kameyama_ws/install/behavior_tree_msgs/share/behavior_tree_msgs/srv/CreateBT.srv
-- Up-to-date symlink: /home/rover/kameyama_ws/install/behavior_tree_msgs/share/behavior_tree_msgs/srv/CreateBT_Request.msg
-- Up-to-date symlink: /home/rover/kameyama_ws/install/behavior_tree_msgs/share/behavior_tree_msgs/srv/CreateBT_Response.msg
-- Up-to-date symlink: /home/rover/kameyama_ws/install/behavior_tree_msgs/share/behavior_tree_msgs/srv/FovCheck.srv
-- Up-to-date symlink: /home/rover/kameyama_ws/install/behavior_tree_msgs/share/behavior_tree_msgs/srv/FovCheck_Request.msg
-- Up-to-date symlink: /home/rover/kameyama_ws/install/behavior_tree_msgs/share/behavior_tree_msgs/srv/FovCheck_Response.msg
-- Up-to-date symlink: /home/rover/kameyama_ws/install/behavior_tree_msgs/share/behavior_tree_msgs/action/SendGoal.action
-- Up-to-date symlink: /home/rover/kameyama_ws/install/behavior_tree_msgs/share/behavior_tree_msgs/action/ExecuteTree.action
-- Up-to-date symlink: /home/rover/kameyama_ws/install/behavior_tree_msgs/share/behavior_tree_msgs/action/PrintMessage.action
-- Up-to-date symlink: /home/rover/kameyama_ws/install/behavior_tree_msgs/share/behavior_tree_msgs/action/GenApproach.action
-- Up-to-date symlink: /home/rover/kameyama_ws/install/behavior_tree_msgs/share/behavior_tree_msgs/action/Approach.action
-- Up-to-date symlink: /home/rover/kameyama_ws/install/behavior_tree_msgs/share/behavior_tree_msgs/action/Place.action
-- Up-to-date symlink: /home/rover/kameyama_ws/install/behavior_tree_msgs/share/behavior_tree_msgs/action/Search.action
-- Up-to-date symlink: /home/rover/kameyama_ws/install/behavior_tree_msgs/share/behavior_tree_msgs/action/CheckIK.action
-- Up-to-date symlink: /home/rover/kameyama_ws/install/behavior_tree_msgs/share/behavior_tree_msgs/action/CameraSearch.action
-- Up-to-date symlink: /home/rover/kameyama_ws/install/behavior_tree_msgs/share/behavior_tree_msgs/action/Pick.action
-- Up-to-date symlink: /home/rover/kameyama_ws/install/behavior_tree_msgs/share/behavior_tree_msgs/action/SearchObj.action
-- Up-to-date symlink: /home/rover/kameyama_ws/install/behavior_tree_msgs/share/behavior_tree_msgs/action/MoveArm.action
-- Up-to-date symlink: /home/rover/kameyama_ws/install/behavior_tree_msgs/share/behavior_tree_msgs/action/Grasp.action
-- Up-to-date symlink: /home/rover/kameyama_ws/install/behavior_tree_msgs/share/behavior_tree_msgs/action/MoveMeca.action
-- Up-to-date symlink: /home/rover/kameyama_ws/install/behavior_tree_msgs/share/behavior_tree_msgs/action/MecanumSearch.action
-- Up-to-date symlink: /home/rover/kameyama_ws/install/behavior_tree_msgs/share/behavior_tree_msgs/action/MecanumMove.action
-- Up-to-date symlink: /home/rover/kameyama_ws/install/behavior_tree_msgs/share/behavior_tree_msgs/action/MecanumSpin.action
-- Up-to-date symlink: /home/rover/kameyama_ws/install/behavior_tree_msgs/share/behavior_tree_msgs/bridge_mapping_rules.yaml
-- Up-to-date symlink: /home/rover/kameyama_ws/install/behavior_tree_msgs/share/ament_index/resource_index/package_run_dependencies/behavior_tree_msgs
-- Up-to-date symlink: /home/rover/kameyama_ws/install/behavior_tree_msgs/share/ament_index/resource_index/parent_prefix_path/behavior_tree_msgs
-- Up-to-date symlink: /home/rover/kameyama_ws/install/behavior_tree_msgs/share/behavior_tree_msgs/environment/ament_prefix_path.sh
-- Up-to-date symlink: /home/rover/kameyama_ws/install/behavior_tree_msgs/share/behavior_tree_msgs/environment/ament_prefix_path.dsv
-- Up-to-date symlink: /home/rover/kameyama_ws/install/behavior_tree_msgs/share/behavior_tree_msgs/environment/path.sh
-- Up-to-date symlink: /home/rover/kameyama_ws/install/behavior_tree_msgs/share/behavior_tree_msgs/environment/path.dsv
-- Up-to-date symlink: /home/rover/kameyama_ws/install/behavior_tree_msgs/share/behavior_tree_msgs/local_setup.bash
-- Up-to-date symlink: /home/rover/kameyama_ws/install/behavior_tree_msgs/share/behavior_tree_msgs/local_setup.sh
-- Up-to-date symlink: /home/rover/kameyama_ws/install/behavior_tree_msgs/share/behavior_tree_msgs/local_setup.zsh
-- Up-to-date symlink: /home/rover/kameyama_ws/install/behavior_tree_msgs/share/behavior_tree_msgs/local_setup.dsv
-- Symlinking: /home/rover/kameyama_ws/install/behavior_tree_msgs/share/behavior_tree_msgs/package.dsv
-- Up-to-date symlink: /home/rover/kameyama_ws/install/behavior_tree_msgs/share/ament_index/resource_index/packages/behavior_tree_msgs
-- Up-to-date symlink: /home/rover/kameyama_ws/install/behavior_tree_msgs/share/behavior_tree_msgs/cmake/rosidl_cmake-extras.cmake
-- Up-to-date symlink: /home/rover/kameyama_ws/install/behavior_tree_msgs/share/behavior_tree_msgs/cmake/ament_cmake_export_dependencies-extras.cmake
-- Up-to-date symlink: /home/rover/kameyama_ws/install/behavior_tree_msgs/share/behavior_tree_msgs/cmake/ament_cmake_export_include_directories-extras.cmake
-- Up-to-date symlink: /home/rover/kameyama_ws/install/behavior_tree_msgs/share/behavior_tree_msgs/cmake/ament_cmake_export_libraries-extras.cmake
-- Up-to-date symlink: /home/rover/kameyama_ws/install/behavior_tree_msgs/share/behavior_tree_msgs/cmake/ament_cmake_export_targets-extras.cmake
-- Up-to-date symlink: /home/rover/kameyama_ws/install/behavior_tree_msgs/share/behavior_tree_msgs/cmake/rosidl_cmake_export_typesupport_targets-extras.cmake
-- Up-to-date symlink: /home/rover/kameyama_ws/install/behavior_tree_msgs/share/behavior_tree_msgs/cmake/rosidl_cmake_export_typesupport_libraries-extras.cmake
-- Up-to-date symlink: /home/rover/kameyama_ws/install/behavior_tree_msgs/share/behavior_tree_msgs/cmake/behavior_tree_msgsConfig.cmake
-- Up-to-date symlink: /home/rover/kameyama_ws/install/behavior_tree_msgs/share/behavior_tree_msgs/cmake/behavior_tree_msgsConfig-version.cmake
-- Up-to-date symlink: /home/rover/kameyama_ws/install/behavior_tree_msgs/share/behavior_tree_msgs/package.xml
-- Up-to-date: /home/rover/kameyama_ws/install/behavior_tree_msgs/lib/libbehavior_tree_msgs__rosidl_generator_c.so
-- Up-to-date: /home/rover/kameyama_ws/install/behavior_tree_msgs/lib/libbehavior_tree_msgs__rosidl_typesupport_fastrtps_c.so
-- Up-to-date: /home/rover/kameyama_ws/install/behavior_tree_msgs/lib/libbehavior_tree_msgs__rosidl_typesupport_introspection_c.so
-- Up-to-date: /home/rover/kameyama_ws/install/behavior_tree_msgs/lib/libbehavior_tree_msgs__rosidl_typesupport_c.so
-- Up-to-date: /home/rover/kameyama_ws/install/behavior_tree_msgs/lib/libbehavior_tree_msgs__rosidl_typesupport_fastrtps_cpp.so
-- Up-to-date: /home/rover/kameyama_ws/install/behavior_tree_msgs/lib/libbehavior_tree_msgs__rosidl_typesupport_introspection_cpp.so
-- Up-to-date: /home/rover/kameyama_ws/install/behavior_tree_msgs/lib/libbehavior_tree_msgs__rosidl_typesupport_cpp.so
Listing '/home/rover/kameyama_ws/install/behavior_tree_msgs/local/lib/python3.10/dist-packages/behavior_tree_msgs'...
Listing '/home/rover/kameyama_ws/install/behavior_tree_msgs/local/lib/python3.10/dist-packages/behavior_tree_msgs/action'...
Listing '/home/rover/kameyama_ws/install/behavior_tree_msgs/local/lib/python3.10/dist-packages/behavior_tree_msgs/msg'...
Listing '/home/rover/kameyama_ws/install/behavior_tree_msgs/local/lib/python3.10/dist-packages/behavior_tree_msgs/srv'...
-- Up-to-date: /home/rover/kameyama_ws/install/behavior_tree_msgs/lib/libbehavior_tree_msgs__rosidl_generator_py.so
-- Up-to-date: /home/rover/kameyama_ws/install/behavior_tree_msgs/share/behavior_tree_msgs/cmake/export_behavior_tree_msgs__rosidl_generator_cExport.cmake
-- Up-to-date: /home/rover/kameyama_ws/install/behavior_tree_msgs/share/behavior_tree_msgs/cmake/export_behavior_tree_msgs__rosidl_generator_cExport-noconfig.cmake
-- Up-to-date: /home/rover/kameyama_ws/install/behavior_tree_msgs/share/behavior_tree_msgs/cmake/export_behavior_tree_msgs__rosidl_typesupport_fastrtps_cExport.cmake
-- Up-to-date: /home/rover/kameyama_ws/install/behavior_tree_msgs/share/behavior_tree_msgs/cmake/export_behavior_tree_msgs__rosidl_typesupport_fastrtps_cExport-noconfig.cmake
-- Up-to-date: /home/rover/kameyama_ws/install/behavior_tree_msgs/share/behavior_tree_msgs/cmake/behavior_tree_msgs__rosidl_typesupport_introspection_cExport.cmake
-- Up-to-date: /home/rover/kameyama_ws/install/behavior_tree_msgs/share/behavior_tree_msgs/cmake/behavior_tree_msgs__rosidl_typesupport_introspection_cExport-noconfig.cmake
-- Up-to-date: /home/rover/kameyama_ws/install/behavior_tree_msgs/share/behavior_tree_msgs/cmake/behavior_tree_msgs__rosidl_typesupport_cExport.cmake
-- Up-to-date: /home/rover/kameyama_ws/install/behavior_tree_msgs/share/behavior_tree_msgs/cmake/behavior_tree_msgs__rosidl_typesupport_cExport-noconfig.cmake
-- Up-to-date: /home/rover/kameyama_ws/install/behavior_tree_msgs/share/behavior_tree_msgs/cmake/export_behavior_tree_msgs__rosidl_generator_cppExport.cmake
-- Up-to-date: /home/rover/kameyama_ws/install/behavior_tree_msgs/share/behavior_tree_msgs/cmake/export_behavior_tree_msgs__rosidl_typesupport_fastrtps_cppExport.cmake
-- Up-to-date: /home/rover/kameyama_ws/install/behavior_tree_msgs/share/behavior_tree_msgs/cmake/export_behavior_tree_msgs__rosidl_typesupport_fastrtps_cppExport-noconfig.cmake
-- Up-to-date: /home/rover/kameyama_ws/install/behavior_tree_msgs/share/behavior_tree_msgs/cmake/behavior_tree_msgs__rosidl_typesupport_introspection_cppExport.cmake
-- Up-to-date: /home/rover/kameyama_ws/install/behavior_tree_msgs/share/behavior_tree_msgs/cmake/behavior_tree_msgs__rosidl_typesupport_introspection_cppExport-noconfig.cmake
-- Up-to-date: /home/rover/kameyama_ws/install/behavior_tree_msgs/share/behavior_tree_msgs/cmake/behavior_tree_msgs__rosidl_typesupport_cppExport.cmake
-- Up-to-date: /home/rover/kameyama_ws/install/behavior_tree_msgs/share/behavior_tree_msgs/cmake/behavior_tree_msgs__rosidl_typesupport_cppExport-noconfig.cmake
-- Up-to-date: /home/rover/kameyama_ws/install/behavior_tree_msgs/share/behavior_tree_msgs/cmake/export_behavior_tree_msgs__rosidl_generator_pyExport.cmake
-- Up-to-date: /home/rover/kameyama_ws/install/behavior_tree_msgs/share/behavior_tree_msgs/cmake/export_behavior_tree_msgs__rosidl_generator_pyExport-noconfig.cmake
