[  1%] Built target my_nav_msgs__cpp
[ 12%] Built target my_nav_msgs__rosidl_generator_c
[ 12%] Built target ament_cmake_python_symlink_my_nav_msgs
[ 23%] Built target my_nav_msgs__rosidl_typesupport_fastrtps_cpp
[ 34%] Built target my_nav_msgs__rosidl_typesupport_introspection_c
[ 45%] Built target my_nav_msgs__rosidl_typesupport_introspection_cpp
[ 67%] Built target my_nav_msgs__rosidl_typesupport_cpp
[ 65%] Built target my_nav_msgs__rosidl_typesupport_fastrtps_c
[ 78%] Built target my_nav_msgs__rosidl_typesupport_c
[ 78%] Built target my_nav_msgs
[ 80%] Built target my_nav_msgs__py
[ 89%] Built target my_nav_msgs__rosidl_generator_py
[ 92%] Built target my_nav_msgs__rosidl_typesupport_fastrtps_c__pyext
[ 96%] Built target my_nav_msgs__rosidl_typesupport_c__pyext
[100%] Built target my_nav_msgs__rosidl_typesupport_introspection_c__pyext
running egg_info
writing my_nav_msgs.egg-info/PKG-INFO
writing dependency_links to my_nav_msgs.egg-info/dependency_links.txt
writing top-level names to my_nav_msgs.egg-info/top_level.txt
reading manifest file 'my_nav_msgs.egg-info/SOURCES.txt'
writing manifest file 'my_nav_msgs.egg-info/SOURCES.txt'
[100%] Built target ament_cmake_python_build_my_nav_msgs_egg
-- Install configuration: ""
-- Execute custom install script
-- Up-to-date symlink: /home/rover/kameyama_ws/install/my_nav_msgs/share/ament_index/resource_index/rosidl_interfaces/my_nav_msgs
-- Up-to-date symlink: /home/rover/kameyama_ws/install/my_nav_msgs/include/my_nav_msgs/my_nav_msgs/action/compute_multi_path.h
-- Up-to-date symlink: /home/rover/kameyama_ws/install/my_nav_msgs/include/my_nav_msgs/my_nav_msgs/action/detail/compute_multi_path__functions.h
-- Up-to-date symlink: /home/rover/kameyama_ws/install/my_nav_msgs/include/my_nav_msgs/my_nav_msgs/action/detail/compute_multi_path__struct.h
-- Up-to-date symlink: /home/rover/kameyama_ws/install/my_nav_msgs/include/my_nav_msgs/my_nav_msgs/action/detail/compute_multi_path__type_support.h
-- Up-to-date symlink: /home/rover/kameyama_ws/install/my_nav_msgs/include/my_nav_msgs/my_nav_msgs/msg/detail/path_info__functions.h
-- Up-to-date symlink: /home/rover/kameyama_ws/install/my_nav_msgs/include/my_nav_msgs/my_nav_msgs/msg/detail/path_info__struct.h
-- Up-to-date symlink: /home/rover/kameyama_ws/install/my_nav_msgs/include/my_nav_msgs/my_nav_msgs/msg/detail/path_info__type_support.h
-- Up-to-date symlink: /home/rover/kameyama_ws/install/my_nav_msgs/include/my_nav_msgs/my_nav_msgs/msg/detail/path_with_condition__functions.h
-- Up-to-date symlink: /home/rover/kameyama_ws/install/my_nav_msgs/include/my_nav_msgs/my_nav_msgs/msg/detail/path_with_condition__struct.h
-- Up-to-date symlink: /home/rover/kameyama_ws/install/my_nav_msgs/include/my_nav_msgs/my_nav_msgs/msg/detail/path_with_condition__type_support.h
-- Up-to-date symlink: /home/rover/kameyama_ws/install/my_nav_msgs/include/my_nav_msgs/my_nav_msgs/msg/path_info.h
-- Up-to-date symlink: /home/rover/kameyama_ws/install/my_nav_msgs/include/my_nav_msgs/my_nav_msgs/msg/path_with_condition.h
-- Up-to-date symlink: /home/rover/kameyama_ws/install/my_nav_msgs/include/my_nav_msgs/my_nav_msgs/msg/rosidl_generator_c__visibility_control.h
-- Up-to-date symlink: /home/rover/kameyama_ws/install/my_nav_msgs/include/my_nav_msgs/my_nav_msgs/srv/detail/set_obj_cost__functions.h
-- Up-to-date symlink: /home/rover/kameyama_ws/install/my_nav_msgs/include/my_nav_msgs/my_nav_msgs/srv/detail/set_obj_cost__struct.h
-- Up-to-date symlink: /home/rover/kameyama_ws/install/my_nav_msgs/include/my_nav_msgs/my_nav_msgs/srv/detail/set_obj_cost__type_support.h
-- Up-to-date symlink: /home/rover/kameyama_ws/install/my_nav_msgs/include/my_nav_msgs/my_nav_msgs/srv/set_obj_cost.h
-- Up-to-date symlink: /home/rover/kameyama_ws/install/my_nav_msgs/share/my_nav_msgs/environment/library_path.sh
-- Up-to-date symlink: /home/rover/kameyama_ws/install/my_nav_msgs/share/my_nav_msgs/environment/library_path.dsv
-- Up-to-date symlink: /home/rover/kameyama_ws/install/my_nav_msgs/include/my_nav_msgs/my_nav_msgs/action/detail/compute_multi_path__rosidl_typesupport_fastrtps_c.h
-- Up-to-date symlink: /home/rover/kameyama_ws/install/my_nav_msgs/include/my_nav_msgs/my_nav_msgs/msg/detail/path_info__rosidl_typesupport_fastrtps_c.h
-- Up-to-date symlink: /home/rover/kameyama_ws/install/my_nav_msgs/include/my_nav_msgs/my_nav_msgs/msg/detail/path_with_condition__rosidl_typesupport_fastrtps_c.h
-- Up-to-date symlink: /home/rover/kameyama_ws/install/my_nav_msgs/include/my_nav_msgs/my_nav_msgs/msg/rosidl_typesupport_fastrtps_c__visibility_control.h
-- Up-to-date symlink: /home/rover/kameyama_ws/install/my_nav_msgs/include/my_nav_msgs/my_nav_msgs/srv/detail/set_obj_cost__rosidl_typesupport_fastrtps_c.h
-- Up-to-date symlink: /home/rover/kameyama_ws/install/my_nav_msgs/include/my_nav_msgs/my_nav_msgs/action/compute_multi_path.hpp
-- Up-to-date symlink: /home/rover/kameyama_ws/install/my_nav_msgs/include/my_nav_msgs/my_nav_msgs/action/detail/compute_multi_path__builder.hpp
-- Up-to-date symlink: /home/rover/kameyama_ws/install/my_nav_msgs/include/my_nav_msgs/my_nav_msgs/action/detail/compute_multi_path__struct.hpp
-- Up-to-date symlink: /home/rover/kameyama_ws/install/my_nav_msgs/include/my_nav_msgs/my_nav_msgs/action/detail/compute_multi_path__traits.hpp
-- Up-to-date symlink: /home/rover/kameyama_ws/install/my_nav_msgs/include/my_nav_msgs/my_nav_msgs/action/detail/compute_multi_path__type_support.hpp
-- Up-to-date symlink: /home/rover/kameyama_ws/install/my_nav_msgs/include/my_nav_msgs/my_nav_msgs/msg/detail/path_info__builder.hpp
-- Up-to-date symlink: /home/rover/kameyama_ws/install/my_nav_msgs/include/my_nav_msgs/my_nav_msgs/msg/detail/path_info__struct.hpp
-- Up-to-date symlink: /home/rover/kameyama_ws/install/my_nav_msgs/include/my_nav_msgs/my_nav_msgs/msg/detail/path_info__traits.hpp
-- Up-to-date symlink: /home/rover/kameyama_ws/install/my_nav_msgs/include/my_nav_msgs/my_nav_msgs/msg/detail/path_info__type_support.hpp
-- Up-to-date symlink: /home/rover/kameyama_ws/install/my_nav_msgs/include/my_nav_msgs/my_nav_msgs/msg/detail/path_with_condition__builder.hpp
-- Up-to-date symlink: /home/rover/kameyama_ws/install/my_nav_msgs/include/my_nav_msgs/my_nav_msgs/msg/detail/path_with_condition__struct.hpp
-- Up-to-date symlink: /home/rover/kameyama_ws/install/my_nav_msgs/include/my_nav_msgs/my_nav_msgs/msg/detail/path_with_condition__traits.hpp
-- Up-to-date symlink: /home/rover/kameyama_ws/install/my_nav_msgs/include/my_nav_msgs/my_nav_msgs/msg/detail/path_with_condition__type_support.hpp
-- Up-to-date symlink: /home/rover/kameyama_ws/install/my_nav_msgs/include/my_nav_msgs/my_nav_msgs/msg/path_info.hpp
-- Up-to-date symlink: /home/rover/kameyama_ws/install/my_nav_msgs/include/my_nav_msgs/my_nav_msgs/msg/path_with_condition.hpp
-- Up-to-date symlink: /home/rover/kameyama_ws/install/my_nav_msgs/include/my_nav_msgs/my_nav_msgs/msg/rosidl_generator_cpp__visibility_control.hpp
-- Up-to-date symlink: /home/rover/kameyama_ws/install/my_nav_msgs/include/my_nav_msgs/my_nav_msgs/srv/detail/set_obj_cost__builder.hpp
-- Up-to-date symlink: /home/rover/kameyama_ws/install/my_nav_msgs/include/my_nav_msgs/my_nav_msgs/srv/detail/set_obj_cost__struct.hpp
-- Up-to-date symlink: /home/rover/kameyama_ws/install/my_nav_msgs/include/my_nav_msgs/my_nav_msgs/srv/detail/set_obj_cost__traits.hpp
-- Up-to-date symlink: /home/rover/kameyama_ws/install/my_nav_msgs/include/my_nav_msgs/my_nav_msgs/srv/detail/set_obj_cost__type_support.hpp
-- Up-to-date symlink: /home/rover/kameyama_ws/install/my_nav_msgs/include/my_nav_msgs/my_nav_msgs/srv/set_obj_cost.hpp
-- Up-to-date symlink: /home/rover/kameyama_ws/install/my_nav_msgs/include/my_nav_msgs/my_nav_msgs/action/detail/compute_multi_path__rosidl_typesupport_fastrtps_cpp.hpp
-- Up-to-date symlink: /home/rover/kameyama_ws/install/my_nav_msgs/include/my_nav_msgs/my_nav_msgs/msg/detail/path_info__rosidl_typesupport_fastrtps_cpp.hpp
-- Up-to-date symlink: /home/rover/kameyama_ws/install/my_nav_msgs/include/my_nav_msgs/my_nav_msgs/msg/detail/path_with_condition__rosidl_typesupport_fastrtps_cpp.hpp
-- Up-to-date symlink: /home/rover/kameyama_ws/install/my_nav_msgs/include/my_nav_msgs/my_nav_msgs/msg/rosidl_typesupport_fastrtps_cpp__visibility_control.h
-- Up-to-date symlink: /home/rover/kameyama_ws/install/my_nav_msgs/include/my_nav_msgs/my_nav_msgs/srv/detail/set_obj_cost__rosidl_typesupport_fastrtps_cpp.hpp
-- Up-to-date symlink: /home/rover/kameyama_ws/install/my_nav_msgs/include/my_nav_msgs/my_nav_msgs/action/detail/compute_multi_path__rosidl_typesupport_introspection_c.h
-- Up-to-date symlink: /home/rover/kameyama_ws/install/my_nav_msgs/include/my_nav_msgs/my_nav_msgs/msg/detail/path_info__rosidl_typesupport_introspection_c.h
-- Up-to-date symlink: /home/rover/kameyama_ws/install/my_nav_msgs/include/my_nav_msgs/my_nav_msgs/msg/detail/path_with_condition__rosidl_typesupport_introspection_c.h
-- Up-to-date symlink: /home/rover/kameyama_ws/install/my_nav_msgs/include/my_nav_msgs/my_nav_msgs/msg/rosidl_typesupport_introspection_c__visibility_control.h
-- Up-to-date symlink: /home/rover/kameyama_ws/install/my_nav_msgs/include/my_nav_msgs/my_nav_msgs/srv/detail/set_obj_cost__rosidl_typesupport_introspection_c.h
-- Up-to-date symlink: /home/rover/kameyama_ws/install/my_nav_msgs/include/my_nav_msgs/my_nav_msgs/action/detail/compute_multi_path__rosidl_typesupport_introspection_cpp.hpp
-- Up-to-date symlink: /home/rover/kameyama_ws/install/my_nav_msgs/include/my_nav_msgs/my_nav_msgs/msg/detail/path_info__rosidl_typesupport_introspection_cpp.hpp
-- Up-to-date symlink: /home/rover/kameyama_ws/install/my_nav_msgs/include/my_nav_msgs/my_nav_msgs/msg/detail/path_with_condition__rosidl_typesupport_introspection_cpp.hpp
-- Up-to-date symlink: /home/rover/kameyama_ws/install/my_nav_msgs/include/my_nav_msgs/my_nav_msgs/srv/detail/set_obj_cost__rosidl_typesupport_introspection_cpp.hpp
-- Up-to-date symlink: /home/rover/kameyama_ws/install/my_nav_msgs/share/my_nav_msgs/environment/pythonpath.sh
-- Up-to-date symlink: /home/rover/kameyama_ws/install/my_nav_msgs/share/my_nav_msgs/environment/pythonpath.dsv
-- Up-to-date symlink: /home/rover/kameyama_ws/install/my_nav_msgs/local/lib/python3.10/dist-packages/my_nav_msgs-0.1.0-py3.10.egg-info/PKG-INFO
-- Up-to-date symlink: /home/rover/kameyama_ws/install/my_nav_msgs/local/lib/python3.10/dist-packages/my_nav_msgs-0.1.0-py3.10.egg-info/SOURCES.txt
-- Up-to-date symlink: /home/rover/kameyama_ws/install/my_nav_msgs/local/lib/python3.10/dist-packages/my_nav_msgs-0.1.0-py3.10.egg-info/dependency_links.txt
-- Up-to-date symlink: /home/rover/kameyama_ws/install/my_nav_msgs/local/lib/python3.10/dist-packages/my_nav_msgs-0.1.0-py3.10.egg-info/top_level.txt
-- Up-to-date symlink: /home/rover/kameyama_ws/install/my_nav_msgs/local/lib/python3.10/dist-packages/my_nav_msgs/__init__.py
-- Up-to-date symlink: /home/rover/kameyama_ws/install/my_nav_msgs/local/lib/python3.10/dist-packages/my_nav_msgs/_my_nav_msgs_s.ep.rosidl_typesupport_c.c
-- Up-to-date symlink: /home/rover/kameyama_ws/install/my_nav_msgs/local/lib/python3.10/dist-packages/my_nav_msgs/_my_nav_msgs_s.ep.rosidl_typesupport_fastrtps_c.c
-- Up-to-date symlink: /home/rover/kameyama_ws/install/my_nav_msgs/local/lib/python3.10/dist-packages/my_nav_msgs/_my_nav_msgs_s.ep.rosidl_typesupport_introspection_c.c
-- Up-to-date symlink: /home/rover/kameyama_ws/install/my_nav_msgs/local/lib/python3.10/dist-packages/my_nav_msgs/action/__init__.py
-- Up-to-date symlink: /home/rover/kameyama_ws/install/my_nav_msgs/local/lib/python3.10/dist-packages/my_nav_msgs/action/_compute_multi_path.py
-- Up-to-date symlink: /home/rover/kameyama_ws/install/my_nav_msgs/local/lib/python3.10/dist-packages/my_nav_msgs/action/_compute_multi_path_s.c
-- Up-to-date symlink: /home/rover/kameyama_ws/install/my_nav_msgs/local/lib/python3.10/dist-packages/my_nav_msgs/libmy_nav_msgs__rosidl_generator_py.so
-- Up-to-date symlink: /home/rover/kameyama_ws/install/my_nav_msgs/local/lib/python3.10/dist-packages/my_nav_msgs/msg/__init__.py
-- Up-to-date symlink: /home/rover/kameyama_ws/install/my_nav_msgs/local/lib/python3.10/dist-packages/my_nav_msgs/msg/_path_info.py
-- Up-to-date symlink: /home/rover/kameyama_ws/install/my_nav_msgs/local/lib/python3.10/dist-packages/my_nav_msgs/msg/_path_info_s.c
-- Up-to-date symlink: /home/rover/kameyama_ws/install/my_nav_msgs/local/lib/python3.10/dist-packages/my_nav_msgs/msg/_path_with_condition.py
-- Up-to-date symlink: /home/rover/kameyama_ws/install/my_nav_msgs/local/lib/python3.10/dist-packages/my_nav_msgs/msg/_path_with_condition_s.c
-- Up-to-date symlink: /home/rover/kameyama_ws/install/my_nav_msgs/local/lib/python3.10/dist-packages/my_nav_msgs/my_nav_msgs_s__rosidl_typesupport_c.cpython-310-x86_64-linux-gnu.so
-- Up-to-date symlink: /home/rover/kameyama_ws/install/my_nav_msgs/local/lib/python3.10/dist-packages/my_nav_msgs/my_nav_msgs_s__rosidl_typesupport_fastrtps_c.cpython-310-x86_64-linux-gnu.so
-- Up-to-date symlink: /home/rover/kameyama_ws/install/my_nav_msgs/local/lib/python3.10/dist-packages/my_nav_msgs/my_nav_msgs_s__rosidl_typesupport_introspection_c.cpython-310-x86_64-linux-gnu.so
-- Up-to-date symlink: /home/rover/kameyama_ws/install/my_nav_msgs/local/lib/python3.10/dist-packages/my_nav_msgs/srv/__init__.py
-- Up-to-date symlink: /home/rover/kameyama_ws/install/my_nav_msgs/local/lib/python3.10/dist-packages/my_nav_msgs/srv/_set_obj_cost.py
-- Up-to-date symlink: /home/rover/kameyama_ws/install/my_nav_msgs/local/lib/python3.10/dist-packages/my_nav_msgs/srv/_set_obj_cost_s.c
-- Up-to-date symlink: /home/rover/kameyama_ws/install/my_nav_msgs/local/lib/python3.10/dist-packages/my_nav_msgs/my_nav_msgs_s__rosidl_typesupport_fastrtps_c.cpython-310-x86_64-linux-gnu.so
-- Up-to-date symlink: /home/rover/kameyama_ws/install/my_nav_msgs/local/lib/python3.10/dist-packages/my_nav_msgs/my_nav_msgs_s__rosidl_typesupport_introspection_c.cpython-310-x86_64-linux-gnu.so
-- Up-to-date symlink: /home/rover/kameyama_ws/install/my_nav_msgs/local/lib/python3.10/dist-packages/my_nav_msgs/my_nav_msgs_s__rosidl_typesupport_c.cpython-310-x86_64-linux-gnu.so
-- Up-to-date symlink: /home/rover/kameyama_ws/install/my_nav_msgs/share/my_nav_msgs/msg/PathInfo.idl
-- Up-to-date symlink: /home/rover/kameyama_ws/install/my_nav_msgs/share/my_nav_msgs/msg/PathWithCondition.idl
-- Up-to-date symlink: /home/rover/kameyama_ws/install/my_nav_msgs/share/my_nav_msgs/srv/SetObjCost.idl
-- Up-to-date symlink: /home/rover/kameyama_ws/install/my_nav_msgs/share/my_nav_msgs/action/ComputeMultiPath.idl
-- Up-to-date symlink: /home/rover/kameyama_ws/install/my_nav_msgs/share/my_nav_msgs/msg/PathInfo.msg
-- Up-to-date symlink: /home/rover/kameyama_ws/install/my_nav_msgs/share/my_nav_msgs/msg/PathWithCondition.msg
-- Up-to-date symlink: /home/rover/kameyama_ws/install/my_nav_msgs/share/my_nav_msgs/srv/SetObjCost.srv
-- Up-to-date symlink: /home/rover/kameyama_ws/install/my_nav_msgs/share/my_nav_msgs/srv/SetObjCost_Request.msg
-- Up-to-date symlink: /home/rover/kameyama_ws/install/my_nav_msgs/share/my_nav_msgs/srv/SetObjCost_Response.msg
-- Up-to-date symlink: /home/rover/kameyama_ws/install/my_nav_msgs/share/my_nav_msgs/action/ComputeMultiPath.action
-- Up-to-date symlink: /home/rover/kameyama_ws/install/my_nav_msgs/share/ament_index/resource_index/package_run_dependencies/my_nav_msgs
-- Up-to-date symlink: /home/rover/kameyama_ws/install/my_nav_msgs/share/ament_index/resource_index/parent_prefix_path/my_nav_msgs
-- Up-to-date symlink: /home/rover/kameyama_ws/install/my_nav_msgs/share/my_nav_msgs/environment/ament_prefix_path.sh
-- Up-to-date symlink: /home/rover/kameyama_ws/install/my_nav_msgs/share/my_nav_msgs/environment/ament_prefix_path.dsv
-- Up-to-date symlink: /home/rover/kameyama_ws/install/my_nav_msgs/share/my_nav_msgs/environment/path.sh
-- Up-to-date symlink: /home/rover/kameyama_ws/install/my_nav_msgs/share/my_nav_msgs/environment/path.dsv
-- Up-to-date symlink: /home/rover/kameyama_ws/install/my_nav_msgs/share/my_nav_msgs/local_setup.bash
-- Up-to-date symlink: /home/rover/kameyama_ws/install/my_nav_msgs/share/my_nav_msgs/local_setup.sh
-- Up-to-date symlink: /home/rover/kameyama_ws/install/my_nav_msgs/share/my_nav_msgs/local_setup.zsh
-- Up-to-date symlink: /home/rover/kameyama_ws/install/my_nav_msgs/share/my_nav_msgs/local_setup.dsv
-- Symlinking: /home/rover/kameyama_ws/install/my_nav_msgs/share/my_nav_msgs/package.dsv
-- Up-to-date symlink: /home/rover/kameyama_ws/install/my_nav_msgs/share/ament_index/resource_index/packages/my_nav_msgs
-- Up-to-date symlink: /home/rover/kameyama_ws/install/my_nav_msgs/share/my_nav_msgs/cmake/rosidl_cmake-extras.cmake
-- Up-to-date symlink: /home/rover/kameyama_ws/install/my_nav_msgs/share/my_nav_msgs/cmake/ament_cmake_export_dependencies-extras.cmake
-- Up-to-date symlink: /home/rover/kameyama_ws/install/my_nav_msgs/share/my_nav_msgs/cmake/ament_cmake_export_include_directories-extras.cmake
-- Up-to-date symlink: /home/rover/kameyama_ws/install/my_nav_msgs/share/my_nav_msgs/cmake/ament_cmake_export_libraries-extras.cmake
-- Up-to-date symlink: /home/rover/kameyama_ws/install/my_nav_msgs/share/my_nav_msgs/cmake/ament_cmake_export_targets-extras.cmake
-- Up-to-date symlink: /home/rover/kameyama_ws/install/my_nav_msgs/share/my_nav_msgs/cmake/rosidl_cmake_export_typesupport_targets-extras.cmake
-- Up-to-date symlink: /home/rover/kameyama_ws/install/my_nav_msgs/share/my_nav_msgs/cmake/rosidl_cmake_export_typesupport_libraries-extras.cmake
-- Up-to-date symlink: /home/rover/kameyama_ws/install/my_nav_msgs/share/my_nav_msgs/cmake/my_nav_msgsConfig.cmake
-- Up-to-date symlink: /home/rover/kameyama_ws/install/my_nav_msgs/share/my_nav_msgs/cmake/my_nav_msgsConfig-version.cmake
-- Up-to-date symlink: /home/rover/kameyama_ws/install/my_nav_msgs/share/my_nav_msgs/package.xml
-- Up-to-date: /home/rover/kameyama_ws/install/my_nav_msgs/lib/libmy_nav_msgs__rosidl_generator_c.so
-- Up-to-date: /home/rover/kameyama_ws/install/my_nav_msgs/lib/libmy_nav_msgs__rosidl_typesupport_fastrtps_c.so
-- Up-to-date: /home/rover/kameyama_ws/install/my_nav_msgs/lib/libmy_nav_msgs__rosidl_typesupport_fastrtps_cpp.so
-- Up-to-date: /home/rover/kameyama_ws/install/my_nav_msgs/lib/libmy_nav_msgs__rosidl_typesupport_introspection_c.so
-- Up-to-date: /home/rover/kameyama_ws/install/my_nav_msgs/lib/libmy_nav_msgs__rosidl_typesupport_c.so
-- Up-to-date: /home/rover/kameyama_ws/install/my_nav_msgs/lib/libmy_nav_msgs__rosidl_typesupport_introspection_cpp.so
-- Up-to-date: /home/rover/kameyama_ws/install/my_nav_msgs/lib/libmy_nav_msgs__rosidl_typesupport_cpp.so
Listing '/home/rover/kameyama_ws/install/my_nav_msgs/local/lib/python3.10/dist-packages/my_nav_msgs'...
Listing '/home/rover/kameyama_ws/install/my_nav_msgs/local/lib/python3.10/dist-packages/my_nav_msgs/action'...
Listing '/home/rover/kameyama_ws/install/my_nav_msgs/local/lib/python3.10/dist-packages/my_nav_msgs/msg'...
Listing '/home/rover/kameyama_ws/install/my_nav_msgs/local/lib/python3.10/dist-packages/my_nav_msgs/srv'...
-- Up-to-date: /home/rover/kameyama_ws/install/my_nav_msgs/lib/libmy_nav_msgs__rosidl_generator_py.so
-- Up-to-date: /home/rover/kameyama_ws/install/my_nav_msgs/share/my_nav_msgs/cmake/export_my_nav_msgs__rosidl_generator_cExport.cmake
-- Up-to-date: /home/rover/kameyama_ws/install/my_nav_msgs/share/my_nav_msgs/cmake/export_my_nav_msgs__rosidl_generator_cExport-noconfig.cmake
-- Up-to-date: /home/rover/kameyama_ws/install/my_nav_msgs/share/my_nav_msgs/cmake/export_my_nav_msgs__rosidl_typesupport_fastrtps_cExport.cmake
-- Up-to-date: /home/rover/kameyama_ws/install/my_nav_msgs/share/my_nav_msgs/cmake/export_my_nav_msgs__rosidl_typesupport_fastrtps_cExport-noconfig.cmake
-- Up-to-date: /home/rover/kameyama_ws/install/my_nav_msgs/share/my_nav_msgs/cmake/export_my_nav_msgs__rosidl_generator_cppExport.cmake
-- Up-to-date: /home/rover/kameyama_ws/install/my_nav_msgs/share/my_nav_msgs/cmake/export_my_nav_msgs__rosidl_typesupport_fastrtps_cppExport.cmake
-- Up-to-date: /home/rover/kameyama_ws/install/my_nav_msgs/share/my_nav_msgs/cmake/export_my_nav_msgs__rosidl_typesupport_fastrtps_cppExport-noconfig.cmake
-- Up-to-date: /home/rover/kameyama_ws/install/my_nav_msgs/share/my_nav_msgs/cmake/my_nav_msgs__rosidl_typesupport_introspection_cExport.cmake
-- Up-to-date: /home/rover/kameyama_ws/install/my_nav_msgs/share/my_nav_msgs/cmake/my_nav_msgs__rosidl_typesupport_introspection_cExport-noconfig.cmake
-- Up-to-date: /home/rover/kameyama_ws/install/my_nav_msgs/share/my_nav_msgs/cmake/my_nav_msgs__rosidl_typesupport_cExport.cmake
-- Up-to-date: /home/rover/kameyama_ws/install/my_nav_msgs/share/my_nav_msgs/cmake/my_nav_msgs__rosidl_typesupport_cExport-noconfig.cmake
-- Up-to-date: /home/rover/kameyama_ws/install/my_nav_msgs/share/my_nav_msgs/cmake/my_nav_msgs__rosidl_typesupport_introspection_cppExport.cmake
-- Up-to-date: /home/rover/kameyama_ws/install/my_nav_msgs/share/my_nav_msgs/cmake/my_nav_msgs__rosidl_typesupport_introspection_cppExport-noconfig.cmake
-- Up-to-date: /home/rover/kameyama_ws/install/my_nav_msgs/share/my_nav_msgs/cmake/my_nav_msgs__rosidl_typesupport_cppExport.cmake
-- Up-to-date: /home/rover/kameyama_ws/install/my_nav_msgs/share/my_nav_msgs/cmake/my_nav_msgs__rosidl_typesupport_cppExport-noconfig.cmake
-- Up-to-date: /home/rover/kameyama_ws/install/my_nav_msgs/share/my_nav_msgs/cmake/export_my_nav_msgs__rosidl_generator_pyExport.cmake
-- Up-to-date: /home/rover/kameyama_ws/install/my_nav_msgs/share/my_nav_msgs/cmake/export_my_nav_msgs__rosidl_generator_pyExport-noconfig.cmake
