-- The C compiler identification is GNU 11.4.0
-- The CXX compiler identification is GNU 11.4.0
-- Detecting C compiler ABI info
-- Detecting C compiler ABI info - done
-- Check for working C compiler: /usr/bin/cc - skipped
-- Detecting C compile features
-- Detecting C compile features - done
-- Detecting CXX compiler ABI info
-- Detecting CXX compiler ABI info - done
-- Check for working CXX compiler: /usr/bin/c++ - skipped
-- Detecting CXX compile features
-- Detecting CXX compile features - done
-- Found ament_cmake: 1.3.11 (/opt/ros/humble/share/ament_cmake/cmake)
-- Found Python3: /usr/bin/python3 (found version "3.10.12") found components: Interpreter 
-- Override CMake install command with custom implementation using symlinks instead of copying resources
-- Found rclcpp: 16.0.12 (/opt/ros/humble/share/rclcpp/cmake)
-- Found rosidl_generator_c: 3.1.6 (/opt/ros/humble/share/rosidl_generator_c/cmake)
-- Found rosidl_adapter: 3.1.6 (/opt/ros/humble/share/rosidl_adapter/cmake)
-- Found rosidl_generator_cpp: 3.1.6 (/opt/ros/humble/share/rosidl_generator_cpp/cmake)
-- Using all available rosidl_typesupport_c: rosidl_typesupport_fastrtps_c;rosidl_typesupport_introspection_c
-- Using all available rosidl_typesupport_cpp: rosidl_typesupport_fastrtps_cpp;rosidl_typesupport_introspection_cpp
-- Found rmw_implementation_cmake: 6.1.2 (/opt/ros/humble/share/rmw_implementation_cmake/cmake)
-- Found rmw_cyclonedds_cpp: 1.3.4 (/opt/ros/humble/share/rmw_cyclonedds_cpp/cmake)
-- Using RMW implementation 'rmw_cyclonedds_cpp' as default
-- Looking for pthread.h
-- Looking for pthread.h - found
-- Performing Test CMAKE_HAVE_LIBC_PTHREAD
-- Performing Test CMAKE_HAVE_LIBC_PTHREAD - Success
-- Found Threads: TRUE  
-- Found geometry_msgs: 4.9.0 (/opt/ros/humble/share/geometry_msgs/cmake)
-- Found rosidl_default_generators: 1.2.0 (/opt/ros/humble/share/rosidl_default_generators/cmake)
-- Found ament_cmake_ros: 0.10.0 (/opt/ros/humble/share/ament_cmake_ros/cmake)
-- Using all available rosidl_typesupport_c: rosidl_typesupport_fastrtps_c;rosidl_typesupport_introspection_c
-- Using all available rosidl_typesupport_cpp: rosidl_typesupport_fastrtps_cpp;rosidl_typesupport_introspection_cpp
-- Found PythonInterp: /usr/bin/python3 (found suitable version "3.10.12", minimum required is "3.6") 
-- Found python_cmake_module: 0.10.0 (/opt/ros/humble/share/python_cmake_module/cmake)
-- Found PythonLibs: /usr/lib/x86_64-linux-gnu/libpython3.10.so (found suitable version "3.10.12", minimum required is "3.5") 
-- Using PYTHON_EXECUTABLE: /usr/bin/python3
-- Using PYTHON_INCLUDE_DIRS: /usr/include/python3.10
-- Using PYTHON_LIBRARIES: /usr/lib/x86_64-linux-gnu/libpython3.10.so
-- Found PythonExtra: .so  
-- Found ament_lint_auto: 0.12.12 (/opt/ros/humble/share/ament_lint_auto/cmake)
-- Added test 'lint_cmake' to check CMake code style
-- Added test 'xmllint' to check XML markup files
-- Configuring done
-- Generating done
-- Build files have been written to: /home/das-note-021/amir_kameyama_ws/build/line_msg
[  3%] [34m[1mGenerating C code for ROS interfaces[0m
[  6%] [34m[1mGenerating C++ code for ROS interfaces[0m
[  6%] Built target ament_cmake_python_symlink_line_msg
[  9%] [32mBuilding C object CMakeFiles/line_msg__rosidl_generator_c.dir/rosidl_generator_c/line_msg/msg/detail/box_corner__functions.c.o[0m
[  9%] Built target line_msg__cpp
running egg_info
creating line_msg.egg-info
writing line_msg.egg-info/PKG-INFO
writing dependency_links to line_msg.egg-info/dependency_links.txt
writing top-level names to line_msg.egg-info/top_level.txt
writing manifest file 'line_msg.egg-info/SOURCES.txt'
reading manifest file 'line_msg.egg-info/SOURCES.txt'
writing manifest file 'line_msg.egg-info/SOURCES.txt'
[ 12%] [34m[1mGenerating C++ type support dispatch for ROS interfaces[0m
[ 16%] [34m[1mGenerating C++ introspection for ROS interfaces[0m
[ 19%] [34m[1mGenerating C++ type support for eProsima Fast-RTPS[0m
[ 22%] [32m[1mLinking C shared library libline_msg__rosidl_generator_c.so[0m
[ 22%] Built target ament_cmake_python_build_line_msg_egg
[ 22%] Built target line_msg__rosidl_generator_c
[ 25%] [34m[1mGenerating C type support for eProsima Fast-RTPS[0m
[ 29%] [34m[1mGenerating C introspection for ROS interfaces[0m
[ 32%] [34m[1mGenerating C type support dispatch for ROS interfaces[0m
[ 35%] [32mBuilding CXX object CMakeFiles/line_msg__rosidl_typesupport_cpp.dir/rosidl_typesupport_cpp/line_msg/msg/box_corner__type_support.cpp.o[0m
[ 38%] [32mBuilding CXX object CMakeFiles/line_msg__rosidl_typesupport_fastrtps_cpp.dir/rosidl_typesupport_fastrtps_cpp/line_msg/msg/detail/dds_fastrtps/box_corner__type_support.cpp.o[0m
[ 41%] [32mBuilding CXX object CMakeFiles/line_msg__rosidl_typesupport_introspection_cpp.dir/rosidl_typesupport_introspection_cpp/line_msg/msg/detail/box_corner__type_support.cpp.o[0m
[ 45%] [32mBuilding CXX object CMakeFiles/line_msg__rosidl_typesupport_fastrtps_c.dir/rosidl_typesupport_fastrtps_c/line_msg/msg/detail/box_corner__type_support_c.cpp.o[0m
[ 48%] [32mBuilding CXX object CMakeFiles/line_msg__rosidl_typesupport_c.dir/rosidl_typesupport_c/line_msg/msg/box_corner__type_support.cpp.o[0m
[ 51%] [32mBuilding C object CMakeFiles/line_msg__rosidl_typesupport_introspection_c.dir/rosidl_typesupport_introspection_c/line_msg/msg/detail/box_corner__type_support.c.o[0m
[ 58%] [32m[1mLinking CXX shared library libline_msg__rosidl_typesupport_c.so[0m
[ 58%] [32m[1mLinking C shared library libline_msg__rosidl_typesupport_introspection_c.so[0m
[ 61%] [32m[1mLinking CXX shared library libline_msg__rosidl_typesupport_cpp.so[0m
[ 64%] [32m[1mLinking CXX shared library libline_msg__rosidl_typesupport_introspection_cpp.so[0m
[ 64%] Built target line_msg__rosidl_typesupport_introspection_c
[ 64%] Built target line_msg__rosidl_typesupport_c
[ 64%] Built target line_msg__rosidl_typesupport_cpp
[ 67%] [32m[1mLinking CXX shared library libline_msg__rosidl_typesupport_fastrtps_c.so[0m
[ 70%] [32m[1mLinking CXX shared library libline_msg__rosidl_typesupport_fastrtps_cpp.so[0m
[ 70%] Built target line_msg__rosidl_typesupport_fastrtps_c
[ 70%] Built target line_msg__rosidl_typesupport_introspection_cpp
[ 70%] Built target line_msg__rosidl_typesupport_fastrtps_cpp
[ 70%] Built target line_msg
[ 74%] [34m[1mGenerating Python code for ROS interfaces[0m
[ 74%] Built target line_msg__py
[ 77%] [32mBuilding C object CMakeFiles/line_msg__rosidl_generator_py.dir/rosidl_generator_py/line_msg/msg/_box_corner_s.c.o[0m
[ 80%] [32m[1mLinking C shared library rosidl_generator_py/line_msg/libline_msg__rosidl_generator_py.so[0m
[ 80%] Built target line_msg__rosidl_generator_py
[ 83%] [32mBuilding C object CMakeFiles/line_msg__rosidl_typesupport_fastrtps_c__pyext.dir/rosidl_generator_py/line_msg/_line_msg_s.ep.rosidl_typesupport_fastrtps_c.c.o[0m
[ 87%] [32mBuilding C object CMakeFiles/line_msg__rosidl_typesupport_c__pyext.dir/rosidl_generator_py/line_msg/_line_msg_s.ep.rosidl_typesupport_c.c.o[0m
[ 90%] [32mBuilding C object CMakeFiles/line_msg__rosidl_typesupport_introspection_c__pyext.dir/rosidl_generator_py/line_msg/_line_msg_s.ep.rosidl_typesupport_introspection_c.c.o[0m
[ 93%] [32m[1mLinking C shared library rosidl_generator_py/line_msg/line_msg_s__rosidl_typesupport_fastrtps_c.cpython-310-x86_64-linux-gnu.so[0m
[ 93%] Built target line_msg__rosidl_typesupport_fastrtps_c__pyext
[ 96%] [32m[1mLinking C shared library rosidl_generator_py/line_msg/line_msg_s__rosidl_typesupport_c.cpython-310-x86_64-linux-gnu.so[0m
[100%] [32m[1mLinking C shared library rosidl_generator_py/line_msg/line_msg_s__rosidl_typesupport_introspection_c.cpython-310-x86_64-linux-gnu.so[0m
[100%] Built target line_msg__rosidl_typesupport_c__pyext
[100%] Built target line_msg__rosidl_typesupport_introspection_c__pyext
-- Install configuration: ""
-- Execute custom install script
-- Symlinking: /home/das-note-021/amir_kameyama_ws/install/line_msg/share/ament_index/resource_index/rosidl_interfaces/line_msg
-- Symlinking: /home/das-note-021/amir_kameyama_ws/install/line_msg/include/line_msg/line_msg/msg/box_corner.h
-- Symlinking: /home/das-note-021/amir_kameyama_ws/install/line_msg/include/line_msg/line_msg/msg/detail/box_corner__functions.h
-- Symlinking: /home/das-note-021/amir_kameyama_ws/install/line_msg/include/line_msg/line_msg/msg/detail/box_corner__struct.h
-- Symlinking: /home/das-note-021/amir_kameyama_ws/install/line_msg/include/line_msg/line_msg/msg/detail/box_corner__type_support.h
-- Symlinking: /home/das-note-021/amir_kameyama_ws/install/line_msg/include/line_msg/line_msg/msg/rosidl_generator_c__visibility_control.h
-- Symlinking: /home/das-note-021/amir_kameyama_ws/install/line_msg/share/line_msg/environment/library_path.sh
-- Symlinking: /home/das-note-021/amir_kameyama_ws/install/line_msg/share/line_msg/environment/library_path.dsv
-- Symlinking: /home/das-note-021/amir_kameyama_ws/install/line_msg/include/line_msg/line_msg/msg/detail/box_corner__rosidl_typesupport_fastrtps_c.h
-- Symlinking: /home/das-note-021/amir_kameyama_ws/install/line_msg/include/line_msg/line_msg/msg/rosidl_typesupport_fastrtps_c__visibility_control.h
-- Symlinking: /home/das-note-021/amir_kameyama_ws/install/line_msg/include/line_msg/line_msg/msg/box_corner.hpp
-- Symlinking: /home/das-note-021/amir_kameyama_ws/install/line_msg/include/line_msg/line_msg/msg/detail/box_corner__builder.hpp
-- Symlinking: /home/das-note-021/amir_kameyama_ws/install/line_msg/include/line_msg/line_msg/msg/detail/box_corner__struct.hpp
-- Symlinking: /home/das-note-021/amir_kameyama_ws/install/line_msg/include/line_msg/line_msg/msg/detail/box_corner__traits.hpp
-- Symlinking: /home/das-note-021/amir_kameyama_ws/install/line_msg/include/line_msg/line_msg/msg/detail/box_corner__type_support.hpp
-- Symlinking: /home/das-note-021/amir_kameyama_ws/install/line_msg/include/line_msg/line_msg/msg/rosidl_generator_cpp__visibility_control.hpp
-- Symlinking: /home/das-note-021/amir_kameyama_ws/install/line_msg/include/line_msg/line_msg/msg/detail/box_corner__rosidl_typesupport_fastrtps_cpp.hpp
-- Symlinking: /home/das-note-021/amir_kameyama_ws/install/line_msg/include/line_msg/line_msg/msg/rosidl_typesupport_fastrtps_cpp__visibility_control.h
-- Symlinking: /home/das-note-021/amir_kameyama_ws/install/line_msg/include/line_msg/line_msg/msg/detail/box_corner__rosidl_typesupport_introspection_c.h
-- Symlinking: /home/das-note-021/amir_kameyama_ws/install/line_msg/include/line_msg/line_msg/msg/rosidl_typesupport_introspection_c__visibility_control.h
-- Symlinking: /home/das-note-021/amir_kameyama_ws/install/line_msg/include/line_msg/line_msg/msg/detail/box_corner__rosidl_typesupport_introspection_cpp.hpp
-- Symlinking: /home/das-note-021/amir_kameyama_ws/install/line_msg/share/line_msg/environment/pythonpath.sh
-- Symlinking: /home/das-note-021/amir_kameyama_ws/install/line_msg/share/line_msg/environment/pythonpath.dsv
-- Symlinking: /home/das-note-021/amir_kameyama_ws/install/line_msg/local/lib/python3.10/dist-packages/line_msg-0.0.0-py3.10.egg-info/PKG-INFO
-- Symlinking: /home/das-note-021/amir_kameyama_ws/install/line_msg/local/lib/python3.10/dist-packages/line_msg-0.0.0-py3.10.egg-info/SOURCES.txt
-- Symlinking: /home/das-note-021/amir_kameyama_ws/install/line_msg/local/lib/python3.10/dist-packages/line_msg-0.0.0-py3.10.egg-info/dependency_links.txt
-- Symlinking: /home/das-note-021/amir_kameyama_ws/install/line_msg/local/lib/python3.10/dist-packages/line_msg-0.0.0-py3.10.egg-info/top_level.txt
-- Symlinking: /home/das-note-021/amir_kameyama_ws/install/line_msg/local/lib/python3.10/dist-packages/line_msg/__init__.py
-- Symlinking: /home/das-note-021/amir_kameyama_ws/install/line_msg/local/lib/python3.10/dist-packages/line_msg/_line_msg_s.ep.rosidl_typesupport_c.c
-- Symlinking: /home/das-note-021/amir_kameyama_ws/install/line_msg/local/lib/python3.10/dist-packages/line_msg/_line_msg_s.ep.rosidl_typesupport_fastrtps_c.c
-- Symlinking: /home/das-note-021/amir_kameyama_ws/install/line_msg/local/lib/python3.10/dist-packages/line_msg/_line_msg_s.ep.rosidl_typesupport_introspection_c.c
-- Symlinking: /home/das-note-021/amir_kameyama_ws/install/line_msg/local/lib/python3.10/dist-packages/line_msg/libline_msg__rosidl_generator_py.so
-- Symlinking: /home/das-note-021/amir_kameyama_ws/install/line_msg/local/lib/python3.10/dist-packages/line_msg/line_msg_s__rosidl_typesupport_c.cpython-310-x86_64-linux-gnu.so
-- Symlinking: /home/das-note-021/amir_kameyama_ws/install/line_msg/local/lib/python3.10/dist-packages/line_msg/line_msg_s__rosidl_typesupport_fastrtps_c.cpython-310-x86_64-linux-gnu.so
-- Symlinking: /home/das-note-021/amir_kameyama_ws/install/line_msg/local/lib/python3.10/dist-packages/line_msg/line_msg_s__rosidl_typesupport_introspection_c.cpython-310-x86_64-linux-gnu.so
-- Symlinking: /home/das-note-021/amir_kameyama_ws/install/line_msg/local/lib/python3.10/dist-packages/line_msg/msg/__init__.py
-- Symlinking: /home/das-note-021/amir_kameyama_ws/install/line_msg/local/lib/python3.10/dist-packages/line_msg/msg/_box_corner.py
-- Symlinking: /home/das-note-021/amir_kameyama_ws/install/line_msg/local/lib/python3.10/dist-packages/line_msg/msg/_box_corner_s.c
-- Up-to-date symlink: /home/das-note-021/amir_kameyama_ws/install/line_msg/local/lib/python3.10/dist-packages/line_msg/line_msg_s__rosidl_typesupport_fastrtps_c.cpython-310-x86_64-linux-gnu.so
-- Up-to-date symlink: /home/das-note-021/amir_kameyama_ws/install/line_msg/local/lib/python3.10/dist-packages/line_msg/line_msg_s__rosidl_typesupport_introspection_c.cpython-310-x86_64-linux-gnu.so
-- Up-to-date symlink: /home/das-note-021/amir_kameyama_ws/install/line_msg/local/lib/python3.10/dist-packages/line_msg/line_msg_s__rosidl_typesupport_c.cpython-310-x86_64-linux-gnu.so
-- Symlinking: /home/das-note-021/amir_kameyama_ws/install/line_msg/share/line_msg/msg/BoxCorner.idl
-- Symlinking: /home/das-note-021/amir_kameyama_ws/install/line_msg/share/line_msg/msg/BoxCorner.msg
-- Symlinking: /home/das-note-021/amir_kameyama_ws/install/line_msg/share/ament_index/resource_index/package_run_dependencies/line_msg
-- Symlinking: /home/das-note-021/amir_kameyama_ws/install/line_msg/share/ament_index/resource_index/parent_prefix_path/line_msg
-- Symlinking: /home/das-note-021/amir_kameyama_ws/install/line_msg/share/line_msg/environment/ament_prefix_path.sh
-- Symlinking: /home/das-note-021/amir_kameyama_ws/install/line_msg/share/line_msg/environment/ament_prefix_path.dsv
-- Symlinking: /home/das-note-021/amir_kameyama_ws/install/line_msg/share/line_msg/environment/path.sh
-- Symlinking: /home/das-note-021/amir_kameyama_ws/install/line_msg/share/line_msg/environment/path.dsv
-- Symlinking: /home/das-note-021/amir_kameyama_ws/install/line_msg/share/line_msg/local_setup.bash
-- Symlinking: /home/das-note-021/amir_kameyama_ws/install/line_msg/share/line_msg/local_setup.sh
-- Symlinking: /home/das-note-021/amir_kameyama_ws/install/line_msg/share/line_msg/local_setup.zsh
-- Symlinking: /home/das-note-021/amir_kameyama_ws/install/line_msg/share/line_msg/local_setup.dsv
-- Symlinking: /home/das-note-021/amir_kameyama_ws/install/line_msg/share/line_msg/package.dsv
-- Symlinking: /home/das-note-021/amir_kameyama_ws/install/line_msg/share/ament_index/resource_index/packages/line_msg
-- Symlinking: /home/das-note-021/amir_kameyama_ws/install/line_msg/share/line_msg/cmake/rosidl_cmake-extras.cmake
-- Symlinking: /home/das-note-021/amir_kameyama_ws/install/line_msg/share/line_msg/cmake/ament_cmake_export_dependencies-extras.cmake
-- Symlinking: /home/das-note-021/amir_kameyama_ws/install/line_msg/share/line_msg/cmake/ament_cmake_export_include_directories-extras.cmake
-- Symlinking: /home/das-note-021/amir_kameyama_ws/install/line_msg/share/line_msg/cmake/ament_cmake_export_libraries-extras.cmake
-- Symlinking: /home/das-note-021/amir_kameyama_ws/install/line_msg/share/line_msg/cmake/ament_cmake_export_targets-extras.cmake
-- Symlinking: /home/das-note-021/amir_kameyama_ws/install/line_msg/share/line_msg/cmake/rosidl_cmake_export_typesupport_targets-extras.cmake
-- Symlinking: /home/das-note-021/amir_kameyama_ws/install/line_msg/share/line_msg/cmake/rosidl_cmake_export_typesupport_libraries-extras.cmake
-- Symlinking: /home/das-note-021/amir_kameyama_ws/install/line_msg/share/line_msg/cmake/line_msgConfig.cmake
-- Symlinking: /home/das-note-021/amir_kameyama_ws/install/line_msg/share/line_msg/cmake/line_msgConfig-version.cmake
-- Symlinking: /home/das-note-021/amir_kameyama_ws/install/line_msg/share/line_msg/package.xml
-- Installing: /home/das-note-021/amir_kameyama_ws/install/line_msg/lib/libline_msg__rosidl_generator_c.so
-- Set runtime path of "/home/das-note-021/amir_kameyama_ws/install/line_msg/lib/libline_msg__rosidl_generator_c.so" to ""
-- Installing: /home/das-note-021/amir_kameyama_ws/install/line_msg/lib/libline_msg__rosidl_typesupport_fastrtps_c.so
-- Set runtime path of "/home/das-note-021/amir_kameyama_ws/install/line_msg/lib/libline_msg__rosidl_typesupport_fastrtps_c.so" to ""
-- Installing: /home/das-note-021/amir_kameyama_ws/install/line_msg/lib/libline_msg__rosidl_typesupport_fastrtps_cpp.so
-- Set runtime path of "/home/das-note-021/amir_kameyama_ws/install/line_msg/lib/libline_msg__rosidl_typesupport_fastrtps_cpp.so" to ""
-- Installing: /home/das-note-021/amir_kameyama_ws/install/line_msg/lib/libline_msg__rosidl_typesupport_introspection_c.so
-- Set runtime path of "/home/das-note-021/amir_kameyama_ws/install/line_msg/lib/libline_msg__rosidl_typesupport_introspection_c.so" to ""
-- Installing: /home/das-note-021/amir_kameyama_ws/install/line_msg/lib/libline_msg__rosidl_typesupport_c.so
-- Set runtime path of "/home/das-note-021/amir_kameyama_ws/install/line_msg/lib/libline_msg__rosidl_typesupport_c.so" to ""
-- Installing: /home/das-note-021/amir_kameyama_ws/install/line_msg/lib/libline_msg__rosidl_typesupport_introspection_cpp.so
-- Set runtime path of "/home/das-note-021/amir_kameyama_ws/install/line_msg/lib/libline_msg__rosidl_typesupport_introspection_cpp.so" to ""
-- Installing: /home/das-note-021/amir_kameyama_ws/install/line_msg/lib/libline_msg__rosidl_typesupport_cpp.so
-- Set runtime path of "/home/das-note-021/amir_kameyama_ws/install/line_msg/lib/libline_msg__rosidl_typesupport_cpp.so" to ""
Listing '/home/das-note-021/amir_kameyama_ws/install/line_msg/local/lib/python3.10/dist-packages/line_msg'...
Compiling '/home/das-note-021/amir_kameyama_ws/install/line_msg/local/lib/python3.10/dist-packages/line_msg/__init__.py'...
Listing '/home/das-note-021/amir_kameyama_ws/install/line_msg/local/lib/python3.10/dist-packages/line_msg/msg'...
Compiling '/home/das-note-021/amir_kameyama_ws/install/line_msg/local/lib/python3.10/dist-packages/line_msg/msg/__init__.py'...
Compiling '/home/das-note-021/amir_kameyama_ws/install/line_msg/local/lib/python3.10/dist-packages/line_msg/msg/_box_corner.py'...
-- Installing: /home/das-note-021/amir_kameyama_ws/install/line_msg/lib/libline_msg__rosidl_generator_py.so
-- Set runtime path of "/home/das-note-021/amir_kameyama_ws/install/line_msg/lib/libline_msg__rosidl_generator_py.so" to ""
-- Installing: /home/das-note-021/amir_kameyama_ws/install/line_msg/share/line_msg/cmake/export_line_msg__rosidl_generator_cExport.cmake
-- Installing: /home/das-note-021/amir_kameyama_ws/install/line_msg/share/line_msg/cmake/export_line_msg__rosidl_generator_cExport-noconfig.cmake
-- Installing: /home/das-note-021/amir_kameyama_ws/install/line_msg/share/line_msg/cmake/export_line_msg__rosidl_typesupport_fastrtps_cExport.cmake
-- Installing: /home/das-note-021/amir_kameyama_ws/install/line_msg/share/line_msg/cmake/export_line_msg__rosidl_typesupport_fastrtps_cExport-noconfig.cmake
-- Installing: /home/das-note-021/amir_kameyama_ws/install/line_msg/share/line_msg/cmake/export_line_msg__rosidl_generator_cppExport.cmake
-- Installing: /home/das-note-021/amir_kameyama_ws/install/line_msg/share/line_msg/cmake/export_line_msg__rosidl_typesupport_fastrtps_cppExport.cmake
-- Installing: /home/das-note-021/amir_kameyama_ws/install/line_msg/share/line_msg/cmake/export_line_msg__rosidl_typesupport_fastrtps_cppExport-noconfig.cmake
-- Installing: /home/das-note-021/amir_kameyama_ws/install/line_msg/share/line_msg/cmake/line_msg__rosidl_typesupport_introspection_cExport.cmake
-- Installing: /home/das-note-021/amir_kameyama_ws/install/line_msg/share/line_msg/cmake/line_msg__rosidl_typesupport_introspection_cExport-noconfig.cmake
-- Installing: /home/das-note-021/amir_kameyama_ws/install/line_msg/share/line_msg/cmake/line_msg__rosidl_typesupport_cExport.cmake
-- Installing: /home/das-note-021/amir_kameyama_ws/install/line_msg/share/line_msg/cmake/line_msg__rosidl_typesupport_cExport-noconfig.cmake
-- Installing: /home/das-note-021/amir_kameyama_ws/install/line_msg/share/line_msg/cmake/line_msg__rosidl_typesupport_introspection_cppExport.cmake
-- Installing: /home/das-note-021/amir_kameyama_ws/install/line_msg/share/line_msg/cmake/line_msg__rosidl_typesupport_introspection_cppExport-noconfig.cmake
-- Installing: /home/das-note-021/amir_kameyama_ws/install/line_msg/share/line_msg/cmake/line_msg__rosidl_typesupport_cppExport.cmake
-- Installing: /home/das-note-021/amir_kameyama_ws/install/line_msg/share/line_msg/cmake/line_msg__rosidl_typesupport_cppExport-noconfig.cmake
-- Installing: /home/das-note-021/amir_kameyama_ws/install/line_msg/share/line_msg/cmake/export_line_msg__rosidl_generator_pyExport.cmake
-- Installing: /home/das-note-021/amir_kameyama_ws/install/line_msg/share/line_msg/cmake/export_line_msg__rosidl_generator_pyExport-noconfig.cmake
