[0.031s] Invoking command in '/home/das-note-021/amir_kameyama_ws/build/line_msg': CMAKE_PREFIX_PATH=${CMAKE_PREFIX_PATH}:/home/das-note-021/amir_kameyama_ws/install/failure_detection:/home/das-note-021/amir_kameyama_ws/install/bt_generator:/home/das-note-021/kameyama_ws/install/ros2_aruco:/home/das-note-021/kameyama_ws/install/failure_detection:/home/das-note-021/kameyama_ws/install/bt_generator:/opt/ros/humble /usr/bin/cmake /home/das-note-021/amir_kameyama_ws/src/line_msg -DAMENT_CMAKE_SYMLINK_INSTALL=1 -DCMAKE_INSTALL_PREFIX=/home/das-note-021/amir_kameyama_ws/install/line_msg
[0.219s] -- The C compiler identification is GNU 11.4.0
[0.219s] -- The CXX compiler identification is GNU 11.4.0
[0.219s] -- Detecting C compiler ABI info
[0.219s] -- Detecting C compiler ABI info - done
[0.220s] -- Check for working C compiler: /usr/bin/cc - skipped
[0.220s] -- Detecting C compile features
[0.220s] -- Detecting C compile features - done
[0.220s] -- Detecting CXX compiler ABI info
[0.264s] -- Detecting CXX compiler ABI info - done
[0.270s] -- Check for working CXX compiler: /usr/bin/c++ - skipped
[0.270s] -- Detecting CXX compile features
[0.271s] -- Detecting CXX compile features - done
[0.274s] -- Found ament_cmake: 1.3.11 (/opt/ros/humble/share/ament_cmake/cmake)
[0.446s] -- Found Python3: /usr/bin/python3 (found version "3.10.12") found components: Interpreter 
[0.509s] -- Override CMake install command with custom implementation using symlinks instead of copying resources
[0.578s] -- Found rclcpp: 16.0.12 (/opt/ros/humble/share/rclcpp/cmake)
[0.656s] -- Found rosidl_generator_c: 3.1.6 (/opt/ros/humble/share/rosidl_generator_c/cmake)
[0.667s] -- Found rosidl_adapter: 3.1.6 (/opt/ros/humble/share/rosidl_adapter/cmake)
[0.682s] -- Found rosidl_generator_cpp: 3.1.6 (/opt/ros/humble/share/rosidl_generator_cpp/cmake)
[0.706s] -- Using all available rosidl_typesupport_c: rosidl_typesupport_fastrtps_c;rosidl_typesupport_introspection_c
[0.738s] -- Using all available rosidl_typesupport_cpp: rosidl_typesupport_fastrtps_cpp;rosidl_typesupport_introspection_cpp
[0.823s] -- Found rmw_implementation_cmake: 6.1.2 (/opt/ros/humble/share/rmw_implementation_cmake/cmake)
[0.832s] -- Found rmw_cyclonedds_cpp: 1.3.4 (/opt/ros/humble/share/rmw_cyclonedds_cpp/cmake)
[0.873s] -- Using RMW implementation 'rmw_cyclonedds_cpp' as default
[0.894s] -- Looking for pthread.h
[0.967s] -- Looking for pthread.h - found
[0.967s] -- Performing Test CMAKE_HAVE_LIBC_PTHREAD
[1.050s] -- Performing Test CMAKE_HAVE_LIBC_PTHREAD - Success
[1.051s] -- Found Threads: TRUE  
[1.098s] -- Found geometry_msgs: 4.9.0 (/opt/ros/humble/share/geometry_msgs/cmake)
[1.109s] -- Found rosidl_default_generators: 1.2.0 (/opt/ros/humble/share/rosidl_default_generators/cmake)
[1.443s] -- Found ament_cmake_ros: 0.10.0 (/opt/ros/humble/share/ament_cmake_ros/cmake)
[1.856s] -- Using all available rosidl_typesupport_c: rosidl_typesupport_fastrtps_c;rosidl_typesupport_introspection_c
[1.973s] -- Using all available rosidl_typesupport_cpp: rosidl_typesupport_fastrtps_cpp;rosidl_typesupport_introspection_cpp
[1.995s] -- Found PythonInterp: /usr/bin/python3 (found suitable version "3.10.12", minimum required is "3.6") 
[1.998s] -- Found python_cmake_module: 0.10.0 (/opt/ros/humble/share/python_cmake_module/cmake)
[2.022s] -- Found PythonLibs: /usr/lib/x86_64-linux-gnu/libpython3.10.so (found suitable version "3.10.12", minimum required is "3.5") 
[2.022s] -- Using PYTHON_EXECUTABLE: /usr/bin/python3
[2.022s] -- Using PYTHON_INCLUDE_DIRS: /usr/include/python3.10
[2.023s] -- Using PYTHON_LIBRARIES: /usr/lib/x86_64-linux-gnu/libpython3.10.so
[2.041s] -- Found PythonExtra: .so  
[2.111s] -- Found ament_lint_auto: 0.12.12 (/opt/ros/humble/share/ament_lint_auto/cmake)
[2.147s] -- Added test 'lint_cmake' to check CMake code style
[2.148s] -- Added test 'xmllint' to check XML markup files
[2.153s] -- Configuring done
[2.185s] -- Generating done
[2.193s] -- Build files have been written to: /home/das-note-021/amir_kameyama_ws/build/line_msg
[2.205s] Invoked command in '/home/das-note-021/amir_kameyama_ws/build/line_msg' returned '0': CMAKE_PREFIX_PATH=${CMAKE_PREFIX_PATH}:/home/das-note-021/amir_kameyama_ws/install/failure_detection:/home/das-note-021/amir_kameyama_ws/install/bt_generator:/home/das-note-021/kameyama_ws/install/ros2_aruco:/home/das-note-021/kameyama_ws/install/failure_detection:/home/das-note-021/kameyama_ws/install/bt_generator:/opt/ros/humble /usr/bin/cmake /home/das-note-021/amir_kameyama_ws/src/line_msg -DAMENT_CMAKE_SYMLINK_INSTALL=1 -DCMAKE_INSTALL_PREFIX=/home/das-note-021/amir_kameyama_ws/install/line_msg
[2.211s] Invoking command in '/home/das-note-021/amir_kameyama_ws/build/line_msg': CMAKE_PREFIX_PATH=${CMAKE_PREFIX_PATH}:/home/das-note-021/amir_kameyama_ws/install/failure_detection:/home/das-note-021/amir_kameyama_ws/install/bt_generator:/home/das-note-021/kameyama_ws/install/ros2_aruco:/home/das-note-021/kameyama_ws/install/failure_detection:/home/das-note-021/kameyama_ws/install/bt_generator:/opt/ros/humble /usr/bin/cmake --build /home/das-note-021/amir_kameyama_ws/build/line_msg -- -j22 -l22
[2.270s] [  3%] [34m[1mGenerating C code for ROS interfaces[0m
[2.270s] [  6%] [34m[1mGenerating C++ code for ROS interfaces[0m
[2.286s] [  6%] Built target ament_cmake_python_symlink_line_msg
[2.575s] [  9%] [32mBuilding C object CMakeFiles/line_msg__rosidl_generator_c.dir/rosidl_generator_c/line_msg/msg/detail/box_corner__functions.c.o[0m
[2.625s] [  9%] Built target line_msg__cpp
[2.637s] running egg_info
[2.638s] creating line_msg.egg-info
[2.638s] writing line_msg.egg-info/PKG-INFO
[2.639s] writing dependency_links to line_msg.egg-info/dependency_links.txt
[2.639s] writing top-level names to line_msg.egg-info/top_level.txt
[2.641s] writing manifest file 'line_msg.egg-info/SOURCES.txt'
[2.644s] reading manifest file 'line_msg.egg-info/SOURCES.txt'
[2.645s] writing manifest file 'line_msg.egg-info/SOURCES.txt'
[2.648s] [ 12%] [34m[1mGenerating C++ type support dispatch for ROS interfaces[0m
[2.661s] [ 16%] [34m[1mGenerating C++ introspection for ROS interfaces[0m
[2.664s] [ 19%] [34m[1mGenerating C++ type support for eProsima Fast-RTPS[0m
[2.665s] [ 22%] [32m[1mLinking C shared library libline_msg__rosidl_generator_c.so[0m
[2.825s] [ 22%] Built target ament_cmake_python_build_line_msg_egg
[2.885s] [ 22%] Built target line_msg__rosidl_generator_c
[2.912s] [ 25%] [34m[1mGenerating C type support for eProsima Fast-RTPS[0m
[2.972s] [ 29%] [34m[1mGenerating C introspection for ROS interfaces[0m
[3.003s] [ 32%] [34m[1mGenerating C type support dispatch for ROS interfaces[0m
[3.091s] [ 35%] [32mBuilding CXX object CMakeFiles/line_msg__rosidl_typesupport_cpp.dir/rosidl_typesupport_cpp/line_msg/msg/box_corner__type_support.cpp.o[0m
[3.144s] [ 38%] [32mBuilding CXX object CMakeFiles/line_msg__rosidl_typesupport_fastrtps_cpp.dir/rosidl_typesupport_fastrtps_cpp/line_msg/msg/detail/dds_fastrtps/box_corner__type_support.cpp.o[0m
[3.211s] [ 41%] [32mBuilding CXX object CMakeFiles/line_msg__rosidl_typesupport_introspection_cpp.dir/rosidl_typesupport_introspection_cpp/line_msg/msg/detail/box_corner__type_support.cpp.o[0m
[3.286s] [ 45%] [32mBuilding CXX object CMakeFiles/line_msg__rosidl_typesupport_fastrtps_c.dir/rosidl_typesupport_fastrtps_c/line_msg/msg/detail/box_corner__type_support_c.cpp.o[0m
[3.408s] [ 48%] [32mBuilding CXX object CMakeFiles/line_msg__rosidl_typesupport_c.dir/rosidl_typesupport_c/line_msg/msg/box_corner__type_support.cpp.o[0m
[3.426s] [ 51%] [32mBuilding C object CMakeFiles/line_msg__rosidl_typesupport_introspection_c.dir/rosidl_typesupport_introspection_c/line_msg/msg/detail/box_corner__type_support.c.o[0m
[3.537s] [ 58%] [32m[1mLinking CXX shared library libline_msg__rosidl_typesupport_c.so[0m
[3.538s] [ 58%] [32m[1mLinking C shared library libline_msg__rosidl_typesupport_introspection_c.so[0m
[3.625s] [ 61%] [32m[1mLinking CXX shared library libline_msg__rosidl_typesupport_cpp.so[0m
[3.660s] [ 64%] [32m[1mLinking CXX shared library libline_msg__rosidl_typesupport_introspection_cpp.so[0m
[3.687s] [ 64%] Built target line_msg__rosidl_typesupport_introspection_c
[3.712s] [ 64%] Built target line_msg__rosidl_typesupport_c
[3.714s] [ 64%] Built target line_msg__rosidl_typesupport_cpp
[3.732s] [ 67%] [32m[1mLinking CXX shared library libline_msg__rosidl_typesupport_fastrtps_c.so[0m
[3.736s] [ 70%] [32m[1mLinking CXX shared library libline_msg__rosidl_typesupport_fastrtps_cpp.so[0m
[3.883s] [ 70%] Built target line_msg__rosidl_typesupport_fastrtps_c
[4.003s] [ 70%] Built target line_msg__rosidl_typesupport_introspection_cpp
[4.117s] [ 70%] Built target line_msg__rosidl_typesupport_fastrtps_cpp
[4.185s] [ 70%] Built target line_msg
[4.274s] [ 74%] [34m[1mGenerating Python code for ROS interfaces[0m
[4.799s] [ 74%] Built target line_msg__py
[4.976s] [ 77%] [32mBuilding C object CMakeFiles/line_msg__rosidl_generator_py.dir/rosidl_generator_py/line_msg/msg/_box_corner_s.c.o[0m
[5.204s] [ 80%] [32m[1mLinking C shared library rosidl_generator_py/line_msg/libline_msg__rosidl_generator_py.so[0m
[5.291s] [ 80%] Built target line_msg__rosidl_generator_py
[5.352s] [ 83%] [32mBuilding C object CMakeFiles/line_msg__rosidl_typesupport_fastrtps_c__pyext.dir/rosidl_generator_py/line_msg/_line_msg_s.ep.rosidl_typesupport_fastrtps_c.c.o[0m
[5.372s] [ 87%] [32mBuilding C object CMakeFiles/line_msg__rosidl_typesupport_c__pyext.dir/rosidl_generator_py/line_msg/_line_msg_s.ep.rosidl_typesupport_c.c.o[0m
[5.433s] [ 90%] [32mBuilding C object CMakeFiles/line_msg__rosidl_typesupport_introspection_c__pyext.dir/rosidl_generator_py/line_msg/_line_msg_s.ep.rosidl_typesupport_introspection_c.c.o[0m
[5.509s] [ 93%] [32m[1mLinking C shared library rosidl_generator_py/line_msg/line_msg_s__rosidl_typesupport_fastrtps_c.cpython-310-x86_64-linux-gnu.so[0m
[5.566s] [ 93%] Built target line_msg__rosidl_typesupport_fastrtps_c__pyext
[5.568s] [ 96%] [32m[1mLinking C shared library rosidl_generator_py/line_msg/line_msg_s__rosidl_typesupport_c.cpython-310-x86_64-linux-gnu.so[0m
[5.586s] [100%] [32m[1mLinking C shared library rosidl_generator_py/line_msg/line_msg_s__rosidl_typesupport_introspection_c.cpython-310-x86_64-linux-gnu.so[0m
[5.604s] [100%] Built target line_msg__rosidl_typesupport_c__pyext
[5.619s] [100%] Built target line_msg__rosidl_typesupport_introspection_c__pyext
[5.631s] Invoked command in '/home/das-note-021/amir_kameyama_ws/build/line_msg' returned '0': CMAKE_PREFIX_PATH=${CMAKE_PREFIX_PATH}:/home/das-note-021/amir_kameyama_ws/install/failure_detection:/home/das-note-021/amir_kameyama_ws/install/bt_generator:/home/das-note-021/kameyama_ws/install/ros2_aruco:/home/das-note-021/kameyama_ws/install/failure_detection:/home/das-note-021/kameyama_ws/install/bt_generator:/opt/ros/humble /usr/bin/cmake --build /home/das-note-021/amir_kameyama_ws/build/line_msg -- -j22 -l22
[5.632s] Invoking command in '/home/das-note-021/amir_kameyama_ws/build/line_msg': CMAKE_PREFIX_PATH=${CMAKE_PREFIX_PATH}:/home/das-note-021/amir_kameyama_ws/install/failure_detection:/home/das-note-021/amir_kameyama_ws/install/bt_generator:/home/das-note-021/kameyama_ws/install/ros2_aruco:/home/das-note-021/kameyama_ws/install/failure_detection:/home/das-note-021/kameyama_ws/install/bt_generator:/opt/ros/humble /usr/bin/cmake --install /home/das-note-021/amir_kameyama_ws/build/line_msg
[5.639s] -- Install configuration: ""
[5.639s] -- Execute custom install script
[5.640s] -- Symlinking: /home/das-note-021/amir_kameyama_ws/install/line_msg/share/ament_index/resource_index/rosidl_interfaces/line_msg
[5.646s] -- Symlinking: /home/das-note-021/amir_kameyama_ws/install/line_msg/include/line_msg/line_msg/msg/box_corner.h
[5.653s] -- Symlinking: /home/das-note-021/amir_kameyama_ws/install/line_msg/include/line_msg/line_msg/msg/detail/box_corner__functions.h
[5.660s] -- Symlinking: /home/das-note-021/amir_kameyama_ws/install/line_msg/include/line_msg/line_msg/msg/detail/box_corner__struct.h
[5.668s] -- Symlinking: /home/das-note-021/amir_kameyama_ws/install/line_msg/include/line_msg/line_msg/msg/detail/box_corner__type_support.h
[5.674s] -- Symlinking: /home/das-note-021/amir_kameyama_ws/install/line_msg/include/line_msg/line_msg/msg/rosidl_generator_c__visibility_control.h
[5.681s] -- Symlinking: /home/das-note-021/amir_kameyama_ws/install/line_msg/share/line_msg/environment/library_path.sh
[5.688s] -- Symlinking: /home/das-note-021/amir_kameyama_ws/install/line_msg/share/line_msg/environment/library_path.dsv
[5.694s] -- Symlinking: /home/das-note-021/amir_kameyama_ws/install/line_msg/include/line_msg/line_msg/msg/detail/box_corner__rosidl_typesupport_fastrtps_c.h
[5.701s] -- Symlinking: /home/das-note-021/amir_kameyama_ws/install/line_msg/include/line_msg/line_msg/msg/rosidl_typesupport_fastrtps_c__visibility_control.h
[5.712s] -- Symlinking: /home/das-note-021/amir_kameyama_ws/install/line_msg/include/line_msg/line_msg/msg/box_corner.hpp
[5.718s] -- Symlinking: /home/das-note-021/amir_kameyama_ws/install/line_msg/include/line_msg/line_msg/msg/detail/box_corner__builder.hpp
[5.725s] -- Symlinking: /home/das-note-021/amir_kameyama_ws/install/line_msg/include/line_msg/line_msg/msg/detail/box_corner__struct.hpp
[5.732s] -- Symlinking: /home/das-note-021/amir_kameyama_ws/install/line_msg/include/line_msg/line_msg/msg/detail/box_corner__traits.hpp
[5.742s] -- Symlinking: /home/das-note-021/amir_kameyama_ws/install/line_msg/include/line_msg/line_msg/msg/detail/box_corner__type_support.hpp
[5.749s] -- Symlinking: /home/das-note-021/amir_kameyama_ws/install/line_msg/include/line_msg/line_msg/msg/rosidl_generator_cpp__visibility_control.hpp
[5.756s] -- Symlinking: /home/das-note-021/amir_kameyama_ws/install/line_msg/include/line_msg/line_msg/msg/detail/box_corner__rosidl_typesupport_fastrtps_cpp.hpp
[5.762s] -- Symlinking: /home/das-note-021/amir_kameyama_ws/install/line_msg/include/line_msg/line_msg/msg/rosidl_typesupport_fastrtps_cpp__visibility_control.h
[5.769s] -- Symlinking: /home/das-note-021/amir_kameyama_ws/install/line_msg/include/line_msg/line_msg/msg/detail/box_corner__rosidl_typesupport_introspection_c.h
[5.776s] -- Symlinking: /home/das-note-021/amir_kameyama_ws/install/line_msg/include/line_msg/line_msg/msg/rosidl_typesupport_introspection_c__visibility_control.h
[5.783s] -- Symlinking: /home/das-note-021/amir_kameyama_ws/install/line_msg/include/line_msg/line_msg/msg/detail/box_corner__rosidl_typesupport_introspection_cpp.hpp
[5.790s] -- Symlinking: /home/das-note-021/amir_kameyama_ws/install/line_msg/share/line_msg/environment/pythonpath.sh
[5.798s] -- Symlinking: /home/das-note-021/amir_kameyama_ws/install/line_msg/share/line_msg/environment/pythonpath.dsv
[5.804s] -- Symlinking: /home/das-note-021/amir_kameyama_ws/install/line_msg/local/lib/python3.10/dist-packages/line_msg-0.0.0-py3.10.egg-info/PKG-INFO
[5.816s] -- Symlinking: /home/das-note-021/amir_kameyama_ws/install/line_msg/local/lib/python3.10/dist-packages/line_msg-0.0.0-py3.10.egg-info/SOURCES.txt
[5.823s] -- Symlinking: /home/das-note-021/amir_kameyama_ws/install/line_msg/local/lib/python3.10/dist-packages/line_msg-0.0.0-py3.10.egg-info/dependency_links.txt
[5.830s] -- Symlinking: /home/das-note-021/amir_kameyama_ws/install/line_msg/local/lib/python3.10/dist-packages/line_msg-0.0.0-py3.10.egg-info/top_level.txt
[5.838s] -- Symlinking: /home/das-note-021/amir_kameyama_ws/install/line_msg/local/lib/python3.10/dist-packages/line_msg/__init__.py
[5.849s] -- Symlinking: /home/das-note-021/amir_kameyama_ws/install/line_msg/local/lib/python3.10/dist-packages/line_msg/_line_msg_s.ep.rosidl_typesupport_c.c
[5.862s] -- Symlinking: /home/das-note-021/amir_kameyama_ws/install/line_msg/local/lib/python3.10/dist-packages/line_msg/_line_msg_s.ep.rosidl_typesupport_fastrtps_c.c
[5.876s] -- Symlinking: /home/das-note-021/amir_kameyama_ws/install/line_msg/local/lib/python3.10/dist-packages/line_msg/_line_msg_s.ep.rosidl_typesupport_introspection_c.c
[5.885s] -- Symlinking: /home/das-note-021/amir_kameyama_ws/install/line_msg/local/lib/python3.10/dist-packages/line_msg/libline_msg__rosidl_generator_py.so
[5.895s] -- Symlinking: /home/das-note-021/amir_kameyama_ws/install/line_msg/local/lib/python3.10/dist-packages/line_msg/line_msg_s__rosidl_typesupport_c.cpython-310-x86_64-linux-gnu.so
[5.905s] -- Symlinking: /home/das-note-021/amir_kameyama_ws/install/line_msg/local/lib/python3.10/dist-packages/line_msg/line_msg_s__rosidl_typesupport_fastrtps_c.cpython-310-x86_64-linux-gnu.so
[5.914s] -- Symlinking: /home/das-note-021/amir_kameyama_ws/install/line_msg/local/lib/python3.10/dist-packages/line_msg/line_msg_s__rosidl_typesupport_introspection_c.cpython-310-x86_64-linux-gnu.so
[5.921s] -- Symlinking: /home/das-note-021/amir_kameyama_ws/install/line_msg/local/lib/python3.10/dist-packages/line_msg/msg/__init__.py
[5.927s] -- Symlinking: /home/das-note-021/amir_kameyama_ws/install/line_msg/local/lib/python3.10/dist-packages/line_msg/msg/_box_corner.py
[5.934s] -- Symlinking: /home/das-note-021/amir_kameyama_ws/install/line_msg/local/lib/python3.10/dist-packages/line_msg/msg/_box_corner_s.c
[5.940s] -- Up-to-date symlink: /home/das-note-021/amir_kameyama_ws/install/line_msg/local/lib/python3.10/dist-packages/line_msg/line_msg_s__rosidl_typesupport_fastrtps_c.cpython-310-x86_64-linux-gnu.so
[5.940s] -- Up-to-date symlink: /home/das-note-021/amir_kameyama_ws/install/line_msg/local/lib/python3.10/dist-packages/line_msg/line_msg_s__rosidl_typesupport_introspection_c.cpython-310-x86_64-linux-gnu.so
[5.940s] -- Up-to-date symlink: /home/das-note-021/amir_kameyama_ws/install/line_msg/local/lib/python3.10/dist-packages/line_msg/line_msg_s__rosidl_typesupport_c.cpython-310-x86_64-linux-gnu.so
[5.941s] -- Symlinking: /home/das-note-021/amir_kameyama_ws/install/line_msg/share/line_msg/msg/BoxCorner.idl
[5.951s] -- Symlinking: /home/das-note-021/amir_kameyama_ws/install/line_msg/share/line_msg/msg/BoxCorner.msg
[5.961s] -- Symlinking: /home/das-note-021/amir_kameyama_ws/install/line_msg/share/ament_index/resource_index/package_run_dependencies/line_msg
[5.972s] -- Symlinking: /home/das-note-021/amir_kameyama_ws/install/line_msg/share/ament_index/resource_index/parent_prefix_path/line_msg
[5.982s] -- Symlinking: /home/das-note-021/amir_kameyama_ws/install/line_msg/share/line_msg/environment/ament_prefix_path.sh
[5.988s] -- Symlinking: /home/das-note-021/amir_kameyama_ws/install/line_msg/share/line_msg/environment/ament_prefix_path.dsv
[5.996s] -- Symlinking: /home/das-note-021/amir_kameyama_ws/install/line_msg/share/line_msg/environment/path.sh
[6.002s] -- Symlinking: /home/das-note-021/amir_kameyama_ws/install/line_msg/share/line_msg/environment/path.dsv
[6.009s] -- Symlinking: /home/das-note-021/amir_kameyama_ws/install/line_msg/share/line_msg/local_setup.bash
[6.015s] -- Symlinking: /home/das-note-021/amir_kameyama_ws/install/line_msg/share/line_msg/local_setup.sh
[6.022s] -- Symlinking: /home/das-note-021/amir_kameyama_ws/install/line_msg/share/line_msg/local_setup.zsh
[6.029s] -- Symlinking: /home/das-note-021/amir_kameyama_ws/install/line_msg/share/line_msg/local_setup.dsv
[6.037s] -- Symlinking: /home/das-note-021/amir_kameyama_ws/install/line_msg/share/line_msg/package.dsv
[6.048s] -- Symlinking: /home/das-note-021/amir_kameyama_ws/install/line_msg/share/ament_index/resource_index/packages/line_msg
[6.055s] -- Symlinking: /home/das-note-021/amir_kameyama_ws/install/line_msg/share/line_msg/cmake/rosidl_cmake-extras.cmake
[6.064s] -- Symlinking: /home/das-note-021/amir_kameyama_ws/install/line_msg/share/line_msg/cmake/ament_cmake_export_dependencies-extras.cmake
[6.073s] -- Symlinking: /home/das-note-021/amir_kameyama_ws/install/line_msg/share/line_msg/cmake/ament_cmake_export_include_directories-extras.cmake
[6.084s] -- Symlinking: /home/das-note-021/amir_kameyama_ws/install/line_msg/share/line_msg/cmake/ament_cmake_export_libraries-extras.cmake
[6.093s] -- Symlinking: /home/das-note-021/amir_kameyama_ws/install/line_msg/share/line_msg/cmake/ament_cmake_export_targets-extras.cmake
[6.102s] -- Symlinking: /home/das-note-021/amir_kameyama_ws/install/line_msg/share/line_msg/cmake/rosidl_cmake_export_typesupport_targets-extras.cmake
[6.113s] -- Symlinking: /home/das-note-021/amir_kameyama_ws/install/line_msg/share/line_msg/cmake/rosidl_cmake_export_typesupport_libraries-extras.cmake
[6.122s] -- Symlinking: /home/das-note-021/amir_kameyama_ws/install/line_msg/share/line_msg/cmake/line_msgConfig.cmake
[6.133s] -- Symlinking: /home/das-note-021/amir_kameyama_ws/install/line_msg/share/line_msg/cmake/line_msgConfig-version.cmake
[6.143s] -- Symlinking: /home/das-note-021/amir_kameyama_ws/install/line_msg/share/line_msg/package.xml
[6.153s] -- Installing: /home/das-note-021/amir_kameyama_ws/install/line_msg/lib/libline_msg__rosidl_generator_c.so
[6.153s] -- Set runtime path of "/home/das-note-021/amir_kameyama_ws/install/line_msg/lib/libline_msg__rosidl_generator_c.so" to ""
[6.153s] -- Installing: /home/das-note-021/amir_kameyama_ws/install/line_msg/lib/libline_msg__rosidl_typesupport_fastrtps_c.so
[6.154s] -- Set runtime path of "/home/das-note-021/amir_kameyama_ws/install/line_msg/lib/libline_msg__rosidl_typesupport_fastrtps_c.so" to ""
[6.154s] -- Installing: /home/das-note-021/amir_kameyama_ws/install/line_msg/lib/libline_msg__rosidl_typesupport_fastrtps_cpp.so
[6.154s] -- Set runtime path of "/home/das-note-021/amir_kameyama_ws/install/line_msg/lib/libline_msg__rosidl_typesupport_fastrtps_cpp.so" to ""
[6.154s] -- Installing: /home/das-note-021/amir_kameyama_ws/install/line_msg/lib/libline_msg__rosidl_typesupport_introspection_c.so
[6.154s] -- Set runtime path of "/home/das-note-021/amir_kameyama_ws/install/line_msg/lib/libline_msg__rosidl_typesupport_introspection_c.so" to ""
[6.154s] -- Installing: /home/das-note-021/amir_kameyama_ws/install/line_msg/lib/libline_msg__rosidl_typesupport_c.so
[6.155s] -- Set runtime path of "/home/das-note-021/amir_kameyama_ws/install/line_msg/lib/libline_msg__rosidl_typesupport_c.so" to ""
[6.155s] -- Installing: /home/das-note-021/amir_kameyama_ws/install/line_msg/lib/libline_msg__rosidl_typesupport_introspection_cpp.so
[6.155s] -- Set runtime path of "/home/das-note-021/amir_kameyama_ws/install/line_msg/lib/libline_msg__rosidl_typesupport_introspection_cpp.so" to ""
[6.156s] -- Installing: /home/das-note-021/amir_kameyama_ws/install/line_msg/lib/libline_msg__rosidl_typesupport_cpp.so
[6.156s] -- Set runtime path of "/home/das-note-021/amir_kameyama_ws/install/line_msg/lib/libline_msg__rosidl_typesupport_cpp.so" to ""
[6.205s] Listing '/home/das-note-021/amir_kameyama_ws/install/line_msg/local/lib/python3.10/dist-packages/line_msg'...
[6.205s] Compiling '/home/das-note-021/amir_kameyama_ws/install/line_msg/local/lib/python3.10/dist-packages/line_msg/__init__.py'...
[6.205s] Listing '/home/das-note-021/amir_kameyama_ws/install/line_msg/local/lib/python3.10/dist-packages/line_msg/msg'...
[6.205s] Compiling '/home/das-note-021/amir_kameyama_ws/install/line_msg/local/lib/python3.10/dist-packages/line_msg/msg/__init__.py'...
[6.205s] Compiling '/home/das-note-021/amir_kameyama_ws/install/line_msg/local/lib/python3.10/dist-packages/line_msg/msg/_box_corner.py'...
[6.210s] -- Installing: /home/das-note-021/amir_kameyama_ws/install/line_msg/lib/libline_msg__rosidl_generator_py.so
[6.210s] -- Set runtime path of "/home/das-note-021/amir_kameyama_ws/install/line_msg/lib/libline_msg__rosidl_generator_py.so" to ""
[6.210s] -- Installing: /home/das-note-021/amir_kameyama_ws/install/line_msg/share/line_msg/cmake/export_line_msg__rosidl_generator_cExport.cmake
[6.210s] -- Installing: /home/das-note-021/amir_kameyama_ws/install/line_msg/share/line_msg/cmake/export_line_msg__rosidl_generator_cExport-noconfig.cmake
[6.210s] -- Installing: /home/das-note-021/amir_kameyama_ws/install/line_msg/share/line_msg/cmake/export_line_msg__rosidl_typesupport_fastrtps_cExport.cmake
[6.210s] -- Installing: /home/das-note-021/amir_kameyama_ws/install/line_msg/share/line_msg/cmake/export_line_msg__rosidl_typesupport_fastrtps_cExport-noconfig.cmake
[6.211s] -- Installing: /home/das-note-021/amir_kameyama_ws/install/line_msg/share/line_msg/cmake/export_line_msg__rosidl_generator_cppExport.cmake
[6.211s] -- Installing: /home/das-note-021/amir_kameyama_ws/install/line_msg/share/line_msg/cmake/export_line_msg__rosidl_typesupport_fastrtps_cppExport.cmake
[6.211s] -- Installing: /home/das-note-021/amir_kameyama_ws/install/line_msg/share/line_msg/cmake/export_line_msg__rosidl_typesupport_fastrtps_cppExport-noconfig.cmake
[6.211s] -- Installing: /home/das-note-021/amir_kameyama_ws/install/line_msg/share/line_msg/cmake/line_msg__rosidl_typesupport_introspection_cExport.cmake
[6.211s] -- Installing: /home/das-note-021/amir_kameyama_ws/install/line_msg/share/line_msg/cmake/line_msg__rosidl_typesupport_introspection_cExport-noconfig.cmake
[6.212s] -- Installing: /home/das-note-021/amir_kameyama_ws/install/line_msg/share/line_msg/cmake/line_msg__rosidl_typesupport_cExport.cmake
[6.212s] -- Installing: /home/das-note-021/amir_kameyama_ws/install/line_msg/share/line_msg/cmake/line_msg__rosidl_typesupport_cExport-noconfig.cmake
[6.212s] -- Installing: /home/das-note-021/amir_kameyama_ws/install/line_msg/share/line_msg/cmake/line_msg__rosidl_typesupport_introspection_cppExport.cmake
[6.212s] -- Installing: /home/das-note-021/amir_kameyama_ws/install/line_msg/share/line_msg/cmake/line_msg__rosidl_typesupport_introspection_cppExport-noconfig.cmake
[6.212s] -- Installing: /home/das-note-021/amir_kameyama_ws/install/line_msg/share/line_msg/cmake/line_msg__rosidl_typesupport_cppExport.cmake
[6.212s] -- Installing: /home/das-note-021/amir_kameyama_ws/install/line_msg/share/line_msg/cmake/line_msg__rosidl_typesupport_cppExport-noconfig.cmake
[6.213s] -- Installing: /home/das-note-021/amir_kameyama_ws/install/line_msg/share/line_msg/cmake/export_line_msg__rosidl_generator_pyExport.cmake
[6.213s] -- Installing: /home/das-note-021/amir_kameyama_ws/install/line_msg/share/line_msg/cmake/export_line_msg__rosidl_generator_pyExport-noconfig.cmake
[6.228s] Invoked command in '/home/das-note-021/amir_kameyama_ws/build/line_msg' returned '0': CMAKE_PREFIX_PATH=${CMAKE_PREFIX_PATH}:/home/das-note-021/amir_kameyama_ws/install/failure_detection:/home/das-note-021/amir_kameyama_ws/install/bt_generator:/home/das-note-021/kameyama_ws/install/ros2_aruco:/home/das-note-021/kameyama_ws/install/failure_detection:/home/das-note-021/kameyama_ws/install/bt_generator:/opt/ros/humble /usr/bin/cmake --install /home/das-note-021/amir_kameyama_ws/build/line_msg
