[0.386s] Invoking command in '/home/das-note-021/amir_kameyama_ws/build/joint_state_publisher_tutorial': CMAKE_PREFIX_PATH=${CMAKE_PREFIX_PATH}:/home/das-note-021/amir_kameyama_ws/install/failure_detection:/home/das-note-021/amir_kameyama_ws/install/bt_generator:/home/das-note-021/kameyama_ws/install/ros2_aruco:/home/das-note-021/kameyama_ws/install/failure_detection:/home/das-note-021/kameyama_ws/install/bt_generator:/opt/ros/humble /usr/bin/cmake --build /home/das-note-021/amir_kameyama_ws/build/joint_state_publisher_tutorial -- -j22 -l22
[0.470s] [100%] Built target tutorial_publisher
[0.526s] Invoked command in '/home/das-note-021/amir_kameyama_ws/build/joint_state_publisher_tutorial' returned '0': CMAKE_PREFIX_PATH=${CMAKE_PREFIX_PATH}:/home/das-note-021/amir_kameyama_ws/install/failure_detection:/home/das-note-021/amir_kameyama_ws/install/bt_generator:/home/das-note-021/kameyama_ws/install/ros2_aruco:/home/das-note-021/kameyama_ws/install/failure_detection:/home/das-note-021/kameyama_ws/install/bt_generator:/opt/ros/humble /usr/bin/cmake --build /home/das-note-021/amir_kameyama_ws/build/joint_state_publisher_tutorial -- -j22 -l22
[0.530s] Invoking command in '/home/das-note-021/amir_kameyama_ws/build/joint_state_publisher_tutorial': CMAKE_PREFIX_PATH=${CMAKE_PREFIX_PATH}:/home/das-note-021/amir_kameyama_ws/install/failure_detection:/home/das-note-021/amir_kameyama_ws/install/bt_generator:/home/das-note-021/kameyama_ws/install/ros2_aruco:/home/das-note-021/kameyama_ws/install/failure_detection:/home/das-note-021/kameyama_ws/install/bt_generator:/opt/ros/humble /usr/bin/cmake --install /home/das-note-021/amir_kameyama_ws/build/joint_state_publisher_tutorial
[0.557s] -- Install configuration: ""
[0.560s] -- Execute custom install script
[0.560s] -- Up-to-date symlink: /home/das-note-021/amir_kameyama_ws/install/joint_state_publisher_tutorial/lib/joint_state_publisher_tutorial/tutorial_publisher
[0.560s] -- Up-to-date symlink: /home/das-note-021/amir_kameyama_ws/install/joint_state_publisher_tutorial/share/joint_state_publisher_tutorial/launch/joint_display.launch.py
[0.560s] -- Up-to-date symlink: /home/das-note-021/amir_kameyama_ws/install/joint_state_publisher_tutorial/share/joint_state_publisher_tutorial/rviz/urdf.rviz
[0.561s] -- Up-to-date symlink: /home/das-note-021/amir_kameyama_ws/install/joint_state_publisher_tutorial/share/joint_state_publisher_tutorial/urdf/amir.gazebo
[0.561s] -- Up-to-date symlink: /home/das-note-021/amir_kameyama_ws/install/joint_state_publisher_tutorial/share/joint_state_publisher_tutorial/urdf/amir.trans
[0.561s] -- Up-to-date symlink: /home/das-note-021/amir_kameyama_ws/install/joint_state_publisher_tutorial/share/joint_state_publisher_tutorial/urdf/amir.xacro
[0.561s] -- Up-to-date symlink: /home/das-note-021/amir_kameyama_ws/install/joint_state_publisher_tutorial/share/joint_state_publisher_tutorial/urdf/amir_f120a.xacro
[0.561s] -- Up-to-date symlink: /home/das-note-021/amir_kameyama_ws/install/joint_state_publisher_tutorial/share/joint_state_publisher_tutorial/urdf/amir_for_rover.xacro
[0.561s] -- Up-to-date symlink: /home/das-note-021/amir_kameyama_ws/install/joint_state_publisher_tutorial/share/joint_state_publisher_tutorial/urdf/amir_mecanum3.xacro
[0.561s] -- Up-to-date symlink: /home/das-note-021/amir_kameyama_ws/install/joint_state_publisher_tutorial/share/joint_state_publisher_tutorial/urdf/amir_mega3.xacro
[0.561s] -- Up-to-date symlink: /home/das-note-021/amir_kameyama_ws/install/joint_state_publisher_tutorial/share/joint_state_publisher_tutorial/urdf/materials.xacro
[0.562s] -- Up-to-date symlink: /home/das-note-021/amir_kameyama_ws/install/joint_state_publisher_tutorial/share/ament_index/resource_index/package_run_dependencies/joint_state_publisher_tutorial
[0.562s] -- Up-to-date symlink: /home/das-note-021/amir_kameyama_ws/install/joint_state_publisher_tutorial/share/ament_index/resource_index/parent_prefix_path/joint_state_publisher_tutorial
[0.562s] -- Up-to-date symlink: /home/das-note-021/amir_kameyama_ws/install/joint_state_publisher_tutorial/share/joint_state_publisher_tutorial/environment/ament_prefix_path.sh
[0.563s] -- Up-to-date symlink: /home/das-note-021/amir_kameyama_ws/install/joint_state_publisher_tutorial/share/joint_state_publisher_tutorial/environment/ament_prefix_path.dsv
[0.563s] -- Up-to-date symlink: /home/das-note-021/amir_kameyama_ws/install/joint_state_publisher_tutorial/share/joint_state_publisher_tutorial/environment/path.sh
[0.563s] -- Up-to-date symlink: /home/das-note-021/amir_kameyama_ws/install/joint_state_publisher_tutorial/share/joint_state_publisher_tutorial/environment/path.dsv
[0.563s] -- Up-to-date symlink: /home/das-note-021/amir_kameyama_ws/install/joint_state_publisher_tutorial/share/joint_state_publisher_tutorial/local_setup.bash
[0.563s] -- Up-to-date symlink: /home/das-note-021/amir_kameyama_ws/install/joint_state_publisher_tutorial/share/joint_state_publisher_tutorial/local_setup.sh
[0.563s] -- Up-to-date symlink: /home/das-note-021/amir_kameyama_ws/install/joint_state_publisher_tutorial/share/joint_state_publisher_tutorial/local_setup.zsh
[0.563s] -- Up-to-date symlink: /home/das-note-021/amir_kameyama_ws/install/joint_state_publisher_tutorial/share/joint_state_publisher_tutorial/local_setup.dsv
[0.563s] -- Symlinking: /home/das-note-021/amir_kameyama_ws/install/joint_state_publisher_tutorial/share/joint_state_publisher_tutorial/package.dsv
[0.574s] -- Up-to-date symlink: /home/das-note-021/amir_kameyama_ws/install/joint_state_publisher_tutorial/share/ament_index/resource_index/packages/joint_state_publisher_tutorial
[0.575s] -- Up-to-date symlink: /home/das-note-021/amir_kameyama_ws/install/joint_state_publisher_tutorial/share/joint_state_publisher_tutorial/cmake/joint_state_publisher_tutorialConfig.cmake
[0.575s] -- Up-to-date symlink: /home/das-note-021/amir_kameyama_ws/install/joint_state_publisher_tutorial/share/joint_state_publisher_tutorial/cmake/joint_state_publisher_tutorialConfig-version.cmake
[0.575s] -- Up-to-date symlink: /home/das-note-021/amir_kameyama_ws/install/joint_state_publisher_tutorial/share/joint_state_publisher_tutorial/package.xml
[0.594s] Invoked command in '/home/das-note-021/amir_kameyama_ws/build/joint_state_publisher_tutorial' returned '0': CMAKE_PREFIX_PATH=${CMAKE_PREFIX_PATH}:/home/das-note-021/amir_kameyama_ws/install/failure_detection:/home/das-note-021/amir_kameyama_ws/install/bt_generator:/home/das-note-021/kameyama_ws/install/ros2_aruco:/home/das-note-021/kameyama_ws/install/failure_detection:/home/das-note-021/kameyama_ws/install/bt_generator:/opt/ros/humble /usr/bin/cmake --install /home/das-note-021/amir_kameyama_ws/build/joint_state_publisher_tutorial
