[3.918s] Invoking command in '/home/rover/kameyama_ws/build/bt_generator': PYTHONPATH=/home/rover/kameyama_ws/build/bt_generator/prefix_override:/usr/lib/python3/dist-packages/colcon_core/task/python/colcon_distutils_commands:/home/rover/kameyama_ws/install/bt_generator/lib/python3.10/site-packages:${PYTHONPATH} /usr/bin/python3 -W ignore:setup.py install is deprecated -W ignore:easy_install command is deprecated setup.py develop --editable --build-directory /home/rover/kameyama_ws/build/bt_generator/build --no-deps symlink_data
[7.764s] running develop
[9.710s] running egg_info
[10.000s] writing bt_generator.egg-info/PKG-INFO
[10.181s] writing dependency_links to bt_generator.egg-info/dependency_links.txt
[10.703s] writing entry points to bt_generator.egg-info/entry_points.txt
[10.982s] writing requirements to bt_generator.egg-info/requires.txt
[11.098s] writing top-level names to bt_generator.egg-info/top_level.txt
[11.330s] reading manifest file 'bt_generator.egg-info/SOURCES.txt'
[11.333s] writing manifest file 'bt_generator.egg-info/SOURCES.txt'
[11.544s] running build_ext
[11.550s] Creating /home/rover/kameyama_ws/install/bt_generator/lib/python3.10/site-packages/bt-generator.egg-link (link to .)
[11.552s] Installing bt_commander script to /home/rover/kameyama_ws/install/bt_generator/lib/bt_generator
[11.552s] Installing bt_generator_bebop_base script to /home/rover/kameyama_ws/install/bt_generator/lib/bt_generator
[11.552s] Installing bt_generator_service script to /home/rover/kameyama_ws/install/bt_generator/lib/bt_generator
[11.552s] Installing bt_generator_service_bebop script to /home/rover/kameyama_ws/install/bt_generator/lib/bt_generator
[11.553s] Installing bt_nav_generator script to /home/rover/kameyama_ws/install/bt_generator/lib/bt_generator
[11.553s] Installing bt_send_xml script to /home/rover/kameyama_ws/install/bt_generator/lib/bt_generator
[11.553s] Installing receive_send_xml script to /home/rover/kameyama_ws/install/bt_generator/lib/bt_generator
[11.553s] 
[11.554s] Installed /home/rover/kameyama_ws/build/bt_generator
[11.557s] running symlink_data
[11.848s] Invoked command in '/home/rover/kameyama_ws/build/bt_generator' returned '0': PYTHONPATH=/home/rover/kameyama_ws/build/bt_generator/prefix_override:/usr/lib/python3/dist-packages/colcon_core/task/python/colcon_distutils_commands:/home/rover/kameyama_ws/install/bt_generator/lib/python3.10/site-packages:${PYTHONPATH} /usr/bin/python3 -W ignore:setup.py install is deprecated -W ignore:easy_install command is deprecated setup.py develop --editable --build-directory /home/rover/kameyama_ws/build/bt_generator/build --no-deps symlink_data
