Traceback (most recent call last):
  File "/home/rover/kameyama_ws/build/bt_generator/setup.py", line 7, in <module>
    setup(
  File "/home/rover/.local/lib/python3.10/site-packages/setuptools/__init__.py", line 77, in setup
    return distutils.core.setup(**attrs)
  File "/home/rover/.local/lib/python3.10/site-packages/setuptools/_distutils/core.py", line 109, in setup
    _setup_distribution = dist = klass(attrs)
  File "/home/rover/.local/lib/python3.10/site-packages/setuptools/dist.py", line 462, in __init__
    _Distribution.__init__(
  File "/home/rover/.local/lib/python3.10/site-packages/setuptools/_distutils/dist.py", line 293, in __init__
    self.finalize_options()
  File "/home/rover/.local/lib/python3.10/site-packages/setuptools/dist.py", line 868, in finalize_options
    ep(self)
  File "/home/rover/.local/lib/python3.10/site-packages/setuptools/dist.py", line 888, in _finalize_setup_keywords
    self._install_dependencies(ep)
  File "/home/rover/.local/lib/python3.10/site-packages/setuptools/dist.py", line 896, in _install_dependencies
    for req in nspektr.missing(ep):
  File "/home/rover/.local/lib/python3.10/site-packages/setuptools/_vendor/nspektr/__init__.py", line 77, in traverse
    item = next(items)
  File "/home/rover/.local/lib/python3.10/site-packages/setuptools/_vendor/nspektr/__init__.py", line 54, in <genexpr>
    simple = (
  File "/home/rover/.local/lib/python3.10/site-packages/setuptools/_vendor/packaging/requirements.py", line 102, in __init__
    req = REQUIREMENT.parseString(requirement_string)
  File "/home/rover/.local/lib/python3.10/site-packages/setuptools/_vendor/pyparsing.py", line 1644, in parseString
    loc, tokens = self._parse( instring, 0 )
  File "/home/rover/.local/lib/python3.10/site-packages/setuptools/_vendor/pyparsing.py", line 1402, in _parseNoCache
    loc,tokens = self.parseImpl( instring, preloc, doActions )
  File "/home/rover/.local/lib/python3.10/site-packages/setuptools/_vendor/pyparsing.py", line 3417, in parseImpl
    loc, exprtokens = e._parse( instring, loc, doActions )
  File "/home/rover/.local/lib/python3.10/site-packages/setuptools/_vendor/pyparsing.py", line 1402, in _parseNoCache
    loc,tokens = self.parseImpl( instring, preloc, doActions )
  File "/home/rover/.local/lib/python3.10/site-packages/setuptools/_vendor/pyparsing.py", line 3552, in parseImpl
    ret = e._parse( instring, loc, doActions )
  File "/home/rover/.local/lib/python3.10/site-packages/setuptools/_vendor/pyparsing.py", line 1402, in _parseNoCache
    loc,tokens = self.parseImpl( instring, preloc, doActions )
  File "/home/rover/.local/lib/python3.10/site-packages/setuptools/_vendor/pyparsing.py", line 3400, in parseImpl
    loc, resultlist = self.exprs[0]._parse( instring, loc, doActions, callPreParse=False )
  File "/home/rover/.local/lib/python3.10/site-packages/setuptools/_vendor/pyparsing.py", line 1402, in _parseNoCache
    loc,tokens = self.parseImpl( instring, preloc, doActions )
  File "/home/rover/.local/lib/python3.10/site-packages/setuptools/_vendor/pyparsing.py", line 3400, in parseImpl
    loc, resultlist = self.exprs[0]._parse( instring, loc, doActions, callPreParse=False )
  File "/home/rover/.local/lib/python3.10/site-packages/setuptools/_vendor/pyparsing.py", line 1410, in _parseNoCache
    retTokens = ParseResults( tokens, self.resultsName, asList=self.saveAsList, modal=self.modalResults )
  File "/home/rover/.local/lib/python3.10/site-packages/setuptools/_vendor/pyparsing.py", line 396, in __init__
    if not (isinstance(toklist, (type(None), basestring, list)) and toklist in (None,'',[])):
KeyboardInterrupt
