[1.717s] Invoking command in '/home/rover/kameyama_ws/build/bt_generator': PYTHONPATH=/home/rover/kameyama_ws/build/bt_generator/prefix_override:/usr/lib/python3/dist-packages/colcon_core/task/python/colcon_distutils_commands:/home/rover/kameyama_ws/install/bt_generator/lib/python3.10/site-packages:${PYTHONPATH} /usr/bin/python3 -W ignore:setup.py install is deprecated -W ignore:easy_install command is deprecated setup.py develop --editable --build-directory /home/rover/kameyama_ws/build/bt_generator/build --no-deps symlink_data
[1.975s] Traceback (most recent call last):
[1.976s]   File "/home/rover/kameyama_ws/build/bt_generator/setup.py", line 7, in <module>
[1.976s]     setup(
[1.976s]   File "/home/rover/.local/lib/python3.10/site-packages/setuptools/__init__.py", line 77, in setup
[1.976s]     return distutils.core.setup(**attrs)
[1.976s]   File "/home/rover/.local/lib/python3.10/site-packages/setuptools/_distutils/core.py", line 109, in setup
[1.976s]     _setup_distribution = dist = klass(attrs)
[1.976s]   File "/home/rover/.local/lib/python3.10/site-packages/setuptools/dist.py", line 462, in __init__
[1.976s]     _Distribution.__init__(
[1.976s]   File "/home/rover/.local/lib/python3.10/site-packages/setuptools/_distutils/dist.py", line 293, in __init__
[1.976s]     self.finalize_options()
[1.976s]   File "/home/rover/.local/lib/python3.10/site-packages/setuptools/dist.py", line 868, in finalize_options
[1.976s]     ep(self)
[1.976s]   File "/home/rover/.local/lib/python3.10/site-packages/setuptools/dist.py", line 888, in _finalize_setup_keywords
[1.976s]     self._install_dependencies(ep)
[1.976s]   File "/home/rover/.local/lib/python3.10/site-packages/setuptools/dist.py", line 896, in _install_dependencies
[1.976s]     for req in nspektr.missing(ep):
[1.976s]   File "/home/rover/.local/lib/python3.10/site-packages/setuptools/_vendor/nspektr/__init__.py", line 77, in traverse
[1.976s]     item = next(items)
[1.976s]   File "/home/rover/.local/lib/python3.10/site-packages/setuptools/_vendor/nspektr/__init__.py", line 54, in <genexpr>
[1.976s]     simple = (
[1.976s]   File "/home/rover/.local/lib/python3.10/site-packages/setuptools/_vendor/packaging/requirements.py", line 102, in __init__
[1.976s]     req = REQUIREMENT.parseString(requirement_string)
[1.977s]   File "/home/rover/.local/lib/python3.10/site-packages/setuptools/_vendor/pyparsing.py", line 1644, in parseString
[1.977s]     loc, tokens = self._parse( instring, 0 )
[1.977s]   File "/home/rover/.local/lib/python3.10/site-packages/setuptools/_vendor/pyparsing.py", line 1402, in _parseNoCache
[1.977s]     loc,tokens = self.parseImpl( instring, preloc, doActions )
[1.977s]   File "/home/rover/.local/lib/python3.10/site-packages/setuptools/_vendor/pyparsing.py", line 3417, in parseImpl
[1.977s]     loc, exprtokens = e._parse( instring, loc, doActions )
[1.977s]   File "/home/rover/.local/lib/python3.10/site-packages/setuptools/_vendor/pyparsing.py", line 1402, in _parseNoCache
[1.977s]     loc,tokens = self.parseImpl( instring, preloc, doActions )
[1.977s]   File "/home/rover/.local/lib/python3.10/site-packages/setuptools/_vendor/pyparsing.py", line 3552, in parseImpl
[1.977s]     ret = e._parse( instring, loc, doActions )
[1.978s]   File "/home/rover/.local/lib/python3.10/site-packages/setuptools/_vendor/pyparsing.py", line 1402, in _parseNoCache
[1.978s]     loc,tokens = self.parseImpl( instring, preloc, doActions )
[1.978s]   File "/home/rover/.local/lib/python3.10/site-packages/setuptools/_vendor/pyparsing.py", line 3400, in parseImpl
[1.978s]     loc, resultlist = self.exprs[0]._parse( instring, loc, doActions, callPreParse=False )
[1.978s]   File "/home/rover/.local/lib/python3.10/site-packages/setuptools/_vendor/pyparsing.py", line 1402, in _parseNoCache
[1.978s]     loc,tokens = self.parseImpl( instring, preloc, doActions )
[1.978s]   File "/home/rover/.local/lib/python3.10/site-packages/setuptools/_vendor/pyparsing.py", line 3400, in parseImpl
[1.978s]     loc, resultlist = self.exprs[0]._parse( instring, loc, doActions, callPreParse=False )
[1.978s]   File "/home/rover/.local/lib/python3.10/site-packages/setuptools/_vendor/pyparsing.py", line 1410, in _parseNoCache
[1.978s]     retTokens = ParseResults( tokens, self.resultsName, asList=self.saveAsList, modal=self.modalResults )
[1.978s]   File "/home/rover/.local/lib/python3.10/site-packages/setuptools/_vendor/pyparsing.py", line 396, in __init__
[1.978s]     if not (isinstance(toklist, (type(None), basestring, list)) and toklist in (None,'',[])):
[1.978s] KeyboardInterrupt
