[0.812s] Invoking command in '/home/rover/kameyama_ws/build/joint_state_publisher_tutorial': CMAKE_PREFIX_PATH=${CMAKE_PREFIX_PATH}:/home/rover/amir_basic_ws/install/nav2_simple_commander:/home/rover/amir_basic_ws/install/camera_calibration:/opt/ros/humble /usr/bin/cmake --build /home/rover/kameyama_ws/build/joint_state_publisher_tutorial -- -j12 -l12
[0.917s] [100%] Built target tutorial_publisher
[0.939s] Invoked command in '/home/rover/kameyama_ws/build/joint_state_publisher_tutorial' returned '0': CMAKE_PREFIX_PATH=${CMAKE_PREFIX_PATH}:/home/rover/amir_basic_ws/install/nav2_simple_commander:/home/rover/amir_basic_ws/install/camera_calibration:/opt/ros/humble /usr/bin/cmake --build /home/rover/kameyama_ws/build/joint_state_publisher_tutorial -- -j12 -l12
[0.950s] Invoking command in '/home/rover/kameyama_ws/build/joint_state_publisher_tutorial': CMAKE_PREFIX_PATH=${CMAKE_PREFIX_PATH}:/home/rover/amir_basic_ws/install/nav2_simple_commander:/home/rover/amir_basic_ws/install/camera_calibration:/opt/ros/humble /usr/bin/cmake --install /home/rover/kameyama_ws/build/joint_state_publisher_tutorial
[0.995s] -- Install configuration: ""
[0.995s] -- Execute custom install script
[0.995s] -- Up-to-date symlink: /home/rover/kameyama_ws/install/joint_state_publisher_tutorial/lib/joint_state_publisher_tutorial/tutorial_publisher
[0.995s] -- Up-to-date symlink: /home/rover/kameyama_ws/install/joint_state_publisher_tutorial/share/joint_state_publisher_tutorial/launch/joint_display.launch.py
[0.995s] -- Up-to-date symlink: /home/rover/kameyama_ws/install/joint_state_publisher_tutorial/share/joint_state_publisher_tutorial/rviz/urdf.rviz
[0.995s] -- Up-to-date symlink: /home/rover/kameyama_ws/install/joint_state_publisher_tutorial/share/joint_state_publisher_tutorial/urdf/amir.gazebo
[0.995s] -- Up-to-date symlink: /home/rover/kameyama_ws/install/joint_state_publisher_tutorial/share/joint_state_publisher_tutorial/urdf/amir.trans
[0.995s] -- Up-to-date symlink: /home/rover/kameyama_ws/install/joint_state_publisher_tutorial/share/joint_state_publisher_tutorial/urdf/amir.xacro
[0.995s] -- Up-to-date symlink: /home/rover/kameyama_ws/install/joint_state_publisher_tutorial/share/joint_state_publisher_tutorial/urdf/amir_f120a.xacro
[0.995s] -- Up-to-date symlink: /home/rover/kameyama_ws/install/joint_state_publisher_tutorial/share/joint_state_publisher_tutorial/urdf/amir_for_rover.xacro
[0.995s] -- Up-to-date symlink: /home/rover/kameyama_ws/install/joint_state_publisher_tutorial/share/joint_state_publisher_tutorial/urdf/amir_mecanum3.xacro
[0.995s] -- Up-to-date symlink: /home/rover/kameyama_ws/install/joint_state_publisher_tutorial/share/joint_state_publisher_tutorial/urdf/amir_mega3.xacro
[0.995s] -- Up-to-date symlink: /home/rover/kameyama_ws/install/joint_state_publisher_tutorial/share/joint_state_publisher_tutorial/urdf/materials.xacro
[0.995s] -- Up-to-date symlink: /home/rover/kameyama_ws/install/joint_state_publisher_tutorial/share/ament_index/resource_index/package_run_dependencies/joint_state_publisher_tutorial
[0.996s] -- Up-to-date symlink: /home/rover/kameyama_ws/install/joint_state_publisher_tutorial/share/ament_index/resource_index/parent_prefix_path/joint_state_publisher_tutorial
[0.996s] -- Up-to-date symlink: /home/rover/kameyama_ws/install/joint_state_publisher_tutorial/share/joint_state_publisher_tutorial/environment/ament_prefix_path.sh
[0.996s] -- Up-to-date symlink: /home/rover/kameyama_ws/install/joint_state_publisher_tutorial/share/joint_state_publisher_tutorial/environment/ament_prefix_path.dsv
[0.996s] -- Up-to-date symlink: /home/rover/kameyama_ws/install/joint_state_publisher_tutorial/share/joint_state_publisher_tutorial/environment/path.sh
[0.996s] -- Up-to-date symlink: /home/rover/kameyama_ws/install/joint_state_publisher_tutorial/share/joint_state_publisher_tutorial/environment/path.dsv
[0.996s] -- Up-to-date symlink: /home/rover/kameyama_ws/install/joint_state_publisher_tutorial/share/joint_state_publisher_tutorial/local_setup.bash
[0.996s] -- Up-to-date symlink: /home/rover/kameyama_ws/install/joint_state_publisher_tutorial/share/joint_state_publisher_tutorial/local_setup.sh
[0.996s] -- Up-to-date symlink: /home/rover/kameyama_ws/install/joint_state_publisher_tutorial/share/joint_state_publisher_tutorial/local_setup.zsh
[0.996s] -- Up-to-date symlink: /home/rover/kameyama_ws/install/joint_state_publisher_tutorial/share/joint_state_publisher_tutorial/local_setup.dsv
[0.996s] -- Symlinking: /home/rover/kameyama_ws/install/joint_state_publisher_tutorial/share/joint_state_publisher_tutorial/package.dsv
[0.996s] -- Up-to-date symlink: /home/rover/kameyama_ws/install/joint_state_publisher_tutorial/share/ament_index/resource_index/packages/joint_state_publisher_tutorial
[0.996s] -- Up-to-date symlink: /home/rover/kameyama_ws/install/joint_state_publisher_tutorial/share/joint_state_publisher_tutorial/cmake/joint_state_publisher_tutorialConfig.cmake
[0.996s] -- Up-to-date symlink: /home/rover/kameyama_ws/install/joint_state_publisher_tutorial/share/joint_state_publisher_tutorial/cmake/joint_state_publisher_tutorialConfig-version.cmake
[0.996s] -- Up-to-date symlink: /home/rover/kameyama_ws/install/joint_state_publisher_tutorial/share/joint_state_publisher_tutorial/package.xml
[1.017s] Invoked command in '/home/rover/kameyama_ws/build/joint_state_publisher_tutorial' returned '0': CMAKE_PREFIX_PATH=${CMAKE_PREFIX_PATH}:/home/rover/amir_basic_ws/install/nav2_simple_commander:/home/rover/amir_basic_ws/install/camera_calibration:/opt/ros/humble /usr/bin/cmake --install /home/rover/kameyama_ws/build/joint_state_publisher_tutorial
