[1.759s] Invoking command in '/home/rover/kameyama_ws/build/bt_generator': PYTHONPATH=/home/rover/kameyama_ws/build/bt_generator/prefix_override:/usr/lib/python3/dist-packages/colcon_core/task/python/colcon_distutils_commands:/home/rover/kameyama_ws/install/bt_generator/lib/python3.10/site-packages:${PYTHONPATH} /usr/bin/python3 -W ignore:setup.py install is deprecated -W ignore:easy_install command is deprecated setup.py develop --editable --build-directory /home/rover/kameyama_ws/build/bt_generator/build --no-deps symlink_data
[2.400s] running develop
[2.665s] running egg_info
[2.697s] writing bt_generator.egg-info/PKG-INFO
[2.722s] writing dependency_links to bt_generator.egg-info/dependency_links.txt
[2.801s] writing entry points to bt_generator.egg-info/entry_points.txt
[2.852s] writing requirements to bt_generator.egg-info/requires.txt
[2.888s] writing top-level names to bt_generator.egg-info/top_level.txt
[2.933s] reading manifest file 'bt_generator.egg-info/SOURCES.txt'
[2.934s] writing manifest file 'bt_generator.egg-info/SOURCES.txt'
[2.967s] running build_ext
[2.967s] Creating /home/rover/kameyama_ws/install/bt_generator/lib/python3.10/site-packages/bt-generator.egg-link (link to .)
[2.968s] Installing bt_commander script to /home/rover/kameyama_ws/install/bt_generator/lib/bt_generator
[2.968s] Installing bt_generator_bebop_base script to /home/rover/kameyama_ws/install/bt_generator/lib/bt_generator
[2.968s] Installing bt_generator_service script to /home/rover/kameyama_ws/install/bt_generator/lib/bt_generator
[2.968s] Installing bt_generator_service_bebop script to /home/rover/kameyama_ws/install/bt_generator/lib/bt_generator
[2.968s] Installing bt_nav_generator script to /home/rover/kameyama_ws/install/bt_generator/lib/bt_generator
[2.968s] Installing bt_send_xml script to /home/rover/kameyama_ws/install/bt_generator/lib/bt_generator
[2.968s] Installing receive_send_xml script to /home/rover/kameyama_ws/install/bt_generator/lib/bt_generator
[2.968s] 
[2.968s] Installed /home/rover/kameyama_ws/build/bt_generator
[2.968s] running symlink_data
[3.336s] Invoked command in '/home/rover/kameyama_ws/build/bt_generator' returned '0': PYTHONPATH=/home/rover/kameyama_ws/build/bt_generator/prefix_override:/usr/lib/python3/dist-packages/colcon_core/task/python/colcon_distutils_commands:/home/rover/kameyama_ws/install/bt_generator/lib/python3.10/site-packages:${PYTHONPATH} /usr/bin/python3 -W ignore:setup.py install is deprecated -W ignore:easy_install command is deprecated setup.py develop --editable --build-directory /home/rover/kameyama_ws/build/bt_generator/build --no-deps symlink_data
