-- The C compiler identification is GNU 11.4.0
-- The CXX compiler identification is GNU 11.4.0
-- Detecting C compiler ABI info
-- Detecting C compiler ABI info - done
-- Check for working C compiler: /usr/bin/cc - skipped
-- Detecting C compile features
-- Detecting C compile features - done
-- Detecting CXX compiler ABI info
-- Detecting CXX compiler ABI info - done
-- Check for working CXX compiler: /usr/bin/c++ - skipped
-- Detecting CXX compile features
-- Detecting CXX compile features - done
-- Found ament_cmake: 1.3.11 (/opt/ros/humble/share/ament_cmake/cmake)
-- Found Python3: /usr/bin/python3 (found version "3.10.12") found components: Interpreter 
-- Override CMake install command with custom implementation using symlinks instead of copying resources
-- Configuring done
-- Generating done
-- Build files have been written to: /home/das-note-021/amir_kameyama_ws/build/mecanum_navigation2
-- Install configuration: ""
-- Execute custom install script
-- Symlinking: /home/das-note-021/amir_kameyama_ws/install/mecanum_navigation2/share/mecanum_navigation2/launch/bringup_launch.py
-- Symlinking: /home/das-note-021/amir_kameyama_ws/install/mecanum_navigation2/share/mecanum_navigation2/launch/mecanum2_launch.py
-- Symlinking: /home/das-note-021/amir_kameyama_ws/install/mecanum_navigation2/share/mecanum_navigation2/launch/mecanum_launch.py
-- Symlinking: /home/das-note-021/amir_kameyama_ws/install/mecanum_navigation2/share/mecanum_navigation2/launch/navigation2.launch.py
-- Symlinking: /home/das-note-021/amir_kameyama_ws/install/mecanum_navigation2/share/mecanum_navigation2/launch/rviz_launch.py
-- Symlinking: /home/das-note-021/amir_kameyama_ws/install/mecanum_navigation2/share/mecanum_navigation2/launch/slam_toolbox_launch.py
-- Symlinking: /home/das-note-021/amir_kameyama_ws/install/mecanum_navigation2/share/mecanum_navigation2/map/turtlebot3_world.pgm
-- Symlinking: /home/das-note-021/amir_kameyama_ws/install/mecanum_navigation2/share/mecanum_navigation2/map/turtlebot3_world.yaml
-- Symlinking: /home/das-note-021/amir_kameyama_ws/install/mecanum_navigation2/share/mecanum_navigation2/params/amir.yaml
-- Symlinking: /home/das-note-021/amir_kameyama_ws/install/mecanum_navigation2/share/mecanum_navigation2/params/burger.yaml
-- Symlinking: /home/das-note-021/amir_kameyama_ws/install/mecanum_navigation2/share/mecanum_navigation2/params/mecanum (another copy).yaml
-- Symlinking: /home/das-note-021/amir_kameyama_ws/install/mecanum_navigation2/share/mecanum_navigation2/params/mecanum (copy).yaml
-- Symlinking: /home/das-note-021/amir_kameyama_ws/install/mecanum_navigation2/share/mecanum_navigation2/params/waffle.yaml
-- Symlinking: /home/das-note-021/amir_kameyama_ws/install/mecanum_navigation2/share/mecanum_navigation2/params/waffle_pi.yaml
-- Symlinking: /home/das-note-021/amir_kameyama_ws/install/mecanum_navigation2/share/mecanum_navigation2/rviz/navigation.rviz
-- Symlinking: /home/das-note-021/amir_kameyama_ws/install/mecanum_navigation2/share/mecanum_navigation2/config/mapper_params_online_async.yaml
-- Symlinking: /home/das-note-021/amir_kameyama_ws/install/mecanum_navigation2/share/mecanum_navigation2/config/mapper_params_online_sync.yaml
-- Symlinking: /home/das-note-021/amir_kameyama_ws/install/mecanum_navigation2/share/ament_index/resource_index/package_run_dependencies/mecanum_navigation2
-- Symlinking: /home/das-note-021/amir_kameyama_ws/install/mecanum_navigation2/share/ament_index/resource_index/parent_prefix_path/mecanum_navigation2
-- Symlinking: /home/das-note-021/amir_kameyama_ws/install/mecanum_navigation2/share/mecanum_navigation2/environment/ament_prefix_path.sh
-- Symlinking: /home/das-note-021/amir_kameyama_ws/install/mecanum_navigation2/share/mecanum_navigation2/environment/ament_prefix_path.dsv
-- Symlinking: /home/das-note-021/amir_kameyama_ws/install/mecanum_navigation2/share/mecanum_navigation2/environment/path.sh
-- Symlinking: /home/das-note-021/amir_kameyama_ws/install/mecanum_navigation2/share/mecanum_navigation2/environment/path.dsv
-- Symlinking: /home/das-note-021/amir_kameyama_ws/install/mecanum_navigation2/share/mecanum_navigation2/local_setup.bash
-- Symlinking: /home/das-note-021/amir_kameyama_ws/install/mecanum_navigation2/share/mecanum_navigation2/local_setup.sh
-- Symlinking: /home/das-note-021/amir_kameyama_ws/install/mecanum_navigation2/share/mecanum_navigation2/local_setup.zsh
-- Symlinking: /home/das-note-021/amir_kameyama_ws/install/mecanum_navigation2/share/mecanum_navigation2/local_setup.dsv
-- Symlinking: /home/das-note-021/amir_kameyama_ws/install/mecanum_navigation2/share/mecanum_navigation2/package.dsv
-- Symlinking: /home/das-note-021/amir_kameyama_ws/install/mecanum_navigation2/share/ament_index/resource_index/packages/mecanum_navigation2
-- Symlinking: /home/das-note-021/amir_kameyama_ws/install/mecanum_navigation2/share/mecanum_navigation2/cmake/mecanum_navigation2Config.cmake
-- Symlinking: /home/das-note-021/amir_kameyama_ws/install/mecanum_navigation2/share/mecanum_navigation2/cmake/mecanum_navigation2Config-version.cmake
-- Symlinking: /home/das-note-021/amir_kameyama_ws/install/mecanum_navigation2/share/mecanum_navigation2/package.xml
