[  1%] Built target failure_detection_msgs__cpp
[ 12%] Built target failure_detection_msgs__rosidl_generator_c
[ 12%] Built target ament_cmake_python_symlink_failure_detection_msgs
[ 23%] Built target failure_detection_msgs__rosidl_typesupport_cpp
[ 34%] Built target failure_detection_msgs__rosidl_typesupport_fastrtps_cpp
[ 46%] Built target failure_detection_msgs__rosidl_typesupport_introspection_cpp
[ 57%] Built target failure_detection_msgs__rosidl_typesupport_introspection_c
[ 68%] Built target failure_detection_msgs__rosidl_typesupport_fastrtps_c
[ 79%] Built target failure_detection_msgs__rosidl_typesupport_c
[ 79%] Built target failure_detection_msgs
[ 80%] Built target failure_detection_msgs__py
[ 90%] Built target failure_detection_msgs__rosidl_generator_py
[ 93%] Built target failure_detection_msgs__rosidl_typesupport_introspection_c__pyext
[ 96%] Built target failure_detection_msgs__rosidl_typesupport_fastrtps_c__pyext
[100%] Built target failure_detection_msgs__rosidl_typesupport_c__pyext
running egg_info
writing failure_detection_msgs.egg-info/PKG-INFO
writing dependency_links to failure_detection_msgs.egg-info/dependency_links.txt
writing top-level names to failure_detection_msgs.egg-info/top_level.txt
reading manifest file 'failure_detection_msgs.egg-info/SOURCES.txt'
writing manifest file 'failure_detection_msgs.egg-info/SOURCES.txt'
[100%] Built target ament_cmake_python_build_failure_detection_msgs_egg
-- Install configuration: ""
-- Execute custom install script
-- Up-to-date symlink: /home/rover/kameyama_ws/install/failure_detection_msgs/share/ament_index/resource_index/rosidl_interfaces/failure_detection_msgs
-- Up-to-date symlink: /home/rover/kameyama_ws/install/failure_detection_msgs/include/failure_detection_msgs/failure_detection_msgs/action/analysys.h
-- Up-to-date symlink: /home/rover/kameyama_ws/install/failure_detection_msgs/include/failure_detection_msgs/failure_detection_msgs/action/detail/analysys__functions.h
-- Up-to-date symlink: /home/rover/kameyama_ws/install/failure_detection_msgs/include/failure_detection_msgs/failure_detection_msgs/action/detail/analysys__struct.h
-- Up-to-date symlink: /home/rover/kameyama_ws/install/failure_detection_msgs/include/failure_detection_msgs/failure_detection_msgs/action/detail/analysys__type_support.h
-- Up-to-date symlink: /home/rover/kameyama_ws/install/failure_detection_msgs/include/failure_detection_msgs/failure_detection_msgs/msg/detail/solution__functions.h
-- Up-to-date symlink: /home/rover/kameyama_ws/install/failure_detection_msgs/include/failure_detection_msgs/failure_detection_msgs/msg/detail/solution__struct.h
-- Up-to-date symlink: /home/rover/kameyama_ws/install/failure_detection_msgs/include/failure_detection_msgs/failure_detection_msgs/msg/detail/solution__type_support.h
-- Up-to-date symlink: /home/rover/kameyama_ws/install/failure_detection_msgs/include/failure_detection_msgs/failure_detection_msgs/msg/rosidl_generator_c__visibility_control.h
-- Up-to-date symlink: /home/rover/kameyama_ws/install/failure_detection_msgs/include/failure_detection_msgs/failure_detection_msgs/msg/solution.h
-- Up-to-date symlink: /home/rover/kameyama_ws/install/failure_detection_msgs/include/failure_detection_msgs/failure_detection_msgs/srv/after_pick.h
-- Up-to-date symlink: /home/rover/kameyama_ws/install/failure_detection_msgs/include/failure_detection_msgs/failure_detection_msgs/srv/before_pick.h
-- Up-to-date symlink: /home/rover/kameyama_ws/install/failure_detection_msgs/include/failure_detection_msgs/failure_detection_msgs/srv/detail/after_pick__functions.h
-- Up-to-date symlink: /home/rover/kameyama_ws/install/failure_detection_msgs/include/failure_detection_msgs/failure_detection_msgs/srv/detail/after_pick__struct.h
-- Up-to-date symlink: /home/rover/kameyama_ws/install/failure_detection_msgs/include/failure_detection_msgs/failure_detection_msgs/srv/detail/after_pick__type_support.h
-- Up-to-date symlink: /home/rover/kameyama_ws/install/failure_detection_msgs/include/failure_detection_msgs/failure_detection_msgs/srv/detail/before_pick__functions.h
-- Up-to-date symlink: /home/rover/kameyama_ws/install/failure_detection_msgs/include/failure_detection_msgs/failure_detection_msgs/srv/detail/before_pick__struct.h
-- Up-to-date symlink: /home/rover/kameyama_ws/install/failure_detection_msgs/include/failure_detection_msgs/failure_detection_msgs/srv/detail/before_pick__type_support.h
-- Up-to-date symlink: /home/rover/kameyama_ws/install/failure_detection_msgs/include/failure_detection_msgs/failure_detection_msgs/srv/detail/path_check__functions.h
-- Up-to-date symlink: /home/rover/kameyama_ws/install/failure_detection_msgs/include/failure_detection_msgs/failure_detection_msgs/srv/detail/path_check__struct.h
-- Up-to-date symlink: /home/rover/kameyama_ws/install/failure_detection_msgs/include/failure_detection_msgs/failure_detection_msgs/srv/detail/path_check__type_support.h
-- Up-to-date symlink: /home/rover/kameyama_ws/install/failure_detection_msgs/include/failure_detection_msgs/failure_detection_msgs/srv/path_check.h
-- Up-to-date symlink: /home/rover/kameyama_ws/install/failure_detection_msgs/share/failure_detection_msgs/environment/library_path.sh
-- Up-to-date symlink: /home/rover/kameyama_ws/install/failure_detection_msgs/share/failure_detection_msgs/environment/library_path.dsv
-- Up-to-date symlink: /home/rover/kameyama_ws/install/failure_detection_msgs/include/failure_detection_msgs/failure_detection_msgs/action/detail/analysys__rosidl_typesupport_fastrtps_c.h
-- Up-to-date symlink: /home/rover/kameyama_ws/install/failure_detection_msgs/include/failure_detection_msgs/failure_detection_msgs/msg/detail/solution__rosidl_typesupport_fastrtps_c.h
-- Up-to-date symlink: /home/rover/kameyama_ws/install/failure_detection_msgs/include/failure_detection_msgs/failure_detection_msgs/msg/rosidl_typesupport_fastrtps_c__visibility_control.h
-- Up-to-date symlink: /home/rover/kameyama_ws/install/failure_detection_msgs/include/failure_detection_msgs/failure_detection_msgs/srv/detail/after_pick__rosidl_typesupport_fastrtps_c.h
-- Up-to-date symlink: /home/rover/kameyama_ws/install/failure_detection_msgs/include/failure_detection_msgs/failure_detection_msgs/srv/detail/before_pick__rosidl_typesupport_fastrtps_c.h
-- Up-to-date symlink: /home/rover/kameyama_ws/install/failure_detection_msgs/include/failure_detection_msgs/failure_detection_msgs/srv/detail/path_check__rosidl_typesupport_fastrtps_c.h
-- Up-to-date symlink: /home/rover/kameyama_ws/install/failure_detection_msgs/include/failure_detection_msgs/failure_detection_msgs/action/detail/analysys__rosidl_typesupport_introspection_c.h
-- Up-to-date symlink: /home/rover/kameyama_ws/install/failure_detection_msgs/include/failure_detection_msgs/failure_detection_msgs/msg/detail/solution__rosidl_typesupport_introspection_c.h
-- Up-to-date symlink: /home/rover/kameyama_ws/install/failure_detection_msgs/include/failure_detection_msgs/failure_detection_msgs/msg/rosidl_typesupport_introspection_c__visibility_control.h
-- Up-to-date symlink: /home/rover/kameyama_ws/install/failure_detection_msgs/include/failure_detection_msgs/failure_detection_msgs/srv/detail/after_pick__rosidl_typesupport_introspection_c.h
-- Up-to-date symlink: /home/rover/kameyama_ws/install/failure_detection_msgs/include/failure_detection_msgs/failure_detection_msgs/srv/detail/before_pick__rosidl_typesupport_introspection_c.h
-- Up-to-date symlink: /home/rover/kameyama_ws/install/failure_detection_msgs/include/failure_detection_msgs/failure_detection_msgs/srv/detail/path_check__rosidl_typesupport_introspection_c.h
-- Up-to-date symlink: /home/rover/kameyama_ws/install/failure_detection_msgs/include/failure_detection_msgs/failure_detection_msgs/action/analysys.hpp
-- Up-to-date symlink: /home/rover/kameyama_ws/install/failure_detection_msgs/include/failure_detection_msgs/failure_detection_msgs/action/detail/analysys__builder.hpp
-- Up-to-date symlink: /home/rover/kameyama_ws/install/failure_detection_msgs/include/failure_detection_msgs/failure_detection_msgs/action/detail/analysys__struct.hpp
-- Up-to-date symlink: /home/rover/kameyama_ws/install/failure_detection_msgs/include/failure_detection_msgs/failure_detection_msgs/action/detail/analysys__traits.hpp
-- Up-to-date symlink: /home/rover/kameyama_ws/install/failure_detection_msgs/include/failure_detection_msgs/failure_detection_msgs/action/detail/analysys__type_support.hpp
-- Up-to-date symlink: /home/rover/kameyama_ws/install/failure_detection_msgs/include/failure_detection_msgs/failure_detection_msgs/msg/detail/solution__builder.hpp
-- Up-to-date symlink: /home/rover/kameyama_ws/install/failure_detection_msgs/include/failure_detection_msgs/failure_detection_msgs/msg/detail/solution__struct.hpp
-- Up-to-date symlink: /home/rover/kameyama_ws/install/failure_detection_msgs/include/failure_detection_msgs/failure_detection_msgs/msg/detail/solution__traits.hpp
-- Up-to-date symlink: /home/rover/kameyama_ws/install/failure_detection_msgs/include/failure_detection_msgs/failure_detection_msgs/msg/detail/solution__type_support.hpp
-- Up-to-date symlink: /home/rover/kameyama_ws/install/failure_detection_msgs/include/failure_detection_msgs/failure_detection_msgs/msg/rosidl_generator_cpp__visibility_control.hpp
-- Up-to-date symlink: /home/rover/kameyama_ws/install/failure_detection_msgs/include/failure_detection_msgs/failure_detection_msgs/msg/solution.hpp
-- Up-to-date symlink: /home/rover/kameyama_ws/install/failure_detection_msgs/include/failure_detection_msgs/failure_detection_msgs/srv/after_pick.hpp
-- Up-to-date symlink: /home/rover/kameyama_ws/install/failure_detection_msgs/include/failure_detection_msgs/failure_detection_msgs/srv/before_pick.hpp
-- Up-to-date symlink: /home/rover/kameyama_ws/install/failure_detection_msgs/include/failure_detection_msgs/failure_detection_msgs/srv/detail/after_pick__builder.hpp
-- Up-to-date symlink: /home/rover/kameyama_ws/install/failure_detection_msgs/include/failure_detection_msgs/failure_detection_msgs/srv/detail/after_pick__struct.hpp
-- Up-to-date symlink: /home/rover/kameyama_ws/install/failure_detection_msgs/include/failure_detection_msgs/failure_detection_msgs/srv/detail/after_pick__traits.hpp
-- Up-to-date symlink: /home/rover/kameyama_ws/install/failure_detection_msgs/include/failure_detection_msgs/failure_detection_msgs/srv/detail/after_pick__type_support.hpp
-- Up-to-date symlink: /home/rover/kameyama_ws/install/failure_detection_msgs/include/failure_detection_msgs/failure_detection_msgs/srv/detail/before_pick__builder.hpp
-- Up-to-date symlink: /home/rover/kameyama_ws/install/failure_detection_msgs/include/failure_detection_msgs/failure_detection_msgs/srv/detail/before_pick__struct.hpp
-- Up-to-date symlink: /home/rover/kameyama_ws/install/failure_detection_msgs/include/failure_detection_msgs/failure_detection_msgs/srv/detail/before_pick__traits.hpp
-- Up-to-date symlink: /home/rover/kameyama_ws/install/failure_detection_msgs/include/failure_detection_msgs/failure_detection_msgs/srv/detail/before_pick__type_support.hpp
-- Up-to-date symlink: /home/rover/kameyama_ws/install/failure_detection_msgs/include/failure_detection_msgs/failure_detection_msgs/srv/detail/path_check__builder.hpp
-- Up-to-date symlink: /home/rover/kameyama_ws/install/failure_detection_msgs/include/failure_detection_msgs/failure_detection_msgs/srv/detail/path_check__struct.hpp
-- Up-to-date symlink: /home/rover/kameyama_ws/install/failure_detection_msgs/include/failure_detection_msgs/failure_detection_msgs/srv/detail/path_check__traits.hpp
-- Up-to-date symlink: /home/rover/kameyama_ws/install/failure_detection_msgs/include/failure_detection_msgs/failure_detection_msgs/srv/detail/path_check__type_support.hpp
-- Up-to-date symlink: /home/rover/kameyama_ws/install/failure_detection_msgs/include/failure_detection_msgs/failure_detection_msgs/srv/path_check.hpp
-- Up-to-date symlink: /home/rover/kameyama_ws/install/failure_detection_msgs/include/failure_detection_msgs/failure_detection_msgs/action/detail/analysys__rosidl_typesupport_fastrtps_cpp.hpp
-- Up-to-date symlink: /home/rover/kameyama_ws/install/failure_detection_msgs/include/failure_detection_msgs/failure_detection_msgs/msg/detail/solution__rosidl_typesupport_fastrtps_cpp.hpp
-- Up-to-date symlink: /home/rover/kameyama_ws/install/failure_detection_msgs/include/failure_detection_msgs/failure_detection_msgs/msg/rosidl_typesupport_fastrtps_cpp__visibility_control.h
-- Up-to-date symlink: /home/rover/kameyama_ws/install/failure_detection_msgs/include/failure_detection_msgs/failure_detection_msgs/srv/detail/after_pick__rosidl_typesupport_fastrtps_cpp.hpp
-- Up-to-date symlink: /home/rover/kameyama_ws/install/failure_detection_msgs/include/failure_detection_msgs/failure_detection_msgs/srv/detail/before_pick__rosidl_typesupport_fastrtps_cpp.hpp
-- Up-to-date symlink: /home/rover/kameyama_ws/install/failure_detection_msgs/include/failure_detection_msgs/failure_detection_msgs/srv/detail/path_check__rosidl_typesupport_fastrtps_cpp.hpp
-- Up-to-date symlink: /home/rover/kameyama_ws/install/failure_detection_msgs/include/failure_detection_msgs/failure_detection_msgs/action/detail/analysys__rosidl_typesupport_introspection_cpp.hpp
-- Up-to-date symlink: /home/rover/kameyama_ws/install/failure_detection_msgs/include/failure_detection_msgs/failure_detection_msgs/msg/detail/solution__rosidl_typesupport_introspection_cpp.hpp
-- Up-to-date symlink: /home/rover/kameyama_ws/install/failure_detection_msgs/include/failure_detection_msgs/failure_detection_msgs/srv/detail/after_pick__rosidl_typesupport_introspection_cpp.hpp
-- Up-to-date symlink: /home/rover/kameyama_ws/install/failure_detection_msgs/include/failure_detection_msgs/failure_detection_msgs/srv/detail/before_pick__rosidl_typesupport_introspection_cpp.hpp
-- Up-to-date symlink: /home/rover/kameyama_ws/install/failure_detection_msgs/include/failure_detection_msgs/failure_detection_msgs/srv/detail/path_check__rosidl_typesupport_introspection_cpp.hpp
-- Up-to-date symlink: /home/rover/kameyama_ws/install/failure_detection_msgs/share/failure_detection_msgs/environment/pythonpath.sh
-- Up-to-date symlink: /home/rover/kameyama_ws/install/failure_detection_msgs/share/failure_detection_msgs/environment/pythonpath.dsv
-- Up-to-date symlink: /home/rover/kameyama_ws/install/failure_detection_msgs/local/lib/python3.10/dist-packages/failure_detection_msgs-0.0.0-py3.10.egg-info/PKG-INFO
-- Up-to-date symlink: /home/rover/kameyama_ws/install/failure_detection_msgs/local/lib/python3.10/dist-packages/failure_detection_msgs-0.0.0-py3.10.egg-info/SOURCES.txt
-- Up-to-date symlink: /home/rover/kameyama_ws/install/failure_detection_msgs/local/lib/python3.10/dist-packages/failure_detection_msgs-0.0.0-py3.10.egg-info/dependency_links.txt
-- Up-to-date symlink: /home/rover/kameyama_ws/install/failure_detection_msgs/local/lib/python3.10/dist-packages/failure_detection_msgs-0.0.0-py3.10.egg-info/top_level.txt
-- Up-to-date symlink: /home/rover/kameyama_ws/install/failure_detection_msgs/local/lib/python3.10/dist-packages/failure_detection_msgs/__init__.py
-- Up-to-date symlink: /home/rover/kameyama_ws/install/failure_detection_msgs/local/lib/python3.10/dist-packages/failure_detection_msgs/_failure_detection_msgs_s.ep.rosidl_typesupport_c.c
-- Up-to-date symlink: /home/rover/kameyama_ws/install/failure_detection_msgs/local/lib/python3.10/dist-packages/failure_detection_msgs/_failure_detection_msgs_s.ep.rosidl_typesupport_fastrtps_c.c
-- Up-to-date symlink: /home/rover/kameyama_ws/install/failure_detection_msgs/local/lib/python3.10/dist-packages/failure_detection_msgs/_failure_detection_msgs_s.ep.rosidl_typesupport_introspection_c.c
-- Up-to-date symlink: /home/rover/kameyama_ws/install/failure_detection_msgs/local/lib/python3.10/dist-packages/failure_detection_msgs/action/__init__.py
-- Up-to-date symlink: /home/rover/kameyama_ws/install/failure_detection_msgs/local/lib/python3.10/dist-packages/failure_detection_msgs/action/_analysys.py
-- Up-to-date symlink: /home/rover/kameyama_ws/install/failure_detection_msgs/local/lib/python3.10/dist-packages/failure_detection_msgs/action/_analysys_s.c
-- Up-to-date symlink: /home/rover/kameyama_ws/install/failure_detection_msgs/local/lib/python3.10/dist-packages/failure_detection_msgs/failure_detection_msgs_s__rosidl_typesupport_c.cpython-310-x86_64-linux-gnu.so
-- Up-to-date symlink: /home/rover/kameyama_ws/install/failure_detection_msgs/local/lib/python3.10/dist-packages/failure_detection_msgs/failure_detection_msgs_s__rosidl_typesupport_fastrtps_c.cpython-310-x86_64-linux-gnu.so
-- Up-to-date symlink: /home/rover/kameyama_ws/install/failure_detection_msgs/local/lib/python3.10/dist-packages/failure_detection_msgs/failure_detection_msgs_s__rosidl_typesupport_introspection_c.cpython-310-x86_64-linux-gnu.so
-- Up-to-date symlink: /home/rover/kameyama_ws/install/failure_detection_msgs/local/lib/python3.10/dist-packages/failure_detection_msgs/libfailure_detection_msgs__rosidl_generator_py.so
-- Up-to-date symlink: /home/rover/kameyama_ws/install/failure_detection_msgs/local/lib/python3.10/dist-packages/failure_detection_msgs/msg/__init__.py
-- Up-to-date symlink: /home/rover/kameyama_ws/install/failure_detection_msgs/local/lib/python3.10/dist-packages/failure_detection_msgs/msg/_solution.py
-- Up-to-date symlink: /home/rover/kameyama_ws/install/failure_detection_msgs/local/lib/python3.10/dist-packages/failure_detection_msgs/msg/_solution_s.c
-- Up-to-date symlink: /home/rover/kameyama_ws/install/failure_detection_msgs/local/lib/python3.10/dist-packages/failure_detection_msgs/srv/__init__.py
-- Up-to-date symlink: /home/rover/kameyama_ws/install/failure_detection_msgs/local/lib/python3.10/dist-packages/failure_detection_msgs/srv/_after_pick.py
-- Up-to-date symlink: /home/rover/kameyama_ws/install/failure_detection_msgs/local/lib/python3.10/dist-packages/failure_detection_msgs/srv/_after_pick_s.c
-- Up-to-date symlink: /home/rover/kameyama_ws/install/failure_detection_msgs/local/lib/python3.10/dist-packages/failure_detection_msgs/srv/_before_pick.py
-- Up-to-date symlink: /home/rover/kameyama_ws/install/failure_detection_msgs/local/lib/python3.10/dist-packages/failure_detection_msgs/srv/_before_pick_s.c
-- Up-to-date symlink: /home/rover/kameyama_ws/install/failure_detection_msgs/local/lib/python3.10/dist-packages/failure_detection_msgs/srv/_path_check.py
-- Up-to-date symlink: /home/rover/kameyama_ws/install/failure_detection_msgs/local/lib/python3.10/dist-packages/failure_detection_msgs/srv/_path_check_s.c
-- Up-to-date symlink: /home/rover/kameyama_ws/install/failure_detection_msgs/local/lib/python3.10/dist-packages/failure_detection_msgs/failure_detection_msgs_s__rosidl_typesupport_fastrtps_c.cpython-310-x86_64-linux-gnu.so
-- Up-to-date symlink: /home/rover/kameyama_ws/install/failure_detection_msgs/local/lib/python3.10/dist-packages/failure_detection_msgs/failure_detection_msgs_s__rosidl_typesupport_introspection_c.cpython-310-x86_64-linux-gnu.so
-- Up-to-date symlink: /home/rover/kameyama_ws/install/failure_detection_msgs/local/lib/python3.10/dist-packages/failure_detection_msgs/failure_detection_msgs_s__rosidl_typesupport_c.cpython-310-x86_64-linux-gnu.so
-- Up-to-date symlink: /home/rover/kameyama_ws/install/failure_detection_msgs/share/failure_detection_msgs/msg/Solution.idl
-- Up-to-date symlink: /home/rover/kameyama_ws/install/failure_detection_msgs/share/failure_detection_msgs/action/Analysys.idl
-- Up-to-date symlink: /home/rover/kameyama_ws/install/failure_detection_msgs/share/failure_detection_msgs/srv/PathCheck.idl
-- Up-to-date symlink: /home/rover/kameyama_ws/install/failure_detection_msgs/share/failure_detection_msgs/srv/BeforePick.idl
-- Up-to-date symlink: /home/rover/kameyama_ws/install/failure_detection_msgs/share/failure_detection_msgs/srv/AfterPick.idl
-- Up-to-date symlink: /home/rover/kameyama_ws/install/failure_detection_msgs/share/failure_detection_msgs/msg/Solution.msg
-- Up-to-date symlink: /home/rover/kameyama_ws/install/failure_detection_msgs/share/failure_detection_msgs/action/Analysys.action
-- Up-to-date symlink: /home/rover/kameyama_ws/install/failure_detection_msgs/share/failure_detection_msgs/srv/PathCheck.srv
-- Up-to-date symlink: /home/rover/kameyama_ws/install/failure_detection_msgs/share/failure_detection_msgs/srv/PathCheck_Request.msg
-- Up-to-date symlink: /home/rover/kameyama_ws/install/failure_detection_msgs/share/failure_detection_msgs/srv/PathCheck_Response.msg
-- Up-to-date symlink: /home/rover/kameyama_ws/install/failure_detection_msgs/share/failure_detection_msgs/srv/BeforePick.srv
-- Up-to-date symlink: /home/rover/kameyama_ws/install/failure_detection_msgs/share/failure_detection_msgs/srv/BeforePick_Request.msg
-- Up-to-date symlink: /home/rover/kameyama_ws/install/failure_detection_msgs/share/failure_detection_msgs/srv/BeforePick_Response.msg
-- Up-to-date symlink: /home/rover/kameyama_ws/install/failure_detection_msgs/share/failure_detection_msgs/srv/AfterPick.srv
-- Up-to-date symlink: /home/rover/kameyama_ws/install/failure_detection_msgs/share/failure_detection_msgs/srv/AfterPick_Request.msg
-- Up-to-date symlink: /home/rover/kameyama_ws/install/failure_detection_msgs/share/failure_detection_msgs/srv/AfterPick_Response.msg
-- Up-to-date symlink: /home/rover/kameyama_ws/install/failure_detection_msgs/share/ament_index/resource_index/package_run_dependencies/failure_detection_msgs
-- Up-to-date symlink: /home/rover/kameyama_ws/install/failure_detection_msgs/share/ament_index/resource_index/parent_prefix_path/failure_detection_msgs
-- Up-to-date symlink: /home/rover/kameyama_ws/install/failure_detection_msgs/share/failure_detection_msgs/environment/ament_prefix_path.sh
-- Up-to-date symlink: /home/rover/kameyama_ws/install/failure_detection_msgs/share/failure_detection_msgs/environment/ament_prefix_path.dsv
-- Up-to-date symlink: /home/rover/kameyama_ws/install/failure_detection_msgs/share/failure_detection_msgs/environment/path.sh
-- Up-to-date symlink: /home/rover/kameyama_ws/install/failure_detection_msgs/share/failure_detection_msgs/environment/path.dsv
-- Up-to-date symlink: /home/rover/kameyama_ws/install/failure_detection_msgs/share/failure_detection_msgs/local_setup.bash
-- Up-to-date symlink: /home/rover/kameyama_ws/install/failure_detection_msgs/share/failure_detection_msgs/local_setup.sh
-- Up-to-date symlink: /home/rover/kameyama_ws/install/failure_detection_msgs/share/failure_detection_msgs/local_setup.zsh
-- Up-to-date symlink: /home/rover/kameyama_ws/install/failure_detection_msgs/share/failure_detection_msgs/local_setup.dsv
-- Symlinking: /home/rover/kameyama_ws/install/failure_detection_msgs/share/failure_detection_msgs/package.dsv
-- Up-to-date symlink: /home/rover/kameyama_ws/install/failure_detection_msgs/share/ament_index/resource_index/packages/failure_detection_msgs
-- Up-to-date symlink: /home/rover/kameyama_ws/install/failure_detection_msgs/share/failure_detection_msgs/cmake/rosidl_cmake-extras.cmake
-- Up-to-date symlink: /home/rover/kameyama_ws/install/failure_detection_msgs/share/failure_detection_msgs/cmake/ament_cmake_export_dependencies-extras.cmake
-- Up-to-date symlink: /home/rover/kameyama_ws/install/failure_detection_msgs/share/failure_detection_msgs/cmake/ament_cmake_export_include_directories-extras.cmake
-- Up-to-date symlink: /home/rover/kameyama_ws/install/failure_detection_msgs/share/failure_detection_msgs/cmake/ament_cmake_export_libraries-extras.cmake
-- Up-to-date symlink: /home/rover/kameyama_ws/install/failure_detection_msgs/share/failure_detection_msgs/cmake/ament_cmake_export_targets-extras.cmake
-- Up-to-date symlink: /home/rover/kameyama_ws/install/failure_detection_msgs/share/failure_detection_msgs/cmake/rosidl_cmake_export_typesupport_targets-extras.cmake
-- Up-to-date symlink: /home/rover/kameyama_ws/install/failure_detection_msgs/share/failure_detection_msgs/cmake/rosidl_cmake_export_typesupport_libraries-extras.cmake
-- Up-to-date symlink: /home/rover/kameyama_ws/install/failure_detection_msgs/share/failure_detection_msgs/cmake/failure_detection_msgsConfig.cmake
-- Up-to-date symlink: /home/rover/kameyama_ws/install/failure_detection_msgs/share/failure_detection_msgs/cmake/failure_detection_msgsConfig-version.cmake
-- Up-to-date symlink: /home/rover/kameyama_ws/install/failure_detection_msgs/share/failure_detection_msgs/package.xml
-- Up-to-date: /home/rover/kameyama_ws/install/failure_detection_msgs/lib/libfailure_detection_msgs__rosidl_generator_c.so
-- Up-to-date: /home/rover/kameyama_ws/install/failure_detection_msgs/lib/libfailure_detection_msgs__rosidl_typesupport_fastrtps_c.so
-- Up-to-date: /home/rover/kameyama_ws/install/failure_detection_msgs/lib/libfailure_detection_msgs__rosidl_typesupport_introspection_c.so
-- Up-to-date: /home/rover/kameyama_ws/install/failure_detection_msgs/lib/libfailure_detection_msgs__rosidl_typesupport_c.so
-- Up-to-date: /home/rover/kameyama_ws/install/failure_detection_msgs/lib/libfailure_detection_msgs__rosidl_typesupport_fastrtps_cpp.so
-- Up-to-date: /home/rover/kameyama_ws/install/failure_detection_msgs/lib/libfailure_detection_msgs__rosidl_typesupport_introspection_cpp.so
-- Up-to-date: /home/rover/kameyama_ws/install/failure_detection_msgs/lib/libfailure_detection_msgs__rosidl_typesupport_cpp.so
Listing '/home/rover/kameyama_ws/install/failure_detection_msgs/local/lib/python3.10/dist-packages/failure_detection_msgs'...
Listing '/home/rover/kameyama_ws/install/failure_detection_msgs/local/lib/python3.10/dist-packages/failure_detection_msgs/action'...
Listing '/home/rover/kameyama_ws/install/failure_detection_msgs/local/lib/python3.10/dist-packages/failure_detection_msgs/msg'...
Listing '/home/rover/kameyama_ws/install/failure_detection_msgs/local/lib/python3.10/dist-packages/failure_detection_msgs/srv'...
-- Up-to-date: /home/rover/kameyama_ws/install/failure_detection_msgs/lib/libfailure_detection_msgs__rosidl_generator_py.so
-- Up-to-date: /home/rover/kameyama_ws/install/failure_detection_msgs/share/failure_detection_msgs/cmake/export_failure_detection_msgs__rosidl_generator_cExport.cmake
-- Up-to-date: /home/rover/kameyama_ws/install/failure_detection_msgs/share/failure_detection_msgs/cmake/export_failure_detection_msgs__rosidl_generator_cExport-noconfig.cmake
-- Up-to-date: /home/rover/kameyama_ws/install/failure_detection_msgs/share/failure_detection_msgs/cmake/export_failure_detection_msgs__rosidl_typesupport_fastrtps_cExport.cmake
-- Up-to-date: /home/rover/kameyama_ws/install/failure_detection_msgs/share/failure_detection_msgs/cmake/export_failure_detection_msgs__rosidl_typesupport_fastrtps_cExport-noconfig.cmake
-- Up-to-date: /home/rover/kameyama_ws/install/failure_detection_msgs/share/failure_detection_msgs/cmake/failure_detection_msgs__rosidl_typesupport_introspection_cExport.cmake
-- Up-to-date: /home/rover/kameyama_ws/install/failure_detection_msgs/share/failure_detection_msgs/cmake/failure_detection_msgs__rosidl_typesupport_introspection_cExport-noconfig.cmake
-- Up-to-date: /home/rover/kameyama_ws/install/failure_detection_msgs/share/failure_detection_msgs/cmake/failure_detection_msgs__rosidl_typesupport_cExport.cmake
-- Up-to-date: /home/rover/kameyama_ws/install/failure_detection_msgs/share/failure_detection_msgs/cmake/failure_detection_msgs__rosidl_typesupport_cExport-noconfig.cmake
-- Up-to-date: /home/rover/kameyama_ws/install/failure_detection_msgs/share/failure_detection_msgs/cmake/export_failure_detection_msgs__rosidl_generator_cppExport.cmake
-- Up-to-date: /home/rover/kameyama_ws/install/failure_detection_msgs/share/failure_detection_msgs/cmake/export_failure_detection_msgs__rosidl_typesupport_fastrtps_cppExport.cmake
-- Up-to-date: /home/rover/kameyama_ws/install/failure_detection_msgs/share/failure_detection_msgs/cmake/export_failure_detection_msgs__rosidl_typesupport_fastrtps_cppExport-noconfig.cmake
-- Up-to-date: /home/rover/kameyama_ws/install/failure_detection_msgs/share/failure_detection_msgs/cmake/failure_detection_msgs__rosidl_typesupport_introspection_cppExport.cmake
-- Up-to-date: /home/rover/kameyama_ws/install/failure_detection_msgs/share/failure_detection_msgs/cmake/failure_detection_msgs__rosidl_typesupport_introspection_cppExport-noconfig.cmake
-- Up-to-date: /home/rover/kameyama_ws/install/failure_detection_msgs/share/failure_detection_msgs/cmake/failure_detection_msgs__rosidl_typesupport_cppExport.cmake
-- Up-to-date: /home/rover/kameyama_ws/install/failure_detection_msgs/share/failure_detection_msgs/cmake/failure_detection_msgs__rosidl_typesupport_cppExport-noconfig.cmake
-- Up-to-date: /home/rover/kameyama_ws/install/failure_detection_msgs/share/failure_detection_msgs/cmake/export_failure_detection_msgs__rosidl_generator_pyExport.cmake
-- Up-to-date: /home/rover/kameyama_ws/install/failure_detection_msgs/share/failure_detection_msgs/cmake/export_failure_detection_msgs__rosidl_generator_pyExport-noconfig.cmake
