[0.043s] Invoking command in '/home/das-note-021/amir_kameyama_ws/build/ar_track_alvar_msgs': CMAKE_PREFIX_PATH=${CMAKE_PREFIX_PATH}:/home/das-note-021/amir_kameyama_ws/install/failure_detection:/home/das-note-021/amir_kameyama_ws/install/bt_generator:/home/das-note-021/kameyama_ws/install/ros2_aruco:/home/das-note-021/kameyama_ws/install/failure_detection:/home/das-note-021/kameyama_ws/install/bt_generator:/opt/ros/humble /usr/bin/cmake --build /home/das-note-021/amir_kameyama_ws/build/ar_track_alvar_msgs -- -j22 -l22
[0.402s] [  2%] Built target ar_track_alvar_msgs__cpp
[0.403s] [ 12%] Built target ar_track_alvar_msgs__rosidl_generator_c
[0.403s] [ 12%] Built target ament_cmake_python_symlink_ar_track_alvar_msgs
[0.404s] [ 23%] Built target ar_track_alvar_msgs__rosidl_typesupport_fastrtps_cpp
[0.404s] [ 33%] Built target ar_track_alvar_msgs__rosidl_typesupport_cpp
[0.404s] [ 43%] Built target ar_track_alvar_msgs__rosidl_typesupport_introspection_cpp
[0.404s] [ 74%] Built target ar_track_alvar_msgs__rosidl_typesupport_fastrtps_c
[0.404s] [ 74%] Built target ar_track_alvar_msgs__rosidl_typesupport_c
[0.404s] [ 74%] Built target ar_track_alvar_msgs__rosidl_typesupport_introspection_c
[0.404s] [ 74%] Built target ar_track_alvar_msgs
[0.405s] [ 76%] Built target ar_track_alvar_msgs__py
[0.405s] [ 84%] Built target ar_track_alvar_msgs__rosidl_generator_py
[0.405s] [ 92%] Built target ar_track_alvar_msgs__rosidl_typesupport_introspection_c__pyext
[0.405s] [ 94%] Built target ar_track_alvar_msgs__rosidl_typesupport_c__pyext
[0.405s] [100%] Built target ar_track_alvar_msgs__rosidl_typesupport_fastrtps_c__pyext
[0.512s] running egg_info
[0.515s] writing ar_track_alvar_msgs.egg-info/PKG-INFO
[0.516s] writing dependency_links to ar_track_alvar_msgs.egg-info/dependency_links.txt
[0.516s] writing top-level names to ar_track_alvar_msgs.egg-info/top_level.txt
[0.525s] reading manifest file 'ar_track_alvar_msgs.egg-info/SOURCES.txt'
[0.526s] writing manifest file 'ar_track_alvar_msgs.egg-info/SOURCES.txt'
[0.560s] [100%] Built target ament_cmake_python_build_ar_track_alvar_msgs_egg
[0.594s] Invoked command in '/home/das-note-021/amir_kameyama_ws/build/ar_track_alvar_msgs' returned '0': CMAKE_PREFIX_PATH=${CMAKE_PREFIX_PATH}:/home/das-note-021/amir_kameyama_ws/install/failure_detection:/home/das-note-021/amir_kameyama_ws/install/bt_generator:/home/das-note-021/kameyama_ws/install/ros2_aruco:/home/das-note-021/kameyama_ws/install/failure_detection:/home/das-note-021/kameyama_ws/install/bt_generator:/opt/ros/humble /usr/bin/cmake --build /home/das-note-021/amir_kameyama_ws/build/ar_track_alvar_msgs -- -j22 -l22
[0.596s] Invoking command in '/home/das-note-021/amir_kameyama_ws/build/ar_track_alvar_msgs': CMAKE_PREFIX_PATH=${CMAKE_PREFIX_PATH}:/home/das-note-021/amir_kameyama_ws/install/failure_detection:/home/das-note-021/amir_kameyama_ws/install/bt_generator:/home/das-note-021/kameyama_ws/install/ros2_aruco:/home/das-note-021/kameyama_ws/install/failure_detection:/home/das-note-021/kameyama_ws/install/bt_generator:/opt/ros/humble /usr/bin/cmake --install /home/das-note-021/amir_kameyama_ws/build/ar_track_alvar_msgs
[0.603s] -- Install configuration: ""
[0.604s] -- Execute custom install script
[0.604s] -- Up-to-date symlink: /home/das-note-021/amir_kameyama_ws/install/ar_track_alvar_msgs/share/ament_index/resource_index/rosidl_interfaces/ar_track_alvar_msgs
[0.604s] -- Up-to-date symlink: /home/das-note-021/amir_kameyama_ws/install/ar_track_alvar_msgs/include/ar_track_alvar_msgs/ar_track_alvar_msgs/msg/alvar_marker.h
[0.604s] -- Up-to-date symlink: /home/das-note-021/amir_kameyama_ws/install/ar_track_alvar_msgs/include/ar_track_alvar_msgs/ar_track_alvar_msgs/msg/alvar_markers.h
[0.604s] -- Up-to-date symlink: /home/das-note-021/amir_kameyama_ws/install/ar_track_alvar_msgs/include/ar_track_alvar_msgs/ar_track_alvar_msgs/msg/detail/alvar_marker__functions.h
[0.604s] -- Up-to-date symlink: /home/das-note-021/amir_kameyama_ws/install/ar_track_alvar_msgs/include/ar_track_alvar_msgs/ar_track_alvar_msgs/msg/detail/alvar_marker__struct.h
[0.604s] -- Up-to-date symlink: /home/das-note-021/amir_kameyama_ws/install/ar_track_alvar_msgs/include/ar_track_alvar_msgs/ar_track_alvar_msgs/msg/detail/alvar_marker__type_support.h
[0.604s] -- Up-to-date symlink: /home/das-note-021/amir_kameyama_ws/install/ar_track_alvar_msgs/include/ar_track_alvar_msgs/ar_track_alvar_msgs/msg/detail/alvar_markers__functions.h
[0.605s] -- Up-to-date symlink: /home/das-note-021/amir_kameyama_ws/install/ar_track_alvar_msgs/include/ar_track_alvar_msgs/ar_track_alvar_msgs/msg/detail/alvar_markers__struct.h
[0.605s] -- Up-to-date symlink: /home/das-note-021/amir_kameyama_ws/install/ar_track_alvar_msgs/include/ar_track_alvar_msgs/ar_track_alvar_msgs/msg/detail/alvar_markers__type_support.h
[0.605s] -- Up-to-date symlink: /home/das-note-021/amir_kameyama_ws/install/ar_track_alvar_msgs/include/ar_track_alvar_msgs/ar_track_alvar_msgs/msg/rosidl_generator_c__visibility_control.h
[0.605s] -- Up-to-date symlink: /home/das-note-021/amir_kameyama_ws/install/ar_track_alvar_msgs/share/ar_track_alvar_msgs/environment/library_path.sh
[0.605s] -- Up-to-date symlink: /home/das-note-021/amir_kameyama_ws/install/ar_track_alvar_msgs/share/ar_track_alvar_msgs/environment/library_path.dsv
[0.605s] -- Up-to-date symlink: /home/das-note-021/amir_kameyama_ws/install/ar_track_alvar_msgs/include/ar_track_alvar_msgs/ar_track_alvar_msgs/msg/detail/alvar_marker__rosidl_typesupport_fastrtps_c.h
[0.605s] -- Up-to-date symlink: /home/das-note-021/amir_kameyama_ws/install/ar_track_alvar_msgs/include/ar_track_alvar_msgs/ar_track_alvar_msgs/msg/detail/alvar_markers__rosidl_typesupport_fastrtps_c.h
[0.605s] -- Up-to-date symlink: /home/das-note-021/amir_kameyama_ws/install/ar_track_alvar_msgs/include/ar_track_alvar_msgs/ar_track_alvar_msgs/msg/rosidl_typesupport_fastrtps_c__visibility_control.h
[0.605s] -- Up-to-date symlink: /home/das-note-021/amir_kameyama_ws/install/ar_track_alvar_msgs/include/ar_track_alvar_msgs/ar_track_alvar_msgs/msg/detail/alvar_marker__rosidl_typesupport_introspection_c.h
[0.605s] -- Up-to-date symlink: /home/das-note-021/amir_kameyama_ws/install/ar_track_alvar_msgs/include/ar_track_alvar_msgs/ar_track_alvar_msgs/msg/detail/alvar_markers__rosidl_typesupport_introspection_c.h
[0.605s] -- Up-to-date symlink: /home/das-note-021/amir_kameyama_ws/install/ar_track_alvar_msgs/include/ar_track_alvar_msgs/ar_track_alvar_msgs/msg/rosidl_typesupport_introspection_c__visibility_control.h
[0.606s] -- Up-to-date symlink: /home/das-note-021/amir_kameyama_ws/install/ar_track_alvar_msgs/include/ar_track_alvar_msgs/ar_track_alvar_msgs/msg/alvar_marker.hpp
[0.606s] -- Up-to-date symlink: /home/das-note-021/amir_kameyama_ws/install/ar_track_alvar_msgs/include/ar_track_alvar_msgs/ar_track_alvar_msgs/msg/alvar_markers.hpp
[0.606s] -- Up-to-date symlink: /home/das-note-021/amir_kameyama_ws/install/ar_track_alvar_msgs/include/ar_track_alvar_msgs/ar_track_alvar_msgs/msg/detail/alvar_marker__builder.hpp
[0.606s] -- Up-to-date symlink: /home/das-note-021/amir_kameyama_ws/install/ar_track_alvar_msgs/include/ar_track_alvar_msgs/ar_track_alvar_msgs/msg/detail/alvar_marker__struct.hpp
[0.606s] -- Up-to-date symlink: /home/das-note-021/amir_kameyama_ws/install/ar_track_alvar_msgs/include/ar_track_alvar_msgs/ar_track_alvar_msgs/msg/detail/alvar_marker__traits.hpp
[0.606s] -- Up-to-date symlink: /home/das-note-021/amir_kameyama_ws/install/ar_track_alvar_msgs/include/ar_track_alvar_msgs/ar_track_alvar_msgs/msg/detail/alvar_marker__type_support.hpp
[0.606s] -- Up-to-date symlink: /home/das-note-021/amir_kameyama_ws/install/ar_track_alvar_msgs/include/ar_track_alvar_msgs/ar_track_alvar_msgs/msg/detail/alvar_markers__builder.hpp
[0.606s] -- Up-to-date symlink: /home/das-note-021/amir_kameyama_ws/install/ar_track_alvar_msgs/include/ar_track_alvar_msgs/ar_track_alvar_msgs/msg/detail/alvar_markers__struct.hpp
[0.606s] -- Up-to-date symlink: /home/das-note-021/amir_kameyama_ws/install/ar_track_alvar_msgs/include/ar_track_alvar_msgs/ar_track_alvar_msgs/msg/detail/alvar_markers__traits.hpp
[0.607s] -- Up-to-date symlink: /home/das-note-021/amir_kameyama_ws/install/ar_track_alvar_msgs/include/ar_track_alvar_msgs/ar_track_alvar_msgs/msg/detail/alvar_markers__type_support.hpp
[0.607s] -- Up-to-date symlink: /home/das-note-021/amir_kameyama_ws/install/ar_track_alvar_msgs/include/ar_track_alvar_msgs/ar_track_alvar_msgs/msg/rosidl_generator_cpp__visibility_control.hpp
[0.607s] -- Up-to-date symlink: /home/das-note-021/amir_kameyama_ws/install/ar_track_alvar_msgs/include/ar_track_alvar_msgs/ar_track_alvar_msgs/msg/detail/alvar_marker__rosidl_typesupport_fastrtps_cpp.hpp
[0.607s] -- Up-to-date symlink: /home/das-note-021/amir_kameyama_ws/install/ar_track_alvar_msgs/include/ar_track_alvar_msgs/ar_track_alvar_msgs/msg/detail/alvar_markers__rosidl_typesupport_fastrtps_cpp.hpp
[0.607s] -- Up-to-date symlink: /home/das-note-021/amir_kameyama_ws/install/ar_track_alvar_msgs/include/ar_track_alvar_msgs/ar_track_alvar_msgs/msg/rosidl_typesupport_fastrtps_cpp__visibility_control.h
[0.608s] -- Up-to-date symlink: /home/das-note-021/amir_kameyama_ws/install/ar_track_alvar_msgs/include/ar_track_alvar_msgs/ar_track_alvar_msgs/msg/detail/alvar_marker__rosidl_typesupport_introspection_cpp.hpp
[0.608s] -- Up-to-date symlink: /home/das-note-021/amir_kameyama_ws/install/ar_track_alvar_msgs/include/ar_track_alvar_msgs/ar_track_alvar_msgs/msg/detail/alvar_markers__rosidl_typesupport_introspection_cpp.hpp
[0.608s] -- Up-to-date symlink: /home/das-note-021/amir_kameyama_ws/install/ar_track_alvar_msgs/share/ar_track_alvar_msgs/environment/pythonpath.sh
[0.608s] -- Up-to-date symlink: /home/das-note-021/amir_kameyama_ws/install/ar_track_alvar_msgs/share/ar_track_alvar_msgs/environment/pythonpath.dsv
[0.608s] -- Up-to-date symlink: /home/das-note-021/amir_kameyama_ws/install/ar_track_alvar_msgs/local/lib/python3.10/dist-packages/ar_track_alvar_msgs-0.7.1-py3.10.egg-info/PKG-INFO
[0.608s] -- Up-to-date symlink: /home/das-note-021/amir_kameyama_ws/install/ar_track_alvar_msgs/local/lib/python3.10/dist-packages/ar_track_alvar_msgs-0.7.1-py3.10.egg-info/SOURCES.txt
[0.608s] -- Up-to-date symlink: /home/das-note-021/amir_kameyama_ws/install/ar_track_alvar_msgs/local/lib/python3.10/dist-packages/ar_track_alvar_msgs-0.7.1-py3.10.egg-info/dependency_links.txt
[0.608s] -- Up-to-date symlink: /home/das-note-021/amir_kameyama_ws/install/ar_track_alvar_msgs/local/lib/python3.10/dist-packages/ar_track_alvar_msgs-0.7.1-py3.10.egg-info/top_level.txt
[0.608s] -- Up-to-date symlink: /home/das-note-021/amir_kameyama_ws/install/ar_track_alvar_msgs/local/lib/python3.10/dist-packages/ar_track_alvar_msgs/__init__.py
[0.608s] -- Up-to-date symlink: /home/das-note-021/amir_kameyama_ws/install/ar_track_alvar_msgs/local/lib/python3.10/dist-packages/ar_track_alvar_msgs/_ar_track_alvar_msgs_s.ep.rosidl_typesupport_c.c
[0.608s] -- Up-to-date symlink: /home/das-note-021/amir_kameyama_ws/install/ar_track_alvar_msgs/local/lib/python3.10/dist-packages/ar_track_alvar_msgs/_ar_track_alvar_msgs_s.ep.rosidl_typesupport_fastrtps_c.c
[0.608s] -- Up-to-date symlink: /home/das-note-021/amir_kameyama_ws/install/ar_track_alvar_msgs/local/lib/python3.10/dist-packages/ar_track_alvar_msgs/_ar_track_alvar_msgs_s.ep.rosidl_typesupport_introspection_c.c
[0.608s] -- Up-to-date symlink: /home/das-note-021/amir_kameyama_ws/install/ar_track_alvar_msgs/local/lib/python3.10/dist-packages/ar_track_alvar_msgs/ar_track_alvar_msgs_s__rosidl_typesupport_c.cpython-310-x86_64-linux-gnu.so
[0.608s] -- Up-to-date symlink: /home/das-note-021/amir_kameyama_ws/install/ar_track_alvar_msgs/local/lib/python3.10/dist-packages/ar_track_alvar_msgs/ar_track_alvar_msgs_s__rosidl_typesupport_fastrtps_c.cpython-310-x86_64-linux-gnu.so
[0.609s] -- Up-to-date symlink: /home/das-note-021/amir_kameyama_ws/install/ar_track_alvar_msgs/local/lib/python3.10/dist-packages/ar_track_alvar_msgs/ar_track_alvar_msgs_s__rosidl_typesupport_introspection_c.cpython-310-x86_64-linux-gnu.so
[0.609s] -- Up-to-date symlink: /home/das-note-021/amir_kameyama_ws/install/ar_track_alvar_msgs/local/lib/python3.10/dist-packages/ar_track_alvar_msgs/libar_track_alvar_msgs__rosidl_generator_py.so
[0.609s] -- Up-to-date symlink: /home/das-note-021/amir_kameyama_ws/install/ar_track_alvar_msgs/local/lib/python3.10/dist-packages/ar_track_alvar_msgs/msg/__init__.py
[0.609s] -- Up-to-date symlink: /home/das-note-021/amir_kameyama_ws/install/ar_track_alvar_msgs/local/lib/python3.10/dist-packages/ar_track_alvar_msgs/msg/_alvar_marker.py
[0.609s] -- Up-to-date symlink: /home/das-note-021/amir_kameyama_ws/install/ar_track_alvar_msgs/local/lib/python3.10/dist-packages/ar_track_alvar_msgs/msg/_alvar_marker_s.c
[0.609s] -- Up-to-date symlink: /home/das-note-021/amir_kameyama_ws/install/ar_track_alvar_msgs/local/lib/python3.10/dist-packages/ar_track_alvar_msgs/msg/_alvar_markers.py
[0.609s] -- Up-to-date symlink: /home/das-note-021/amir_kameyama_ws/install/ar_track_alvar_msgs/local/lib/python3.10/dist-packages/ar_track_alvar_msgs/msg/_alvar_markers_s.c
[0.609s] -- Up-to-date symlink: /home/das-note-021/amir_kameyama_ws/install/ar_track_alvar_msgs/local/lib/python3.10/dist-packages/ar_track_alvar_msgs/ar_track_alvar_msgs_s__rosidl_typesupport_fastrtps_c.cpython-310-x86_64-linux-gnu.so
[0.609s] -- Up-to-date symlink: /home/das-note-021/amir_kameyama_ws/install/ar_track_alvar_msgs/local/lib/python3.10/dist-packages/ar_track_alvar_msgs/ar_track_alvar_msgs_s__rosidl_typesupport_introspection_c.cpython-310-x86_64-linux-gnu.so
[0.609s] -- Up-to-date symlink: /home/das-note-021/amir_kameyama_ws/install/ar_track_alvar_msgs/local/lib/python3.10/dist-packages/ar_track_alvar_msgs/ar_track_alvar_msgs_s__rosidl_typesupport_c.cpython-310-x86_64-linux-gnu.so
[0.609s] -- Up-to-date symlink: /home/das-note-021/amir_kameyama_ws/install/ar_track_alvar_msgs/share/ar_track_alvar_msgs/msg/AlvarMarker.idl
[0.609s] -- Up-to-date symlink: /home/das-note-021/amir_kameyama_ws/install/ar_track_alvar_msgs/share/ar_track_alvar_msgs/msg/AlvarMarkers.idl
[0.609s] -- Up-to-date symlink: /home/das-note-021/amir_kameyama_ws/install/ar_track_alvar_msgs/share/ar_track_alvar_msgs/msg/AlvarMarker.msg
[0.609s] -- Up-to-date symlink: /home/das-note-021/amir_kameyama_ws/install/ar_track_alvar_msgs/share/ar_track_alvar_msgs/msg/AlvarMarkers.msg
[0.610s] -- Up-to-date symlink: /home/das-note-021/amir_kameyama_ws/install/ar_track_alvar_msgs/share/ament_index/resource_index/package_run_dependencies/ar_track_alvar_msgs
[0.610s] -- Up-to-date symlink: /home/das-note-021/amir_kameyama_ws/install/ar_track_alvar_msgs/share/ament_index/resource_index/parent_prefix_path/ar_track_alvar_msgs
[0.611s] -- Up-to-date symlink: /home/das-note-021/amir_kameyama_ws/install/ar_track_alvar_msgs/share/ar_track_alvar_msgs/environment/ament_prefix_path.sh
[0.611s] -- Up-to-date symlink: /home/das-note-021/amir_kameyama_ws/install/ar_track_alvar_msgs/share/ar_track_alvar_msgs/environment/ament_prefix_path.dsv
[0.611s] -- Up-to-date symlink: /home/das-note-021/amir_kameyama_ws/install/ar_track_alvar_msgs/share/ar_track_alvar_msgs/environment/path.sh
[0.611s] -- Up-to-date symlink: /home/das-note-021/amir_kameyama_ws/install/ar_track_alvar_msgs/share/ar_track_alvar_msgs/environment/path.dsv
[0.611s] -- Up-to-date symlink: /home/das-note-021/amir_kameyama_ws/install/ar_track_alvar_msgs/share/ar_track_alvar_msgs/local_setup.bash
[0.611s] -- Up-to-date symlink: /home/das-note-021/amir_kameyama_ws/install/ar_track_alvar_msgs/share/ar_track_alvar_msgs/local_setup.sh
[0.611s] -- Up-to-date symlink: /home/das-note-021/amir_kameyama_ws/install/ar_track_alvar_msgs/share/ar_track_alvar_msgs/local_setup.zsh
[0.611s] -- Up-to-date symlink: /home/das-note-021/amir_kameyama_ws/install/ar_track_alvar_msgs/share/ar_track_alvar_msgs/local_setup.dsv
[0.611s] -- Symlinking: /home/das-note-021/amir_kameyama_ws/install/ar_track_alvar_msgs/share/ar_track_alvar_msgs/package.dsv
[0.617s] -- Up-to-date symlink: /home/das-note-021/amir_kameyama_ws/install/ar_track_alvar_msgs/share/ament_index/resource_index/packages/ar_track_alvar_msgs
[0.617s] -- Up-to-date symlink: /home/das-note-021/amir_kameyama_ws/install/ar_track_alvar_msgs/share/ar_track_alvar_msgs/cmake/rosidl_cmake-extras.cmake
[0.617s] -- Up-to-date symlink: /home/das-note-021/amir_kameyama_ws/install/ar_track_alvar_msgs/share/ar_track_alvar_msgs/cmake/ament_cmake_export_dependencies-extras.cmake
[0.617s] -- Up-to-date symlink: /home/das-note-021/amir_kameyama_ws/install/ar_track_alvar_msgs/share/ar_track_alvar_msgs/cmake/ament_cmake_export_include_directories-extras.cmake
[0.617s] -- Up-to-date symlink: /home/das-note-021/amir_kameyama_ws/install/ar_track_alvar_msgs/share/ar_track_alvar_msgs/cmake/ament_cmake_export_libraries-extras.cmake
[0.617s] -- Up-to-date symlink: /home/das-note-021/amir_kameyama_ws/install/ar_track_alvar_msgs/share/ar_track_alvar_msgs/cmake/ament_cmake_export_targets-extras.cmake
[0.617s] -- Up-to-date symlink: /home/das-note-021/amir_kameyama_ws/install/ar_track_alvar_msgs/share/ar_track_alvar_msgs/cmake/rosidl_cmake_export_typesupport_targets-extras.cmake
[0.618s] -- Up-to-date symlink: /home/das-note-021/amir_kameyama_ws/install/ar_track_alvar_msgs/share/ar_track_alvar_msgs/cmake/rosidl_cmake_export_typesupport_libraries-extras.cmake
[0.618s] -- Up-to-date symlink: /home/das-note-021/amir_kameyama_ws/install/ar_track_alvar_msgs/share/ar_track_alvar_msgs/cmake/ar_track_alvar_msgsConfig.cmake
[0.618s] -- Up-to-date symlink: /home/das-note-021/amir_kameyama_ws/install/ar_track_alvar_msgs/share/ar_track_alvar_msgs/cmake/ar_track_alvar_msgsConfig-version.cmake
[0.618s] -- Up-to-date symlink: /home/das-note-021/amir_kameyama_ws/install/ar_track_alvar_msgs/share/ar_track_alvar_msgs/package.xml
[0.618s] -- Up-to-date: /home/das-note-021/amir_kameyama_ws/install/ar_track_alvar_msgs/lib/libar_track_alvar_msgs__rosidl_generator_c.so
[0.618s] -- Up-to-date: /home/das-note-021/amir_kameyama_ws/install/ar_track_alvar_msgs/lib/libar_track_alvar_msgs__rosidl_typesupport_fastrtps_c.so
[0.619s] -- Up-to-date: /home/das-note-021/amir_kameyama_ws/install/ar_track_alvar_msgs/lib/libar_track_alvar_msgs__rosidl_typesupport_introspection_c.so
[0.619s] -- Up-to-date: /home/das-note-021/amir_kameyama_ws/install/ar_track_alvar_msgs/lib/libar_track_alvar_msgs__rosidl_typesupport_c.so
[0.619s] -- Up-to-date: /home/das-note-021/amir_kameyama_ws/install/ar_track_alvar_msgs/lib/libar_track_alvar_msgs__rosidl_typesupport_fastrtps_cpp.so
[0.619s] -- Up-to-date: /home/das-note-021/amir_kameyama_ws/install/ar_track_alvar_msgs/lib/libar_track_alvar_msgs__rosidl_typesupport_introspection_cpp.so
[0.619s] -- Up-to-date: /home/das-note-021/amir_kameyama_ws/install/ar_track_alvar_msgs/lib/libar_track_alvar_msgs__rosidl_typesupport_cpp.so
[0.652s] Listing '/home/das-note-021/amir_kameyama_ws/install/ar_track_alvar_msgs/local/lib/python3.10/dist-packages/ar_track_alvar_msgs'...
[0.652s] Listing '/home/das-note-021/amir_kameyama_ws/install/ar_track_alvar_msgs/local/lib/python3.10/dist-packages/ar_track_alvar_msgs/msg'...
[0.657s] -- Up-to-date: /home/das-note-021/amir_kameyama_ws/install/ar_track_alvar_msgs/lib/libar_track_alvar_msgs__rosidl_generator_py.so
[0.657s] -- Up-to-date: /home/das-note-021/amir_kameyama_ws/install/ar_track_alvar_msgs/share/ar_track_alvar_msgs/cmake/export_ar_track_alvar_msgs__rosidl_generator_cExport.cmake
[0.657s] -- Up-to-date: /home/das-note-021/amir_kameyama_ws/install/ar_track_alvar_msgs/share/ar_track_alvar_msgs/cmake/export_ar_track_alvar_msgs__rosidl_generator_cExport-noconfig.cmake
[0.657s] -- Up-to-date: /home/das-note-021/amir_kameyama_ws/install/ar_track_alvar_msgs/share/ar_track_alvar_msgs/cmake/export_ar_track_alvar_msgs__rosidl_typesupport_fastrtps_cExport.cmake
[0.657s] -- Up-to-date: /home/das-note-021/amir_kameyama_ws/install/ar_track_alvar_msgs/share/ar_track_alvar_msgs/cmake/export_ar_track_alvar_msgs__rosidl_typesupport_fastrtps_cExport-noconfig.cmake
[0.657s] -- Up-to-date: /home/das-note-021/amir_kameyama_ws/install/ar_track_alvar_msgs/share/ar_track_alvar_msgs/cmake/ar_track_alvar_msgs__rosidl_typesupport_introspection_cExport.cmake
[0.657s] -- Up-to-date: /home/das-note-021/amir_kameyama_ws/install/ar_track_alvar_msgs/share/ar_track_alvar_msgs/cmake/ar_track_alvar_msgs__rosidl_typesupport_introspection_cExport-noconfig.cmake
[0.657s] -- Up-to-date: /home/das-note-021/amir_kameyama_ws/install/ar_track_alvar_msgs/share/ar_track_alvar_msgs/cmake/ar_track_alvar_msgs__rosidl_typesupport_cExport.cmake
[0.658s] -- Up-to-date: /home/das-note-021/amir_kameyama_ws/install/ar_track_alvar_msgs/share/ar_track_alvar_msgs/cmake/ar_track_alvar_msgs__rosidl_typesupport_cExport-noconfig.cmake
[0.658s] -- Up-to-date: /home/das-note-021/amir_kameyama_ws/install/ar_track_alvar_msgs/share/ar_track_alvar_msgs/cmake/export_ar_track_alvar_msgs__rosidl_generator_cppExport.cmake
[0.658s] -- Up-to-date: /home/das-note-021/amir_kameyama_ws/install/ar_track_alvar_msgs/share/ar_track_alvar_msgs/cmake/export_ar_track_alvar_msgs__rosidl_typesupport_fastrtps_cppExport.cmake
[0.658s] -- Up-to-date: /home/das-note-021/amir_kameyama_ws/install/ar_track_alvar_msgs/share/ar_track_alvar_msgs/cmake/export_ar_track_alvar_msgs__rosidl_typesupport_fastrtps_cppExport-noconfig.cmake
[0.658s] -- Up-to-date: /home/das-note-021/amir_kameyama_ws/install/ar_track_alvar_msgs/share/ar_track_alvar_msgs/cmake/ar_track_alvar_msgs__rosidl_typesupport_introspection_cppExport.cmake
[0.658s] -- Up-to-date: /home/das-note-021/amir_kameyama_ws/install/ar_track_alvar_msgs/share/ar_track_alvar_msgs/cmake/ar_track_alvar_msgs__rosidl_typesupport_introspection_cppExport-noconfig.cmake
[0.658s] -- Up-to-date: /home/das-note-021/amir_kameyama_ws/install/ar_track_alvar_msgs/share/ar_track_alvar_msgs/cmake/ar_track_alvar_msgs__rosidl_typesupport_cppExport.cmake
[0.658s] -- Up-to-date: /home/das-note-021/amir_kameyama_ws/install/ar_track_alvar_msgs/share/ar_track_alvar_msgs/cmake/ar_track_alvar_msgs__rosidl_typesupport_cppExport-noconfig.cmake
[0.658s] -- Up-to-date: /home/das-note-021/amir_kameyama_ws/install/ar_track_alvar_msgs/share/ar_track_alvar_msgs/cmake/export_ar_track_alvar_msgs__rosidl_generator_pyExport.cmake
[0.658s] -- Up-to-date: /home/das-note-021/amir_kameyama_ws/install/ar_track_alvar_msgs/share/ar_track_alvar_msgs/cmake/export_ar_track_alvar_msgs__rosidl_generator_pyExport-noconfig.cmake
[0.667s] Invoked command in '/home/das-note-021/amir_kameyama_ws/build/ar_track_alvar_msgs' returned '0': CMAKE_PREFIX_PATH=${CMAKE_PREFIX_PATH}:/home/das-note-021/amir_kameyama_ws/install/failure_detection:/home/das-note-021/amir_kameyama_ws/install/bt_generator:/home/das-note-021/kameyama_ws/install/ros2_aruco:/home/das-note-021/kameyama_ws/install/failure_detection:/home/das-note-021/kameyama_ws/install/bt_generator:/opt/ros/humble /usr/bin/cmake --install /home/das-note-021/amir_kameyama_ws/build/ar_track_alvar_msgs
