[0.060s] Invoking command in '/home/rover/kameyama_ws/build/line_msg': CMAKE_PREFIX_PATH=${CMAKE_PREFIX_PATH}:/home/rover/amir_basic_ws/install/nav2_simple_commander:/home/rover/amir_basic_ws/install/camera_calibration:/opt/ros/humble /usr/bin/cmake --build /home/rover/kameyama_ws/build/line_msg -- -j12 -l12
[1.220s] [  3%] Built target line_msg__cpp
[1.220s] [ 12%] Built target line_msg__rosidl_generator_c
[1.220s] [ 12%] Built target ament_cmake_python_symlink_line_msg
[1.220s] [ 22%] Built target line_msg__rosidl_typesupport_fastrtps_cpp
[1.220s] [ 32%] Built target line_msg__rosidl_typesupport_c
[1.220s] [ 41%] Built target line_msg__rosidl_typesupport_cpp
[1.220s] [ 51%] Built target line_msg__rosidl_typesupport_fastrtps_c
[1.225s] [ 61%] Built target line_msg__rosidl_typesupport_introspection_cpp
[1.225s] [ 70%] Built target line_msg__rosidl_typesupport_introspection_c
[1.225s] [ 70%] Built target line_msg
[1.225s] [ 74%] Built target line_msg__py
[1.225s] [ 80%] Built target line_msg__rosidl_generator_py
[1.225s] [ 87%] Built target line_msg__rosidl_typesupport_fastrtps_c__pyext
[1.225s] [ 93%] Built target line_msg__rosidl_typesupport_introspection_c__pyext
[1.225s] [100%] Built target line_msg__rosidl_typesupport_c__pyext
[1.226s] running egg_info
[1.261s] writing line_msg.egg-info/PKG-INFO
[1.309s] writing dependency_links to line_msg.egg-info/dependency_links.txt
[1.629s] writing top-level names to line_msg.egg-info/top_level.txt
[1.706s] reading manifest file 'line_msg.egg-info/SOURCES.txt'
[1.706s] writing manifest file 'line_msg.egg-info/SOURCES.txt'
[1.751s] [100%] Built target ament_cmake_python_build_line_msg_egg
[2.148s] Invoked command in '/home/rover/kameyama_ws/build/line_msg' returned '0': CMAKE_PREFIX_PATH=${CMAKE_PREFIX_PATH}:/home/rover/amir_basic_ws/install/nav2_simple_commander:/home/rover/amir_basic_ws/install/camera_calibration:/opt/ros/humble /usr/bin/cmake --build /home/rover/kameyama_ws/build/line_msg -- -j12 -l12
[2.151s] Invoking command in '/home/rover/kameyama_ws/build/line_msg': CMAKE_PREFIX_PATH=${CMAKE_PREFIX_PATH}:/home/rover/amir_basic_ws/install/nav2_simple_commander:/home/rover/amir_basic_ws/install/camera_calibration:/opt/ros/humble /usr/bin/cmake --install /home/rover/kameyama_ws/build/line_msg
[2.238s] -- Install configuration: ""
[2.238s] -- Execute custom install script
[2.238s] -- Up-to-date symlink: /home/rover/kameyama_ws/install/line_msg/share/ament_index/resource_index/rosidl_interfaces/line_msg
[2.238s] -- Up-to-date symlink: /home/rover/kameyama_ws/install/line_msg/include/line_msg/line_msg/msg/box_corner.h
[2.241s] -- Up-to-date symlink: /home/rover/kameyama_ws/install/line_msg/include/line_msg/line_msg/msg/detail/box_corner__functions.h
[2.242s] -- Up-to-date symlink: /home/rover/kameyama_ws/install/line_msg/include/line_msg/line_msg/msg/detail/box_corner__struct.h
[2.242s] -- Up-to-date symlink: /home/rover/kameyama_ws/install/line_msg/include/line_msg/line_msg/msg/detail/box_corner__type_support.h
[2.242s] -- Up-to-date symlink: /home/rover/kameyama_ws/install/line_msg/include/line_msg/line_msg/msg/rosidl_generator_c__visibility_control.h
[2.242s] -- Up-to-date symlink: /home/rover/kameyama_ws/install/line_msg/share/line_msg/environment/library_path.sh
[2.242s] -- Up-to-date symlink: /home/rover/kameyama_ws/install/line_msg/share/line_msg/environment/library_path.dsv
[2.242s] -- Up-to-date symlink: /home/rover/kameyama_ws/install/line_msg/include/line_msg/line_msg/msg/detail/box_corner__rosidl_typesupport_fastrtps_c.h
[2.242s] -- Up-to-date symlink: /home/rover/kameyama_ws/install/line_msg/include/line_msg/line_msg/msg/rosidl_typesupport_fastrtps_c__visibility_control.h
[2.242s] -- Up-to-date symlink: /home/rover/kameyama_ws/install/line_msg/include/line_msg/line_msg/msg/box_corner.hpp
[2.242s] -- Up-to-date symlink: /home/rover/kameyama_ws/install/line_msg/include/line_msg/line_msg/msg/detail/box_corner__builder.hpp
[2.242s] -- Up-to-date symlink: /home/rover/kameyama_ws/install/line_msg/include/line_msg/line_msg/msg/detail/box_corner__struct.hpp
[2.242s] -- Up-to-date symlink: /home/rover/kameyama_ws/install/line_msg/include/line_msg/line_msg/msg/detail/box_corner__traits.hpp
[2.242s] -- Up-to-date symlink: /home/rover/kameyama_ws/install/line_msg/include/line_msg/line_msg/msg/detail/box_corner__type_support.hpp
[2.242s] -- Up-to-date symlink: /home/rover/kameyama_ws/install/line_msg/include/line_msg/line_msg/msg/rosidl_generator_cpp__visibility_control.hpp
[2.242s] -- Up-to-date symlink: /home/rover/kameyama_ws/install/line_msg/include/line_msg/line_msg/msg/detail/box_corner__rosidl_typesupport_fastrtps_cpp.hpp
[2.242s] -- Up-to-date symlink: /home/rover/kameyama_ws/install/line_msg/include/line_msg/line_msg/msg/rosidl_typesupport_fastrtps_cpp__visibility_control.h
[2.242s] -- Up-to-date symlink: /home/rover/kameyama_ws/install/line_msg/include/line_msg/line_msg/msg/detail/box_corner__rosidl_typesupport_introspection_c.h
[2.242s] -- Up-to-date symlink: /home/rover/kameyama_ws/install/line_msg/include/line_msg/line_msg/msg/rosidl_typesupport_introspection_c__visibility_control.h
[2.242s] -- Up-to-date symlink: /home/rover/kameyama_ws/install/line_msg/include/line_msg/line_msg/msg/detail/box_corner__rosidl_typesupport_introspection_cpp.hpp
[2.243s] -- Up-to-date symlink: /home/rover/kameyama_ws/install/line_msg/share/line_msg/environment/pythonpath.sh
[2.243s] -- Up-to-date symlink: /home/rover/kameyama_ws/install/line_msg/share/line_msg/environment/pythonpath.dsv
[2.243s] -- Up-to-date symlink: /home/rover/kameyama_ws/install/line_msg/local/lib/python3.10/dist-packages/line_msg-0.0.0-py3.10.egg-info/PKG-INFO
[2.243s] -- Up-to-date symlink: /home/rover/kameyama_ws/install/line_msg/local/lib/python3.10/dist-packages/line_msg-0.0.0-py3.10.egg-info/SOURCES.txt
[2.243s] -- Up-to-date symlink: /home/rover/kameyama_ws/install/line_msg/local/lib/python3.10/dist-packages/line_msg-0.0.0-py3.10.egg-info/dependency_links.txt
[2.243s] -- Up-to-date symlink: /home/rover/kameyama_ws/install/line_msg/local/lib/python3.10/dist-packages/line_msg-0.0.0-py3.10.egg-info/top_level.txt
[2.244s] -- Up-to-date symlink: /home/rover/kameyama_ws/install/line_msg/local/lib/python3.10/dist-packages/line_msg/__init__.py
[2.244s] -- Up-to-date symlink: /home/rover/kameyama_ws/install/line_msg/local/lib/python3.10/dist-packages/line_msg/_line_msg_s.ep.rosidl_typesupport_c.c
[2.244s] -- Up-to-date symlink: /home/rover/kameyama_ws/install/line_msg/local/lib/python3.10/dist-packages/line_msg/_line_msg_s.ep.rosidl_typesupport_fastrtps_c.c
[2.245s] -- Up-to-date symlink: /home/rover/kameyama_ws/install/line_msg/local/lib/python3.10/dist-packages/line_msg/_line_msg_s.ep.rosidl_typesupport_introspection_c.c
[2.248s] -- Up-to-date symlink: /home/rover/kameyama_ws/install/line_msg/local/lib/python3.10/dist-packages/line_msg/libline_msg__rosidl_generator_py.so
[2.249s] -- Up-to-date symlink: /home/rover/kameyama_ws/install/line_msg/local/lib/python3.10/dist-packages/line_msg/line_msg_s__rosidl_typesupport_c.cpython-310-x86_64-linux-gnu.so
[2.256s] -- Up-to-date symlink: /home/rover/kameyama_ws/install/line_msg/local/lib/python3.10/dist-packages/line_msg/line_msg_s__rosidl_typesupport_fastrtps_c.cpython-310-x86_64-linux-gnu.so
[2.259s] -- Up-to-date symlink: /home/rover/kameyama_ws/install/line_msg/local/lib/python3.10/dist-packages/line_msg/line_msg_s__rosidl_typesupport_introspection_c.cpython-310-x86_64-linux-gnu.so
[2.259s] -- Up-to-date symlink: /home/rover/kameyama_ws/install/line_msg/local/lib/python3.10/dist-packages/line_msg/msg/__init__.py
[2.259s] -- Up-to-date symlink: /home/rover/kameyama_ws/install/line_msg/local/lib/python3.10/dist-packages/line_msg/msg/_box_corner.py
[2.259s] -- Up-to-date symlink: /home/rover/kameyama_ws/install/line_msg/local/lib/python3.10/dist-packages/line_msg/msg/_box_corner_s.c
[2.261s] -- Up-to-date symlink: /home/rover/kameyama_ws/install/line_msg/local/lib/python3.10/dist-packages/line_msg/line_msg_s__rosidl_typesupport_fastrtps_c.cpython-310-x86_64-linux-gnu.so
[2.261s] -- Up-to-date symlink: /home/rover/kameyama_ws/install/line_msg/local/lib/python3.10/dist-packages/line_msg/line_msg_s__rosidl_typesupport_introspection_c.cpython-310-x86_64-linux-gnu.so
[2.261s] -- Up-to-date symlink: /home/rover/kameyama_ws/install/line_msg/local/lib/python3.10/dist-packages/line_msg/line_msg_s__rosidl_typesupport_c.cpython-310-x86_64-linux-gnu.so
[2.261s] -- Up-to-date symlink: /home/rover/kameyama_ws/install/line_msg/share/line_msg/msg/BoxCorner.idl
[2.261s] -- Up-to-date symlink: /home/rover/kameyama_ws/install/line_msg/share/line_msg/msg/BoxCorner.msg
[2.262s] -- Up-to-date symlink: /home/rover/kameyama_ws/install/line_msg/share/ament_index/resource_index/package_run_dependencies/line_msg
[2.262s] -- Up-to-date symlink: /home/rover/kameyama_ws/install/line_msg/share/ament_index/resource_index/parent_prefix_path/line_msg
[2.262s] -- Up-to-date symlink: /home/rover/kameyama_ws/install/line_msg/share/line_msg/environment/ament_prefix_path.sh
[2.262s] -- Up-to-date symlink: /home/rover/kameyama_ws/install/line_msg/share/line_msg/environment/ament_prefix_path.dsv
[2.262s] -- Up-to-date symlink: /home/rover/kameyama_ws/install/line_msg/share/line_msg/environment/path.sh
[2.262s] -- Up-to-date symlink: /home/rover/kameyama_ws/install/line_msg/share/line_msg/environment/path.dsv
[2.263s] -- Up-to-date symlink: /home/rover/kameyama_ws/install/line_msg/share/line_msg/local_setup.bash
[2.263s] -- Up-to-date symlink: /home/rover/kameyama_ws/install/line_msg/share/line_msg/local_setup.sh
[2.263s] -- Up-to-date symlink: /home/rover/kameyama_ws/install/line_msg/share/line_msg/local_setup.zsh
[2.267s] -- Up-to-date symlink: /home/rover/kameyama_ws/install/line_msg/share/line_msg/local_setup.dsv
[2.270s] -- Symlinking: /home/rover/kameyama_ws/install/line_msg/share/line_msg/package.dsv
[2.291s] -- Up-to-date symlink: /home/rover/kameyama_ws/install/line_msg/share/ament_index/resource_index/packages/line_msg
[2.291s] -- Up-to-date symlink: /home/rover/kameyama_ws/install/line_msg/share/line_msg/cmake/rosidl_cmake-extras.cmake
[2.292s] -- Up-to-date symlink: /home/rover/kameyama_ws/install/line_msg/share/line_msg/cmake/ament_cmake_export_dependencies-extras.cmake
[2.292s] -- Up-to-date symlink: /home/rover/kameyama_ws/install/line_msg/share/line_msg/cmake/ament_cmake_export_include_directories-extras.cmake
[2.292s] -- Up-to-date symlink: /home/rover/kameyama_ws/install/line_msg/share/line_msg/cmake/ament_cmake_export_libraries-extras.cmake
[2.292s] -- Up-to-date symlink: /home/rover/kameyama_ws/install/line_msg/share/line_msg/cmake/ament_cmake_export_targets-extras.cmake
[2.293s] -- Up-to-date symlink: /home/rover/kameyama_ws/install/line_msg/share/line_msg/cmake/rosidl_cmake_export_typesupport_targets-extras.cmake
[2.295s] -- Up-to-date symlink: /home/rover/kameyama_ws/install/line_msg/share/line_msg/cmake/rosidl_cmake_export_typesupport_libraries-extras.cmake
[2.295s] -- Up-to-date symlink: /home/rover/kameyama_ws/install/line_msg/share/line_msg/cmake/line_msgConfig.cmake
[2.296s] -- Up-to-date symlink: /home/rover/kameyama_ws/install/line_msg/share/line_msg/cmake/line_msgConfig-version.cmake
[2.297s] -- Up-to-date symlink: /home/rover/kameyama_ws/install/line_msg/share/line_msg/package.xml
[2.297s] -- Up-to-date: /home/rover/kameyama_ws/install/line_msg/lib/libline_msg__rosidl_generator_c.so
[2.297s] -- Up-to-date: /home/rover/kameyama_ws/install/line_msg/lib/libline_msg__rosidl_typesupport_fastrtps_c.so
[2.298s] -- Up-to-date: /home/rover/kameyama_ws/install/line_msg/lib/libline_msg__rosidl_typesupport_fastrtps_cpp.so
[2.298s] -- Up-to-date: /home/rover/kameyama_ws/install/line_msg/lib/libline_msg__rosidl_typesupport_introspection_c.so
[2.298s] -- Up-to-date: /home/rover/kameyama_ws/install/line_msg/lib/libline_msg__rosidl_typesupport_c.so
[2.298s] -- Up-to-date: /home/rover/kameyama_ws/install/line_msg/lib/libline_msg__rosidl_typesupport_introspection_cpp.so
[2.303s] -- Up-to-date: /home/rover/kameyama_ws/install/line_msg/lib/libline_msg__rosidl_typesupport_cpp.so
[2.324s] Listing '/home/rover/kameyama_ws/install/line_msg/local/lib/python3.10/dist-packages/line_msg'...
[2.324s] Listing '/home/rover/kameyama_ws/install/line_msg/local/lib/python3.10/dist-packages/line_msg/msg'...
[2.325s] -- Up-to-date: /home/rover/kameyama_ws/install/line_msg/lib/libline_msg__rosidl_generator_py.so
[2.326s] -- Up-to-date: /home/rover/kameyama_ws/install/line_msg/share/line_msg/cmake/export_line_msg__rosidl_generator_cExport.cmake
[2.326s] -- Up-to-date: /home/rover/kameyama_ws/install/line_msg/share/line_msg/cmake/export_line_msg__rosidl_generator_cExport-noconfig.cmake
[2.327s] -- Up-to-date: /home/rover/kameyama_ws/install/line_msg/share/line_msg/cmake/export_line_msg__rosidl_typesupport_fastrtps_cExport.cmake
[2.327s] -- Up-to-date: /home/rover/kameyama_ws/install/line_msg/share/line_msg/cmake/export_line_msg__rosidl_typesupport_fastrtps_cExport-noconfig.cmake
[2.328s] -- Up-to-date: /home/rover/kameyama_ws/install/line_msg/share/line_msg/cmake/export_line_msg__rosidl_generator_cppExport.cmake
[2.330s] -- Up-to-date: /home/rover/kameyama_ws/install/line_msg/share/line_msg/cmake/export_line_msg__rosidl_typesupport_fastrtps_cppExport.cmake
[2.330s] -- Up-to-date: /home/rover/kameyama_ws/install/line_msg/share/line_msg/cmake/export_line_msg__rosidl_typesupport_fastrtps_cppExport-noconfig.cmake
[2.331s] -- Up-to-date: /home/rover/kameyama_ws/install/line_msg/share/line_msg/cmake/line_msg__rosidl_typesupport_introspection_cExport.cmake
[2.331s] -- Up-to-date: /home/rover/kameyama_ws/install/line_msg/share/line_msg/cmake/line_msg__rosidl_typesupport_introspection_cExport-noconfig.cmake
[2.331s] -- Up-to-date: /home/rover/kameyama_ws/install/line_msg/share/line_msg/cmake/line_msg__rosidl_typesupport_cExport.cmake
[2.331s] -- Up-to-date: /home/rover/kameyama_ws/install/line_msg/share/line_msg/cmake/line_msg__rosidl_typesupport_cExport-noconfig.cmake
[2.331s] -- Up-to-date: /home/rover/kameyama_ws/install/line_msg/share/line_msg/cmake/line_msg__rosidl_typesupport_introspection_cppExport.cmake
[2.331s] -- Up-to-date: /home/rover/kameyama_ws/install/line_msg/share/line_msg/cmake/line_msg__rosidl_typesupport_introspection_cppExport-noconfig.cmake
[2.335s] -- Up-to-date: /home/rover/kameyama_ws/install/line_msg/share/line_msg/cmake/line_msg__rosidl_typesupport_cppExport.cmake
[2.335s] -- Up-to-date: /home/rover/kameyama_ws/install/line_msg/share/line_msg/cmake/line_msg__rosidl_typesupport_cppExport-noconfig.cmake
[2.335s] -- Up-to-date: /home/rover/kameyama_ws/install/line_msg/share/line_msg/cmake/export_line_msg__rosidl_generator_pyExport.cmake
[2.335s] -- Up-to-date: /home/rover/kameyama_ws/install/line_msg/share/line_msg/cmake/export_line_msg__rosidl_generator_pyExport-noconfig.cmake
[2.400s] Invoked command in '/home/rover/kameyama_ws/build/line_msg' returned '0': CMAKE_PREFIX_PATH=${CMAKE_PREFIX_PATH}:/home/rover/amir_basic_ws/install/nav2_simple_commander:/home/rover/amir_basic_ws/install/camera_calibration:/opt/ros/humble /usr/bin/cmake --install /home/rover/kameyama_ws/build/line_msg
