[0.043s] Invoking command in '/home/rover/kameyama_ws/build/line_msg': CMAKE_PREFIX_PATH=${CMAKE_PREFIX_PATH}:/home/rover/amir_basic_ws/install/nav2_simple_commander:/home/rover/amir_basic_ws/install/camera_calibration:/opt/ros/humble /usr/bin/cmake /home/rover/kameyama_ws/src/line_msg -DAMENT_CMAKE_SYMLINK_INSTALL=1 -DCMAKE_INSTALL_PREFIX=/home/rover/kameyama_ws/install/line_msg
[0.714s] -- The C compiler identification is GNU 11.4.0
[0.714s] -- The CXX compiler identification is GNU 11.4.0
[0.714s] -- Detecting C compiler ABI info
[0.714s] -- Detecting C compiler ABI info - done
[0.714s] -- Check for working C compiler: /usr/bin/cc - skipped
[0.714s] -- Detecting C compile features
[0.714s] -- Detecting C compile features - done
[0.714s] -- Detecting CXX compiler ABI info
[0.714s] -- Detecting CXX compiler ABI info - done
[0.714s] -- Check for working CXX compiler: /usr/bin/c++ - skipped
[0.714s] -- Detecting CXX compile features
[0.714s] -- Detecting CXX compile features - done
[0.714s] -- Found ament_cmake: 1.3.11 (/opt/ros/humble/share/ament_cmake/cmake)
[1.103s] -- Found Python3: /usr/bin/python3 (found version "3.10.12") found components: Interpreter 
[1.166s] -- Override CMake install command with custom implementation using symlinks instead of copying resources
[1.274s] -- Found rclcpp: 16.0.11 (/opt/ros/humble/share/rclcpp/cmake)
[1.377s] -- Found rosidl_generator_c: 3.1.6 (/opt/ros/humble/share/rosidl_generator_c/cmake)
[1.394s] -- Found rosidl_adapter: 3.1.6 (/opt/ros/humble/share/rosidl_adapter/cmake)
[1.414s] -- Found rosidl_generator_cpp: 3.1.6 (/opt/ros/humble/share/rosidl_generator_cpp/cmake)
[1.438s] -- Using all available rosidl_typesupport_c: rosidl_typesupport_fastrtps_c;rosidl_typesupport_introspection_c
[1.473s] -- Using all available rosidl_typesupport_cpp: rosidl_typesupport_fastrtps_cpp;rosidl_typesupport_introspection_cpp
[1.579s] -- Found rmw_implementation_cmake: 6.1.2 (/opt/ros/humble/share/rmw_implementation_cmake/cmake)
[1.590s] -- Found rmw_fastrtps_cpp: 6.2.7 (/opt/ros/humble/share/rmw_fastrtps_cpp/cmake)
[1.799s] -- Found OpenSSL: /usr/lib/x86_64-linux-gnu/libcrypto.so (found version "3.0.2")  
[1.842s] -- Found FastRTPS: /opt/ros/humble/include  
[1.917s] -- Using RMW implementation 'rmw_fastrtps_cpp' as default
[1.962s] -- Looking for pthread.h
[2.108s] -- Looking for pthread.h - found
[2.108s] -- Performing Test CMAKE_HAVE_LIBC_PTHREAD
[2.223s] -- Performing Test CMAKE_HAVE_LIBC_PTHREAD - Success
[2.225s] -- Found Threads: TRUE  
[2.310s] -- Found geometry_msgs: 4.2.4 (/opt/ros/humble/share/geometry_msgs/cmake)
[2.330s] -- Found rosidl_default_generators: 1.2.0 (/opt/ros/humble/share/rosidl_default_generators/cmake)
[2.696s] -- Found ament_cmake_ros: 0.10.0 (/opt/ros/humble/share/ament_cmake_ros/cmake)
[3.242s] -- Using all available rosidl_typesupport_c: rosidl_typesupport_fastrtps_c;rosidl_typesupport_introspection_c
[3.552s] -- Using all available rosidl_typesupport_cpp: rosidl_typesupport_fastrtps_cpp;rosidl_typesupport_introspection_cpp
[3.594s] -- Found PythonInterp: /usr/bin/python3 (found suitable version "3.10.12", minimum required is "3.6") 
[3.613s] -- Found python_cmake_module: 0.10.0 (/opt/ros/humble/share/python_cmake_module/cmake)
[3.688s] -- Found PythonLibs: /usr/lib/x86_64-linux-gnu/libpython3.10.so (found suitable version "3.10.12", minimum required is "3.5") 
[3.688s] -- Using PYTHON_EXECUTABLE: /usr/bin/python3
[3.688s] -- Using PYTHON_INCLUDE_DIRS: /usr/include/python3.10
[3.688s] -- Using PYTHON_LIBRARIES: /usr/lib/x86_64-linux-gnu/libpython3.10.so
[3.741s] -- Found PythonExtra: .so  
[3.956s] -- Found ament_lint_auto: 0.12.11 (/opt/ros/humble/share/ament_lint_auto/cmake)
[4.178s] -- Added test 'lint_cmake' to check CMake code style
[4.178s] -- Added test 'xmllint' to check XML markup files
[4.198s] -- Configuring done
[4.372s] -- Generating done
[4.418s] -- Build files have been written to: /home/rover/kameyama_ws/build/line_msg
[4.495s] Invoked command in '/home/rover/kameyama_ws/build/line_msg' returned '0': CMAKE_PREFIX_PATH=${CMAKE_PREFIX_PATH}:/home/rover/amir_basic_ws/install/nav2_simple_commander:/home/rover/amir_basic_ws/install/camera_calibration:/opt/ros/humble /usr/bin/cmake /home/rover/kameyama_ws/src/line_msg -DAMENT_CMAKE_SYMLINK_INSTALL=1 -DCMAKE_INSTALL_PREFIX=/home/rover/kameyama_ws/install/line_msg
[4.495s] Invoking command in '/home/rover/kameyama_ws/build/line_msg': CMAKE_PREFIX_PATH=${CMAKE_PREFIX_PATH}:/home/rover/amir_basic_ws/install/nav2_simple_commander:/home/rover/amir_basic_ws/install/camera_calibration:/opt/ros/humble /usr/bin/cmake --build /home/rover/kameyama_ws/build/line_msg -- -j12 -l12
[8.137s] [  3%] [34m[1mGenerating C code for ROS interfaces[0m
[8.138s] [  6%] [34m[1mGenerating C++ code for ROS interfaces[0m
[8.138s] [  6%] Built target ament_cmake_python_symlink_line_msg
[8.138s] [  9%] [32mBuilding C object CMakeFiles/line_msg__rosidl_generator_c.dir/rosidl_generator_c/line_msg/msg/detail/box_corner__functions.c.o[0m
[8.138s] [ 12%] [32m[1mLinking C shared library libline_msg__rosidl_generator_c.so[0m
[8.138s] [ 12%] Built target line_msg__cpp
[8.138s] [ 12%] Built target line_msg__rosidl_generator_c
[8.138s] [ 16%] [34m[1mGenerating C++ type support dispatch for ROS interfaces[0m
[8.138s] [ 19%] [34m[1mGenerating C++ introspection for ROS interfaces[0m
[8.138s] [ 22%] [34m[1mGenerating C type support dispatch for ROS interfaces[0m
[8.138s] [ 25%] [34m[1mGenerating C++ type support for eProsima Fast-RTPS[0m
[8.138s] [ 29%] [34m[1mGenerating C type support for eProsima Fast-RTPS[0m
[8.138s] [ 32%] [34m[1mGenerating C introspection for ROS interfaces[0m
[8.138s] running egg_info
[8.138s] creating line_msg.egg-info
[8.138s] writing line_msg.egg-info/PKG-INFO
[8.138s] writing dependency_links to line_msg.egg-info/dependency_links.txt
[8.138s] [ 35%] [32mBuilding CXX object CMakeFiles/line_msg__rosidl_typesupport_c.dir/rosidl_typesupport_c/line_msg/msg/box_corner__type_support.cpp.o[0m
[8.138s] [ 38%] [32mBuilding CXX object CMakeFiles/line_msg__rosidl_typesupport_introspection_cpp.dir/rosidl_typesupport_introspection_cpp/line_msg/msg/detail/box_corner__type_support.cpp.o[0m
[8.138s] [ 41%] [32mBuilding CXX object CMakeFiles/line_msg__rosidl_typesupport_fastrtps_c.dir/rosidl_typesupport_fastrtps_c/line_msg/msg/detail/box_corner__type_support_c.cpp.o[0m
[8.138s] [ 45%] [32mBuilding CXX object CMakeFiles/line_msg__rosidl_typesupport_fastrtps_cpp.dir/rosidl_typesupport_fastrtps_cpp/line_msg/msg/detail/dds_fastrtps/box_corner__type_support.cpp.o[0m
[8.138s] [ 48%] [32mBuilding CXX object CMakeFiles/line_msg__rosidl_typesupport_cpp.dir/rosidl_typesupport_cpp/line_msg/msg/box_corner__type_support.cpp.o[0m
[8.138s] [ 51%] [32m[1mLinking CXX shared library libline_msg__rosidl_typesupport_c.so[0m
[8.138s] [ 54%] [32mBuilding C object CMakeFiles/line_msg__rosidl_typesupport_introspection_c.dir/rosidl_typesupport_introspection_c/line_msg/msg/detail/box_corner__type_support.c.o[0m
[8.139s] [ 58%] [32m[1mLinking C shared library libline_msg__rosidl_typesupport_introspection_c.so[0m
[8.139s] [ 58%] Built target line_msg__rosidl_typesupport_c
[8.139s] [ 58%] Built target line_msg__rosidl_typesupport_introspection_c
[8.139s] [ 61%] [32m[1mLinking CXX shared library libline_msg__rosidl_typesupport_fastrtps_c.so[0m
[8.139s] [ 64%] [32m[1mLinking CXX shared library libline_msg__rosidl_typesupport_introspection_cpp.so[0m
[8.139s] writing top-level names to line_msg.egg-info/top_level.txt
[8.139s] writing manifest file 'line_msg.egg-info/SOURCES.txt'
[8.139s] [ 64%] Built target line_msg__rosidl_typesupport_introspection_cpp
[8.139s] [ 67%] [32m[1mLinking CXX shared library libline_msg__rosidl_typesupport_cpp.so[0m
[8.148s] [ 67%] Built target line_msg__rosidl_typesupport_fastrtps_c
[8.170s] [ 67%] Built target line_msg__rosidl_typesupport_cpp
[8.299s] reading manifest file 'line_msg.egg-info/SOURCES.txt'
[8.300s] writing manifest file 'line_msg.egg-info/SOURCES.txt'
[8.434s] [ 70%] [32m[1mLinking CXX shared library libline_msg__rosidl_typesupport_fastrtps_cpp.so[0m
[8.530s] [ 70%] Built target ament_cmake_python_build_line_msg_egg
[8.743s] [ 70%] Built target line_msg__rosidl_typesupport_fastrtps_cpp
[8.896s] [ 70%] Built target line_msg
[9.004s] [ 74%] [34m[1mGenerating Python code for ROS interfaces[0m
[10.111s] [ 74%] Built target line_msg__py
[10.204s] [ 77%] [32mBuilding C object CMakeFiles/line_msg__rosidl_generator_py.dir/rosidl_generator_py/line_msg/msg/_box_corner_s.c.o[0m
[10.488s] [ 80%] [32m[1mLinking C shared library rosidl_generator_py/line_msg/libline_msg__rosidl_generator_py.so[0m
[10.665s] [ 80%] Built target line_msg__rosidl_generator_py
[10.763s] [ 83%] [32mBuilding C object CMakeFiles/line_msg__rosidl_typesupport_c__pyext.dir/rosidl_generator_py/line_msg/_line_msg_s.ep.rosidl_typesupport_c.c.o[0m
[10.767s] [ 87%] [32mBuilding C object CMakeFiles/line_msg__rosidl_typesupport_fastrtps_c__pyext.dir/rosidl_generator_py/line_msg/_line_msg_s.ep.rosidl_typesupport_fastrtps_c.c.o[0m
[10.776s] [ 90%] [32mBuilding C object CMakeFiles/line_msg__rosidl_typesupport_introspection_c__pyext.dir/rosidl_generator_py/line_msg/_line_msg_s.ep.rosidl_typesupport_introspection_c.c.o[0m
[10.965s] [ 93%] [32m[1mLinking C shared library rosidl_generator_py/line_msg/line_msg_s__rosidl_typesupport_fastrtps_c.cpython-310-x86_64-linux-gnu.so[0m
[10.965s] [ 96%] [32m[1mLinking C shared library rosidl_generator_py/line_msg/line_msg_s__rosidl_typesupport_introspection_c.cpython-310-x86_64-linux-gnu.so[0m
[10.999s] [100%] [32m[1mLinking C shared library rosidl_generator_py/line_msg/line_msg_s__rosidl_typesupport_c.cpython-310-x86_64-linux-gnu.so[0m
[11.084s] [100%] Built target line_msg__rosidl_typesupport_fastrtps_c__pyext
[11.111s] [100%] Built target line_msg__rosidl_typesupport_introspection_c__pyext
[11.126s] [100%] Built target line_msg__rosidl_typesupport_c__pyext
[12.049s] Invoked command in '/home/rover/kameyama_ws/build/line_msg' returned '0': CMAKE_PREFIX_PATH=${CMAKE_PREFIX_PATH}:/home/rover/amir_basic_ws/install/nav2_simple_commander:/home/rover/amir_basic_ws/install/camera_calibration:/opt/ros/humble /usr/bin/cmake --build /home/rover/kameyama_ws/build/line_msg -- -j12 -l12
[12.049s] Invoking command in '/home/rover/kameyama_ws/build/line_msg': CMAKE_PREFIX_PATH=${CMAKE_PREFIX_PATH}:/home/rover/amir_basic_ws/install/nav2_simple_commander:/home/rover/amir_basic_ws/install/camera_calibration:/opt/ros/humble /usr/bin/cmake --install /home/rover/kameyama_ws/build/line_msg
[12.066s] -- Install configuration: ""
[12.066s] -- Execute custom install script
[12.066s] -- Symlinking: /home/rover/kameyama_ws/install/line_msg/share/ament_index/resource_index/rosidl_interfaces/line_msg
[12.088s] -- Symlinking: /home/rover/kameyama_ws/install/line_msg/include/line_msg/line_msg/msg/box_corner.h
[12.116s] -- Symlinking: /home/rover/kameyama_ws/install/line_msg/include/line_msg/line_msg/msg/detail/box_corner__functions.h
[12.130s] -- Symlinking: /home/rover/kameyama_ws/install/line_msg/include/line_msg/line_msg/msg/detail/box_corner__struct.h
[12.161s] -- Symlinking: /home/rover/kameyama_ws/install/line_msg/include/line_msg/line_msg/msg/detail/box_corner__type_support.h
[12.168s] -- Symlinking: /home/rover/kameyama_ws/install/line_msg/include/line_msg/line_msg/msg/rosidl_generator_c__visibility_control.h
[12.184s] -- Symlinking: /home/rover/kameyama_ws/install/line_msg/share/line_msg/environment/library_path.sh
[12.210s] -- Symlinking: /home/rover/kameyama_ws/install/line_msg/share/line_msg/environment/library_path.dsv
[12.225s] -- Symlinking: /home/rover/kameyama_ws/install/line_msg/include/line_msg/line_msg/msg/detail/box_corner__rosidl_typesupport_fastrtps_c.h
[12.240s] -- Symlinking: /home/rover/kameyama_ws/install/line_msg/include/line_msg/line_msg/msg/rosidl_typesupport_fastrtps_c__visibility_control.h
[12.256s] -- Symlinking: /home/rover/kameyama_ws/install/line_msg/include/line_msg/line_msg/msg/box_corner.hpp
[12.285s] -- Symlinking: /home/rover/kameyama_ws/install/line_msg/include/line_msg/line_msg/msg/detail/box_corner__builder.hpp
[12.312s] -- Symlinking: /home/rover/kameyama_ws/install/line_msg/include/line_msg/line_msg/msg/detail/box_corner__struct.hpp
[12.327s] -- Symlinking: /home/rover/kameyama_ws/install/line_msg/include/line_msg/line_msg/msg/detail/box_corner__traits.hpp
[12.343s] -- Symlinking: /home/rover/kameyama_ws/install/line_msg/include/line_msg/line_msg/msg/detail/box_corner__type_support.hpp
[12.364s] -- Symlinking: /home/rover/kameyama_ws/install/line_msg/include/line_msg/line_msg/msg/rosidl_generator_cpp__visibility_control.hpp
[12.386s] -- Symlinking: /home/rover/kameyama_ws/install/line_msg/include/line_msg/line_msg/msg/detail/box_corner__rosidl_typesupport_fastrtps_cpp.hpp
[12.418s] -- Symlinking: /home/rover/kameyama_ws/install/line_msg/include/line_msg/line_msg/msg/rosidl_typesupport_fastrtps_cpp__visibility_control.h
[12.434s] -- Symlinking: /home/rover/kameyama_ws/install/line_msg/include/line_msg/line_msg/msg/detail/box_corner__rosidl_typesupport_introspection_c.h
[12.448s] -- Symlinking: /home/rover/kameyama_ws/install/line_msg/include/line_msg/line_msg/msg/rosidl_typesupport_introspection_c__visibility_control.h
[12.462s] -- Symlinking: /home/rover/kameyama_ws/install/line_msg/include/line_msg/line_msg/msg/detail/box_corner__rosidl_typesupport_introspection_cpp.hpp
[12.479s] -- Symlinking: /home/rover/kameyama_ws/install/line_msg/share/line_msg/environment/pythonpath.sh
[12.500s] -- Symlinking: /home/rover/kameyama_ws/install/line_msg/share/line_msg/environment/pythonpath.dsv
[12.532s] -- Symlinking: /home/rover/kameyama_ws/install/line_msg/local/lib/python3.10/dist-packages/line_msg-0.0.0-py3.10.egg-info/PKG-INFO
[12.563s] -- Symlinking: /home/rover/kameyama_ws/install/line_msg/local/lib/python3.10/dist-packages/line_msg-0.0.0-py3.10.egg-info/SOURCES.txt
[12.591s] -- Symlinking: /home/rover/kameyama_ws/install/line_msg/local/lib/python3.10/dist-packages/line_msg-0.0.0-py3.10.egg-info/dependency_links.txt
[12.630s] -- Symlinking: /home/rover/kameyama_ws/install/line_msg/local/lib/python3.10/dist-packages/line_msg-0.0.0-py3.10.egg-info/top_level.txt
[12.652s] -- Symlinking: /home/rover/kameyama_ws/install/line_msg/local/lib/python3.10/dist-packages/line_msg/__init__.py
[12.671s] -- Symlinking: /home/rover/kameyama_ws/install/line_msg/local/lib/python3.10/dist-packages/line_msg/_line_msg_s.ep.rosidl_typesupport_c.c
[12.686s] -- Symlinking: /home/rover/kameyama_ws/install/line_msg/local/lib/python3.10/dist-packages/line_msg/_line_msg_s.ep.rosidl_typesupport_fastrtps_c.c
[12.701s] -- Symlinking: /home/rover/kameyama_ws/install/line_msg/local/lib/python3.10/dist-packages/line_msg/_line_msg_s.ep.rosidl_typesupport_introspection_c.c
[12.717s] -- Symlinking: /home/rover/kameyama_ws/install/line_msg/local/lib/python3.10/dist-packages/line_msg/libline_msg__rosidl_generator_py.so
[12.733s] -- Symlinking: /home/rover/kameyama_ws/install/line_msg/local/lib/python3.10/dist-packages/line_msg/line_msg_s__rosidl_typesupport_c.cpython-310-x86_64-linux-gnu.so
[12.749s] -- Symlinking: /home/rover/kameyama_ws/install/line_msg/local/lib/python3.10/dist-packages/line_msg/line_msg_s__rosidl_typesupport_fastrtps_c.cpython-310-x86_64-linux-gnu.so
[12.765s] -- Symlinking: /home/rover/kameyama_ws/install/line_msg/local/lib/python3.10/dist-packages/line_msg/line_msg_s__rosidl_typesupport_introspection_c.cpython-310-x86_64-linux-gnu.so
[12.783s] -- Symlinking: /home/rover/kameyama_ws/install/line_msg/local/lib/python3.10/dist-packages/line_msg/msg/__init__.py
[12.802s] -- Symlinking: /home/rover/kameyama_ws/install/line_msg/local/lib/python3.10/dist-packages/line_msg/msg/_box_corner.py
[12.823s] -- Symlinking: /home/rover/kameyama_ws/install/line_msg/local/lib/python3.10/dist-packages/line_msg/msg/_box_corner_s.c
[12.841s] -- Up-to-date symlink: /home/rover/kameyama_ws/install/line_msg/local/lib/python3.10/dist-packages/line_msg/line_msg_s__rosidl_typesupport_fastrtps_c.cpython-310-x86_64-linux-gnu.so
[12.841s] -- Up-to-date symlink: /home/rover/kameyama_ws/install/line_msg/local/lib/python3.10/dist-packages/line_msg/line_msg_s__rosidl_typesupport_introspection_c.cpython-310-x86_64-linux-gnu.so
[12.842s] -- Up-to-date symlink: /home/rover/kameyama_ws/install/line_msg/local/lib/python3.10/dist-packages/line_msg/line_msg_s__rosidl_typesupport_c.cpython-310-x86_64-linux-gnu.so
[12.842s] -- Symlinking: /home/rover/kameyama_ws/install/line_msg/share/line_msg/msg/BoxCorner.idl
[12.853s] -- Symlinking: /home/rover/kameyama_ws/install/line_msg/share/line_msg/msg/BoxCorner.msg
[12.871s] -- Symlinking: /home/rover/kameyama_ws/install/line_msg/share/ament_index/resource_index/package_run_dependencies/line_msg
[12.885s] -- Symlinking: /home/rover/kameyama_ws/install/line_msg/share/ament_index/resource_index/parent_prefix_path/line_msg
[12.901s] -- Symlinking: /home/rover/kameyama_ws/install/line_msg/share/line_msg/environment/ament_prefix_path.sh
[12.921s] -- Symlinking: /home/rover/kameyama_ws/install/line_msg/share/line_msg/environment/ament_prefix_path.dsv
[12.937s] -- Symlinking: /home/rover/kameyama_ws/install/line_msg/share/line_msg/environment/path.sh
[12.954s] -- Symlinking: /home/rover/kameyama_ws/install/line_msg/share/line_msg/environment/path.dsv
[12.972s] -- Symlinking: /home/rover/kameyama_ws/install/line_msg/share/line_msg/local_setup.bash
[12.989s] -- Symlinking: /home/rover/kameyama_ws/install/line_msg/share/line_msg/local_setup.sh
[13.005s] -- Symlinking: /home/rover/kameyama_ws/install/line_msg/share/line_msg/local_setup.zsh
[13.024s] -- Symlinking: /home/rover/kameyama_ws/install/line_msg/share/line_msg/local_setup.dsv
[13.054s] -- Symlinking: /home/rover/kameyama_ws/install/line_msg/share/line_msg/package.dsv
[13.087s] -- Symlinking: /home/rover/kameyama_ws/install/line_msg/share/ament_index/resource_index/packages/line_msg
[13.119s] -- Symlinking: /home/rover/kameyama_ws/install/line_msg/share/line_msg/cmake/rosidl_cmake-extras.cmake
[13.135s] -- Symlinking: /home/rover/kameyama_ws/install/line_msg/share/line_msg/cmake/ament_cmake_export_dependencies-extras.cmake
[13.154s] -- Symlinking: /home/rover/kameyama_ws/install/line_msg/share/line_msg/cmake/ament_cmake_export_include_directories-extras.cmake
[13.167s] -- Symlinking: /home/rover/kameyama_ws/install/line_msg/share/line_msg/cmake/ament_cmake_export_libraries-extras.cmake
[13.183s] -- Symlinking: /home/rover/kameyama_ws/install/line_msg/share/line_msg/cmake/ament_cmake_export_targets-extras.cmake
[13.198s] -- Symlinking: /home/rover/kameyama_ws/install/line_msg/share/line_msg/cmake/rosidl_cmake_export_typesupport_targets-extras.cmake
[13.214s] -- Symlinking: /home/rover/kameyama_ws/install/line_msg/share/line_msg/cmake/rosidl_cmake_export_typesupport_libraries-extras.cmake
[13.230s] -- Symlinking: /home/rover/kameyama_ws/install/line_msg/share/line_msg/cmake/line_msgConfig.cmake
[13.248s] -- Symlinking: /home/rover/kameyama_ws/install/line_msg/share/line_msg/cmake/line_msgConfig-version.cmake
[13.272s] -- Symlinking: /home/rover/kameyama_ws/install/line_msg/share/line_msg/package.xml
[13.300s] -- Installing: /home/rover/kameyama_ws/install/line_msg/lib/libline_msg__rosidl_generator_c.so
[13.302s] -- Set runtime path of "/home/rover/kameyama_ws/install/line_msg/lib/libline_msg__rosidl_generator_c.so" to ""
[13.302s] -- Installing: /home/rover/kameyama_ws/install/line_msg/lib/libline_msg__rosidl_typesupport_fastrtps_c.so
[13.304s] -- Set runtime path of "/home/rover/kameyama_ws/install/line_msg/lib/libline_msg__rosidl_typesupport_fastrtps_c.so" to ""
[13.304s] -- Installing: /home/rover/kameyama_ws/install/line_msg/lib/libline_msg__rosidl_typesupport_fastrtps_cpp.so
[13.306s] -- Set runtime path of "/home/rover/kameyama_ws/install/line_msg/lib/libline_msg__rosidl_typesupport_fastrtps_cpp.so" to ""
[13.306s] -- Installing: /home/rover/kameyama_ws/install/line_msg/lib/libline_msg__rosidl_typesupport_introspection_c.so
[13.307s] -- Set runtime path of "/home/rover/kameyama_ws/install/line_msg/lib/libline_msg__rosidl_typesupport_introspection_c.so" to ""
[13.308s] -- Installing: /home/rover/kameyama_ws/install/line_msg/lib/libline_msg__rosidl_typesupport_c.so
[13.309s] -- Set runtime path of "/home/rover/kameyama_ws/install/line_msg/lib/libline_msg__rosidl_typesupport_c.so" to ""
[13.309s] -- Installing: /home/rover/kameyama_ws/install/line_msg/lib/libline_msg__rosidl_typesupport_introspection_cpp.so
[13.311s] -- Set runtime path of "/home/rover/kameyama_ws/install/line_msg/lib/libline_msg__rosidl_typesupport_introspection_cpp.so" to ""
[13.311s] -- Installing: /home/rover/kameyama_ws/install/line_msg/lib/libline_msg__rosidl_typesupport_cpp.so
[13.313s] -- Set runtime path of "/home/rover/kameyama_ws/install/line_msg/lib/libline_msg__rosidl_typesupport_cpp.so" to ""
[13.354s] Listing '/home/rover/kameyama_ws/install/line_msg/local/lib/python3.10/dist-packages/line_msg'...
[13.354s] Compiling '/home/rover/kameyama_ws/install/line_msg/local/lib/python3.10/dist-packages/line_msg/__init__.py'...
[13.354s] Listing '/home/rover/kameyama_ws/install/line_msg/local/lib/python3.10/dist-packages/line_msg/msg'...
[13.354s] Compiling '/home/rover/kameyama_ws/install/line_msg/local/lib/python3.10/dist-packages/line_msg/msg/__init__.py'...
[13.354s] Compiling '/home/rover/kameyama_ws/install/line_msg/local/lib/python3.10/dist-packages/line_msg/msg/_box_corner.py'...
[13.364s] -- Installing: /home/rover/kameyama_ws/install/line_msg/lib/libline_msg__rosidl_generator_py.so
[13.364s] -- Set runtime path of "/home/rover/kameyama_ws/install/line_msg/lib/libline_msg__rosidl_generator_py.so" to ""
[13.364s] -- Installing: /home/rover/kameyama_ws/install/line_msg/share/line_msg/cmake/export_line_msg__rosidl_generator_cExport.cmake
[13.364s] -- Installing: /home/rover/kameyama_ws/install/line_msg/share/line_msg/cmake/export_line_msg__rosidl_generator_cExport-noconfig.cmake
[13.364s] -- Installing: /home/rover/kameyama_ws/install/line_msg/share/line_msg/cmake/export_line_msg__rosidl_typesupport_fastrtps_cExport.cmake
[13.364s] -- Installing: /home/rover/kameyama_ws/install/line_msg/share/line_msg/cmake/export_line_msg__rosidl_typesupport_fastrtps_cExport-noconfig.cmake
[13.364s] -- Installing: /home/rover/kameyama_ws/install/line_msg/share/line_msg/cmake/export_line_msg__rosidl_generator_cppExport.cmake
[13.364s] -- Installing: /home/rover/kameyama_ws/install/line_msg/share/line_msg/cmake/export_line_msg__rosidl_typesupport_fastrtps_cppExport.cmake
[13.364s] -- Installing: /home/rover/kameyama_ws/install/line_msg/share/line_msg/cmake/export_line_msg__rosidl_typesupport_fastrtps_cppExport-noconfig.cmake
[13.364s] -- Installing: /home/rover/kameyama_ws/install/line_msg/share/line_msg/cmake/line_msg__rosidl_typesupport_introspection_cExport.cmake
[13.364s] -- Installing: /home/rover/kameyama_ws/install/line_msg/share/line_msg/cmake/line_msg__rosidl_typesupport_introspection_cExport-noconfig.cmake
[13.364s] -- Installing: /home/rover/kameyama_ws/install/line_msg/share/line_msg/cmake/line_msg__rosidl_typesupport_cExport.cmake
[13.364s] -- Installing: /home/rover/kameyama_ws/install/line_msg/share/line_msg/cmake/line_msg__rosidl_typesupport_cExport-noconfig.cmake
[13.364s] -- Installing: /home/rover/kameyama_ws/install/line_msg/share/line_msg/cmake/line_msg__rosidl_typesupport_introspection_cppExport.cmake
[13.364s] -- Installing: /home/rover/kameyama_ws/install/line_msg/share/line_msg/cmake/line_msg__rosidl_typesupport_introspection_cppExport-noconfig.cmake
[13.364s] -- Installing: /home/rover/kameyama_ws/install/line_msg/share/line_msg/cmake/line_msg__rosidl_typesupport_cppExport.cmake
[13.365s] -- Installing: /home/rover/kameyama_ws/install/line_msg/share/line_msg/cmake/line_msg__rosidl_typesupport_cppExport-noconfig.cmake
[13.365s] -- Installing: /home/rover/kameyama_ws/install/line_msg/share/line_msg/cmake/export_line_msg__rosidl_generator_pyExport.cmake
[13.365s] -- Installing: /home/rover/kameyama_ws/install/line_msg/share/line_msg/cmake/export_line_msg__rosidl_generator_pyExport-noconfig.cmake
[13.370s] Invoked command in '/home/rover/kameyama_ws/build/line_msg' returned '0': CMAKE_PREFIX_PATH=${CMAKE_PREFIX_PATH}:/home/rover/amir_basic_ws/install/nav2_simple_commander:/home/rover/amir_basic_ws/install/camera_calibration:/opt/ros/humble /usr/bin/cmake --install /home/rover/kameyama_ws/build/line_msg
