[35m[1mConsolidate compiler generated dependencies of target ros2_behavior_tree_nodes[0m
[  4%] Built target custom_test_nodes
[  8%] Built target gtest
[ 12%] Built target example_custom_nodes
[ 17%] Built target gtest_main
[ 23%] Built target ros2_behavior_tree
[ 25%] [32mBuilding CXX object CMakeFiles/ros2_behavior_tree_nodes.dir/src/node_registrar.cpp.o[0m
[ 29%] Built target minimal
[ 34%] Built target bt_executor_bebop
[ 40%] Built target node
[ 51%] Built target action_server_node
[ 53%] Built target custom_nodes
[ 65%] Built target lifecycle_node
[ 65%] Built target action_server_lifecycle_node
[ 70%] Built target bt_executor
In file included from [01m[K/home/rover/kameyama_ws/src/ros2_behavior_tree/ros2_behavior_tree/include/ros2_behavior_tree/action/create_transform_buffer_node.hpp:27[m[K,
                 from [01m[K/home/rover/kameyama_ws/src/ros2_behavior_tree/ros2_behavior_tree/src/node_registrar.cpp:22[m[K:
[01m[K/opt/ros/humble/include/tf2_geometry_msgs/tf2_geometry_msgs/tf2_geometry_msgs.h:35:2:[m[K [01;35m[Kwarning: [m[K#warning This header is obsolete, please include tf2_geometry_msgs/tf2_geometry_msgs.hpp instead [[01;35m[K]8;;https://gcc.gnu.org/onlinedocs/gcc/Warning-Options.html#index-Wcpp-Wcpp]8;;[m[K]
   35 | #[01;35m[Kwarning[m[K This header is obsolete, please include tf2_geometry_msgs/tf2_geometry_msgs.hpp instead
      |  [01;35m[K^~~~~~~[m[K
gmake[2]: *** [CMakeFiles/ros2_behavior_tree_nodes.dir/build.make:76: CMakeFiles/ros2_behavior_tree_nodes.dir/src/node_registrar.cpp.o] 割り込み
gmake[1]: *** [CMakeFiles/Makefile2:224: CMakeFiles/ros2_behavior_tree_nodes.dir/all] 割り込み
gmake: *** [Makefile:146: all] 割り込み
