[0.056s] Invoking command in '/home/rover/kameyama_ws/build/observation_msgs': CMAKE_PREFIX_PATH=${CMAKE_PREFIX_PATH}:/home/rover/amir_basic_ws/install/nav2_simple_commander:/home/rover/amir_basic_ws/install/camera_calibration:/opt/ros/humble /usr/bin/cmake --build /home/rover/kameyama_ws/build/observation_msgs -- -j12 -l12
[0.859s] [  1%] Built target observation_msgs__cpp
[0.860s] [ 12%] Built target observation_msgs__rosidl_generator_c
[0.860s] [ 12%] Built target ament_cmake_python_symlink_observation_msgs
[0.860s] [ 23%] Built target observation_msgs__rosidl_typesupport_cpp
[0.860s] [ 34%] Built target observation_msgs__rosidl_typesupport_c
[0.860s] [ 47%] Built target observation_msgs__rosidl_typesupport_fastrtps_c
[0.860s] [ 57%] Built target observation_msgs__rosidl_typesupport_fastrtps_cpp
[0.860s] [ 68%] Built target observation_msgs__rosidl_typesupport_introspection_cpp
[0.860s] [ 79%] Built target observation_msgs__rosidl_typesupport_introspection_c
[0.860s] [ 79%] Built target observation_msgs
[0.860s] [ 80%] Built target observation_msgs__py
[0.861s] [ 90%] Built target observation_msgs__rosidl_generator_py
[0.861s] [ 93%] Built target observation_msgs__rosidl_typesupport_c__pyext
[0.861s] [ 96%] Built target observation_msgs__rosidl_typesupport_fastrtps_c__pyext
[0.862s] [100%] Built target observation_msgs__rosidl_typesupport_introspection_c__pyext
[0.916s] running egg_info
[0.972s] writing observation_msgs.egg-info/PKG-INFO
[1.010s] writing dependency_links to observation_msgs.egg-info/dependency_links.txt
[1.203s] writing top-level names to observation_msgs.egg-info/top_level.txt
[1.263s] reading manifest file 'observation_msgs.egg-info/SOURCES.txt'
[1.263s] writing manifest file 'observation_msgs.egg-info/SOURCES.txt'
[1.297s] [100%] Built target ament_cmake_python_build_observation_msgs_egg
[1.589s] Invoked command in '/home/rover/kameyama_ws/build/observation_msgs' returned '0': CMAKE_PREFIX_PATH=${CMAKE_PREFIX_PATH}:/home/rover/amir_basic_ws/install/nav2_simple_commander:/home/rover/amir_basic_ws/install/camera_calibration:/opt/ros/humble /usr/bin/cmake --build /home/rover/kameyama_ws/build/observation_msgs -- -j12 -l12
[1.589s] Invoking command in '/home/rover/kameyama_ws/build/observation_msgs': CMAKE_PREFIX_PATH=${CMAKE_PREFIX_PATH}:/home/rover/amir_basic_ws/install/nav2_simple_commander:/home/rover/amir_basic_ws/install/camera_calibration:/opt/ros/humble /usr/bin/cmake --install /home/rover/kameyama_ws/build/observation_msgs
[1.626s] -- Install configuration: ""
[1.626s] -- Execute custom install script
[1.626s] -- Up-to-date symlink: /home/rover/kameyama_ws/install/observation_msgs/share/ament_index/resource_index/rosidl_interfaces/observation_msgs
[1.626s] -- Up-to-date symlink: /home/rover/kameyama_ws/install/observation_msgs/include/observation_msgs/observation_msgs/msg/detail/object__functions.h
[1.626s] -- Up-to-date symlink: /home/rover/kameyama_ws/install/observation_msgs/include/observation_msgs/observation_msgs/msg/detail/object__struct.h
[1.626s] -- Up-to-date symlink: /home/rover/kameyama_ws/install/observation_msgs/include/observation_msgs/observation_msgs/msg/detail/object__type_support.h
[1.626s] -- Up-to-date symlink: /home/rover/kameyama_ws/install/observation_msgs/include/observation_msgs/observation_msgs/msg/detail/path_evaluation__functions.h
[1.626s] -- Up-to-date symlink: /home/rover/kameyama_ws/install/observation_msgs/include/observation_msgs/observation_msgs/msg/detail/path_evaluation__struct.h
[1.626s] -- Up-to-date symlink: /home/rover/kameyama_ws/install/observation_msgs/include/observation_msgs/observation_msgs/msg/detail/path_evaluation__type_support.h
[1.626s] -- Up-to-date symlink: /home/rover/kameyama_ws/install/observation_msgs/include/observation_msgs/observation_msgs/msg/object.h
[1.627s] -- Up-to-date symlink: /home/rover/kameyama_ws/install/observation_msgs/include/observation_msgs/observation_msgs/msg/path_evaluation.h
[1.627s] -- Up-to-date symlink: /home/rover/kameyama_ws/install/observation_msgs/include/observation_msgs/observation_msgs/msg/rosidl_generator_c__visibility_control.h
[1.627s] -- Up-to-date symlink: /home/rover/kameyama_ws/install/observation_msgs/include/observation_msgs/observation_msgs/srv/detail/get_objects__functions.h
[1.627s] -- Up-to-date symlink: /home/rover/kameyama_ws/install/observation_msgs/include/observation_msgs/observation_msgs/srv/detail/get_objects__struct.h
[1.627s] -- Up-to-date symlink: /home/rover/kameyama_ws/install/observation_msgs/include/observation_msgs/observation_msgs/srv/detail/get_objects__type_support.h
[1.627s] -- Up-to-date symlink: /home/rover/kameyama_ws/install/observation_msgs/include/observation_msgs/observation_msgs/srv/detail/path_check__functions.h
[1.627s] -- Up-to-date symlink: /home/rover/kameyama_ws/install/observation_msgs/include/observation_msgs/observation_msgs/srv/detail/path_check__struct.h
[1.627s] -- Up-to-date symlink: /home/rover/kameyama_ws/install/observation_msgs/include/observation_msgs/observation_msgs/srv/detail/path_check__type_support.h
[1.627s] -- Up-to-date symlink: /home/rover/kameyama_ws/install/observation_msgs/include/observation_msgs/observation_msgs/srv/detail/set_objects__functions.h
[1.627s] -- Up-to-date symlink: /home/rover/kameyama_ws/install/observation_msgs/include/observation_msgs/observation_msgs/srv/detail/set_objects__struct.h
[1.627s] -- Up-to-date symlink: /home/rover/kameyama_ws/install/observation_msgs/include/observation_msgs/observation_msgs/srv/detail/set_objects__type_support.h
[1.627s] -- Up-to-date symlink: /home/rover/kameyama_ws/install/observation_msgs/include/observation_msgs/observation_msgs/srv/get_objects.h
[1.627s] -- Up-to-date symlink: /home/rover/kameyama_ws/install/observation_msgs/include/observation_msgs/observation_msgs/srv/path_check.h
[1.627s] -- Up-to-date symlink: /home/rover/kameyama_ws/install/observation_msgs/include/observation_msgs/observation_msgs/srv/set_objects.h
[1.627s] -- Up-to-date symlink: /home/rover/kameyama_ws/install/observation_msgs/share/observation_msgs/environment/library_path.sh
[1.627s] -- Up-to-date symlink: /home/rover/kameyama_ws/install/observation_msgs/share/observation_msgs/environment/library_path.dsv
[1.627s] -- Up-to-date symlink: /home/rover/kameyama_ws/install/observation_msgs/include/observation_msgs/observation_msgs/msg/detail/object__rosidl_typesupport_fastrtps_c.h
[1.627s] -- Up-to-date symlink: /home/rover/kameyama_ws/install/observation_msgs/include/observation_msgs/observation_msgs/msg/detail/path_evaluation__rosidl_typesupport_fastrtps_c.h
[1.627s] -- Up-to-date symlink: /home/rover/kameyama_ws/install/observation_msgs/include/observation_msgs/observation_msgs/msg/rosidl_typesupport_fastrtps_c__visibility_control.h
[1.627s] -- Up-to-date symlink: /home/rover/kameyama_ws/install/observation_msgs/include/observation_msgs/observation_msgs/srv/detail/get_objects__rosidl_typesupport_fastrtps_c.h
[1.627s] -- Up-to-date symlink: /home/rover/kameyama_ws/install/observation_msgs/include/observation_msgs/observation_msgs/srv/detail/path_check__rosidl_typesupport_fastrtps_c.h
[1.627s] -- Up-to-date symlink: /home/rover/kameyama_ws/install/observation_msgs/include/observation_msgs/observation_msgs/srv/detail/set_objects__rosidl_typesupport_fastrtps_c.h
[1.627s] -- Up-to-date symlink: /home/rover/kameyama_ws/install/observation_msgs/include/observation_msgs/observation_msgs/msg/detail/object__builder.hpp
[1.627s] -- Up-to-date symlink: /home/rover/kameyama_ws/install/observation_msgs/include/observation_msgs/observation_msgs/msg/detail/object__struct.hpp
[1.627s] -- Up-to-date symlink: /home/rover/kameyama_ws/install/observation_msgs/include/observation_msgs/observation_msgs/msg/detail/object__traits.hpp
[1.627s] -- Up-to-date symlink: /home/rover/kameyama_ws/install/observation_msgs/include/observation_msgs/observation_msgs/msg/detail/object__type_support.hpp
[1.627s] -- Up-to-date symlink: /home/rover/kameyama_ws/install/observation_msgs/include/observation_msgs/observation_msgs/msg/detail/path_evaluation__builder.hpp
[1.628s] -- Up-to-date symlink: /home/rover/kameyama_ws/install/observation_msgs/include/observation_msgs/observation_msgs/msg/detail/path_evaluation__struct.hpp
[1.628s] -- Up-to-date symlink: /home/rover/kameyama_ws/install/observation_msgs/include/observation_msgs/observation_msgs/msg/detail/path_evaluation__traits.hpp
[1.628s] -- Up-to-date symlink: /home/rover/kameyama_ws/install/observation_msgs/include/observation_msgs/observation_msgs/msg/detail/path_evaluation__type_support.hpp
[1.628s] -- Up-to-date symlink: /home/rover/kameyama_ws/install/observation_msgs/include/observation_msgs/observation_msgs/msg/object.hpp
[1.628s] -- Up-to-date symlink: /home/rover/kameyama_ws/install/observation_msgs/include/observation_msgs/observation_msgs/msg/path_evaluation.hpp
[1.628s] -- Up-to-date symlink: /home/rover/kameyama_ws/install/observation_msgs/include/observation_msgs/observation_msgs/msg/rosidl_generator_cpp__visibility_control.hpp
[1.628s] -- Up-to-date symlink: /home/rover/kameyama_ws/install/observation_msgs/include/observation_msgs/observation_msgs/srv/detail/get_objects__builder.hpp
[1.628s] -- Up-to-date symlink: /home/rover/kameyama_ws/install/observation_msgs/include/observation_msgs/observation_msgs/srv/detail/get_objects__struct.hpp
[1.628s] -- Up-to-date symlink: /home/rover/kameyama_ws/install/observation_msgs/include/observation_msgs/observation_msgs/srv/detail/get_objects__traits.hpp
[1.628s] -- Up-to-date symlink: /home/rover/kameyama_ws/install/observation_msgs/include/observation_msgs/observation_msgs/srv/detail/get_objects__type_support.hpp
[1.628s] -- Up-to-date symlink: /home/rover/kameyama_ws/install/observation_msgs/include/observation_msgs/observation_msgs/srv/detail/path_check__builder.hpp
[1.628s] -- Up-to-date symlink: /home/rover/kameyama_ws/install/observation_msgs/include/observation_msgs/observation_msgs/srv/detail/path_check__struct.hpp
[1.628s] -- Up-to-date symlink: /home/rover/kameyama_ws/install/observation_msgs/include/observation_msgs/observation_msgs/srv/detail/path_check__traits.hpp
[1.628s] -- Up-to-date symlink: /home/rover/kameyama_ws/install/observation_msgs/include/observation_msgs/observation_msgs/srv/detail/path_check__type_support.hpp
[1.628s] -- Up-to-date symlink: /home/rover/kameyama_ws/install/observation_msgs/include/observation_msgs/observation_msgs/srv/detail/set_objects__builder.hpp
[1.628s] -- Up-to-date symlink: /home/rover/kameyama_ws/install/observation_msgs/include/observation_msgs/observation_msgs/srv/detail/set_objects__struct.hpp
[1.628s] -- Up-to-date symlink: /home/rover/kameyama_ws/install/observation_msgs/include/observation_msgs/observation_msgs/srv/detail/set_objects__traits.hpp
[1.628s] -- Up-to-date symlink: /home/rover/kameyama_ws/install/observation_msgs/include/observation_msgs/observation_msgs/srv/detail/set_objects__type_support.hpp
[1.631s] -- Up-to-date symlink: /home/rover/kameyama_ws/install/observation_msgs/include/observation_msgs/observation_msgs/srv/get_objects.hpp
[1.634s] -- Up-to-date symlink: /home/rover/kameyama_ws/install/observation_msgs/include/observation_msgs/observation_msgs/srv/path_check.hpp
[1.634s] -- Up-to-date symlink: /home/rover/kameyama_ws/install/observation_msgs/include/observation_msgs/observation_msgs/srv/set_objects.hpp
[1.634s] -- Up-to-date symlink: /home/rover/kameyama_ws/install/observation_msgs/include/observation_msgs/observation_msgs/msg/detail/object__rosidl_typesupport_fastrtps_cpp.hpp
[1.634s] -- Up-to-date symlink: /home/rover/kameyama_ws/install/observation_msgs/include/observation_msgs/observation_msgs/msg/detail/path_evaluation__rosidl_typesupport_fastrtps_cpp.hpp
[1.634s] -- Up-to-date symlink: /home/rover/kameyama_ws/install/observation_msgs/include/observation_msgs/observation_msgs/msg/rosidl_typesupport_fastrtps_cpp__visibility_control.h
[1.634s] -- Up-to-date symlink: /home/rover/kameyama_ws/install/observation_msgs/include/observation_msgs/observation_msgs/srv/detail/get_objects__rosidl_typesupport_fastrtps_cpp.hpp
[1.634s] -- Up-to-date symlink: /home/rover/kameyama_ws/install/observation_msgs/include/observation_msgs/observation_msgs/srv/detail/path_check__rosidl_typesupport_fastrtps_cpp.hpp
[1.634s] -- Up-to-date symlink: /home/rover/kameyama_ws/install/observation_msgs/include/observation_msgs/observation_msgs/srv/detail/set_objects__rosidl_typesupport_fastrtps_cpp.hpp
[1.634s] -- Up-to-date symlink: /home/rover/kameyama_ws/install/observation_msgs/include/observation_msgs/observation_msgs/msg/detail/object__rosidl_typesupport_introspection_c.h
[1.634s] -- Up-to-date symlink: /home/rover/kameyama_ws/install/observation_msgs/include/observation_msgs/observation_msgs/msg/detail/path_evaluation__rosidl_typesupport_introspection_c.h
[1.634s] -- Up-to-date symlink: /home/rover/kameyama_ws/install/observation_msgs/include/observation_msgs/observation_msgs/msg/rosidl_typesupport_introspection_c__visibility_control.h
[1.634s] -- Up-to-date symlink: /home/rover/kameyama_ws/install/observation_msgs/include/observation_msgs/observation_msgs/srv/detail/get_objects__rosidl_typesupport_introspection_c.h
[1.634s] -- Up-to-date symlink: /home/rover/kameyama_ws/install/observation_msgs/include/observation_msgs/observation_msgs/srv/detail/path_check__rosidl_typesupport_introspection_c.h
[1.634s] -- Up-to-date symlink: /home/rover/kameyama_ws/install/observation_msgs/include/observation_msgs/observation_msgs/srv/detail/set_objects__rosidl_typesupport_introspection_c.h
[1.634s] -- Up-to-date symlink: /home/rover/kameyama_ws/install/observation_msgs/include/observation_msgs/observation_msgs/msg/detail/object__rosidl_typesupport_introspection_cpp.hpp
[1.634s] -- Up-to-date symlink: /home/rover/kameyama_ws/install/observation_msgs/include/observation_msgs/observation_msgs/msg/detail/path_evaluation__rosidl_typesupport_introspection_cpp.hpp
[1.634s] -- Up-to-date symlink: /home/rover/kameyama_ws/install/observation_msgs/include/observation_msgs/observation_msgs/srv/detail/get_objects__rosidl_typesupport_introspection_cpp.hpp
[1.634s] -- Up-to-date symlink: /home/rover/kameyama_ws/install/observation_msgs/include/observation_msgs/observation_msgs/srv/detail/path_check__rosidl_typesupport_introspection_cpp.hpp
[1.634s] -- Up-to-date symlink: /home/rover/kameyama_ws/install/observation_msgs/include/observation_msgs/observation_msgs/srv/detail/set_objects__rosidl_typesupport_introspection_cpp.hpp
[1.634s] -- Up-to-date symlink: /home/rover/kameyama_ws/install/observation_msgs/share/observation_msgs/environment/pythonpath.sh
[1.634s] -- Up-to-date symlink: /home/rover/kameyama_ws/install/observation_msgs/share/observation_msgs/environment/pythonpath.dsv
[1.635s] -- Up-to-date symlink: /home/rover/kameyama_ws/install/observation_msgs/local/lib/python3.10/dist-packages/observation_msgs-0.1.0-py3.10.egg-info/PKG-INFO
[1.635s] -- Up-to-date symlink: /home/rover/kameyama_ws/install/observation_msgs/local/lib/python3.10/dist-packages/observation_msgs-0.1.0-py3.10.egg-info/SOURCES.txt
[1.635s] -- Up-to-date symlink: /home/rover/kameyama_ws/install/observation_msgs/local/lib/python3.10/dist-packages/observation_msgs-0.1.0-py3.10.egg-info/dependency_links.txt
[1.635s] -- Up-to-date symlink: /home/rover/kameyama_ws/install/observation_msgs/local/lib/python3.10/dist-packages/observation_msgs-0.1.0-py3.10.egg-info/top_level.txt
[1.635s] -- Up-to-date symlink: /home/rover/kameyama_ws/install/observation_msgs/local/lib/python3.10/dist-packages/observation_msgs/__init__.py
[1.635s] -- Up-to-date symlink: /home/rover/kameyama_ws/install/observation_msgs/local/lib/python3.10/dist-packages/observation_msgs/_observation_msgs_s.ep.rosidl_typesupport_c.c
[1.635s] -- Up-to-date symlink: /home/rover/kameyama_ws/install/observation_msgs/local/lib/python3.10/dist-packages/observation_msgs/_observation_msgs_s.ep.rosidl_typesupport_fastrtps_c.c
[1.635s] -- Up-to-date symlink: /home/rover/kameyama_ws/install/observation_msgs/local/lib/python3.10/dist-packages/observation_msgs/_observation_msgs_s.ep.rosidl_typesupport_introspection_c.c
[1.635s] -- Up-to-date symlink: /home/rover/kameyama_ws/install/observation_msgs/local/lib/python3.10/dist-packages/observation_msgs/libobservation_msgs__rosidl_generator_py.so
[1.635s] -- Up-to-date symlink: /home/rover/kameyama_ws/install/observation_msgs/local/lib/python3.10/dist-packages/observation_msgs/msg/__init__.py
[1.635s] -- Up-to-date symlink: /home/rover/kameyama_ws/install/observation_msgs/local/lib/python3.10/dist-packages/observation_msgs/msg/_object.py
[1.635s] -- Up-to-date symlink: /home/rover/kameyama_ws/install/observation_msgs/local/lib/python3.10/dist-packages/observation_msgs/msg/_object_s.c
[1.635s] -- Up-to-date symlink: /home/rover/kameyama_ws/install/observation_msgs/local/lib/python3.10/dist-packages/observation_msgs/msg/_path_evaluation.py
[1.635s] -- Up-to-date symlink: /home/rover/kameyama_ws/install/observation_msgs/local/lib/python3.10/dist-packages/observation_msgs/msg/_path_evaluation_s.c
[1.635s] -- Up-to-date symlink: /home/rover/kameyama_ws/install/observation_msgs/local/lib/python3.10/dist-packages/observation_msgs/observation_msgs_s__rosidl_typesupport_c.cpython-310-x86_64-linux-gnu.so
[1.635s] -- Up-to-date symlink: /home/rover/kameyama_ws/install/observation_msgs/local/lib/python3.10/dist-packages/observation_msgs/observation_msgs_s__rosidl_typesupport_fastrtps_c.cpython-310-x86_64-linux-gnu.so
[1.635s] -- Up-to-date symlink: /home/rover/kameyama_ws/install/observation_msgs/local/lib/python3.10/dist-packages/observation_msgs/observation_msgs_s__rosidl_typesupport_introspection_c.cpython-310-x86_64-linux-gnu.so
[1.635s] -- Up-to-date symlink: /home/rover/kameyama_ws/install/observation_msgs/local/lib/python3.10/dist-packages/observation_msgs/srv/__init__.py
[1.635s] -- Up-to-date symlink: /home/rover/kameyama_ws/install/observation_msgs/local/lib/python3.10/dist-packages/observation_msgs/srv/_get_objects.py
[1.635s] -- Up-to-date symlink: /home/rover/kameyama_ws/install/observation_msgs/local/lib/python3.10/dist-packages/observation_msgs/srv/_get_objects_s.c
[1.635s] -- Up-to-date symlink: /home/rover/kameyama_ws/install/observation_msgs/local/lib/python3.10/dist-packages/observation_msgs/srv/_path_check.py
[1.635s] -- Up-to-date symlink: /home/rover/kameyama_ws/install/observation_msgs/local/lib/python3.10/dist-packages/observation_msgs/srv/_path_check_s.c
[1.635s] -- Up-to-date symlink: /home/rover/kameyama_ws/install/observation_msgs/local/lib/python3.10/dist-packages/observation_msgs/srv/_set_objects.py
[1.636s] -- Up-to-date symlink: /home/rover/kameyama_ws/install/observation_msgs/local/lib/python3.10/dist-packages/observation_msgs/srv/_set_objects_s.c
[1.636s] -- Up-to-date symlink: /home/rover/kameyama_ws/install/observation_msgs/local/lib/python3.10/dist-packages/observation_msgs/observation_msgs_s__rosidl_typesupport_fastrtps_c.cpython-310-x86_64-linux-gnu.so
[1.636s] -- Up-to-date symlink: /home/rover/kameyama_ws/install/observation_msgs/local/lib/python3.10/dist-packages/observation_msgs/observation_msgs_s__rosidl_typesupport_introspection_c.cpython-310-x86_64-linux-gnu.so
[1.636s] -- Up-to-date symlink: /home/rover/kameyama_ws/install/observation_msgs/local/lib/python3.10/dist-packages/observation_msgs/observation_msgs_s__rosidl_typesupport_c.cpython-310-x86_64-linux-gnu.so
[1.636s] -- Up-to-date symlink: /home/rover/kameyama_ws/install/observation_msgs/share/observation_msgs/msg/PathEvaluation.idl
[1.636s] -- Up-to-date symlink: /home/rover/kameyama_ws/install/observation_msgs/share/observation_msgs/msg/Object.idl
[1.636s] -- Up-to-date symlink: /home/rover/kameyama_ws/install/observation_msgs/share/observation_msgs/srv/SetObjects.idl
[1.636s] -- Up-to-date symlink: /home/rover/kameyama_ws/install/observation_msgs/share/observation_msgs/srv/GetObjects.idl
[1.636s] -- Up-to-date symlink: /home/rover/kameyama_ws/install/observation_msgs/share/observation_msgs/srv/PathCheck.idl
[1.636s] -- Up-to-date symlink: /home/rover/kameyama_ws/install/observation_msgs/share/observation_msgs/msg/PathEvaluation.msg
[1.636s] -- Up-to-date symlink: /home/rover/kameyama_ws/install/observation_msgs/share/observation_msgs/msg/Object.msg
[1.636s] -- Up-to-date symlink: /home/rover/kameyama_ws/install/observation_msgs/share/observation_msgs/srv/SetObjects.srv
[1.636s] -- Up-to-date symlink: /home/rover/kameyama_ws/install/observation_msgs/share/observation_msgs/srv/SetObjects_Request.msg
[1.636s] -- Up-to-date symlink: /home/rover/kameyama_ws/install/observation_msgs/share/observation_msgs/srv/SetObjects_Response.msg
[1.636s] -- Up-to-date symlink: /home/rover/kameyama_ws/install/observation_msgs/share/observation_msgs/srv/GetObjects.srv
[1.636s] -- Up-to-date symlink: /home/rover/kameyama_ws/install/observation_msgs/share/observation_msgs/srv/GetObjects_Request.msg
[1.636s] -- Up-to-date symlink: /home/rover/kameyama_ws/install/observation_msgs/share/observation_msgs/srv/GetObjects_Response.msg
[1.636s] -- Up-to-date symlink: /home/rover/kameyama_ws/install/observation_msgs/share/observation_msgs/srv/PathCheck.srv
[1.636s] -- Up-to-date symlink: /home/rover/kameyama_ws/install/observation_msgs/share/observation_msgs/srv/PathCheck_Request.msg
[1.636s] -- Up-to-date symlink: /home/rover/kameyama_ws/install/observation_msgs/share/observation_msgs/srv/PathCheck_Response.msg
[1.636s] -- Up-to-date symlink: /home/rover/kameyama_ws/install/observation_msgs/share/ament_index/resource_index/package_run_dependencies/observation_msgs
[1.636s] -- Up-to-date symlink: /home/rover/kameyama_ws/install/observation_msgs/share/ament_index/resource_index/parent_prefix_path/observation_msgs
[1.636s] -- Up-to-date symlink: /home/rover/kameyama_ws/install/observation_msgs/share/observation_msgs/environment/ament_prefix_path.sh
[1.636s] -- Up-to-date symlink: /home/rover/kameyama_ws/install/observation_msgs/share/observation_msgs/environment/ament_prefix_path.dsv
[1.636s] -- Up-to-date symlink: /home/rover/kameyama_ws/install/observation_msgs/share/observation_msgs/environment/path.sh
[1.636s] -- Up-to-date symlink: /home/rover/kameyama_ws/install/observation_msgs/share/observation_msgs/environment/path.dsv
[1.637s] -- Up-to-date symlink: /home/rover/kameyama_ws/install/observation_msgs/share/observation_msgs/local_setup.bash
[1.637s] -- Up-to-date symlink: /home/rover/kameyama_ws/install/observation_msgs/share/observation_msgs/local_setup.sh
[1.637s] -- Up-to-date symlink: /home/rover/kameyama_ws/install/observation_msgs/share/observation_msgs/local_setup.zsh
[1.637s] -- Up-to-date symlink: /home/rover/kameyama_ws/install/observation_msgs/share/observation_msgs/local_setup.dsv
[1.637s] -- Symlinking: /home/rover/kameyama_ws/install/observation_msgs/share/observation_msgs/package.dsv
[1.672s] -- Up-to-date symlink: /home/rover/kameyama_ws/install/observation_msgs/share/ament_index/resource_index/packages/observation_msgs
[1.673s] -- Up-to-date symlink: /home/rover/kameyama_ws/install/observation_msgs/share/observation_msgs/cmake/rosidl_cmake-extras.cmake
[1.673s] -- Up-to-date symlink: /home/rover/kameyama_ws/install/observation_msgs/share/observation_msgs/cmake/ament_cmake_export_dependencies-extras.cmake
[1.673s] -- Up-to-date symlink: /home/rover/kameyama_ws/install/observation_msgs/share/observation_msgs/cmake/ament_cmake_export_include_directories-extras.cmake
[1.673s] -- Up-to-date symlink: /home/rover/kameyama_ws/install/observation_msgs/share/observation_msgs/cmake/ament_cmake_export_libraries-extras.cmake
[1.673s] -- Up-to-date symlink: /home/rover/kameyama_ws/install/observation_msgs/share/observation_msgs/cmake/ament_cmake_export_targets-extras.cmake
[1.673s] -- Up-to-date symlink: /home/rover/kameyama_ws/install/observation_msgs/share/observation_msgs/cmake/rosidl_cmake_export_typesupport_targets-extras.cmake
[1.673s] -- Up-to-date symlink: /home/rover/kameyama_ws/install/observation_msgs/share/observation_msgs/cmake/rosidl_cmake_export_typesupport_libraries-extras.cmake
[1.674s] -- Up-to-date symlink: /home/rover/kameyama_ws/install/observation_msgs/share/observation_msgs/cmake/observation_msgsConfig.cmake
[1.674s] -- Up-to-date symlink: /home/rover/kameyama_ws/install/observation_msgs/share/observation_msgs/cmake/observation_msgsConfig-version.cmake
[1.674s] -- Up-to-date symlink: /home/rover/kameyama_ws/install/observation_msgs/share/observation_msgs/package.xml
[1.674s] -- Up-to-date: /home/rover/kameyama_ws/install/observation_msgs/lib/libobservation_msgs__rosidl_generator_c.so
[1.675s] -- Up-to-date: /home/rover/kameyama_ws/install/observation_msgs/lib/libobservation_msgs__rosidl_typesupport_fastrtps_c.so
[1.675s] -- Up-to-date: /home/rover/kameyama_ws/install/observation_msgs/lib/libobservation_msgs__rosidl_typesupport_fastrtps_cpp.so
[1.675s] -- Up-to-date: /home/rover/kameyama_ws/install/observation_msgs/lib/libobservation_msgs__rosidl_typesupport_introspection_c.so
[1.675s] -- Up-to-date: /home/rover/kameyama_ws/install/observation_msgs/lib/libobservation_msgs__rosidl_typesupport_c.so
[1.675s] -- Up-to-date: /home/rover/kameyama_ws/install/observation_msgs/lib/libobservation_msgs__rosidl_typesupport_introspection_cpp.so
[1.675s] -- Up-to-date: /home/rover/kameyama_ws/install/observation_msgs/lib/libobservation_msgs__rosidl_typesupport_cpp.so
[1.690s] Listing '/home/rover/kameyama_ws/install/observation_msgs/local/lib/python3.10/dist-packages/observation_msgs'...
[1.690s] Listing '/home/rover/kameyama_ws/install/observation_msgs/local/lib/python3.10/dist-packages/observation_msgs/msg'...
[1.690s] Listing '/home/rover/kameyama_ws/install/observation_msgs/local/lib/python3.10/dist-packages/observation_msgs/srv'...
[1.692s] -- Up-to-date: /home/rover/kameyama_ws/install/observation_msgs/lib/libobservation_msgs__rosidl_generator_py.so
[1.693s] -- Up-to-date: /home/rover/kameyama_ws/install/observation_msgs/share/observation_msgs/cmake/export_observation_msgs__rosidl_generator_cExport.cmake
[1.693s] -- Up-to-date: /home/rover/kameyama_ws/install/observation_msgs/share/observation_msgs/cmake/export_observation_msgs__rosidl_generator_cExport-noconfig.cmake
[1.693s] -- Up-to-date: /home/rover/kameyama_ws/install/observation_msgs/share/observation_msgs/cmake/export_observation_msgs__rosidl_typesupport_fastrtps_cExport.cmake
[1.693s] -- Up-to-date: /home/rover/kameyama_ws/install/observation_msgs/share/observation_msgs/cmake/export_observation_msgs__rosidl_typesupport_fastrtps_cExport-noconfig.cmake
[1.693s] -- Up-to-date: /home/rover/kameyama_ws/install/observation_msgs/share/observation_msgs/cmake/export_observation_msgs__rosidl_generator_cppExport.cmake
[1.693s] -- Up-to-date: /home/rover/kameyama_ws/install/observation_msgs/share/observation_msgs/cmake/export_observation_msgs__rosidl_typesupport_fastrtps_cppExport.cmake
[1.693s] -- Up-to-date: /home/rover/kameyama_ws/install/observation_msgs/share/observation_msgs/cmake/export_observation_msgs__rosidl_typesupport_fastrtps_cppExport-noconfig.cmake
[1.693s] -- Up-to-date: /home/rover/kameyama_ws/install/observation_msgs/share/observation_msgs/cmake/observation_msgs__rosidl_typesupport_introspection_cExport.cmake
[1.693s] -- Up-to-date: /home/rover/kameyama_ws/install/observation_msgs/share/observation_msgs/cmake/observation_msgs__rosidl_typesupport_introspection_cExport-noconfig.cmake
[1.693s] -- Up-to-date: /home/rover/kameyama_ws/install/observation_msgs/share/observation_msgs/cmake/observation_msgs__rosidl_typesupport_cExport.cmake
[1.693s] -- Up-to-date: /home/rover/kameyama_ws/install/observation_msgs/share/observation_msgs/cmake/observation_msgs__rosidl_typesupport_cExport-noconfig.cmake
[1.693s] -- Up-to-date: /home/rover/kameyama_ws/install/observation_msgs/share/observation_msgs/cmake/observation_msgs__rosidl_typesupport_introspection_cppExport.cmake
[1.693s] -- Up-to-date: /home/rover/kameyama_ws/install/observation_msgs/share/observation_msgs/cmake/observation_msgs__rosidl_typesupport_introspection_cppExport-noconfig.cmake
[1.693s] -- Up-to-date: /home/rover/kameyama_ws/install/observation_msgs/share/observation_msgs/cmake/observation_msgs__rosidl_typesupport_cppExport.cmake
[1.693s] -- Up-to-date: /home/rover/kameyama_ws/install/observation_msgs/share/observation_msgs/cmake/observation_msgs__rosidl_typesupport_cppExport-noconfig.cmake
[1.694s] -- Up-to-date: /home/rover/kameyama_ws/install/observation_msgs/share/observation_msgs/cmake/export_observation_msgs__rosidl_generator_pyExport.cmake
[1.694s] -- Up-to-date: /home/rover/kameyama_ws/install/observation_msgs/share/observation_msgs/cmake/export_observation_msgs__rosidl_generator_pyExport-noconfig.cmake
[1.768s] Invoked command in '/home/rover/kameyama_ws/build/observation_msgs' returned '0': CMAKE_PREFIX_PATH=${CMAKE_PREFIX_PATH}:/home/rover/amir_basic_ws/install/nav2_simple_commander:/home/rover/amir_basic_ws/install/camera_calibration:/opt/ros/humble /usr/bin/cmake --install /home/rover/kameyama_ws/build/observation_msgs
