[1.721s] Invoking command in '/home/rover/kameyama_ws/build/bt_generator': PYTHONPATH=/home/rover/kameyama_ws/build/bt_generator/prefix_override:/usr/lib/python3/dist-packages/colcon_core/task/python/colcon_distutils_commands:/home/rover/kameyama_ws/install/bt_generator/lib/python3.10/site-packages:${PYTHONPATH} /usr/bin/python3 -W ignore:setup.py install is deprecated -W ignore:easy_install command is deprecated setup.py develop --editable --build-directory /home/rover/kameyama_ws/build/bt_generator/build --no-deps symlink_data
[3.518s] running develop
[3.518s] running egg_info
[3.518s] creating bt_generator.egg-info
[3.519s] writing bt_generator.egg-info/PKG-INFO
[3.519s] writing dependency_links to bt_generator.egg-info/dependency_links.txt
[3.519s] writing entry points to bt_generator.egg-info/entry_points.txt
[3.519s] writing requirements to bt_generator.egg-info/requires.txt
[3.519s] writing top-level names to bt_generator.egg-info/top_level.txt
[3.526s] writing manifest file 'bt_generator.egg-info/SOURCES.txt'
[3.665s] reading manifest file 'bt_generator.egg-info/SOURCES.txt'
[3.666s] writing manifest file 'bt_generator.egg-info/SOURCES.txt'
[3.737s] running build_ext
[3.737s] Creating /home/rover/kameyama_ws/install/bt_generator/lib/python3.10/site-packages/bt-generator.egg-link (link to .)
[3.740s] Installing bt_commander script to /home/rover/kameyama_ws/install/bt_generator/lib/bt_generator
[3.740s] Installing bt_generator_bebop_base script to /home/rover/kameyama_ws/install/bt_generator/lib/bt_generator
[3.740s] Installing bt_generator_service script to /home/rover/kameyama_ws/install/bt_generator/lib/bt_generator
[3.740s] Installing bt_generator_service_bebop script to /home/rover/kameyama_ws/install/bt_generator/lib/bt_generator
[3.740s] Installing bt_nav_generator script to /home/rover/kameyama_ws/install/bt_generator/lib/bt_generator
[3.740s] Installing bt_send_xml script to /home/rover/kameyama_ws/install/bt_generator/lib/bt_generator
[3.740s] Installing receive_send_xml script to /home/rover/kameyama_ws/install/bt_generator/lib/bt_generator
[3.740s] 
[3.740s] Installed /home/rover/kameyama_ws/build/bt_generator
[3.741s] running symlink_data
[3.741s] creating /home/rover/kameyama_ws/install/bt_generator/share/ament_index
[3.741s] creating /home/rover/kameyama_ws/install/bt_generator/share/ament_index/resource_index
[3.741s] creating /home/rover/kameyama_ws/install/bt_generator/share/ament_index/resource_index/packages
[3.741s] symbolically linking /home/rover/kameyama_ws/build/bt_generator/resource/bt_generator -> /home/rover/kameyama_ws/install/bt_generator/share/ament_index/resource_index/packages
[3.741s] symbolically linking /home/rover/kameyama_ws/build/bt_generator/package.xml -> /home/rover/kameyama_ws/install/bt_generator/share/bt_generator
[3.741s] symbolically linking /home/rover/kameyama_ws/build/bt_generator/launch/bt_nav_generator_launch.py -> /home/rover/kameyama_ws/install/bt_generator/share/bt_generator
[3.741s] symbolically linking /home/rover/kameyama_ws/build/bt_generator/launch/bt_commander_bebop_launch.py -> /home/rover/kameyama_ws/install/bt_generator/share/bt_generator
[3.741s] symbolically linking /home/rover/kameyama_ws/build/bt_generator/launch/bt_commander_launch.py -> /home/rover/kameyama_ws/install/bt_generator/share/bt_generator
[3.741s] symbolically linking /home/rover/kameyama_ws/build/bt_generator/launch/bt_generator_bebop_launch.py -> /home/rover/kameyama_ws/install/bt_generator/share/bt_generator
[3.741s] symbolically linking /home/rover/kameyama_ws/build/bt_generator/launch/receive_send_xml_launch.py -> /home/rover/kameyama_ws/install/bt_generator/share/bt_generator
[3.741s] symbolically linking /home/rover/kameyama_ws/build/bt_generator/launch/bt_send_xml_launch.py -> /home/rover/kameyama_ws/install/bt_generator/share/bt_generator
[3.741s] symbolically linking /home/rover/kameyama_ws/build/bt_generator/launch/bt_generator_launch.py -> /home/rover/kameyama_ws/install/bt_generator/share/bt_generator
[3.742s] symbolically linking /home/rover/kameyama_ws/build/bt_generator/bt_xml/subtree.xml -> /home/rover/kameyama_ws/install/bt_generator/share/bt_generator
[3.742s] symbolically linking /home/rover/kameyama_ws/build/bt_generator/bt_xml/navigation (4 番目のコピー).xml -> /home/rover/kameyama_ws/install/bt_generator/share/bt_generator
[3.742s] symbolically linking /home/rover/kameyama_ws/build/bt_generator/bt_xml/navigation (copy).xml -> /home/rover/kameyama_ws/install/bt_generator/share/bt_generator
[3.742s] symbolically linking /home/rover/kameyama_ws/build/bt_generator/bt_xml/navigation (koborino).xml -> /home/rover/kameyama_ws/install/bt_generator/share/bt_generator
[3.742s] symbolically linking /home/rover/kameyama_ws/build/bt_generator/bt_xml/navigation (コピー).xml -> /home/rover/kameyama_ws/install/bt_generator/share/bt_generator
[3.742s] symbolically linking /home/rover/kameyama_ws/build/bt_generator/bt_xml/youbot.xml -> /home/rover/kameyama_ws/install/bt_generator/share/bt_generator
[3.742s] symbolically linking /home/rover/kameyama_ws/build/bt_generator/bt_xml/navigation (別のコピー).xml -> /home/rover/kameyama_ws/install/bt_generator/share/bt_generator
[3.742s] symbolically linking /home/rover/kameyama_ws/build/bt_generator/bt_xml/navigation().xml -> /home/rover/kameyama_ws/install/bt_generator/share/bt_generator
[3.742s] symbolically linking /home/rover/kameyama_ws/build/bt_generator/bt_xml/navigation (3 番目のコピー).xml -> /home/rover/kameyama_ws/install/bt_generator/share/bt_generator
[3.742s] symbolically linking /home/rover/kameyama_ws/build/bt_generator/bt_xml/navigation.xml -> /home/rover/kameyama_ws/install/bt_generator/share/bt_generator
[3.742s] symbolically linking /home/rover/kameyama_ws/build/bt_generator/bt_xml/navigation (本番用　こぼり).xml -> /home/rover/kameyama_ws/install/bt_generator/share/bt_generator
[3.949s] Invoked command in '/home/rover/kameyama_ws/build/bt_generator' returned '0': PYTHONPATH=/home/rover/kameyama_ws/build/bt_generator/prefix_override:/usr/lib/python3/dist-packages/colcon_core/task/python/colcon_distutils_commands:/home/rover/kameyama_ws/install/bt_generator/lib/python3.10/site-packages:${PYTHONPATH} /usr/bin/python3 -W ignore:setup.py install is deprecated -W ignore:easy_install command is deprecated setup.py develop --editable --build-directory /home/rover/kameyama_ws/build/bt_generator/build --no-deps symlink_data
