Traceback (most recent call last):
  File "/home/das-note-021/amir_kameyama_ws/build/failure_detection_msgs/ament_cmake_python/failure_detection_msgs/setup.py", line 1, in <module>
    from setuptools import find_packages
  File "/usr/lib/python3/dist-packages/setuptools/__init__.py", line 16, in <module>
    import setuptools.version
  File "/usr/lib/python3/dist-packages/setuptools/version.py", line 1, in <module>
    import pkg_resources
  File "/usr/lib/python3/dist-packages/pkg_resources/__init__.py", line 78, in <module>
    __import__('pkg_resources.extern.packaging.requirements')
  File "/usr/lib/python3/dist-packages/pkg_resources/_vendor/packaging/requirements.py", line 10, in <module>
gmake[2]: *** [CMakeFiles/failure_detection_msgs__rosidl_generator_py.dir/build.make:226: CMakeFiles/failure_detection_msgs__rosidl_generator_py.dir/depend] Interrupt
gmake[1]: *** [CMakeFiles/Makefile2:474: CMakeFiles/failure_detection_msgs__rosidl_generator_py.dir/all] Interrupt
    from pkg_resources.extern.pyparsing import (  # noqa
  File "<frozen importlib._bootstrap>", line 1027, in _find_and_load
  File "<frozen importlib._bootstrap>", line 1006, in _find_and_load_unlocked
  File "<frozen importlib._bootstrap>", line 674, in _load_unlocked
  File "<frozen importlib._bootstrap>", line 571, in module_from_spec
  File "/usr/lib/python3/dist-packages/pkg_resources/extern/__init__.py", line 52, in create_module
    return self.load_module(spec.name)
  File "/usr/lib/python3/dist-packages/pkg_resources/extern/__init__.py", line 37, in load_module
    __import__(extant)
  File "/usr/lib/python3/dist-packages/pkg_resources/_vendor/pyparsing.py", line 89, in <module>
    import pprint
  File "/usr/lib/python3.10/pprint.py", line 38, in <module>
    import dataclasses as _dataclasses
  File "/usr/lib/python3.10/dataclasses.py", line 172, in <module>
    class FrozenInstanceError(AttributeError): pass
KeyboardInterrupt
gmake[2]: *** [CMakeFiles/ament_cmake_python_build_failure_detection_msgs_egg.dir/build.make:70: CMakeFiles/ament_cmake_python_build_failure_detection_msgs_egg] Interrupt
gmake[1]: *** [CMakeFiles/Makefile2:447: CMakeFiles/ament_cmake_python_build_failure_detection_msgs_egg.dir/all] Interrupt
gmake: *** [Makefile:146: all] Interrupt
