[  1%] Built target my_nav_msgs__cpp
[  1%] Built target ament_cmake_python_symlink_my_nav_msgs
[ 12%] Built target my_nav_msgs__rosidl_generator_c
[ 23%] Built target my_nav_msgs__rosidl_typesupport_fastrtps_cpp
[ 34%] Built target my_nav_msgs__rosidl_typesupport_introspection_cpp
[ 45%] Built target my_nav_msgs__rosidl_typesupport_c
[ 56%] Built target my_nav_msgs__rosidl_typesupport_introspection_c
[ 67%] Built target my_nav_msgs__rosidl_typesupport_cpp
[ 78%] Built target my_nav_msgs__rosidl_typesupport_fastrtps_c
[ 78%] Built target my_nav_msgs
[ 80%] Built target my_nav_msgs__py
[ 89%] Built target my_nav_msgs__rosidl_generator_py
[ 92%] Built target my_nav_msgs__rosidl_typesupport_introspection_c__pyext
[ 96%] Built target my_nav_msgs__rosidl_typesupport_c__pyext
[100%] Built target my_nav_msgs__rosidl_typesupport_fastrtps_c__pyext
running egg_info
writing my_nav_msgs.egg-info/PKG-INFO
writing dependency_links to my_nav_msgs.egg-info/dependency_links.txt
interrupted
gmake[2]: *** [CMakeFiles/ament_cmake_python_build_my_nav_msgs_egg.dir/build.make:70: CMakeFiles/ament_cmake_python_build_my_nav_msgs_egg] 割り込み
gmake[1]: *** [CMakeFiles/Makefile2:447: CMakeFiles/ament_cmake_python_build_my_nav_msgs_egg.dir/all] 割り込み
gmake: *** [Makefile:146: all] 割り込み
