[0.061s] Invoking command in '/home/rover/kameyama_ws/build/bebop_msgs': CMAKE_PREFIX_PATH=${CMAKE_PREFIX_PATH}:/home/rover/amir_basic_ws/install/nav2_simple_commander:/home/rover/amir_basic_ws/install/camera_calibration:/opt/ros/humble /usr/bin/cmake --build /home/rover/kameyama_ws/build/bebop_msgs -- -j12 -l12
[1.212s] [  3%] Built target bebop_msgs__cpp
[1.212s] [ 12%] Built target bebop_msgs__rosidl_generator_c
[1.212s] [ 12%] Built target ament_cmake_python_symlink_bebop_msgs
[1.213s] [ 25%] Built target bebop_msgs__rosidl_typesupport_cpp
[1.214s] [ 32%] Built target bebop_msgs__rosidl_typesupport_introspection_cpp
[1.215s] [ 41%] Built target bebop_msgs__rosidl_typesupport_fastrtps_cpp
[1.215s] [ 51%] Built target bebop_msgs__rosidl_typesupport_fastrtps_c
[1.215s] [ 61%] Built target bebop_msgs__rosidl_typesupport_c
[1.215s] [ 70%] Built target bebop_msgs__rosidl_typesupport_introspection_c
[1.215s] [ 70%] Built target bebop_msgs
[1.216s] [ 74%] Built target bebop_msgs__py
[1.216s] [ 80%] Built target bebop_msgs__rosidl_generator_py
[1.216s] [ 87%] Built target bebop_msgs__rosidl_typesupport_introspection_c__pyext
[1.224s] [ 93%] Built target bebop_msgs__rosidl_typesupport_fastrtps_c__pyext
[1.224s] [100%] Built target bebop_msgs__rosidl_typesupport_c__pyext
[1.224s] running egg_info
[1.227s] writing bebop_msgs.egg-info/PKG-INFO
[1.279s] writing dependency_links to bebop_msgs.egg-info/dependency_links.txt
[1.559s] writing top-level names to bebop_msgs.egg-info/top_level.txt
[1.652s] reading manifest file 'bebop_msgs.egg-info/SOURCES.txt'
[1.653s] writing manifest file 'bebop_msgs.egg-info/SOURCES.txt'
[1.714s] [100%] Built target ament_cmake_python_build_bebop_msgs_egg
[2.114s] Invoked command in '/home/rover/kameyama_ws/build/bebop_msgs' returned '0': CMAKE_PREFIX_PATH=${CMAKE_PREFIX_PATH}:/home/rover/amir_basic_ws/install/nav2_simple_commander:/home/rover/amir_basic_ws/install/camera_calibration:/opt/ros/humble /usr/bin/cmake --build /home/rover/kameyama_ws/build/bebop_msgs -- -j12 -l12
[2.115s] Invoking command in '/home/rover/kameyama_ws/build/bebop_msgs': CMAKE_PREFIX_PATH=${CMAKE_PREFIX_PATH}:/home/rover/amir_basic_ws/install/nav2_simple_commander:/home/rover/amir_basic_ws/install/camera_calibration:/opt/ros/humble /usr/bin/cmake --install /home/rover/kameyama_ws/build/bebop_msgs
[2.146s] -- Install configuration: ""
[2.146s] -- Execute custom install script
[2.146s] -- Up-to-date symlink: /home/rover/kameyama_ws/install/bebop_msgs/share/ament_index/resource_index/rosidl_interfaces/bebop_msgs
[2.146s] -- Up-to-date symlink: /home/rover/kameyama_ws/install/bebop_msgs/include/bebop_msgs/bebop_msgs/msg/box_corner.h
[2.146s] -- Up-to-date symlink: /home/rover/kameyama_ws/install/bebop_msgs/include/bebop_msgs/bebop_msgs/msg/detail/box_corner__functions.h
[2.146s] -- Up-to-date symlink: /home/rover/kameyama_ws/install/bebop_msgs/include/bebop_msgs/bebop_msgs/msg/detail/box_corner__struct.h
[2.146s] -- Up-to-date symlink: /home/rover/kameyama_ws/install/bebop_msgs/include/bebop_msgs/bebop_msgs/msg/detail/box_corner__type_support.h
[2.146s] -- Up-to-date symlink: /home/rover/kameyama_ws/install/bebop_msgs/include/bebop_msgs/bebop_msgs/msg/rosidl_generator_c__visibility_control.h
[2.146s] -- Up-to-date symlink: /home/rover/kameyama_ws/install/bebop_msgs/share/bebop_msgs/environment/library_path.sh
[2.146s] -- Up-to-date symlink: /home/rover/kameyama_ws/install/bebop_msgs/share/bebop_msgs/environment/library_path.dsv
[2.146s] -- Up-to-date symlink: /home/rover/kameyama_ws/install/bebop_msgs/include/bebop_msgs/bebop_msgs/msg/detail/box_corner__rosidl_typesupport_fastrtps_c.h
[2.147s] -- Up-to-date symlink: /home/rover/kameyama_ws/install/bebop_msgs/include/bebop_msgs/bebop_msgs/msg/rosidl_typesupport_fastrtps_c__visibility_control.h
[2.147s] -- Up-to-date symlink: /home/rover/kameyama_ws/install/bebop_msgs/include/bebop_msgs/bebop_msgs/msg/box_corner.hpp
[2.147s] -- Up-to-date symlink: /home/rover/kameyama_ws/install/bebop_msgs/include/bebop_msgs/bebop_msgs/msg/detail/box_corner__builder.hpp
[2.147s] -- Up-to-date symlink: /home/rover/kameyama_ws/install/bebop_msgs/include/bebop_msgs/bebop_msgs/msg/detail/box_corner__struct.hpp
[2.147s] -- Up-to-date symlink: /home/rover/kameyama_ws/install/bebop_msgs/include/bebop_msgs/bebop_msgs/msg/detail/box_corner__traits.hpp
[2.147s] -- Up-to-date symlink: /home/rover/kameyama_ws/install/bebop_msgs/include/bebop_msgs/bebop_msgs/msg/detail/box_corner__type_support.hpp
[2.147s] -- Up-to-date symlink: /home/rover/kameyama_ws/install/bebop_msgs/include/bebop_msgs/bebop_msgs/msg/rosidl_generator_cpp__visibility_control.hpp
[2.147s] -- Up-to-date symlink: /home/rover/kameyama_ws/install/bebop_msgs/include/bebop_msgs/bebop_msgs/msg/detail/box_corner__rosidl_typesupport_fastrtps_cpp.hpp
[2.147s] -- Up-to-date symlink: /home/rover/kameyama_ws/install/bebop_msgs/include/bebop_msgs/bebop_msgs/msg/rosidl_typesupport_fastrtps_cpp__visibility_control.h
[2.147s] -- Up-to-date symlink: /home/rover/kameyama_ws/install/bebop_msgs/include/bebop_msgs/bebop_msgs/msg/detail/box_corner__rosidl_typesupport_introspection_c.h
[2.147s] -- Up-to-date symlink: /home/rover/kameyama_ws/install/bebop_msgs/include/bebop_msgs/bebop_msgs/msg/rosidl_typesupport_introspection_c__visibility_control.h
[2.147s] -- Up-to-date symlink: /home/rover/kameyama_ws/install/bebop_msgs/include/bebop_msgs/bebop_msgs/msg/detail/box_corner__rosidl_typesupport_introspection_cpp.hpp
[2.147s] -- Up-to-date symlink: /home/rover/kameyama_ws/install/bebop_msgs/share/bebop_msgs/environment/pythonpath.sh
[2.147s] -- Up-to-date symlink: /home/rover/kameyama_ws/install/bebop_msgs/share/bebop_msgs/environment/pythonpath.dsv
[2.147s] -- Up-to-date symlink: /home/rover/kameyama_ws/install/bebop_msgs/local/lib/python3.10/dist-packages/bebop_msgs-0.0.0-py3.10.egg-info/PKG-INFO
[2.147s] -- Up-to-date symlink: /home/rover/kameyama_ws/install/bebop_msgs/local/lib/python3.10/dist-packages/bebop_msgs-0.0.0-py3.10.egg-info/SOURCES.txt
[2.147s] -- Up-to-date symlink: /home/rover/kameyama_ws/install/bebop_msgs/local/lib/python3.10/dist-packages/bebop_msgs-0.0.0-py3.10.egg-info/dependency_links.txt
[2.147s] -- Up-to-date symlink: /home/rover/kameyama_ws/install/bebop_msgs/local/lib/python3.10/dist-packages/bebop_msgs-0.0.0-py3.10.egg-info/top_level.txt
[2.147s] -- Up-to-date symlink: /home/rover/kameyama_ws/install/bebop_msgs/local/lib/python3.10/dist-packages/bebop_msgs/__init__.py
[2.147s] -- Up-to-date symlink: /home/rover/kameyama_ws/install/bebop_msgs/local/lib/python3.10/dist-packages/bebop_msgs/_bebop_msgs_s.ep.rosidl_typesupport_c.c
[2.147s] -- Up-to-date symlink: /home/rover/kameyama_ws/install/bebop_msgs/local/lib/python3.10/dist-packages/bebop_msgs/_bebop_msgs_s.ep.rosidl_typesupport_fastrtps_c.c
[2.147s] -- Up-to-date symlink: /home/rover/kameyama_ws/install/bebop_msgs/local/lib/python3.10/dist-packages/bebop_msgs/_bebop_msgs_s.ep.rosidl_typesupport_introspection_c.c
[2.147s] -- Up-to-date symlink: /home/rover/kameyama_ws/install/bebop_msgs/local/lib/python3.10/dist-packages/bebop_msgs/bebop_msgs_s__rosidl_typesupport_c.cpython-310-x86_64-linux-gnu.so
[2.147s] -- Up-to-date symlink: /home/rover/kameyama_ws/install/bebop_msgs/local/lib/python3.10/dist-packages/bebop_msgs/bebop_msgs_s__rosidl_typesupport_fastrtps_c.cpython-310-x86_64-linux-gnu.so
[2.148s] -- Up-to-date symlink: /home/rover/kameyama_ws/install/bebop_msgs/local/lib/python3.10/dist-packages/bebop_msgs/bebop_msgs_s__rosidl_typesupport_introspection_c.cpython-310-x86_64-linux-gnu.so
[2.148s] -- Up-to-date symlink: /home/rover/kameyama_ws/install/bebop_msgs/local/lib/python3.10/dist-packages/bebop_msgs/libbebop_msgs__rosidl_generator_py.so
[2.148s] -- Up-to-date symlink: /home/rover/kameyama_ws/install/bebop_msgs/local/lib/python3.10/dist-packages/bebop_msgs/msg/__init__.py
[2.148s] -- Up-to-date symlink: /home/rover/kameyama_ws/install/bebop_msgs/local/lib/python3.10/dist-packages/bebop_msgs/msg/_box_corner.py
[2.148s] -- Up-to-date symlink: /home/rover/kameyama_ws/install/bebop_msgs/local/lib/python3.10/dist-packages/bebop_msgs/msg/_box_corner_s.c
[2.148s] -- Up-to-date symlink: /home/rover/kameyama_ws/install/bebop_msgs/local/lib/python3.10/dist-packages/bebop_msgs/bebop_msgs_s__rosidl_typesupport_fastrtps_c.cpython-310-x86_64-linux-gnu.so
[2.148s] -- Up-to-date symlink: /home/rover/kameyama_ws/install/bebop_msgs/local/lib/python3.10/dist-packages/bebop_msgs/bebop_msgs_s__rosidl_typesupport_introspection_c.cpython-310-x86_64-linux-gnu.so
[2.148s] -- Up-to-date symlink: /home/rover/kameyama_ws/install/bebop_msgs/local/lib/python3.10/dist-packages/bebop_msgs/bebop_msgs_s__rosidl_typesupport_c.cpython-310-x86_64-linux-gnu.so
[2.149s] -- Up-to-date symlink: /home/rover/kameyama_ws/install/bebop_msgs/share/bebop_msgs/msg/BoxCorner.idl
[2.149s] -- Up-to-date symlink: /home/rover/kameyama_ws/install/bebop_msgs/share/bebop_msgs/msg/BoxCorner.msg
[2.150s] -- Up-to-date symlink: /home/rover/kameyama_ws/install/bebop_msgs/share/ament_index/resource_index/package_run_dependencies/bebop_msgs
[2.150s] -- Up-to-date symlink: /home/rover/kameyama_ws/install/bebop_msgs/share/ament_index/resource_index/parent_prefix_path/bebop_msgs
[2.152s] -- Up-to-date symlink: /home/rover/kameyama_ws/install/bebop_msgs/share/bebop_msgs/environment/ament_prefix_path.sh
[2.152s] -- Up-to-date symlink: /home/rover/kameyama_ws/install/bebop_msgs/share/bebop_msgs/environment/ament_prefix_path.dsv
[2.152s] -- Up-to-date symlink: /home/rover/kameyama_ws/install/bebop_msgs/share/bebop_msgs/environment/path.sh
[2.152s] -- Up-to-date symlink: /home/rover/kameyama_ws/install/bebop_msgs/share/bebop_msgs/environment/path.dsv
[2.152s] -- Up-to-date symlink: /home/rover/kameyama_ws/install/bebop_msgs/share/bebop_msgs/local_setup.bash
[2.153s] -- Up-to-date symlink: /home/rover/kameyama_ws/install/bebop_msgs/share/bebop_msgs/local_setup.sh
[2.153s] -- Up-to-date symlink: /home/rover/kameyama_ws/install/bebop_msgs/share/bebop_msgs/local_setup.zsh
[2.153s] -- Up-to-date symlink: /home/rover/kameyama_ws/install/bebop_msgs/share/bebop_msgs/local_setup.dsv
[2.153s] -- Symlinking: /home/rover/kameyama_ws/install/bebop_msgs/share/bebop_msgs/package.dsv
[2.166s] -- Up-to-date symlink: /home/rover/kameyama_ws/install/bebop_msgs/share/ament_index/resource_index/packages/bebop_msgs
[2.166s] -- Up-to-date symlink: /home/rover/kameyama_ws/install/bebop_msgs/share/bebop_msgs/cmake/rosidl_cmake-extras.cmake
[2.166s] -- Up-to-date symlink: /home/rover/kameyama_ws/install/bebop_msgs/share/bebop_msgs/cmake/ament_cmake_export_dependencies-extras.cmake
[2.166s] -- Up-to-date symlink: /home/rover/kameyama_ws/install/bebop_msgs/share/bebop_msgs/cmake/ament_cmake_export_include_directories-extras.cmake
[2.166s] -- Up-to-date symlink: /home/rover/kameyama_ws/install/bebop_msgs/share/bebop_msgs/cmake/ament_cmake_export_libraries-extras.cmake
[2.166s] -- Up-to-date symlink: /home/rover/kameyama_ws/install/bebop_msgs/share/bebop_msgs/cmake/ament_cmake_export_targets-extras.cmake
[2.167s] -- Up-to-date symlink: /home/rover/kameyama_ws/install/bebop_msgs/share/bebop_msgs/cmake/rosidl_cmake_export_typesupport_targets-extras.cmake
[2.167s] -- Up-to-date symlink: /home/rover/kameyama_ws/install/bebop_msgs/share/bebop_msgs/cmake/rosidl_cmake_export_typesupport_libraries-extras.cmake
[2.167s] -- Up-to-date symlink: /home/rover/kameyama_ws/install/bebop_msgs/share/bebop_msgs/cmake/bebop_msgsConfig.cmake
[2.167s] -- Up-to-date symlink: /home/rover/kameyama_ws/install/bebop_msgs/share/bebop_msgs/cmake/bebop_msgsConfig-version.cmake
[2.167s] -- Up-to-date symlink: /home/rover/kameyama_ws/install/bebop_msgs/share/bebop_msgs/package.xml
[2.177s] -- Up-to-date: /home/rover/kameyama_ws/install/bebop_msgs/lib/libbebop_msgs__rosidl_generator_c.so
[2.177s] -- Up-to-date: /home/rover/kameyama_ws/install/bebop_msgs/lib/libbebop_msgs__rosidl_typesupport_fastrtps_c.so
[2.177s] -- Up-to-date: /home/rover/kameyama_ws/install/bebop_msgs/lib/libbebop_msgs__rosidl_typesupport_fastrtps_cpp.so
[2.177s] -- Up-to-date: /home/rover/kameyama_ws/install/bebop_msgs/lib/libbebop_msgs__rosidl_typesupport_introspection_c.so
[2.177s] -- Up-to-date: /home/rover/kameyama_ws/install/bebop_msgs/lib/libbebop_msgs__rosidl_typesupport_c.so
[2.177s] -- Up-to-date: /home/rover/kameyama_ws/install/bebop_msgs/lib/libbebop_msgs__rosidl_typesupport_introspection_cpp.so
[2.177s] -- Up-to-date: /home/rover/kameyama_ws/install/bebop_msgs/lib/libbebop_msgs__rosidl_typesupport_cpp.so
[2.207s] Listing '/home/rover/kameyama_ws/install/bebop_msgs/local/lib/python3.10/dist-packages/bebop_msgs'...
[2.208s] Listing '/home/rover/kameyama_ws/install/bebop_msgs/local/lib/python3.10/dist-packages/bebop_msgs/msg'...
[2.217s] -- Up-to-date: /home/rover/kameyama_ws/install/bebop_msgs/lib/libbebop_msgs__rosidl_generator_py.so
[2.217s] -- Up-to-date: /home/rover/kameyama_ws/install/bebop_msgs/share/bebop_msgs/cmake/export_bebop_msgs__rosidl_generator_cExport.cmake
[2.217s] -- Up-to-date: /home/rover/kameyama_ws/install/bebop_msgs/share/bebop_msgs/cmake/export_bebop_msgs__rosidl_generator_cExport-noconfig.cmake
[2.217s] -- Up-to-date: /home/rover/kameyama_ws/install/bebop_msgs/share/bebop_msgs/cmake/export_bebop_msgs__rosidl_typesupport_fastrtps_cExport.cmake
[2.217s] -- Up-to-date: /home/rover/kameyama_ws/install/bebop_msgs/share/bebop_msgs/cmake/export_bebop_msgs__rosidl_typesupport_fastrtps_cExport-noconfig.cmake
[2.217s] -- Up-to-date: /home/rover/kameyama_ws/install/bebop_msgs/share/bebop_msgs/cmake/export_bebop_msgs__rosidl_generator_cppExport.cmake
[2.217s] -- Up-to-date: /home/rover/kameyama_ws/install/bebop_msgs/share/bebop_msgs/cmake/export_bebop_msgs__rosidl_typesupport_fastrtps_cppExport.cmake
[2.217s] -- Up-to-date: /home/rover/kameyama_ws/install/bebop_msgs/share/bebop_msgs/cmake/export_bebop_msgs__rosidl_typesupport_fastrtps_cppExport-noconfig.cmake
[2.217s] -- Up-to-date: /home/rover/kameyama_ws/install/bebop_msgs/share/bebop_msgs/cmake/bebop_msgs__rosidl_typesupport_introspection_cExport.cmake
[2.217s] -- Up-to-date: /home/rover/kameyama_ws/install/bebop_msgs/share/bebop_msgs/cmake/bebop_msgs__rosidl_typesupport_introspection_cExport-noconfig.cmake
[2.217s] -- Up-to-date: /home/rover/kameyama_ws/install/bebop_msgs/share/bebop_msgs/cmake/bebop_msgs__rosidl_typesupport_cExport.cmake
[2.217s] -- Up-to-date: /home/rover/kameyama_ws/install/bebop_msgs/share/bebop_msgs/cmake/bebop_msgs__rosidl_typesupport_cExport-noconfig.cmake
[2.217s] -- Up-to-date: /home/rover/kameyama_ws/install/bebop_msgs/share/bebop_msgs/cmake/bebop_msgs__rosidl_typesupport_introspection_cppExport.cmake
[2.217s] -- Up-to-date: /home/rover/kameyama_ws/install/bebop_msgs/share/bebop_msgs/cmake/bebop_msgs__rosidl_typesupport_introspection_cppExport-noconfig.cmake
[2.217s] -- Up-to-date: /home/rover/kameyama_ws/install/bebop_msgs/share/bebop_msgs/cmake/bebop_msgs__rosidl_typesupport_cppExport.cmake
[2.217s] -- Up-to-date: /home/rover/kameyama_ws/install/bebop_msgs/share/bebop_msgs/cmake/bebop_msgs__rosidl_typesupport_cppExport-noconfig.cmake
[2.217s] -- Up-to-date: /home/rover/kameyama_ws/install/bebop_msgs/share/bebop_msgs/cmake/export_bebop_msgs__rosidl_generator_pyExport.cmake
[2.217s] -- Up-to-date: /home/rover/kameyama_ws/install/bebop_msgs/share/bebop_msgs/cmake/export_bebop_msgs__rosidl_generator_pyExport-noconfig.cmake
[2.316s] Invoked command in '/home/rover/kameyama_ws/build/bebop_msgs' returned '0': CMAKE_PREFIX_PATH=${CMAKE_PREFIX_PATH}:/home/rover/amir_basic_ws/install/nav2_simple_commander:/home/rover/amir_basic_ws/install/camera_calibration:/opt/ros/humble /usr/bin/cmake --install /home/rover/kameyama_ws/build/bebop_msgs
