[0.058s] Invoking command in '/home/rover/kameyama_ws/build/bebop_msgs': CMAKE_PREFIX_PATH=${CMAKE_PREFIX_PATH}:/home/rover/kameyama_ws/install/ros2_aruco:/home/rover/kameyama_ws/install/failure_detection:/home/rover/kameyama_ws/install/bt_generator:/home/rover/amir_basic_ws/install/nav2_simple_commander:/home/rover/amir_basic_ws/install/camera_calibration:/opt/ros/humble /usr/bin/cmake --build /home/rover/kameyama_ws/build/bebop_msgs -- -j12 -l12
[0.978s] [  3%] Built target bebop_msgs__cpp
[0.979s] [ 12%] Built target bebop_msgs__rosidl_generator_c
[0.979s] [ 12%] Built target ament_cmake_python_symlink_bebop_msgs
[0.979s] [ 22%] Built target bebop_msgs__rosidl_typesupport_cpp
[0.979s] [ 32%] Built target bebop_msgs__rosidl_typesupport_c
[0.979s] [ 41%] Built target bebop_msgs__rosidl_typesupport_fastrtps_cpp
[0.979s] [ 51%] Built target bebop_msgs__rosidl_typesupport_introspection_c
[0.979s] [ 61%] Built target bebop_msgs__rosidl_typesupport_introspection_cpp
[0.979s] [ 70%] Built target bebop_msgs__rosidl_typesupport_fastrtps_c
[0.979s] [ 70%] Built target bebop_msgs
[0.979s] [ 74%] Built target bebop_msgs__py
[0.979s] [ 80%] Built target bebop_msgs__rosidl_generator_py
[0.979s] [ 87%] Built target bebop_msgs__rosidl_typesupport_fastrtps_c__pyext
[0.979s] [ 93%] Built target bebop_msgs__rosidl_typesupport_introspection_c__pyext
[0.979s] [100%] Built target bebop_msgs__rosidl_typesupport_c__pyext
[0.979s] running egg_info
[0.979s] writing bebop_msgs.egg-info/PKG-INFO
[0.979s] writing dependency_links to bebop_msgs.egg-info/dependency_links.txt
[1.187s] writing top-level names to bebop_msgs.egg-info/top_level.txt
[1.251s] reading manifest file 'bebop_msgs.egg-info/SOURCES.txt'
[1.251s] writing manifest file 'bebop_msgs.egg-info/SOURCES.txt'
[1.296s] [100%] Built target ament_cmake_python_build_bebop_msgs_egg
