[2.181s] Invoking command in '/home/rover/kameyama_ws/build/ros2_aruco': PYTHONPATH=/home/rover/kameyama_ws/build/ros2_aruco/prefix_override:/usr/lib/python3/dist-packages/colcon_core/task/python/colcon_distutils_commands:/home/rover/kameyama_ws/install/ros2_aruco/lib/python3.10/site-packages:${PYTHONPATH} /usr/bin/python3 -W ignore:setup.py install is deprecated -W ignore:easy_install command is deprecated setup.py develop --editable --build-directory /home/rover/kameyama_ws/build/ros2_aruco/build --no-deps symlink_data
[2.976s] running develop
[3.337s] running egg_info
[3.337s] creating ros2_aruco.egg-info
[3.385s] writing ros2_aruco.egg-info/PKG-INFO
[3.417s] writing dependency_links to ros2_aruco.egg-info/dependency_links.txt
[3.510s] writing entry points to ros2_aruco.egg-info/entry_points.txt
[3.563s] writing requirements to ros2_aruco.egg-info/requires.txt
[3.597s] writing top-level names to ros2_aruco.egg-info/top_level.txt
[3.597s] writing manifest file 'ros2_aruco.egg-info/SOURCES.txt'
[3.643s] reading manifest file 'ros2_aruco.egg-info/SOURCES.txt'
[3.643s] writing manifest file 'ros2_aruco.egg-info/SOURCES.txt'
[3.691s] running build_ext
[3.691s] Creating /home/rover/kameyama_ws/install/ros2_aruco/lib/python3.10/site-packages/ros2-aruco.egg-link (link to .)
[3.692s] Installing aruco_generate_marker script to /home/rover/kameyama_ws/install/ros2_aruco/lib/ros2_aruco
[3.692s] Installing aruco_node script to /home/rover/kameyama_ws/install/ros2_aruco/lib/ros2_aruco
[3.693s] 
[3.693s] Installed /home/rover/kameyama_ws/build/ros2_aruco
[3.693s] running symlink_data
[3.693s] creating /home/rover/kameyama_ws/install/ros2_aruco/share/ament_index
[3.694s] creating /home/rover/kameyama_ws/install/ros2_aruco/share/ament_index/resource_index
[3.694s] creating /home/rover/kameyama_ws/install/ros2_aruco/share/ament_index/resource_index/packages
[3.694s] symbolically linking /home/rover/kameyama_ws/build/ros2_aruco/resource/ros2_aruco -> /home/rover/kameyama_ws/install/ros2_aruco/share/ament_index/resource_index/packages
[3.694s] symbolically linking /home/rover/kameyama_ws/build/ros2_aruco/package.xml -> /home/rover/kameyama_ws/install/ros2_aruco/share/ros2_aruco
[3.694s] creating /home/rover/kameyama_ws/install/ros2_aruco/share/ros2_aruco/launch
[3.695s] symbolically linking /home/rover/kameyama_ws/build/ros2_aruco/launch/aruco_recognition.launch.py -> /home/rover/kameyama_ws/install/ros2_aruco/share/ros2_aruco/launch
[3.695s] creating /home/rover/kameyama_ws/install/ros2_aruco/share/ros2_aruco/config
[3.697s] symbolically linking /home/rover/kameyama_ws/build/ros2_aruco/config/aruco_parameters.yaml -> /home/rover/kameyama_ws/install/ros2_aruco/share/ros2_aruco/config
[3.787s] Invoked command in '/home/rover/kameyama_ws/build/ros2_aruco' returned '0': PYTHONPATH=/home/rover/kameyama_ws/build/ros2_aruco/prefix_override:/usr/lib/python3/dist-packages/colcon_core/task/python/colcon_distutils_commands:/home/rover/kameyama_ws/install/ros2_aruco/lib/python3.10/site-packages:${PYTHONPATH} /usr/bin/python3 -W ignore:setup.py install is deprecated -W ignore:easy_install command is deprecated setup.py develop --editable --build-directory /home/rover/kameyama_ws/build/ros2_aruco/build --no-deps symlink_data
