[0.074s] Invoking command in '/home/rover/kameyama_ws/build/behavior_tree_msgs': CMAKE_PREFIX_PATH=${CMAKE_PREFIX_PATH}:/home/rover/kameyama_ws/install/ros2_aruco:/home/rover/kameyama_ws/install/failure_detection:/home/rover/kameyama_ws/install/bt_generator:/home/rover/amir_basic_ws/install/nav2_simple_commander:/home/rover/amir_basic_ws/install/camera_calibration:/opt/ros/humble /usr/bin/cmake --build /home/rover/kameyama_ws/build/behavior_tree_msgs -- -j12 -l12
[0.960s] [  0%] Built target behavior_tree_msgs__cpp
[0.960s] [  0%] Built target ament_cmake_python_symlink_behavior_tree_msgs
[0.960s] [ 12%] Built target behavior_tree_msgs__rosidl_generator_c
[0.960s] [ 24%] Built target behavior_tree_msgs__rosidl_typesupport_cpp
[0.961s] [ 36%] Built target behavior_tree_msgs__rosidl_typesupport_c
[0.961s] [ 49%] Built target behavior_tree_msgs__rosidl_typesupport_introspection_cpp
[0.961s] [ 61%] Built target behavior_tree_msgs__rosidl_typesupport_fastrtps_cpp
[0.961s] [ 74%] Built target behavior_tree_msgs__rosidl_typesupport_introspection_c
[0.961s] [ 86%] Built target behavior_tree_msgs__rosidl_typesupport_fastrtps_c
[0.961s] [ 86%] Built target behavior_tree_msgs
[0.962s] [ 86%] Built target behavior_tree_msgs__py
[0.962s] [ 98%] Built target behavior_tree_msgs__rosidl_generator_py
[0.962s] [ 99%] Built target behavior_tree_msgs__rosidl_typesupport_fastrtps_c__pyext
[0.962s] [ 99%] Built target behavior_tree_msgs__rosidl_typesupport_introspection_c__pyext
[0.962s] [100%] Built target behavior_tree_msgs__rosidl_typesupport_c__pyext
[1.031s] running egg_info
[1.093s] writing behavior_tree_msgs.egg-info/PKG-INFO
[1.140s] writing dependency_links to behavior_tree_msgs.egg-info/dependency_links.txt
[1.153s] interrupted
[1.192s] gmake[2]: *** [CMakeFiles/ament_cmake_python_build_behavior_tree_msgs_egg.dir/build.make:70: CMakeFiles/ament_cmake_python_build_behavior_tree_msgs_egg] 割り込み
[1.193s] gmake[1]: *** [CMakeFiles/Makefile2:447: CMakeFiles/ament_cmake_python_build_behavior_tree_msgs_egg.dir/all] 割り込み
[1.193s] gmake: *** [Makefile:146: all] 割り込み
