[0.031s] Invoking command in '/home/das-note-021/amir_kameyama_ws/build/amir_navigation': CMAKE_PREFIX_PATH=${CMAKE_PREFIX_PATH}:/home/das-note-021/amir_kameyama_ws/install/failure_detection:/home/das-note-021/amir_kameyama_ws/install/bt_generator:/home/das-note-021/kameyama_ws/install/ros2_aruco:/home/das-note-021/kameyama_ws/install/failure_detection:/home/das-note-021/kameyama_ws/install/bt_generator:/opt/ros/humble /usr/bin/cmake /home/das-note-021/amir_kameyama_ws/src/amir_navigation -DAMENT_CMAKE_SYMLINK_INSTALL=1 -DCMAKE_INSTALL_PREFIX=/home/das-note-021/amir_kameyama_ws/install/amir_navigation
[0.217s] -- The C compiler identification is GNU 11.4.0
[0.218s] -- The CXX compiler identification is GNU 11.4.0
[0.218s] -- Detecting C compiler ABI info
[0.218s] -- Detecting C compiler ABI info - done
[0.218s] -- Check for working C compiler: /usr/bin/cc - skipped
[0.218s] -- Detecting C compile features
[0.218s] -- Detecting C compile features - done
[0.218s] -- Detecting CXX compiler ABI info
[0.262s] -- Detecting CXX compiler ABI info - done
[0.270s] -- Check for working CXX compiler: /usr/bin/c++ - skipped
[0.270s] -- Detecting CXX compile features
[0.270s] -- Detecting CXX compile features - done
[0.275s] -- Found ament_cmake: 1.3.11 (/opt/ros/humble/share/ament_cmake/cmake)
[0.434s] -- Found Python3: /usr/bin/python3 (found version "3.10.12") found components: Interpreter 
[0.500s] -- Override CMake install command with custom implementation using symlinks instead of copying resources
[0.542s] -- Found ament_lint_auto: 0.12.12 (/opt/ros/humble/share/ament_lint_auto/cmake)
[0.629s] -- Added test 'lint_cmake' to check CMake code style
[0.631s] -- Added test 'xmllint' to check XML markup files
[0.633s] -- Configuring done
[0.636s] -- Generating done
[0.637s] -- Build files have been written to: /home/das-note-021/amir_kameyama_ws/build/amir_navigation
[0.643s] Invoked command in '/home/das-note-021/amir_kameyama_ws/build/amir_navigation' returned '0': CMAKE_PREFIX_PATH=${CMAKE_PREFIX_PATH}:/home/das-note-021/amir_kameyama_ws/install/failure_detection:/home/das-note-021/amir_kameyama_ws/install/bt_generator:/home/das-note-021/kameyama_ws/install/ros2_aruco:/home/das-note-021/kameyama_ws/install/failure_detection:/home/das-note-021/kameyama_ws/install/bt_generator:/opt/ros/humble /usr/bin/cmake /home/das-note-021/amir_kameyama_ws/src/amir_navigation -DAMENT_CMAKE_SYMLINK_INSTALL=1 -DCMAKE_INSTALL_PREFIX=/home/das-note-021/amir_kameyama_ws/install/amir_navigation
[0.645s] Invoking command in '/home/das-note-021/amir_kameyama_ws/build/amir_navigation': CMAKE_PREFIX_PATH=${CMAKE_PREFIX_PATH}:/home/das-note-021/amir_kameyama_ws/install/failure_detection:/home/das-note-021/amir_kameyama_ws/install/bt_generator:/home/das-note-021/kameyama_ws/install/ros2_aruco:/home/das-note-021/kameyama_ws/install/failure_detection:/home/das-note-021/kameyama_ws/install/bt_generator:/opt/ros/humble /usr/bin/cmake --build /home/das-note-021/amir_kameyama_ws/build/amir_navigation -- -j22 -l22
[0.696s] Invoked command in '/home/das-note-021/amir_kameyama_ws/build/amir_navigation' returned '0': CMAKE_PREFIX_PATH=${CMAKE_PREFIX_PATH}:/home/das-note-021/amir_kameyama_ws/install/failure_detection:/home/das-note-021/amir_kameyama_ws/install/bt_generator:/home/das-note-021/kameyama_ws/install/ros2_aruco:/home/das-note-021/kameyama_ws/install/failure_detection:/home/das-note-021/kameyama_ws/install/bt_generator:/opt/ros/humble /usr/bin/cmake --build /home/das-note-021/amir_kameyama_ws/build/amir_navigation -- -j22 -l22
[0.710s] Invoking command in '/home/das-note-021/amir_kameyama_ws/build/amir_navigation': CMAKE_PREFIX_PATH=${CMAKE_PREFIX_PATH}:/home/das-note-021/amir_kameyama_ws/install/failure_detection:/home/das-note-021/amir_kameyama_ws/install/bt_generator:/home/das-note-021/kameyama_ws/install/ros2_aruco:/home/das-note-021/kameyama_ws/install/failure_detection:/home/das-note-021/kameyama_ws/install/bt_generator:/opt/ros/humble /usr/bin/cmake --install /home/das-note-021/amir_kameyama_ws/build/amir_navigation
[0.719s] -- Install configuration: ""
[0.719s] -- Execute custom install script
[0.720s] -- Symlinking: /home/das-note-021/amir_kameyama_ws/install/amir_navigation/share/ament_index/resource_index/package_run_dependencies/amir_navigation
[0.729s] -- Symlinking: /home/das-note-021/amir_kameyama_ws/install/amir_navigation/share/ament_index/resource_index/parent_prefix_path/amir_navigation
[0.736s] -- Symlinking: /home/das-note-021/amir_kameyama_ws/install/amir_navigation/share/amir_navigation/environment/ament_prefix_path.sh
[0.742s] -- Symlinking: /home/das-note-021/amir_kameyama_ws/install/amir_navigation/share/amir_navigation/environment/ament_prefix_path.dsv
[0.749s] -- Symlinking: /home/das-note-021/amir_kameyama_ws/install/amir_navigation/share/amir_navigation/environment/path.sh
[0.755s] -- Symlinking: /home/das-note-021/amir_kameyama_ws/install/amir_navigation/share/amir_navigation/environment/path.dsv
[0.762s] -- Symlinking: /home/das-note-021/amir_kameyama_ws/install/amir_navigation/share/amir_navigation/local_setup.bash
[0.774s] -- Symlinking: /home/das-note-021/amir_kameyama_ws/install/amir_navigation/share/amir_navigation/local_setup.sh
[0.780s] -- Symlinking: /home/das-note-021/amir_kameyama_ws/install/amir_navigation/share/amir_navigation/local_setup.zsh
[0.787s] -- Symlinking: /home/das-note-021/amir_kameyama_ws/install/amir_navigation/share/amir_navigation/local_setup.dsv
[0.793s] -- Symlinking: /home/das-note-021/amir_kameyama_ws/install/amir_navigation/share/amir_navigation/package.dsv
[0.799s] -- Symlinking: /home/das-note-021/amir_kameyama_ws/install/amir_navigation/share/ament_index/resource_index/packages/amir_navigation
[0.806s] -- Symlinking: /home/das-note-021/amir_kameyama_ws/install/amir_navigation/share/amir_navigation/cmake/amir_navigationConfig.cmake
[0.813s] -- Symlinking: /home/das-note-021/amir_kameyama_ws/install/amir_navigation/share/amir_navigation/cmake/amir_navigationConfig-version.cmake
[0.819s] -- Symlinking: /home/das-note-021/amir_kameyama_ws/install/amir_navigation/share/amir_navigation/package.xml
[0.829s] Invoked command in '/home/das-note-021/amir_kameyama_ws/build/amir_navigation' returned '0': CMAKE_PREFIX_PATH=${CMAKE_PREFIX_PATH}:/home/das-note-021/amir_kameyama_ws/install/failure_detection:/home/das-note-021/amir_kameyama_ws/install/bt_generator:/home/das-note-021/kameyama_ws/install/ros2_aruco:/home/das-note-021/kameyama_ws/install/failure_detection:/home/das-note-021/kameyama_ws/install/bt_generator:/opt/ros/humble /usr/bin/cmake --install /home/das-note-021/amir_kameyama_ws/build/amir_navigation
