[  9%] Built target line_msg__rosidl_generator_c
[ 12%] Built target line_msg__cpp
[ 12%] Built target ament_cmake_python_symlink_line_msg
[ 22%] Built target line_msg__rosidl_typesupport_fastrtps_c
[ 32%] Built target line_msg__rosidl_typesupport_introspection_c
[ 41%] Built target line_msg__rosidl_typesupport_fastrtps_cpp
[ 51%] Built target line_msg__rosidl_typesupport_c
[ 61%] Built target line_msg__rosidl_typesupport_introspection_cpp
[ 70%] Built target line_msg__rosidl_typesupport_cpp
[ 70%] Built target line_msg
[ 74%] Built target line_msg__py
[ 80%] Built target line_msg__rosidl_generator_py
[ 87%] Built target line_msg__rosidl_typesupport_fastrtps_c__pyext
[100%] Built target line_msg__rosidl_typesupport_introspection_c__pyext
[100%] Built target line_msg__rosidl_typesupport_c__pyext
running egg_info
writing line_msg.egg-info/PKG-INFO
writing dependency_links to line_msg.egg-info/dependency_links.txt
writing top-level names to line_msg.egg-info/top_level.txt
reading manifest file 'line_msg.egg-info/SOURCES.txt'
writing manifest file 'line_msg.egg-info/SOURCES.txt'
[100%] Built target ament_cmake_python_build_line_msg_egg
-- Install configuration: ""
-- Execute custom install script
-- Up-to-date symlink: /home/rover/kameyama_ws/install/line_msg/share/ament_index/resource_index/rosidl_interfaces/line_msg
-- Up-to-date symlink: /home/rover/kameyama_ws/install/line_msg/include/line_msg/line_msg/msg/box_corner.h
-- Up-to-date symlink: /home/rover/kameyama_ws/install/line_msg/include/line_msg/line_msg/msg/detail/box_corner__functions.h
-- Up-to-date symlink: /home/rover/kameyama_ws/install/line_msg/include/line_msg/line_msg/msg/detail/box_corner__struct.h
-- Up-to-date symlink: /home/rover/kameyama_ws/install/line_msg/include/line_msg/line_msg/msg/detail/box_corner__type_support.h
-- Up-to-date symlink: /home/rover/kameyama_ws/install/line_msg/include/line_msg/line_msg/msg/rosidl_generator_c__visibility_control.h
-- Up-to-date symlink: /home/rover/kameyama_ws/install/line_msg/share/line_msg/environment/library_path.sh
-- Up-to-date symlink: /home/rover/kameyama_ws/install/line_msg/share/line_msg/environment/library_path.dsv
-- Up-to-date symlink: /home/rover/kameyama_ws/install/line_msg/include/line_msg/line_msg/msg/detail/box_corner__rosidl_typesupport_fastrtps_c.h
-- Up-to-date symlink: /home/rover/kameyama_ws/install/line_msg/include/line_msg/line_msg/msg/rosidl_typesupport_fastrtps_c__visibility_control.h
-- Up-to-date symlink: /home/rover/kameyama_ws/install/line_msg/include/line_msg/line_msg/msg/box_corner.hpp
-- Up-to-date symlink: /home/rover/kameyama_ws/install/line_msg/include/line_msg/line_msg/msg/detail/box_corner__builder.hpp
-- Up-to-date symlink: /home/rover/kameyama_ws/install/line_msg/include/line_msg/line_msg/msg/detail/box_corner__struct.hpp
-- Up-to-date symlink: /home/rover/kameyama_ws/install/line_msg/include/line_msg/line_msg/msg/detail/box_corner__traits.hpp
-- Up-to-date symlink: /home/rover/kameyama_ws/install/line_msg/include/line_msg/line_msg/msg/detail/box_corner__type_support.hpp
-- Up-to-date symlink: /home/rover/kameyama_ws/install/line_msg/include/line_msg/line_msg/msg/rosidl_generator_cpp__visibility_control.hpp
-- Up-to-date symlink: /home/rover/kameyama_ws/install/line_msg/include/line_msg/line_msg/msg/detail/box_corner__rosidl_typesupport_fastrtps_cpp.hpp
-- Up-to-date symlink: /home/rover/kameyama_ws/install/line_msg/include/line_msg/line_msg/msg/rosidl_typesupport_fastrtps_cpp__visibility_control.h
-- Up-to-date symlink: /home/rover/kameyama_ws/install/line_msg/include/line_msg/line_msg/msg/detail/box_corner__rosidl_typesupport_introspection_c.h
-- Up-to-date symlink: /home/rover/kameyama_ws/install/line_msg/include/line_msg/line_msg/msg/rosidl_typesupport_introspection_c__visibility_control.h
-- Up-to-date symlink: /home/rover/kameyama_ws/install/line_msg/include/line_msg/line_msg/msg/detail/box_corner__rosidl_typesupport_introspection_cpp.hpp
-- Up-to-date symlink: /home/rover/kameyama_ws/install/line_msg/share/line_msg/environment/pythonpath.sh
-- Up-to-date symlink: /home/rover/kameyama_ws/install/line_msg/share/line_msg/environment/pythonpath.dsv
-- Up-to-date symlink: /home/rover/kameyama_ws/install/line_msg/local/lib/python3.10/dist-packages/line_msg-0.0.0-py3.10.egg-info/PKG-INFO
-- Up-to-date symlink: /home/rover/kameyama_ws/install/line_msg/local/lib/python3.10/dist-packages/line_msg-0.0.0-py3.10.egg-info/SOURCES.txt
-- Up-to-date symlink: /home/rover/kameyama_ws/install/line_msg/local/lib/python3.10/dist-packages/line_msg-0.0.0-py3.10.egg-info/dependency_links.txt
-- Up-to-date symlink: /home/rover/kameyama_ws/install/line_msg/local/lib/python3.10/dist-packages/line_msg-0.0.0-py3.10.egg-info/top_level.txt
-- Up-to-date symlink: /home/rover/kameyama_ws/install/line_msg/local/lib/python3.10/dist-packages/line_msg/__init__.py
-- Up-to-date symlink: /home/rover/kameyama_ws/install/line_msg/local/lib/python3.10/dist-packages/line_msg/_line_msg_s.ep.rosidl_typesupport_c.c
-- Up-to-date symlink: /home/rover/kameyama_ws/install/line_msg/local/lib/python3.10/dist-packages/line_msg/_line_msg_s.ep.rosidl_typesupport_fastrtps_c.c
-- Up-to-date symlink: /home/rover/kameyama_ws/install/line_msg/local/lib/python3.10/dist-packages/line_msg/_line_msg_s.ep.rosidl_typesupport_introspection_c.c
-- Up-to-date symlink: /home/rover/kameyama_ws/install/line_msg/local/lib/python3.10/dist-packages/line_msg/libline_msg__rosidl_generator_py.so
-- Up-to-date symlink: /home/rover/kameyama_ws/install/line_msg/local/lib/python3.10/dist-packages/line_msg/line_msg_s__rosidl_typesupport_c.cpython-310-x86_64-linux-gnu.so
-- Up-to-date symlink: /home/rover/kameyama_ws/install/line_msg/local/lib/python3.10/dist-packages/line_msg/line_msg_s__rosidl_typesupport_fastrtps_c.cpython-310-x86_64-linux-gnu.so
-- Up-to-date symlink: /home/rover/kameyama_ws/install/line_msg/local/lib/python3.10/dist-packages/line_msg/line_msg_s__rosidl_typesupport_introspection_c.cpython-310-x86_64-linux-gnu.so
-- Up-to-date symlink: /home/rover/kameyama_ws/install/line_msg/local/lib/python3.10/dist-packages/line_msg/msg/__init__.py
-- Up-to-date symlink: /home/rover/kameyama_ws/install/line_msg/local/lib/python3.10/dist-packages/line_msg/msg/_box_corner.py
-- Up-to-date symlink: /home/rover/kameyama_ws/install/line_msg/local/lib/python3.10/dist-packages/line_msg/msg/_box_corner_s.c
-- Up-to-date symlink: /home/rover/kameyama_ws/install/line_msg/local/lib/python3.10/dist-packages/line_msg/line_msg_s__rosidl_typesupport_fastrtps_c.cpython-310-x86_64-linux-gnu.so
-- Up-to-date symlink: /home/rover/kameyama_ws/install/line_msg/local/lib/python3.10/dist-packages/line_msg/line_msg_s__rosidl_typesupport_introspection_c.cpython-310-x86_64-linux-gnu.so
-- Up-to-date symlink: /home/rover/kameyama_ws/install/line_msg/local/lib/python3.10/dist-packages/line_msg/line_msg_s__rosidl_typesupport_c.cpython-310-x86_64-linux-gnu.so
-- Up-to-date symlink: /home/rover/kameyama_ws/install/line_msg/share/line_msg/msg/BoxCorner.idl
-- Up-to-date symlink: /home/rover/kameyama_ws/install/line_msg/share/line_msg/msg/BoxCorner.msg
-- Up-to-date symlink: /home/rover/kameyama_ws/install/line_msg/share/ament_index/resource_index/package_run_dependencies/line_msg
-- Up-to-date symlink: /home/rover/kameyama_ws/install/line_msg/share/ament_index/resource_index/parent_prefix_path/line_msg
-- Up-to-date symlink: /home/rover/kameyama_ws/install/line_msg/share/line_msg/environment/ament_prefix_path.sh
-- Up-to-date symlink: /home/rover/kameyama_ws/install/line_msg/share/line_msg/environment/ament_prefix_path.dsv
-- Up-to-date symlink: /home/rover/kameyama_ws/install/line_msg/share/line_msg/environment/path.sh
-- Up-to-date symlink: /home/rover/kameyama_ws/install/line_msg/share/line_msg/environment/path.dsv
-- Up-to-date symlink: /home/rover/kameyama_ws/install/line_msg/share/line_msg/local_setup.bash
-- Up-to-date symlink: /home/rover/kameyama_ws/install/line_msg/share/line_msg/local_setup.sh
-- Up-to-date symlink: /home/rover/kameyama_ws/install/line_msg/share/line_msg/local_setup.zsh
-- Up-to-date symlink: /home/rover/kameyama_ws/install/line_msg/share/line_msg/local_setup.dsv
-- Symlinking: /home/rover/kameyama_ws/install/line_msg/share/line_msg/package.dsv
-- Up-to-date symlink: /home/rover/kameyama_ws/install/line_msg/share/ament_index/resource_index/packages/line_msg
-- Up-to-date symlink: /home/rover/kameyama_ws/install/line_msg/share/line_msg/cmake/rosidl_cmake-extras.cmake
-- Up-to-date symlink: /home/rover/kameyama_ws/install/line_msg/share/line_msg/cmake/ament_cmake_export_dependencies-extras.cmake
-- Up-to-date symlink: /home/rover/kameyama_ws/install/line_msg/share/line_msg/cmake/ament_cmake_export_include_directories-extras.cmake
-- Up-to-date symlink: /home/rover/kameyama_ws/install/line_msg/share/line_msg/cmake/ament_cmake_export_libraries-extras.cmake
-- Up-to-date symlink: /home/rover/kameyama_ws/install/line_msg/share/line_msg/cmake/ament_cmake_export_targets-extras.cmake
-- Up-to-date symlink: /home/rover/kameyama_ws/install/line_msg/share/line_msg/cmake/rosidl_cmake_export_typesupport_targets-extras.cmake
-- Up-to-date symlink: /home/rover/kameyama_ws/install/line_msg/share/line_msg/cmake/rosidl_cmake_export_typesupport_libraries-extras.cmake
-- Up-to-date symlink: /home/rover/kameyama_ws/install/line_msg/share/line_msg/cmake/line_msgConfig.cmake
-- Up-to-date symlink: /home/rover/kameyama_ws/install/line_msg/share/line_msg/cmake/line_msgConfig-version.cmake
-- Up-to-date symlink: /home/rover/kameyama_ws/install/line_msg/share/line_msg/package.xml
-- Up-to-date: /home/rover/kameyama_ws/install/line_msg/lib/libline_msg__rosidl_generator_c.so
-- Up-to-date: /home/rover/kameyama_ws/install/line_msg/lib/libline_msg__rosidl_typesupport_fastrtps_c.so
-- Up-to-date: /home/rover/kameyama_ws/install/line_msg/lib/libline_msg__rosidl_typesupport_fastrtps_cpp.so
-- Up-to-date: /home/rover/kameyama_ws/install/line_msg/lib/libline_msg__rosidl_typesupport_introspection_c.so
-- Up-to-date: /home/rover/kameyama_ws/install/line_msg/lib/libline_msg__rosidl_typesupport_c.so
-- Up-to-date: /home/rover/kameyama_ws/install/line_msg/lib/libline_msg__rosidl_typesupport_introspection_cpp.so
-- Up-to-date: /home/rover/kameyama_ws/install/line_msg/lib/libline_msg__rosidl_typesupport_cpp.so
Listing '/home/rover/kameyama_ws/install/line_msg/local/lib/python3.10/dist-packages/line_msg'...
Listing '/home/rover/kameyama_ws/install/line_msg/local/lib/python3.10/dist-packages/line_msg/msg'...
-- Up-to-date: /home/rover/kameyama_ws/install/line_msg/lib/libline_msg__rosidl_generator_py.so
-- Up-to-date: /home/rover/kameyama_ws/install/line_msg/share/line_msg/cmake/export_line_msg__rosidl_generator_cExport.cmake
-- Up-to-date: /home/rover/kameyama_ws/install/line_msg/share/line_msg/cmake/export_line_msg__rosidl_generator_cExport-noconfig.cmake
-- Up-to-date: /home/rover/kameyama_ws/install/line_msg/share/line_msg/cmake/export_line_msg__rosidl_typesupport_fastrtps_cExport.cmake
-- Up-to-date: /home/rover/kameyama_ws/install/line_msg/share/line_msg/cmake/export_line_msg__rosidl_typesupport_fastrtps_cExport-noconfig.cmake
-- Up-to-date: /home/rover/kameyama_ws/install/line_msg/share/line_msg/cmake/export_line_msg__rosidl_generator_cppExport.cmake
-- Up-to-date: /home/rover/kameyama_ws/install/line_msg/share/line_msg/cmake/export_line_msg__rosidl_typesupport_fastrtps_cppExport.cmake
-- Up-to-date: /home/rover/kameyama_ws/install/line_msg/share/line_msg/cmake/export_line_msg__rosidl_typesupport_fastrtps_cppExport-noconfig.cmake
-- Up-to-date: /home/rover/kameyama_ws/install/line_msg/share/line_msg/cmake/line_msg__rosidl_typesupport_introspection_cExport.cmake
-- Up-to-date: /home/rover/kameyama_ws/install/line_msg/share/line_msg/cmake/line_msg__rosidl_typesupport_introspection_cExport-noconfig.cmake
-- Up-to-date: /home/rover/kameyama_ws/install/line_msg/share/line_msg/cmake/line_msg__rosidl_typesupport_cExport.cmake
-- Up-to-date: /home/rover/kameyama_ws/install/line_msg/share/line_msg/cmake/line_msg__rosidl_typesupport_cExport-noconfig.cmake
-- Up-to-date: /home/rover/kameyama_ws/install/line_msg/share/line_msg/cmake/line_msg__rosidl_typesupport_introspection_cppExport.cmake
-- Up-to-date: /home/rover/kameyama_ws/install/line_msg/share/line_msg/cmake/line_msg__rosidl_typesupport_introspection_cppExport-noconfig.cmake
-- Up-to-date: /home/rover/kameyama_ws/install/line_msg/share/line_msg/cmake/line_msg__rosidl_typesupport_cppExport.cmake
-- Up-to-date: /home/rover/kameyama_ws/install/line_msg/share/line_msg/cmake/line_msg__rosidl_typesupport_cppExport-noconfig.cmake
-- Up-to-date: /home/rover/kameyama_ws/install/line_msg/share/line_msg/cmake/export_line_msg__rosidl_generator_pyExport.cmake
-- Up-to-date: /home/rover/kameyama_ws/install/line_msg/share/line_msg/cmake/export_line_msg__rosidl_generator_pyExport-noconfig.cmake
