[0.023s] Invoking command in '/home/rover/kameyama_ws/build/mecanum_navigation2': CMAKE_PREFIX_PATH=${CMAKE_PREFIX_PATH}:/home/rover/kameyama_ws/install/ros2_aruco:/home/rover/kameyama_ws/install/failure_detection:/home/rover/kameyama_ws/install/bt_generator:/home/rover/amir_basic_ws/install/nav2_simple_commander:/home/rover/amir_basic_ws/install/camera_calibration:/opt/ros/humble /usr/bin/cmake --build /home/rover/kameyama_ws/build/mecanum_navigation2 -- -j12 -l12
[0.540s] Invoked command in '/home/rover/kameyama_ws/build/mecanum_navigation2' returned '0': CMAKE_PREFIX_PATH=${CMAKE_PREFIX_PATH}:/home/rover/kameyama_ws/install/ros2_aruco:/home/rover/kameyama_ws/install/failure_detection:/home/rover/kameyama_ws/install/bt_generator:/home/rover/amir_basic_ws/install/nav2_simple_commander:/home/rover/amir_basic_ws/install/camera_calibration:/opt/ros/humble /usr/bin/cmake --build /home/rover/kameyama_ws/build/mecanum_navigation2 -- -j12 -l12
[0.541s] Invoking command in '/home/rover/kameyama_ws/build/mecanum_navigation2': CMAKE_PREFIX_PATH=${CMAKE_PREFIX_PATH}:/home/rover/kameyama_ws/install/ros2_aruco:/home/rover/kameyama_ws/install/failure_detection:/home/rover/kameyama_ws/install/bt_generator:/home/rover/amir_basic_ws/install/nav2_simple_commander:/home/rover/amir_basic_ws/install/camera_calibration:/opt/ros/humble /usr/bin/cmake --install /home/rover/kameyama_ws/build/mecanum_navigation2
[0.567s] -- Install configuration: ""
[0.567s] -- Execute custom install script
[0.567s] -- Up-to-date symlink: /home/rover/kameyama_ws/install/mecanum_navigation2/share/mecanum_navigation2/launch/bringup_launch.py
[0.567s] -- Up-to-date symlink: /home/rover/kameyama_ws/install/mecanum_navigation2/share/mecanum_navigation2/launch/mecanum2_launch.py
[0.567s] -- Up-to-date symlink: /home/rover/kameyama_ws/install/mecanum_navigation2/share/mecanum_navigation2/launch/mecanum_launch.py
[0.567s] -- Up-to-date symlink: /home/rover/kameyama_ws/install/mecanum_navigation2/share/mecanum_navigation2/launch/navigation2.launch.py
[0.567s] -- Up-to-date symlink: /home/rover/kameyama_ws/install/mecanum_navigation2/share/mecanum_navigation2/launch/rviz_launch.py
[0.567s] -- Up-to-date symlink: /home/rover/kameyama_ws/install/mecanum_navigation2/share/mecanum_navigation2/launch/slam_toolbox_launch.py
[0.567s] -- Up-to-date symlink: /home/rover/kameyama_ws/install/mecanum_navigation2/share/mecanum_navigation2/map/turtlebot3_world.pgm
[0.568s] -- Up-to-date symlink: /home/rover/kameyama_ws/install/mecanum_navigation2/share/mecanum_navigation2/map/turtlebot3_world.yaml
[0.568s] -- Up-to-date symlink: /home/rover/kameyama_ws/install/mecanum_navigation2/share/mecanum_navigation2/params/amir.yaml
[0.568s] -- Up-to-date symlink: /home/rover/kameyama_ws/install/mecanum_navigation2/share/mecanum_navigation2/params/burger.yaml
[0.568s] -- Up-to-date symlink: /home/rover/kameyama_ws/install/mecanum_navigation2/share/mecanum_navigation2/params/mecanum (another copy).yaml
[0.568s] -- Up-to-date symlink: /home/rover/kameyama_ws/install/mecanum_navigation2/share/mecanum_navigation2/params/mecanum (copy).yaml
[0.568s] -- Up-to-date symlink: /home/rover/kameyama_ws/install/mecanum_navigation2/share/mecanum_navigation2/params/waffle.yaml
[0.568s] -- Up-to-date symlink: /home/rover/kameyama_ws/install/mecanum_navigation2/share/mecanum_navigation2/params/waffle_pi.yaml
[0.568s] -- Up-to-date symlink: /home/rover/kameyama_ws/install/mecanum_navigation2/share/mecanum_navigation2/rviz/navigation.rviz
[0.568s] -- Up-to-date symlink: /home/rover/kameyama_ws/install/mecanum_navigation2/share/mecanum_navigation2/config/mapper_params_online_async.yaml
[0.568s] -- Up-to-date symlink: /home/rover/kameyama_ws/install/mecanum_navigation2/share/mecanum_navigation2/config/mapper_params_online_sync.yaml
[0.568s] -- Up-to-date symlink: /home/rover/kameyama_ws/install/mecanum_navigation2/share/ament_index/resource_index/package_run_dependencies/mecanum_navigation2
[0.568s] -- Up-to-date symlink: /home/rover/kameyama_ws/install/mecanum_navigation2/share/ament_index/resource_index/parent_prefix_path/mecanum_navigation2
[0.568s] -- Up-to-date symlink: /home/rover/kameyama_ws/install/mecanum_navigation2/share/mecanum_navigation2/environment/ament_prefix_path.sh
[0.568s] -- Up-to-date symlink: /home/rover/kameyama_ws/install/mecanum_navigation2/share/mecanum_navigation2/environment/ament_prefix_path.dsv
[0.568s] -- Up-to-date symlink: /home/rover/kameyama_ws/install/mecanum_navigation2/share/mecanum_navigation2/environment/path.sh
[0.568s] -- Up-to-date symlink: /home/rover/kameyama_ws/install/mecanum_navigation2/share/mecanum_navigation2/environment/path.dsv
[0.568s] -- Up-to-date symlink: /home/rover/kameyama_ws/install/mecanum_navigation2/share/mecanum_navigation2/local_setup.bash
[0.568s] -- Up-to-date symlink: /home/rover/kameyama_ws/install/mecanum_navigation2/share/mecanum_navigation2/local_setup.sh
[0.568s] -- Up-to-date symlink: /home/rover/kameyama_ws/install/mecanum_navigation2/share/mecanum_navigation2/local_setup.zsh
[0.568s] -- Up-to-date symlink: /home/rover/kameyama_ws/install/mecanum_navigation2/share/mecanum_navigation2/local_setup.dsv
[0.568s] -- Symlinking: /home/rover/kameyama_ws/install/mecanum_navigation2/share/mecanum_navigation2/package.dsv
[0.580s] -- Up-to-date symlink: /home/rover/kameyama_ws/install/mecanum_navigation2/share/ament_index/resource_index/packages/mecanum_navigation2
[0.580s] -- Up-to-date symlink: /home/rover/kameyama_ws/install/mecanum_navigation2/share/mecanum_navigation2/cmake/mecanum_navigation2Config.cmake
[0.580s] -- Up-to-date symlink: /home/rover/kameyama_ws/install/mecanum_navigation2/share/mecanum_navigation2/cmake/mecanum_navigation2Config-version.cmake
[0.580s] -- Up-to-date symlink: /home/rover/kameyama_ws/install/mecanum_navigation2/share/mecanum_navigation2/package.xml
[0.608s] Invoked command in '/home/rover/kameyama_ws/build/mecanum_navigation2' returned '0': CMAKE_PREFIX_PATH=${CMAKE_PREFIX_PATH}:/home/rover/kameyama_ws/install/ros2_aruco:/home/rover/kameyama_ws/install/failure_detection:/home/rover/kameyama_ws/install/bt_generator:/home/rover/amir_basic_ws/install/nav2_simple_commander:/home/rover/amir_basic_ws/install/camera_calibration:/opt/ros/humble /usr/bin/cmake --install /home/rover/kameyama_ws/build/mecanum_navigation2
