[0.035s] Invoking command in '/home/das-note-021/amir_kameyama_ws/build/ar_track_alvar_msgs': CMAKE_PREFIX_PATH=${CMAKE_PREFIX_PATH}:/home/das-note-021/amir_kameyama_ws/install/failure_detection:/home/das-note-021/amir_kameyama_ws/install/bt_generator:/home/das-note-021/kameyama_ws/install/ros2_aruco:/home/das-note-021/kameyama_ws/install/failure_detection:/home/das-note-021/kameyama_ws/install/bt_generator:/opt/ros/humble /usr/bin/cmake /home/das-note-021/amir_kameyama_ws/src/ar_track_alvar_msgs/ar_track_alvar_msgs -DAMENT_CMAKE_SYMLINK_INSTALL=1 -DCMAKE_INSTALL_PREFIX=/home/das-note-021/amir_kameyama_ws/install/ar_track_alvar_msgs
[0.223s] -- The C compiler identification is GNU 11.4.0
[0.223s] -- The CXX compiler identification is GNU 11.4.0
[0.223s] -- Detecting C compiler ABI info
[0.223s] -- Detecting C compiler ABI info - done
[0.223s] -- Check for working C compiler: /usr/bin/cc - skipped
[0.223s] -- Detecting C compile features
[0.223s] -- Detecting C compile features - done
[0.224s] -- Detecting CXX compiler ABI info
[0.294s] -- Detecting CXX compiler ABI info - done
[0.301s] -- Check for working CXX compiler: /usr/bin/c++ - skipped
[0.302s] -- Detecting CXX compile features
[0.302s] -- Detecting CXX compile features - done
[0.308s] -- Found ament_cmake: 1.3.11 (/opt/ros/humble/share/ament_cmake/cmake)
[0.541s] -- Found Python3: /usr/bin/python3 (found version "3.10.12") found components: Interpreter 
[0.597s] -- Override CMake install command with custom implementation using symlinks instead of copying resources
[0.641s] -- Found rosidl_default_generators: 1.2.0 (/opt/ros/humble/share/rosidl_default_generators/cmake)
[0.647s] -- Using all available rosidl_typesupport_c: rosidl_typesupport_fastrtps_c;rosidl_typesupport_introspection_c
[0.655s] -- Found rosidl_adapter: 3.1.6 (/opt/ros/humble/share/rosidl_adapter/cmake)
[0.691s] -- Using all available rosidl_typesupport_cpp: rosidl_typesupport_fastrtps_cpp;rosidl_typesupport_introspection_cpp
[0.720s] -- Found geometry_msgs: 4.9.0 (/opt/ros/humble/share/geometry_msgs/cmake)
[0.995s] -- Found ament_cmake_ros: 0.10.0 (/opt/ros/humble/share/ament_cmake_ros/cmake)
[1.257s] -- Using all available rosidl_typesupport_c: rosidl_typesupport_fastrtps_c;rosidl_typesupport_introspection_c
[1.583s] -- Using all available rosidl_typesupport_cpp: rosidl_typesupport_fastrtps_cpp;rosidl_typesupport_introspection_cpp
[1.600s] -- Found PythonInterp: /usr/bin/python3 (found suitable version "3.10.12", minimum required is "3.6") 
[1.602s] -- Found python_cmake_module: 0.10.0 (/opt/ros/humble/share/python_cmake_module/cmake)
[1.626s] -- Found PythonLibs: /usr/lib/x86_64-linux-gnu/libpython3.10.so (found suitable version "3.10.12", minimum required is "3.5") 
[1.626s] -- Using PYTHON_EXECUTABLE: /usr/bin/python3
[1.626s] -- Using PYTHON_INCLUDE_DIRS: /usr/include/python3.10
[1.626s] -- Using PYTHON_LIBRARIES: /usr/lib/x86_64-linux-gnu/libpython3.10.so
[1.647s] -- Found PythonExtra: .so  
[1.732s] -- Found ament_lint_auto: 0.12.12 (/opt/ros/humble/share/ament_lint_auto/cmake)
[1.784s] -- Added test 'copyright' to check source files copyright and LICENSE
[1.786s] -- Added test 'lint_cmake' to check CMake code style
[1.788s] -- Added test 'xmllint' to check XML markup files
[1.792s] -- Configuring done
[1.827s] -- Generating done
[1.839s] -- Build files have been written to: /home/das-note-021/amir_kameyama_ws/build/ar_track_alvar_msgs
[1.853s] Invoked command in '/home/das-note-021/amir_kameyama_ws/build/ar_track_alvar_msgs' returned '0': CMAKE_PREFIX_PATH=${CMAKE_PREFIX_PATH}:/home/das-note-021/amir_kameyama_ws/install/failure_detection:/home/das-note-021/amir_kameyama_ws/install/bt_generator:/home/das-note-021/kameyama_ws/install/ros2_aruco:/home/das-note-021/kameyama_ws/install/failure_detection:/home/das-note-021/kameyama_ws/install/bt_generator:/opt/ros/humble /usr/bin/cmake /home/das-note-021/amir_kameyama_ws/src/ar_track_alvar_msgs/ar_track_alvar_msgs -DAMENT_CMAKE_SYMLINK_INSTALL=1 -DCMAKE_INSTALL_PREFIX=/home/das-note-021/amir_kameyama_ws/install/ar_track_alvar_msgs
[1.855s] Invoking command in '/home/das-note-021/amir_kameyama_ws/build/ar_track_alvar_msgs': CMAKE_PREFIX_PATH=${CMAKE_PREFIX_PATH}:/home/das-note-021/amir_kameyama_ws/install/failure_detection:/home/das-note-021/amir_kameyama_ws/install/bt_generator:/home/das-note-021/kameyama_ws/install/ros2_aruco:/home/das-note-021/kameyama_ws/install/failure_detection:/home/das-note-021/kameyama_ws/install/bt_generator:/opt/ros/humble /usr/bin/cmake --build /home/das-note-021/amir_kameyama_ws/build/ar_track_alvar_msgs -- -j22 -l22
[1.889s] [  2%] [34m[1mGenerating C code for ROS interfaces[0m
[1.903s] [  5%] [34m[1mGenerating C++ code for ROS interfaces[0m
[1.917s] [  5%] Built target ament_cmake_python_symlink_ar_track_alvar_msgs
[2.101s] [  5%] Built target ar_track_alvar_msgs__cpp
[2.112s] [  7%] [34m[1mGenerating C++ type support for eProsima Fast-RTPS[0m
[2.113s] [ 10%] [34m[1mGenerating C++ type support dispatch for ROS interfaces[0m
[2.117s] [ 12%] [34m[1mGenerating C++ introspection for ROS interfaces[0m
[2.240s] running egg_info
[2.242s] creating ar_track_alvar_msgs.egg-info
[2.242s] writing ar_track_alvar_msgs.egg-info/PKG-INFO
[2.243s] writing dependency_links to ar_track_alvar_msgs.egg-info/dependency_links.txt
[2.243s] writing top-level names to ar_track_alvar_msgs.egg-info/top_level.txt
[2.243s] writing manifest file 'ar_track_alvar_msgs.egg-info/SOURCES.txt'
[2.245s] reading manifest file 'ar_track_alvar_msgs.egg-info/SOURCES.txt'
[2.247s] writing manifest file 'ar_track_alvar_msgs.egg-info/SOURCES.txt'
[2.252s] [ 15%] [32mBuilding C object CMakeFiles/ar_track_alvar_msgs__rosidl_generator_c.dir/rosidl_generator_c/ar_track_alvar_msgs/msg/detail/alvar_marker__functions.c.o[0m
[2.254s] [ 17%] [32mBuilding C object CMakeFiles/ar_track_alvar_msgs__rosidl_generator_c.dir/rosidl_generator_c/ar_track_alvar_msgs/msg/detail/alvar_markers__functions.c.o[0m
[2.305s] [ 20%] [32mBuilding CXX object CMakeFiles/ar_track_alvar_msgs__rosidl_typesupport_cpp.dir/rosidl_typesupport_cpp/ar_track_alvar_msgs/msg/alvar_markers__type_support.cpp.o[0m
[2.305s] [ 23%] [32mBuilding CXX object CMakeFiles/ar_track_alvar_msgs__rosidl_typesupport_cpp.dir/rosidl_typesupport_cpp/ar_track_alvar_msgs/msg/alvar_marker__type_support.cpp.o[0m
[2.311s] [ 23%] Built target ament_cmake_python_build_ar_track_alvar_msgs_egg
[2.329s] [ 25%] [32m[1mLinking C shared library libar_track_alvar_msgs__rosidl_generator_c.so[0m
[2.387s] [ 25%] Built target ar_track_alvar_msgs__rosidl_generator_c
[2.407s] [ 28%] [34m[1mGenerating C type support for eProsima Fast-RTPS[0m
[2.411s] [ 30%] [34m[1mGenerating C introspection for ROS interfaces[0m
[2.411s] [ 33%] [34m[1mGenerating C type support dispatch for ROS interfaces[0m
[2.438s] [ 35%] [32mBuilding CXX object CMakeFiles/ar_track_alvar_msgs__rosidl_typesupport_fastrtps_cpp.dir/rosidl_typesupport_fastrtps_cpp/ar_track_alvar_msgs/msg/detail/dds_fastrtps/alvar_marker__type_support.cpp.o[0m
[2.446s] [ 38%] [32mBuilding CXX object CMakeFiles/ar_track_alvar_msgs__rosidl_typesupport_fastrtps_cpp.dir/rosidl_typesupport_fastrtps_cpp/ar_track_alvar_msgs/msg/detail/dds_fastrtps/alvar_markers__type_support.cpp.o[0m
[2.477s] [ 43%] [32mBuilding CXX object CMakeFiles/ar_track_alvar_msgs__rosidl_typesupport_introspection_cpp.dir/rosidl_typesupport_introspection_cpp/ar_track_alvar_msgs/msg/detail/alvar_marker__type_support.cpp.o[0m
[2.477s] [ 43%] [32mBuilding CXX object CMakeFiles/ar_track_alvar_msgs__rosidl_typesupport_introspection_cpp.dir/rosidl_typesupport_introspection_cpp/ar_track_alvar_msgs/msg/detail/alvar_markers__type_support.cpp.o[0m
[2.684s] [ 46%] [32m[1mLinking CXX shared library libar_track_alvar_msgs__rosidl_typesupport_cpp.so[0m
[2.770s] [ 48%] [32mBuilding CXX object CMakeFiles/ar_track_alvar_msgs__rosidl_typesupport_c.dir/rosidl_typesupport_c/ar_track_alvar_msgs/msg/alvar_markers__type_support.cpp.o[0m
[2.831s] [ 51%] [32mBuilding CXX object CMakeFiles/ar_track_alvar_msgs__rosidl_typesupport_c.dir/rosidl_typesupport_c/ar_track_alvar_msgs/msg/alvar_marker__type_support.cpp.o[0m
[2.868s] [ 51%] Built target ar_track_alvar_msgs__rosidl_typesupport_cpp
[2.899s] [ 53%] [32m[1mLinking CXX shared library libar_track_alvar_msgs__rosidl_typesupport_c.so[0m
[2.917s] [ 56%] [32mBuilding C object CMakeFiles/ar_track_alvar_msgs__rosidl_typesupport_introspection_c.dir/rosidl_typesupport_introspection_c/ar_track_alvar_msgs/msg/detail/alvar_marker__type_support.c.o[0m
[2.954s] [ 58%] [32mBuilding C object CMakeFiles/ar_track_alvar_msgs__rosidl_typesupport_introspection_c.dir/rosidl_typesupport_introspection_c/ar_track_alvar_msgs/msg/detail/alvar_markers__type_support.c.o[0m
[3.007s] [ 61%] [32mBuilding CXX object CMakeFiles/ar_track_alvar_msgs__rosidl_typesupport_fastrtps_c.dir/rosidl_typesupport_fastrtps_c/ar_track_alvar_msgs/msg/detail/alvar_markers__type_support_c.cpp.o[0m
[3.008s] [ 64%] [32m[1mLinking CXX shared library libar_track_alvar_msgs__rosidl_typesupport_fastrtps_cpp.so[0m
[3.070s] [ 69%] [32m[1mLinking CXX shared library libar_track_alvar_msgs__rosidl_typesupport_introspection_cpp.so[0m
[3.077s] [ 69%] [32mBuilding CXX object CMakeFiles/ar_track_alvar_msgs__rosidl_typesupport_fastrtps_c.dir/rosidl_typesupport_fastrtps_c/ar_track_alvar_msgs/msg/detail/alvar_marker__type_support_c.cpp.o[0m
[3.126s] [ 69%] Built target ar_track_alvar_msgs__rosidl_typesupport_c
[3.226s] [ 71%] [32m[1mLinking C shared library libar_track_alvar_msgs__rosidl_typesupport_introspection_c.so[0m
[3.270s] [ 71%] Built target ar_track_alvar_msgs__rosidl_typesupport_fastrtps_cpp
[3.284s] [ 71%] Built target ar_track_alvar_msgs__rosidl_typesupport_introspection_cpp
[3.326s] [ 71%] Built target ar_track_alvar_msgs__rosidl_typesupport_introspection_c
[3.435s] [ 74%] [32m[1mLinking CXX shared library libar_track_alvar_msgs__rosidl_typesupport_fastrtps_c.so[0m
[3.613s] [ 74%] Built target ar_track_alvar_msgs__rosidl_typesupport_fastrtps_c
[3.707s] [ 74%] Built target ar_track_alvar_msgs
[3.760s] [ 76%] [34m[1mGenerating Python code for ROS interfaces[0m
[4.293s] [ 76%] Built target ar_track_alvar_msgs__py
[4.359s] [ 79%] [32mBuilding C object CMakeFiles/ar_track_alvar_msgs__rosidl_generator_py.dir/rosidl_generator_py/ar_track_alvar_msgs/msg/_alvar_marker_s.c.o[0m
[4.366s] [ 82%] [32mBuilding C object CMakeFiles/ar_track_alvar_msgs__rosidl_generator_py.dir/rosidl_generator_py/ar_track_alvar_msgs/msg/_alvar_markers_s.c.o[0m
[4.611s] [ 84%] [32m[1mLinking C shared library rosidl_generator_py/ar_track_alvar_msgs/libar_track_alvar_msgs__rosidl_generator_py.so[0m
[4.742s] [ 84%] Built target ar_track_alvar_msgs__rosidl_generator_py
[4.811s] [ 87%] [32mBuilding C object CMakeFiles/ar_track_alvar_msgs__rosidl_typesupport_introspection_c__pyext.dir/rosidl_generator_py/ar_track_alvar_msgs/_ar_track_alvar_msgs_s.ep.rosidl_typesupport_introspection_c.c.o[0m
[4.881s] [ 89%] [32mBuilding C object CMakeFiles/ar_track_alvar_msgs__rosidl_typesupport_c__pyext.dir/rosidl_generator_py/ar_track_alvar_msgs/_ar_track_alvar_msgs_s.ep.rosidl_typesupport_c.c.o[0m
[4.966s] [ 92%] [32mBuilding C object CMakeFiles/ar_track_alvar_msgs__rosidl_typesupport_fastrtps_c__pyext.dir/rosidl_generator_py/ar_track_alvar_msgs/_ar_track_alvar_msgs_s.ep.rosidl_typesupport_fastrtps_c.c.o[0m
[5.000s] [ 94%] [32m[1mLinking C shared library rosidl_generator_py/ar_track_alvar_msgs/ar_track_alvar_msgs_s__rosidl_typesupport_introspection_c.cpython-310-x86_64-linux-gnu.so[0m
[5.091s] [ 94%] Built target ar_track_alvar_msgs__rosidl_typesupport_introspection_c__pyext
[5.104s] [ 97%] [32m[1mLinking C shared library rosidl_generator_py/ar_track_alvar_msgs/ar_track_alvar_msgs_s__rosidl_typesupport_fastrtps_c.cpython-310-x86_64-linux-gnu.so[0m
[5.115s] [100%] [32m[1mLinking C shared library rosidl_generator_py/ar_track_alvar_msgs/ar_track_alvar_msgs_s__rosidl_typesupport_c.cpython-310-x86_64-linux-gnu.so[0m
[5.210s] [100%] Built target ar_track_alvar_msgs__rosidl_typesupport_c__pyext
[5.229s] [100%] Built target ar_track_alvar_msgs__rosidl_typesupport_fastrtps_c__pyext
[5.259s] Invoked command in '/home/das-note-021/amir_kameyama_ws/build/ar_track_alvar_msgs' returned '0': CMAKE_PREFIX_PATH=${CMAKE_PREFIX_PATH}:/home/das-note-021/amir_kameyama_ws/install/failure_detection:/home/das-note-021/amir_kameyama_ws/install/bt_generator:/home/das-note-021/kameyama_ws/install/ros2_aruco:/home/das-note-021/kameyama_ws/install/failure_detection:/home/das-note-021/kameyama_ws/install/bt_generator:/opt/ros/humble /usr/bin/cmake --build /home/das-note-021/amir_kameyama_ws/build/ar_track_alvar_msgs -- -j22 -l22
[5.266s] Invoking command in '/home/das-note-021/amir_kameyama_ws/build/ar_track_alvar_msgs': CMAKE_PREFIX_PATH=${CMAKE_PREFIX_PATH}:/home/das-note-021/amir_kameyama_ws/install/failure_detection:/home/das-note-021/amir_kameyama_ws/install/bt_generator:/home/das-note-021/kameyama_ws/install/ros2_aruco:/home/das-note-021/kameyama_ws/install/failure_detection:/home/das-note-021/kameyama_ws/install/bt_generator:/opt/ros/humble /usr/bin/cmake --install /home/das-note-021/amir_kameyama_ws/build/ar_track_alvar_msgs
[5.295s] -- Install configuration: ""
[5.298s] -- Execute custom install script
[5.299s] -- Symlinking: /home/das-note-021/amir_kameyama_ws/install/ar_track_alvar_msgs/share/ament_index/resource_index/rosidl_interfaces/ar_track_alvar_msgs
[5.379s] -- Symlinking: /home/das-note-021/amir_kameyama_ws/install/ar_track_alvar_msgs/include/ar_track_alvar_msgs/ar_track_alvar_msgs/msg/alvar_marker.h
[5.398s] -- Symlinking: /home/das-note-021/amir_kameyama_ws/install/ar_track_alvar_msgs/include/ar_track_alvar_msgs/ar_track_alvar_msgs/msg/alvar_markers.h
[5.417s] -- Symlinking: /home/das-note-021/amir_kameyama_ws/install/ar_track_alvar_msgs/include/ar_track_alvar_msgs/ar_track_alvar_msgs/msg/detail/alvar_marker__functions.h
[5.432s] -- Symlinking: /home/das-note-021/amir_kameyama_ws/install/ar_track_alvar_msgs/include/ar_track_alvar_msgs/ar_track_alvar_msgs/msg/detail/alvar_marker__struct.h
[5.446s] -- Symlinking: /home/das-note-021/amir_kameyama_ws/install/ar_track_alvar_msgs/include/ar_track_alvar_msgs/ar_track_alvar_msgs/msg/detail/alvar_marker__type_support.h
[5.458s] -- Symlinking: /home/das-note-021/amir_kameyama_ws/install/ar_track_alvar_msgs/include/ar_track_alvar_msgs/ar_track_alvar_msgs/msg/detail/alvar_markers__functions.h
[5.470s] -- Symlinking: /home/das-note-021/amir_kameyama_ws/install/ar_track_alvar_msgs/include/ar_track_alvar_msgs/ar_track_alvar_msgs/msg/detail/alvar_markers__struct.h
[5.484s] -- Symlinking: /home/das-note-021/amir_kameyama_ws/install/ar_track_alvar_msgs/include/ar_track_alvar_msgs/ar_track_alvar_msgs/msg/detail/alvar_markers__type_support.h
[5.497s] -- Symlinking: /home/das-note-021/amir_kameyama_ws/install/ar_track_alvar_msgs/include/ar_track_alvar_msgs/ar_track_alvar_msgs/msg/rosidl_generator_c__visibility_control.h
[5.508s] -- Symlinking: /home/das-note-021/amir_kameyama_ws/install/ar_track_alvar_msgs/share/ar_track_alvar_msgs/environment/library_path.sh
[5.520s] -- Symlinking: /home/das-note-021/amir_kameyama_ws/install/ar_track_alvar_msgs/share/ar_track_alvar_msgs/environment/library_path.dsv
[5.530s] -- Symlinking: /home/das-note-021/amir_kameyama_ws/install/ar_track_alvar_msgs/include/ar_track_alvar_msgs/ar_track_alvar_msgs/msg/detail/alvar_marker__rosidl_typesupport_fastrtps_c.h
[5.540s] -- Symlinking: /home/das-note-021/amir_kameyama_ws/install/ar_track_alvar_msgs/include/ar_track_alvar_msgs/ar_track_alvar_msgs/msg/detail/alvar_markers__rosidl_typesupport_fastrtps_c.h
[5.552s] -- Symlinking: /home/das-note-021/amir_kameyama_ws/install/ar_track_alvar_msgs/include/ar_track_alvar_msgs/ar_track_alvar_msgs/msg/rosidl_typesupport_fastrtps_c__visibility_control.h
[5.563s] -- Symlinking: /home/das-note-021/amir_kameyama_ws/install/ar_track_alvar_msgs/include/ar_track_alvar_msgs/ar_track_alvar_msgs/msg/detail/alvar_marker__rosidl_typesupport_introspection_c.h
[5.577s] -- Symlinking: /home/das-note-021/amir_kameyama_ws/install/ar_track_alvar_msgs/include/ar_track_alvar_msgs/ar_track_alvar_msgs/msg/detail/alvar_markers__rosidl_typesupport_introspection_c.h
[5.587s] -- Symlinking: /home/das-note-021/amir_kameyama_ws/install/ar_track_alvar_msgs/include/ar_track_alvar_msgs/ar_track_alvar_msgs/msg/rosidl_typesupport_introspection_c__visibility_control.h
[5.594s] -- Symlinking: /home/das-note-021/amir_kameyama_ws/install/ar_track_alvar_msgs/include/ar_track_alvar_msgs/ar_track_alvar_msgs/msg/alvar_marker.hpp
[5.600s] -- Symlinking: /home/das-note-021/amir_kameyama_ws/install/ar_track_alvar_msgs/include/ar_track_alvar_msgs/ar_track_alvar_msgs/msg/alvar_markers.hpp
[5.609s] -- Symlinking: /home/das-note-021/amir_kameyama_ws/install/ar_track_alvar_msgs/include/ar_track_alvar_msgs/ar_track_alvar_msgs/msg/detail/alvar_marker__builder.hpp
[5.618s] -- Symlinking: /home/das-note-021/amir_kameyama_ws/install/ar_track_alvar_msgs/include/ar_track_alvar_msgs/ar_track_alvar_msgs/msg/detail/alvar_marker__struct.hpp
[5.624s] -- Symlinking: /home/das-note-021/amir_kameyama_ws/install/ar_track_alvar_msgs/include/ar_track_alvar_msgs/ar_track_alvar_msgs/msg/detail/alvar_marker__traits.hpp
[5.632s] -- Symlinking: /home/das-note-021/amir_kameyama_ws/install/ar_track_alvar_msgs/include/ar_track_alvar_msgs/ar_track_alvar_msgs/msg/detail/alvar_marker__type_support.hpp
[5.640s] -- Symlinking: /home/das-note-021/amir_kameyama_ws/install/ar_track_alvar_msgs/include/ar_track_alvar_msgs/ar_track_alvar_msgs/msg/detail/alvar_markers__builder.hpp
[5.651s] -- Symlinking: /home/das-note-021/amir_kameyama_ws/install/ar_track_alvar_msgs/include/ar_track_alvar_msgs/ar_track_alvar_msgs/msg/detail/alvar_markers__struct.hpp
[5.660s] -- Symlinking: /home/das-note-021/amir_kameyama_ws/install/ar_track_alvar_msgs/include/ar_track_alvar_msgs/ar_track_alvar_msgs/msg/detail/alvar_markers__traits.hpp
[5.671s] -- Symlinking: /home/das-note-021/amir_kameyama_ws/install/ar_track_alvar_msgs/include/ar_track_alvar_msgs/ar_track_alvar_msgs/msg/detail/alvar_markers__type_support.hpp
[5.682s] -- Symlinking: /home/das-note-021/amir_kameyama_ws/install/ar_track_alvar_msgs/include/ar_track_alvar_msgs/ar_track_alvar_msgs/msg/rosidl_generator_cpp__visibility_control.hpp
[5.693s] -- Symlinking: /home/das-note-021/amir_kameyama_ws/install/ar_track_alvar_msgs/include/ar_track_alvar_msgs/ar_track_alvar_msgs/msg/detail/alvar_marker__rosidl_typesupport_fastrtps_cpp.hpp
[5.701s] -- Symlinking: /home/das-note-021/amir_kameyama_ws/install/ar_track_alvar_msgs/include/ar_track_alvar_msgs/ar_track_alvar_msgs/msg/detail/alvar_markers__rosidl_typesupport_fastrtps_cpp.hpp
[5.707s] -- Symlinking: /home/das-note-021/amir_kameyama_ws/install/ar_track_alvar_msgs/include/ar_track_alvar_msgs/ar_track_alvar_msgs/msg/rosidl_typesupport_fastrtps_cpp__visibility_control.h
[5.714s] -- Symlinking: /home/das-note-021/amir_kameyama_ws/install/ar_track_alvar_msgs/include/ar_track_alvar_msgs/ar_track_alvar_msgs/msg/detail/alvar_marker__rosidl_typesupport_introspection_cpp.hpp
[5.721s] -- Symlinking: /home/das-note-021/amir_kameyama_ws/install/ar_track_alvar_msgs/include/ar_track_alvar_msgs/ar_track_alvar_msgs/msg/detail/alvar_markers__rosidl_typesupport_introspection_cpp.hpp
[5.727s] -- Symlinking: /home/das-note-021/amir_kameyama_ws/install/ar_track_alvar_msgs/share/ar_track_alvar_msgs/environment/pythonpath.sh
[5.738s] -- Symlinking: /home/das-note-021/amir_kameyama_ws/install/ar_track_alvar_msgs/share/ar_track_alvar_msgs/environment/pythonpath.dsv
[5.746s] -- Symlinking: /home/das-note-021/amir_kameyama_ws/install/ar_track_alvar_msgs/local/lib/python3.10/dist-packages/ar_track_alvar_msgs-0.7.1-py3.10.egg-info/PKG-INFO
[5.753s] -- Symlinking: /home/das-note-021/amir_kameyama_ws/install/ar_track_alvar_msgs/local/lib/python3.10/dist-packages/ar_track_alvar_msgs-0.7.1-py3.10.egg-info/SOURCES.txt
[5.760s] -- Symlinking: /home/das-note-021/amir_kameyama_ws/install/ar_track_alvar_msgs/local/lib/python3.10/dist-packages/ar_track_alvar_msgs-0.7.1-py3.10.egg-info/dependency_links.txt
[5.768s] -- Symlinking: /home/das-note-021/amir_kameyama_ws/install/ar_track_alvar_msgs/local/lib/python3.10/dist-packages/ar_track_alvar_msgs-0.7.1-py3.10.egg-info/top_level.txt
[5.776s] -- Symlinking: /home/das-note-021/amir_kameyama_ws/install/ar_track_alvar_msgs/local/lib/python3.10/dist-packages/ar_track_alvar_msgs/__init__.py
[5.786s] -- Symlinking: /home/das-note-021/amir_kameyama_ws/install/ar_track_alvar_msgs/local/lib/python3.10/dist-packages/ar_track_alvar_msgs/_ar_track_alvar_msgs_s.ep.rosidl_typesupport_c.c
[5.797s] -- Symlinking: /home/das-note-021/amir_kameyama_ws/install/ar_track_alvar_msgs/local/lib/python3.10/dist-packages/ar_track_alvar_msgs/_ar_track_alvar_msgs_s.ep.rosidl_typesupport_fastrtps_c.c
[5.804s] -- Symlinking: /home/das-note-021/amir_kameyama_ws/install/ar_track_alvar_msgs/local/lib/python3.10/dist-packages/ar_track_alvar_msgs/_ar_track_alvar_msgs_s.ep.rosidl_typesupport_introspection_c.c
[5.809s] -- Symlinking: /home/das-note-021/amir_kameyama_ws/install/ar_track_alvar_msgs/local/lib/python3.10/dist-packages/ar_track_alvar_msgs/ar_track_alvar_msgs_s__rosidl_typesupport_c.cpython-310-x86_64-linux-gnu.so
[5.816s] -- Symlinking: /home/das-note-021/amir_kameyama_ws/install/ar_track_alvar_msgs/local/lib/python3.10/dist-packages/ar_track_alvar_msgs/ar_track_alvar_msgs_s__rosidl_typesupport_fastrtps_c.cpython-310-x86_64-linux-gnu.so
[5.822s] -- Symlinking: /home/das-note-021/amir_kameyama_ws/install/ar_track_alvar_msgs/local/lib/python3.10/dist-packages/ar_track_alvar_msgs/ar_track_alvar_msgs_s__rosidl_typesupport_introspection_c.cpython-310-x86_64-linux-gnu.so
[5.835s] -- Symlinking: /home/das-note-021/amir_kameyama_ws/install/ar_track_alvar_msgs/local/lib/python3.10/dist-packages/ar_track_alvar_msgs/libar_track_alvar_msgs__rosidl_generator_py.so
[5.847s] -- Symlinking: /home/das-note-021/amir_kameyama_ws/install/ar_track_alvar_msgs/local/lib/python3.10/dist-packages/ar_track_alvar_msgs/msg/__init__.py
[5.855s] -- Symlinking: /home/das-note-021/amir_kameyama_ws/install/ar_track_alvar_msgs/local/lib/python3.10/dist-packages/ar_track_alvar_msgs/msg/_alvar_marker.py
[5.869s] -- Symlinking: /home/das-note-021/amir_kameyama_ws/install/ar_track_alvar_msgs/local/lib/python3.10/dist-packages/ar_track_alvar_msgs/msg/_alvar_marker_s.c
[5.878s] -- Symlinking: /home/das-note-021/amir_kameyama_ws/install/ar_track_alvar_msgs/local/lib/python3.10/dist-packages/ar_track_alvar_msgs/msg/_alvar_markers.py
[5.885s] -- Symlinking: /home/das-note-021/amir_kameyama_ws/install/ar_track_alvar_msgs/local/lib/python3.10/dist-packages/ar_track_alvar_msgs/msg/_alvar_markers_s.c
[5.891s] -- Up-to-date symlink: /home/das-note-021/amir_kameyama_ws/install/ar_track_alvar_msgs/local/lib/python3.10/dist-packages/ar_track_alvar_msgs/ar_track_alvar_msgs_s__rosidl_typesupport_fastrtps_c.cpython-310-x86_64-linux-gnu.so
[5.892s] -- Up-to-date symlink: /home/das-note-021/amir_kameyama_ws/install/ar_track_alvar_msgs/local/lib/python3.10/dist-packages/ar_track_alvar_msgs/ar_track_alvar_msgs_s__rosidl_typesupport_introspection_c.cpython-310-x86_64-linux-gnu.so
[5.892s] -- Up-to-date symlink: /home/das-note-021/amir_kameyama_ws/install/ar_track_alvar_msgs/local/lib/python3.10/dist-packages/ar_track_alvar_msgs/ar_track_alvar_msgs_s__rosidl_typesupport_c.cpython-310-x86_64-linux-gnu.so
[5.892s] -- Symlinking: /home/das-note-021/amir_kameyama_ws/install/ar_track_alvar_msgs/share/ar_track_alvar_msgs/msg/AlvarMarker.idl
[5.902s] -- Symlinking: /home/das-note-021/amir_kameyama_ws/install/ar_track_alvar_msgs/share/ar_track_alvar_msgs/msg/AlvarMarkers.idl
[5.912s] -- Symlinking: /home/das-note-021/amir_kameyama_ws/install/ar_track_alvar_msgs/share/ar_track_alvar_msgs/msg/AlvarMarker.msg
[5.922s] -- Symlinking: /home/das-note-021/amir_kameyama_ws/install/ar_track_alvar_msgs/share/ar_track_alvar_msgs/msg/AlvarMarkers.msg
[5.933s] -- Symlinking: /home/das-note-021/amir_kameyama_ws/install/ar_track_alvar_msgs/share/ament_index/resource_index/package_run_dependencies/ar_track_alvar_msgs
[5.943s] -- Symlinking: /home/das-note-021/amir_kameyama_ws/install/ar_track_alvar_msgs/share/ament_index/resource_index/parent_prefix_path/ar_track_alvar_msgs
[5.954s] -- Symlinking: /home/das-note-021/amir_kameyama_ws/install/ar_track_alvar_msgs/share/ar_track_alvar_msgs/environment/ament_prefix_path.sh
[5.965s] -- Symlinking: /home/das-note-021/amir_kameyama_ws/install/ar_track_alvar_msgs/share/ar_track_alvar_msgs/environment/ament_prefix_path.dsv
[5.973s] -- Symlinking: /home/das-note-021/amir_kameyama_ws/install/ar_track_alvar_msgs/share/ar_track_alvar_msgs/environment/path.sh
[5.979s] -- Symlinking: /home/das-note-021/amir_kameyama_ws/install/ar_track_alvar_msgs/share/ar_track_alvar_msgs/environment/path.dsv
[5.986s] -- Symlinking: /home/das-note-021/amir_kameyama_ws/install/ar_track_alvar_msgs/share/ar_track_alvar_msgs/local_setup.bash
[5.993s] -- Symlinking: /home/das-note-021/amir_kameyama_ws/install/ar_track_alvar_msgs/share/ar_track_alvar_msgs/local_setup.sh
[6.002s] -- Symlinking: /home/das-note-021/amir_kameyama_ws/install/ar_track_alvar_msgs/share/ar_track_alvar_msgs/local_setup.zsh
[6.008s] -- Symlinking: /home/das-note-021/amir_kameyama_ws/install/ar_track_alvar_msgs/share/ar_track_alvar_msgs/local_setup.dsv
[6.015s] -- Symlinking: /home/das-note-021/amir_kameyama_ws/install/ar_track_alvar_msgs/share/ar_track_alvar_msgs/package.dsv
[6.020s] -- Symlinking: /home/das-note-021/amir_kameyama_ws/install/ar_track_alvar_msgs/share/ament_index/resource_index/packages/ar_track_alvar_msgs
[6.027s] -- Symlinking: /home/das-note-021/amir_kameyama_ws/install/ar_track_alvar_msgs/share/ar_track_alvar_msgs/cmake/rosidl_cmake-extras.cmake
[6.033s] -- Symlinking: /home/das-note-021/amir_kameyama_ws/install/ar_track_alvar_msgs/share/ar_track_alvar_msgs/cmake/ament_cmake_export_dependencies-extras.cmake
[6.040s] -- Symlinking: /home/das-note-021/amir_kameyama_ws/install/ar_track_alvar_msgs/share/ar_track_alvar_msgs/cmake/ament_cmake_export_include_directories-extras.cmake
[6.050s] -- Symlinking: /home/das-note-021/amir_kameyama_ws/install/ar_track_alvar_msgs/share/ar_track_alvar_msgs/cmake/ament_cmake_export_libraries-extras.cmake
[6.056s] -- Symlinking: /home/das-note-021/amir_kameyama_ws/install/ar_track_alvar_msgs/share/ar_track_alvar_msgs/cmake/ament_cmake_export_targets-extras.cmake
[6.064s] -- Symlinking: /home/das-note-021/amir_kameyama_ws/install/ar_track_alvar_msgs/share/ar_track_alvar_msgs/cmake/rosidl_cmake_export_typesupport_targets-extras.cmake
[6.070s] -- Symlinking: /home/das-note-021/amir_kameyama_ws/install/ar_track_alvar_msgs/share/ar_track_alvar_msgs/cmake/rosidl_cmake_export_typesupport_libraries-extras.cmake
[6.077s] -- Symlinking: /home/das-note-021/amir_kameyama_ws/install/ar_track_alvar_msgs/share/ar_track_alvar_msgs/cmake/ar_track_alvar_msgsConfig.cmake
[6.084s] -- Symlinking: /home/das-note-021/amir_kameyama_ws/install/ar_track_alvar_msgs/share/ar_track_alvar_msgs/cmake/ar_track_alvar_msgsConfig-version.cmake
[6.090s] -- Symlinking: /home/das-note-021/amir_kameyama_ws/install/ar_track_alvar_msgs/share/ar_track_alvar_msgs/package.xml
[6.097s] -- Installing: /home/das-note-021/amir_kameyama_ws/install/ar_track_alvar_msgs/lib/libar_track_alvar_msgs__rosidl_generator_c.so
[6.097s] -- Set runtime path of "/home/das-note-021/amir_kameyama_ws/install/ar_track_alvar_msgs/lib/libar_track_alvar_msgs__rosidl_generator_c.so" to ""
[6.097s] -- Installing: /home/das-note-021/amir_kameyama_ws/install/ar_track_alvar_msgs/lib/libar_track_alvar_msgs__rosidl_typesupport_fastrtps_c.so
[6.098s] -- Set runtime path of "/home/das-note-021/amir_kameyama_ws/install/ar_track_alvar_msgs/lib/libar_track_alvar_msgs__rosidl_typesupport_fastrtps_c.so" to ""
[6.098s] -- Installing: /home/das-note-021/amir_kameyama_ws/install/ar_track_alvar_msgs/lib/libar_track_alvar_msgs__rosidl_typesupport_introspection_c.so
[6.098s] -- Set runtime path of "/home/das-note-021/amir_kameyama_ws/install/ar_track_alvar_msgs/lib/libar_track_alvar_msgs__rosidl_typesupport_introspection_c.so" to ""
[6.098s] -- Installing: /home/das-note-021/amir_kameyama_ws/install/ar_track_alvar_msgs/lib/libar_track_alvar_msgs__rosidl_typesupport_c.so
[6.098s] -- Set runtime path of "/home/das-note-021/amir_kameyama_ws/install/ar_track_alvar_msgs/lib/libar_track_alvar_msgs__rosidl_typesupport_c.so" to ""
[6.098s] -- Installing: /home/das-note-021/amir_kameyama_ws/install/ar_track_alvar_msgs/lib/libar_track_alvar_msgs__rosidl_typesupport_fastrtps_cpp.so
[6.099s] -- Set runtime path of "/home/das-note-021/amir_kameyama_ws/install/ar_track_alvar_msgs/lib/libar_track_alvar_msgs__rosidl_typesupport_fastrtps_cpp.so" to ""
[6.099s] -- Installing: /home/das-note-021/amir_kameyama_ws/install/ar_track_alvar_msgs/lib/libar_track_alvar_msgs__rosidl_typesupport_introspection_cpp.so
[6.099s] -- Set runtime path of "/home/das-note-021/amir_kameyama_ws/install/ar_track_alvar_msgs/lib/libar_track_alvar_msgs__rosidl_typesupport_introspection_cpp.so" to ""
[6.099s] -- Installing: /home/das-note-021/amir_kameyama_ws/install/ar_track_alvar_msgs/lib/libar_track_alvar_msgs__rosidl_typesupport_cpp.so
[6.100s] -- Set runtime path of "/home/das-note-021/amir_kameyama_ws/install/ar_track_alvar_msgs/lib/libar_track_alvar_msgs__rosidl_typesupport_cpp.so" to ""
[6.128s] Listing '/home/das-note-021/amir_kameyama_ws/install/ar_track_alvar_msgs/local/lib/python3.10/dist-packages/ar_track_alvar_msgs'...
[6.128s] Compiling '/home/das-note-021/amir_kameyama_ws/install/ar_track_alvar_msgs/local/lib/python3.10/dist-packages/ar_track_alvar_msgs/__init__.py'...
[6.128s] Listing '/home/das-note-021/amir_kameyama_ws/install/ar_track_alvar_msgs/local/lib/python3.10/dist-packages/ar_track_alvar_msgs/msg'...
[6.128s] Compiling '/home/das-note-021/amir_kameyama_ws/install/ar_track_alvar_msgs/local/lib/python3.10/dist-packages/ar_track_alvar_msgs/msg/__init__.py'...
[6.128s] Compiling '/home/das-note-021/amir_kameyama_ws/install/ar_track_alvar_msgs/local/lib/python3.10/dist-packages/ar_track_alvar_msgs/msg/_alvar_marker.py'...
[6.128s] Compiling '/home/das-note-021/amir_kameyama_ws/install/ar_track_alvar_msgs/local/lib/python3.10/dist-packages/ar_track_alvar_msgs/msg/_alvar_markers.py'...
[6.131s] -- Installing: /home/das-note-021/amir_kameyama_ws/install/ar_track_alvar_msgs/lib/libar_track_alvar_msgs__rosidl_generator_py.so
[6.131s] -- Set runtime path of "/home/das-note-021/amir_kameyama_ws/install/ar_track_alvar_msgs/lib/libar_track_alvar_msgs__rosidl_generator_py.so" to ""
[6.131s] -- Installing: /home/das-note-021/amir_kameyama_ws/install/ar_track_alvar_msgs/share/ar_track_alvar_msgs/cmake/export_ar_track_alvar_msgs__rosidl_generator_cExport.cmake
[6.131s] -- Installing: /home/das-note-021/amir_kameyama_ws/install/ar_track_alvar_msgs/share/ar_track_alvar_msgs/cmake/export_ar_track_alvar_msgs__rosidl_generator_cExport-noconfig.cmake
[6.131s] -- Installing: /home/das-note-021/amir_kameyama_ws/install/ar_track_alvar_msgs/share/ar_track_alvar_msgs/cmake/export_ar_track_alvar_msgs__rosidl_typesupport_fastrtps_cExport.cmake
[6.131s] -- Installing: /home/das-note-021/amir_kameyama_ws/install/ar_track_alvar_msgs/share/ar_track_alvar_msgs/cmake/export_ar_track_alvar_msgs__rosidl_typesupport_fastrtps_cExport-noconfig.cmake
[6.132s] -- Installing: /home/das-note-021/amir_kameyama_ws/install/ar_track_alvar_msgs/share/ar_track_alvar_msgs/cmake/ar_track_alvar_msgs__rosidl_typesupport_introspection_cExport.cmake
[6.132s] -- Installing: /home/das-note-021/amir_kameyama_ws/install/ar_track_alvar_msgs/share/ar_track_alvar_msgs/cmake/ar_track_alvar_msgs__rosidl_typesupport_introspection_cExport-noconfig.cmake
[6.132s] -- Installing: /home/das-note-021/amir_kameyama_ws/install/ar_track_alvar_msgs/share/ar_track_alvar_msgs/cmake/ar_track_alvar_msgs__rosidl_typesupport_cExport.cmake
[6.132s] -- Installing: /home/das-note-021/amir_kameyama_ws/install/ar_track_alvar_msgs/share/ar_track_alvar_msgs/cmake/ar_track_alvar_msgs__rosidl_typesupport_cExport-noconfig.cmake
[6.132s] -- Installing: /home/das-note-021/amir_kameyama_ws/install/ar_track_alvar_msgs/share/ar_track_alvar_msgs/cmake/export_ar_track_alvar_msgs__rosidl_generator_cppExport.cmake
[6.132s] -- Installing: /home/das-note-021/amir_kameyama_ws/install/ar_track_alvar_msgs/share/ar_track_alvar_msgs/cmake/export_ar_track_alvar_msgs__rosidl_typesupport_fastrtps_cppExport.cmake
[6.132s] -- Installing: /home/das-note-021/amir_kameyama_ws/install/ar_track_alvar_msgs/share/ar_track_alvar_msgs/cmake/export_ar_track_alvar_msgs__rosidl_typesupport_fastrtps_cppExport-noconfig.cmake
[6.132s] -- Installing: /home/das-note-021/amir_kameyama_ws/install/ar_track_alvar_msgs/share/ar_track_alvar_msgs/cmake/ar_track_alvar_msgs__rosidl_typesupport_introspection_cppExport.cmake
[6.132s] -- Installing: /home/das-note-021/amir_kameyama_ws/install/ar_track_alvar_msgs/share/ar_track_alvar_msgs/cmake/ar_track_alvar_msgs__rosidl_typesupport_introspection_cppExport-noconfig.cmake
[6.132s] -- Installing: /home/das-note-021/amir_kameyama_ws/install/ar_track_alvar_msgs/share/ar_track_alvar_msgs/cmake/ar_track_alvar_msgs__rosidl_typesupport_cppExport.cmake
[6.132s] -- Installing: /home/das-note-021/amir_kameyama_ws/install/ar_track_alvar_msgs/share/ar_track_alvar_msgs/cmake/ar_track_alvar_msgs__rosidl_typesupport_cppExport-noconfig.cmake
[6.132s] -- Installing: /home/das-note-021/amir_kameyama_ws/install/ar_track_alvar_msgs/share/ar_track_alvar_msgs/cmake/export_ar_track_alvar_msgs__rosidl_generator_pyExport.cmake
[6.132s] -- Installing: /home/das-note-021/amir_kameyama_ws/install/ar_track_alvar_msgs/share/ar_track_alvar_msgs/cmake/export_ar_track_alvar_msgs__rosidl_generator_pyExport-noconfig.cmake
[6.135s] Invoked command in '/home/das-note-021/amir_kameyama_ws/build/ar_track_alvar_msgs' returned '0': CMAKE_PREFIX_PATH=${CMAKE_PREFIX_PATH}:/home/das-note-021/amir_kameyama_ws/install/failure_detection:/home/das-note-021/amir_kameyama_ws/install/bt_generator:/home/das-note-021/kameyama_ws/install/ros2_aruco:/home/das-note-021/kameyama_ws/install/failure_detection:/home/das-note-021/kameyama_ws/install/bt_generator:/opt/ros/humble /usr/bin/cmake --install /home/das-note-021/amir_kameyama_ws/build/ar_track_alvar_msgs
