[0.532s] Invoking command in '/home/rover/kameyama_ws/build/rviz_utility': CMAKE_PREFIX_PATH=${CMAKE_PREFIX_PATH}:/home/rover/kameyama_ws/install/ros2_aruco:/home/rover/kameyama_ws/install/failure_detection:/home/rover/kameyama_ws/install/bt_generator:/home/rover/amir_basic_ws/install/nav2_simple_commander:/home/rover/amir_basic_ws/install/camera_calibration:/opt/ros/humble /usr/bin/cmake --build /home/rover/kameyama_ws/build/rviz_utility -- -j12 -l12
[0.668s] Invoked command in '/home/rover/kameyama_ws/build/rviz_utility' returned '0': CMAKE_PREFIX_PATH=${CMAKE_PREFIX_PATH}:/home/rover/kameyama_ws/install/ros2_aruco:/home/rover/kameyama_ws/install/failure_detection:/home/rover/kameyama_ws/install/bt_generator:/home/rover/amir_basic_ws/install/nav2_simple_commander:/home/rover/amir_basic_ws/install/camera_calibration:/opt/ros/humble /usr/bin/cmake --build /home/rover/kameyama_ws/build/rviz_utility -- -j12 -l12
[0.670s] Invoking command in '/home/rover/kameyama_ws/build/rviz_utility': CMAKE_PREFIX_PATH=${CMAKE_PREFIX_PATH}:/home/rover/kameyama_ws/install/ros2_aruco:/home/rover/kameyama_ws/install/failure_detection:/home/rover/kameyama_ws/install/bt_generator:/home/rover/amir_basic_ws/install/nav2_simple_commander:/home/rover/amir_basic_ws/install/camera_calibration:/opt/ros/humble /usr/bin/cmake --install /home/rover/kameyama_ws/build/rviz_utility
[0.734s] -- Install configuration: ""
[0.734s] -- Execute custom install script
[0.734s] -- Up-to-date symlink: /home/rover/kameyama_ws/install/rviz_utility/share/rviz_utility/launch/rviz_launch.py
[0.734s] -- Up-to-date symlink: /home/rover/kameyama_ws/install/rviz_utility/share/rviz_utility/rviz/amir.rviz
[0.734s] -- Up-to-date symlink: /home/rover/kameyama_ws/install/rviz_utility/share/rviz_utility/rviz/mecanum2.rviz
[0.734s] -- Up-to-date symlink: /home/rover/kameyama_ws/install/rviz_utility/share/rviz_utility/rviz/navigation1.rviz
[0.734s] -- Up-to-date symlink: /home/rover/kameyama_ws/install/rviz_utility/share/ament_index/resource_index/package_run_dependencies/rviz_utility
[0.734s] -- Up-to-date symlink: /home/rover/kameyama_ws/install/rviz_utility/share/ament_index/resource_index/parent_prefix_path/rviz_utility
[0.735s] -- Up-to-date symlink: /home/rover/kameyama_ws/install/rviz_utility/share/rviz_utility/environment/ament_prefix_path.sh
[0.735s] -- Up-to-date symlink: /home/rover/kameyama_ws/install/rviz_utility/share/rviz_utility/environment/ament_prefix_path.dsv
[0.735s] -- Up-to-date symlink: /home/rover/kameyama_ws/install/rviz_utility/share/rviz_utility/environment/path.sh
[0.735s] -- Up-to-date symlink: /home/rover/kameyama_ws/install/rviz_utility/share/rviz_utility/environment/path.dsv
[0.735s] -- Up-to-date symlink: /home/rover/kameyama_ws/install/rviz_utility/share/rviz_utility/local_setup.bash
[0.735s] -- Up-to-date symlink: /home/rover/kameyama_ws/install/rviz_utility/share/rviz_utility/local_setup.sh
[0.735s] -- Up-to-date symlink: /home/rover/kameyama_ws/install/rviz_utility/share/rviz_utility/local_setup.zsh
[0.735s] -- Up-to-date symlink: /home/rover/kameyama_ws/install/rviz_utility/share/rviz_utility/local_setup.dsv
[0.735s] -- Symlinking: /home/rover/kameyama_ws/install/rviz_utility/share/rviz_utility/package.dsv
[0.735s] -- Up-to-date symlink: /home/rover/kameyama_ws/install/rviz_utility/share/ament_index/resource_index/packages/rviz_utility
[0.735s] -- Up-to-date symlink: /home/rover/kameyama_ws/install/rviz_utility/share/rviz_utility/cmake/rviz_utilityConfig.cmake
[0.735s] -- Up-to-date symlink: /home/rover/kameyama_ws/install/rviz_utility/share/rviz_utility/cmake/rviz_utilityConfig-version.cmake
[0.735s] -- Up-to-date symlink: /home/rover/kameyama_ws/install/rviz_utility/share/rviz_utility/package.xml
[0.777s] Invoked command in '/home/rover/kameyama_ws/build/rviz_utility' returned '0': CMAKE_PREFIX_PATH=${CMAKE_PREFIX_PATH}:/home/rover/kameyama_ws/install/ros2_aruco:/home/rover/kameyama_ws/install/failure_detection:/home/rover/kameyama_ws/install/bt_generator:/home/rover/amir_basic_ws/install/nav2_simple_commander:/home/rover/amir_basic_ws/install/camera_calibration:/opt/ros/humble /usr/bin/cmake --install /home/rover/kameyama_ws/build/rviz_utility
