[0.058s] Invoking command in '/home/rover/kameyama_ws/build/line_msg': CMAKE_PREFIX_PATH=${CMAKE_PREFIX_PATH}:/home/rover/kameyama_ws/install/ros2_aruco:/home/rover/kameyama_ws/install/failure_detection:/home/rover/kameyama_ws/install/bt_generator:/home/rover/amir_basic_ws/install/nav2_simple_commander:/home/rover/amir_basic_ws/install/camera_calibration:/opt/ros/humble /usr/bin/cmake --build /home/rover/kameyama_ws/build/line_msg -- -j12 -l12
[0.663s] [  9%] Built target line_msg__rosidl_generator_c
[0.663s] [ 12%] Built target line_msg__cpp
[0.663s] [ 12%] Built target ament_cmake_python_symlink_line_msg
[0.663s] [ 22%] Built target line_msg__rosidl_typesupport_fastrtps_c
[0.663s] [ 32%] Built target line_msg__rosidl_typesupport_introspection_cpp
[0.663s] [ 41%] Built target line_msg__rosidl_typesupport_introspection_c
[0.663s] [ 51%] Built target line_msg__rosidl_typesupport_c
[0.663s] [ 61%] Built target line_msg__rosidl_typesupport_fastrtps_cpp
[0.663s] [ 70%] Built target line_msg__rosidl_typesupport_cpp
[0.663s] [ 70%] Built target line_msg
[0.663s] [ 74%] Built target line_msg__py
[0.664s] [ 80%] Built target line_msg__rosidl_generator_py
[0.664s] gmake[2]: *** [CMakeFiles/line_msg__rosidl_typesupport_introspection_c__pyext.dir/build.make:148: CMakeFiles/line_msg__rosidl_typesupport_introspection_c__pyext.dir/depend] 割り込み
[0.664s] gmake[2]: *** [CMakeFiles/line_msg__rosidl_typesupport_fastrtps_c__pyext.dir/build.make:148: CMakeFiles/line_msg__rosidl_typesupport_fastrtps_c__pyext.dir/depend] 割り込み
[0.664s] Traceback (most recent call last):
[0.664s]   File "/home/rover/kameyama_ws/build/line_msg/ament_cmake_python/line_msg/setup.py", line 1, in <module>
[0.664s] gmake[1]: *** [CMakeFiles/Makefile2:504: CMakeFiles/line_msg__rosidl_typesupport_fastrtps_c__pyext.dir/all] 割り込み
[0.664s]     from setuptools import find_packages
[0.664s] gmake[1]: *** [CMakeFiles/Makefile2:534: CMakeFiles/line_msg__rosidl_typesupport_introspection_c__pyext.dir/all] 割り込み
[0.664s]   File "/home/rover/.local/lib/python3.10/site-packages/setuptools/__init__.py", line 14, in <module>
[0.664s] gmake[2]: *** wait: 子プロセスがありません.  中止.
[0.664s] gmake[2]: *** 未完了のジョブを待っています....
[0.664s] gmake[2]: *** wait: 子プロセスがありません.  中止.
[0.664s]     import setuptools.version
[0.664s]   File "/home/rover/.local/lib/python3.10/site-packages/setuptools/version.py", line 1, in <module>
[0.664s] gmake[1]: *** [CMakeFiles/Makefile2:563: CMakeFiles/line_msg__rosidl_typesupport_c__pyext.dir/all] エラー 2
[0.664s]     import pkg_resources
[0.664s]   File "/home/rover/.local/lib/python3.10/site-packages/pkg_resources/__init__.py", line 3247, in <module>
[0.664s]     def _initialize_master_working_set():
[0.664s]   File "/home/rover/.local/lib/python3.10/site-packages/pkg_resources/__init__.py", line 3221, in _call_aside
[0.664s]     f(*args, **kwargs)
[0.664s]   File "/home/rover/.local/lib/python3.10/site-packages/pkg_resources/__init__.py", line 3282, in _initialize_master_working_set
[0.664s]     list(map(working_set.add_entry, sys.path))
[0.664s]   File "/home/rover/.local/lib/python3.10/site-packages/pkg_resources/__init__.py", line 619, in add_entry
[0.664s]     for dist in find_distributions(entry, True):
[0.664s]   File "/home/rover/.local/lib/python3.10/site-packages/pkg_resources/__init__.py", line 2079, in find_on_path
[0.664s]     path_item_entries = _by_version_descending(filtered)
[0.665s]   File "/home/rover/.local/lib/python3.10/site-packages/pkg_resources/__init__.py", line 2049, in _by_version_descending
[0.665s]     return sorted(names, key=_by_version, reverse=True)
[0.665s]   File "/home/rover/.local/lib/python3.10/site-packages/pkg_resources/_vendor/packaging/version.py", line 81, in __eq__
[0.665s]     def __eq__(self, other: object) -> bool:
[0.665s] KeyboardInterrupt
[0.674s] gmake[2]: *** [CMakeFiles/ament_cmake_python_build_line_msg_egg.dir/build.make:70: CMakeFiles/ament_cmake_python_build_line_msg_egg] 割り込み
[0.674s] gmake[1]: *** [CMakeFiles/Makefile2:447: CMakeFiles/ament_cmake_python_build_line_msg_egg.dir/all] 割り込み
[0.675s] gmake: *** [Makefile:146: all] 割り込み
