[  3%] Built target line_msg__cpp
[  3%] Built target ament_cmake_python_symlink_line_msg
[ 12%] Built target line_msg__rosidl_generator_c
[ 16%] [32mBuilding CXX object CMakeFiles/line_msg__rosidl_typesupport_cpp.dir/rosidl_typesupport_cpp/line_msg/msg/box_corner__type_support.cpp.o[0m
[ 19%] [32mBuilding CXX object CMakeFiles/line_msg__rosidl_typesupport_fastrtps_c.dir/rosidl_typesupport_fastrtps_c/line_msg/msg/detail/box_corner__type_support_c.cpp.o[0m
[ 22%] [32mBuilding CXX object CMakeFiles/line_msg__rosidl_typesupport_introspection_cpp.dir/rosidl_typesupport_introspection_cpp/line_msg/msg/detail/box_corner__type_support.cpp.o[0m
[ 32%] Built target line_msg__rosidl_typesupport_c
[ 35%] [32mBuilding CXX object CMakeFiles/line_msg__rosidl_typesupport_fastrtps_cpp.dir/rosidl_typesupport_fastrtps_cpp/line_msg/msg/detail/dds_fastrtps/box_corner__type_support.cpp.o[0m
[ 45%] Built target line_msg__rosidl_typesupport_introspection_c
[ 48%] [32m[1mLinking CXX shared library libline_msg__rosidl_typesupport_cpp.so[0m
[ 51%] [32m[1mLinking CXX shared library libline_msg__rosidl_typesupport_fastrtps_cpp.so[0m
[ 54%] Built target line_msg__rosidl_typesupport_cpp
[ 58%] [32m[1mLinking CXX shared library libline_msg__rosidl_typesupport_fastrtps_c.so[0m
[ 61%] Built target line_msg__rosidl_typesupport_fastrtps_cpp
[ 64%] Built target line_msg__rosidl_typesupport_fastrtps_c
[ 67%] [32m[1mLinking CXX shared library libline_msg__rosidl_typesupport_introspection_cpp.so[0m
running egg_info
[ 70%] Built target line_msg__rosidl_typesupport_introspection_cpp
writing line_msg.egg-info/PKG-INFO
[ 70%] Built target line_msg
writing dependency_links to line_msg.egg-info/dependency_links.txt
[ 74%] Built target line_msg__py
[ 77%] [32mBuilding C object CMakeFiles/line_msg__rosidl_generator_py.dir/rosidl_generator_py/line_msg/msg/_box_corner_s.c.o[0m
[ 80%] [32m[1mLinking C shared library rosidl_generator_py/line_msg/libline_msg__rosidl_generator_py.so[0m
[ 80%] Built target line_msg__rosidl_generator_py
writing top-level names to line_msg.egg-info/top_level.txt
[ 83%] [32mBuilding C object CMakeFiles/line_msg__rosidl_typesupport_introspection_c__pyext.dir/rosidl_generator_py/line_msg/_line_msg_s.ep.rosidl_typesupport_introspection_c.c.o[0m
[ 87%] [32mBuilding C object CMakeFiles/line_msg__rosidl_typesupport_fastrtps_c__pyext.dir/rosidl_generator_py/line_msg/_line_msg_s.ep.rosidl_typesupport_fastrtps_c.c.o[0m
[ 90%] [32mBuilding C object CMakeFiles/line_msg__rosidl_typesupport_c__pyext.dir/rosidl_generator_py/line_msg/_line_msg_s.ep.rosidl_typesupport_c.c.o[0m
reading manifest file 'line_msg.egg-info/SOURCES.txt'
writing manifest file 'line_msg.egg-info/SOURCES.txt'
[ 90%] Built target ament_cmake_python_build_line_msg_egg
[ 93%] [32m[1mLinking C shared library rosidl_generator_py/line_msg/line_msg_s__rosidl_typesupport_introspection_c.cpython-310-x86_64-linux-gnu.so[0m
[ 96%] [32m[1mLinking C shared library rosidl_generator_py/line_msg/line_msg_s__rosidl_typesupport_c.cpython-310-x86_64-linux-gnu.so[0m
[ 96%] Built target line_msg__rosidl_typesupport_introspection_c__pyext
[100%] [32m[1mLinking C shared library rosidl_generator_py/line_msg/line_msg_s__rosidl_typesupport_fastrtps_c.cpython-310-x86_64-linux-gnu.so[0m
[100%] Built target line_msg__rosidl_typesupport_c__pyext
[100%] Built target line_msg__rosidl_typesupport_fastrtps_c__pyext
-- Install configuration: ""
-- Execute custom install script
-- Up-to-date symlink: /home/rover/kameyama_ws/install/line_msg/share/ament_index/resource_index/rosidl_interfaces/line_msg
-- Up-to-date symlink: /home/rover/kameyama_ws/install/line_msg/include/line_msg/line_msg/msg/box_corner.h
-- Up-to-date symlink: /home/rover/kameyama_ws/install/line_msg/include/line_msg/line_msg/msg/detail/box_corner__functions.h
-- Up-to-date symlink: /home/rover/kameyama_ws/install/line_msg/include/line_msg/line_msg/msg/detail/box_corner__struct.h
-- Up-to-date symlink: /home/rover/kameyama_ws/install/line_msg/include/line_msg/line_msg/msg/detail/box_corner__type_support.h
-- Up-to-date symlink: /home/rover/kameyama_ws/install/line_msg/include/line_msg/line_msg/msg/rosidl_generator_c__visibility_control.h
-- Up-to-date symlink: /home/rover/kameyama_ws/install/line_msg/share/line_msg/environment/library_path.sh
-- Up-to-date symlink: /home/rover/kameyama_ws/install/line_msg/share/line_msg/environment/library_path.dsv
-- Up-to-date symlink: /home/rover/kameyama_ws/install/line_msg/include/line_msg/line_msg/msg/detail/box_corner__rosidl_typesupport_fastrtps_c.h
-- Up-to-date symlink: /home/rover/kameyama_ws/install/line_msg/include/line_msg/line_msg/msg/rosidl_typesupport_fastrtps_c__visibility_control.h
-- Up-to-date symlink: /home/rover/kameyama_ws/install/line_msg/include/line_msg/line_msg/msg/box_corner.hpp
-- Up-to-date symlink: /home/rover/kameyama_ws/install/line_msg/include/line_msg/line_msg/msg/detail/box_corner__builder.hpp
-- Up-to-date symlink: /home/rover/kameyama_ws/install/line_msg/include/line_msg/line_msg/msg/detail/box_corner__struct.hpp
-- Up-to-date symlink: /home/rover/kameyama_ws/install/line_msg/include/line_msg/line_msg/msg/detail/box_corner__traits.hpp
-- Up-to-date symlink: /home/rover/kameyama_ws/install/line_msg/include/line_msg/line_msg/msg/detail/box_corner__type_support.hpp
-- Up-to-date symlink: /home/rover/kameyama_ws/install/line_msg/include/line_msg/line_msg/msg/rosidl_generator_cpp__visibility_control.hpp
-- Up-to-date symlink: /home/rover/kameyama_ws/install/line_msg/include/line_msg/line_msg/msg/detail/box_corner__rosidl_typesupport_fastrtps_cpp.hpp
-- Up-to-date symlink: /home/rover/kameyama_ws/install/line_msg/include/line_msg/line_msg/msg/rosidl_typesupport_fastrtps_cpp__visibility_control.h
-- Up-to-date symlink: /home/rover/kameyama_ws/install/line_msg/include/line_msg/line_msg/msg/detail/box_corner__rosidl_typesupport_introspection_c.h
-- Up-to-date symlink: /home/rover/kameyama_ws/install/line_msg/include/line_msg/line_msg/msg/rosidl_typesupport_introspection_c__visibility_control.h
-- Up-to-date symlink: /home/rover/kameyama_ws/install/line_msg/include/line_msg/line_msg/msg/detail/box_corner__rosidl_typesupport_introspection_cpp.hpp
-- Up-to-date symlink: /home/rover/kameyama_ws/install/line_msg/share/line_msg/environment/pythonpath.sh
-- Up-to-date symlink: /home/rover/kameyama_ws/install/line_msg/share/line_msg/environment/pythonpath.dsv
-- Up-to-date symlink: /home/rover/kameyama_ws/install/line_msg/local/lib/python3.10/dist-packages/line_msg-0.0.0-py3.10.egg-info/PKG-INFO
-- Up-to-date symlink: /home/rover/kameyama_ws/install/line_msg/local/lib/python3.10/dist-packages/line_msg-0.0.0-py3.10.egg-info/SOURCES.txt
-- Up-to-date symlink: /home/rover/kameyama_ws/install/line_msg/local/lib/python3.10/dist-packages/line_msg-0.0.0-py3.10.egg-info/dependency_links.txt
-- Up-to-date symlink: /home/rover/kameyama_ws/install/line_msg/local/lib/python3.10/dist-packages/line_msg-0.0.0-py3.10.egg-info/top_level.txt
-- Up-to-date symlink: /home/rover/kameyama_ws/install/line_msg/local/lib/python3.10/dist-packages/line_msg/__init__.py
-- Up-to-date symlink: /home/rover/kameyama_ws/install/line_msg/local/lib/python3.10/dist-packages/line_msg/_line_msg_s.ep.rosidl_typesupport_c.c
-- Up-to-date symlink: /home/rover/kameyama_ws/install/line_msg/local/lib/python3.10/dist-packages/line_msg/_line_msg_s.ep.rosidl_typesupport_fastrtps_c.c
-- Up-to-date symlink: /home/rover/kameyama_ws/install/line_msg/local/lib/python3.10/dist-packages/line_msg/_line_msg_s.ep.rosidl_typesupport_introspection_c.c
-- Up-to-date symlink: /home/rover/kameyama_ws/install/line_msg/local/lib/python3.10/dist-packages/line_msg/libline_msg__rosidl_generator_py.so
-- Up-to-date symlink: /home/rover/kameyama_ws/install/line_msg/local/lib/python3.10/dist-packages/line_msg/line_msg_s__rosidl_typesupport_c.cpython-310-x86_64-linux-gnu.so
-- Up-to-date symlink: /home/rover/kameyama_ws/install/line_msg/local/lib/python3.10/dist-packages/line_msg/line_msg_s__rosidl_typesupport_fastrtps_c.cpython-310-x86_64-linux-gnu.so
-- Up-to-date symlink: /home/rover/kameyama_ws/install/line_msg/local/lib/python3.10/dist-packages/line_msg/line_msg_s__rosidl_typesupport_introspection_c.cpython-310-x86_64-linux-gnu.so
-- Up-to-date symlink: /home/rover/kameyama_ws/install/line_msg/local/lib/python3.10/dist-packages/line_msg/msg/__init__.py
-- Up-to-date symlink: /home/rover/kameyama_ws/install/line_msg/local/lib/python3.10/dist-packages/line_msg/msg/_box_corner.py
-- Up-to-date symlink: /home/rover/kameyama_ws/install/line_msg/local/lib/python3.10/dist-packages/line_msg/msg/_box_corner_s.c
-- Up-to-date symlink: /home/rover/kameyama_ws/install/line_msg/local/lib/python3.10/dist-packages/line_msg/line_msg_s__rosidl_typesupport_fastrtps_c.cpython-310-x86_64-linux-gnu.so
-- Up-to-date symlink: /home/rover/kameyama_ws/install/line_msg/local/lib/python3.10/dist-packages/line_msg/line_msg_s__rosidl_typesupport_introspection_c.cpython-310-x86_64-linux-gnu.so
-- Up-to-date symlink: /home/rover/kameyama_ws/install/line_msg/local/lib/python3.10/dist-packages/line_msg/line_msg_s__rosidl_typesupport_c.cpython-310-x86_64-linux-gnu.so
-- Up-to-date symlink: /home/rover/kameyama_ws/install/line_msg/share/line_msg/msg/BoxCorner.idl
-- Up-to-date symlink: /home/rover/kameyama_ws/install/line_msg/share/line_msg/msg/BoxCorner.msg
-- Up-to-date symlink: /home/rover/kameyama_ws/install/line_msg/share/ament_index/resource_index/package_run_dependencies/line_msg
-- Up-to-date symlink: /home/rover/kameyama_ws/install/line_msg/share/ament_index/resource_index/parent_prefix_path/line_msg
-- Up-to-date symlink: /home/rover/kameyama_ws/install/line_msg/share/line_msg/environment/ament_prefix_path.sh
-- Up-to-date symlink: /home/rover/kameyama_ws/install/line_msg/share/line_msg/environment/ament_prefix_path.dsv
-- Up-to-date symlink: /home/rover/kameyama_ws/install/line_msg/share/line_msg/environment/path.sh
-- Up-to-date symlink: /home/rover/kameyama_ws/install/line_msg/share/line_msg/environment/path.dsv
-- Up-to-date symlink: /home/rover/kameyama_ws/install/line_msg/share/line_msg/local_setup.bash
-- Up-to-date symlink: /home/rover/kameyama_ws/install/line_msg/share/line_msg/local_setup.sh
-- Up-to-date symlink: /home/rover/kameyama_ws/install/line_msg/share/line_msg/local_setup.zsh
-- Up-to-date symlink: /home/rover/kameyama_ws/install/line_msg/share/line_msg/local_setup.dsv
-- Symlinking: /home/rover/kameyama_ws/install/line_msg/share/line_msg/package.dsv
-- Up-to-date symlink: /home/rover/kameyama_ws/install/line_msg/share/ament_index/resource_index/packages/line_msg
-- Up-to-date symlink: /home/rover/kameyama_ws/install/line_msg/share/line_msg/cmake/rosidl_cmake-extras.cmake
-- Up-to-date symlink: /home/rover/kameyama_ws/install/line_msg/share/line_msg/cmake/ament_cmake_export_dependencies-extras.cmake
-- Up-to-date symlink: /home/rover/kameyama_ws/install/line_msg/share/line_msg/cmake/ament_cmake_export_include_directories-extras.cmake
-- Up-to-date symlink: /home/rover/kameyama_ws/install/line_msg/share/line_msg/cmake/ament_cmake_export_libraries-extras.cmake
-- Up-to-date symlink: /home/rover/kameyama_ws/install/line_msg/share/line_msg/cmake/ament_cmake_export_targets-extras.cmake
-- Up-to-date symlink: /home/rover/kameyama_ws/install/line_msg/share/line_msg/cmake/rosidl_cmake_export_typesupport_targets-extras.cmake
-- Up-to-date symlink: /home/rover/kameyama_ws/install/line_msg/share/line_msg/cmake/rosidl_cmake_export_typesupport_libraries-extras.cmake
-- Up-to-date symlink: /home/rover/kameyama_ws/install/line_msg/share/line_msg/cmake/line_msgConfig.cmake
-- Up-to-date symlink: /home/rover/kameyama_ws/install/line_msg/share/line_msg/cmake/line_msgConfig-version.cmake
-- Up-to-date symlink: /home/rover/kameyama_ws/install/line_msg/share/line_msg/package.xml
-- Up-to-date: /home/rover/kameyama_ws/install/line_msg/lib/libline_msg__rosidl_generator_c.so
-- Installing: /home/rover/kameyama_ws/install/line_msg/lib/libline_msg__rosidl_typesupport_fastrtps_c.so
-- Set runtime path of "/home/rover/kameyama_ws/install/line_msg/lib/libline_msg__rosidl_typesupport_fastrtps_c.so" to ""
-- Installing: /home/rover/kameyama_ws/install/line_msg/lib/libline_msg__rosidl_typesupport_fastrtps_cpp.so
-- Set runtime path of "/home/rover/kameyama_ws/install/line_msg/lib/libline_msg__rosidl_typesupport_fastrtps_cpp.so" to ""
-- Up-to-date: /home/rover/kameyama_ws/install/line_msg/lib/libline_msg__rosidl_typesupport_introspection_c.so
-- Up-to-date: /home/rover/kameyama_ws/install/line_msg/lib/libline_msg__rosidl_typesupport_c.so
-- Installing: /home/rover/kameyama_ws/install/line_msg/lib/libline_msg__rosidl_typesupport_introspection_cpp.so
-- Set runtime path of "/home/rover/kameyama_ws/install/line_msg/lib/libline_msg__rosidl_typesupport_introspection_cpp.so" to ""
-- Installing: /home/rover/kameyama_ws/install/line_msg/lib/libline_msg__rosidl_typesupport_cpp.so
-- Set runtime path of "/home/rover/kameyama_ws/install/line_msg/lib/libline_msg__rosidl_typesupport_cpp.so" to ""
Listing '/home/rover/kameyama_ws/install/line_msg/local/lib/python3.10/dist-packages/line_msg'...
Listing '/home/rover/kameyama_ws/install/line_msg/local/lib/python3.10/dist-packages/line_msg/msg'...
-- Installing: /home/rover/kameyama_ws/install/line_msg/lib/libline_msg__rosidl_generator_py.so
-- Set runtime path of "/home/rover/kameyama_ws/install/line_msg/lib/libline_msg__rosidl_generator_py.so" to ""
-- Up-to-date: /home/rover/kameyama_ws/install/line_msg/share/line_msg/cmake/export_line_msg__rosidl_generator_cExport.cmake
-- Up-to-date: /home/rover/kameyama_ws/install/line_msg/share/line_msg/cmake/export_line_msg__rosidl_generator_cExport-noconfig.cmake
-- Up-to-date: /home/rover/kameyama_ws/install/line_msg/share/line_msg/cmake/export_line_msg__rosidl_typesupport_fastrtps_cExport.cmake
-- Up-to-date: /home/rover/kameyama_ws/install/line_msg/share/line_msg/cmake/export_line_msg__rosidl_typesupport_fastrtps_cExport-noconfig.cmake
-- Up-to-date: /home/rover/kameyama_ws/install/line_msg/share/line_msg/cmake/export_line_msg__rosidl_generator_cppExport.cmake
-- Up-to-date: /home/rover/kameyama_ws/install/line_msg/share/line_msg/cmake/export_line_msg__rosidl_typesupport_fastrtps_cppExport.cmake
-- Up-to-date: /home/rover/kameyama_ws/install/line_msg/share/line_msg/cmake/export_line_msg__rosidl_typesupport_fastrtps_cppExport-noconfig.cmake
-- Up-to-date: /home/rover/kameyama_ws/install/line_msg/share/line_msg/cmake/line_msg__rosidl_typesupport_introspection_cExport.cmake
-- Up-to-date: /home/rover/kameyama_ws/install/line_msg/share/line_msg/cmake/line_msg__rosidl_typesupport_introspection_cExport-noconfig.cmake
-- Up-to-date: /home/rover/kameyama_ws/install/line_msg/share/line_msg/cmake/line_msg__rosidl_typesupport_cExport.cmake
-- Up-to-date: /home/rover/kameyama_ws/install/line_msg/share/line_msg/cmake/line_msg__rosidl_typesupport_cExport-noconfig.cmake
-- Up-to-date: /home/rover/kameyama_ws/install/line_msg/share/line_msg/cmake/line_msg__rosidl_typesupport_introspection_cppExport.cmake
-- Up-to-date: /home/rover/kameyama_ws/install/line_msg/share/line_msg/cmake/line_msg__rosidl_typesupport_introspection_cppExport-noconfig.cmake
-- Up-to-date: /home/rover/kameyama_ws/install/line_msg/share/line_msg/cmake/line_msg__rosidl_typesupport_cppExport.cmake
-- Up-to-date: /home/rover/kameyama_ws/install/line_msg/share/line_msg/cmake/line_msg__rosidl_typesupport_cppExport-noconfig.cmake
-- Up-to-date: /home/rover/kameyama_ws/install/line_msg/share/line_msg/cmake/export_line_msg__rosidl_generator_pyExport.cmake
-- Up-to-date: /home/rover/kameyama_ws/install/line_msg/share/line_msg/cmake/export_line_msg__rosidl_generator_pyExport-noconfig.cmake
