[0.047s] Invoking command in '/home/rover/kameyama_ws/build/line_msg': CMAKE_PREFIX_PATH=${CMAKE_PREFIX_PATH}:/home/rover/amir_basic_ws/install/camera_calibration:/opt/ros/humble /usr/bin/cmake --build /home/rover/kameyama_ws/build/line_msg -- -j12 -l12
[1.429s] [  3%] Built target line_msg__cpp
[1.429s] [  3%] Built target ament_cmake_python_symlink_line_msg
[1.429s] [ 12%] Built target line_msg__rosidl_generator_c
[1.429s] [ 16%] [32mBuilding CXX object CMakeFiles/line_msg__rosidl_typesupport_cpp.dir/rosidl_typesupport_cpp/line_msg/msg/box_corner__type_support.cpp.o[0m
[1.429s] [ 19%] [32mBuilding CXX object CMakeFiles/line_msg__rosidl_typesupport_fastrtps_c.dir/rosidl_typesupport_fastrtps_c/line_msg/msg/detail/box_corner__type_support_c.cpp.o[0m
[1.429s] [ 22%] [32mBuilding CXX object CMakeFiles/line_msg__rosidl_typesupport_introspection_cpp.dir/rosidl_typesupport_introspection_cpp/line_msg/msg/detail/box_corner__type_support.cpp.o[0m
[1.429s] [ 32%] Built target line_msg__rosidl_typesupport_c
[1.429s] [ 35%] [32mBuilding CXX object CMakeFiles/line_msg__rosidl_typesupport_fastrtps_cpp.dir/rosidl_typesupport_fastrtps_cpp/line_msg/msg/detail/dds_fastrtps/box_corner__type_support.cpp.o[0m
[1.429s] [ 45%] Built target line_msg__rosidl_typesupport_introspection_c
[1.429s] [ 48%] [32m[1mLinking CXX shared library libline_msg__rosidl_typesupport_cpp.so[0m
[1.429s] [ 51%] [32m[1mLinking CXX shared library libline_msg__rosidl_typesupport_fastrtps_cpp.so[0m
[1.429s] [ 54%] Built target line_msg__rosidl_typesupport_cpp
[1.429s] [ 58%] [32m[1mLinking CXX shared library libline_msg__rosidl_typesupport_fastrtps_c.so[0m
[1.430s] [ 61%] Built target line_msg__rosidl_typesupport_fastrtps_cpp
[1.430s] [ 64%] Built target line_msg__rosidl_typesupport_fastrtps_c
[1.430s] [ 67%] [32m[1mLinking CXX shared library libline_msg__rosidl_typesupport_introspection_cpp.so[0m
[1.430s] running egg_info
[1.430s] [ 70%] Built target line_msg__rosidl_typesupport_introspection_cpp
[1.446s] writing line_msg.egg-info/PKG-INFO
[1.475s] [ 70%] Built target line_msg
[1.500s] writing dependency_links to line_msg.egg-info/dependency_links.txt
[1.518s] [ 74%] Built target line_msg__py
[1.573s] [ 77%] [32mBuilding C object CMakeFiles/line_msg__rosidl_generator_py.dir/rosidl_generator_py/line_msg/msg/_box_corner_s.c.o[0m
[1.788s] [ 80%] [32m[1mLinking C shared library rosidl_generator_py/line_msg/libline_msg__rosidl_generator_py.so[0m
[1.892s] [ 80%] Built target line_msg__rosidl_generator_py
[1.919s] writing top-level names to line_msg.egg-info/top_level.txt
[1.967s] [ 83%] [32mBuilding C object CMakeFiles/line_msg__rosidl_typesupport_introspection_c__pyext.dir/rosidl_generator_py/line_msg/_line_msg_s.ep.rosidl_typesupport_introspection_c.c.o[0m
[1.972s] [ 87%] [32mBuilding C object CMakeFiles/line_msg__rosidl_typesupport_fastrtps_c__pyext.dir/rosidl_generator_py/line_msg/_line_msg_s.ep.rosidl_typesupport_fastrtps_c.c.o[0m
[1.991s] [ 90%] [32mBuilding C object CMakeFiles/line_msg__rosidl_typesupport_c__pyext.dir/rosidl_generator_py/line_msg/_line_msg_s.ep.rosidl_typesupport_c.c.o[0m
[2.055s] reading manifest file 'line_msg.egg-info/SOURCES.txt'
[2.059s] writing manifest file 'line_msg.egg-info/SOURCES.txt'
[2.135s] [ 90%] Built target ament_cmake_python_build_line_msg_egg
[2.167s] [ 93%] [32m[1mLinking C shared library rosidl_generator_py/line_msg/line_msg_s__rosidl_typesupport_introspection_c.cpython-310-x86_64-linux-gnu.so[0m
[2.206s] [ 96%] [32m[1mLinking C shared library rosidl_generator_py/line_msg/line_msg_s__rosidl_typesupport_c.cpython-310-x86_64-linux-gnu.so[0m
[2.269s] [ 96%] Built target line_msg__rosidl_typesupport_introspection_c__pyext
[2.277s] [100%] [32m[1mLinking C shared library rosidl_generator_py/line_msg/line_msg_s__rosidl_typesupport_fastrtps_c.cpython-310-x86_64-linux-gnu.so[0m
[2.321s] [100%] Built target line_msg__rosidl_typesupport_c__pyext
[2.388s] [100%] Built target line_msg__rosidl_typesupport_fastrtps_c__pyext
[2.468s] Invoked command in '/home/rover/kameyama_ws/build/line_msg' returned '0': CMAKE_PREFIX_PATH=${CMAKE_PREFIX_PATH}:/home/rover/amir_basic_ws/install/camera_calibration:/opt/ros/humble /usr/bin/cmake --build /home/rover/kameyama_ws/build/line_msg -- -j12 -l12
[2.471s] Invoking command in '/home/rover/kameyama_ws/build/line_msg': CMAKE_PREFIX_PATH=${CMAKE_PREFIX_PATH}:/home/rover/amir_basic_ws/install/camera_calibration:/opt/ros/humble /usr/bin/cmake --install /home/rover/kameyama_ws/build/line_msg
[2.673s] -- Install configuration: ""
[2.673s] -- Execute custom install script
[2.673s] -- Up-to-date symlink: /home/rover/kameyama_ws/install/line_msg/share/ament_index/resource_index/rosidl_interfaces/line_msg
[2.673s] -- Up-to-date symlink: /home/rover/kameyama_ws/install/line_msg/include/line_msg/line_msg/msg/box_corner.h
[2.673s] -- Up-to-date symlink: /home/rover/kameyama_ws/install/line_msg/include/line_msg/line_msg/msg/detail/box_corner__functions.h
[2.673s] -- Up-to-date symlink: /home/rover/kameyama_ws/install/line_msg/include/line_msg/line_msg/msg/detail/box_corner__struct.h
[2.673s] -- Up-to-date symlink: /home/rover/kameyama_ws/install/line_msg/include/line_msg/line_msg/msg/detail/box_corner__type_support.h
[2.673s] -- Up-to-date symlink: /home/rover/kameyama_ws/install/line_msg/include/line_msg/line_msg/msg/rosidl_generator_c__visibility_control.h
[2.673s] -- Up-to-date symlink: /home/rover/kameyama_ws/install/line_msg/share/line_msg/environment/library_path.sh
[2.673s] -- Up-to-date symlink: /home/rover/kameyama_ws/install/line_msg/share/line_msg/environment/library_path.dsv
[2.673s] -- Up-to-date symlink: /home/rover/kameyama_ws/install/line_msg/include/line_msg/line_msg/msg/detail/box_corner__rosidl_typesupport_fastrtps_c.h
[2.673s] -- Up-to-date symlink: /home/rover/kameyama_ws/install/line_msg/include/line_msg/line_msg/msg/rosidl_typesupport_fastrtps_c__visibility_control.h
[2.673s] -- Up-to-date symlink: /home/rover/kameyama_ws/install/line_msg/include/line_msg/line_msg/msg/box_corner.hpp
[2.673s] -- Up-to-date symlink: /home/rover/kameyama_ws/install/line_msg/include/line_msg/line_msg/msg/detail/box_corner__builder.hpp
[2.673s] -- Up-to-date symlink: /home/rover/kameyama_ws/install/line_msg/include/line_msg/line_msg/msg/detail/box_corner__struct.hpp
[2.673s] -- Up-to-date symlink: /home/rover/kameyama_ws/install/line_msg/include/line_msg/line_msg/msg/detail/box_corner__traits.hpp
[2.673s] -- Up-to-date symlink: /home/rover/kameyama_ws/install/line_msg/include/line_msg/line_msg/msg/detail/box_corner__type_support.hpp
[2.673s] -- Up-to-date symlink: /home/rover/kameyama_ws/install/line_msg/include/line_msg/line_msg/msg/rosidl_generator_cpp__visibility_control.hpp
[2.673s] -- Up-to-date symlink: /home/rover/kameyama_ws/install/line_msg/include/line_msg/line_msg/msg/detail/box_corner__rosidl_typesupport_fastrtps_cpp.hpp
[2.673s] -- Up-to-date symlink: /home/rover/kameyama_ws/install/line_msg/include/line_msg/line_msg/msg/rosidl_typesupport_fastrtps_cpp__visibility_control.h
[2.673s] -- Up-to-date symlink: /home/rover/kameyama_ws/install/line_msg/include/line_msg/line_msg/msg/detail/box_corner__rosidl_typesupport_introspection_c.h
[2.673s] -- Up-to-date symlink: /home/rover/kameyama_ws/install/line_msg/include/line_msg/line_msg/msg/rosidl_typesupport_introspection_c__visibility_control.h
[2.674s] -- Up-to-date symlink: /home/rover/kameyama_ws/install/line_msg/include/line_msg/line_msg/msg/detail/box_corner__rosidl_typesupport_introspection_cpp.hpp
[2.674s] -- Up-to-date symlink: /home/rover/kameyama_ws/install/line_msg/share/line_msg/environment/pythonpath.sh
[2.674s] -- Up-to-date symlink: /home/rover/kameyama_ws/install/line_msg/share/line_msg/environment/pythonpath.dsv
[2.674s] -- Up-to-date symlink: /home/rover/kameyama_ws/install/line_msg/local/lib/python3.10/dist-packages/line_msg-0.0.0-py3.10.egg-info/PKG-INFO
[2.674s] -- Up-to-date symlink: /home/rover/kameyama_ws/install/line_msg/local/lib/python3.10/dist-packages/line_msg-0.0.0-py3.10.egg-info/SOURCES.txt
[2.676s] -- Up-to-date symlink: /home/rover/kameyama_ws/install/line_msg/local/lib/python3.10/dist-packages/line_msg-0.0.0-py3.10.egg-info/dependency_links.txt
[2.676s] -- Up-to-date symlink: /home/rover/kameyama_ws/install/line_msg/local/lib/python3.10/dist-packages/line_msg-0.0.0-py3.10.egg-info/top_level.txt
[2.676s] -- Up-to-date symlink: /home/rover/kameyama_ws/install/line_msg/local/lib/python3.10/dist-packages/line_msg/__init__.py
[2.676s] -- Up-to-date symlink: /home/rover/kameyama_ws/install/line_msg/local/lib/python3.10/dist-packages/line_msg/_line_msg_s.ep.rosidl_typesupport_c.c
[2.676s] -- Up-to-date symlink: /home/rover/kameyama_ws/install/line_msg/local/lib/python3.10/dist-packages/line_msg/_line_msg_s.ep.rosidl_typesupport_fastrtps_c.c
[2.676s] -- Up-to-date symlink: /home/rover/kameyama_ws/install/line_msg/local/lib/python3.10/dist-packages/line_msg/_line_msg_s.ep.rosidl_typesupport_introspection_c.c
[2.676s] -- Up-to-date symlink: /home/rover/kameyama_ws/install/line_msg/local/lib/python3.10/dist-packages/line_msg/libline_msg__rosidl_generator_py.so
[2.676s] -- Up-to-date symlink: /home/rover/kameyama_ws/install/line_msg/local/lib/python3.10/dist-packages/line_msg/line_msg_s__rosidl_typesupport_c.cpython-310-x86_64-linux-gnu.so
[2.676s] -- Up-to-date symlink: /home/rover/kameyama_ws/install/line_msg/local/lib/python3.10/dist-packages/line_msg/line_msg_s__rosidl_typesupport_fastrtps_c.cpython-310-x86_64-linux-gnu.so
[2.676s] -- Up-to-date symlink: /home/rover/kameyama_ws/install/line_msg/local/lib/python3.10/dist-packages/line_msg/line_msg_s__rosidl_typesupport_introspection_c.cpython-310-x86_64-linux-gnu.so
[2.676s] -- Up-to-date symlink: /home/rover/kameyama_ws/install/line_msg/local/lib/python3.10/dist-packages/line_msg/msg/__init__.py
[2.676s] -- Up-to-date symlink: /home/rover/kameyama_ws/install/line_msg/local/lib/python3.10/dist-packages/line_msg/msg/_box_corner.py
[2.676s] -- Up-to-date symlink: /home/rover/kameyama_ws/install/line_msg/local/lib/python3.10/dist-packages/line_msg/msg/_box_corner_s.c
[2.676s] -- Up-to-date symlink: /home/rover/kameyama_ws/install/line_msg/local/lib/python3.10/dist-packages/line_msg/line_msg_s__rosidl_typesupport_fastrtps_c.cpython-310-x86_64-linux-gnu.so
[2.676s] -- Up-to-date symlink: /home/rover/kameyama_ws/install/line_msg/local/lib/python3.10/dist-packages/line_msg/line_msg_s__rosidl_typesupport_introspection_c.cpython-310-x86_64-linux-gnu.so
[2.676s] -- Up-to-date symlink: /home/rover/kameyama_ws/install/line_msg/local/lib/python3.10/dist-packages/line_msg/line_msg_s__rosidl_typesupport_c.cpython-310-x86_64-linux-gnu.so
[2.676s] -- Up-to-date symlink: /home/rover/kameyama_ws/install/line_msg/share/line_msg/msg/BoxCorner.idl
[2.677s] -- Up-to-date symlink: /home/rover/kameyama_ws/install/line_msg/share/line_msg/msg/BoxCorner.msg
[2.677s] -- Up-to-date symlink: /home/rover/kameyama_ws/install/line_msg/share/ament_index/resource_index/package_run_dependencies/line_msg
[2.677s] -- Up-to-date symlink: /home/rover/kameyama_ws/install/line_msg/share/ament_index/resource_index/parent_prefix_path/line_msg
[2.677s] -- Up-to-date symlink: /home/rover/kameyama_ws/install/line_msg/share/line_msg/environment/ament_prefix_path.sh
[2.677s] -- Up-to-date symlink: /home/rover/kameyama_ws/install/line_msg/share/line_msg/environment/ament_prefix_path.dsv
[2.677s] -- Up-to-date symlink: /home/rover/kameyama_ws/install/line_msg/share/line_msg/environment/path.sh
[2.677s] -- Up-to-date symlink: /home/rover/kameyama_ws/install/line_msg/share/line_msg/environment/path.dsv
[2.677s] -- Up-to-date symlink: /home/rover/kameyama_ws/install/line_msg/share/line_msg/local_setup.bash
[2.677s] -- Up-to-date symlink: /home/rover/kameyama_ws/install/line_msg/share/line_msg/local_setup.sh
[2.677s] -- Up-to-date symlink: /home/rover/kameyama_ws/install/line_msg/share/line_msg/local_setup.zsh
[2.677s] -- Up-to-date symlink: /home/rover/kameyama_ws/install/line_msg/share/line_msg/local_setup.dsv
[2.677s] -- Symlinking: /home/rover/kameyama_ws/install/line_msg/share/line_msg/package.dsv
[2.677s] -- Up-to-date symlink: /home/rover/kameyama_ws/install/line_msg/share/ament_index/resource_index/packages/line_msg
[2.677s] -- Up-to-date symlink: /home/rover/kameyama_ws/install/line_msg/share/line_msg/cmake/rosidl_cmake-extras.cmake
[2.677s] -- Up-to-date symlink: /home/rover/kameyama_ws/install/line_msg/share/line_msg/cmake/ament_cmake_export_dependencies-extras.cmake
[2.677s] -- Up-to-date symlink: /home/rover/kameyama_ws/install/line_msg/share/line_msg/cmake/ament_cmake_export_include_directories-extras.cmake
[2.677s] -- Up-to-date symlink: /home/rover/kameyama_ws/install/line_msg/share/line_msg/cmake/ament_cmake_export_libraries-extras.cmake
[2.677s] -- Up-to-date symlink: /home/rover/kameyama_ws/install/line_msg/share/line_msg/cmake/ament_cmake_export_targets-extras.cmake
[2.677s] -- Up-to-date symlink: /home/rover/kameyama_ws/install/line_msg/share/line_msg/cmake/rosidl_cmake_export_typesupport_targets-extras.cmake
[2.677s] -- Up-to-date symlink: /home/rover/kameyama_ws/install/line_msg/share/line_msg/cmake/rosidl_cmake_export_typesupport_libraries-extras.cmake
[2.677s] -- Up-to-date symlink: /home/rover/kameyama_ws/install/line_msg/share/line_msg/cmake/line_msgConfig.cmake
[2.677s] -- Up-to-date symlink: /home/rover/kameyama_ws/install/line_msg/share/line_msg/cmake/line_msgConfig-version.cmake
[2.677s] -- Up-to-date symlink: /home/rover/kameyama_ws/install/line_msg/share/line_msg/package.xml
[2.677s] -- Up-to-date: /home/rover/kameyama_ws/install/line_msg/lib/libline_msg__rosidl_generator_c.so
[2.677s] -- Installing: /home/rover/kameyama_ws/install/line_msg/lib/libline_msg__rosidl_typesupport_fastrtps_c.so
[2.677s] -- Set runtime path of "/home/rover/kameyama_ws/install/line_msg/lib/libline_msg__rosidl_typesupport_fastrtps_c.so" to ""
[2.678s] -- Installing: /home/rover/kameyama_ws/install/line_msg/lib/libline_msg__rosidl_typesupport_fastrtps_cpp.so
[2.678s] -- Set runtime path of "/home/rover/kameyama_ws/install/line_msg/lib/libline_msg__rosidl_typesupport_fastrtps_cpp.so" to ""
[2.678s] -- Up-to-date: /home/rover/kameyama_ws/install/line_msg/lib/libline_msg__rosidl_typesupport_introspection_c.so
[2.678s] -- Up-to-date: /home/rover/kameyama_ws/install/line_msg/lib/libline_msg__rosidl_typesupport_c.so
[2.678s] -- Installing: /home/rover/kameyama_ws/install/line_msg/lib/libline_msg__rosidl_typesupport_introspection_cpp.so
[2.678s] -- Set runtime path of "/home/rover/kameyama_ws/install/line_msg/lib/libline_msg__rosidl_typesupport_introspection_cpp.so" to ""
[2.678s] -- Installing: /home/rover/kameyama_ws/install/line_msg/lib/libline_msg__rosidl_typesupport_cpp.so
[2.678s] -- Set runtime path of "/home/rover/kameyama_ws/install/line_msg/lib/libline_msg__rosidl_typesupport_cpp.so" to ""
[2.678s] Listing '/home/rover/kameyama_ws/install/line_msg/local/lib/python3.10/dist-packages/line_msg'...
[2.678s] Listing '/home/rover/kameyama_ws/install/line_msg/local/lib/python3.10/dist-packages/line_msg/msg'...
[2.678s] -- Installing: /home/rover/kameyama_ws/install/line_msg/lib/libline_msg__rosidl_generator_py.so
[2.678s] -- Set runtime path of "/home/rover/kameyama_ws/install/line_msg/lib/libline_msg__rosidl_generator_py.so" to ""
[2.678s] -- Up-to-date: /home/rover/kameyama_ws/install/line_msg/share/line_msg/cmake/export_line_msg__rosidl_generator_cExport.cmake
[2.678s] -- Up-to-date: /home/rover/kameyama_ws/install/line_msg/share/line_msg/cmake/export_line_msg__rosidl_generator_cExport-noconfig.cmake
[2.678s] -- Up-to-date: /home/rover/kameyama_ws/install/line_msg/share/line_msg/cmake/export_line_msg__rosidl_typesupport_fastrtps_cExport.cmake
[2.678s] -- Up-to-date: /home/rover/kameyama_ws/install/line_msg/share/line_msg/cmake/export_line_msg__rosidl_typesupport_fastrtps_cExport-noconfig.cmake
[2.678s] -- Up-to-date: /home/rover/kameyama_ws/install/line_msg/share/line_msg/cmake/export_line_msg__rosidl_generator_cppExport.cmake
[2.678s] -- Up-to-date: /home/rover/kameyama_ws/install/line_msg/share/line_msg/cmake/export_line_msg__rosidl_typesupport_fastrtps_cppExport.cmake
[2.678s] -- Up-to-date: /home/rover/kameyama_ws/install/line_msg/share/line_msg/cmake/export_line_msg__rosidl_typesupport_fastrtps_cppExport-noconfig.cmake
[2.678s] -- Up-to-date: /home/rover/kameyama_ws/install/line_msg/share/line_msg/cmake/line_msg__rosidl_typesupport_introspection_cExport.cmake
[2.678s] -- Up-to-date: /home/rover/kameyama_ws/install/line_msg/share/line_msg/cmake/line_msg__rosidl_typesupport_introspection_cExport-noconfig.cmake
[2.678s] -- Up-to-date: /home/rover/kameyama_ws/install/line_msg/share/line_msg/cmake/line_msg__rosidl_typesupport_cExport.cmake
[2.678s] -- Up-to-date: /home/rover/kameyama_ws/install/line_msg/share/line_msg/cmake/line_msg__rosidl_typesupport_cExport-noconfig.cmake
[2.678s] -- Up-to-date: /home/rover/kameyama_ws/install/line_msg/share/line_msg/cmake/line_msg__rosidl_typesupport_introspection_cppExport.cmake
[2.678s] -- Up-to-date: /home/rover/kameyama_ws/install/line_msg/share/line_msg/cmake/line_msg__rosidl_typesupport_introspection_cppExport-noconfig.cmake
[2.679s] -- Up-to-date: /home/rover/kameyama_ws/install/line_msg/share/line_msg/cmake/line_msg__rosidl_typesupport_cppExport.cmake
[2.679s] -- Up-to-date: /home/rover/kameyama_ws/install/line_msg/share/line_msg/cmake/line_msg__rosidl_typesupport_cppExport-noconfig.cmake
[2.679s] -- Up-to-date: /home/rover/kameyama_ws/install/line_msg/share/line_msg/cmake/export_line_msg__rosidl_generator_pyExport.cmake
[2.679s] -- Up-to-date: /home/rover/kameyama_ws/install/line_msg/share/line_msg/cmake/export_line_msg__rosidl_generator_pyExport-noconfig.cmake
[2.731s] Invoked command in '/home/rover/kameyama_ws/build/line_msg' returned '0': CMAKE_PREFIX_PATH=${CMAKE_PREFIX_PATH}:/home/rover/amir_basic_ws/install/camera_calibration:/opt/ros/humble /usr/bin/cmake --install /home/rover/kameyama_ws/build/line_msg
