[0.053s] Invoking command in '/home/rover/kameyama_ws/build/ar_track_alvar_msgs': CMAKE_PREFIX_PATH=${CMAKE_PREFIX_PATH}:/home/rover/amir_basic_ws/install/nav2_simple_commander:/home/rover/amir_basic_ws/install/camera_calibration:/opt/ros/humble /usr/bin/cmake --build /home/rover/kameyama_ws/build/ar_track_alvar_msgs -- -j12 -l12
[1.042s] [  2%] Built target ar_track_alvar_msgs__cpp
[1.042s] [  2%] Built target ament_cmake_python_symlink_ar_track_alvar_msgs
[1.042s] [ 12%] Built target ar_track_alvar_msgs__rosidl_generator_c
[1.042s] [ 23%] Built target ar_track_alvar_msgs__rosidl_typesupport_cpp
[1.042s] [ 33%] Built target ar_track_alvar_msgs__rosidl_typesupport_fastrtps_cpp
[1.042s] [ 43%] Built target ar_track_alvar_msgs__rosidl_typesupport_introspection_cpp
[1.042s] [ 53%] Built target ar_track_alvar_msgs__rosidl_typesupport_c
[1.042s] [ 64%] Built target ar_track_alvar_msgs__rosidl_typesupport_fastrtps_c
[1.042s] [ 74%] Built target ar_track_alvar_msgs__rosidl_typesupport_introspection_c
[1.042s] [ 74%] Built target ar_track_alvar_msgs
[1.042s] [ 76%] Built target ar_track_alvar_msgs__py
[1.042s] [ 84%] Built target ar_track_alvar_msgs__rosidl_generator_py
[1.042s] [ 89%] Built target ar_track_alvar_msgs__rosidl_typesupport_fastrtps_c__pyext
[1.042s] [ 94%] Built target ar_track_alvar_msgs__rosidl_typesupport_c__pyext
[1.042s] [100%] Built target ar_track_alvar_msgs__rosidl_typesupport_introspection_c__pyext
[1.042s] running egg_info
[1.042s] writing ar_track_alvar_msgs.egg-info/PKG-INFO
[1.042s] writing dependency_links to ar_track_alvar_msgs.egg-info/dependency_links.txt
[1.042s] writing top-level names to ar_track_alvar_msgs.egg-info/top_level.txt
[1.111s] reading manifest file 'ar_track_alvar_msgs.egg-info/SOURCES.txt'
[1.112s] writing manifest file 'ar_track_alvar_msgs.egg-info/SOURCES.txt'
[1.163s] [100%] Built target ament_cmake_python_build_ar_track_alvar_msgs_egg
[1.222s] Invoked command in '/home/rover/kameyama_ws/build/ar_track_alvar_msgs' returned '0': CMAKE_PREFIX_PATH=${CMAKE_PREFIX_PATH}:/home/rover/amir_basic_ws/install/nav2_simple_commander:/home/rover/amir_basic_ws/install/camera_calibration:/opt/ros/humble /usr/bin/cmake --build /home/rover/kameyama_ws/build/ar_track_alvar_msgs -- -j12 -l12
[1.223s] Invoking command in '/home/rover/kameyama_ws/build/ar_track_alvar_msgs': CMAKE_PREFIX_PATH=${CMAKE_PREFIX_PATH}:/home/rover/amir_basic_ws/install/nav2_simple_commander:/home/rover/amir_basic_ws/install/camera_calibration:/opt/ros/humble /usr/bin/cmake --install /home/rover/kameyama_ws/build/ar_track_alvar_msgs
[1.243s] -- Install configuration: ""
[1.243s] -- Execute custom install script
[1.243s] -- Up-to-date symlink: /home/rover/kameyama_ws/install/ar_track_alvar_msgs/share/ament_index/resource_index/rosidl_interfaces/ar_track_alvar_msgs
[1.243s] -- Up-to-date symlink: /home/rover/kameyama_ws/install/ar_track_alvar_msgs/include/ar_track_alvar_msgs/ar_track_alvar_msgs/msg/alvar_marker.h
[1.244s] -- Up-to-date symlink: /home/rover/kameyama_ws/install/ar_track_alvar_msgs/include/ar_track_alvar_msgs/ar_track_alvar_msgs/msg/alvar_markers.h
[1.244s] -- Up-to-date symlink: /home/rover/kameyama_ws/install/ar_track_alvar_msgs/include/ar_track_alvar_msgs/ar_track_alvar_msgs/msg/detail/alvar_marker__functions.h
[1.244s] -- Up-to-date symlink: /home/rover/kameyama_ws/install/ar_track_alvar_msgs/include/ar_track_alvar_msgs/ar_track_alvar_msgs/msg/detail/alvar_marker__struct.h
[1.244s] -- Up-to-date symlink: /home/rover/kameyama_ws/install/ar_track_alvar_msgs/include/ar_track_alvar_msgs/ar_track_alvar_msgs/msg/detail/alvar_marker__type_support.h
[1.244s] -- Up-to-date symlink: /home/rover/kameyama_ws/install/ar_track_alvar_msgs/include/ar_track_alvar_msgs/ar_track_alvar_msgs/msg/detail/alvar_markers__functions.h
[1.244s] -- Up-to-date symlink: /home/rover/kameyama_ws/install/ar_track_alvar_msgs/include/ar_track_alvar_msgs/ar_track_alvar_msgs/msg/detail/alvar_markers__struct.h
[1.244s] -- Up-to-date symlink: /home/rover/kameyama_ws/install/ar_track_alvar_msgs/include/ar_track_alvar_msgs/ar_track_alvar_msgs/msg/detail/alvar_markers__type_support.h
[1.244s] -- Up-to-date symlink: /home/rover/kameyama_ws/install/ar_track_alvar_msgs/include/ar_track_alvar_msgs/ar_track_alvar_msgs/msg/rosidl_generator_c__visibility_control.h
[1.245s] -- Up-to-date symlink: /home/rover/kameyama_ws/install/ar_track_alvar_msgs/share/ar_track_alvar_msgs/environment/library_path.sh
[1.245s] -- Up-to-date symlink: /home/rover/kameyama_ws/install/ar_track_alvar_msgs/share/ar_track_alvar_msgs/environment/library_path.dsv
[1.245s] -- Up-to-date symlink: /home/rover/kameyama_ws/install/ar_track_alvar_msgs/include/ar_track_alvar_msgs/ar_track_alvar_msgs/msg/detail/alvar_marker__rosidl_typesupport_fastrtps_c.h
[1.245s] -- Up-to-date symlink: /home/rover/kameyama_ws/install/ar_track_alvar_msgs/include/ar_track_alvar_msgs/ar_track_alvar_msgs/msg/detail/alvar_markers__rosidl_typesupport_fastrtps_c.h
[1.245s] -- Up-to-date symlink: /home/rover/kameyama_ws/install/ar_track_alvar_msgs/include/ar_track_alvar_msgs/ar_track_alvar_msgs/msg/rosidl_typesupport_fastrtps_c__visibility_control.h
[1.245s] -- Up-to-date symlink: /home/rover/kameyama_ws/install/ar_track_alvar_msgs/include/ar_track_alvar_msgs/ar_track_alvar_msgs/msg/detail/alvar_marker__rosidl_typesupport_introspection_c.h
[1.245s] -- Up-to-date symlink: /home/rover/kameyama_ws/install/ar_track_alvar_msgs/include/ar_track_alvar_msgs/ar_track_alvar_msgs/msg/detail/alvar_markers__rosidl_typesupport_introspection_c.h
[1.245s] -- Up-to-date symlink: /home/rover/kameyama_ws/install/ar_track_alvar_msgs/include/ar_track_alvar_msgs/ar_track_alvar_msgs/msg/rosidl_typesupport_introspection_c__visibility_control.h
[1.245s] -- Up-to-date symlink: /home/rover/kameyama_ws/install/ar_track_alvar_msgs/include/ar_track_alvar_msgs/ar_track_alvar_msgs/msg/alvar_marker.hpp
[1.245s] -- Up-to-date symlink: /home/rover/kameyama_ws/install/ar_track_alvar_msgs/include/ar_track_alvar_msgs/ar_track_alvar_msgs/msg/alvar_markers.hpp
[1.245s] -- Up-to-date symlink: /home/rover/kameyama_ws/install/ar_track_alvar_msgs/include/ar_track_alvar_msgs/ar_track_alvar_msgs/msg/detail/alvar_marker__builder.hpp
[1.245s] -- Up-to-date symlink: /home/rover/kameyama_ws/install/ar_track_alvar_msgs/include/ar_track_alvar_msgs/ar_track_alvar_msgs/msg/detail/alvar_marker__struct.hpp
[1.245s] -- Up-to-date symlink: /home/rover/kameyama_ws/install/ar_track_alvar_msgs/include/ar_track_alvar_msgs/ar_track_alvar_msgs/msg/detail/alvar_marker__traits.hpp
[1.245s] -- Up-to-date symlink: /home/rover/kameyama_ws/install/ar_track_alvar_msgs/include/ar_track_alvar_msgs/ar_track_alvar_msgs/msg/detail/alvar_marker__type_support.hpp
[1.245s] -- Up-to-date symlink: /home/rover/kameyama_ws/install/ar_track_alvar_msgs/include/ar_track_alvar_msgs/ar_track_alvar_msgs/msg/detail/alvar_markers__builder.hpp
[1.246s] -- Up-to-date symlink: /home/rover/kameyama_ws/install/ar_track_alvar_msgs/include/ar_track_alvar_msgs/ar_track_alvar_msgs/msg/detail/alvar_markers__struct.hpp
[1.246s] -- Up-to-date symlink: /home/rover/kameyama_ws/install/ar_track_alvar_msgs/include/ar_track_alvar_msgs/ar_track_alvar_msgs/msg/detail/alvar_markers__traits.hpp
[1.246s] -- Up-to-date symlink: /home/rover/kameyama_ws/install/ar_track_alvar_msgs/include/ar_track_alvar_msgs/ar_track_alvar_msgs/msg/detail/alvar_markers__type_support.hpp
[1.246s] -- Up-to-date symlink: /home/rover/kameyama_ws/install/ar_track_alvar_msgs/include/ar_track_alvar_msgs/ar_track_alvar_msgs/msg/rosidl_generator_cpp__visibility_control.hpp
[1.246s] -- Up-to-date symlink: /home/rover/kameyama_ws/install/ar_track_alvar_msgs/include/ar_track_alvar_msgs/ar_track_alvar_msgs/msg/detail/alvar_marker__rosidl_typesupport_fastrtps_cpp.hpp
[1.246s] -- Up-to-date symlink: /home/rover/kameyama_ws/install/ar_track_alvar_msgs/include/ar_track_alvar_msgs/ar_track_alvar_msgs/msg/detail/alvar_markers__rosidl_typesupport_fastrtps_cpp.hpp
[1.246s] -- Up-to-date symlink: /home/rover/kameyama_ws/install/ar_track_alvar_msgs/include/ar_track_alvar_msgs/ar_track_alvar_msgs/msg/rosidl_typesupport_fastrtps_cpp__visibility_control.h
[1.247s] -- Up-to-date symlink: /home/rover/kameyama_ws/install/ar_track_alvar_msgs/include/ar_track_alvar_msgs/ar_track_alvar_msgs/msg/detail/alvar_marker__rosidl_typesupport_introspection_cpp.hpp
[1.247s] -- Up-to-date symlink: /home/rover/kameyama_ws/install/ar_track_alvar_msgs/include/ar_track_alvar_msgs/ar_track_alvar_msgs/msg/detail/alvar_markers__rosidl_typesupport_introspection_cpp.hpp
[1.247s] -- Up-to-date symlink: /home/rover/kameyama_ws/install/ar_track_alvar_msgs/share/ar_track_alvar_msgs/environment/pythonpath.sh
[1.247s] -- Up-to-date symlink: /home/rover/kameyama_ws/install/ar_track_alvar_msgs/share/ar_track_alvar_msgs/environment/pythonpath.dsv
[1.247s] -- Up-to-date symlink: /home/rover/kameyama_ws/install/ar_track_alvar_msgs/local/lib/python3.10/dist-packages/ar_track_alvar_msgs-0.7.1-py3.10.egg-info/PKG-INFO
[1.247s] -- Up-to-date symlink: /home/rover/kameyama_ws/install/ar_track_alvar_msgs/local/lib/python3.10/dist-packages/ar_track_alvar_msgs-0.7.1-py3.10.egg-info/SOURCES.txt
[1.247s] -- Up-to-date symlink: /home/rover/kameyama_ws/install/ar_track_alvar_msgs/local/lib/python3.10/dist-packages/ar_track_alvar_msgs-0.7.1-py3.10.egg-info/dependency_links.txt
[1.247s] -- Up-to-date symlink: /home/rover/kameyama_ws/install/ar_track_alvar_msgs/local/lib/python3.10/dist-packages/ar_track_alvar_msgs-0.7.1-py3.10.egg-info/top_level.txt
[1.247s] -- Up-to-date symlink: /home/rover/kameyama_ws/install/ar_track_alvar_msgs/local/lib/python3.10/dist-packages/ar_track_alvar_msgs/__init__.py
[1.248s] -- Up-to-date symlink: /home/rover/kameyama_ws/install/ar_track_alvar_msgs/local/lib/python3.10/dist-packages/ar_track_alvar_msgs/_ar_track_alvar_msgs_s.ep.rosidl_typesupport_c.c
[1.248s] -- Up-to-date symlink: /home/rover/kameyama_ws/install/ar_track_alvar_msgs/local/lib/python3.10/dist-packages/ar_track_alvar_msgs/_ar_track_alvar_msgs_s.ep.rosidl_typesupport_fastrtps_c.c
[1.248s] -- Up-to-date symlink: /home/rover/kameyama_ws/install/ar_track_alvar_msgs/local/lib/python3.10/dist-packages/ar_track_alvar_msgs/_ar_track_alvar_msgs_s.ep.rosidl_typesupport_introspection_c.c
[1.248s] -- Up-to-date symlink: /home/rover/kameyama_ws/install/ar_track_alvar_msgs/local/lib/python3.10/dist-packages/ar_track_alvar_msgs/ar_track_alvar_msgs_s__rosidl_typesupport_c.cpython-310-x86_64-linux-gnu.so
[1.248s] -- Up-to-date symlink: /home/rover/kameyama_ws/install/ar_track_alvar_msgs/local/lib/python3.10/dist-packages/ar_track_alvar_msgs/ar_track_alvar_msgs_s__rosidl_typesupport_fastrtps_c.cpython-310-x86_64-linux-gnu.so
[1.248s] -- Up-to-date symlink: /home/rover/kameyama_ws/install/ar_track_alvar_msgs/local/lib/python3.10/dist-packages/ar_track_alvar_msgs/ar_track_alvar_msgs_s__rosidl_typesupport_introspection_c.cpython-310-x86_64-linux-gnu.so
[1.248s] -- Up-to-date symlink: /home/rover/kameyama_ws/install/ar_track_alvar_msgs/local/lib/python3.10/dist-packages/ar_track_alvar_msgs/libar_track_alvar_msgs__rosidl_generator_py.so
[1.249s] -- Up-to-date symlink: /home/rover/kameyama_ws/install/ar_track_alvar_msgs/local/lib/python3.10/dist-packages/ar_track_alvar_msgs/msg/__init__.py
[1.249s] -- Up-to-date symlink: /home/rover/kameyama_ws/install/ar_track_alvar_msgs/local/lib/python3.10/dist-packages/ar_track_alvar_msgs/msg/_alvar_marker.py
[1.249s] -- Up-to-date symlink: /home/rover/kameyama_ws/install/ar_track_alvar_msgs/local/lib/python3.10/dist-packages/ar_track_alvar_msgs/msg/_alvar_marker_s.c
[1.250s] -- Up-to-date symlink: /home/rover/kameyama_ws/install/ar_track_alvar_msgs/local/lib/python3.10/dist-packages/ar_track_alvar_msgs/msg/_alvar_markers.py
[1.250s] -- Up-to-date symlink: /home/rover/kameyama_ws/install/ar_track_alvar_msgs/local/lib/python3.10/dist-packages/ar_track_alvar_msgs/msg/_alvar_markers_s.c
[1.250s] -- Up-to-date symlink: /home/rover/kameyama_ws/install/ar_track_alvar_msgs/local/lib/python3.10/dist-packages/ar_track_alvar_msgs/ar_track_alvar_msgs_s__rosidl_typesupport_fastrtps_c.cpython-310-x86_64-linux-gnu.so
[1.250s] -- Up-to-date symlink: /home/rover/kameyama_ws/install/ar_track_alvar_msgs/local/lib/python3.10/dist-packages/ar_track_alvar_msgs/ar_track_alvar_msgs_s__rosidl_typesupport_introspection_c.cpython-310-x86_64-linux-gnu.so
[1.250s] -- Up-to-date symlink: /home/rover/kameyama_ws/install/ar_track_alvar_msgs/local/lib/python3.10/dist-packages/ar_track_alvar_msgs/ar_track_alvar_msgs_s__rosidl_typesupport_c.cpython-310-x86_64-linux-gnu.so
[1.250s] -- Up-to-date symlink: /home/rover/kameyama_ws/install/ar_track_alvar_msgs/share/ar_track_alvar_msgs/msg/AlvarMarker.idl
[1.250s] -- Up-to-date symlink: /home/rover/kameyama_ws/install/ar_track_alvar_msgs/share/ar_track_alvar_msgs/msg/AlvarMarkers.idl
[1.250s] -- Up-to-date symlink: /home/rover/kameyama_ws/install/ar_track_alvar_msgs/share/ar_track_alvar_msgs/msg/AlvarMarker.msg
[1.250s] -- Up-to-date symlink: /home/rover/kameyama_ws/install/ar_track_alvar_msgs/share/ar_track_alvar_msgs/msg/AlvarMarkers.msg
[1.250s] -- Up-to-date symlink: /home/rover/kameyama_ws/install/ar_track_alvar_msgs/share/ament_index/resource_index/package_run_dependencies/ar_track_alvar_msgs
[1.250s] -- Up-to-date symlink: /home/rover/kameyama_ws/install/ar_track_alvar_msgs/share/ament_index/resource_index/parent_prefix_path/ar_track_alvar_msgs
[1.250s] -- Up-to-date symlink: /home/rover/kameyama_ws/install/ar_track_alvar_msgs/share/ar_track_alvar_msgs/environment/ament_prefix_path.sh
[1.250s] -- Up-to-date symlink: /home/rover/kameyama_ws/install/ar_track_alvar_msgs/share/ar_track_alvar_msgs/environment/ament_prefix_path.dsv
[1.251s] -- Up-to-date symlink: /home/rover/kameyama_ws/install/ar_track_alvar_msgs/share/ar_track_alvar_msgs/environment/path.sh
[1.251s] -- Up-to-date symlink: /home/rover/kameyama_ws/install/ar_track_alvar_msgs/share/ar_track_alvar_msgs/environment/path.dsv
[1.251s] -- Up-to-date symlink: /home/rover/kameyama_ws/install/ar_track_alvar_msgs/share/ar_track_alvar_msgs/local_setup.bash
[1.251s] -- Up-to-date symlink: /home/rover/kameyama_ws/install/ar_track_alvar_msgs/share/ar_track_alvar_msgs/local_setup.sh
[1.251s] -- Up-to-date symlink: /home/rover/kameyama_ws/install/ar_track_alvar_msgs/share/ar_track_alvar_msgs/local_setup.zsh
[1.251s] -- Up-to-date symlink: /home/rover/kameyama_ws/install/ar_track_alvar_msgs/share/ar_track_alvar_msgs/local_setup.dsv
[1.251s] -- Symlinking: /home/rover/kameyama_ws/install/ar_track_alvar_msgs/share/ar_track_alvar_msgs/package.dsv
[1.260s] -- Up-to-date symlink: /home/rover/kameyama_ws/install/ar_track_alvar_msgs/share/ament_index/resource_index/packages/ar_track_alvar_msgs
[1.260s] -- Up-to-date symlink: /home/rover/kameyama_ws/install/ar_track_alvar_msgs/share/ar_track_alvar_msgs/cmake/rosidl_cmake-extras.cmake
[1.260s] -- Up-to-date symlink: /home/rover/kameyama_ws/install/ar_track_alvar_msgs/share/ar_track_alvar_msgs/cmake/ament_cmake_export_dependencies-extras.cmake
[1.260s] -- Up-to-date symlink: /home/rover/kameyama_ws/install/ar_track_alvar_msgs/share/ar_track_alvar_msgs/cmake/ament_cmake_export_include_directories-extras.cmake
[1.261s] -- Up-to-date symlink: /home/rover/kameyama_ws/install/ar_track_alvar_msgs/share/ar_track_alvar_msgs/cmake/ament_cmake_export_libraries-extras.cmake
[1.261s] -- Up-to-date symlink: /home/rover/kameyama_ws/install/ar_track_alvar_msgs/share/ar_track_alvar_msgs/cmake/ament_cmake_export_targets-extras.cmake
[1.261s] -- Up-to-date symlink: /home/rover/kameyama_ws/install/ar_track_alvar_msgs/share/ar_track_alvar_msgs/cmake/rosidl_cmake_export_typesupport_targets-extras.cmake
[1.261s] -- Up-to-date symlink: /home/rover/kameyama_ws/install/ar_track_alvar_msgs/share/ar_track_alvar_msgs/cmake/rosidl_cmake_export_typesupport_libraries-extras.cmake
[1.261s] -- Up-to-date symlink: /home/rover/kameyama_ws/install/ar_track_alvar_msgs/share/ar_track_alvar_msgs/cmake/ar_track_alvar_msgsConfig.cmake
[1.261s] -- Up-to-date symlink: /home/rover/kameyama_ws/install/ar_track_alvar_msgs/share/ar_track_alvar_msgs/cmake/ar_track_alvar_msgsConfig-version.cmake
[1.261s] -- Up-to-date symlink: /home/rover/kameyama_ws/install/ar_track_alvar_msgs/share/ar_track_alvar_msgs/package.xml
[1.262s] -- Up-to-date: /home/rover/kameyama_ws/install/ar_track_alvar_msgs/lib/libar_track_alvar_msgs__rosidl_generator_c.so
[1.262s] -- Up-to-date: /home/rover/kameyama_ws/install/ar_track_alvar_msgs/lib/libar_track_alvar_msgs__rosidl_typesupport_fastrtps_c.so
[1.262s] -- Up-to-date: /home/rover/kameyama_ws/install/ar_track_alvar_msgs/lib/libar_track_alvar_msgs__rosidl_typesupport_introspection_c.so
[1.262s] -- Up-to-date: /home/rover/kameyama_ws/install/ar_track_alvar_msgs/lib/libar_track_alvar_msgs__rosidl_typesupport_c.so
[1.262s] -- Up-to-date: /home/rover/kameyama_ws/install/ar_track_alvar_msgs/lib/libar_track_alvar_msgs__rosidl_typesupport_fastrtps_cpp.so
[1.263s] -- Up-to-date: /home/rover/kameyama_ws/install/ar_track_alvar_msgs/lib/libar_track_alvar_msgs__rosidl_typesupport_introspection_cpp.so
[1.263s] -- Up-to-date: /home/rover/kameyama_ws/install/ar_track_alvar_msgs/lib/libar_track_alvar_msgs__rosidl_typesupport_cpp.so
[1.301s] Listing '/home/rover/kameyama_ws/install/ar_track_alvar_msgs/local/lib/python3.10/dist-packages/ar_track_alvar_msgs'...
[1.301s] Listing '/home/rover/kameyama_ws/install/ar_track_alvar_msgs/local/lib/python3.10/dist-packages/ar_track_alvar_msgs/msg'...
[1.304s] -- Up-to-date: /home/rover/kameyama_ws/install/ar_track_alvar_msgs/lib/libar_track_alvar_msgs__rosidl_generator_py.so
[1.304s] -- Up-to-date: /home/rover/kameyama_ws/install/ar_track_alvar_msgs/share/ar_track_alvar_msgs/cmake/export_ar_track_alvar_msgs__rosidl_generator_cExport.cmake
[1.305s] -- Up-to-date: /home/rover/kameyama_ws/install/ar_track_alvar_msgs/share/ar_track_alvar_msgs/cmake/export_ar_track_alvar_msgs__rosidl_generator_cExport-noconfig.cmake
[1.305s] -- Up-to-date: /home/rover/kameyama_ws/install/ar_track_alvar_msgs/share/ar_track_alvar_msgs/cmake/export_ar_track_alvar_msgs__rosidl_typesupport_fastrtps_cExport.cmake
[1.305s] -- Up-to-date: /home/rover/kameyama_ws/install/ar_track_alvar_msgs/share/ar_track_alvar_msgs/cmake/export_ar_track_alvar_msgs__rosidl_typesupport_fastrtps_cExport-noconfig.cmake
[1.305s] -- Up-to-date: /home/rover/kameyama_ws/install/ar_track_alvar_msgs/share/ar_track_alvar_msgs/cmake/ar_track_alvar_msgs__rosidl_typesupport_introspection_cExport.cmake
[1.305s] -- Up-to-date: /home/rover/kameyama_ws/install/ar_track_alvar_msgs/share/ar_track_alvar_msgs/cmake/ar_track_alvar_msgs__rosidl_typesupport_introspection_cExport-noconfig.cmake
[1.305s] -- Up-to-date: /home/rover/kameyama_ws/install/ar_track_alvar_msgs/share/ar_track_alvar_msgs/cmake/ar_track_alvar_msgs__rosidl_typesupport_cExport.cmake
[1.305s] -- Up-to-date: /home/rover/kameyama_ws/install/ar_track_alvar_msgs/share/ar_track_alvar_msgs/cmake/ar_track_alvar_msgs__rosidl_typesupport_cExport-noconfig.cmake
[1.305s] -- Up-to-date: /home/rover/kameyama_ws/install/ar_track_alvar_msgs/share/ar_track_alvar_msgs/cmake/export_ar_track_alvar_msgs__rosidl_generator_cppExport.cmake
[1.306s] -- Up-to-date: /home/rover/kameyama_ws/install/ar_track_alvar_msgs/share/ar_track_alvar_msgs/cmake/export_ar_track_alvar_msgs__rosidl_typesupport_fastrtps_cppExport.cmake
[1.306s] -- Up-to-date: /home/rover/kameyama_ws/install/ar_track_alvar_msgs/share/ar_track_alvar_msgs/cmake/export_ar_track_alvar_msgs__rosidl_typesupport_fastrtps_cppExport-noconfig.cmake
[1.307s] -- Up-to-date: /home/rover/kameyama_ws/install/ar_track_alvar_msgs/share/ar_track_alvar_msgs/cmake/ar_track_alvar_msgs__rosidl_typesupport_introspection_cppExport.cmake
[1.307s] -- Up-to-date: /home/rover/kameyama_ws/install/ar_track_alvar_msgs/share/ar_track_alvar_msgs/cmake/ar_track_alvar_msgs__rosidl_typesupport_introspection_cppExport-noconfig.cmake
[1.307s] -- Up-to-date: /home/rover/kameyama_ws/install/ar_track_alvar_msgs/share/ar_track_alvar_msgs/cmake/ar_track_alvar_msgs__rosidl_typesupport_cppExport.cmake
[1.307s] -- Up-to-date: /home/rover/kameyama_ws/install/ar_track_alvar_msgs/share/ar_track_alvar_msgs/cmake/ar_track_alvar_msgs__rosidl_typesupport_cppExport-noconfig.cmake
[1.307s] -- Up-to-date: /home/rover/kameyama_ws/install/ar_track_alvar_msgs/share/ar_track_alvar_msgs/cmake/export_ar_track_alvar_msgs__rosidl_generator_pyExport.cmake
[1.307s] -- Up-to-date: /home/rover/kameyama_ws/install/ar_track_alvar_msgs/share/ar_track_alvar_msgs/cmake/export_ar_track_alvar_msgs__rosidl_generator_pyExport-noconfig.cmake
[1.774s] Invoked command in '/home/rover/kameyama_ws/build/ar_track_alvar_msgs' returned '0': CMAKE_PREFIX_PATH=${CMAKE_PREFIX_PATH}:/home/rover/amir_basic_ws/install/nav2_simple_commander:/home/rover/amir_basic_ws/install/camera_calibration:/opt/ros/humble /usr/bin/cmake --install /home/rover/kameyama_ws/build/ar_track_alvar_msgs
