[  9%] [32m[1mLinking CXX executable initial_posi[0m
[  9%] [32mBuilding CXX object CMakeFiles/pick.dir/src/pick.cpp.o[0m
[ 13%] [32mBuilding CXX object CMakeFiles/grasp.dir/src/grasp.cpp.o[0m
[ 18%] [32mBuilding CXX object CMakeFiles/move_meca.dir/src/move_meca.cpp.o[0m
[ 22%] [32mBuilding CXX object CMakeFiles/mecanum_spin.dir/src/mecanum_spin.cpp.o[0m
[ 31%] [32mBuilding CXX object CMakeFiles/search_obj.dir/src/search_obj.cpp.o[0m
[ 31%] [32mBuilding CXX object CMakeFiles/place.dir/src/place.cpp.o[0m
[ 40%] [32mBuilding CXX object CMakeFiles/mecanum_search.dir/src/mecanum_search.cpp.o[0m
[ 40%] [32mBuilding CXX object CMakeFiles/move_arm.dir/src/move_arm.cpp.o[0m
[ 45%] [32mBuilding CXX object CMakeFiles/mecanum_move.dir/src/mecanum_move.cpp.o[0m
[ 50%] [32mBuilding CXX object CMakeFiles/pick_using_d_optimality.dir/src/pick_using_d_optimality.cpp.o[0m
[ 54%] Built target initial_posi
[ 59%] [32m[1mLinking CXX executable place[0m
[ 59%] Built target place
[ 63%] [32m[1mLinking CXX executable search_obj[0m
[ 68%] [32m[1mLinking CXX executable move_arm[0m
[ 72%] [32m[1mLinking CXX executable mecanum_move[0m
[ 77%] [32m[1mLinking CXX executable grasp[0m
[ 81%] [32m[1mLinking CXX executable move_meca[0m
[ 81%] Built target move_arm
[ 81%] Built target search_obj
[ 81%] Built target mecanum_move
[ 81%] Built target grasp
[ 81%] Built target move_meca
[ 86%] [32m[1mLinking CXX executable pick[0m
[ 86%] Built target pick
[ 90%] [32m[1mLinking CXX executable mecanum_search[0m
[ 90%] Built target mecanum_search
[ 95%] [32m[1mLinking CXX executable pick_using_d_optimality[0m
[ 95%] Built target pick_using_d_optimality
