[0.056s] Invoking command in '/home/rover/kameyama_ws/build/line_msg': CMAKE_PREFIX_PATH=${CMAKE_PREFIX_PATH}:/home/rover/kameyama_ws/install/ros2_aruco:/home/rover/kameyama_ws/install/failure_detection:/home/rover/kameyama_ws/install/bt_generator:/home/rover/amir_basic_ws/install/nav2_simple_commander:/home/rover/amir_basic_ws/install/camera_calibration:/opt/ros/humble /usr/bin/cmake --build /home/rover/kameyama_ws/build/line_msg -- -j12 -l12
[0.895s] [  3%] Built target line_msg__cpp
[0.895s] [ 12%] Built target line_msg__rosidl_generator_c
[0.896s] [ 12%] Built target ament_cmake_python_symlink_line_msg
[0.896s] [ 22%] Built target line_msg__rosidl_typesupport_cpp
[0.896s] [ 32%] Built target line_msg__rosidl_typesupport_fastrtps_cpp
[0.896s] [ 41%] Built target line_msg__rosidl_typesupport_introspection_c
[0.896s] [ 51%] Built target line_msg__rosidl_typesupport_c
[0.896s] [ 61%] Built target line_msg__rosidl_typesupport_introspection_cpp
[0.896s] [ 70%] Built target line_msg__rosidl_typesupport_fastrtps_c
[0.896s] [ 70%] Built target line_msg
[0.896s] [ 74%] Built target line_msg__py
[0.896s] [ 80%] Built target line_msg__rosidl_generator_py
[0.896s] [ 87%] Built target line_msg__rosidl_typesupport_fastrtps_c__pyext
[0.896s] [ 93%] Built target line_msg__rosidl_typesupport_c__pyext
[0.896s] [100%] Built target line_msg__rosidl_typesupport_introspection_c__pyext
[1.008s] running egg_info
[1.069s] writing line_msg.egg-info/PKG-INFO
[1.111s] writing dependency_links to line_msg.egg-info/dependency_links.txt
[1.290s] writing top-level names to line_msg.egg-info/top_level.txt
[1.347s] reading manifest file 'line_msg.egg-info/SOURCES.txt'
[1.347s] writing manifest file 'line_msg.egg-info/SOURCES.txt'
[1.382s] [100%] Built target ament_cmake_python_build_line_msg_egg
[1.662s] Invoked command in '/home/rover/kameyama_ws/build/line_msg' returned '0': CMAKE_PREFIX_PATH=${CMAKE_PREFIX_PATH}:/home/rover/kameyama_ws/install/ros2_aruco:/home/rover/kameyama_ws/install/failure_detection:/home/rover/kameyama_ws/install/bt_generator:/home/rover/amir_basic_ws/install/nav2_simple_commander:/home/rover/amir_basic_ws/install/camera_calibration:/opt/ros/humble /usr/bin/cmake --build /home/rover/kameyama_ws/build/line_msg -- -j12 -l12
[1.664s] Invoking command in '/home/rover/kameyama_ws/build/line_msg': CMAKE_PREFIX_PATH=${CMAKE_PREFIX_PATH}:/home/rover/kameyama_ws/install/ros2_aruco:/home/rover/kameyama_ws/install/failure_detection:/home/rover/kameyama_ws/install/bt_generator:/home/rover/amir_basic_ws/install/nav2_simple_commander:/home/rover/amir_basic_ws/install/camera_calibration:/opt/ros/humble /usr/bin/cmake --install /home/rover/kameyama_ws/build/line_msg
[1.725s] -- Install configuration: ""
[1.725s] -- Execute custom install script
[1.725s] -- Up-to-date symlink: /home/rover/kameyama_ws/install/line_msg/share/ament_index/resource_index/rosidl_interfaces/line_msg
[1.726s] -- Up-to-date symlink: /home/rover/kameyama_ws/install/line_msg/include/line_msg/line_msg/msg/box_corner.h
[1.729s] -- Up-to-date symlink: /home/rover/kameyama_ws/install/line_msg/include/line_msg/line_msg/msg/detail/box_corner__functions.h
[1.730s] -- Up-to-date symlink: /home/rover/kameyama_ws/install/line_msg/include/line_msg/line_msg/msg/detail/box_corner__struct.h
[1.730s] -- Up-to-date symlink: /home/rover/kameyama_ws/install/line_msg/include/line_msg/line_msg/msg/detail/box_corner__type_support.h
[1.730s] -- Up-to-date symlink: /home/rover/kameyama_ws/install/line_msg/include/line_msg/line_msg/msg/rosidl_generator_c__visibility_control.h
[1.730s] -- Up-to-date symlink: /home/rover/kameyama_ws/install/line_msg/share/line_msg/environment/library_path.sh
[1.730s] -- Up-to-date symlink: /home/rover/kameyama_ws/install/line_msg/share/line_msg/environment/library_path.dsv
[1.730s] -- Up-to-date symlink: /home/rover/kameyama_ws/install/line_msg/include/line_msg/line_msg/msg/detail/box_corner__rosidl_typesupport_fastrtps_c.h
[1.730s] -- Up-to-date symlink: /home/rover/kameyama_ws/install/line_msg/include/line_msg/line_msg/msg/rosidl_typesupport_fastrtps_c__visibility_control.h
[1.730s] -- Up-to-date symlink: /home/rover/kameyama_ws/install/line_msg/include/line_msg/line_msg/msg/box_corner.hpp
[1.730s] -- Up-to-date symlink: /home/rover/kameyama_ws/install/line_msg/include/line_msg/line_msg/msg/detail/box_corner__builder.hpp
[1.730s] -- Up-to-date symlink: /home/rover/kameyama_ws/install/line_msg/include/line_msg/line_msg/msg/detail/box_corner__struct.hpp
[1.730s] -- Up-to-date symlink: /home/rover/kameyama_ws/install/line_msg/include/line_msg/line_msg/msg/detail/box_corner__traits.hpp
[1.730s] -- Up-to-date symlink: /home/rover/kameyama_ws/install/line_msg/include/line_msg/line_msg/msg/detail/box_corner__type_support.hpp
[1.730s] -- Up-to-date symlink: /home/rover/kameyama_ws/install/line_msg/include/line_msg/line_msg/msg/rosidl_generator_cpp__visibility_control.hpp
[1.730s] -- Up-to-date symlink: /home/rover/kameyama_ws/install/line_msg/include/line_msg/line_msg/msg/detail/box_corner__rosidl_typesupport_fastrtps_cpp.hpp
[1.730s] -- Up-to-date symlink: /home/rover/kameyama_ws/install/line_msg/include/line_msg/line_msg/msg/rosidl_typesupport_fastrtps_cpp__visibility_control.h
[1.730s] -- Up-to-date symlink: /home/rover/kameyama_ws/install/line_msg/include/line_msg/line_msg/msg/detail/box_corner__rosidl_typesupport_introspection_c.h
[1.731s] -- Up-to-date symlink: /home/rover/kameyama_ws/install/line_msg/include/line_msg/line_msg/msg/rosidl_typesupport_introspection_c__visibility_control.h
[1.731s] -- Up-to-date symlink: /home/rover/kameyama_ws/install/line_msg/include/line_msg/line_msg/msg/detail/box_corner__rosidl_typesupport_introspection_cpp.hpp
[1.731s] -- Up-to-date symlink: /home/rover/kameyama_ws/install/line_msg/share/line_msg/environment/pythonpath.sh
[1.731s] -- Up-to-date symlink: /home/rover/kameyama_ws/install/line_msg/share/line_msg/environment/pythonpath.dsv
[1.731s] -- Up-to-date symlink: /home/rover/kameyama_ws/install/line_msg/local/lib/python3.10/dist-packages/line_msg-0.0.0-py3.10.egg-info/PKG-INFO
[1.731s] -- Up-to-date symlink: /home/rover/kameyama_ws/install/line_msg/local/lib/python3.10/dist-packages/line_msg-0.0.0-py3.10.egg-info/SOURCES.txt
[1.731s] -- Up-to-date symlink: /home/rover/kameyama_ws/install/line_msg/local/lib/python3.10/dist-packages/line_msg-0.0.0-py3.10.egg-info/dependency_links.txt
[1.731s] -- Up-to-date symlink: /home/rover/kameyama_ws/install/line_msg/local/lib/python3.10/dist-packages/line_msg-0.0.0-py3.10.egg-info/top_level.txt
[1.731s] -- Up-to-date symlink: /home/rover/kameyama_ws/install/line_msg/local/lib/python3.10/dist-packages/line_msg/__init__.py
[1.731s] -- Up-to-date symlink: /home/rover/kameyama_ws/install/line_msg/local/lib/python3.10/dist-packages/line_msg/_line_msg_s.ep.rosidl_typesupport_c.c
[1.731s] -- Up-to-date symlink: /home/rover/kameyama_ws/install/line_msg/local/lib/python3.10/dist-packages/line_msg/_line_msg_s.ep.rosidl_typesupport_fastrtps_c.c
[1.731s] -- Up-to-date symlink: /home/rover/kameyama_ws/install/line_msg/local/lib/python3.10/dist-packages/line_msg/_line_msg_s.ep.rosidl_typesupport_introspection_c.c
[1.731s] -- Up-to-date symlink: /home/rover/kameyama_ws/install/line_msg/local/lib/python3.10/dist-packages/line_msg/libline_msg__rosidl_generator_py.so
[1.731s] -- Up-to-date symlink: /home/rover/kameyama_ws/install/line_msg/local/lib/python3.10/dist-packages/line_msg/line_msg_s__rosidl_typesupport_c.cpython-310-x86_64-linux-gnu.so
[1.731s] -- Up-to-date symlink: /home/rover/kameyama_ws/install/line_msg/local/lib/python3.10/dist-packages/line_msg/line_msg_s__rosidl_typesupport_fastrtps_c.cpython-310-x86_64-linux-gnu.so
[1.731s] -- Up-to-date symlink: /home/rover/kameyama_ws/install/line_msg/local/lib/python3.10/dist-packages/line_msg/line_msg_s__rosidl_typesupport_introspection_c.cpython-310-x86_64-linux-gnu.so
[1.731s] -- Up-to-date symlink: /home/rover/kameyama_ws/install/line_msg/local/lib/python3.10/dist-packages/line_msg/msg/__init__.py
[1.744s] -- Up-to-date symlink: /home/rover/kameyama_ws/install/line_msg/local/lib/python3.10/dist-packages/line_msg/msg/_box_corner.py
[1.744s] -- Up-to-date symlink: /home/rover/kameyama_ws/install/line_msg/local/lib/python3.10/dist-packages/line_msg/msg/_box_corner_s.c
[1.744s] -- Up-to-date symlink: /home/rover/kameyama_ws/install/line_msg/local/lib/python3.10/dist-packages/line_msg/line_msg_s__rosidl_typesupport_fastrtps_c.cpython-310-x86_64-linux-gnu.so
[1.744s] -- Up-to-date symlink: /home/rover/kameyama_ws/install/line_msg/local/lib/python3.10/dist-packages/line_msg/line_msg_s__rosidl_typesupport_introspection_c.cpython-310-x86_64-linux-gnu.so
[1.744s] -- Up-to-date symlink: /home/rover/kameyama_ws/install/line_msg/local/lib/python3.10/dist-packages/line_msg/line_msg_s__rosidl_typesupport_c.cpython-310-x86_64-linux-gnu.so
[1.744s] -- Up-to-date symlink: /home/rover/kameyama_ws/install/line_msg/share/line_msg/msg/BoxCorner.idl
[1.745s] -- Up-to-date symlink: /home/rover/kameyama_ws/install/line_msg/share/line_msg/msg/BoxCorner.msg
[1.745s] -- Up-to-date symlink: /home/rover/kameyama_ws/install/line_msg/share/ament_index/resource_index/package_run_dependencies/line_msg
[1.745s] -- Up-to-date symlink: /home/rover/kameyama_ws/install/line_msg/share/ament_index/resource_index/parent_prefix_path/line_msg
[1.745s] -- Up-to-date symlink: /home/rover/kameyama_ws/install/line_msg/share/line_msg/environment/ament_prefix_path.sh
[1.745s] -- Up-to-date symlink: /home/rover/kameyama_ws/install/line_msg/share/line_msg/environment/ament_prefix_path.dsv
[1.745s] -- Up-to-date symlink: /home/rover/kameyama_ws/install/line_msg/share/line_msg/environment/path.sh
[1.745s] -- Up-to-date symlink: /home/rover/kameyama_ws/install/line_msg/share/line_msg/environment/path.dsv
[1.745s] -- Up-to-date symlink: /home/rover/kameyama_ws/install/line_msg/share/line_msg/local_setup.bash
[1.745s] -- Up-to-date symlink: /home/rover/kameyama_ws/install/line_msg/share/line_msg/local_setup.sh
[1.745s] -- Up-to-date symlink: /home/rover/kameyama_ws/install/line_msg/share/line_msg/local_setup.zsh
[1.750s] -- Up-to-date symlink: /home/rover/kameyama_ws/install/line_msg/share/line_msg/local_setup.dsv
[1.751s] -- Symlinking: /home/rover/kameyama_ws/install/line_msg/share/line_msg/package.dsv
[1.759s] -- Up-to-date symlink: /home/rover/kameyama_ws/install/line_msg/share/ament_index/resource_index/packages/line_msg
[1.760s] -- Up-to-date symlink: /home/rover/kameyama_ws/install/line_msg/share/line_msg/cmake/rosidl_cmake-extras.cmake
[1.762s] -- Up-to-date symlink: /home/rover/kameyama_ws/install/line_msg/share/line_msg/cmake/ament_cmake_export_dependencies-extras.cmake
[1.762s] -- Up-to-date symlink: /home/rover/kameyama_ws/install/line_msg/share/line_msg/cmake/ament_cmake_export_include_directories-extras.cmake
[1.762s] -- Up-to-date symlink: /home/rover/kameyama_ws/install/line_msg/share/line_msg/cmake/ament_cmake_export_libraries-extras.cmake
[1.762s] -- Up-to-date symlink: /home/rover/kameyama_ws/install/line_msg/share/line_msg/cmake/ament_cmake_export_targets-extras.cmake
[1.765s] -- Up-to-date symlink: /home/rover/kameyama_ws/install/line_msg/share/line_msg/cmake/rosidl_cmake_export_typesupport_targets-extras.cmake
[1.765s] -- Up-to-date symlink: /home/rover/kameyama_ws/install/line_msg/share/line_msg/cmake/rosidl_cmake_export_typesupport_libraries-extras.cmake
[1.765s] -- Up-to-date symlink: /home/rover/kameyama_ws/install/line_msg/share/line_msg/cmake/line_msgConfig.cmake
[1.765s] -- Up-to-date symlink: /home/rover/kameyama_ws/install/line_msg/share/line_msg/cmake/line_msgConfig-version.cmake
[1.765s] -- Up-to-date symlink: /home/rover/kameyama_ws/install/line_msg/share/line_msg/package.xml
[1.765s] -- Up-to-date: /home/rover/kameyama_ws/install/line_msg/lib/libline_msg__rosidl_generator_c.so
[1.765s] -- Up-to-date: /home/rover/kameyama_ws/install/line_msg/lib/libline_msg__rosidl_typesupport_fastrtps_c.so
[1.765s] -- Up-to-date: /home/rover/kameyama_ws/install/line_msg/lib/libline_msg__rosidl_typesupport_fastrtps_cpp.so
[1.768s] -- Up-to-date: /home/rover/kameyama_ws/install/line_msg/lib/libline_msg__rosidl_typesupport_introspection_c.so
[1.769s] -- Up-to-date: /home/rover/kameyama_ws/install/line_msg/lib/libline_msg__rosidl_typesupport_c.so
[1.769s] -- Up-to-date: /home/rover/kameyama_ws/install/line_msg/lib/libline_msg__rosidl_typesupport_introspection_cpp.so
[1.769s] -- Up-to-date: /home/rover/kameyama_ws/install/line_msg/lib/libline_msg__rosidl_typesupport_cpp.so
[1.780s] Listing '/home/rover/kameyama_ws/install/line_msg/local/lib/python3.10/dist-packages/line_msg'...
[1.780s] Listing '/home/rover/kameyama_ws/install/line_msg/local/lib/python3.10/dist-packages/line_msg/msg'...
[1.782s] -- Up-to-date: /home/rover/kameyama_ws/install/line_msg/lib/libline_msg__rosidl_generator_py.so
[1.786s] -- Up-to-date: /home/rover/kameyama_ws/install/line_msg/share/line_msg/cmake/export_line_msg__rosidl_generator_cExport.cmake
[1.786s] -- Up-to-date: /home/rover/kameyama_ws/install/line_msg/share/line_msg/cmake/export_line_msg__rosidl_generator_cExport-noconfig.cmake
[1.786s] -- Up-to-date: /home/rover/kameyama_ws/install/line_msg/share/line_msg/cmake/export_line_msg__rosidl_typesupport_fastrtps_cExport.cmake
[1.786s] -- Up-to-date: /home/rover/kameyama_ws/install/line_msg/share/line_msg/cmake/export_line_msg__rosidl_typesupport_fastrtps_cExport-noconfig.cmake
[1.787s] -- Up-to-date: /home/rover/kameyama_ws/install/line_msg/share/line_msg/cmake/export_line_msg__rosidl_generator_cppExport.cmake
[1.787s] -- Up-to-date: /home/rover/kameyama_ws/install/line_msg/share/line_msg/cmake/export_line_msg__rosidl_typesupport_fastrtps_cppExport.cmake
[1.787s] -- Up-to-date: /home/rover/kameyama_ws/install/line_msg/share/line_msg/cmake/export_line_msg__rosidl_typesupport_fastrtps_cppExport-noconfig.cmake
[1.787s] -- Up-to-date: /home/rover/kameyama_ws/install/line_msg/share/line_msg/cmake/line_msg__rosidl_typesupport_introspection_cExport.cmake
[1.787s] -- Up-to-date: /home/rover/kameyama_ws/install/line_msg/share/line_msg/cmake/line_msg__rosidl_typesupport_introspection_cExport-noconfig.cmake
[1.787s] -- Up-to-date: /home/rover/kameyama_ws/install/line_msg/share/line_msg/cmake/line_msg__rosidl_typesupport_cExport.cmake
[1.787s] -- Up-to-date: /home/rover/kameyama_ws/install/line_msg/share/line_msg/cmake/line_msg__rosidl_typesupport_cExport-noconfig.cmake
[1.787s] -- Up-to-date: /home/rover/kameyama_ws/install/line_msg/share/line_msg/cmake/line_msg__rosidl_typesupport_introspection_cppExport.cmake
[1.787s] -- Up-to-date: /home/rover/kameyama_ws/install/line_msg/share/line_msg/cmake/line_msg__rosidl_typesupport_introspection_cppExport-noconfig.cmake
[1.787s] -- Up-to-date: /home/rover/kameyama_ws/install/line_msg/share/line_msg/cmake/line_msg__rosidl_typesupport_cppExport.cmake
[1.787s] -- Up-to-date: /home/rover/kameyama_ws/install/line_msg/share/line_msg/cmake/line_msg__rosidl_typesupport_cppExport-noconfig.cmake
[1.787s] -- Up-to-date: /home/rover/kameyama_ws/install/line_msg/share/line_msg/cmake/export_line_msg__rosidl_generator_pyExport.cmake
[1.787s] -- Up-to-date: /home/rover/kameyama_ws/install/line_msg/share/line_msg/cmake/export_line_msg__rosidl_generator_pyExport-noconfig.cmake
[1.809s] Invoked command in '/home/rover/kameyama_ws/build/line_msg' returned '0': CMAKE_PREFIX_PATH=${CMAKE_PREFIX_PATH}:/home/rover/kameyama_ws/install/ros2_aruco:/home/rover/kameyama_ws/install/failure_detection:/home/rover/kameyama_ws/install/bt_generator:/home/rover/amir_basic_ws/install/nav2_simple_commander:/home/rover/amir_basic_ws/install/camera_calibration:/opt/ros/humble /usr/bin/cmake --install /home/rover/kameyama_ws/build/line_msg
