[0.462s] Invoking command in '/home/rover/kameyama_ws/build/ros2_behavior_tree': CMAKE_PREFIX_PATH=/home/rover/kameyama_ws/install/failure_detection_msgs:/home/rover/kameyama_ws/install/observation_msgs:/home/rover/kameyama_ws/install/my_nav_msgs:/home/rover/kameyama_ws/install/behavior_tree_msgs:/home/rover/kameyama_ws/install/slam_toolbox:/home/rover/kameyama_ws/install/slam_gmapping:/home/rover/kameyama_ws/install/rviz_utility:/home/rover/kameyama_ws/install/ros2_behavior_tree:/home/rover/kameyama_ws/install/amir_operation:/home/rover/kameyama_ws/install/ros2_aruco_interfaces:/home/rover/kameyama_ws/install/openslam_gmapping:/home/rover/kameyama_ws/install/observation:/home/rover/kameyama_ws/install/my_utility:/home/rover/kameyama_ws/install/mecanum_navigation2:/home/rover/kameyama_ws/install/line_msg:/home/rover/kameyama_ws/install/joint_state_publisher_tutorial:/home/rover/kameyama_ws/install/emcl2:/home/rover/kameyama_ws/install/bebop_msgs:/home/rover/kameyama_ws/install/ar_track_alvar_msgs:/home/rover/kameyama_ws/install/amir_navigation:/home/rover/amir_basic_ws/install/image_pipeline:/home/rover/amir_basic_ws/install/stereo_image_proc:/home/rover/amir_basic_ws/install/image_proc:/home/rover/amir_basic_ws/install/tracetools_image_pipeline:/home/rover/amir_basic_ws/install/nav2_system_tests:/home/rover/amir_basic_ws/install/nav2_bringup:/home/rover/amir_basic_ws/install/navigation2:/home/rover/amir_basic_ws/install/nav2_smoother:/home/rover/amir_basic_ws/install/nav2_graceful_controller:/home/rover/amir_basic_ws/install/nav2_dwb_controller:/home/rover/amir_basic_ws/install/nav2_controller:/home/rover/amir_basic_ws/install/dwb_plugins:/home/rover/amir_basic_ws/install/dwb_critics:/home/rover/amir_basic_ws/install/dwb_core:/home/rover/amir_basic_ws/install/nav_2d_utils:/home/rover/amir_basic_ws/install/dwb_msgs:/home/rover/amir_basic_ws/install/nav_2d_msgs:/home/rover/amir_basic_ws/install/nav2_waypoint_follower:/home/rover/amir_basic_ws/install/nav2_theta_star_planner:/home/rover/amir_basic_ws/install/nav2_smac_planner:/home/rover/amir_basic_ws/install/nav2_rotation_shim_controller:/home/rover/amir_basic_ws/install/nav2_regulated_pure_pursuit_controller:/home/rover/amir_basic_ws/install/nav2_planner:/home/rover/amir_basic_ws/install/nav2_navfn_planner:/home/rover/amir_basic_ws/install/nav2_mppi_controller:/home/rover/amir_basic_ws/install/nav2_constrained_smoother:/home/rover/amir_basic_ws/install/nav2_bt_navigator:/home/rover/amir_basic_ws/install/nav2_behaviors:/home/rover/amir_basic_ws/install/nav2_core:/home/rover/amir_basic_ws/install/nav2_collision_monitor:/home/rover/amir_basic_ws/install/costmap_queue:/home/rover/amir_basic_ws/install/nav2_costmap_2d:/home/rover/amir_basic_ws/install/nav2_voxel_grid:/home/rover/amir_basic_ws/install/nav2_velocity_smoother:/home/rover/amir_basic_ws/install/nav2_rviz_plugins:/home/rover/amir_basic_ws/install/nav2_map_server:/home/rover/amir_basic_ws/install/nav2_lifecycle_manager:/home/rover/amir_basic_ws/install/nav2_behavior_tree:/home/rover/amir_basic_ws/install/nav2_amcl:/home/rover/amir_basic_ws/install/nav2_util:/home/rover/amir_basic_ws/install/nav2_msgs:/home/rover/amir_basic_ws/install/nav2_common:/home/rover/amir_basic_ws/install/micro_ros_setup:/home/rover/amir_basic_ws/install/micro_ros_agent:/home/rover/amir_basic_ws/install/micro_ros_msgs:/home/rover/amir_basic_ws/install/image_view:/home/rover/amir_basic_ws/install/image_rotate:/home/rover/amir_basic_ws/install/image_publisher:/home/rover/amir_basic_ws/install/depth_image_proc:/home/rover/amir_basic_ws/install/darknet_ros:/home/rover/amir_basic_ws/install/darknet_ros_msgs:/home/rover/amir_basic_ws/install/behaviortree_cpp:/home/rover/amir_basic_ws/install/amir_interfaces:/home/rover/kameyama_ws/install/ros2_aruco:/home/rover/kameyama_ws/install/failure_detection:/home/rover/kameyama_ws/install/bt_generator:/home/rover/amir_basic_ws/install/nav2_simple_commander:/home/rover/amir_basic_ws/install/camera_calibration:/opt/ros/humble LD_LIBRARY_PATH=/home/rover/kameyama_ws/install/failure_detection_msgs/lib:/home/rover/kameyama_ws/install/observation_msgs/lib:/home/rover/kameyama_ws/install/my_nav_msgs/lib:/home/rover/kameyama_ws/install/behavior_tree_msgs/lib:/home/rover/kameyama_ws/install/slam_toolbox/lib:/home/rover/kameyama_ws/install/ros2_behavior_tree/lib:/home/rover/kameyama_ws/install/ros2_aruco_interfaces/lib:/home/rover/kameyama_ws/install/openslam_gmapping/lib:/home/rover/kameyama_ws/install/line_msg/lib:/home/rover/kameyama_ws/install/bebop_msgs/lib:/home/rover/kameyama_ws/install/ar_track_alvar_msgs/lib:/home/rover/amir_basic_ws/install/stereo_image_proc/lib:/home/rover/amir_basic_ws/install/image_proc/lib:/home/rover/amir_basic_ws/install/tracetools_image_pipeline/lib:/home/rover/amir_basic_ws/install/nav2_smoother/lib:/home/rover/amir_basic_ws/install/nav2_graceful_controller/lib:/home/rover/amir_basic_ws/install/nav2_controller/lib:/home/rover/amir_basic_ws/install/dwb_plugins/lib:/home/rover/amir_basic_ws/install/dwb_critics/lib:/home/rover/amir_basic_ws/install/dwb_core/lib:/home/rover/amir_basic_ws/install/nav_2d_utils/lib:/home/rover/amir_basic_ws/install/dwb_msgs/lib:/home/rover/amir_basic_ws/install/nav_2d_msgs/lib:/home/rover/amir_basic_ws/install/nav2_waypoint_follower/lib:/home/rover/amir_basic_ws/install/nav2_theta_star_planner/lib:/home/rover/amir_basic_ws/install/nav2_smac_planner/lib:/home/rover/amir_basic_ws/install/nav2_rotation_shim_controller/lib:/home/rover/amir_basic_ws/install/nav2_regulated_pure_pursuit_controller/lib:/home/rover/amir_basic_ws/install/nav2_planner/lib:/home/rover/amir_basic_ws/install/nav2_navfn_planner/lib:/home/rover/amir_basic_ws/install/nav2_mppi_controller/lib:/home/rover/amir_basic_ws/install/nav2_constrained_smoother/lib:/home/rover/amir_basic_ws/install/nav2_bt_navigator/lib:/home/rover/amir_basic_ws/install/nav2_behaviors/lib:/home/rover/amir_basic_ws/install/nav2_collision_monitor/lib:/home/rover/amir_basic_ws/install/costmap_queue/lib:/home/rover/amir_basic_ws/install/nav2_costmap_2d/lib:/home/rover/amir_basic_ws/install/nav2_voxel_grid/lib:/home/rover/amir_basic_ws/install/nav2_velocity_smoother/lib:/home/rover/amir_basic_ws/install/nav2_rviz_plugins/lib:/home/rover/amir_basic_ws/install/nav2_map_server/lib:/home/rover/amir_basic_ws/install/nav2_lifecycle_manager/lib:/home/rover/amir_basic_ws/install/nav2_behavior_tree/lib:/home/rover/amir_basic_ws/install/nav2_amcl/lib:/home/rover/amir_basic_ws/install/nav2_util/lib:/home/rover/amir_basic_ws/install/nav2_msgs/lib:/home/rover/amir_basic_ws/install/micro_ros_agent/lib:/home/rover/amir_basic_ws/install/micro_ros_msgs/lib:/home/rover/amir_basic_ws/install/image_view/lib:/home/rover/amir_basic_ws/install/image_rotate/lib:/home/rover/amir_basic_ws/install/image_publisher/lib:/home/rover/amir_basic_ws/install/depth_image_proc/lib:/home/rover/amir_basic_ws/install/darknet_ros/lib:/home/rover/amir_basic_ws/install/darknet_ros_msgs/lib:/home/rover/amir_basic_ws/install/behaviortree_cpp/lib:/home/rover/amir_basic_ws/install/amir_interfaces/lib:/usr/lib/x86_64-linux-gnu/gazebo-11/plugins:/opt/ros/humble/opt/rviz_ogre_vendor/lib:/opt/ros/humble/lib/x86_64-linux-gnu:/opt/ros/humble/lib /usr/bin/cmake --build /home/rover/kameyama_ws/build/ros2_behavior_tree -- -j12 -l12
[0.526s] [35m[1mConsolidate compiler generated dependencies of target ros2_behavior_tree_nodes[0m
[0.541s] [  8%] Built target gtest
[0.541s] [  8%] Built target example_custom_nodes
[0.542s] [ 12%] Built target gtest_main
[0.544s] [ 17%] Built target custom_test_nodes
[0.545s] [ 23%] Built target ros2_behavior_tree
[0.562s] [ 29%] Built target ros2_behavior_tree_nodes
[0.597s] [ 34%] Built target bt_executor
[0.597s] [ 38%] Built target bt_executor_bebop
[0.599s] [ 46%] Built target minimal
[0.599s] [ 48%] Built target custom_nodes
[0.599s] [ 59%] Built target node
[0.600s] [ 61%] Built target action_server_lifecycle_node
[0.607s] [ 68%] Built target lifecycle_node
[0.610s] [ 78%] Built target test_ros2_service_client
[0.610s] [ 78%] Built target action_server_node
[0.613s] [ 82%] Built target test_ros2_action_client
[0.615s] [100%] Built target test_ros2_behavior_tree_nodes
[0.630s] Invoked command in '/home/rover/kameyama_ws/build/ros2_behavior_tree' returned '0': CMAKE_PREFIX_PATH=/home/rover/kameyama_ws/install/failure_detection_msgs:/home/rover/kameyama_ws/install/observation_msgs:/home/rover/kameyama_ws/install/my_nav_msgs:/home/rover/kameyama_ws/install/behavior_tree_msgs:/home/rover/kameyama_ws/install/slam_toolbox:/home/rover/kameyama_ws/install/slam_gmapping:/home/rover/kameyama_ws/install/rviz_utility:/home/rover/kameyama_ws/install/ros2_behavior_tree:/home/rover/kameyama_ws/install/amir_operation:/home/rover/kameyama_ws/install/ros2_aruco_interfaces:/home/rover/kameyama_ws/install/openslam_gmapping:/home/rover/kameyama_ws/install/observation:/home/rover/kameyama_ws/install/my_utility:/home/rover/kameyama_ws/install/mecanum_navigation2:/home/rover/kameyama_ws/install/line_msg:/home/rover/kameyama_ws/install/joint_state_publisher_tutorial:/home/rover/kameyama_ws/install/emcl2:/home/rover/kameyama_ws/install/bebop_msgs:/home/rover/kameyama_ws/install/ar_track_alvar_msgs:/home/rover/kameyama_ws/install/amir_navigation:/home/rover/amir_basic_ws/install/image_pipeline:/home/rover/amir_basic_ws/install/stereo_image_proc:/home/rover/amir_basic_ws/install/image_proc:/home/rover/amir_basic_ws/install/tracetools_image_pipeline:/home/rover/amir_basic_ws/install/nav2_system_tests:/home/rover/amir_basic_ws/install/nav2_bringup:/home/rover/amir_basic_ws/install/navigation2:/home/rover/amir_basic_ws/install/nav2_smoother:/home/rover/amir_basic_ws/install/nav2_graceful_controller:/home/rover/amir_basic_ws/install/nav2_dwb_controller:/home/rover/amir_basic_ws/install/nav2_controller:/home/rover/amir_basic_ws/install/dwb_plugins:/home/rover/amir_basic_ws/install/dwb_critics:/home/rover/amir_basic_ws/install/dwb_core:/home/rover/amir_basic_ws/install/nav_2d_utils:/home/rover/amir_basic_ws/install/dwb_msgs:/home/rover/amir_basic_ws/install/nav_2d_msgs:/home/rover/amir_basic_ws/install/nav2_waypoint_follower:/home/rover/amir_basic_ws/install/nav2_theta_star_planner:/home/rover/amir_basic_ws/install/nav2_smac_planner:/home/rover/amir_basic_ws/install/nav2_rotation_shim_controller:/home/rover/amir_basic_ws/install/nav2_regulated_pure_pursuit_controller:/home/rover/amir_basic_ws/install/nav2_planner:/home/rover/amir_basic_ws/install/nav2_navfn_planner:/home/rover/amir_basic_ws/install/nav2_mppi_controller:/home/rover/amir_basic_ws/install/nav2_constrained_smoother:/home/rover/amir_basic_ws/install/nav2_bt_navigator:/home/rover/amir_basic_ws/install/nav2_behaviors:/home/rover/amir_basic_ws/install/nav2_core:/home/rover/amir_basic_ws/install/nav2_collision_monitor:/home/rover/amir_basic_ws/install/costmap_queue:/home/rover/amir_basic_ws/install/nav2_costmap_2d:/home/rover/amir_basic_ws/install/nav2_voxel_grid:/home/rover/amir_basic_ws/install/nav2_velocity_smoother:/home/rover/amir_basic_ws/install/nav2_rviz_plugins:/home/rover/amir_basic_ws/install/nav2_map_server:/home/rover/amir_basic_ws/install/nav2_lifecycle_manager:/home/rover/amir_basic_ws/install/nav2_behavior_tree:/home/rover/amir_basic_ws/install/nav2_amcl:/home/rover/amir_basic_ws/install/nav2_util:/home/rover/amir_basic_ws/install/nav2_msgs:/home/rover/amir_basic_ws/install/nav2_common:/home/rover/amir_basic_ws/install/micro_ros_setup:/home/rover/amir_basic_ws/install/micro_ros_agent:/home/rover/amir_basic_ws/install/micro_ros_msgs:/home/rover/amir_basic_ws/install/image_view:/home/rover/amir_basic_ws/install/image_rotate:/home/rover/amir_basic_ws/install/image_publisher:/home/rover/amir_basic_ws/install/depth_image_proc:/home/rover/amir_basic_ws/install/darknet_ros:/home/rover/amir_basic_ws/install/darknet_ros_msgs:/home/rover/amir_basic_ws/install/behaviortree_cpp:/home/rover/amir_basic_ws/install/amir_interfaces:/home/rover/kameyama_ws/install/ros2_aruco:/home/rover/kameyama_ws/install/failure_detection:/home/rover/kameyama_ws/install/bt_generator:/home/rover/amir_basic_ws/install/nav2_simple_commander:/home/rover/amir_basic_ws/install/camera_calibration:/opt/ros/humble LD_LIBRARY_PATH=/home/rover/kameyama_ws/install/failure_detection_msgs/lib:/home/rover/kameyama_ws/install/observation_msgs/lib:/home/rover/kameyama_ws/install/my_nav_msgs/lib:/home/rover/kameyama_ws/install/behavior_tree_msgs/lib:/home/rover/kameyama_ws/install/slam_toolbox/lib:/home/rover/kameyama_ws/install/ros2_behavior_tree/lib:/home/rover/kameyama_ws/install/ros2_aruco_interfaces/lib:/home/rover/kameyama_ws/install/openslam_gmapping/lib:/home/rover/kameyama_ws/install/line_msg/lib:/home/rover/kameyama_ws/install/bebop_msgs/lib:/home/rover/kameyama_ws/install/ar_track_alvar_msgs/lib:/home/rover/amir_basic_ws/install/stereo_image_proc/lib:/home/rover/amir_basic_ws/install/image_proc/lib:/home/rover/amir_basic_ws/install/tracetools_image_pipeline/lib:/home/rover/amir_basic_ws/install/nav2_smoother/lib:/home/rover/amir_basic_ws/install/nav2_graceful_controller/lib:/home/rover/amir_basic_ws/install/nav2_controller/lib:/home/rover/amir_basic_ws/install/dwb_plugins/lib:/home/rover/amir_basic_ws/install/dwb_critics/lib:/home/rover/amir_basic_ws/install/dwb_core/lib:/home/rover/amir_basic_ws/install/nav_2d_utils/lib:/home/rover/amir_basic_ws/install/dwb_msgs/lib:/home/rover/amir_basic_ws/install/nav_2d_msgs/lib:/home/rover/amir_basic_ws/install/nav2_waypoint_follower/lib:/home/rover/amir_basic_ws/install/nav2_theta_star_planner/lib:/home/rover/amir_basic_ws/install/nav2_smac_planner/lib:/home/rover/amir_basic_ws/install/nav2_rotation_shim_controller/lib:/home/rover/amir_basic_ws/install/nav2_regulated_pure_pursuit_controller/lib:/home/rover/amir_basic_ws/install/nav2_planner/lib:/home/rover/amir_basic_ws/install/nav2_navfn_planner/lib:/home/rover/amir_basic_ws/install/nav2_mppi_controller/lib:/home/rover/amir_basic_ws/install/nav2_constrained_smoother/lib:/home/rover/amir_basic_ws/install/nav2_bt_navigator/lib:/home/rover/amir_basic_ws/install/nav2_behaviors/lib:/home/rover/amir_basic_ws/install/nav2_collision_monitor/lib:/home/rover/amir_basic_ws/install/costmap_queue/lib:/home/rover/amir_basic_ws/install/nav2_costmap_2d/lib:/home/rover/amir_basic_ws/install/nav2_voxel_grid/lib:/home/rover/amir_basic_ws/install/nav2_velocity_smoother/lib:/home/rover/amir_basic_ws/install/nav2_rviz_plugins/lib:/home/rover/amir_basic_ws/install/nav2_map_server/lib:/home/rover/amir_basic_ws/install/nav2_lifecycle_manager/lib:/home/rover/amir_basic_ws/install/nav2_behavior_tree/lib:/home/rover/amir_basic_ws/install/nav2_amcl/lib:/home/rover/amir_basic_ws/install/nav2_util/lib:/home/rover/amir_basic_ws/install/nav2_msgs/lib:/home/rover/amir_basic_ws/install/micro_ros_agent/lib:/home/rover/amir_basic_ws/install/micro_ros_msgs/lib:/home/rover/amir_basic_ws/install/image_view/lib:/home/rover/amir_basic_ws/install/image_rotate/lib:/home/rover/amir_basic_ws/install/image_publisher/lib:/home/rover/amir_basic_ws/install/depth_image_proc/lib:/home/rover/amir_basic_ws/install/darknet_ros/lib:/home/rover/amir_basic_ws/install/darknet_ros_msgs/lib:/home/rover/amir_basic_ws/install/behaviortree_cpp/lib:/home/rover/amir_basic_ws/install/amir_interfaces/lib:/usr/lib/x86_64-linux-gnu/gazebo-11/plugins:/opt/ros/humble/opt/rviz_ogre_vendor/lib:/opt/ros/humble/lib/x86_64-linux-gnu:/opt/ros/humble/lib /usr/bin/cmake --build /home/rover/kameyama_ws/build/ros2_behavior_tree -- -j12 -l12
[0.632s] Invoking command in '/home/rover/kameyama_ws/build/ros2_behavior_tree': CMAKE_PREFIX_PATH=/home/rover/kameyama_ws/install/failure_detection_msgs:/home/rover/kameyama_ws/install/observation_msgs:/home/rover/kameyama_ws/install/my_nav_msgs:/home/rover/kameyama_ws/install/behavior_tree_msgs:/home/rover/kameyama_ws/install/slam_toolbox:/home/rover/kameyama_ws/install/slam_gmapping:/home/rover/kameyama_ws/install/rviz_utility:/home/rover/kameyama_ws/install/ros2_behavior_tree:/home/rover/kameyama_ws/install/amir_operation:/home/rover/kameyama_ws/install/ros2_aruco_interfaces:/home/rover/kameyama_ws/install/openslam_gmapping:/home/rover/kameyama_ws/install/observation:/home/rover/kameyama_ws/install/my_utility:/home/rover/kameyama_ws/install/mecanum_navigation2:/home/rover/kameyama_ws/install/line_msg:/home/rover/kameyama_ws/install/joint_state_publisher_tutorial:/home/rover/kameyama_ws/install/emcl2:/home/rover/kameyama_ws/install/bebop_msgs:/home/rover/kameyama_ws/install/ar_track_alvar_msgs:/home/rover/kameyama_ws/install/amir_navigation:/home/rover/amir_basic_ws/install/image_pipeline:/home/rover/amir_basic_ws/install/stereo_image_proc:/home/rover/amir_basic_ws/install/image_proc:/home/rover/amir_basic_ws/install/tracetools_image_pipeline:/home/rover/amir_basic_ws/install/nav2_system_tests:/home/rover/amir_basic_ws/install/nav2_bringup:/home/rover/amir_basic_ws/install/navigation2:/home/rover/amir_basic_ws/install/nav2_smoother:/home/rover/amir_basic_ws/install/nav2_graceful_controller:/home/rover/amir_basic_ws/install/nav2_dwb_controller:/home/rover/amir_basic_ws/install/nav2_controller:/home/rover/amir_basic_ws/install/dwb_plugins:/home/rover/amir_basic_ws/install/dwb_critics:/home/rover/amir_basic_ws/install/dwb_core:/home/rover/amir_basic_ws/install/nav_2d_utils:/home/rover/amir_basic_ws/install/dwb_msgs:/home/rover/amir_basic_ws/install/nav_2d_msgs:/home/rover/amir_basic_ws/install/nav2_waypoint_follower:/home/rover/amir_basic_ws/install/nav2_theta_star_planner:/home/rover/amir_basic_ws/install/nav2_smac_planner:/home/rover/amir_basic_ws/install/nav2_rotation_shim_controller:/home/rover/amir_basic_ws/install/nav2_regulated_pure_pursuit_controller:/home/rover/amir_basic_ws/install/nav2_planner:/home/rover/amir_basic_ws/install/nav2_navfn_planner:/home/rover/amir_basic_ws/install/nav2_mppi_controller:/home/rover/amir_basic_ws/install/nav2_constrained_smoother:/home/rover/amir_basic_ws/install/nav2_bt_navigator:/home/rover/amir_basic_ws/install/nav2_behaviors:/home/rover/amir_basic_ws/install/nav2_core:/home/rover/amir_basic_ws/install/nav2_collision_monitor:/home/rover/amir_basic_ws/install/costmap_queue:/home/rover/amir_basic_ws/install/nav2_costmap_2d:/home/rover/amir_basic_ws/install/nav2_voxel_grid:/home/rover/amir_basic_ws/install/nav2_velocity_smoother:/home/rover/amir_basic_ws/install/nav2_rviz_plugins:/home/rover/amir_basic_ws/install/nav2_map_server:/home/rover/amir_basic_ws/install/nav2_lifecycle_manager:/home/rover/amir_basic_ws/install/nav2_behavior_tree:/home/rover/amir_basic_ws/install/nav2_amcl:/home/rover/amir_basic_ws/install/nav2_util:/home/rover/amir_basic_ws/install/nav2_msgs:/home/rover/amir_basic_ws/install/nav2_common:/home/rover/amir_basic_ws/install/micro_ros_setup:/home/rover/amir_basic_ws/install/micro_ros_agent:/home/rover/amir_basic_ws/install/micro_ros_msgs:/home/rover/amir_basic_ws/install/image_view:/home/rover/amir_basic_ws/install/image_rotate:/home/rover/amir_basic_ws/install/image_publisher:/home/rover/amir_basic_ws/install/depth_image_proc:/home/rover/amir_basic_ws/install/darknet_ros:/home/rover/amir_basic_ws/install/darknet_ros_msgs:/home/rover/amir_basic_ws/install/behaviortree_cpp:/home/rover/amir_basic_ws/install/amir_interfaces:/home/rover/kameyama_ws/install/ros2_aruco:/home/rover/kameyama_ws/install/failure_detection:/home/rover/kameyama_ws/install/bt_generator:/home/rover/amir_basic_ws/install/nav2_simple_commander:/home/rover/amir_basic_ws/install/camera_calibration:/opt/ros/humble LD_LIBRARY_PATH=/home/rover/kameyama_ws/install/failure_detection_msgs/lib:/home/rover/kameyama_ws/install/observation_msgs/lib:/home/rover/kameyama_ws/install/my_nav_msgs/lib:/home/rover/kameyama_ws/install/behavior_tree_msgs/lib:/home/rover/kameyama_ws/install/slam_toolbox/lib:/home/rover/kameyama_ws/install/ros2_behavior_tree/lib:/home/rover/kameyama_ws/install/ros2_aruco_interfaces/lib:/home/rover/kameyama_ws/install/openslam_gmapping/lib:/home/rover/kameyama_ws/install/line_msg/lib:/home/rover/kameyama_ws/install/bebop_msgs/lib:/home/rover/kameyama_ws/install/ar_track_alvar_msgs/lib:/home/rover/amir_basic_ws/install/stereo_image_proc/lib:/home/rover/amir_basic_ws/install/image_proc/lib:/home/rover/amir_basic_ws/install/tracetools_image_pipeline/lib:/home/rover/amir_basic_ws/install/nav2_smoother/lib:/home/rover/amir_basic_ws/install/nav2_graceful_controller/lib:/home/rover/amir_basic_ws/install/nav2_controller/lib:/home/rover/amir_basic_ws/install/dwb_plugins/lib:/home/rover/amir_basic_ws/install/dwb_critics/lib:/home/rover/amir_basic_ws/install/dwb_core/lib:/home/rover/amir_basic_ws/install/nav_2d_utils/lib:/home/rover/amir_basic_ws/install/dwb_msgs/lib:/home/rover/amir_basic_ws/install/nav_2d_msgs/lib:/home/rover/amir_basic_ws/install/nav2_waypoint_follower/lib:/home/rover/amir_basic_ws/install/nav2_theta_star_planner/lib:/home/rover/amir_basic_ws/install/nav2_smac_planner/lib:/home/rover/amir_basic_ws/install/nav2_rotation_shim_controller/lib:/home/rover/amir_basic_ws/install/nav2_regulated_pure_pursuit_controller/lib:/home/rover/amir_basic_ws/install/nav2_planner/lib:/home/rover/amir_basic_ws/install/nav2_navfn_planner/lib:/home/rover/amir_basic_ws/install/nav2_mppi_controller/lib:/home/rover/amir_basic_ws/install/nav2_constrained_smoother/lib:/home/rover/amir_basic_ws/install/nav2_bt_navigator/lib:/home/rover/amir_basic_ws/install/nav2_behaviors/lib:/home/rover/amir_basic_ws/install/nav2_collision_monitor/lib:/home/rover/amir_basic_ws/install/costmap_queue/lib:/home/rover/amir_basic_ws/install/nav2_costmap_2d/lib:/home/rover/amir_basic_ws/install/nav2_voxel_grid/lib:/home/rover/amir_basic_ws/install/nav2_velocity_smoother/lib:/home/rover/amir_basic_ws/install/nav2_rviz_plugins/lib:/home/rover/amir_basic_ws/install/nav2_map_server/lib:/home/rover/amir_basic_ws/install/nav2_lifecycle_manager/lib:/home/rover/amir_basic_ws/install/nav2_behavior_tree/lib:/home/rover/amir_basic_ws/install/nav2_amcl/lib:/home/rover/amir_basic_ws/install/nav2_util/lib:/home/rover/amir_basic_ws/install/nav2_msgs/lib:/home/rover/amir_basic_ws/install/micro_ros_agent/lib:/home/rover/amir_basic_ws/install/micro_ros_msgs/lib:/home/rover/amir_basic_ws/install/image_view/lib:/home/rover/amir_basic_ws/install/image_rotate/lib:/home/rover/amir_basic_ws/install/image_publisher/lib:/home/rover/amir_basic_ws/install/depth_image_proc/lib:/home/rover/amir_basic_ws/install/darknet_ros/lib:/home/rover/amir_basic_ws/install/darknet_ros_msgs/lib:/home/rover/amir_basic_ws/install/behaviortree_cpp/lib:/home/rover/amir_basic_ws/install/amir_interfaces/lib:/usr/lib/x86_64-linux-gnu/gazebo-11/plugins:/opt/ros/humble/opt/rviz_ogre_vendor/lib:/opt/ros/humble/lib/x86_64-linux-gnu:/opt/ros/humble/lib /usr/bin/cmake --install /home/rover/kameyama_ws/build/ros2_behavior_tree
[0.642s] -- Install configuration: ""
[0.642s] -- Execute custom install script
[0.643s] -- Up-to-date symlink: /home/rover/kameyama_ws/install/ros2_behavior_tree/lib/libros2_behavior_tree.so
[0.643s] -- Up-to-date symlink: /home/rover/kameyama_ws/install/ros2_behavior_tree/lib/libros2_behavior_tree_nodes.so
[0.643s] -- Up-to-date symlink: /home/rover/kameyama_ws/install/ros2_behavior_tree/lib/libexample_custom_nodes.so
[0.643s] -- Up-to-date symlink: /home/rover/kameyama_ws/install/ros2_behavior_tree/lib/ros2_behavior_tree/minimal
[0.643s] -- Up-to-date symlink: /home/rover/kameyama_ws/install/ros2_behavior_tree/lib/ros2_behavior_tree/bt_executor
[0.643s] -- Up-to-date symlink: /home/rover/kameyama_ws/install/ros2_behavior_tree/lib/ros2_behavior_tree/bt_executor_bebop
[0.643s] -- Up-to-date symlink: /home/rover/kameyama_ws/install/ros2_behavior_tree/lib/ros2_behavior_tree/node
[0.643s] -- Up-to-date symlink: /home/rover/kameyama_ws/install/ros2_behavior_tree/lib/ros2_behavior_tree/custom_nodes
[0.643s] -- Up-to-date symlink: /home/rover/kameyama_ws/install/ros2_behavior_tree/lib/ros2_behavior_tree/action_server_node
[0.643s] -- Up-to-date symlink: /home/rover/kameyama_ws/install/ros2_behavior_tree/lib/ros2_behavior_tree/lifecycle_node
[0.644s] -- Up-to-date symlink: /home/rover/kameyama_ws/install/ros2_behavior_tree/lib/ros2_behavior_tree/action_server_lifecycle_node
[0.644s] -- Up-to-date symlink: /home/rover/kameyama_ws/install/ros2_behavior_tree/include//ros2_behavior_tree/action/BWorkNode.hpp
[0.644s] -- Up-to-date symlink: /home/rover/kameyama_ws/install/ros2_behavior_tree/include//ros2_behavior_tree/action/after_pick_node (コピー).hpp
[0.644s] -- Up-to-date symlink: /home/rover/kameyama_ws/install/ros2_behavior_tree/include//ros2_behavior_tree/action/after_pick_node.hpp
[0.644s] -- Up-to-date symlink: /home/rover/kameyama_ws/install/ros2_behavior_tree/include//ros2_behavior_tree/action/approach_node.hpp
[0.645s] -- Up-to-date symlink: /home/rover/kameyama_ws/install/ros2_behavior_tree/include//ros2_behavior_tree/action/async_wait_node.hpp
[0.645s] -- Up-to-date symlink: /home/rover/kameyama_ws/install/ros2_behavior_tree/include//ros2_behavior_tree/action/b_work_node.hpp
[0.645s] -- Up-to-date symlink: /home/rover/kameyama_ws/install/ros2_behavior_tree/include//ros2_behavior_tree/action/before_pick_node.hpp
[0.645s] -- Up-to-date symlink: /home/rover/kameyama_ws/install/ros2_behavior_tree/include//ros2_behavior_tree/action/calculate_and_receive_goal.hpp
[0.645s] -- Up-to-date symlink: /home/rover/kameyama_ws/install/ros2_behavior_tree/include//ros2_behavior_tree/action/calculate_goal (コピー).hpp
[0.645s] -- Up-to-date symlink: /home/rover/kameyama_ws/install/ros2_behavior_tree/include//ros2_behavior_tree/action/calculate_goal.hpp
[0.645s] -- Up-to-date symlink: /home/rover/kameyama_ws/install/ros2_behavior_tree/include//ros2_behavior_tree/action/camera_search.hpp
[0.645s] -- Up-to-date symlink: /home/rover/kameyama_ws/install/ros2_behavior_tree/include//ros2_behavior_tree/action/change_node_status.hpp
[0.645s] -- Up-to-date symlink: /home/rover/kameyama_ws/install/ros2_behavior_tree/include//ros2_behavior_tree/action/compute_path_to_pose_node (コピー).hpp
[0.645s] -- Up-to-date symlink: /home/rover/kameyama_ws/install/ros2_behavior_tree/include//ros2_behavior_tree/action/compute_path_to_pose_node.hpp
[0.645s] -- Up-to-date symlink: /home/rover/kameyama_ws/install/ros2_behavior_tree/include//ros2_behavior_tree/action/create_bt_gen_node.hpp
[0.645s] -- Up-to-date symlink: /home/rover/kameyama_ws/install/ros2_behavior_tree/include//ros2_behavior_tree/action/create_ros2_node.hpp
[0.645s] -- Up-to-date symlink: /home/rover/kameyama_ws/install/ros2_behavior_tree/include//ros2_behavior_tree/action/create_transform_buffer_node.hpp
[0.646s] -- Up-to-date symlink: /home/rover/kameyama_ws/install/ros2_behavior_tree/include//ros2_behavior_tree/action/follow_path_node.hpp
[0.646s] -- Up-to-date symlink: /home/rover/kameyama_ws/install/ros2_behavior_tree/include//ros2_behavior_tree/action/get_obj_node.hpp
[0.646s] -- Up-to-date symlink: /home/rover/kameyama_ws/install/ros2_behavior_tree/include//ros2_behavior_tree/action/get_poses_near_robot_node.hpp
[0.646s] -- Up-to-date symlink: /home/rover/kameyama_ws/install/ros2_behavior_tree/include//ros2_behavior_tree/action/marker_publisher_node.hpp
[0.646s] -- Up-to-date symlink: /home/rover/kameyama_ws/install/ros2_behavior_tree/include//ros2_behavior_tree/action/mecanum_move.hpp
[0.646s] -- Up-to-date symlink: /home/rover/kameyama_ws/install/ros2_behavior_tree/include//ros2_behavior_tree/action/mecanum_search.hpp
[0.646s] -- Up-to-date symlink: /home/rover/kameyama_ws/install/ros2_behavior_tree/include//ros2_behavior_tree/action/mecanum_spin.hpp
[0.646s] -- Up-to-date symlink: /home/rover/kameyama_ws/install/ros2_behavior_tree/include//ros2_behavior_tree/action/move_meca.hpp
[0.646s] -- Up-to-date symlink: /home/rover/kameyama_ws/install/ros2_behavior_tree/include//ros2_behavior_tree/action/navigate_to_pose_action.hpp
[0.646s] -- Up-to-date symlink: /home/rover/kameyama_ws/install/ros2_behavior_tree/include//ros2_behavior_tree/action/path_check_node.hpp
[0.646s] -- Up-to-date symlink: /home/rover/kameyama_ws/install/ros2_behavior_tree/include//ros2_behavior_tree/action/pick_amir.hpp
[0.646s] -- Up-to-date symlink: /home/rover/kameyama_ws/install/ros2_behavior_tree/include//ros2_behavior_tree/action/pick_node (別のコピー).hpp
[0.646s] -- Up-to-date symlink: /home/rover/kameyama_ws/install/ros2_behavior_tree/include//ros2_behavior_tree/action/pick_node.hpp
[0.647s] -- Up-to-date symlink: /home/rover/kameyama_ws/install/ros2_behavior_tree/include//ros2_behavior_tree/action/pick_using_d_optimality.hpp
[0.647s] -- Up-to-date symlink: /home/rover/kameyama_ws/install/ros2_behavior_tree/include//ros2_behavior_tree/action/place_amir.hpp
[0.647s] -- Up-to-date symlink: /home/rover/kameyama_ws/install/ros2_behavior_tree/include//ros2_behavior_tree/action/place_node.hpp
[0.647s] -- Up-to-date symlink: /home/rover/kameyama_ws/install/ros2_behavior_tree/include//ros2_behavior_tree/action/pure_pursuit_node.hpp
[0.647s] -- Up-to-date symlink: /home/rover/kameyama_ws/install/ros2_behavior_tree/include//ros2_behavior_tree/action/search_obj_node.hpp
[0.647s] -- Up-to-date symlink: /home/rover/kameyama_ws/install/ros2_behavior_tree/include//ros2_behavior_tree/action/set_multi_path.hpp
[0.647s] -- Up-to-date symlink: /home/rover/kameyama_ws/install/ros2_behavior_tree/include//ros2_behavior_tree/action/set_obj_cost_node.hpp
[0.647s] -- Up-to-date symlink: /home/rover/kameyama_ws/install/ros2_behavior_tree/include//ros2_behavior_tree/action/set_param (コピー).hpp
[0.647s] -- Up-to-date symlink: /home/rover/kameyama_ws/install/ros2_behavior_tree/include//ros2_behavior_tree/action/set_param.hpp
[0.647s] -- Up-to-date symlink: /home/rover/kameyama_ws/install/ros2_behavior_tree/include//ros2_behavior_tree/action/transform_pose_node.hpp
[0.647s] -- Up-to-date symlink: /home/rover/kameyama_ws/install/ros2_behavior_tree/include//ros2_behavior_tree/action/wait_action.hpp
[0.647s] -- Up-to-date symlink: /home/rover/kameyama_ws/install/ros2_behavior_tree/include//ros2_behavior_tree/behavior_tree.hpp
[0.647s] -- Up-to-date symlink: /home/rover/kameyama_ws/install/ros2_behavior_tree/include//ros2_behavior_tree/bt_action_node.hpp
[0.647s] -- Up-to-date symlink: /home/rover/kameyama_ws/install/ros2_behavior_tree/include//ros2_behavior_tree/bt_conversions.hpp
[0.648s] -- Up-to-date symlink: /home/rover/kameyama_ws/install/ros2_behavior_tree/include//ros2_behavior_tree/bt_service_node.hpp
[0.648s] -- Up-to-date symlink: /home/rover/kameyama_ws/install/ros2_behavior_tree/include//ros2_behavior_tree/bt_status_pub.hpp
[0.648s] -- Up-to-date symlink: /home/rover/kameyama_ws/install/ros2_behavior_tree/include//ros2_behavior_tree/condition/b_work_node.hpp
[0.648s] -- Up-to-date symlink: /home/rover/kameyama_ws/install/ros2_behavior_tree/include//ros2_behavior_tree/condition/can_transform_node.hpp
[0.648s] -- Up-to-date symlink: /home/rover/kameyama_ws/install/ros2_behavior_tree/include//ros2_behavior_tree/condition/check_help.hpp
[0.648s] -- Up-to-date symlink: /home/rover/kameyama_ws/install/ros2_behavior_tree/include//ros2_behavior_tree/condition/check_odom.hpp
[0.648s] -- Up-to-date symlink: /home/rover/kameyama_ws/install/ros2_behavior_tree/include//ros2_behavior_tree/condition/check_path_node.hpp
[0.648s] -- Up-to-date symlink: /home/rover/kameyama_ws/install/ros2_behavior_tree/include//ros2_behavior_tree/condition/check_vel.hpp
[0.648s] -- Up-to-date symlink: /home/rover/kameyama_ws/install/ros2_behavior_tree/include//ros2_behavior_tree/condition/close_to_node.hpp
[0.648s] -- Up-to-date symlink: /home/rover/kameyama_ws/install/ros2_behavior_tree/include//ros2_behavior_tree/condition/goal_updated_condition.hpp
[0.648s] -- Up-to-date symlink: /home/rover/kameyama_ws/install/ros2_behavior_tree/include//ros2_behavior_tree/condition/is_grasped_obj_node.hpp
[0.648s] -- Up-to-date symlink: /home/rover/kameyama_ws/install/ros2_behavior_tree/include//ros2_behavior_tree/condition/is_hand_free_node.hpp
[0.648s] -- Up-to-date symlink: /home/rover/kameyama_ws/install/ros2_behavior_tree/include//ros2_behavior_tree/condition/is_robot_close_node.hpp
[0.648s] -- Up-to-date symlink: /home/rover/kameyama_ws/install/ros2_behavior_tree/include//ros2_behavior_tree/condition/mecanum_check_space.hpp
[0.648s] -- Up-to-date symlink: /home/rover/kameyama_ws/install/ros2_behavior_tree/include//ros2_behavior_tree/condition/mecanum_search2.hpp
[0.649s] -- Up-to-date symlink: /home/rover/kameyama_ws/install/ros2_behavior_tree/include//ros2_behavior_tree/condition/receive_move_meca.hpp
[0.649s] -- Up-to-date symlink: /home/rover/kameyama_ws/install/ros2_behavior_tree/include//ros2_behavior_tree/condition/result_to_coordinate.hpp
[0.649s] -- Up-to-date symlink: /home/rover/kameyama_ws/install/ros2_behavior_tree/include//ros2_behavior_tree/condition/task_clear.hpp
[0.649s] -- Up-to-date symlink: /home/rover/kameyama_ws/install/ros2_behavior_tree/include//ros2_behavior_tree/control/first_result_node.hpp
[0.649s] -- Up-to-date symlink: /home/rover/kameyama_ws/install/ros2_behavior_tree/include//ros2_behavior_tree/control/pipeline_sequence_node.hpp
[0.649s] -- Up-to-date symlink: /home/rover/kameyama_ws/install/ros2_behavior_tree/include//ros2_behavior_tree/control/priority_fallback.hpp
[0.649s] -- Up-to-date symlink: /home/rover/kameyama_ws/install/ros2_behavior_tree/include//ros2_behavior_tree/control/priority_sequence.hpp
[0.649s] -- Up-to-date symlink: /home/rover/kameyama_ws/install/ros2_behavior_tree/include//ros2_behavior_tree/control/recovery_node.hpp
[0.649s] -- Up-to-date symlink: /home/rover/kameyama_ws/install/ros2_behavior_tree/include//ros2_behavior_tree/control/round_robin_node.hpp
[0.649s] -- Up-to-date symlink: /home/rover/kameyama_ws/install/ros2_behavior_tree/include//ros2_behavior_tree/decorator/distance_constraint_node.hpp
[0.649s] -- Up-to-date symlink: /home/rover/kameyama_ws/install/ros2_behavior_tree/include//ros2_behavior_tree/decorator/for_each_pose_node.hpp
[0.649s] -- Up-to-date symlink: /home/rover/kameyama_ws/install/ros2_behavior_tree/include//ros2_behavior_tree/decorator/forever_node.hpp
[0.649s] -- Up-to-date symlink: /home/rover/kameyama_ws/install/ros2_behavior_tree/include//ros2_behavior_tree/decorator/once_node.hpp
[0.649s] -- Up-to-date symlink: /home/rover/kameyama_ws/install/ros2_behavior_tree/include//ros2_behavior_tree/decorator/rate_controller.hpp
[0.650s] -- Up-to-date symlink: /home/rover/kameyama_ws/install/ros2_behavior_tree/include//ros2_behavior_tree/decorator/repeat_until_node.hpp
[0.650s] -- Up-to-date symlink: /home/rover/kameyama_ws/install/ros2_behavior_tree/include//ros2_behavior_tree/decorator/throttle_tick_rate_node.hpp
[0.650s] -- Up-to-date symlink: /home/rover/kameyama_ws/install/ros2_behavior_tree/include//ros2_behavior_tree/decorator/utility_choice.hpp
[0.650s] -- Up-to-date symlink: /home/rover/kameyama_ws/install/ros2_behavior_tree/include//ros2_behavior_tree/node_registrar.hpp
[0.650s] -- Up-to-date symlink: /home/rover/kameyama_ws/install/ros2_behavior_tree/include//ros2_behavior_tree/node_thread.hpp
[0.650s] -- Up-to-date symlink: /home/rover/kameyama_ws/install/ros2_behavior_tree/include//ros2_behavior_tree/ros2_action_client_node.hpp
[0.650s] -- Up-to-date symlink: /home/rover/kameyama_ws/install/ros2_behavior_tree/include//ros2_behavior_tree/ros2_async_service_client_node.hpp
[0.650s] -- Up-to-date symlink: /home/rover/kameyama_ws/install/ros2_behavior_tree/include//ros2_behavior_tree/ros2_service_client_node.hpp
[0.650s] -- Up-to-date symlink: /home/rover/kameyama_ws/install/ros2_behavior_tree/share/ros2_behavior_tree//launch/bt_executor2_launch.py
[0.650s] -- Up-to-date symlink: /home/rover/kameyama_ws/install/ros2_behavior_tree/share/ros2_behavior_tree//launch/bt_executor_anafi_launch.py
[0.650s] -- Up-to-date symlink: /home/rover/kameyama_ws/install/ros2_behavior_tree/share/ros2_behavior_tree//launch/bt_executor_bebop_launch.py
[0.650s] -- Up-to-date symlink: /home/rover/kameyama_ws/install/ros2_behavior_tree/share/ros2_behavior_tree//launch/bt_executor_launch.py
[0.650s] -- Up-to-date symlink: /home/rover/kameyama_ws/install/ros2_behavior_tree/share/ros2_behavior_tree//launch/bt_executor_mecanum_launch.py
[0.651s] -- Up-to-date symlink: /home/rover/kameyama_ws/install/ros2_behavior_tree/share/ros2_behavior_tree//launch/bt_executor_youbot_launch.py
[0.651s] -- Up-to-date symlink: /home/rover/kameyama_ws/install/ros2_behavior_tree/share/ros2_behavior_tree//launch/bt_generator_launch.py
[0.651s] -- Up-to-date symlink: /home/rover/kameyama_ws/install/ros2_behavior_tree/share/ros2_behavior_tree//launch/set_cost_around_point_launch.py
[0.651s] -- Up-to-date symlink: /home/rover/kameyama_ws/install/ros2_behavior_tree/share/ros2_behavior_tree//config/bt_nodes.yaml
[0.651s] -- Up-to-date symlink: /home/rover/kameyama_ws/install/ros2_behavior_tree/share/ros2_behavior_tree//config/bt_nodes2.yaml
[0.651s] -- Up-to-date symlink: /home/rover/kameyama_ws/install/ros2_behavior_tree/share/ros2_behavior_tree//config/bt_nodes_mecanum1.yaml
[0.651s] -- Up-to-date symlink: /home/rover/kameyama_ws/install/ros2_behavior_tree/share/ros2_behavior_tree//config/bt_nodes_youbot.yaml
[0.651s] -- Up-to-date symlink: /home/rover/kameyama_ws/install/ros2_behavior_tree/lib/libros2_behavior_tree.so
[0.651s] -- Up-to-date symlink: /home/rover/kameyama_ws/install/ros2_behavior_tree/lib/libcustom_test_nodes.so
[0.651s] -- Up-to-date symlink: /home/rover/kameyama_ws/install/ros2_behavior_tree/share/ros2_behavior_tree/environment/library_path.sh
[0.651s] -- Up-to-date symlink: /home/rover/kameyama_ws/install/ros2_behavior_tree/share/ros2_behavior_tree/environment/library_path.dsv
[0.652s] -- Up-to-date symlink: /home/rover/kameyama_ws/install/ros2_behavior_tree/share/ament_index/resource_index/package_run_dependencies/ros2_behavior_tree
[0.652s] -- Up-to-date symlink: /home/rover/kameyama_ws/install/ros2_behavior_tree/share/ament_index/resource_index/parent_prefix_path/ros2_behavior_tree
[0.652s] -- Up-to-date symlink: /home/rover/kameyama_ws/install/ros2_behavior_tree/share/ros2_behavior_tree/environment/ament_prefix_path.sh
[0.652s] -- Up-to-date symlink: /home/rover/kameyama_ws/install/ros2_behavior_tree/share/ros2_behavior_tree/environment/ament_prefix_path.dsv
[0.652s] -- Up-to-date symlink: /home/rover/kameyama_ws/install/ros2_behavior_tree/share/ros2_behavior_tree/environment/path.sh
[0.652s] -- Up-to-date symlink: /home/rover/kameyama_ws/install/ros2_behavior_tree/share/ros2_behavior_tree/environment/path.dsv
[0.652s] -- Up-to-date symlink: /home/rover/kameyama_ws/install/ros2_behavior_tree/share/ros2_behavior_tree/local_setup.bash
[0.652s] -- Up-to-date symlink: /home/rover/kameyama_ws/install/ros2_behavior_tree/share/ros2_behavior_tree/local_setup.sh
[0.652s] -- Up-to-date symlink: /home/rover/kameyama_ws/install/ros2_behavior_tree/share/ros2_behavior_tree/local_setup.zsh
[0.652s] -- Up-to-date symlink: /home/rover/kameyama_ws/install/ros2_behavior_tree/share/ros2_behavior_tree/local_setup.dsv
[0.652s] -- Symlinking: /home/rover/kameyama_ws/install/ros2_behavior_tree/share/ros2_behavior_tree/package.dsv
[0.665s] -- Up-to-date symlink: /home/rover/kameyama_ws/install/ros2_behavior_tree/share/ament_index/resource_index/packages/ros2_behavior_tree
[0.665s] -- Up-to-date symlink: /home/rover/kameyama_ws/install/ros2_behavior_tree/share/ros2_behavior_tree/cmake/ament_cmake_export_include_directories-extras.cmake
[0.665s] -- Up-to-date symlink: /home/rover/kameyama_ws/install/ros2_behavior_tree/share/ros2_behavior_tree/cmake/ament_cmake_export_libraries-extras.cmake
[0.666s] -- Up-to-date symlink: /home/rover/kameyama_ws/install/ros2_behavior_tree/share/ros2_behavior_tree/cmake/ament_cmake_export_dependencies-extras.cmake
[0.666s] -- Up-to-date symlink: /home/rover/kameyama_ws/install/ros2_behavior_tree/share/ros2_behavior_tree/cmake/ros2_behavior_treeConfig.cmake
[0.666s] -- Up-to-date symlink: /home/rover/kameyama_ws/install/ros2_behavior_tree/share/ros2_behavior_tree/cmake/ros2_behavior_treeConfig-version.cmake
[0.666s] -- Up-to-date symlink: /home/rover/kameyama_ws/install/ros2_behavior_tree/share/ros2_behavior_tree/package.xml
[0.668s] Invoked command in '/home/rover/kameyama_ws/build/ros2_behavior_tree' returned '0': CMAKE_PREFIX_PATH=/home/rover/kameyama_ws/install/failure_detection_msgs:/home/rover/kameyama_ws/install/observation_msgs:/home/rover/kameyama_ws/install/my_nav_msgs:/home/rover/kameyama_ws/install/behavior_tree_msgs:/home/rover/kameyama_ws/install/slam_toolbox:/home/rover/kameyama_ws/install/slam_gmapping:/home/rover/kameyama_ws/install/rviz_utility:/home/rover/kameyama_ws/install/ros2_behavior_tree:/home/rover/kameyama_ws/install/amir_operation:/home/rover/kameyama_ws/install/ros2_aruco_interfaces:/home/rover/kameyama_ws/install/openslam_gmapping:/home/rover/kameyama_ws/install/observation:/home/rover/kameyama_ws/install/my_utility:/home/rover/kameyama_ws/install/mecanum_navigation2:/home/rover/kameyama_ws/install/line_msg:/home/rover/kameyama_ws/install/joint_state_publisher_tutorial:/home/rover/kameyama_ws/install/emcl2:/home/rover/kameyama_ws/install/bebop_msgs:/home/rover/kameyama_ws/install/ar_track_alvar_msgs:/home/rover/kameyama_ws/install/amir_navigation:/home/rover/amir_basic_ws/install/image_pipeline:/home/rover/amir_basic_ws/install/stereo_image_proc:/home/rover/amir_basic_ws/install/image_proc:/home/rover/amir_basic_ws/install/tracetools_image_pipeline:/home/rover/amir_basic_ws/install/nav2_system_tests:/home/rover/amir_basic_ws/install/nav2_bringup:/home/rover/amir_basic_ws/install/navigation2:/home/rover/amir_basic_ws/install/nav2_smoother:/home/rover/amir_basic_ws/install/nav2_graceful_controller:/home/rover/amir_basic_ws/install/nav2_dwb_controller:/home/rover/amir_basic_ws/install/nav2_controller:/home/rover/amir_basic_ws/install/dwb_plugins:/home/rover/amir_basic_ws/install/dwb_critics:/home/rover/amir_basic_ws/install/dwb_core:/home/rover/amir_basic_ws/install/nav_2d_utils:/home/rover/amir_basic_ws/install/dwb_msgs:/home/rover/amir_basic_ws/install/nav_2d_msgs:/home/rover/amir_basic_ws/install/nav2_waypoint_follower:/home/rover/amir_basic_ws/install/nav2_theta_star_planner:/home/rover/amir_basic_ws/install/nav2_smac_planner:/home/rover/amir_basic_ws/install/nav2_rotation_shim_controller:/home/rover/amir_basic_ws/install/nav2_regulated_pure_pursuit_controller:/home/rover/amir_basic_ws/install/nav2_planner:/home/rover/amir_basic_ws/install/nav2_navfn_planner:/home/rover/amir_basic_ws/install/nav2_mppi_controller:/home/rover/amir_basic_ws/install/nav2_constrained_smoother:/home/rover/amir_basic_ws/install/nav2_bt_navigator:/home/rover/amir_basic_ws/install/nav2_behaviors:/home/rover/amir_basic_ws/install/nav2_core:/home/rover/amir_basic_ws/install/nav2_collision_monitor:/home/rover/amir_basic_ws/install/costmap_queue:/home/rover/amir_basic_ws/install/nav2_costmap_2d:/home/rover/amir_basic_ws/install/nav2_voxel_grid:/home/rover/amir_basic_ws/install/nav2_velocity_smoother:/home/rover/amir_basic_ws/install/nav2_rviz_plugins:/home/rover/amir_basic_ws/install/nav2_map_server:/home/rover/amir_basic_ws/install/nav2_lifecycle_manager:/home/rover/amir_basic_ws/install/nav2_behavior_tree:/home/rover/amir_basic_ws/install/nav2_amcl:/home/rover/amir_basic_ws/install/nav2_util:/home/rover/amir_basic_ws/install/nav2_msgs:/home/rover/amir_basic_ws/install/nav2_common:/home/rover/amir_basic_ws/install/micro_ros_setup:/home/rover/amir_basic_ws/install/micro_ros_agent:/home/rover/amir_basic_ws/install/micro_ros_msgs:/home/rover/amir_basic_ws/install/image_view:/home/rover/amir_basic_ws/install/image_rotate:/home/rover/amir_basic_ws/install/image_publisher:/home/rover/amir_basic_ws/install/depth_image_proc:/home/rover/amir_basic_ws/install/darknet_ros:/home/rover/amir_basic_ws/install/darknet_ros_msgs:/home/rover/amir_basic_ws/install/behaviortree_cpp:/home/rover/amir_basic_ws/install/amir_interfaces:/home/rover/kameyama_ws/install/ros2_aruco:/home/rover/kameyama_ws/install/failure_detection:/home/rover/kameyama_ws/install/bt_generator:/home/rover/amir_basic_ws/install/nav2_simple_commander:/home/rover/amir_basic_ws/install/camera_calibration:/opt/ros/humble LD_LIBRARY_PATH=/home/rover/kameyama_ws/install/failure_detection_msgs/lib:/home/rover/kameyama_ws/install/observation_msgs/lib:/home/rover/kameyama_ws/install/my_nav_msgs/lib:/home/rover/kameyama_ws/install/behavior_tree_msgs/lib:/home/rover/kameyama_ws/install/slam_toolbox/lib:/home/rover/kameyama_ws/install/ros2_behavior_tree/lib:/home/rover/kameyama_ws/install/ros2_aruco_interfaces/lib:/home/rover/kameyama_ws/install/openslam_gmapping/lib:/home/rover/kameyama_ws/install/line_msg/lib:/home/rover/kameyama_ws/install/bebop_msgs/lib:/home/rover/kameyama_ws/install/ar_track_alvar_msgs/lib:/home/rover/amir_basic_ws/install/stereo_image_proc/lib:/home/rover/amir_basic_ws/install/image_proc/lib:/home/rover/amir_basic_ws/install/tracetools_image_pipeline/lib:/home/rover/amir_basic_ws/install/nav2_smoother/lib:/home/rover/amir_basic_ws/install/nav2_graceful_controller/lib:/home/rover/amir_basic_ws/install/nav2_controller/lib:/home/rover/amir_basic_ws/install/dwb_plugins/lib:/home/rover/amir_basic_ws/install/dwb_critics/lib:/home/rover/amir_basic_ws/install/dwb_core/lib:/home/rover/amir_basic_ws/install/nav_2d_utils/lib:/home/rover/amir_basic_ws/install/dwb_msgs/lib:/home/rover/amir_basic_ws/install/nav_2d_msgs/lib:/home/rover/amir_basic_ws/install/nav2_waypoint_follower/lib:/home/rover/amir_basic_ws/install/nav2_theta_star_planner/lib:/home/rover/amir_basic_ws/install/nav2_smac_planner/lib:/home/rover/amir_basic_ws/install/nav2_rotation_shim_controller/lib:/home/rover/amir_basic_ws/install/nav2_regulated_pure_pursuit_controller/lib:/home/rover/amir_basic_ws/install/nav2_planner/lib:/home/rover/amir_basic_ws/install/nav2_navfn_planner/lib:/home/rover/amir_basic_ws/install/nav2_mppi_controller/lib:/home/rover/amir_basic_ws/install/nav2_constrained_smoother/lib:/home/rover/amir_basic_ws/install/nav2_bt_navigator/lib:/home/rover/amir_basic_ws/install/nav2_behaviors/lib:/home/rover/amir_basic_ws/install/nav2_collision_monitor/lib:/home/rover/amir_basic_ws/install/costmap_queue/lib:/home/rover/amir_basic_ws/install/nav2_costmap_2d/lib:/home/rover/amir_basic_ws/install/nav2_voxel_grid/lib:/home/rover/amir_basic_ws/install/nav2_velocity_smoother/lib:/home/rover/amir_basic_ws/install/nav2_rviz_plugins/lib:/home/rover/amir_basic_ws/install/nav2_map_server/lib:/home/rover/amir_basic_ws/install/nav2_lifecycle_manager/lib:/home/rover/amir_basic_ws/install/nav2_behavior_tree/lib:/home/rover/amir_basic_ws/install/nav2_amcl/lib:/home/rover/amir_basic_ws/install/nav2_util/lib:/home/rover/amir_basic_ws/install/nav2_msgs/lib:/home/rover/amir_basic_ws/install/micro_ros_agent/lib:/home/rover/amir_basic_ws/install/micro_ros_msgs/lib:/home/rover/amir_basic_ws/install/image_view/lib:/home/rover/amir_basic_ws/install/image_rotate/lib:/home/rover/amir_basic_ws/install/image_publisher/lib:/home/rover/amir_basic_ws/install/depth_image_proc/lib:/home/rover/amir_basic_ws/install/darknet_ros/lib:/home/rover/amir_basic_ws/install/darknet_ros_msgs/lib:/home/rover/amir_basic_ws/install/behaviortree_cpp/lib:/home/rover/amir_basic_ws/install/amir_interfaces/lib:/usr/lib/x86_64-linux-gnu/gazebo-11/plugins:/opt/ros/humble/opt/rviz_ogre_vendor/lib:/opt/ros/humble/lib/x86_64-linux-gnu:/opt/ros/humble/lib /usr/bin/cmake --install /home/rover/kameyama_ws/build/ros2_behavior_tree
