-- The C compiler identification is GNU 11.4.0
-- The CXX compiler identification is GNU 11.4.0
-- Detecting C compiler ABI info
-- Detecting C compiler ABI info - done
-- Check for working C compiler: /usr/bin/cc - skipped
-- Detecting C compile features
-- Detecting C compile features - done
-- Detecting CXX compiler ABI info
-- Detecting CXX compiler ABI info - done
-- Check for working CXX compiler: /usr/bin/c++ - skipped
-- Detecting CXX compile features
-- Detecting CXX compile features - done
-- Found ament_cmake: 1.3.11 (/opt/ros/humble/share/ament_cmake/cmake)
-- Found Python3: /usr/bin/python3 (found version "3.10.12") found components: Interpreter 
-- Override CMake install command with custom implementation using symlinks instead of copying resources
-- Found builtin_interfaces: 1.2.1 (/opt/ros/humble/share/builtin_interfaces/cmake)
-- Found rosidl_generator_c: 3.1.6 (/opt/ros/humble/share/rosidl_generator_c/cmake)
-- Found rosidl_adapter: 3.1.6 (/opt/ros/humble/share/rosidl_adapter/cmake)
-- Found rosidl_generator_cpp: 3.1.6 (/opt/ros/humble/share/rosidl_generator_cpp/cmake)
-- Using all available rosidl_typesupport_c: rosidl_typesupport_fastrtps_c;rosidl_typesupport_introspection_c
-- Using all available rosidl_typesupport_cpp: rosidl_typesupport_fastrtps_cpp;rosidl_typesupport_introspection_cpp
-- Found rosidl_default_generators: 1.2.0 (/opt/ros/humble/share/rosidl_default_generators/cmake)
-- Found action_msgs: 1.2.1 (/opt/ros/humble/share/action_msgs/cmake)
-- Found std_msgs: 4.2.4 (/opt/ros/humble/share/std_msgs/cmake)
-- Found visualization_msgs: 4.2.4 (/opt/ros/humble/share/visualization_msgs/cmake)
-- Found nav2_msgs: 1.1.17 (/home/rover/amir_basic_ws/install/nav2_msgs/share/nav2_msgs/cmake)
-- Found ament_cmake_ros: 0.10.0 (/opt/ros/humble/share/ament_cmake_ros/cmake)
-- Using all available rosidl_typesupport_c: rosidl_typesupport_fastrtps_c;rosidl_typesupport_introspection_c
-- Using all available rosidl_typesupport_cpp: rosidl_typesupport_fastrtps_cpp;rosidl_typesupport_introspection_cpp
-- Found PythonInterp: /usr/bin/python3 (found suitable version "3.10.12", minimum required is "3.6") 
-- Found python_cmake_module: 0.10.0 (/opt/ros/humble/share/python_cmake_module/cmake)
-- Found PythonLibs: /usr/lib/x86_64-linux-gnu/libpython3.10.so (found suitable version "3.10.12", minimum required is "3.5") 
-- Using PYTHON_EXECUTABLE: /usr/bin/python3
-- Using PYTHON_INCLUDE_DIRS: /usr/include/python3.10
-- Using PYTHON_LIBRARIES: /usr/lib/x86_64-linux-gnu/libpython3.10.so
-- Found PythonExtra: .so  
-- Configuring done
-- Generating done
-- Build files have been written to: /home/rover/kameyama_ws/build/my_nav_msgs
[  1%] [34m[1mGenerating C code for ROS interfaces[0m
[  3%] [34m[1mGenerating C++ code for ROS interfaces[0m
[  3%] Built target ament_cmake_python_symlink_my_nav_msgs
[  5%] [32mBuilding C object CMakeFiles/my_nav_msgs__rosidl_generator_c.dir/rosidl_generator_c/my_nav_msgs/msg/detail/path_with_condition__functions.c.o[0m
[  7%] [32mBuilding C object CMakeFiles/my_nav_msgs__rosidl_generator_c.dir/rosidl_generator_c/my_nav_msgs/msg/detail/path_info__functions.c.o[0m
[  9%] [32mBuilding C object CMakeFiles/my_nav_msgs__rosidl_generator_c.dir/rosidl_generator_c/my_nav_msgs/srv/detail/set_obj_cost__functions.c.o[0m
[ 10%] [32mBuilding C object CMakeFiles/my_nav_msgs__rosidl_generator_c.dir/rosidl_generator_c/my_nav_msgs/action/detail/compute_multi_path__functions.c.o[0m
[ 10%] Built target my_nav_msgs__cpp
[ 12%] [34m[1mGenerating C++ introspection for ROS interfaces[0m
[ 14%] [34m[1mGenerating C++ type support dispatch for ROS interfaces[0m
[ 16%] [34m[1mGenerating C++ type support for eProsima Fast-RTPS[0m
[ 18%] [32m[1mLinking C shared library libmy_nav_msgs__rosidl_generator_c.so[0m
running egg_info
creating my_nav_msgs.egg-info
[ 18%] Built target my_nav_msgs__rosidl_generator_c
[ 20%] [34m[1mGenerating C introspection for ROS interfaces[0m
[ 21%] [34m[1mGenerating C type support for eProsima Fast-RTPS[0m
[ 23%] [34m[1mGenerating C type support dispatch for ROS interfaces[0m
writing my_nav_msgs.egg-info/PKG-INFO
writing dependency_links to my_nav_msgs.egg-info/dependency_links.txt
[ 25%] [32mBuilding CXX object CMakeFiles/my_nav_msgs__rosidl_typesupport_cpp.dir/rosidl_typesupport_cpp/my_nav_msgs/msg/path_info__type_support.cpp.o[0m
[ 27%] [32mBuilding CXX object CMakeFiles/my_nav_msgs__rosidl_typesupport_cpp.dir/rosidl_typesupport_cpp/my_nav_msgs/srv/set_obj_cost__type_support.cpp.o[0m
[ 29%] [32mBuilding CXX object CMakeFiles/my_nav_msgs__rosidl_typesupport_cpp.dir/rosidl_typesupport_cpp/my_nav_msgs/msg/path_with_condition__type_support.cpp.o[0m
[ 30%] [32mBuilding CXX object CMakeFiles/my_nav_msgs__rosidl_typesupport_cpp.dir/rosidl_typesupport_cpp/my_nav_msgs/action/compute_multi_path__type_support.cpp.o[0m
writing top-level names to my_nav_msgs.egg-info/top_level.txt
writing manifest file 'my_nav_msgs.egg-info/SOURCES.txt'
[ 32%] [32mBuilding CXX object CMakeFiles/my_nav_msgs__rosidl_typesupport_introspection_cpp.dir/rosidl_typesupport_introspection_cpp/my_nav_msgs/msg/detail/path_with_condition__type_support.cpp.o[0m
[ 34%] [32mBuilding CXX object CMakeFiles/my_nav_msgs__rosidl_typesupport_introspection_cpp.dir/rosidl_typesupport_introspection_cpp/my_nav_msgs/msg/detail/path_info__type_support.cpp.o[0m
[ 36%] [32mBuilding CXX object CMakeFiles/my_nav_msgs__rosidl_typesupport_introspection_cpp.dir/rosidl_typesupport_introspection_cpp/my_nav_msgs/srv/detail/set_obj_cost__type_support.cpp.o[0m
[ 38%] [32mBuilding CXX object CMakeFiles/my_nav_msgs__rosidl_typesupport_fastrtps_cpp.dir/rosidl_typesupport_fastrtps_cpp/my_nav_msgs/msg/detail/dds_fastrtps/path_info__type_support.cpp.o[0m
reading manifest file 'my_nav_msgs.egg-info/SOURCES.txt'
writing manifest file 'my_nav_msgs.egg-info/SOURCES.txt'
[ 40%] [32mBuilding CXX object CMakeFiles/my_nav_msgs__rosidl_typesupport_c.dir/rosidl_typesupport_c/my_nav_msgs/msg/path_info__type_support.cpp.o[0m
[ 41%] [32mBuilding CXX object CMakeFiles/my_nav_msgs__rosidl_typesupport_fastrtps_cpp.dir/rosidl_typesupport_fastrtps_cpp/my_nav_msgs/msg/detail/dds_fastrtps/path_with_condition__type_support.cpp.o[0m
[ 41%] Built target ament_cmake_python_build_my_nav_msgs_egg
[ 43%] [32mBuilding CXX object CMakeFiles/my_nav_msgs__rosidl_typesupport_c.dir/rosidl_typesupport_c/my_nav_msgs/msg/path_with_condition__type_support.cpp.o[0m
[ 45%] [32mBuilding CXX object CMakeFiles/my_nav_msgs__rosidl_typesupport_c.dir/rosidl_typesupport_c/my_nav_msgs/srv/set_obj_cost__type_support.cpp.o[0m
[ 47%] [32mBuilding C object CMakeFiles/my_nav_msgs__rosidl_typesupport_introspection_c.dir/rosidl_typesupport_introspection_c/my_nav_msgs/msg/detail/path_info__type_support.c.o[0m
[ 49%] [32mBuilding CXX object CMakeFiles/my_nav_msgs__rosidl_typesupport_c.dir/rosidl_typesupport_c/my_nav_msgs/action/compute_multi_path__type_support.cpp.o[0m
[ 50%] [32mBuilding CXX object CMakeFiles/my_nav_msgs__rosidl_typesupport_introspection_cpp.dir/rosidl_typesupport_introspection_cpp/my_nav_msgs/action/detail/compute_multi_path__type_support.cpp.o[0m
[ 52%] [32mBuilding C object CMakeFiles/my_nav_msgs__rosidl_typesupport_introspection_c.dir/rosidl_typesupport_introspection_c/my_nav_msgs/msg/detail/path_with_condition__type_support.c.o[0m
[ 54%] [32mBuilding C object CMakeFiles/my_nav_msgs__rosidl_typesupport_introspection_c.dir/rosidl_typesupport_introspection_c/my_nav_msgs/srv/detail/set_obj_cost__type_support.c.o[0m
[ 56%] [32mBuilding C object CMakeFiles/my_nav_msgs__rosidl_typesupport_introspection_c.dir/rosidl_typesupport_introspection_c/my_nav_msgs/action/detail/compute_multi_path__type_support.c.o[0m
[ 58%] [32m[1mLinking CXX shared library libmy_nav_msgs__rosidl_typesupport_c.so[0m
[ 60%] [32mBuilding CXX object CMakeFiles/my_nav_msgs__rosidl_typesupport_fastrtps_cpp.dir/rosidl_typesupport_fastrtps_cpp/my_nav_msgs/srv/detail/dds_fastrtps/set_obj_cost__type_support.cpp.o[0m
[ 61%] [32mBuilding CXX object CMakeFiles/my_nav_msgs__rosidl_typesupport_fastrtps_cpp.dir/rosidl_typesupport_fastrtps_cpp/my_nav_msgs/action/detail/dds_fastrtps/compute_multi_path__type_support.cpp.o[0m
[ 63%] [32mBuilding CXX object CMakeFiles/my_nav_msgs__rosidl_typesupport_fastrtps_c.dir/rosidl_typesupport_fastrtps_c/my_nav_msgs/msg/detail/path_info__type_support_c.cpp.o[0m
[ 65%] [32m[1mLinking C shared library libmy_nav_msgs__rosidl_typesupport_introspection_c.so[0m
[ 67%] [32mBuilding CXX object CMakeFiles/my_nav_msgs__rosidl_typesupport_fastrtps_c.dir/rosidl_typesupport_fastrtps_c/my_nav_msgs/msg/detail/path_with_condition__type_support_c.cpp.o[0m
[ 67%] Built target my_nav_msgs__rosidl_typesupport_c
[ 69%] [32mBuilding CXX object CMakeFiles/my_nav_msgs__rosidl_typesupport_fastrtps_c.dir/rosidl_typesupport_fastrtps_c/my_nav_msgs/srv/detail/set_obj_cost__type_support_c.cpp.o[0m
[ 70%] [32m[1mLinking CXX shared library libmy_nav_msgs__rosidl_typesupport_cpp.so[0m
[ 70%] Built target my_nav_msgs__rosidl_typesupport_introspection_c
[ 72%] [32mBuilding CXX object CMakeFiles/my_nav_msgs__rosidl_typesupport_fastrtps_c.dir/rosidl_typesupport_fastrtps_c/my_nav_msgs/action/detail/compute_multi_path__type_support_c.cpp.o[0m
[ 72%] Built target my_nav_msgs__rosidl_typesupport_cpp
[ 74%] [32m[1mLinking CXX shared library libmy_nav_msgs__rosidl_typesupport_fastrtps_c.so[0m
[ 74%] Built target my_nav_msgs__rosidl_typesupport_fastrtps_c
[ 76%] [32m[1mLinking CXX shared library libmy_nav_msgs__rosidl_typesupport_introspection_cpp.so[0m
[ 78%] [32m[1mLinking CXX shared library libmy_nav_msgs__rosidl_typesupport_fastrtps_cpp.so[0m
[ 78%] Built target my_nav_msgs__rosidl_typesupport_introspection_cpp
[ 78%] Built target my_nav_msgs__rosidl_typesupport_fastrtps_cpp
[ 78%] Built target my_nav_msgs
[ 80%] [34m[1mGenerating Python code for ROS interfaces[0m
[ 80%] Built target my_nav_msgs__py
[ 81%] [32mBuilding C object CMakeFiles/my_nav_msgs__rosidl_generator_py.dir/rosidl_generator_py/my_nav_msgs/msg/_path_info_s.c.o[0m
[ 83%] [32mBuilding C object CMakeFiles/my_nav_msgs__rosidl_generator_py.dir/rosidl_generator_py/my_nav_msgs/srv/_set_obj_cost_s.c.o[0m
[ 85%] [32mBuilding C object CMakeFiles/my_nav_msgs__rosidl_generator_py.dir/rosidl_generator_py/my_nav_msgs/action/_compute_multi_path_s.c.o[0m
[ 87%] [32mBuilding C object CMakeFiles/my_nav_msgs__rosidl_generator_py.dir/rosidl_generator_py/my_nav_msgs/msg/_path_with_condition_s.c.o[0m
[ 89%] [32m[1mLinking C shared library rosidl_generator_py/my_nav_msgs/libmy_nav_msgs__rosidl_generator_py.so[0m
[ 89%] Built target my_nav_msgs__rosidl_generator_py
[ 90%] [32mBuilding C object CMakeFiles/my_nav_msgs__rosidl_typesupport_introspection_c__pyext.dir/rosidl_generator_py/my_nav_msgs/_my_nav_msgs_s.ep.rosidl_typesupport_introspection_c.c.o[0m
[ 92%] [32mBuilding C object CMakeFiles/my_nav_msgs__rosidl_typesupport_c__pyext.dir/rosidl_generator_py/my_nav_msgs/_my_nav_msgs_s.ep.rosidl_typesupport_c.c.o[0m
[ 94%] [32mBuilding C object CMakeFiles/my_nav_msgs__rosidl_typesupport_fastrtps_c__pyext.dir/rosidl_generator_py/my_nav_msgs/_my_nav_msgs_s.ep.rosidl_typesupport_fastrtps_c.c.o[0m
[ 96%] [32m[1mLinking C shared library rosidl_generator_py/my_nav_msgs/my_nav_msgs_s__rosidl_typesupport_c.cpython-310-x86_64-linux-gnu.so[0m
[ 98%] [32m[1mLinking C shared library rosidl_generator_py/my_nav_msgs/my_nav_msgs_s__rosidl_typesupport_introspection_c.cpython-310-x86_64-linux-gnu.so[0m
[100%] [32m[1mLinking C shared library rosidl_generator_py/my_nav_msgs/my_nav_msgs_s__rosidl_typesupport_fastrtps_c.cpython-310-x86_64-linux-gnu.so[0m
[100%] Built target my_nav_msgs__rosidl_typesupport_c__pyext
[100%] Built target my_nav_msgs__rosidl_typesupport_introspection_c__pyext
[100%] Built target my_nav_msgs__rosidl_typesupport_fastrtps_c__pyext
-- Install configuration: ""
-- Execute custom install script
-- Symlinking: /home/rover/kameyama_ws/install/my_nav_msgs/share/ament_index/resource_index/rosidl_interfaces/my_nav_msgs
-- Symlinking: /home/rover/kameyama_ws/install/my_nav_msgs/include/my_nav_msgs/my_nav_msgs/action/compute_multi_path.h
-- Symlinking: /home/rover/kameyama_ws/install/my_nav_msgs/include/my_nav_msgs/my_nav_msgs/action/detail/compute_multi_path__functions.h
-- Symlinking: /home/rover/kameyama_ws/install/my_nav_msgs/include/my_nav_msgs/my_nav_msgs/action/detail/compute_multi_path__struct.h
-- Symlinking: /home/rover/kameyama_ws/install/my_nav_msgs/include/my_nav_msgs/my_nav_msgs/action/detail/compute_multi_path__type_support.h
-- Symlinking: /home/rover/kameyama_ws/install/my_nav_msgs/include/my_nav_msgs/my_nav_msgs/msg/detail/path_info__functions.h
-- Symlinking: /home/rover/kameyama_ws/install/my_nav_msgs/include/my_nav_msgs/my_nav_msgs/msg/detail/path_info__struct.h
-- Symlinking: /home/rover/kameyama_ws/install/my_nav_msgs/include/my_nav_msgs/my_nav_msgs/msg/detail/path_info__type_support.h
-- Symlinking: /home/rover/kameyama_ws/install/my_nav_msgs/include/my_nav_msgs/my_nav_msgs/msg/detail/path_with_condition__functions.h
-- Symlinking: /home/rover/kameyama_ws/install/my_nav_msgs/include/my_nav_msgs/my_nav_msgs/msg/detail/path_with_condition__struct.h
-- Symlinking: /home/rover/kameyama_ws/install/my_nav_msgs/include/my_nav_msgs/my_nav_msgs/msg/detail/path_with_condition__type_support.h
-- Symlinking: /home/rover/kameyama_ws/install/my_nav_msgs/include/my_nav_msgs/my_nav_msgs/msg/path_info.h
-- Symlinking: /home/rover/kameyama_ws/install/my_nav_msgs/include/my_nav_msgs/my_nav_msgs/msg/path_with_condition.h
-- Symlinking: /home/rover/kameyama_ws/install/my_nav_msgs/include/my_nav_msgs/my_nav_msgs/msg/rosidl_generator_c__visibility_control.h
-- Symlinking: /home/rover/kameyama_ws/install/my_nav_msgs/include/my_nav_msgs/my_nav_msgs/srv/detail/set_obj_cost__functions.h
-- Symlinking: /home/rover/kameyama_ws/install/my_nav_msgs/include/my_nav_msgs/my_nav_msgs/srv/detail/set_obj_cost__struct.h
-- Symlinking: /home/rover/kameyama_ws/install/my_nav_msgs/include/my_nav_msgs/my_nav_msgs/srv/detail/set_obj_cost__type_support.h
-- Symlinking: /home/rover/kameyama_ws/install/my_nav_msgs/include/my_nav_msgs/my_nav_msgs/srv/set_obj_cost.h
-- Symlinking: /home/rover/kameyama_ws/install/my_nav_msgs/share/my_nav_msgs/environment/library_path.sh
-- Symlinking: /home/rover/kameyama_ws/install/my_nav_msgs/share/my_nav_msgs/environment/library_path.dsv
-- Symlinking: /home/rover/kameyama_ws/install/my_nav_msgs/include/my_nav_msgs/my_nav_msgs/action/detail/compute_multi_path__rosidl_typesupport_fastrtps_c.h
-- Symlinking: /home/rover/kameyama_ws/install/my_nav_msgs/include/my_nav_msgs/my_nav_msgs/msg/detail/path_info__rosidl_typesupport_fastrtps_c.h
-- Symlinking: /home/rover/kameyama_ws/install/my_nav_msgs/include/my_nav_msgs/my_nav_msgs/msg/detail/path_with_condition__rosidl_typesupport_fastrtps_c.h
-- Symlinking: /home/rover/kameyama_ws/install/my_nav_msgs/include/my_nav_msgs/my_nav_msgs/msg/rosidl_typesupport_fastrtps_c__visibility_control.h
-- Symlinking: /home/rover/kameyama_ws/install/my_nav_msgs/include/my_nav_msgs/my_nav_msgs/srv/detail/set_obj_cost__rosidl_typesupport_fastrtps_c.h
-- Symlinking: /home/rover/kameyama_ws/install/my_nav_msgs/include/my_nav_msgs/my_nav_msgs/action/compute_multi_path.hpp
-- Symlinking: /home/rover/kameyama_ws/install/my_nav_msgs/include/my_nav_msgs/my_nav_msgs/action/detail/compute_multi_path__builder.hpp
-- Symlinking: /home/rover/kameyama_ws/install/my_nav_msgs/include/my_nav_msgs/my_nav_msgs/action/detail/compute_multi_path__struct.hpp
-- Symlinking: /home/rover/kameyama_ws/install/my_nav_msgs/include/my_nav_msgs/my_nav_msgs/action/detail/compute_multi_path__traits.hpp
-- Symlinking: /home/rover/kameyama_ws/install/my_nav_msgs/include/my_nav_msgs/my_nav_msgs/action/detail/compute_multi_path__type_support.hpp
-- Symlinking: /home/rover/kameyama_ws/install/my_nav_msgs/include/my_nav_msgs/my_nav_msgs/msg/detail/path_info__builder.hpp
-- Symlinking: /home/rover/kameyama_ws/install/my_nav_msgs/include/my_nav_msgs/my_nav_msgs/msg/detail/path_info__struct.hpp
-- Symlinking: /home/rover/kameyama_ws/install/my_nav_msgs/include/my_nav_msgs/my_nav_msgs/msg/detail/path_info__traits.hpp
-- Symlinking: /home/rover/kameyama_ws/install/my_nav_msgs/include/my_nav_msgs/my_nav_msgs/msg/detail/path_info__type_support.hpp
-- Symlinking: /home/rover/kameyama_ws/install/my_nav_msgs/include/my_nav_msgs/my_nav_msgs/msg/detail/path_with_condition__builder.hpp
-- Symlinking: /home/rover/kameyama_ws/install/my_nav_msgs/include/my_nav_msgs/my_nav_msgs/msg/detail/path_with_condition__struct.hpp
-- Symlinking: /home/rover/kameyama_ws/install/my_nav_msgs/include/my_nav_msgs/my_nav_msgs/msg/detail/path_with_condition__traits.hpp
-- Symlinking: /home/rover/kameyama_ws/install/my_nav_msgs/include/my_nav_msgs/my_nav_msgs/msg/detail/path_with_condition__type_support.hpp
-- Symlinking: /home/rover/kameyama_ws/install/my_nav_msgs/include/my_nav_msgs/my_nav_msgs/msg/path_info.hpp
-- Symlinking: /home/rover/kameyama_ws/install/my_nav_msgs/include/my_nav_msgs/my_nav_msgs/msg/path_with_condition.hpp
-- Symlinking: /home/rover/kameyama_ws/install/my_nav_msgs/include/my_nav_msgs/my_nav_msgs/msg/rosidl_generator_cpp__visibility_control.hpp
-- Symlinking: /home/rover/kameyama_ws/install/my_nav_msgs/include/my_nav_msgs/my_nav_msgs/srv/detail/set_obj_cost__builder.hpp
-- Symlinking: /home/rover/kameyama_ws/install/my_nav_msgs/include/my_nav_msgs/my_nav_msgs/srv/detail/set_obj_cost__struct.hpp
-- Symlinking: /home/rover/kameyama_ws/install/my_nav_msgs/include/my_nav_msgs/my_nav_msgs/srv/detail/set_obj_cost__traits.hpp
-- Symlinking: /home/rover/kameyama_ws/install/my_nav_msgs/include/my_nav_msgs/my_nav_msgs/srv/detail/set_obj_cost__type_support.hpp
-- Symlinking: /home/rover/kameyama_ws/install/my_nav_msgs/include/my_nav_msgs/my_nav_msgs/srv/set_obj_cost.hpp
-- Symlinking: /home/rover/kameyama_ws/install/my_nav_msgs/include/my_nav_msgs/my_nav_msgs/action/detail/compute_multi_path__rosidl_typesupport_fastrtps_cpp.hpp
-- Symlinking: /home/rover/kameyama_ws/install/my_nav_msgs/include/my_nav_msgs/my_nav_msgs/msg/detail/path_info__rosidl_typesupport_fastrtps_cpp.hpp
-- Symlinking: /home/rover/kameyama_ws/install/my_nav_msgs/include/my_nav_msgs/my_nav_msgs/msg/detail/path_with_condition__rosidl_typesupport_fastrtps_cpp.hpp
-- Symlinking: /home/rover/kameyama_ws/install/my_nav_msgs/include/my_nav_msgs/my_nav_msgs/msg/rosidl_typesupport_fastrtps_cpp__visibility_control.h
-- Symlinking: /home/rover/kameyama_ws/install/my_nav_msgs/include/my_nav_msgs/my_nav_msgs/srv/detail/set_obj_cost__rosidl_typesupport_fastrtps_cpp.hpp
-- Symlinking: /home/rover/kameyama_ws/install/my_nav_msgs/include/my_nav_msgs/my_nav_msgs/action/detail/compute_multi_path__rosidl_typesupport_introspection_c.h
-- Symlinking: /home/rover/kameyama_ws/install/my_nav_msgs/include/my_nav_msgs/my_nav_msgs/msg/detail/path_info__rosidl_typesupport_introspection_c.h
-- Symlinking: /home/rover/kameyama_ws/install/my_nav_msgs/include/my_nav_msgs/my_nav_msgs/msg/detail/path_with_condition__rosidl_typesupport_introspection_c.h
-- Symlinking: /home/rover/kameyama_ws/install/my_nav_msgs/include/my_nav_msgs/my_nav_msgs/msg/rosidl_typesupport_introspection_c__visibility_control.h
-- Symlinking: /home/rover/kameyama_ws/install/my_nav_msgs/include/my_nav_msgs/my_nav_msgs/srv/detail/set_obj_cost__rosidl_typesupport_introspection_c.h
-- Symlinking: /home/rover/kameyama_ws/install/my_nav_msgs/include/my_nav_msgs/my_nav_msgs/action/detail/compute_multi_path__rosidl_typesupport_introspection_cpp.hpp
-- Symlinking: /home/rover/kameyama_ws/install/my_nav_msgs/include/my_nav_msgs/my_nav_msgs/msg/detail/path_info__rosidl_typesupport_introspection_cpp.hpp
-- Symlinking: /home/rover/kameyama_ws/install/my_nav_msgs/include/my_nav_msgs/my_nav_msgs/msg/detail/path_with_condition__rosidl_typesupport_introspection_cpp.hpp
-- Symlinking: /home/rover/kameyama_ws/install/my_nav_msgs/include/my_nav_msgs/my_nav_msgs/srv/detail/set_obj_cost__rosidl_typesupport_introspection_cpp.hpp
-- Symlinking: /home/rover/kameyama_ws/install/my_nav_msgs/share/my_nav_msgs/environment/pythonpath.sh
-- Symlinking: /home/rover/kameyama_ws/install/my_nav_msgs/share/my_nav_msgs/environment/pythonpath.dsv
-- Symlinking: /home/rover/kameyama_ws/install/my_nav_msgs/local/lib/python3.10/dist-packages/my_nav_msgs-0.1.0-py3.10.egg-info/PKG-INFO
-- Symlinking: /home/rover/kameyama_ws/install/my_nav_msgs/local/lib/python3.10/dist-packages/my_nav_msgs-0.1.0-py3.10.egg-info/SOURCES.txt
-- Symlinking: /home/rover/kameyama_ws/install/my_nav_msgs/local/lib/python3.10/dist-packages/my_nav_msgs-0.1.0-py3.10.egg-info/dependency_links.txt
-- Symlinking: /home/rover/kameyama_ws/install/my_nav_msgs/local/lib/python3.10/dist-packages/my_nav_msgs-0.1.0-py3.10.egg-info/top_level.txt
-- Symlinking: /home/rover/kameyama_ws/install/my_nav_msgs/local/lib/python3.10/dist-packages/my_nav_msgs/__init__.py
-- Symlinking: /home/rover/kameyama_ws/install/my_nav_msgs/local/lib/python3.10/dist-packages/my_nav_msgs/_my_nav_msgs_s.ep.rosidl_typesupport_c.c
-- Symlinking: /home/rover/kameyama_ws/install/my_nav_msgs/local/lib/python3.10/dist-packages/my_nav_msgs/_my_nav_msgs_s.ep.rosidl_typesupport_fastrtps_c.c
-- Symlinking: /home/rover/kameyama_ws/install/my_nav_msgs/local/lib/python3.10/dist-packages/my_nav_msgs/_my_nav_msgs_s.ep.rosidl_typesupport_introspection_c.c
-- Symlinking: /home/rover/kameyama_ws/install/my_nav_msgs/local/lib/python3.10/dist-packages/my_nav_msgs/action/__init__.py
-- Symlinking: /home/rover/kameyama_ws/install/my_nav_msgs/local/lib/python3.10/dist-packages/my_nav_msgs/action/_compute_multi_path.py
-- Symlinking: /home/rover/kameyama_ws/install/my_nav_msgs/local/lib/python3.10/dist-packages/my_nav_msgs/action/_compute_multi_path_s.c
-- Symlinking: /home/rover/kameyama_ws/install/my_nav_msgs/local/lib/python3.10/dist-packages/my_nav_msgs/libmy_nav_msgs__rosidl_generator_py.so
-- Symlinking: /home/rover/kameyama_ws/install/my_nav_msgs/local/lib/python3.10/dist-packages/my_nav_msgs/msg/__init__.py
-- Symlinking: /home/rover/kameyama_ws/install/my_nav_msgs/local/lib/python3.10/dist-packages/my_nav_msgs/msg/_path_info.py
-- Symlinking: /home/rover/kameyama_ws/install/my_nav_msgs/local/lib/python3.10/dist-packages/my_nav_msgs/msg/_path_info_s.c
-- Symlinking: /home/rover/kameyama_ws/install/my_nav_msgs/local/lib/python3.10/dist-packages/my_nav_msgs/msg/_path_with_condition.py
-- Symlinking: /home/rover/kameyama_ws/install/my_nav_msgs/local/lib/python3.10/dist-packages/my_nav_msgs/msg/_path_with_condition_s.c
-- Symlinking: /home/rover/kameyama_ws/install/my_nav_msgs/local/lib/python3.10/dist-packages/my_nav_msgs/my_nav_msgs_s__rosidl_typesupport_c.cpython-310-x86_64-linux-gnu.so
-- Symlinking: /home/rover/kameyama_ws/install/my_nav_msgs/local/lib/python3.10/dist-packages/my_nav_msgs/my_nav_msgs_s__rosidl_typesupport_fastrtps_c.cpython-310-x86_64-linux-gnu.so
-- Symlinking: /home/rover/kameyama_ws/install/my_nav_msgs/local/lib/python3.10/dist-packages/my_nav_msgs/my_nav_msgs_s__rosidl_typesupport_introspection_c.cpython-310-x86_64-linux-gnu.so
-- Symlinking: /home/rover/kameyama_ws/install/my_nav_msgs/local/lib/python3.10/dist-packages/my_nav_msgs/srv/__init__.py
-- Symlinking: /home/rover/kameyama_ws/install/my_nav_msgs/local/lib/python3.10/dist-packages/my_nav_msgs/srv/_set_obj_cost.py
-- Symlinking: /home/rover/kameyama_ws/install/my_nav_msgs/local/lib/python3.10/dist-packages/my_nav_msgs/srv/_set_obj_cost_s.c
-- Up-to-date symlink: /home/rover/kameyama_ws/install/my_nav_msgs/local/lib/python3.10/dist-packages/my_nav_msgs/my_nav_msgs_s__rosidl_typesupport_fastrtps_c.cpython-310-x86_64-linux-gnu.so
-- Up-to-date symlink: /home/rover/kameyama_ws/install/my_nav_msgs/local/lib/python3.10/dist-packages/my_nav_msgs/my_nav_msgs_s__rosidl_typesupport_introspection_c.cpython-310-x86_64-linux-gnu.so
-- Up-to-date symlink: /home/rover/kameyama_ws/install/my_nav_msgs/local/lib/python3.10/dist-packages/my_nav_msgs/my_nav_msgs_s__rosidl_typesupport_c.cpython-310-x86_64-linux-gnu.so
-- Symlinking: /home/rover/kameyama_ws/install/my_nav_msgs/share/my_nav_msgs/msg/PathInfo.idl
-- Symlinking: /home/rover/kameyama_ws/install/my_nav_msgs/share/my_nav_msgs/msg/PathWithCondition.idl
-- Symlinking: /home/rover/kameyama_ws/install/my_nav_msgs/share/my_nav_msgs/srv/SetObjCost.idl
-- Symlinking: /home/rover/kameyama_ws/install/my_nav_msgs/share/my_nav_msgs/action/ComputeMultiPath.idl
-- Symlinking: /home/rover/kameyama_ws/install/my_nav_msgs/share/my_nav_msgs/msg/PathInfo.msg
-- Symlinking: /home/rover/kameyama_ws/install/my_nav_msgs/share/my_nav_msgs/msg/PathWithCondition.msg
-- Symlinking: /home/rover/kameyama_ws/install/my_nav_msgs/share/my_nav_msgs/srv/SetObjCost.srv
-- Symlinking: /home/rover/kameyama_ws/install/my_nav_msgs/share/my_nav_msgs/srv/SetObjCost_Request.msg
-- Symlinking: /home/rover/kameyama_ws/install/my_nav_msgs/share/my_nav_msgs/srv/SetObjCost_Response.msg
-- Symlinking: /home/rover/kameyama_ws/install/my_nav_msgs/share/my_nav_msgs/action/ComputeMultiPath.action
-- Symlinking: /home/rover/kameyama_ws/install/my_nav_msgs/share/ament_index/resource_index/package_run_dependencies/my_nav_msgs
-- Symlinking: /home/rover/kameyama_ws/install/my_nav_msgs/share/ament_index/resource_index/parent_prefix_path/my_nav_msgs
-- Symlinking: /home/rover/kameyama_ws/install/my_nav_msgs/share/my_nav_msgs/environment/ament_prefix_path.sh
-- Symlinking: /home/rover/kameyama_ws/install/my_nav_msgs/share/my_nav_msgs/environment/ament_prefix_path.dsv
-- Symlinking: /home/rover/kameyama_ws/install/my_nav_msgs/share/my_nav_msgs/environment/path.sh
-- Symlinking: /home/rover/kameyama_ws/install/my_nav_msgs/share/my_nav_msgs/environment/path.dsv
-- Symlinking: /home/rover/kameyama_ws/install/my_nav_msgs/share/my_nav_msgs/local_setup.bash
-- Symlinking: /home/rover/kameyama_ws/install/my_nav_msgs/share/my_nav_msgs/local_setup.sh
-- Symlinking: /home/rover/kameyama_ws/install/my_nav_msgs/share/my_nav_msgs/local_setup.zsh
-- Symlinking: /home/rover/kameyama_ws/install/my_nav_msgs/share/my_nav_msgs/local_setup.dsv
-- Symlinking: /home/rover/kameyama_ws/install/my_nav_msgs/share/my_nav_msgs/package.dsv
-- Symlinking: /home/rover/kameyama_ws/install/my_nav_msgs/share/ament_index/resource_index/packages/my_nav_msgs
-- Symlinking: /home/rover/kameyama_ws/install/my_nav_msgs/share/my_nav_msgs/cmake/rosidl_cmake-extras.cmake
-- Symlinking: /home/rover/kameyama_ws/install/my_nav_msgs/share/my_nav_msgs/cmake/ament_cmake_export_dependencies-extras.cmake
-- Symlinking: /home/rover/kameyama_ws/install/my_nav_msgs/share/my_nav_msgs/cmake/ament_cmake_export_include_directories-extras.cmake
-- Symlinking: /home/rover/kameyama_ws/install/my_nav_msgs/share/my_nav_msgs/cmake/ament_cmake_export_libraries-extras.cmake
-- Symlinking: /home/rover/kameyama_ws/install/my_nav_msgs/share/my_nav_msgs/cmake/ament_cmake_export_targets-extras.cmake
-- Symlinking: /home/rover/kameyama_ws/install/my_nav_msgs/share/my_nav_msgs/cmake/rosidl_cmake_export_typesupport_targets-extras.cmake
-- Symlinking: /home/rover/kameyama_ws/install/my_nav_msgs/share/my_nav_msgs/cmake/rosidl_cmake_export_typesupport_libraries-extras.cmake
-- Symlinking: /home/rover/kameyama_ws/install/my_nav_msgs/share/my_nav_msgs/cmake/my_nav_msgsConfig.cmake
-- Symlinking: /home/rover/kameyama_ws/install/my_nav_msgs/share/my_nav_msgs/cmake/my_nav_msgsConfig-version.cmake
-- Symlinking: /home/rover/kameyama_ws/install/my_nav_msgs/share/my_nav_msgs/package.xml
-- Installing: /home/rover/kameyama_ws/install/my_nav_msgs/lib/libmy_nav_msgs__rosidl_generator_c.so
-- Set runtime path of "/home/rover/kameyama_ws/install/my_nav_msgs/lib/libmy_nav_msgs__rosidl_generator_c.so" to ""
-- Installing: /home/rover/kameyama_ws/install/my_nav_msgs/lib/libmy_nav_msgs__rosidl_typesupport_fastrtps_c.so
-- Set runtime path of "/home/rover/kameyama_ws/install/my_nav_msgs/lib/libmy_nav_msgs__rosidl_typesupport_fastrtps_c.so" to ""
-- Installing: /home/rover/kameyama_ws/install/my_nav_msgs/lib/libmy_nav_msgs__rosidl_typesupport_fastrtps_cpp.so
-- Set runtime path of "/home/rover/kameyama_ws/install/my_nav_msgs/lib/libmy_nav_msgs__rosidl_typesupport_fastrtps_cpp.so" to ""
-- Installing: /home/rover/kameyama_ws/install/my_nav_msgs/lib/libmy_nav_msgs__rosidl_typesupport_introspection_c.so
-- Set runtime path of "/home/rover/kameyama_ws/install/my_nav_msgs/lib/libmy_nav_msgs__rosidl_typesupport_introspection_c.so" to ""
-- Installing: /home/rover/kameyama_ws/install/my_nav_msgs/lib/libmy_nav_msgs__rosidl_typesupport_c.so
-- Set runtime path of "/home/rover/kameyama_ws/install/my_nav_msgs/lib/libmy_nav_msgs__rosidl_typesupport_c.so" to ""
-- Installing: /home/rover/kameyama_ws/install/my_nav_msgs/lib/libmy_nav_msgs__rosidl_typesupport_introspection_cpp.so
-- Set runtime path of "/home/rover/kameyama_ws/install/my_nav_msgs/lib/libmy_nav_msgs__rosidl_typesupport_introspection_cpp.so" to ""
-- Installing: /home/rover/kameyama_ws/install/my_nav_msgs/lib/libmy_nav_msgs__rosidl_typesupport_cpp.so
-- Set runtime path of "/home/rover/kameyama_ws/install/my_nav_msgs/lib/libmy_nav_msgs__rosidl_typesupport_cpp.so" to ""
Listing '/home/rover/kameyama_ws/install/my_nav_msgs/local/lib/python3.10/dist-packages/my_nav_msgs'...
Compiling '/home/rover/kameyama_ws/install/my_nav_msgs/local/lib/python3.10/dist-packages/my_nav_msgs/__init__.py'...
Listing '/home/rover/kameyama_ws/install/my_nav_msgs/local/lib/python3.10/dist-packages/my_nav_msgs/action'...
Compiling '/home/rover/kameyama_ws/install/my_nav_msgs/local/lib/python3.10/dist-packages/my_nav_msgs/action/__init__.py'...
Compiling '/home/rover/kameyama_ws/install/my_nav_msgs/local/lib/python3.10/dist-packages/my_nav_msgs/action/_compute_multi_path.py'...
Listing '/home/rover/kameyama_ws/install/my_nav_msgs/local/lib/python3.10/dist-packages/my_nav_msgs/msg'...
Compiling '/home/rover/kameyama_ws/install/my_nav_msgs/local/lib/python3.10/dist-packages/my_nav_msgs/msg/__init__.py'...
Compiling '/home/rover/kameyama_ws/install/my_nav_msgs/local/lib/python3.10/dist-packages/my_nav_msgs/msg/_path_info.py'...
Compiling '/home/rover/kameyama_ws/install/my_nav_msgs/local/lib/python3.10/dist-packages/my_nav_msgs/msg/_path_with_condition.py'...
Listing '/home/rover/kameyama_ws/install/my_nav_msgs/local/lib/python3.10/dist-packages/my_nav_msgs/srv'...
Compiling '/home/rover/kameyama_ws/install/my_nav_msgs/local/lib/python3.10/dist-packages/my_nav_msgs/srv/__init__.py'...
Compiling '/home/rover/kameyama_ws/install/my_nav_msgs/local/lib/python3.10/dist-packages/my_nav_msgs/srv/_set_obj_cost.py'...
-- Installing: /home/rover/kameyama_ws/install/my_nav_msgs/lib/libmy_nav_msgs__rosidl_generator_py.so
-- Set runtime path of "/home/rover/kameyama_ws/install/my_nav_msgs/lib/libmy_nav_msgs__rosidl_generator_py.so" to ""
-- Installing: /home/rover/kameyama_ws/install/my_nav_msgs/share/my_nav_msgs/cmake/export_my_nav_msgs__rosidl_generator_cExport.cmake
-- Installing: /home/rover/kameyama_ws/install/my_nav_msgs/share/my_nav_msgs/cmake/export_my_nav_msgs__rosidl_generator_cExport-noconfig.cmake
-- Installing: /home/rover/kameyama_ws/install/my_nav_msgs/share/my_nav_msgs/cmake/export_my_nav_msgs__rosidl_typesupport_fastrtps_cExport.cmake
-- Installing: /home/rover/kameyama_ws/install/my_nav_msgs/share/my_nav_msgs/cmake/export_my_nav_msgs__rosidl_typesupport_fastrtps_cExport-noconfig.cmake
-- Installing: /home/rover/kameyama_ws/install/my_nav_msgs/share/my_nav_msgs/cmake/export_my_nav_msgs__rosidl_generator_cppExport.cmake
-- Installing: /home/rover/kameyama_ws/install/my_nav_msgs/share/my_nav_msgs/cmake/export_my_nav_msgs__rosidl_typesupport_fastrtps_cppExport.cmake
-- Installing: /home/rover/kameyama_ws/install/my_nav_msgs/share/my_nav_msgs/cmake/export_my_nav_msgs__rosidl_typesupport_fastrtps_cppExport-noconfig.cmake
-- Installing: /home/rover/kameyama_ws/install/my_nav_msgs/share/my_nav_msgs/cmake/my_nav_msgs__rosidl_typesupport_introspection_cExport.cmake
-- Installing: /home/rover/kameyama_ws/install/my_nav_msgs/share/my_nav_msgs/cmake/my_nav_msgs__rosidl_typesupport_introspection_cExport-noconfig.cmake
-- Installing: /home/rover/kameyama_ws/install/my_nav_msgs/share/my_nav_msgs/cmake/my_nav_msgs__rosidl_typesupport_cExport.cmake
-- Installing: /home/rover/kameyama_ws/install/my_nav_msgs/share/my_nav_msgs/cmake/my_nav_msgs__rosidl_typesupport_cExport-noconfig.cmake
-- Installing: /home/rover/kameyama_ws/install/my_nav_msgs/share/my_nav_msgs/cmake/my_nav_msgs__rosidl_typesupport_introspection_cppExport.cmake
-- Installing: /home/rover/kameyama_ws/install/my_nav_msgs/share/my_nav_msgs/cmake/my_nav_msgs__rosidl_typesupport_introspection_cppExport-noconfig.cmake
-- Installing: /home/rover/kameyama_ws/install/my_nav_msgs/share/my_nav_msgs/cmake/my_nav_msgs__rosidl_typesupport_cppExport.cmake
-- Installing: /home/rover/kameyama_ws/install/my_nav_msgs/share/my_nav_msgs/cmake/my_nav_msgs__rosidl_typesupport_cppExport-noconfig.cmake
-- Installing: /home/rover/kameyama_ws/install/my_nav_msgs/share/my_nav_msgs/cmake/export_my_nav_msgs__rosidl_generator_pyExport.cmake
-- Installing: /home/rover/kameyama_ws/install/my_nav_msgs/share/my_nav_msgs/cmake/export_my_nav_msgs__rosidl_generator_pyExport-noconfig.cmake
