[  9%] Built target slam_toolbox__rosidl_generator_c
[ 10%] Built target slam_toolbox__cpp
[ 10%] Built target ament_cmake_python_symlink_slam_toolbox
[ 11%] [32mBuilding CXX object lib/karto_sdk/CMakeFiles/kartoSlamToolbox.dir/src/Mapper.cpp.o[0m
[ 12%] [32mBuilding CXX object CMakeFiles/slam_toolbox__rosidl_typesupport_fastrtps_cpp.dir/rosidl_typesupport_fastrtps_cpp/slam_toolbox/srv/detail/dds_fastrtps/pause__type_support.cpp.o[0m
[ 11%] [32mBuilding CXX object lib/karto_sdk/CMakeFiles/kartoSlamToolbox.dir/src/Karto.cpp.o[0m
[ 12%] [32mBuilding CXX object CMakeFiles/slam_toolbox__rosidl_typesupport_fastrtps_cpp.dir/rosidl_typesupport_fastrtps_cpp/slam_toolbox/srv/detail/dds_fastrtps/clear_queue__type_support.cpp.o[0m
[ 13%] [32mBuilding CXX object CMakeFiles/slam_toolbox__rosidl_typesupport_introspection_cpp.dir/rosidl_typesupport_introspection_cpp/slam_toolbox/srv/detail/pause__type_support.cpp.o[0m
[ 13%] [32mBuilding CXX object CMakeFiles/slam_toolbox__rosidl_typesupport_cpp.dir/rosidl_typesupport_cpp/slam_toolbox/srv/pause__type_support.cpp.o[0m
[ 14%] [32mBuilding CXX object CMakeFiles/slam_toolbox__rosidl_typesupport_fastrtps_cpp.dir/rosidl_typesupport_fastrtps_cpp/slam_toolbox/srv/detail/dds_fastrtps/toggle_interactive__type_support.cpp.o[0m
[ 15%] [32mBuilding CXX object CMakeFiles/slam_toolbox__rosidl_typesupport_introspection_cpp.dir/rosidl_typesupport_introspection_cpp/slam_toolbox/srv/detail/clear_queue__type_support.cpp.o[0m
[ 23%] Built target slam_toolbox__rosidl_typesupport_introspection_c
[ 24%] [32mBuilding CXX object CMakeFiles/slam_toolbox__rosidl_typesupport_fastrtps_c.dir/rosidl_typesupport_fastrtps_c/slam_toolbox/srv/detail/pause__type_support_c.cpp.o[0m
[ 24%] [32mBuilding CXX object CMakeFiles/slam_toolbox__rosidl_typesupport_fastrtps_c.dir/rosidl_typesupport_fastrtps_c/slam_toolbox/srv/detail/clear_queue__type_support_c.cpp.o[0m
[ 32%] Built target slam_toolbox__rosidl_typesupport_c
[ 33%] [32mBuilding CXX object CMakeFiles/slam_toolbox__rosidl_typesupport_cpp.dir/rosidl_typesupport_cpp/slam_toolbox/srv/clear_queue__type_support.cpp.o[0m
[ 34%] [32mBuilding CXX object CMakeFiles/slam_toolbox__rosidl_typesupport_fastrtps_c.dir/rosidl_typesupport_fastrtps_c/slam_toolbox/srv/detail/toggle_interactive__type_support_c.cpp.o[0m
[ 35%] [32mBuilding CXX object CMakeFiles/slam_toolbox__rosidl_typesupport_cpp.dir/rosidl_typesupport_cpp/slam_toolbox/srv/toggle_interactive__type_support.cpp.o[0m
[ 36%] [32mBuilding CXX object CMakeFiles/slam_toolbox__rosidl_typesupport_fastrtps_cpp.dir/rosidl_typesupport_fastrtps_cpp/slam_toolbox/srv/detail/dds_fastrtps/clear__type_support.cpp.o[0m
[ 37%] [32mBuilding CXX object CMakeFiles/slam_toolbox__rosidl_typesupport_fastrtps_cpp.dir/rosidl_typesupport_fastrtps_cpp/slam_toolbox/srv/detail/dds_fastrtps/save_map__type_support.cpp.o[0m
[ 37%] [32mBuilding CXX object CMakeFiles/slam_toolbox__rosidl_typesupport_cpp.dir/rosidl_typesupport_cpp/slam_toolbox/srv/clear__type_support.cpp.o[0m
[ 38%] [32mBuilding CXX object CMakeFiles/slam_toolbox__rosidl_typesupport_fastrtps_c.dir/rosidl_typesupport_fastrtps_c/slam_toolbox/srv/detail/clear__type_support_c.cpp.o[0m
[ 39%] [32mBuilding CXX object CMakeFiles/slam_toolbox__rosidl_typesupport_introspection_cpp.dir/rosidl_typesupport_introspection_cpp/slam_toolbox/srv/detail/toggle_interactive__type_support.cpp.o[0m
[ 39%] [32mBuilding CXX object CMakeFiles/slam_toolbox__rosidl_typesupport_fastrtps_cpp.dir/rosidl_typesupport_fastrtps_cpp/slam_toolbox/srv/detail/dds_fastrtps/loop_closure__type_support.cpp.o[0m
[ 39%] [32mBuilding CXX object CMakeFiles/slam_toolbox__rosidl_typesupport_introspection_cpp.dir/rosidl_typesupport_introspection_cpp/slam_toolbox/srv/detail/clear__type_support.cpp.o[0m
[ 40%] [32mBuilding CXX object CMakeFiles/slam_toolbox__rosidl_typesupport_cpp.dir/rosidl_typesupport_cpp/slam_toolbox/srv/save_map__type_support.cpp.o[0m
[ 41%] [32mBuilding CXX object CMakeFiles/slam_toolbox__rosidl_typesupport_fastrtps_c.dir/rosidl_typesupport_fastrtps_c/slam_toolbox/srv/detail/save_map__type_support_c.cpp.o[0m
[ 42%] [32mBuilding CXX object CMakeFiles/slam_toolbox__rosidl_typesupport_fastrtps_cpp.dir/rosidl_typesupport_fastrtps_cpp/slam_toolbox/srv/detail/dds_fastrtps/merge_maps__type_support.cpp.o[0m
[ 43%] [32mBuilding CXX object CMakeFiles/slam_toolbox__rosidl_typesupport_fastrtps_cpp.dir/rosidl_typesupport_fastrtps_cpp/slam_toolbox/srv/detail/dds_fastrtps/add_submap__type_support.cpp.o[0m
[ 44%] [32mBuilding CXX object CMakeFiles/slam_toolbox__rosidl_typesupport_introspection_cpp.dir/rosidl_typesupport_introspection_cpp/slam_toolbox/srv/detail/save_map__type_support.cpp.o[0m
[ 44%] [32mBuilding CXX object CMakeFiles/slam_toolbox__rosidl_typesupport_fastrtps_c.dir/rosidl_typesupport_fastrtps_c/slam_toolbox/srv/detail/loop_closure__type_support_c.cpp.o[0m
running egg_info
[ 45%] [32mBuilding CXX object CMakeFiles/slam_toolbox__rosidl_typesupport_fastrtps_c.dir/rosidl_typesupport_fastrtps_c/slam_toolbox/srv/detail/merge_maps__type_support_c.cpp.o[0m
[ 46%] [32mBuilding CXX object CMakeFiles/slam_toolbox__rosidl_typesupport_introspection_cpp.dir/rosidl_typesupport_introspection_cpp/slam_toolbox/srv/detail/loop_closure__type_support.cpp.o[0m
writing slam_toolbox.egg-info/PKG-INFO
[ 47%] [32mBuilding CXX object CMakeFiles/slam_toolbox__rosidl_typesupport_cpp.dir/rosidl_typesupport_cpp/slam_toolbox/srv/loop_closure__type_support.cpp.o[0m
[ 47%] [32mBuilding CXX object CMakeFiles/slam_toolbox__rosidl_typesupport_fastrtps_cpp.dir/rosidl_typesupport_fastrtps_cpp/slam_toolbox/srv/detail/dds_fastrtps/deserialize_pose_graph__type_support.cpp.o[0m
writing dependency_links to slam_toolbox.egg-info/dependency_links.txt
[ 48%] [32mBuilding CXX object CMakeFiles/slam_toolbox__rosidl_typesupport_fastrtps_c.dir/rosidl_typesupport_fastrtps_c/slam_toolbox/srv/detail/add_submap__type_support_c.cpp.o[0m
[ 49%] [32mBuilding CXX object CMakeFiles/slam_toolbox__rosidl_typesupport_fastrtps_cpp.dir/rosidl_typesupport_fastrtps_cpp/slam_toolbox/srv/detail/dds_fastrtps/serialize_pose_graph__type_support.cpp.o[0m
[ 49%] [32mBuilding CXX object CMakeFiles/slam_toolbox__rosidl_typesupport_fastrtps_c.dir/rosidl_typesupport_fastrtps_c/slam_toolbox/srv/detail/deserialize_pose_graph__type_support_c.cpp.o[0m
[ 50%] [32mBuilding CXX object CMakeFiles/slam_toolbox__rosidl_typesupport_introspection_cpp.dir/rosidl_typesupport_introspection_cpp/slam_toolbox/srv/detail/merge_maps__type_support.cpp.o[0m
writing top-level names to slam_toolbox.egg-info/top_level.txt
[ 50%] [32mBuilding CXX object CMakeFiles/slam_toolbox__rosidl_typesupport_cpp.dir/rosidl_typesupport_cpp/slam_toolbox/srv/merge_maps__type_support.cpp.o[0m
[ 51%] [32mBuilding CXX object CMakeFiles/slam_toolbox__rosidl_typesupport_cpp.dir/rosidl_typesupport_cpp/slam_toolbox/srv/add_submap__type_support.cpp.o[0m
[ 52%] [32mBuilding CXX object CMakeFiles/slam_toolbox__rosidl_typesupport_fastrtps_c.dir/rosidl_typesupport_fastrtps_c/slam_toolbox/srv/detail/serialize_pose_graph__type_support_c.cpp.o[0m
reading manifest file 'slam_toolbox.egg-info/SOURCES.txt'
writing manifest file 'slam_toolbox.egg-info/SOURCES.txt'
[ 53%] [32mBuilding CXX object CMakeFiles/slam_toolbox__rosidl_typesupport_cpp.dir/rosidl_typesupport_cpp/slam_toolbox/srv/serialize_pose_graph__type_support.cpp.o[0m
[ 54%] [32mBuilding CXX object CMakeFiles/slam_toolbox__rosidl_typesupport_cpp.dir/rosidl_typesupport_cpp/slam_toolbox/srv/deserialize_pose_graph__type_support.cpp.o[0m
[ 54%] [32mBuilding CXX object CMakeFiles/slam_toolbox__rosidl_typesupport_introspection_cpp.dir/rosidl_typesupport_introspection_cpp/slam_toolbox/srv/detail/add_submap__type_support.cpp.o[0m
[ 54%] Built target ament_cmake_python_build_slam_toolbox_egg
[ 55%] [32mBuilding CXX object CMakeFiles/slam_toolbox__rosidl_typesupport_introspection_cpp.dir/rosidl_typesupport_introspection_cpp/slam_toolbox/srv/detail/deserialize_pose_graph__type_support.cpp.o[0m
[ 56%] [32mBuilding CXX object CMakeFiles/slam_toolbox__rosidl_typesupport_introspection_cpp.dir/rosidl_typesupport_introspection_cpp/slam_toolbox/srv/detail/serialize_pose_graph__type_support.cpp.o[0m
[ 57%] [32m[1mLinking CXX shared library libslam_toolbox__rosidl_typesupport_fastrtps_cpp.so[0m
[ 58%] Built target slam_toolbox__rosidl_typesupport_fastrtps_cpp
[ 58%] [32m[1mLinking CXX shared library libslam_toolbox__rosidl_typesupport_cpp.so[0m
[ 58%] Built target slam_toolbox__rosidl_typesupport_cpp
[ 59%] [32m[1mLinking CXX shared library libslam_toolbox__rosidl_typesupport_fastrtps_c.so[0m
[ 60%] [32mBuilding CXX object CMakeFiles/SlamToolboxPlugin.dir/rviz_plugin/slam_toolbox_rviz_plugin.cpp.o[0m
[ 61%] [32mBuilding CXX object CMakeFiles/SlamToolboxPlugin.dir/rviz_plugin/moc_slam_toolbox_rviz_plugin.cpp.o[0m
[ 62%] Built target slam_toolbox__rosidl_typesupport_fastrtps_c
[ 62%] [32m[1mLinking CXX shared library libslam_toolbox__rosidl_typesupport_introspection_cpp.so[0m
[ 63%] Built target slam_toolbox__rosidl_typesupport_introspection_cpp
[ 63%] Built target slam_toolbox
[ 63%] Built target slam_toolbox__py
[ 63%] [32mBuilding C object CMakeFiles/slam_toolbox__rosidl_generator_py.dir/rosidl_generator_py/slam_toolbox/srv/_clear_queue_s.c.o[0m
[ 64%] [32mBuilding C object CMakeFiles/slam_toolbox__rosidl_generator_py.dir/rosidl_generator_py/slam_toolbox/srv/_toggle_interactive_s.c.o[0m
[ 65%] [32mBuilding C object CMakeFiles/slam_toolbox__rosidl_generator_py.dir/rosidl_generator_py/slam_toolbox/srv/_pause_s.c.o[0m
[ 66%] [32mBuilding C object CMakeFiles/slam_toolbox__rosidl_generator_py.dir/rosidl_generator_py/slam_toolbox/srv/_clear_s.c.o[0m
[ 67%] [32mBuilding C object CMakeFiles/slam_toolbox__rosidl_generator_py.dir/rosidl_generator_py/slam_toolbox/srv/_merge_maps_s.c.o[0m
[ 67%] [32mBuilding C object CMakeFiles/slam_toolbox__rosidl_generator_py.dir/rosidl_generator_py/slam_toolbox/srv/_save_map_s.c.o[0m
[ 68%] [32mBuilding C object CMakeFiles/slam_toolbox__rosidl_generator_py.dir/rosidl_generator_py/slam_toolbox/srv/_loop_closure_s.c.o[0m
[ 69%] [32mBuilding C object CMakeFiles/slam_toolbox__rosidl_generator_py.dir/rosidl_generator_py/slam_toolbox/srv/_add_submap_s.c.o[0m
[ 70%] [32mBuilding C object CMakeFiles/slam_toolbox__rosidl_generator_py.dir/rosidl_generator_py/slam_toolbox/srv/_serialize_pose_graph_s.c.o[0m
[ 70%] [32mBuilding C object CMakeFiles/slam_toolbox__rosidl_generator_py.dir/rosidl_generator_py/slam_toolbox/srv/_deserialize_pose_graph_s.c.o[0m
[ 71%] [32m[1mLinking C shared library rosidl_generator_py/slam_toolbox/libslam_toolbox__rosidl_generator_py.so[0m
[ 71%] Built target slam_toolbox__rosidl_generator_py
[ 72%] [32mBuilding C object CMakeFiles/slam_toolbox__rosidl_typesupport_fastrtps_c__pyext.dir/rosidl_generator_py/slam_toolbox/_slam_toolbox_s.ep.rosidl_typesupport_fastrtps_c.c.o[0m
[ 73%] [32mBuilding C object CMakeFiles/slam_toolbox__rosidl_typesupport_introspection_c__pyext.dir/rosidl_generator_py/slam_toolbox/_slam_toolbox_s.ep.rosidl_typesupport_introspection_c.c.o[0m
[ 74%] [32mBuilding C object CMakeFiles/slam_toolbox__rosidl_typesupport_c__pyext.dir/rosidl_generator_py/slam_toolbox/_slam_toolbox_s.ep.rosidl_typesupport_c.c.o[0m
[ 75%] [32m[1mLinking C shared library rosidl_generator_py/slam_toolbox/slam_toolbox_s__rosidl_typesupport_introspection_c.cpython-310-x86_64-linux-gnu.so[0m
[ 75%] Built target slam_toolbox__rosidl_typesupport_introspection_c__pyext
[ 75%] [32m[1mLinking C shared library rosidl_generator_py/slam_toolbox/slam_toolbox_s__rosidl_typesupport_fastrtps_c.cpython-310-x86_64-linux-gnu.so[0m
[ 76%] [32m[1mLinking C shared library rosidl_generator_py/slam_toolbox/slam_toolbox_s__rosidl_typesupport_c.cpython-310-x86_64-linux-gnu.so[0m
[ 76%] Built target slam_toolbox__rosidl_typesupport_fastrtps_c__pyext
[ 76%] Built target slam_toolbox__rosidl_typesupport_c__pyext
[ 77%] [32m[1mLinking CXX shared library libkartoSlamToolbox.so[0m
[ 77%] Built target kartoSlamToolbox
[ 78%] [32mBuilding CXX object CMakeFiles/ceres_solver_plugin.dir/solvers/ceres_solver.cpp.o[0m
[ 80%] [32mBuilding CXX object CMakeFiles/toolbox_common.dir/src/slam_toolbox_common.cpp.o[0m
[ 80%] [32mBuilding CXX object CMakeFiles/toolbox_common.dir/src/map_saver.cpp.o[0m
[ 80%] [32mBuilding CXX object CMakeFiles/toolbox_common.dir/src/loop_closure_assistant.cpp.o[0m
[ 80%] [32m[1mLinking CXX shared library libSlamToolboxPlugin.so[0m
[ 80%] Built target SlamToolboxPlugin
[ 81%] [32m[1mLinking CXX shared library libceres_solver_plugin.so[0m
[ 81%] Built target ceres_solver_plugin
[ 82%] [32mBuilding CXX object CMakeFiles/toolbox_common.dir/src/laser_utils.cpp.o[0m
[ 83%] [32mBuilding CXX object CMakeFiles/toolbox_common.dir/src/slam_mapper.cpp.o[0m
[ 84%] [32m[1mLinking CXX shared library libtoolbox_common.so[0m
[ 84%] Built target toolbox_common
[ 86%] [32mBuilding CXX object CMakeFiles/merge_maps_kinematic.dir/src/merge_maps_kinematic.cpp.o[0m
[ 86%] [32mBuilding CXX object CMakeFiles/localization_slam_toolbox.dir/src/slam_toolbox_localization.cpp.o[0m
[ 86%] [32mBuilding CXX object CMakeFiles/sync_slam_toolbox.dir/src/slam_toolbox_sync.cpp.o[0m
[ 87%] [32mBuilding CXX object CMakeFiles/lifelong_slam_toolbox.dir/src/experimental/slam_toolbox_lifelong.cpp.o[0m
[ 88%] [32mBuilding CXX object CMakeFiles/async_slam_toolbox.dir/src/slam_toolbox_async.cpp.o[0m
[ 88%] [32m[1mLinking CXX shared library liblifelong_slam_toolbox.so[0m
[ 89%] [32m[1mLinking CXX shared library libasync_slam_toolbox.so[0m
[ 89%] Built target lifelong_slam_toolbox
[ 89%] Built target async_slam_toolbox
[ 90%] [32mBuilding CXX object CMakeFiles/lifelong_slam_toolbox_node.dir/src/experimental/slam_toolbox_lifelong_node.cpp.o[0m
[ 91%] [32mBuilding CXX object CMakeFiles/async_slam_toolbox_node.dir/src/slam_toolbox_async_node.cpp.o[0m
[ 92%] [32m[1mLinking CXX shared library libsync_slam_toolbox.so[0m
[ 92%] Built target sync_slam_toolbox
[ 93%] [32mBuilding CXX object CMakeFiles/sync_slam_toolbox_node.dir/src/slam_toolbox_sync_node.cpp.o[0m
[ 94%] [32m[1mLinking CXX executable merge_maps_kinematic[0m
[ 94%] Built target merge_maps_kinematic
[ 95%] [32m[1mLinking CXX shared library liblocalization_slam_toolbox.so[0m
[ 95%] Built target localization_slam_toolbox
[ 95%] [32mBuilding CXX object CMakeFiles/map_and_localization_slam_toolbox.dir/src/experimental/slam_toolbox_map_and_localization.cpp.o[0m
[ 96%] [32mBuilding CXX object CMakeFiles/localization_slam_toolbox_node.dir/src/slam_toolbox_localization_node.cpp.o[0m
[ 97%] [32m[1mLinking CXX executable lifelong_slam_toolbox_node[0m
[ 97%] [32m[1mLinking CXX executable async_slam_toolbox_node[0m
[ 97%] Built target lifelong_slam_toolbox_node
[ 97%] Built target async_slam_toolbox_node
[ 97%] [32m[1mLinking CXX executable sync_slam_toolbox_node[0m
[ 97%] Built target sync_slam_toolbox_node
[ 98%] [32m[1mLinking CXX executable localization_slam_toolbox_node[0m
[ 98%] Built target localization_slam_toolbox_node
[ 99%] [32m[1mLinking CXX shared library libmap_and_localization_slam_toolbox.so[0m
[ 99%] Built target map_and_localization_slam_toolbox
[100%] [32mBuilding CXX object CMakeFiles/map_and_localization_slam_toolbox_node.dir/src/experimental/slam_toolbox_map_and_localization_node.cpp.o[0m
[100%] [32m[1mLinking CXX executable map_and_localization_slam_toolbox_node[0m
[100%] Built target map_and_localization_slam_toolbox_node
-- Install configuration: "Release"
-- Execute custom install script
-- Up-to-date symlink: /home/rover/kameyama_ws/install/slam_toolbox/include//karto_sdk/Karto.h
-- Up-to-date symlink: /home/rover/kameyama_ws/install/slam_toolbox/include//karto_sdk/Macros.h
-- Up-to-date symlink: /home/rover/kameyama_ws/install/slam_toolbox/include//karto_sdk/Mapper.h
-- Up-to-date symlink: /home/rover/kameyama_ws/install/slam_toolbox/include//karto_sdk/Math.h
-- Up-to-date symlink: /home/rover/kameyama_ws/install/slam_toolbox/include//karto_sdk/Types.h
-- Up-to-date symlink: /home/rover/kameyama_ws/install/slam_toolbox/include//karto_sdk/nanoflann.hpp
-- Up-to-date symlink: /home/rover/kameyama_ws/install/slam_toolbox/include//karto_sdk/nanoflann_adaptors.h
-- Up-to-date symlink: /home/rover/kameyama_ws/install/slam_toolbox/share/ament_index/resource_index/rosidl_interfaces/slam_toolbox
-- Up-to-date symlink: /home/rover/kameyama_ws/install/slam_toolbox/include/slam_toolbox/slam_toolbox/msg/rosidl_generator_c__visibility_control.h
-- Up-to-date symlink: /home/rover/kameyama_ws/install/slam_toolbox/include/slam_toolbox/slam_toolbox/srv/add_submap.h
-- Up-to-date symlink: /home/rover/kameyama_ws/install/slam_toolbox/include/slam_toolbox/slam_toolbox/srv/clear.h
-- Up-to-date symlink: /home/rover/kameyama_ws/install/slam_toolbox/include/slam_toolbox/slam_toolbox/srv/clear_queue.h
-- Up-to-date symlink: /home/rover/kameyama_ws/install/slam_toolbox/include/slam_toolbox/slam_toolbox/srv/deserialize_pose_graph.h
-- Up-to-date symlink: /home/rover/kameyama_ws/install/slam_toolbox/include/slam_toolbox/slam_toolbox/srv/detail/add_submap__functions.h
-- Up-to-date symlink: /home/rover/kameyama_ws/install/slam_toolbox/include/slam_toolbox/slam_toolbox/srv/detail/add_submap__struct.h
-- Up-to-date symlink: /home/rover/kameyama_ws/install/slam_toolbox/include/slam_toolbox/slam_toolbox/srv/detail/add_submap__type_support.h
-- Up-to-date symlink: /home/rover/kameyama_ws/install/slam_toolbox/include/slam_toolbox/slam_toolbox/srv/detail/clear__functions.h
-- Up-to-date symlink: /home/rover/kameyama_ws/install/slam_toolbox/include/slam_toolbox/slam_toolbox/srv/detail/clear__struct.h
-- Up-to-date symlink: /home/rover/kameyama_ws/install/slam_toolbox/include/slam_toolbox/slam_toolbox/srv/detail/clear__type_support.h
-- Up-to-date symlink: /home/rover/kameyama_ws/install/slam_toolbox/include/slam_toolbox/slam_toolbox/srv/detail/clear_queue__functions.h
-- Up-to-date symlink: /home/rover/kameyama_ws/install/slam_toolbox/include/slam_toolbox/slam_toolbox/srv/detail/clear_queue__struct.h
-- Up-to-date symlink: /home/rover/kameyama_ws/install/slam_toolbox/include/slam_toolbox/slam_toolbox/srv/detail/clear_queue__type_support.h
-- Up-to-date symlink: /home/rover/kameyama_ws/install/slam_toolbox/include/slam_toolbox/slam_toolbox/srv/detail/deserialize_pose_graph__functions.h
-- Up-to-date symlink: /home/rover/kameyama_ws/install/slam_toolbox/include/slam_toolbox/slam_toolbox/srv/detail/deserialize_pose_graph__struct.h
-- Up-to-date symlink: /home/rover/kameyama_ws/install/slam_toolbox/include/slam_toolbox/slam_toolbox/srv/detail/deserialize_pose_graph__type_support.h
-- Up-to-date symlink: /home/rover/kameyama_ws/install/slam_toolbox/include/slam_toolbox/slam_toolbox/srv/detail/loop_closure__functions.h
-- Up-to-date symlink: /home/rover/kameyama_ws/install/slam_toolbox/include/slam_toolbox/slam_toolbox/srv/detail/loop_closure__struct.h
-- Up-to-date symlink: /home/rover/kameyama_ws/install/slam_toolbox/include/slam_toolbox/slam_toolbox/srv/detail/loop_closure__type_support.h
-- Up-to-date symlink: /home/rover/kameyama_ws/install/slam_toolbox/include/slam_toolbox/slam_toolbox/srv/detail/merge_maps__functions.h
-- Up-to-date symlink: /home/rover/kameyama_ws/install/slam_toolbox/include/slam_toolbox/slam_toolbox/srv/detail/merge_maps__struct.h
-- Up-to-date symlink: /home/rover/kameyama_ws/install/slam_toolbox/include/slam_toolbox/slam_toolbox/srv/detail/merge_maps__type_support.h
-- Up-to-date symlink: /home/rover/kameyama_ws/install/slam_toolbox/include/slam_toolbox/slam_toolbox/srv/detail/pause__functions.h
-- Up-to-date symlink: /home/rover/kameyama_ws/install/slam_toolbox/include/slam_toolbox/slam_toolbox/srv/detail/pause__struct.h
-- Up-to-date symlink: /home/rover/kameyama_ws/install/slam_toolbox/include/slam_toolbox/slam_toolbox/srv/detail/pause__type_support.h
-- Up-to-date symlink: /home/rover/kameyama_ws/install/slam_toolbox/include/slam_toolbox/slam_toolbox/srv/detail/save_map__functions.h
-- Up-to-date symlink: /home/rover/kameyama_ws/install/slam_toolbox/include/slam_toolbox/slam_toolbox/srv/detail/save_map__struct.h
-- Up-to-date symlink: /home/rover/kameyama_ws/install/slam_toolbox/include/slam_toolbox/slam_toolbox/srv/detail/save_map__type_support.h
-- Up-to-date symlink: /home/rover/kameyama_ws/install/slam_toolbox/include/slam_toolbox/slam_toolbox/srv/detail/serialize_pose_graph__functions.h
-- Up-to-date symlink: /home/rover/kameyama_ws/install/slam_toolbox/include/slam_toolbox/slam_toolbox/srv/detail/serialize_pose_graph__struct.h
-- Up-to-date symlink: /home/rover/kameyama_ws/install/slam_toolbox/include/slam_toolbox/slam_toolbox/srv/detail/serialize_pose_graph__type_support.h
-- Up-to-date symlink: /home/rover/kameyama_ws/install/slam_toolbox/include/slam_toolbox/slam_toolbox/srv/detail/toggle_interactive__functions.h
-- Up-to-date symlink: /home/rover/kameyama_ws/install/slam_toolbox/include/slam_toolbox/slam_toolbox/srv/detail/toggle_interactive__struct.h
-- Up-to-date symlink: /home/rover/kameyama_ws/install/slam_toolbox/include/slam_toolbox/slam_toolbox/srv/detail/toggle_interactive__type_support.h
-- Up-to-date symlink: /home/rover/kameyama_ws/install/slam_toolbox/include/slam_toolbox/slam_toolbox/srv/loop_closure.h
-- Up-to-date symlink: /home/rover/kameyama_ws/install/slam_toolbox/include/slam_toolbox/slam_toolbox/srv/merge_maps.h
-- Up-to-date symlink: /home/rover/kameyama_ws/install/slam_toolbox/include/slam_toolbox/slam_toolbox/srv/pause.h
-- Up-to-date symlink: /home/rover/kameyama_ws/install/slam_toolbox/include/slam_toolbox/slam_toolbox/srv/save_map.h
-- Up-to-date symlink: /home/rover/kameyama_ws/install/slam_toolbox/include/slam_toolbox/slam_toolbox/srv/serialize_pose_graph.h
-- Up-to-date symlink: /home/rover/kameyama_ws/install/slam_toolbox/include/slam_toolbox/slam_toolbox/srv/toggle_interactive.h
-- Up-to-date symlink: /home/rover/kameyama_ws/install/slam_toolbox/share/slam_toolbox/environment/library_path.sh
-- Up-to-date symlink: /home/rover/kameyama_ws/install/slam_toolbox/share/slam_toolbox/environment/library_path.dsv
-- Up-to-date symlink: /home/rover/kameyama_ws/install/slam_toolbox/include/slam_toolbox/slam_toolbox/msg/rosidl_typesupport_fastrtps_c__visibility_control.h
-- Up-to-date symlink: /home/rover/kameyama_ws/install/slam_toolbox/include/slam_toolbox/slam_toolbox/srv/detail/add_submap__rosidl_typesupport_fastrtps_c.h
-- Up-to-date symlink: /home/rover/kameyama_ws/install/slam_toolbox/include/slam_toolbox/slam_toolbox/srv/detail/clear__rosidl_typesupport_fastrtps_c.h
-- Up-to-date symlink: /home/rover/kameyama_ws/install/slam_toolbox/include/slam_toolbox/slam_toolbox/srv/detail/clear_queue__rosidl_typesupport_fastrtps_c.h
-- Up-to-date symlink: /home/rover/kameyama_ws/install/slam_toolbox/include/slam_toolbox/slam_toolbox/srv/detail/deserialize_pose_graph__rosidl_typesupport_fastrtps_c.h
-- Up-to-date symlink: /home/rover/kameyama_ws/install/slam_toolbox/include/slam_toolbox/slam_toolbox/srv/detail/loop_closure__rosidl_typesupport_fastrtps_c.h
-- Up-to-date symlink: /home/rover/kameyama_ws/install/slam_toolbox/include/slam_toolbox/slam_toolbox/srv/detail/merge_maps__rosidl_typesupport_fastrtps_c.h
-- Up-to-date symlink: /home/rover/kameyama_ws/install/slam_toolbox/include/slam_toolbox/slam_toolbox/srv/detail/pause__rosidl_typesupport_fastrtps_c.h
-- Up-to-date symlink: /home/rover/kameyama_ws/install/slam_toolbox/include/slam_toolbox/slam_toolbox/srv/detail/save_map__rosidl_typesupport_fastrtps_c.h
-- Up-to-date symlink: /home/rover/kameyama_ws/install/slam_toolbox/include/slam_toolbox/slam_toolbox/srv/detail/serialize_pose_graph__rosidl_typesupport_fastrtps_c.h
-- Up-to-date symlink: /home/rover/kameyama_ws/install/slam_toolbox/include/slam_toolbox/slam_toolbox/srv/detail/toggle_interactive__rosidl_typesupport_fastrtps_c.h
-- Up-to-date symlink: /home/rover/kameyama_ws/install/slam_toolbox/include/slam_toolbox/slam_toolbox/msg/rosidl_generator_cpp__visibility_control.hpp
-- Up-to-date symlink: /home/rover/kameyama_ws/install/slam_toolbox/include/slam_toolbox/slam_toolbox/srv/add_submap.hpp
-- Up-to-date symlink: /home/rover/kameyama_ws/install/slam_toolbox/include/slam_toolbox/slam_toolbox/srv/clear.hpp
-- Up-to-date symlink: /home/rover/kameyama_ws/install/slam_toolbox/include/slam_toolbox/slam_toolbox/srv/clear_queue.hpp
-- Up-to-date symlink: /home/rover/kameyama_ws/install/slam_toolbox/include/slam_toolbox/slam_toolbox/srv/deserialize_pose_graph.hpp
-- Up-to-date symlink: /home/rover/kameyama_ws/install/slam_toolbox/include/slam_toolbox/slam_toolbox/srv/detail/add_submap__builder.hpp
-- Up-to-date symlink: /home/rover/kameyama_ws/install/slam_toolbox/include/slam_toolbox/slam_toolbox/srv/detail/add_submap__struct.hpp
-- Up-to-date symlink: /home/rover/kameyama_ws/install/slam_toolbox/include/slam_toolbox/slam_toolbox/srv/detail/add_submap__traits.hpp
-- Up-to-date symlink: /home/rover/kameyama_ws/install/slam_toolbox/include/slam_toolbox/slam_toolbox/srv/detail/add_submap__type_support.hpp
-- Up-to-date symlink: /home/rover/kameyama_ws/install/slam_toolbox/include/slam_toolbox/slam_toolbox/srv/detail/clear__builder.hpp
-- Up-to-date symlink: /home/rover/kameyama_ws/install/slam_toolbox/include/slam_toolbox/slam_toolbox/srv/detail/clear__struct.hpp
-- Up-to-date symlink: /home/rover/kameyama_ws/install/slam_toolbox/include/slam_toolbox/slam_toolbox/srv/detail/clear__traits.hpp
-- Up-to-date symlink: /home/rover/kameyama_ws/install/slam_toolbox/include/slam_toolbox/slam_toolbox/srv/detail/clear__type_support.hpp
-- Up-to-date symlink: /home/rover/kameyama_ws/install/slam_toolbox/include/slam_toolbox/slam_toolbox/srv/detail/clear_queue__builder.hpp
-- Up-to-date symlink: /home/rover/kameyama_ws/install/slam_toolbox/include/slam_toolbox/slam_toolbox/srv/detail/clear_queue__struct.hpp
-- Up-to-date symlink: /home/rover/kameyama_ws/install/slam_toolbox/include/slam_toolbox/slam_toolbox/srv/detail/clear_queue__traits.hpp
-- Up-to-date symlink: /home/rover/kameyama_ws/install/slam_toolbox/include/slam_toolbox/slam_toolbox/srv/detail/clear_queue__type_support.hpp
-- Up-to-date symlink: /home/rover/kameyama_ws/install/slam_toolbox/include/slam_toolbox/slam_toolbox/srv/detail/deserialize_pose_graph__builder.hpp
-- Up-to-date symlink: /home/rover/kameyama_ws/install/slam_toolbox/include/slam_toolbox/slam_toolbox/srv/detail/deserialize_pose_graph__struct.hpp
-- Up-to-date symlink: /home/rover/kameyama_ws/install/slam_toolbox/include/slam_toolbox/slam_toolbox/srv/detail/deserialize_pose_graph__traits.hpp
-- Up-to-date symlink: /home/rover/kameyama_ws/install/slam_toolbox/include/slam_toolbox/slam_toolbox/srv/detail/deserialize_pose_graph__type_support.hpp
-- Up-to-date symlink: /home/rover/kameyama_ws/install/slam_toolbox/include/slam_toolbox/slam_toolbox/srv/detail/loop_closure__builder.hpp
-- Up-to-date symlink: /home/rover/kameyama_ws/install/slam_toolbox/include/slam_toolbox/slam_toolbox/srv/detail/loop_closure__struct.hpp
-- Up-to-date symlink: /home/rover/kameyama_ws/install/slam_toolbox/include/slam_toolbox/slam_toolbox/srv/detail/loop_closure__traits.hpp
-- Up-to-date symlink: /home/rover/kameyama_ws/install/slam_toolbox/include/slam_toolbox/slam_toolbox/srv/detail/loop_closure__type_support.hpp
-- Up-to-date symlink: /home/rover/kameyama_ws/install/slam_toolbox/include/slam_toolbox/slam_toolbox/srv/detail/merge_maps__builder.hpp
-- Up-to-date symlink: /home/rover/kameyama_ws/install/slam_toolbox/include/slam_toolbox/slam_toolbox/srv/detail/merge_maps__struct.hpp
-- Up-to-date symlink: /home/rover/kameyama_ws/install/slam_toolbox/include/slam_toolbox/slam_toolbox/srv/detail/merge_maps__traits.hpp
-- Up-to-date symlink: /home/rover/kameyama_ws/install/slam_toolbox/include/slam_toolbox/slam_toolbox/srv/detail/merge_maps__type_support.hpp
-- Up-to-date symlink: /home/rover/kameyama_ws/install/slam_toolbox/include/slam_toolbox/slam_toolbox/srv/detail/pause__builder.hpp
-- Up-to-date symlink: /home/rover/kameyama_ws/install/slam_toolbox/include/slam_toolbox/slam_toolbox/srv/detail/pause__struct.hpp
-- Up-to-date symlink: /home/rover/kameyama_ws/install/slam_toolbox/include/slam_toolbox/slam_toolbox/srv/detail/pause__traits.hpp
-- Up-to-date symlink: /home/rover/kameyama_ws/install/slam_toolbox/include/slam_toolbox/slam_toolbox/srv/detail/pause__type_support.hpp
-- Up-to-date symlink: /home/rover/kameyama_ws/install/slam_toolbox/include/slam_toolbox/slam_toolbox/srv/detail/save_map__builder.hpp
-- Up-to-date symlink: /home/rover/kameyama_ws/install/slam_toolbox/include/slam_toolbox/slam_toolbox/srv/detail/save_map__struct.hpp
-- Up-to-date symlink: /home/rover/kameyama_ws/install/slam_toolbox/include/slam_toolbox/slam_toolbox/srv/detail/save_map__traits.hpp
-- Up-to-date symlink: /home/rover/kameyama_ws/install/slam_toolbox/include/slam_toolbox/slam_toolbox/srv/detail/save_map__type_support.hpp
-- Up-to-date symlink: /home/rover/kameyama_ws/install/slam_toolbox/include/slam_toolbox/slam_toolbox/srv/detail/serialize_pose_graph__builder.hpp
-- Up-to-date symlink: /home/rover/kameyama_ws/install/slam_toolbox/include/slam_toolbox/slam_toolbox/srv/detail/serialize_pose_graph__struct.hpp
-- Up-to-date symlink: /home/rover/kameyama_ws/install/slam_toolbox/include/slam_toolbox/slam_toolbox/srv/detail/serialize_pose_graph__traits.hpp
-- Up-to-date symlink: /home/rover/kameyama_ws/install/slam_toolbox/include/slam_toolbox/slam_toolbox/srv/detail/serialize_pose_graph__type_support.hpp
-- Up-to-date symlink: /home/rover/kameyama_ws/install/slam_toolbox/include/slam_toolbox/slam_toolbox/srv/detail/toggle_interactive__builder.hpp
-- Up-to-date symlink: /home/rover/kameyama_ws/install/slam_toolbox/include/slam_toolbox/slam_toolbox/srv/detail/toggle_interactive__struct.hpp
-- Up-to-date symlink: /home/rover/kameyama_ws/install/slam_toolbox/include/slam_toolbox/slam_toolbox/srv/detail/toggle_interactive__traits.hpp
-- Up-to-date symlink: /home/rover/kameyama_ws/install/slam_toolbox/include/slam_toolbox/slam_toolbox/srv/detail/toggle_interactive__type_support.hpp
-- Up-to-date symlink: /home/rover/kameyama_ws/install/slam_toolbox/include/slam_toolbox/slam_toolbox/srv/loop_closure.hpp
-- Up-to-date symlink: /home/rover/kameyama_ws/install/slam_toolbox/include/slam_toolbox/slam_toolbox/srv/merge_maps.hpp
-- Up-to-date symlink: /home/rover/kameyama_ws/install/slam_toolbox/include/slam_toolbox/slam_toolbox/srv/pause.hpp
-- Up-to-date symlink: /home/rover/kameyama_ws/install/slam_toolbox/include/slam_toolbox/slam_toolbox/srv/save_map.hpp
-- Up-to-date symlink: /home/rover/kameyama_ws/install/slam_toolbox/include/slam_toolbox/slam_toolbox/srv/serialize_pose_graph.hpp
-- Up-to-date symlink: /home/rover/kameyama_ws/install/slam_toolbox/include/slam_toolbox/slam_toolbox/srv/toggle_interactive.hpp
-- Up-to-date symlink: /home/rover/kameyama_ws/install/slam_toolbox/include/slam_toolbox/slam_toolbox/msg/rosidl_typesupport_fastrtps_cpp__visibility_control.h
-- Up-to-date symlink: /home/rover/kameyama_ws/install/slam_toolbox/include/slam_toolbox/slam_toolbox/srv/detail/add_submap__rosidl_typesupport_fastrtps_cpp.hpp
-- Up-to-date symlink: /home/rover/kameyama_ws/install/slam_toolbox/include/slam_toolbox/slam_toolbox/srv/detail/clear__rosidl_typesupport_fastrtps_cpp.hpp
-- Up-to-date symlink: /home/rover/kameyama_ws/install/slam_toolbox/include/slam_toolbox/slam_toolbox/srv/detail/clear_queue__rosidl_typesupport_fastrtps_cpp.hpp
-- Up-to-date symlink: /home/rover/kameyama_ws/install/slam_toolbox/include/slam_toolbox/slam_toolbox/srv/detail/deserialize_pose_graph__rosidl_typesupport_fastrtps_cpp.hpp
-- Up-to-date symlink: /home/rover/kameyama_ws/install/slam_toolbox/include/slam_toolbox/slam_toolbox/srv/detail/loop_closure__rosidl_typesupport_fastrtps_cpp.hpp
-- Up-to-date symlink: /home/rover/kameyama_ws/install/slam_toolbox/include/slam_toolbox/slam_toolbox/srv/detail/merge_maps__rosidl_typesupport_fastrtps_cpp.hpp
-- Up-to-date symlink: /home/rover/kameyama_ws/install/slam_toolbox/include/slam_toolbox/slam_toolbox/srv/detail/pause__rosidl_typesupport_fastrtps_cpp.hpp
-- Up-to-date symlink: /home/rover/kameyama_ws/install/slam_toolbox/include/slam_toolbox/slam_toolbox/srv/detail/save_map__rosidl_typesupport_fastrtps_cpp.hpp
-- Up-to-date symlink: /home/rover/kameyama_ws/install/slam_toolbox/include/slam_toolbox/slam_toolbox/srv/detail/serialize_pose_graph__rosidl_typesupport_fastrtps_cpp.hpp
-- Up-to-date symlink: /home/rover/kameyama_ws/install/slam_toolbox/include/slam_toolbox/slam_toolbox/srv/detail/toggle_interactive__rosidl_typesupport_fastrtps_cpp.hpp
-- Up-to-date symlink: /home/rover/kameyama_ws/install/slam_toolbox/include/slam_toolbox/slam_toolbox/msg/rosidl_typesupport_introspection_c__visibility_control.h
-- Up-to-date symlink: /home/rover/kameyama_ws/install/slam_toolbox/include/slam_toolbox/slam_toolbox/srv/detail/add_submap__rosidl_typesupport_introspection_c.h
-- Up-to-date symlink: /home/rover/kameyama_ws/install/slam_toolbox/include/slam_toolbox/slam_toolbox/srv/detail/clear__rosidl_typesupport_introspection_c.h
-- Up-to-date symlink: /home/rover/kameyama_ws/install/slam_toolbox/include/slam_toolbox/slam_toolbox/srv/detail/clear_queue__rosidl_typesupport_introspection_c.h
-- Up-to-date symlink: /home/rover/kameyama_ws/install/slam_toolbox/include/slam_toolbox/slam_toolbox/srv/detail/deserialize_pose_graph__rosidl_typesupport_introspection_c.h
-- Up-to-date symlink: /home/rover/kameyama_ws/install/slam_toolbox/include/slam_toolbox/slam_toolbox/srv/detail/loop_closure__rosidl_typesupport_introspection_c.h
-- Up-to-date symlink: /home/rover/kameyama_ws/install/slam_toolbox/include/slam_toolbox/slam_toolbox/srv/detail/merge_maps__rosidl_typesupport_introspection_c.h
-- Up-to-date symlink: /home/rover/kameyama_ws/install/slam_toolbox/include/slam_toolbox/slam_toolbox/srv/detail/pause__rosidl_typesupport_introspection_c.h
-- Up-to-date symlink: /home/rover/kameyama_ws/install/slam_toolbox/include/slam_toolbox/slam_toolbox/srv/detail/save_map__rosidl_typesupport_introspection_c.h
-- Up-to-date symlink: /home/rover/kameyama_ws/install/slam_toolbox/include/slam_toolbox/slam_toolbox/srv/detail/serialize_pose_graph__rosidl_typesupport_introspection_c.h
-- Up-to-date symlink: /home/rover/kameyama_ws/install/slam_toolbox/include/slam_toolbox/slam_toolbox/srv/detail/toggle_interactive__rosidl_typesupport_introspection_c.h
-- Up-to-date symlink: /home/rover/kameyama_ws/install/slam_toolbox/include/slam_toolbox/slam_toolbox/srv/detail/add_submap__rosidl_typesupport_introspection_cpp.hpp
-- Up-to-date symlink: /home/rover/kameyama_ws/install/slam_toolbox/include/slam_toolbox/slam_toolbox/srv/detail/clear__rosidl_typesupport_introspection_cpp.hpp
-- Up-to-date symlink: /home/rover/kameyama_ws/install/slam_toolbox/include/slam_toolbox/slam_toolbox/srv/detail/clear_queue__rosidl_typesupport_introspection_cpp.hpp
-- Up-to-date symlink: /home/rover/kameyama_ws/install/slam_toolbox/include/slam_toolbox/slam_toolbox/srv/detail/deserialize_pose_graph__rosidl_typesupport_introspection_cpp.hpp
-- Up-to-date symlink: /home/rover/kameyama_ws/install/slam_toolbox/include/slam_toolbox/slam_toolbox/srv/detail/loop_closure__rosidl_typesupport_introspection_cpp.hpp
-- Up-to-date symlink: /home/rover/kameyama_ws/install/slam_toolbox/include/slam_toolbox/slam_toolbox/srv/detail/merge_maps__rosidl_typesupport_introspection_cpp.hpp
-- Up-to-date symlink: /home/rover/kameyama_ws/install/slam_toolbox/include/slam_toolbox/slam_toolbox/srv/detail/pause__rosidl_typesupport_introspection_cpp.hpp
-- Up-to-date symlink: /home/rover/kameyama_ws/install/slam_toolbox/include/slam_toolbox/slam_toolbox/srv/detail/save_map__rosidl_typesupport_introspection_cpp.hpp
-- Up-to-date symlink: /home/rover/kameyama_ws/install/slam_toolbox/include/slam_toolbox/slam_toolbox/srv/detail/serialize_pose_graph__rosidl_typesupport_introspection_cpp.hpp
-- Up-to-date symlink: /home/rover/kameyama_ws/install/slam_toolbox/include/slam_toolbox/slam_toolbox/srv/detail/toggle_interactive__rosidl_typesupport_introspection_cpp.hpp
-- Up-to-date symlink: /home/rover/kameyama_ws/install/slam_toolbox/share/slam_toolbox/environment/pythonpath.sh
-- Up-to-date symlink: /home/rover/kameyama_ws/install/slam_toolbox/share/slam_toolbox/environment/pythonpath.dsv
-- Up-to-date symlink: /home/rover/kameyama_ws/install/slam_toolbox/local/lib/python3.10/dist-packages/slam_toolbox-2.6.9-py3.10.egg-info/PKG-INFO
-- Up-to-date symlink: /home/rover/kameyama_ws/install/slam_toolbox/local/lib/python3.10/dist-packages/slam_toolbox-2.6.9-py3.10.egg-info/SOURCES.txt
-- Up-to-date symlink: /home/rover/kameyama_ws/install/slam_toolbox/local/lib/python3.10/dist-packages/slam_toolbox-2.6.9-py3.10.egg-info/dependency_links.txt
-- Up-to-date symlink: /home/rover/kameyama_ws/install/slam_toolbox/local/lib/python3.10/dist-packages/slam_toolbox-2.6.9-py3.10.egg-info/top_level.txt
-- Up-to-date symlink: /home/rover/kameyama_ws/install/slam_toolbox/local/lib/python3.10/dist-packages/slam_toolbox/__init__.py
-- Up-to-date symlink: /home/rover/kameyama_ws/install/slam_toolbox/local/lib/python3.10/dist-packages/slam_toolbox/_slam_toolbox_s.ep.rosidl_typesupport_c.c
-- Up-to-date symlink: /home/rover/kameyama_ws/install/slam_toolbox/local/lib/python3.10/dist-packages/slam_toolbox/_slam_toolbox_s.ep.rosidl_typesupport_fastrtps_c.c
-- Up-to-date symlink: /home/rover/kameyama_ws/install/slam_toolbox/local/lib/python3.10/dist-packages/slam_toolbox/_slam_toolbox_s.ep.rosidl_typesupport_introspection_c.c
-- Up-to-date symlink: /home/rover/kameyama_ws/install/slam_toolbox/local/lib/python3.10/dist-packages/slam_toolbox/libslam_toolbox__rosidl_generator_py.so
-- Up-to-date symlink: /home/rover/kameyama_ws/install/slam_toolbox/local/lib/python3.10/dist-packages/slam_toolbox/slam_toolbox_s__rosidl_typesupport_c.cpython-310-x86_64-linux-gnu.so
-- Up-to-date symlink: /home/rover/kameyama_ws/install/slam_toolbox/local/lib/python3.10/dist-packages/slam_toolbox/slam_toolbox_s__rosidl_typesupport_fastrtps_c.cpython-310-x86_64-linux-gnu.so
-- Up-to-date symlink: /home/rover/kameyama_ws/install/slam_toolbox/local/lib/python3.10/dist-packages/slam_toolbox/slam_toolbox_s__rosidl_typesupport_introspection_c.cpython-310-x86_64-linux-gnu.so
-- Up-to-date symlink: /home/rover/kameyama_ws/install/slam_toolbox/local/lib/python3.10/dist-packages/slam_toolbox/srv/__init__.py
-- Up-to-date symlink: /home/rover/kameyama_ws/install/slam_toolbox/local/lib/python3.10/dist-packages/slam_toolbox/srv/_add_submap.py
-- Up-to-date symlink: /home/rover/kameyama_ws/install/slam_toolbox/local/lib/python3.10/dist-packages/slam_toolbox/srv/_add_submap_s.c
-- Up-to-date symlink: /home/rover/kameyama_ws/install/slam_toolbox/local/lib/python3.10/dist-packages/slam_toolbox/srv/_clear.py
-- Up-to-date symlink: /home/rover/kameyama_ws/install/slam_toolbox/local/lib/python3.10/dist-packages/slam_toolbox/srv/_clear_queue.py
-- Up-to-date symlink: /home/rover/kameyama_ws/install/slam_toolbox/local/lib/python3.10/dist-packages/slam_toolbox/srv/_clear_queue_s.c
-- Up-to-date symlink: /home/rover/kameyama_ws/install/slam_toolbox/local/lib/python3.10/dist-packages/slam_toolbox/srv/_clear_s.c
-- Up-to-date symlink: /home/rover/kameyama_ws/install/slam_toolbox/local/lib/python3.10/dist-packages/slam_toolbox/srv/_deserialize_pose_graph.py
-- Up-to-date symlink: /home/rover/kameyama_ws/install/slam_toolbox/local/lib/python3.10/dist-packages/slam_toolbox/srv/_deserialize_pose_graph_s.c
-- Up-to-date symlink: /home/rover/kameyama_ws/install/slam_toolbox/local/lib/python3.10/dist-packages/slam_toolbox/srv/_loop_closure.py
-- Up-to-date symlink: /home/rover/kameyama_ws/install/slam_toolbox/local/lib/python3.10/dist-packages/slam_toolbox/srv/_loop_closure_s.c
-- Up-to-date symlink: /home/rover/kameyama_ws/install/slam_toolbox/local/lib/python3.10/dist-packages/slam_toolbox/srv/_merge_maps.py
-- Up-to-date symlink: /home/rover/kameyama_ws/install/slam_toolbox/local/lib/python3.10/dist-packages/slam_toolbox/srv/_merge_maps_s.c
-- Up-to-date symlink: /home/rover/kameyama_ws/install/slam_toolbox/local/lib/python3.10/dist-packages/slam_toolbox/srv/_pause.py
-- Up-to-date symlink: /home/rover/kameyama_ws/install/slam_toolbox/local/lib/python3.10/dist-packages/slam_toolbox/srv/_pause_s.c
-- Up-to-date symlink: /home/rover/kameyama_ws/install/slam_toolbox/local/lib/python3.10/dist-packages/slam_toolbox/srv/_save_map.py
-- Up-to-date symlink: /home/rover/kameyama_ws/install/slam_toolbox/local/lib/python3.10/dist-packages/slam_toolbox/srv/_save_map_s.c
-- Up-to-date symlink: /home/rover/kameyama_ws/install/slam_toolbox/local/lib/python3.10/dist-packages/slam_toolbox/srv/_serialize_pose_graph.py
-- Up-to-date symlink: /home/rover/kameyama_ws/install/slam_toolbox/local/lib/python3.10/dist-packages/slam_toolbox/srv/_serialize_pose_graph_s.c
-- Up-to-date symlink: /home/rover/kameyama_ws/install/slam_toolbox/local/lib/python3.10/dist-packages/slam_toolbox/srv/_toggle_interactive.py
-- Up-to-date symlink: /home/rover/kameyama_ws/install/slam_toolbox/local/lib/python3.10/dist-packages/slam_toolbox/srv/_toggle_interactive_s.c
-- Up-to-date symlink: /home/rover/kameyama_ws/install/slam_toolbox/local/lib/python3.10/dist-packages/slam_toolbox/slam_toolbox_s__rosidl_typesupport_fastrtps_c.cpython-310-x86_64-linux-gnu.so
-- Up-to-date symlink: /home/rover/kameyama_ws/install/slam_toolbox/local/lib/python3.10/dist-packages/slam_toolbox/slam_toolbox_s__rosidl_typesupport_introspection_c.cpython-310-x86_64-linux-gnu.so
-- Up-to-date symlink: /home/rover/kameyama_ws/install/slam_toolbox/local/lib/python3.10/dist-packages/slam_toolbox/slam_toolbox_s__rosidl_typesupport_c.cpython-310-x86_64-linux-gnu.so
-- Up-to-date symlink: /home/rover/kameyama_ws/install/slam_toolbox/share/slam_toolbox/srv/Pause.idl
-- Up-to-date symlink: /home/rover/kameyama_ws/install/slam_toolbox/share/slam_toolbox/srv/ClearQueue.idl
-- Up-to-date symlink: /home/rover/kameyama_ws/install/slam_toolbox/share/slam_toolbox/srv/ToggleInteractive.idl
-- Up-to-date symlink: /home/rover/kameyama_ws/install/slam_toolbox/share/slam_toolbox/srv/Clear.idl
-- Up-to-date symlink: /home/rover/kameyama_ws/install/slam_toolbox/share/slam_toolbox/srv/SaveMap.idl
-- Up-to-date symlink: /home/rover/kameyama_ws/install/slam_toolbox/share/slam_toolbox/srv/LoopClosure.idl
-- Up-to-date symlink: /home/rover/kameyama_ws/install/slam_toolbox/share/slam_toolbox/srv/MergeMaps.idl
-- Up-to-date symlink: /home/rover/kameyama_ws/install/slam_toolbox/share/slam_toolbox/srv/AddSubmap.idl
-- Up-to-date symlink: /home/rover/kameyama_ws/install/slam_toolbox/share/slam_toolbox/srv/DeserializePoseGraph.idl
-- Up-to-date symlink: /home/rover/kameyama_ws/install/slam_toolbox/share/slam_toolbox/srv/SerializePoseGraph.idl
-- Up-to-date symlink: /home/rover/kameyama_ws/install/slam_toolbox/share/slam_toolbox/srv/Pause.srv
-- Up-to-date symlink: /home/rover/kameyama_ws/install/slam_toolbox/share/slam_toolbox/srv/Pause_Request.msg
-- Up-to-date symlink: /home/rover/kameyama_ws/install/slam_toolbox/share/slam_toolbox/srv/Pause_Response.msg
-- Up-to-date symlink: /home/rover/kameyama_ws/install/slam_toolbox/share/slam_toolbox/srv/ClearQueue.srv
-- Up-to-date symlink: /home/rover/kameyama_ws/install/slam_toolbox/share/slam_toolbox/srv/ClearQueue_Request.msg
-- Up-to-date symlink: /home/rover/kameyama_ws/install/slam_toolbox/share/slam_toolbox/srv/ClearQueue_Response.msg
-- Up-to-date symlink: /home/rover/kameyama_ws/install/slam_toolbox/share/slam_toolbox/srv/ToggleInteractive.srv
-- Up-to-date symlink: /home/rover/kameyama_ws/install/slam_toolbox/share/slam_toolbox/srv/ToggleInteractive_Request.msg
-- Up-to-date symlink: /home/rover/kameyama_ws/install/slam_toolbox/share/slam_toolbox/srv/ToggleInteractive_Response.msg
-- Up-to-date symlink: /home/rover/kameyama_ws/install/slam_toolbox/share/slam_toolbox/srv/Clear.srv
-- Up-to-date symlink: /home/rover/kameyama_ws/install/slam_toolbox/share/slam_toolbox/srv/Clear_Request.msg
-- Up-to-date symlink: /home/rover/kameyama_ws/install/slam_toolbox/share/slam_toolbox/srv/Clear_Response.msg
-- Up-to-date symlink: /home/rover/kameyama_ws/install/slam_toolbox/share/slam_toolbox/srv/SaveMap.srv
-- Up-to-date symlink: /home/rover/kameyama_ws/install/slam_toolbox/share/slam_toolbox/srv/SaveMap_Request.msg
-- Up-to-date symlink: /home/rover/kameyama_ws/install/slam_toolbox/share/slam_toolbox/srv/SaveMap_Response.msg
-- Up-to-date symlink: /home/rover/kameyama_ws/install/slam_toolbox/share/slam_toolbox/srv/LoopClosure.srv
-- Up-to-date symlink: /home/rover/kameyama_ws/install/slam_toolbox/share/slam_toolbox/srv/LoopClosure_Request.msg
-- Up-to-date symlink: /home/rover/kameyama_ws/install/slam_toolbox/share/slam_toolbox/srv/LoopClosure_Response.msg
-- Up-to-date symlink: /home/rover/kameyama_ws/install/slam_toolbox/share/slam_toolbox/srv/MergeMaps.srv
-- Up-to-date symlink: /home/rover/kameyama_ws/install/slam_toolbox/share/slam_toolbox/srv/MergeMaps_Request.msg
-- Up-to-date symlink: /home/rover/kameyama_ws/install/slam_toolbox/share/slam_toolbox/srv/MergeMaps_Response.msg
-- Up-to-date symlink: /home/rover/kameyama_ws/install/slam_toolbox/share/slam_toolbox/srv/AddSubmap.srv
-- Up-to-date symlink: /home/rover/kameyama_ws/install/slam_toolbox/share/slam_toolbox/srv/AddSubmap_Request.msg
-- Up-to-date symlink: /home/rover/kameyama_ws/install/slam_toolbox/share/slam_toolbox/srv/AddSubmap_Response.msg
-- Up-to-date symlink: /home/rover/kameyama_ws/install/slam_toolbox/share/slam_toolbox/srv/DeserializePoseGraph.srv
-- Up-to-date symlink: /home/rover/kameyama_ws/install/slam_toolbox/share/slam_toolbox/srv/DeserializePoseGraph_Request.msg
-- Up-to-date symlink: /home/rover/kameyama_ws/install/slam_toolbox/share/slam_toolbox/srv/DeserializePoseGraph_Response.msg
-- Up-to-date symlink: /home/rover/kameyama_ws/install/slam_toolbox/share/slam_toolbox/srv/SerializePoseGraph.srv
-- Up-to-date symlink: /home/rover/kameyama_ws/install/slam_toolbox/share/slam_toolbox/srv/SerializePoseGraph_Request.msg
-- Up-to-date symlink: /home/rover/kameyama_ws/install/slam_toolbox/share/slam_toolbox/srv/SerializePoseGraph_Response.msg
-- Up-to-date symlink: /home/rover/kameyama_ws/install/slam_toolbox/share/slam_toolbox//rviz_plugins.xml
-- Up-to-date symlink: /home/rover/kameyama_ws/install/slam_toolbox/share/slam_toolbox//solver_plugins.xml
-- Up-to-date symlink: /home/rover/kameyama_ws/install/slam_toolbox/lib/slam_toolbox/async_slam_toolbox_node
-- Up-to-date symlink: /home/rover/kameyama_ws/install/slam_toolbox/lib/slam_toolbox/sync_slam_toolbox_node
-- Up-to-date symlink: /home/rover/kameyama_ws/install/slam_toolbox/lib/slam_toolbox/localization_slam_toolbox_node
-- Up-to-date symlink: /home/rover/kameyama_ws/install/slam_toolbox/lib/slam_toolbox/map_and_localization_slam_toolbox_node
-- Up-to-date symlink: /home/rover/kameyama_ws/install/slam_toolbox/lib/slam_toolbox/merge_maps_kinematic
-- Up-to-date symlink: /home/rover/kameyama_ws/install/slam_toolbox/lib/libtoolbox_common.so
-- Up-to-date symlink: /home/rover/kameyama_ws/install/slam_toolbox/lib/libSlamToolboxPlugin.so
-- Up-to-date symlink: /home/rover/kameyama_ws/install/slam_toolbox/lib/libceres_solver_plugin.so
-- Up-to-date symlink: /home/rover/kameyama_ws/install/slam_toolbox/lib/libasync_slam_toolbox.so
-- Up-to-date symlink: /home/rover/kameyama_ws/install/slam_toolbox/lib/libsync_slam_toolbox.so
-- Up-to-date symlink: /home/rover/kameyama_ws/install/slam_toolbox/lib/liblocalization_slam_toolbox.so
-- Up-to-date symlink: /home/rover/kameyama_ws/install/slam_toolbox/lib/liblifelong_slam_toolbox.so
-- Up-to-date symlink: /home/rover/kameyama_ws/install/slam_toolbox/lib/libmap_and_localization_slam_toolbox.so
-- Up-to-date symlink: /home/rover/kameyama_ws/install/slam_toolbox/lib/libkartoSlamToolbox.so
-- Up-to-date symlink: /home/rover/kameyama_ws/install/slam_toolbox/include/slam_toolbox/experimental/slam_toolbox_lifelong.hpp
-- Up-to-date symlink: /home/rover/kameyama_ws/install/slam_toolbox/include/slam_toolbox/experimental/slam_toolbox_map_and_localization.hpp
-- Up-to-date symlink: /home/rover/kameyama_ws/install/slam_toolbox/include/slam_toolbox/get_pose_helper.hpp
-- Up-to-date symlink: /home/rover/kameyama_ws/install/slam_toolbox/include/slam_toolbox/laser_utils.hpp
-- Up-to-date symlink: /home/rover/kameyama_ws/install/slam_toolbox/include/slam_toolbox/loop_closure_assistant.hpp
-- Up-to-date symlink: /home/rover/kameyama_ws/install/slam_toolbox/include/slam_toolbox/map_saver.hpp
-- Up-to-date symlink: /home/rover/kameyama_ws/install/slam_toolbox/include/slam_toolbox/merge_maps_kinematic.hpp
-- Up-to-date symlink: /home/rover/kameyama_ws/install/slam_toolbox/include/slam_toolbox/serialization.hpp
-- Up-to-date symlink: /home/rover/kameyama_ws/install/slam_toolbox/include/slam_toolbox/slam_mapper.hpp
-- Up-to-date symlink: /home/rover/kameyama_ws/install/slam_toolbox/include/slam_toolbox/slam_toolbox_async.hpp
-- Up-to-date symlink: /home/rover/kameyama_ws/install/slam_toolbox/include/slam_toolbox/slam_toolbox_common.hpp
-- Up-to-date symlink: /home/rover/kameyama_ws/install/slam_toolbox/include/slam_toolbox/slam_toolbox_localization.hpp
-- Up-to-date symlink: /home/rover/kameyama_ws/install/slam_toolbox/include/slam_toolbox/slam_toolbox_sync.hpp
-- Up-to-date symlink: /home/rover/kameyama_ws/install/slam_toolbox/include/slam_toolbox/snap_utils.hpp
-- Up-to-date symlink: /home/rover/kameyama_ws/install/slam_toolbox/include/slam_toolbox/toolbox_msgs.hpp
-- Up-to-date symlink: /home/rover/kameyama_ws/install/slam_toolbox/include/slam_toolbox/toolbox_types.hpp
-- Up-to-date symlink: /home/rover/kameyama_ws/install/slam_toolbox/include/slam_toolbox/visualization_utils.hpp
-- Up-to-date symlink: /home/rover/kameyama_ws/install/slam_toolbox/share/slam_toolbox/launch/localization_launch.py
-- Up-to-date symlink: /home/rover/kameyama_ws/install/slam_toolbox/share/slam_toolbox/launch/merge_maps_kinematic_launch.py
-- Up-to-date symlink: /home/rover/kameyama_ws/install/slam_toolbox/share/slam_toolbox/launch/offline_launch.py
-- Up-to-date symlink: /home/rover/kameyama_ws/install/slam_toolbox/share/slam_toolbox/launch/online_async_launch.py
-- Up-to-date symlink: /home/rover/kameyama_ws/install/slam_toolbox/share/slam_toolbox/launch/online_sync_launch.py
-- Up-to-date symlink: /home/rover/kameyama_ws/install/slam_toolbox/share/slam_toolbox/config/mapper_params_lifelong.yaml
-- Up-to-date symlink: /home/rover/kameyama_ws/install/slam_toolbox/share/slam_toolbox/config/mapper_params_localization.yaml
-- Up-to-date symlink: /home/rover/kameyama_ws/install/slam_toolbox/share/slam_toolbox/config/mapper_params_offline.yaml
-- Up-to-date symlink: /home/rover/kameyama_ws/install/slam_toolbox/share/slam_toolbox/config/mapper_params_online_async.yaml
-- Up-to-date symlink: /home/rover/kameyama_ws/install/slam_toolbox/share/slam_toolbox/config/mapper_params_online_sync.yaml
-- Up-to-date symlink: /home/rover/kameyama_ws/install/slam_toolbox/share/slam_toolbox/config/slam_toolbox_default.rviz
-- Up-to-date symlink: /home/rover/kameyama_ws/install/slam_toolbox/share/solver_plugins.xml
-- Up-to-date symlink: /home/rover/kameyama_ws/install/slam_toolbox/share/rviz_plugins.xml
-- Up-to-date symlink: /home/rover/kameyama_ws/install/slam_toolbox/share/ament_index/resource_index/package_run_dependencies/slam_toolbox
-- Up-to-date symlink: /home/rover/kameyama_ws/install/slam_toolbox/share/ament_index/resource_index/parent_prefix_path/slam_toolbox
-- Up-to-date symlink: /home/rover/kameyama_ws/install/slam_toolbox/share/slam_toolbox/environment/ament_prefix_path.sh
-- Up-to-date symlink: /home/rover/kameyama_ws/install/slam_toolbox/share/slam_toolbox/environment/ament_prefix_path.dsv
-- Up-to-date symlink: /home/rover/kameyama_ws/install/slam_toolbox/share/slam_toolbox/environment/path.sh
-- Up-to-date symlink: /home/rover/kameyama_ws/install/slam_toolbox/share/slam_toolbox/environment/path.dsv
-- Up-to-date symlink: /home/rover/kameyama_ws/install/slam_toolbox/share/slam_toolbox/local_setup.bash
-- Up-to-date symlink: /home/rover/kameyama_ws/install/slam_toolbox/share/slam_toolbox/local_setup.sh
-- Up-to-date symlink: /home/rover/kameyama_ws/install/slam_toolbox/share/slam_toolbox/local_setup.zsh
-- Up-to-date symlink: /home/rover/kameyama_ws/install/slam_toolbox/share/slam_toolbox/local_setup.dsv
-- Symlinking: /home/rover/kameyama_ws/install/slam_toolbox/share/slam_toolbox/package.dsv
-- Up-to-date symlink: /home/rover/kameyama_ws/install/slam_toolbox/share/ament_index/resource_index/packages/slam_toolbox
-- Up-to-date symlink: /home/rover/kameyama_ws/install/slam_toolbox/share/ament_index/resource_index/rviz_common__pluginlib__plugin/slam_toolbox
-- Up-to-date symlink: /home/rover/kameyama_ws/install/slam_toolbox/share/ament_index/resource_index/slam_toolbox__pluginlib__plugin/slam_toolbox
-- Up-to-date symlink: /home/rover/kameyama_ws/install/slam_toolbox/share/ament_index/resource_index/rclcpp_components/slam_toolbox
-- Up-to-date symlink: /home/rover/kameyama_ws/install/slam_toolbox/share/slam_toolbox/cmake/rosidl_cmake-extras.cmake
-- Up-to-date symlink: /home/rover/kameyama_ws/install/slam_toolbox/share/slam_toolbox/cmake/ament_cmake_export_dependencies-extras.cmake
-- Up-to-date symlink: /home/rover/kameyama_ws/install/slam_toolbox/share/slam_toolbox/cmake/ament_cmake_export_include_directories-extras.cmake
-- Up-to-date symlink: /home/rover/kameyama_ws/install/slam_toolbox/share/slam_toolbox/cmake/ament_cmake_export_libraries-extras.cmake
-- Up-to-date symlink: /home/rover/kameyama_ws/install/slam_toolbox/share/slam_toolbox/cmake/ament_cmake_export_targets-extras.cmake
-- Up-to-date symlink: /home/rover/kameyama_ws/install/slam_toolbox/share/slam_toolbox/cmake/rosidl_cmake_export_typesupport_targets-extras.cmake
-- Up-to-date symlink: /home/rover/kameyama_ws/install/slam_toolbox/share/slam_toolbox/cmake/rosidl_cmake_export_typesupport_libraries-extras.cmake
-- Up-to-date symlink: /home/rover/kameyama_ws/install/slam_toolbox/share/slam_toolbox/cmake/slam_toolboxConfig.cmake
-- Up-to-date symlink: /home/rover/kameyama_ws/install/slam_toolbox/share/slam_toolbox/cmake/slam_toolboxConfig-version.cmake
-- Up-to-date symlink: /home/rover/kameyama_ws/install/slam_toolbox/share/slam_toolbox/package.xml
-- Up-to-date: /home/rover/kameyama_ws/install/slam_toolbox/lib/libslam_toolbox__rosidl_generator_c.so
-- Installing: /home/rover/kameyama_ws/install/slam_toolbox/lib/libslam_toolbox__rosidl_typesupport_fastrtps_c.so
-- Set runtime path of "/home/rover/kameyama_ws/install/slam_toolbox/lib/libslam_toolbox__rosidl_typesupport_fastrtps_c.so" to ""
-- Installing: /home/rover/kameyama_ws/install/slam_toolbox/lib/libslam_toolbox__rosidl_typesupport_fastrtps_cpp.so
-- Set runtime path of "/home/rover/kameyama_ws/install/slam_toolbox/lib/libslam_toolbox__rosidl_typesupport_fastrtps_cpp.so" to ""
-- Up-to-date: /home/rover/kameyama_ws/install/slam_toolbox/lib/libslam_toolbox__rosidl_typesupport_introspection_c.so
-- Up-to-date: /home/rover/kameyama_ws/install/slam_toolbox/lib/libslam_toolbox__rosidl_typesupport_c.so
-- Installing: /home/rover/kameyama_ws/install/slam_toolbox/lib/libslam_toolbox__rosidl_typesupport_introspection_cpp.so
-- Set runtime path of "/home/rover/kameyama_ws/install/slam_toolbox/lib/libslam_toolbox__rosidl_typesupport_introspection_cpp.so" to ""
-- Installing: /home/rover/kameyama_ws/install/slam_toolbox/lib/libslam_toolbox__rosidl_typesupport_cpp.so
-- Set runtime path of "/home/rover/kameyama_ws/install/slam_toolbox/lib/libslam_toolbox__rosidl_typesupport_cpp.so" to ""
Listing '/home/rover/kameyama_ws/install/slam_toolbox/local/lib/python3.10/dist-packages/slam_toolbox'...
Listing '/home/rover/kameyama_ws/install/slam_toolbox/local/lib/python3.10/dist-packages/slam_toolbox/srv'...
-- Installing: /home/rover/kameyama_ws/install/slam_toolbox/lib/libslam_toolbox__rosidl_generator_py.so
-- Set runtime path of "/home/rover/kameyama_ws/install/slam_toolbox/lib/libslam_toolbox__rosidl_generator_py.so" to ""
-- Up-to-date: /home/rover/kameyama_ws/install/slam_toolbox/share/slam_toolbox/cmake/export_slam_toolbox__rosidl_generator_cExport.cmake
-- Up-to-date: /home/rover/kameyama_ws/install/slam_toolbox/share/slam_toolbox/cmake/export_slam_toolbox__rosidl_generator_cExport-release.cmake
-- Up-to-date: /home/rover/kameyama_ws/install/slam_toolbox/share/slam_toolbox/cmake/export_slam_toolbox__rosidl_typesupport_fastrtps_cExport.cmake
-- Up-to-date: /home/rover/kameyama_ws/install/slam_toolbox/share/slam_toolbox/cmake/export_slam_toolbox__rosidl_typesupport_fastrtps_cExport-release.cmake
-- Up-to-date: /home/rover/kameyama_ws/install/slam_toolbox/share/slam_toolbox/cmake/export_slam_toolbox__rosidl_generator_cppExport.cmake
-- Up-to-date: /home/rover/kameyama_ws/install/slam_toolbox/share/slam_toolbox/cmake/export_slam_toolbox__rosidl_typesupport_fastrtps_cppExport.cmake
-- Up-to-date: /home/rover/kameyama_ws/install/slam_toolbox/share/slam_toolbox/cmake/export_slam_toolbox__rosidl_typesupport_fastrtps_cppExport-release.cmake
-- Up-to-date: /home/rover/kameyama_ws/install/slam_toolbox/share/slam_toolbox/cmake/slam_toolbox__rosidl_typesupport_introspection_cExport.cmake
-- Up-to-date: /home/rover/kameyama_ws/install/slam_toolbox/share/slam_toolbox/cmake/slam_toolbox__rosidl_typesupport_introspection_cExport-release.cmake
-- Up-to-date: /home/rover/kameyama_ws/install/slam_toolbox/share/slam_toolbox/cmake/slam_toolbox__rosidl_typesupport_cExport.cmake
-- Up-to-date: /home/rover/kameyama_ws/install/slam_toolbox/share/slam_toolbox/cmake/slam_toolbox__rosidl_typesupport_cExport-release.cmake
-- Up-to-date: /home/rover/kameyama_ws/install/slam_toolbox/share/slam_toolbox/cmake/slam_toolbox__rosidl_typesupport_introspection_cppExport.cmake
-- Up-to-date: /home/rover/kameyama_ws/install/slam_toolbox/share/slam_toolbox/cmake/slam_toolbox__rosidl_typesupport_introspection_cppExport-release.cmake
-- Up-to-date: /home/rover/kameyama_ws/install/slam_toolbox/share/slam_toolbox/cmake/slam_toolbox__rosidl_typesupport_cppExport.cmake
-- Up-to-date: /home/rover/kameyama_ws/install/slam_toolbox/share/slam_toolbox/cmake/slam_toolbox__rosidl_typesupport_cppExport-release.cmake
-- Up-to-date: /home/rover/kameyama_ws/install/slam_toolbox/share/slam_toolbox/cmake/export_slam_toolbox__rosidl_generator_pyExport.cmake
-- Up-to-date: /home/rover/kameyama_ws/install/slam_toolbox/share/slam_toolbox/cmake/export_slam_toolbox__rosidl_generator_pyExport-release.cmake
-- Up-to-date: /home/rover/kameyama_ws/install/slam_toolbox/share/slam_toolbox/cmake/SlamToolboxPluginExport.cmake
-- Up-to-date: /home/rover/kameyama_ws/install/slam_toolbox/share/slam_toolbox/cmake/SlamToolboxPluginExport-release.cmake
