[0.072s] Invoking command in '/home/rover/kameyama_ws/build/slam_toolbox': CMAKE_PREFIX_PATH=${CMAKE_PREFIX_PATH}:/home/rover/amir_basic_ws/install/camera_calibration:/opt/ros/humble /usr/bin/cmake --build /home/rover/kameyama_ws/build/slam_toolbox -- -j12 -l12
[4.039s] [  9%] Built target slam_toolbox__rosidl_generator_c
[4.040s] [ 10%] Built target slam_toolbox__cpp
[4.040s] [ 10%] Built target ament_cmake_python_symlink_slam_toolbox
[4.040s] [ 11%] [32mBuilding CXX object lib/karto_sdk/CMakeFiles/kartoSlamToolbox.dir/src/Mapper.cpp.o[0m
[4.040s] [ 12%] [32mBuilding CXX object CMakeFiles/slam_toolbox__rosidl_typesupport_fastrtps_cpp.dir/rosidl_typesupport_fastrtps_cpp/slam_toolbox/srv/detail/dds_fastrtps/pause__type_support.cpp.o[0m
[4.040s] [ 11%] [32mBuilding CXX object lib/karto_sdk/CMakeFiles/kartoSlamToolbox.dir/src/Karto.cpp.o[0m
[4.040s] [ 12%] [32mBuilding CXX object CMakeFiles/slam_toolbox__rosidl_typesupport_fastrtps_cpp.dir/rosidl_typesupport_fastrtps_cpp/slam_toolbox/srv/detail/dds_fastrtps/clear_queue__type_support.cpp.o[0m
[4.040s] [ 13%] [32mBuilding CXX object CMakeFiles/slam_toolbox__rosidl_typesupport_introspection_cpp.dir/rosidl_typesupport_introspection_cpp/slam_toolbox/srv/detail/pause__type_support.cpp.o[0m
[4.040s] [ 13%] [32mBuilding CXX object CMakeFiles/slam_toolbox__rosidl_typesupport_cpp.dir/rosidl_typesupport_cpp/slam_toolbox/srv/pause__type_support.cpp.o[0m
[4.040s] [ 14%] [32mBuilding CXX object CMakeFiles/slam_toolbox__rosidl_typesupport_fastrtps_cpp.dir/rosidl_typesupport_fastrtps_cpp/slam_toolbox/srv/detail/dds_fastrtps/toggle_interactive__type_support.cpp.o[0m
[4.040s] [ 15%] [32mBuilding CXX object CMakeFiles/slam_toolbox__rosidl_typesupport_introspection_cpp.dir/rosidl_typesupport_introspection_cpp/slam_toolbox/srv/detail/clear_queue__type_support.cpp.o[0m
[4.040s] [ 23%] Built target slam_toolbox__rosidl_typesupport_introspection_c
[4.040s] [ 24%] [32mBuilding CXX object CMakeFiles/slam_toolbox__rosidl_typesupport_fastrtps_c.dir/rosidl_typesupport_fastrtps_c/slam_toolbox/srv/detail/pause__type_support_c.cpp.o[0m
[4.040s] [ 24%] [32mBuilding CXX object CMakeFiles/slam_toolbox__rosidl_typesupport_fastrtps_c.dir/rosidl_typesupport_fastrtps_c/slam_toolbox/srv/detail/clear_queue__type_support_c.cpp.o[0m
[4.041s] [ 32%] Built target slam_toolbox__rosidl_typesupport_c
[4.041s] [ 33%] [32mBuilding CXX object CMakeFiles/slam_toolbox__rosidl_typesupport_cpp.dir/rosidl_typesupport_cpp/slam_toolbox/srv/clear_queue__type_support.cpp.o[0m
[4.041s] [ 34%] [32mBuilding CXX object CMakeFiles/slam_toolbox__rosidl_typesupport_fastrtps_c.dir/rosidl_typesupport_fastrtps_c/slam_toolbox/srv/detail/toggle_interactive__type_support_c.cpp.o[0m
[4.041s] [ 35%] [32mBuilding CXX object CMakeFiles/slam_toolbox__rosidl_typesupport_cpp.dir/rosidl_typesupport_cpp/slam_toolbox/srv/toggle_interactive__type_support.cpp.o[0m
[4.041s] [ 36%] [32mBuilding CXX object CMakeFiles/slam_toolbox__rosidl_typesupport_fastrtps_cpp.dir/rosidl_typesupport_fastrtps_cpp/slam_toolbox/srv/detail/dds_fastrtps/clear__type_support.cpp.o[0m
[4.041s] [ 37%] [32mBuilding CXX object CMakeFiles/slam_toolbox__rosidl_typesupport_fastrtps_cpp.dir/rosidl_typesupport_fastrtps_cpp/slam_toolbox/srv/detail/dds_fastrtps/save_map__type_support.cpp.o[0m
[4.041s] [ 37%] [32mBuilding CXX object CMakeFiles/slam_toolbox__rosidl_typesupport_cpp.dir/rosidl_typesupport_cpp/slam_toolbox/srv/clear__type_support.cpp.o[0m
[4.041s] [ 38%] [32mBuilding CXX object CMakeFiles/slam_toolbox__rosidl_typesupport_fastrtps_c.dir/rosidl_typesupport_fastrtps_c/slam_toolbox/srv/detail/clear__type_support_c.cpp.o[0m
[4.041s] [ 39%] [32mBuilding CXX object CMakeFiles/slam_toolbox__rosidl_typesupport_introspection_cpp.dir/rosidl_typesupport_introspection_cpp/slam_toolbox/srv/detail/toggle_interactive__type_support.cpp.o[0m
[4.041s] [ 39%] [32mBuilding CXX object CMakeFiles/slam_toolbox__rosidl_typesupport_fastrtps_cpp.dir/rosidl_typesupport_fastrtps_cpp/slam_toolbox/srv/detail/dds_fastrtps/loop_closure__type_support.cpp.o[0m
[4.041s] [ 39%] [32mBuilding CXX object CMakeFiles/slam_toolbox__rosidl_typesupport_introspection_cpp.dir/rosidl_typesupport_introspection_cpp/slam_toolbox/srv/detail/clear__type_support.cpp.o[0m
[4.041s] [ 40%] [32mBuilding CXX object CMakeFiles/slam_toolbox__rosidl_typesupport_cpp.dir/rosidl_typesupport_cpp/slam_toolbox/srv/save_map__type_support.cpp.o[0m
[4.041s] [ 41%] [32mBuilding CXX object CMakeFiles/slam_toolbox__rosidl_typesupport_fastrtps_c.dir/rosidl_typesupport_fastrtps_c/slam_toolbox/srv/detail/save_map__type_support_c.cpp.o[0m
[4.041s] [ 42%] [32mBuilding CXX object CMakeFiles/slam_toolbox__rosidl_typesupport_fastrtps_cpp.dir/rosidl_typesupport_fastrtps_cpp/slam_toolbox/srv/detail/dds_fastrtps/merge_maps__type_support.cpp.o[0m
[4.041s] [ 43%] [32mBuilding CXX object CMakeFiles/slam_toolbox__rosidl_typesupport_fastrtps_cpp.dir/rosidl_typesupport_fastrtps_cpp/slam_toolbox/srv/detail/dds_fastrtps/add_submap__type_support.cpp.o[0m
[4.041s] [ 44%] [32mBuilding CXX object CMakeFiles/slam_toolbox__rosidl_typesupport_introspection_cpp.dir/rosidl_typesupport_introspection_cpp/slam_toolbox/srv/detail/save_map__type_support.cpp.o[0m
[4.041s] [ 44%] [32mBuilding CXX object CMakeFiles/slam_toolbox__rosidl_typesupport_fastrtps_c.dir/rosidl_typesupport_fastrtps_c/slam_toolbox/srv/detail/loop_closure__type_support_c.cpp.o[0m
[4.041s] running egg_info
[4.042s] [ 45%] [32mBuilding CXX object CMakeFiles/slam_toolbox__rosidl_typesupport_fastrtps_c.dir/rosidl_typesupport_fastrtps_c/slam_toolbox/srv/detail/merge_maps__type_support_c.cpp.o[0m
[4.042s] [ 46%] [32mBuilding CXX object CMakeFiles/slam_toolbox__rosidl_typesupport_introspection_cpp.dir/rosidl_typesupport_introspection_cpp/slam_toolbox/srv/detail/loop_closure__type_support.cpp.o[0m
[4.042s] writing slam_toolbox.egg-info/PKG-INFO
[4.042s] [ 47%] [32mBuilding CXX object CMakeFiles/slam_toolbox__rosidl_typesupport_cpp.dir/rosidl_typesupport_cpp/slam_toolbox/srv/loop_closure__type_support.cpp.o[0m
[4.042s] [ 47%] [32mBuilding CXX object CMakeFiles/slam_toolbox__rosidl_typesupport_fastrtps_cpp.dir/rosidl_typesupport_fastrtps_cpp/slam_toolbox/srv/detail/dds_fastrtps/deserialize_pose_graph__type_support.cpp.o[0m
[4.042s] writing dependency_links to slam_toolbox.egg-info/dependency_links.txt
[4.042s] [ 48%] [32mBuilding CXX object CMakeFiles/slam_toolbox__rosidl_typesupport_fastrtps_c.dir/rosidl_typesupport_fastrtps_c/slam_toolbox/srv/detail/add_submap__type_support_c.cpp.o[0m
[4.042s] [ 49%] [32mBuilding CXX object CMakeFiles/slam_toolbox__rosidl_typesupport_fastrtps_cpp.dir/rosidl_typesupport_fastrtps_cpp/slam_toolbox/srv/detail/dds_fastrtps/serialize_pose_graph__type_support.cpp.o[0m
[4.275s] [ 49%] [32mBuilding CXX object CMakeFiles/slam_toolbox__rosidl_typesupport_fastrtps_c.dir/rosidl_typesupport_fastrtps_c/slam_toolbox/srv/detail/deserialize_pose_graph__type_support_c.cpp.o[0m
[4.387s] [ 50%] [32mBuilding CXX object CMakeFiles/slam_toolbox__rosidl_typesupport_introspection_cpp.dir/rosidl_typesupport_introspection_cpp/slam_toolbox/srv/detail/merge_maps__type_support.cpp.o[0m
[4.444s] writing top-level names to slam_toolbox.egg-info/top_level.txt
[4.638s] [ 50%] [32mBuilding CXX object CMakeFiles/slam_toolbox__rosidl_typesupport_cpp.dir/rosidl_typesupport_cpp/slam_toolbox/srv/merge_maps__type_support.cpp.o[0m
[4.645s] [ 51%] [32mBuilding CXX object CMakeFiles/slam_toolbox__rosidl_typesupport_cpp.dir/rosidl_typesupport_cpp/slam_toolbox/srv/add_submap__type_support.cpp.o[0m
[4.747s] [ 52%] [32mBuilding CXX object CMakeFiles/slam_toolbox__rosidl_typesupport_fastrtps_c.dir/rosidl_typesupport_fastrtps_c/slam_toolbox/srv/detail/serialize_pose_graph__type_support_c.cpp.o[0m
[4.940s] reading manifest file 'slam_toolbox.egg-info/SOURCES.txt'
[4.945s] writing manifest file 'slam_toolbox.egg-info/SOURCES.txt'
[5.139s] [ 53%] [32mBuilding CXX object CMakeFiles/slam_toolbox__rosidl_typesupport_cpp.dir/rosidl_typesupport_cpp/slam_toolbox/srv/serialize_pose_graph__type_support.cpp.o[0m
[5.155s] [ 54%] [32mBuilding CXX object CMakeFiles/slam_toolbox__rosidl_typesupport_cpp.dir/rosidl_typesupport_cpp/slam_toolbox/srv/deserialize_pose_graph__type_support.cpp.o[0m
[5.162s] [ 54%] [32mBuilding CXX object CMakeFiles/slam_toolbox__rosidl_typesupport_introspection_cpp.dir/rosidl_typesupport_introspection_cpp/slam_toolbox/srv/detail/add_submap__type_support.cpp.o[0m
[5.205s] [ 54%] Built target ament_cmake_python_build_slam_toolbox_egg
[5.257s] [ 55%] [32mBuilding CXX object CMakeFiles/slam_toolbox__rosidl_typesupport_introspection_cpp.dir/rosidl_typesupport_introspection_cpp/slam_toolbox/srv/detail/deserialize_pose_graph__type_support.cpp.o[0m
[5.290s] [ 56%] [32mBuilding CXX object CMakeFiles/slam_toolbox__rosidl_typesupport_introspection_cpp.dir/rosidl_typesupport_introspection_cpp/slam_toolbox/srv/detail/serialize_pose_graph__type_support.cpp.o[0m
[5.617s] [ 57%] [32m[1mLinking CXX shared library libslam_toolbox__rosidl_typesupport_fastrtps_cpp.so[0m
[5.880s] [ 58%] Built target slam_toolbox__rosidl_typesupport_fastrtps_cpp
[5.891s] [ 58%] [32m[1mLinking CXX shared library libslam_toolbox__rosidl_typesupport_cpp.so[0m
[6.065s] [ 58%] Built target slam_toolbox__rosidl_typesupport_cpp
[6.186s] [ 59%] [32m[1mLinking CXX shared library libslam_toolbox__rosidl_typesupport_fastrtps_c.so[0m
[6.187s] [ 60%] [32mBuilding CXX object CMakeFiles/SlamToolboxPlugin.dir/rviz_plugin/slam_toolbox_rviz_plugin.cpp.o[0m
[6.217s] [ 61%] [32mBuilding CXX object CMakeFiles/SlamToolboxPlugin.dir/rviz_plugin/moc_slam_toolbox_rviz_plugin.cpp.o[0m
[6.418s] [ 62%] Built target slam_toolbox__rosidl_typesupport_fastrtps_c
[6.754s] [ 62%] [32m[1mLinking CXX shared library libslam_toolbox__rosidl_typesupport_introspection_cpp.so[0m
[6.961s] [ 63%] Built target slam_toolbox__rosidl_typesupport_introspection_cpp
[7.030s] [ 63%] Built target slam_toolbox
[7.114s] [ 63%] Built target slam_toolbox__py
[7.283s] [ 63%] [32mBuilding C object CMakeFiles/slam_toolbox__rosidl_generator_py.dir/rosidl_generator_py/slam_toolbox/srv/_clear_queue_s.c.o[0m
[7.285s] [ 64%] [32mBuilding C object CMakeFiles/slam_toolbox__rosidl_generator_py.dir/rosidl_generator_py/slam_toolbox/srv/_toggle_interactive_s.c.o[0m
[7.286s] [ 65%] [32mBuilding C object CMakeFiles/slam_toolbox__rosidl_generator_py.dir/rosidl_generator_py/slam_toolbox/srv/_pause_s.c.o[0m
[7.317s] [ 66%] [32mBuilding C object CMakeFiles/slam_toolbox__rosidl_generator_py.dir/rosidl_generator_py/slam_toolbox/srv/_clear_s.c.o[0m
[7.324s] [ 67%] [32mBuilding C object CMakeFiles/slam_toolbox__rosidl_generator_py.dir/rosidl_generator_py/slam_toolbox/srv/_merge_maps_s.c.o[0m
[7.327s] [ 67%] [32mBuilding C object CMakeFiles/slam_toolbox__rosidl_generator_py.dir/rosidl_generator_py/slam_toolbox/srv/_save_map_s.c.o[0m
[7.331s] [ 68%] [32mBuilding C object CMakeFiles/slam_toolbox__rosidl_generator_py.dir/rosidl_generator_py/slam_toolbox/srv/_loop_closure_s.c.o[0m
[7.343s] [ 69%] [32mBuilding C object CMakeFiles/slam_toolbox__rosidl_generator_py.dir/rosidl_generator_py/slam_toolbox/srv/_add_submap_s.c.o[0m
[7.621s] [ 70%] [32mBuilding C object CMakeFiles/slam_toolbox__rosidl_generator_py.dir/rosidl_generator_py/slam_toolbox/srv/_serialize_pose_graph_s.c.o[0m
[7.630s] [ 70%] [32mBuilding C object CMakeFiles/slam_toolbox__rosidl_generator_py.dir/rosidl_generator_py/slam_toolbox/srv/_deserialize_pose_graph_s.c.o[0m
[8.049s] [ 71%] [32m[1mLinking C shared library rosidl_generator_py/slam_toolbox/libslam_toolbox__rosidl_generator_py.so[0m
[8.167s] [ 71%] Built target slam_toolbox__rosidl_generator_py
[8.243s] [ 72%] [32mBuilding C object CMakeFiles/slam_toolbox__rosidl_typesupport_fastrtps_c__pyext.dir/rosidl_generator_py/slam_toolbox/_slam_toolbox_s.ep.rosidl_typesupport_fastrtps_c.c.o[0m
[8.244s] [ 73%] [32mBuilding C object CMakeFiles/slam_toolbox__rosidl_typesupport_introspection_c__pyext.dir/rosidl_generator_py/slam_toolbox/_slam_toolbox_s.ep.rosidl_typesupport_introspection_c.c.o[0m
[8.284s] [ 74%] [32mBuilding C object CMakeFiles/slam_toolbox__rosidl_typesupport_c__pyext.dir/rosidl_generator_py/slam_toolbox/_slam_toolbox_s.ep.rosidl_typesupport_c.c.o[0m
[8.814s] [ 75%] [32m[1mLinking C shared library rosidl_generator_py/slam_toolbox/slam_toolbox_s__rosidl_typesupport_introspection_c.cpython-310-x86_64-linux-gnu.so[0m
[8.927s] [ 75%] Built target slam_toolbox__rosidl_typesupport_introspection_c__pyext
[8.930s] [ 75%] [32m[1mLinking C shared library rosidl_generator_py/slam_toolbox/slam_toolbox_s__rosidl_typesupport_fastrtps_c.cpython-310-x86_64-linux-gnu.so[0m
[9.014s] [ 76%] [32m[1mLinking C shared library rosidl_generator_py/slam_toolbox/slam_toolbox_s__rosidl_typesupport_c.cpython-310-x86_64-linux-gnu.so[0m
[9.044s] [ 76%] Built target slam_toolbox__rosidl_typesupport_fastrtps_c__pyext
[9.111s] [ 76%] Built target slam_toolbox__rosidl_typesupport_c__pyext
[28.126s] [ 77%] [32m[1mLinking CXX shared library libkartoSlamToolbox.so[0m
[28.372s] [ 77%] Built target kartoSlamToolbox
[28.417s] [ 78%] [32mBuilding CXX object CMakeFiles/ceres_solver_plugin.dir/solvers/ceres_solver.cpp.o[0m
[28.425s] [ 80%] [32mBuilding CXX object CMakeFiles/toolbox_common.dir/src/slam_toolbox_common.cpp.o[0m
[28.425s] [ 80%] [32mBuilding CXX object CMakeFiles/toolbox_common.dir/src/map_saver.cpp.o[0m
[28.426s] [ 80%] [32mBuilding CXX object CMakeFiles/toolbox_common.dir/src/loop_closure_assistant.cpp.o[0m
[31.168s] [ 80%] [32m[1mLinking CXX shared library libSlamToolboxPlugin.so[0m
[34.022s] [ 80%] Built target SlamToolboxPlugin
[41.587s] [ 81%] [32m[1mLinking CXX shared library libceres_solver_plugin.so[0m
[41.856s] [ 81%] Built target ceres_solver_plugin
[43.623s] [ 82%] [32mBuilding CXX object CMakeFiles/toolbox_common.dir/src/laser_utils.cpp.o[0m
[43.623s] [ 83%] [32mBuilding CXX object CMakeFiles/toolbox_common.dir/src/slam_mapper.cpp.o[0m
[57.073s] [ 84%] [32m[1mLinking CXX shared library libtoolbox_common.so[0m
[57.476s] [ 84%] Built target toolbox_common
[57.513s] [ 86%] [32mBuilding CXX object CMakeFiles/merge_maps_kinematic.dir/src/merge_maps_kinematic.cpp.o[0m
[57.513s] [ 86%] [32mBuilding CXX object CMakeFiles/localization_slam_toolbox.dir/src/slam_toolbox_localization.cpp.o[0m
[57.513s] [ 86%] [32mBuilding CXX object CMakeFiles/sync_slam_toolbox.dir/src/slam_toolbox_sync.cpp.o[0m
[57.515s] [ 87%] [32mBuilding CXX object CMakeFiles/lifelong_slam_toolbox.dir/src/experimental/slam_toolbox_lifelong.cpp.o[0m
[57.521s] [ 88%] [32mBuilding CXX object CMakeFiles/async_slam_toolbox.dir/src/slam_toolbox_async.cpp.o[0m
[67.336s] [ 88%] [32m[1mLinking CXX shared library liblifelong_slam_toolbox.so[0m
[67.352s] [ 89%] [32m[1mLinking CXX shared library libasync_slam_toolbox.so[0m
[67.879s] [ 89%] Built target lifelong_slam_toolbox
[67.918s] [ 89%] Built target async_slam_toolbox
[67.995s] [ 90%] [32mBuilding CXX object CMakeFiles/lifelong_slam_toolbox_node.dir/src/experimental/slam_toolbox_lifelong_node.cpp.o[0m
[68.034s] [ 91%] [32mBuilding CXX object CMakeFiles/async_slam_toolbox_node.dir/src/slam_toolbox_async_node.cpp.o[0m
[68.470s] [ 92%] [32m[1mLinking CXX shared library libsync_slam_toolbox.so[0m
[69.199s] [ 92%] Built target sync_slam_toolbox
[69.310s] [ 93%] [32mBuilding CXX object CMakeFiles/sync_slam_toolbox_node.dir/src/slam_toolbox_sync_node.cpp.o[0m
[72.824s] [ 94%] [32m[1mLinking CXX executable merge_maps_kinematic[0m
[73.505s] [ 94%] Built target merge_maps_kinematic
[75.778s] [ 95%] [32m[1mLinking CXX shared library liblocalization_slam_toolbox.so[0m
[76.841s] [ 95%] Built target localization_slam_toolbox
[76.944s] [ 95%] [32mBuilding CXX object CMakeFiles/map_and_localization_slam_toolbox.dir/src/experimental/slam_toolbox_map_and_localization.cpp.o[0m
[76.947s] [ 96%] [32mBuilding CXX object CMakeFiles/localization_slam_toolbox_node.dir/src/slam_toolbox_localization_node.cpp.o[0m
[81.868s] [ 97%] [32m[1mLinking CXX executable lifelong_slam_toolbox_node[0m
[82.091s] [ 97%] [32m[1mLinking CXX executable async_slam_toolbox_node[0m
[82.196s] [ 97%] Built target lifelong_slam_toolbox_node
[82.400s] [ 97%] Built target async_slam_toolbox_node
[82.801s] [ 97%] [32m[1mLinking CXX executable sync_slam_toolbox_node[0m
[83.069s] [ 97%] Built target sync_slam_toolbox_node
[87.173s] [ 98%] [32m[1mLinking CXX executable localization_slam_toolbox_node[0m
[87.403s] [ 98%] Built target localization_slam_toolbox_node
[92.172s] [ 99%] [32m[1mLinking CXX shared library libmap_and_localization_slam_toolbox.so[0m
[92.471s] [ 99%] Built target map_and_localization_slam_toolbox
[92.506s] [100%] [32mBuilding CXX object CMakeFiles/map_and_localization_slam_toolbox_node.dir/src/experimental/slam_toolbox_map_and_localization_node.cpp.o[0m
[100.682s] [100%] [32m[1mLinking CXX executable map_and_localization_slam_toolbox_node[0m
[100.929s] [100%] Built target map_and_localization_slam_toolbox_node
[100.943s] Invoked command in '/home/rover/kameyama_ws/build/slam_toolbox' returned '0': CMAKE_PREFIX_PATH=${CMAKE_PREFIX_PATH}:/home/rover/amir_basic_ws/install/camera_calibration:/opt/ros/humble /usr/bin/cmake --build /home/rover/kameyama_ws/build/slam_toolbox -- -j12 -l12
[100.945s] Invoking command in '/home/rover/kameyama_ws/build/slam_toolbox': CMAKE_PREFIX_PATH=${CMAKE_PREFIX_PATH}:/home/rover/amir_basic_ws/install/camera_calibration:/opt/ros/humble /usr/bin/cmake --install /home/rover/kameyama_ws/build/slam_toolbox
[100.954s] -- Install configuration: "Release"
[100.955s] -- Execute custom install script
[100.955s] -- Up-to-date symlink: /home/rover/kameyama_ws/install/slam_toolbox/include//karto_sdk/Karto.h
[100.956s] -- Up-to-date symlink: /home/rover/kameyama_ws/install/slam_toolbox/include//karto_sdk/Macros.h
[100.956s] -- Up-to-date symlink: /home/rover/kameyama_ws/install/slam_toolbox/include//karto_sdk/Mapper.h
[100.956s] -- Up-to-date symlink: /home/rover/kameyama_ws/install/slam_toolbox/include//karto_sdk/Math.h
[100.956s] -- Up-to-date symlink: /home/rover/kameyama_ws/install/slam_toolbox/include//karto_sdk/Types.h
[100.956s] -- Up-to-date symlink: /home/rover/kameyama_ws/install/slam_toolbox/include//karto_sdk/nanoflann.hpp
[100.956s] -- Up-to-date symlink: /home/rover/kameyama_ws/install/slam_toolbox/include//karto_sdk/nanoflann_adaptors.h
[100.957s] -- Up-to-date symlink: /home/rover/kameyama_ws/install/slam_toolbox/share/ament_index/resource_index/rosidl_interfaces/slam_toolbox
[100.957s] -- Up-to-date symlink: /home/rover/kameyama_ws/install/slam_toolbox/include/slam_toolbox/slam_toolbox/msg/rosidl_generator_c__visibility_control.h
[100.958s] -- Up-to-date symlink: /home/rover/kameyama_ws/install/slam_toolbox/include/slam_toolbox/slam_toolbox/srv/add_submap.h
[100.958s] -- Up-to-date symlink: /home/rover/kameyama_ws/install/slam_toolbox/include/slam_toolbox/slam_toolbox/srv/clear.h
[100.958s] -- Up-to-date symlink: /home/rover/kameyama_ws/install/slam_toolbox/include/slam_toolbox/slam_toolbox/srv/clear_queue.h
[100.958s] -- Up-to-date symlink: /home/rover/kameyama_ws/install/slam_toolbox/include/slam_toolbox/slam_toolbox/srv/deserialize_pose_graph.h
[100.958s] -- Up-to-date symlink: /home/rover/kameyama_ws/install/slam_toolbox/include/slam_toolbox/slam_toolbox/srv/detail/add_submap__functions.h
[100.959s] -- Up-to-date symlink: /home/rover/kameyama_ws/install/slam_toolbox/include/slam_toolbox/slam_toolbox/srv/detail/add_submap__struct.h
[100.959s] -- Up-to-date symlink: /home/rover/kameyama_ws/install/slam_toolbox/include/slam_toolbox/slam_toolbox/srv/detail/add_submap__type_support.h
[100.959s] -- Up-to-date symlink: /home/rover/kameyama_ws/install/slam_toolbox/include/slam_toolbox/slam_toolbox/srv/detail/clear__functions.h
[100.959s] -- Up-to-date symlink: /home/rover/kameyama_ws/install/slam_toolbox/include/slam_toolbox/slam_toolbox/srv/detail/clear__struct.h
[100.959s] -- Up-to-date symlink: /home/rover/kameyama_ws/install/slam_toolbox/include/slam_toolbox/slam_toolbox/srv/detail/clear__type_support.h
[100.959s] -- Up-to-date symlink: /home/rover/kameyama_ws/install/slam_toolbox/include/slam_toolbox/slam_toolbox/srv/detail/clear_queue__functions.h
[100.959s] -- Up-to-date symlink: /home/rover/kameyama_ws/install/slam_toolbox/include/slam_toolbox/slam_toolbox/srv/detail/clear_queue__struct.h
[100.960s] -- Up-to-date symlink: /home/rover/kameyama_ws/install/slam_toolbox/include/slam_toolbox/slam_toolbox/srv/detail/clear_queue__type_support.h
[100.960s] -- Up-to-date symlink: /home/rover/kameyama_ws/install/slam_toolbox/include/slam_toolbox/slam_toolbox/srv/detail/deserialize_pose_graph__functions.h
[100.960s] -- Up-to-date symlink: /home/rover/kameyama_ws/install/slam_toolbox/include/slam_toolbox/slam_toolbox/srv/detail/deserialize_pose_graph__struct.h
[100.960s] -- Up-to-date symlink: /home/rover/kameyama_ws/install/slam_toolbox/include/slam_toolbox/slam_toolbox/srv/detail/deserialize_pose_graph__type_support.h
[100.960s] -- Up-to-date symlink: /home/rover/kameyama_ws/install/slam_toolbox/include/slam_toolbox/slam_toolbox/srv/detail/loop_closure__functions.h
[100.960s] -- Up-to-date symlink: /home/rover/kameyama_ws/install/slam_toolbox/include/slam_toolbox/slam_toolbox/srv/detail/loop_closure__struct.h
[100.960s] -- Up-to-date symlink: /home/rover/kameyama_ws/install/slam_toolbox/include/slam_toolbox/slam_toolbox/srv/detail/loop_closure__type_support.h
[100.961s] -- Up-to-date symlink: /home/rover/kameyama_ws/install/slam_toolbox/include/slam_toolbox/slam_toolbox/srv/detail/merge_maps__functions.h
[100.961s] -- Up-to-date symlink: /home/rover/kameyama_ws/install/slam_toolbox/include/slam_toolbox/slam_toolbox/srv/detail/merge_maps__struct.h
[100.961s] -- Up-to-date symlink: /home/rover/kameyama_ws/install/slam_toolbox/include/slam_toolbox/slam_toolbox/srv/detail/merge_maps__type_support.h
[100.961s] -- Up-to-date symlink: /home/rover/kameyama_ws/install/slam_toolbox/include/slam_toolbox/slam_toolbox/srv/detail/pause__functions.h
[100.961s] -- Up-to-date symlink: /home/rover/kameyama_ws/install/slam_toolbox/include/slam_toolbox/slam_toolbox/srv/detail/pause__struct.h
[100.961s] -- Up-to-date symlink: /home/rover/kameyama_ws/install/slam_toolbox/include/slam_toolbox/slam_toolbox/srv/detail/pause__type_support.h
[100.961s] -- Up-to-date symlink: /home/rover/kameyama_ws/install/slam_toolbox/include/slam_toolbox/slam_toolbox/srv/detail/save_map__functions.h
[100.962s] -- Up-to-date symlink: /home/rover/kameyama_ws/install/slam_toolbox/include/slam_toolbox/slam_toolbox/srv/detail/save_map__struct.h
[100.962s] -- Up-to-date symlink: /home/rover/kameyama_ws/install/slam_toolbox/include/slam_toolbox/slam_toolbox/srv/detail/save_map__type_support.h
[100.962s] -- Up-to-date symlink: /home/rover/kameyama_ws/install/slam_toolbox/include/slam_toolbox/slam_toolbox/srv/detail/serialize_pose_graph__functions.h
[100.962s] -- Up-to-date symlink: /home/rover/kameyama_ws/install/slam_toolbox/include/slam_toolbox/slam_toolbox/srv/detail/serialize_pose_graph__struct.h
[100.962s] -- Up-to-date symlink: /home/rover/kameyama_ws/install/slam_toolbox/include/slam_toolbox/slam_toolbox/srv/detail/serialize_pose_graph__type_support.h
[100.962s] -- Up-to-date symlink: /home/rover/kameyama_ws/install/slam_toolbox/include/slam_toolbox/slam_toolbox/srv/detail/toggle_interactive__functions.h
[100.962s] -- Up-to-date symlink: /home/rover/kameyama_ws/install/slam_toolbox/include/slam_toolbox/slam_toolbox/srv/detail/toggle_interactive__struct.h
[100.963s] -- Up-to-date symlink: /home/rover/kameyama_ws/install/slam_toolbox/include/slam_toolbox/slam_toolbox/srv/detail/toggle_interactive__type_support.h
[100.963s] -- Up-to-date symlink: /home/rover/kameyama_ws/install/slam_toolbox/include/slam_toolbox/slam_toolbox/srv/loop_closure.h
[100.963s] -- Up-to-date symlink: /home/rover/kameyama_ws/install/slam_toolbox/include/slam_toolbox/slam_toolbox/srv/merge_maps.h
[100.963s] -- Up-to-date symlink: /home/rover/kameyama_ws/install/slam_toolbox/include/slam_toolbox/slam_toolbox/srv/pause.h
[100.963s] -- Up-to-date symlink: /home/rover/kameyama_ws/install/slam_toolbox/include/slam_toolbox/slam_toolbox/srv/save_map.h
[100.963s] -- Up-to-date symlink: /home/rover/kameyama_ws/install/slam_toolbox/include/slam_toolbox/slam_toolbox/srv/serialize_pose_graph.h
[100.963s] -- Up-to-date symlink: /home/rover/kameyama_ws/install/slam_toolbox/include/slam_toolbox/slam_toolbox/srv/toggle_interactive.h
[100.964s] -- Up-to-date symlink: /home/rover/kameyama_ws/install/slam_toolbox/share/slam_toolbox/environment/library_path.sh
[100.964s] -- Up-to-date symlink: /home/rover/kameyama_ws/install/slam_toolbox/share/slam_toolbox/environment/library_path.dsv
[100.964s] -- Up-to-date symlink: /home/rover/kameyama_ws/install/slam_toolbox/include/slam_toolbox/slam_toolbox/msg/rosidl_typesupport_fastrtps_c__visibility_control.h
[100.964s] -- Up-to-date symlink: /home/rover/kameyama_ws/install/slam_toolbox/include/slam_toolbox/slam_toolbox/srv/detail/add_submap__rosidl_typesupport_fastrtps_c.h
[100.965s] -- Up-to-date symlink: /home/rover/kameyama_ws/install/slam_toolbox/include/slam_toolbox/slam_toolbox/srv/detail/clear__rosidl_typesupport_fastrtps_c.h
[100.965s] -- Up-to-date symlink: /home/rover/kameyama_ws/install/slam_toolbox/include/slam_toolbox/slam_toolbox/srv/detail/clear_queue__rosidl_typesupport_fastrtps_c.h
[100.965s] -- Up-to-date symlink: /home/rover/kameyama_ws/install/slam_toolbox/include/slam_toolbox/slam_toolbox/srv/detail/deserialize_pose_graph__rosidl_typesupport_fastrtps_c.h
[100.965s] -- Up-to-date symlink: /home/rover/kameyama_ws/install/slam_toolbox/include/slam_toolbox/slam_toolbox/srv/detail/loop_closure__rosidl_typesupport_fastrtps_c.h
[100.965s] -- Up-to-date symlink: /home/rover/kameyama_ws/install/slam_toolbox/include/slam_toolbox/slam_toolbox/srv/detail/merge_maps__rosidl_typesupport_fastrtps_c.h
[100.965s] -- Up-to-date symlink: /home/rover/kameyama_ws/install/slam_toolbox/include/slam_toolbox/slam_toolbox/srv/detail/pause__rosidl_typesupport_fastrtps_c.h
[100.966s] -- Up-to-date symlink: /home/rover/kameyama_ws/install/slam_toolbox/include/slam_toolbox/slam_toolbox/srv/detail/save_map__rosidl_typesupport_fastrtps_c.h
[100.966s] -- Up-to-date symlink: /home/rover/kameyama_ws/install/slam_toolbox/include/slam_toolbox/slam_toolbox/srv/detail/serialize_pose_graph__rosidl_typesupport_fastrtps_c.h
[100.966s] -- Up-to-date symlink: /home/rover/kameyama_ws/install/slam_toolbox/include/slam_toolbox/slam_toolbox/srv/detail/toggle_interactive__rosidl_typesupport_fastrtps_c.h
[100.966s] -- Up-to-date symlink: /home/rover/kameyama_ws/install/slam_toolbox/include/slam_toolbox/slam_toolbox/msg/rosidl_generator_cpp__visibility_control.hpp
[100.966s] -- Up-to-date symlink: /home/rover/kameyama_ws/install/slam_toolbox/include/slam_toolbox/slam_toolbox/srv/add_submap.hpp
[100.967s] -- Up-to-date symlink: /home/rover/kameyama_ws/install/slam_toolbox/include/slam_toolbox/slam_toolbox/srv/clear.hpp
[100.967s] -- Up-to-date symlink: /home/rover/kameyama_ws/install/slam_toolbox/include/slam_toolbox/slam_toolbox/srv/clear_queue.hpp
[100.967s] -- Up-to-date symlink: /home/rover/kameyama_ws/install/slam_toolbox/include/slam_toolbox/slam_toolbox/srv/deserialize_pose_graph.hpp
[100.967s] -- Up-to-date symlink: /home/rover/kameyama_ws/install/slam_toolbox/include/slam_toolbox/slam_toolbox/srv/detail/add_submap__builder.hpp
[100.967s] -- Up-to-date symlink: /home/rover/kameyama_ws/install/slam_toolbox/include/slam_toolbox/slam_toolbox/srv/detail/add_submap__struct.hpp
[100.967s] -- Up-to-date symlink: /home/rover/kameyama_ws/install/slam_toolbox/include/slam_toolbox/slam_toolbox/srv/detail/add_submap__traits.hpp
[100.967s] -- Up-to-date symlink: /home/rover/kameyama_ws/install/slam_toolbox/include/slam_toolbox/slam_toolbox/srv/detail/add_submap__type_support.hpp
[100.968s] -- Up-to-date symlink: /home/rover/kameyama_ws/install/slam_toolbox/include/slam_toolbox/slam_toolbox/srv/detail/clear__builder.hpp
[100.968s] -- Up-to-date symlink: /home/rover/kameyama_ws/install/slam_toolbox/include/slam_toolbox/slam_toolbox/srv/detail/clear__struct.hpp
[100.968s] -- Up-to-date symlink: /home/rover/kameyama_ws/install/slam_toolbox/include/slam_toolbox/slam_toolbox/srv/detail/clear__traits.hpp
[100.968s] -- Up-to-date symlink: /home/rover/kameyama_ws/install/slam_toolbox/include/slam_toolbox/slam_toolbox/srv/detail/clear__type_support.hpp
[100.968s] -- Up-to-date symlink: /home/rover/kameyama_ws/install/slam_toolbox/include/slam_toolbox/slam_toolbox/srv/detail/clear_queue__builder.hpp
[100.968s] -- Up-to-date symlink: /home/rover/kameyama_ws/install/slam_toolbox/include/slam_toolbox/slam_toolbox/srv/detail/clear_queue__struct.hpp
[100.969s] -- Up-to-date symlink: /home/rover/kameyama_ws/install/slam_toolbox/include/slam_toolbox/slam_toolbox/srv/detail/clear_queue__traits.hpp
[100.969s] -- Up-to-date symlink: /home/rover/kameyama_ws/install/slam_toolbox/include/slam_toolbox/slam_toolbox/srv/detail/clear_queue__type_support.hpp
[100.969s] -- Up-to-date symlink: /home/rover/kameyama_ws/install/slam_toolbox/include/slam_toolbox/slam_toolbox/srv/detail/deserialize_pose_graph__builder.hpp
[100.969s] -- Up-to-date symlink: /home/rover/kameyama_ws/install/slam_toolbox/include/slam_toolbox/slam_toolbox/srv/detail/deserialize_pose_graph__struct.hpp
[100.969s] -- Up-to-date symlink: /home/rover/kameyama_ws/install/slam_toolbox/include/slam_toolbox/slam_toolbox/srv/detail/deserialize_pose_graph__traits.hpp
[100.969s] -- Up-to-date symlink: /home/rover/kameyama_ws/install/slam_toolbox/include/slam_toolbox/slam_toolbox/srv/detail/deserialize_pose_graph__type_support.hpp
[100.969s] -- Up-to-date symlink: /home/rover/kameyama_ws/install/slam_toolbox/include/slam_toolbox/slam_toolbox/srv/detail/loop_closure__builder.hpp
[100.970s] -- Up-to-date symlink: /home/rover/kameyama_ws/install/slam_toolbox/include/slam_toolbox/slam_toolbox/srv/detail/loop_closure__struct.hpp
[100.970s] -- Up-to-date symlink: /home/rover/kameyama_ws/install/slam_toolbox/include/slam_toolbox/slam_toolbox/srv/detail/loop_closure__traits.hpp
[100.970s] -- Up-to-date symlink: /home/rover/kameyama_ws/install/slam_toolbox/include/slam_toolbox/slam_toolbox/srv/detail/loop_closure__type_support.hpp
[100.970s] -- Up-to-date symlink: /home/rover/kameyama_ws/install/slam_toolbox/include/slam_toolbox/slam_toolbox/srv/detail/merge_maps__builder.hpp
[100.970s] -- Up-to-date symlink: /home/rover/kameyama_ws/install/slam_toolbox/include/slam_toolbox/slam_toolbox/srv/detail/merge_maps__struct.hpp
[100.970s] -- Up-to-date symlink: /home/rover/kameyama_ws/install/slam_toolbox/include/slam_toolbox/slam_toolbox/srv/detail/merge_maps__traits.hpp
[100.970s] -- Up-to-date symlink: /home/rover/kameyama_ws/install/slam_toolbox/include/slam_toolbox/slam_toolbox/srv/detail/merge_maps__type_support.hpp
[100.971s] -- Up-to-date symlink: /home/rover/kameyama_ws/install/slam_toolbox/include/slam_toolbox/slam_toolbox/srv/detail/pause__builder.hpp
[100.971s] -- Up-to-date symlink: /home/rover/kameyama_ws/install/slam_toolbox/include/slam_toolbox/slam_toolbox/srv/detail/pause__struct.hpp
[100.971s] -- Up-to-date symlink: /home/rover/kameyama_ws/install/slam_toolbox/include/slam_toolbox/slam_toolbox/srv/detail/pause__traits.hpp
[100.971s] -- Up-to-date symlink: /home/rover/kameyama_ws/install/slam_toolbox/include/slam_toolbox/slam_toolbox/srv/detail/pause__type_support.hpp
[100.971s] -- Up-to-date symlink: /home/rover/kameyama_ws/install/slam_toolbox/include/slam_toolbox/slam_toolbox/srv/detail/save_map__builder.hpp
[100.971s] -- Up-to-date symlink: /home/rover/kameyama_ws/install/slam_toolbox/include/slam_toolbox/slam_toolbox/srv/detail/save_map__struct.hpp
[100.971s] -- Up-to-date symlink: /home/rover/kameyama_ws/install/slam_toolbox/include/slam_toolbox/slam_toolbox/srv/detail/save_map__traits.hpp
[100.971s] -- Up-to-date symlink: /home/rover/kameyama_ws/install/slam_toolbox/include/slam_toolbox/slam_toolbox/srv/detail/save_map__type_support.hpp
[100.972s] -- Up-to-date symlink: /home/rover/kameyama_ws/install/slam_toolbox/include/slam_toolbox/slam_toolbox/srv/detail/serialize_pose_graph__builder.hpp
[100.972s] -- Up-to-date symlink: /home/rover/kameyama_ws/install/slam_toolbox/include/slam_toolbox/slam_toolbox/srv/detail/serialize_pose_graph__struct.hpp
[100.972s] -- Up-to-date symlink: /home/rover/kameyama_ws/install/slam_toolbox/include/slam_toolbox/slam_toolbox/srv/detail/serialize_pose_graph__traits.hpp
[100.972s] -- Up-to-date symlink: /home/rover/kameyama_ws/install/slam_toolbox/include/slam_toolbox/slam_toolbox/srv/detail/serialize_pose_graph__type_support.hpp
[100.972s] -- Up-to-date symlink: /home/rover/kameyama_ws/install/slam_toolbox/include/slam_toolbox/slam_toolbox/srv/detail/toggle_interactive__builder.hpp
[100.972s] -- Up-to-date symlink: /home/rover/kameyama_ws/install/slam_toolbox/include/slam_toolbox/slam_toolbox/srv/detail/toggle_interactive__struct.hpp
[100.973s] -- Up-to-date symlink: /home/rover/kameyama_ws/install/slam_toolbox/include/slam_toolbox/slam_toolbox/srv/detail/toggle_interactive__traits.hpp
[100.973s] -- Up-to-date symlink: /home/rover/kameyama_ws/install/slam_toolbox/include/slam_toolbox/slam_toolbox/srv/detail/toggle_interactive__type_support.hpp
[100.973s] -- Up-to-date symlink: /home/rover/kameyama_ws/install/slam_toolbox/include/slam_toolbox/slam_toolbox/srv/loop_closure.hpp
[100.973s] -- Up-to-date symlink: /home/rover/kameyama_ws/install/slam_toolbox/include/slam_toolbox/slam_toolbox/srv/merge_maps.hpp
[100.973s] -- Up-to-date symlink: /home/rover/kameyama_ws/install/slam_toolbox/include/slam_toolbox/slam_toolbox/srv/pause.hpp
[100.973s] -- Up-to-date symlink: /home/rover/kameyama_ws/install/slam_toolbox/include/slam_toolbox/slam_toolbox/srv/save_map.hpp
[100.974s] -- Up-to-date symlink: /home/rover/kameyama_ws/install/slam_toolbox/include/slam_toolbox/slam_toolbox/srv/serialize_pose_graph.hpp
[100.974s] -- Up-to-date symlink: /home/rover/kameyama_ws/install/slam_toolbox/include/slam_toolbox/slam_toolbox/srv/toggle_interactive.hpp
[100.975s] -- Up-to-date symlink: /home/rover/kameyama_ws/install/slam_toolbox/include/slam_toolbox/slam_toolbox/msg/rosidl_typesupport_fastrtps_cpp__visibility_control.h
[100.975s] -- Up-to-date symlink: /home/rover/kameyama_ws/install/slam_toolbox/include/slam_toolbox/slam_toolbox/srv/detail/add_submap__rosidl_typesupport_fastrtps_cpp.hpp
[100.975s] -- Up-to-date symlink: /home/rover/kameyama_ws/install/slam_toolbox/include/slam_toolbox/slam_toolbox/srv/detail/clear__rosidl_typesupport_fastrtps_cpp.hpp
[100.975s] -- Up-to-date symlink: /home/rover/kameyama_ws/install/slam_toolbox/include/slam_toolbox/slam_toolbox/srv/detail/clear_queue__rosidl_typesupport_fastrtps_cpp.hpp
[100.975s] -- Up-to-date symlink: /home/rover/kameyama_ws/install/slam_toolbox/include/slam_toolbox/slam_toolbox/srv/detail/deserialize_pose_graph__rosidl_typesupport_fastrtps_cpp.hpp
[100.975s] -- Up-to-date symlink: /home/rover/kameyama_ws/install/slam_toolbox/include/slam_toolbox/slam_toolbox/srv/detail/loop_closure__rosidl_typesupport_fastrtps_cpp.hpp
[100.976s] -- Up-to-date symlink: /home/rover/kameyama_ws/install/slam_toolbox/include/slam_toolbox/slam_toolbox/srv/detail/merge_maps__rosidl_typesupport_fastrtps_cpp.hpp
[100.976s] -- Up-to-date symlink: /home/rover/kameyama_ws/install/slam_toolbox/include/slam_toolbox/slam_toolbox/srv/detail/pause__rosidl_typesupport_fastrtps_cpp.hpp
[100.976s] -- Up-to-date symlink: /home/rover/kameyama_ws/install/slam_toolbox/include/slam_toolbox/slam_toolbox/srv/detail/save_map__rosidl_typesupport_fastrtps_cpp.hpp
[100.976s] -- Up-to-date symlink: /home/rover/kameyama_ws/install/slam_toolbox/include/slam_toolbox/slam_toolbox/srv/detail/serialize_pose_graph__rosidl_typesupport_fastrtps_cpp.hpp
[100.976s] -- Up-to-date symlink: /home/rover/kameyama_ws/install/slam_toolbox/include/slam_toolbox/slam_toolbox/srv/detail/toggle_interactive__rosidl_typesupport_fastrtps_cpp.hpp
[100.977s] -- Up-to-date symlink: /home/rover/kameyama_ws/install/slam_toolbox/include/slam_toolbox/slam_toolbox/msg/rosidl_typesupport_introspection_c__visibility_control.h
[100.977s] -- Up-to-date symlink: /home/rover/kameyama_ws/install/slam_toolbox/include/slam_toolbox/slam_toolbox/srv/detail/add_submap__rosidl_typesupport_introspection_c.h
[100.977s] -- Up-to-date symlink: /home/rover/kameyama_ws/install/slam_toolbox/include/slam_toolbox/slam_toolbox/srv/detail/clear__rosidl_typesupport_introspection_c.h
[100.977s] -- Up-to-date symlink: /home/rover/kameyama_ws/install/slam_toolbox/include/slam_toolbox/slam_toolbox/srv/detail/clear_queue__rosidl_typesupport_introspection_c.h
[100.977s] -- Up-to-date symlink: /home/rover/kameyama_ws/install/slam_toolbox/include/slam_toolbox/slam_toolbox/srv/detail/deserialize_pose_graph__rosidl_typesupport_introspection_c.h
[100.978s] -- Up-to-date symlink: /home/rover/kameyama_ws/install/slam_toolbox/include/slam_toolbox/slam_toolbox/srv/detail/loop_closure__rosidl_typesupport_introspection_c.h
[100.978s] -- Up-to-date symlink: /home/rover/kameyama_ws/install/slam_toolbox/include/slam_toolbox/slam_toolbox/srv/detail/merge_maps__rosidl_typesupport_introspection_c.h
[100.978s] -- Up-to-date symlink: /home/rover/kameyama_ws/install/slam_toolbox/include/slam_toolbox/slam_toolbox/srv/detail/pause__rosidl_typesupport_introspection_c.h
[100.978s] -- Up-to-date symlink: /home/rover/kameyama_ws/install/slam_toolbox/include/slam_toolbox/slam_toolbox/srv/detail/save_map__rosidl_typesupport_introspection_c.h
[100.978s] -- Up-to-date symlink: /home/rover/kameyama_ws/install/slam_toolbox/include/slam_toolbox/slam_toolbox/srv/detail/serialize_pose_graph__rosidl_typesupport_introspection_c.h
[100.978s] -- Up-to-date symlink: /home/rover/kameyama_ws/install/slam_toolbox/include/slam_toolbox/slam_toolbox/srv/detail/toggle_interactive__rosidl_typesupport_introspection_c.h
[100.979s] -- Up-to-date symlink: /home/rover/kameyama_ws/install/slam_toolbox/include/slam_toolbox/slam_toolbox/srv/detail/add_submap__rosidl_typesupport_introspection_cpp.hpp
[100.979s] -- Up-to-date symlink: /home/rover/kameyama_ws/install/slam_toolbox/include/slam_toolbox/slam_toolbox/srv/detail/clear__rosidl_typesupport_introspection_cpp.hpp
[100.979s] -- Up-to-date symlink: /home/rover/kameyama_ws/install/slam_toolbox/include/slam_toolbox/slam_toolbox/srv/detail/clear_queue__rosidl_typesupport_introspection_cpp.hpp
[100.979s] -- Up-to-date symlink: /home/rover/kameyama_ws/install/slam_toolbox/include/slam_toolbox/slam_toolbox/srv/detail/deserialize_pose_graph__rosidl_typesupport_introspection_cpp.hpp
[100.979s] -- Up-to-date symlink: /home/rover/kameyama_ws/install/slam_toolbox/include/slam_toolbox/slam_toolbox/srv/detail/loop_closure__rosidl_typesupport_introspection_cpp.hpp
[100.980s] -- Up-to-date symlink: /home/rover/kameyama_ws/install/slam_toolbox/include/slam_toolbox/slam_toolbox/srv/detail/merge_maps__rosidl_typesupport_introspection_cpp.hpp
[100.980s] -- Up-to-date symlink: /home/rover/kameyama_ws/install/slam_toolbox/include/slam_toolbox/slam_toolbox/srv/detail/pause__rosidl_typesupport_introspection_cpp.hpp
[100.980s] -- Up-to-date symlink: /home/rover/kameyama_ws/install/slam_toolbox/include/slam_toolbox/slam_toolbox/srv/detail/save_map__rosidl_typesupport_introspection_cpp.hpp
[100.980s] -- Up-to-date symlink: /home/rover/kameyama_ws/install/slam_toolbox/include/slam_toolbox/slam_toolbox/srv/detail/serialize_pose_graph__rosidl_typesupport_introspection_cpp.hpp
[100.980s] -- Up-to-date symlink: /home/rover/kameyama_ws/install/slam_toolbox/include/slam_toolbox/slam_toolbox/srv/detail/toggle_interactive__rosidl_typesupport_introspection_cpp.hpp
[100.981s] -- Up-to-date symlink: /home/rover/kameyama_ws/install/slam_toolbox/share/slam_toolbox/environment/pythonpath.sh
[100.981s] -- Up-to-date symlink: /home/rover/kameyama_ws/install/slam_toolbox/share/slam_toolbox/environment/pythonpath.dsv
[100.981s] -- Up-to-date symlink: /home/rover/kameyama_ws/install/slam_toolbox/local/lib/python3.10/dist-packages/slam_toolbox-2.6.9-py3.10.egg-info/PKG-INFO
[100.981s] -- Up-to-date symlink: /home/rover/kameyama_ws/install/slam_toolbox/local/lib/python3.10/dist-packages/slam_toolbox-2.6.9-py3.10.egg-info/SOURCES.txt
[100.982s] -- Up-to-date symlink: /home/rover/kameyama_ws/install/slam_toolbox/local/lib/python3.10/dist-packages/slam_toolbox-2.6.9-py3.10.egg-info/dependency_links.txt
[100.982s] -- Up-to-date symlink: /home/rover/kameyama_ws/install/slam_toolbox/local/lib/python3.10/dist-packages/slam_toolbox-2.6.9-py3.10.egg-info/top_level.txt
[100.983s] -- Up-to-date symlink: /home/rover/kameyama_ws/install/slam_toolbox/local/lib/python3.10/dist-packages/slam_toolbox/__init__.py
[100.983s] -- Up-to-date symlink: /home/rover/kameyama_ws/install/slam_toolbox/local/lib/python3.10/dist-packages/slam_toolbox/_slam_toolbox_s.ep.rosidl_typesupport_c.c
[100.983s] -- Up-to-date symlink: /home/rover/kameyama_ws/install/slam_toolbox/local/lib/python3.10/dist-packages/slam_toolbox/_slam_toolbox_s.ep.rosidl_typesupport_fastrtps_c.c
[100.983s] -- Up-to-date symlink: /home/rover/kameyama_ws/install/slam_toolbox/local/lib/python3.10/dist-packages/slam_toolbox/_slam_toolbox_s.ep.rosidl_typesupport_introspection_c.c
[100.983s] -- Up-to-date symlink: /home/rover/kameyama_ws/install/slam_toolbox/local/lib/python3.10/dist-packages/slam_toolbox/libslam_toolbox__rosidl_generator_py.so
[100.983s] -- Up-to-date symlink: /home/rover/kameyama_ws/install/slam_toolbox/local/lib/python3.10/dist-packages/slam_toolbox/slam_toolbox_s__rosidl_typesupport_c.cpython-310-x86_64-linux-gnu.so
[100.983s] -- Up-to-date symlink: /home/rover/kameyama_ws/install/slam_toolbox/local/lib/python3.10/dist-packages/slam_toolbox/slam_toolbox_s__rosidl_typesupport_fastrtps_c.cpython-310-x86_64-linux-gnu.so
[100.984s] -- Up-to-date symlink: /home/rover/kameyama_ws/install/slam_toolbox/local/lib/python3.10/dist-packages/slam_toolbox/slam_toolbox_s__rosidl_typesupport_introspection_c.cpython-310-x86_64-linux-gnu.so
[100.984s] -- Up-to-date symlink: /home/rover/kameyama_ws/install/slam_toolbox/local/lib/python3.10/dist-packages/slam_toolbox/srv/__init__.py
[100.984s] -- Up-to-date symlink: /home/rover/kameyama_ws/install/slam_toolbox/local/lib/python3.10/dist-packages/slam_toolbox/srv/_add_submap.py
[100.984s] -- Up-to-date symlink: /home/rover/kameyama_ws/install/slam_toolbox/local/lib/python3.10/dist-packages/slam_toolbox/srv/_add_submap_s.c
[100.984s] -- Up-to-date symlink: /home/rover/kameyama_ws/install/slam_toolbox/local/lib/python3.10/dist-packages/slam_toolbox/srv/_clear.py
[100.984s] -- Up-to-date symlink: /home/rover/kameyama_ws/install/slam_toolbox/local/lib/python3.10/dist-packages/slam_toolbox/srv/_clear_queue.py
[100.985s] -- Up-to-date symlink: /home/rover/kameyama_ws/install/slam_toolbox/local/lib/python3.10/dist-packages/slam_toolbox/srv/_clear_queue_s.c
[100.985s] -- Up-to-date symlink: /home/rover/kameyama_ws/install/slam_toolbox/local/lib/python3.10/dist-packages/slam_toolbox/srv/_clear_s.c
[100.985s] -- Up-to-date symlink: /home/rover/kameyama_ws/install/slam_toolbox/local/lib/python3.10/dist-packages/slam_toolbox/srv/_deserialize_pose_graph.py
[100.985s] -- Up-to-date symlink: /home/rover/kameyama_ws/install/slam_toolbox/local/lib/python3.10/dist-packages/slam_toolbox/srv/_deserialize_pose_graph_s.c
[100.985s] -- Up-to-date symlink: /home/rover/kameyama_ws/install/slam_toolbox/local/lib/python3.10/dist-packages/slam_toolbox/srv/_loop_closure.py
[100.985s] -- Up-to-date symlink: /home/rover/kameyama_ws/install/slam_toolbox/local/lib/python3.10/dist-packages/slam_toolbox/srv/_loop_closure_s.c
[100.986s] -- Up-to-date symlink: /home/rover/kameyama_ws/install/slam_toolbox/local/lib/python3.10/dist-packages/slam_toolbox/srv/_merge_maps.py
[100.986s] -- Up-to-date symlink: /home/rover/kameyama_ws/install/slam_toolbox/local/lib/python3.10/dist-packages/slam_toolbox/srv/_merge_maps_s.c
[100.986s] -- Up-to-date symlink: /home/rover/kameyama_ws/install/slam_toolbox/local/lib/python3.10/dist-packages/slam_toolbox/srv/_pause.py
[100.986s] -- Up-to-date symlink: /home/rover/kameyama_ws/install/slam_toolbox/local/lib/python3.10/dist-packages/slam_toolbox/srv/_pause_s.c
[100.986s] -- Up-to-date symlink: /home/rover/kameyama_ws/install/slam_toolbox/local/lib/python3.10/dist-packages/slam_toolbox/srv/_save_map.py
[100.986s] -- Up-to-date symlink: /home/rover/kameyama_ws/install/slam_toolbox/local/lib/python3.10/dist-packages/slam_toolbox/srv/_save_map_s.c
[100.987s] -- Up-to-date symlink: /home/rover/kameyama_ws/install/slam_toolbox/local/lib/python3.10/dist-packages/slam_toolbox/srv/_serialize_pose_graph.py
[100.987s] -- Up-to-date symlink: /home/rover/kameyama_ws/install/slam_toolbox/local/lib/python3.10/dist-packages/slam_toolbox/srv/_serialize_pose_graph_s.c
[100.987s] -- Up-to-date symlink: /home/rover/kameyama_ws/install/slam_toolbox/local/lib/python3.10/dist-packages/slam_toolbox/srv/_toggle_interactive.py
[100.987s] -- Up-to-date symlink: /home/rover/kameyama_ws/install/slam_toolbox/local/lib/python3.10/dist-packages/slam_toolbox/srv/_toggle_interactive_s.c
[100.987s] -- Up-to-date symlink: /home/rover/kameyama_ws/install/slam_toolbox/local/lib/python3.10/dist-packages/slam_toolbox/slam_toolbox_s__rosidl_typesupport_fastrtps_c.cpython-310-x86_64-linux-gnu.so
[100.988s] -- Up-to-date symlink: /home/rover/kameyama_ws/install/slam_toolbox/local/lib/python3.10/dist-packages/slam_toolbox/slam_toolbox_s__rosidl_typesupport_introspection_c.cpython-310-x86_64-linux-gnu.so
[100.988s] -- Up-to-date symlink: /home/rover/kameyama_ws/install/slam_toolbox/local/lib/python3.10/dist-packages/slam_toolbox/slam_toolbox_s__rosidl_typesupport_c.cpython-310-x86_64-linux-gnu.so
[100.988s] -- Up-to-date symlink: /home/rover/kameyama_ws/install/slam_toolbox/share/slam_toolbox/srv/Pause.idl
[100.988s] -- Up-to-date symlink: /home/rover/kameyama_ws/install/slam_toolbox/share/slam_toolbox/srv/ClearQueue.idl
[100.989s] -- Up-to-date symlink: /home/rover/kameyama_ws/install/slam_toolbox/share/slam_toolbox/srv/ToggleInteractive.idl
[100.989s] -- Up-to-date symlink: /home/rover/kameyama_ws/install/slam_toolbox/share/slam_toolbox/srv/Clear.idl
[100.989s] -- Up-to-date symlink: /home/rover/kameyama_ws/install/slam_toolbox/share/slam_toolbox/srv/SaveMap.idl
[100.989s] -- Up-to-date symlink: /home/rover/kameyama_ws/install/slam_toolbox/share/slam_toolbox/srv/LoopClosure.idl
[100.989s] -- Up-to-date symlink: /home/rover/kameyama_ws/install/slam_toolbox/share/slam_toolbox/srv/MergeMaps.idl
[100.990s] -- Up-to-date symlink: /home/rover/kameyama_ws/install/slam_toolbox/share/slam_toolbox/srv/AddSubmap.idl
[100.990s] -- Up-to-date symlink: /home/rover/kameyama_ws/install/slam_toolbox/share/slam_toolbox/srv/DeserializePoseGraph.idl
[100.990s] -- Up-to-date symlink: /home/rover/kameyama_ws/install/slam_toolbox/share/slam_toolbox/srv/SerializePoseGraph.idl
[100.990s] -- Up-to-date symlink: /home/rover/kameyama_ws/install/slam_toolbox/share/slam_toolbox/srv/Pause.srv
[100.990s] -- Up-to-date symlink: /home/rover/kameyama_ws/install/slam_toolbox/share/slam_toolbox/srv/Pause_Request.msg
[100.991s] -- Up-to-date symlink: /home/rover/kameyama_ws/install/slam_toolbox/share/slam_toolbox/srv/Pause_Response.msg
[100.991s] -- Up-to-date symlink: /home/rover/kameyama_ws/install/slam_toolbox/share/slam_toolbox/srv/ClearQueue.srv
[100.991s] -- Up-to-date symlink: /home/rover/kameyama_ws/install/slam_toolbox/share/slam_toolbox/srv/ClearQueue_Request.msg
[100.991s] -- Up-to-date symlink: /home/rover/kameyama_ws/install/slam_toolbox/share/slam_toolbox/srv/ClearQueue_Response.msg
[100.991s] -- Up-to-date symlink: /home/rover/kameyama_ws/install/slam_toolbox/share/slam_toolbox/srv/ToggleInteractive.srv
[100.991s] -- Up-to-date symlink: /home/rover/kameyama_ws/install/slam_toolbox/share/slam_toolbox/srv/ToggleInteractive_Request.msg
[100.992s] -- Up-to-date symlink: /home/rover/kameyama_ws/install/slam_toolbox/share/slam_toolbox/srv/ToggleInteractive_Response.msg
[100.992s] -- Up-to-date symlink: /home/rover/kameyama_ws/install/slam_toolbox/share/slam_toolbox/srv/Clear.srv
[100.992s] -- Up-to-date symlink: /home/rover/kameyama_ws/install/slam_toolbox/share/slam_toolbox/srv/Clear_Request.msg
[100.992s] -- Up-to-date symlink: /home/rover/kameyama_ws/install/slam_toolbox/share/slam_toolbox/srv/Clear_Response.msg
[100.992s] -- Up-to-date symlink: /home/rover/kameyama_ws/install/slam_toolbox/share/slam_toolbox/srv/SaveMap.srv
[100.992s] -- Up-to-date symlink: /home/rover/kameyama_ws/install/slam_toolbox/share/slam_toolbox/srv/SaveMap_Request.msg
[100.993s] -- Up-to-date symlink: /home/rover/kameyama_ws/install/slam_toolbox/share/slam_toolbox/srv/SaveMap_Response.msg
[100.993s] -- Up-to-date symlink: /home/rover/kameyama_ws/install/slam_toolbox/share/slam_toolbox/srv/LoopClosure.srv
[100.993s] -- Up-to-date symlink: /home/rover/kameyama_ws/install/slam_toolbox/share/slam_toolbox/srv/LoopClosure_Request.msg
[100.993s] -- Up-to-date symlink: /home/rover/kameyama_ws/install/slam_toolbox/share/slam_toolbox/srv/LoopClosure_Response.msg
[100.993s] -- Up-to-date symlink: /home/rover/kameyama_ws/install/slam_toolbox/share/slam_toolbox/srv/MergeMaps.srv
[100.993s] -- Up-to-date symlink: /home/rover/kameyama_ws/install/slam_toolbox/share/slam_toolbox/srv/MergeMaps_Request.msg
[100.994s] -- Up-to-date symlink: /home/rover/kameyama_ws/install/slam_toolbox/share/slam_toolbox/srv/MergeMaps_Response.msg
[100.994s] -- Up-to-date symlink: /home/rover/kameyama_ws/install/slam_toolbox/share/slam_toolbox/srv/AddSubmap.srv
[100.994s] -- Up-to-date symlink: /home/rover/kameyama_ws/install/slam_toolbox/share/slam_toolbox/srv/AddSubmap_Request.msg
[100.994s] -- Up-to-date symlink: /home/rover/kameyama_ws/install/slam_toolbox/share/slam_toolbox/srv/AddSubmap_Response.msg
[100.994s] -- Up-to-date symlink: /home/rover/kameyama_ws/install/slam_toolbox/share/slam_toolbox/srv/DeserializePoseGraph.srv
[100.995s] -- Up-to-date symlink: /home/rover/kameyama_ws/install/slam_toolbox/share/slam_toolbox/srv/DeserializePoseGraph_Request.msg
[100.995s] -- Up-to-date symlink: /home/rover/kameyama_ws/install/slam_toolbox/share/slam_toolbox/srv/DeserializePoseGraph_Response.msg
[100.995s] -- Up-to-date symlink: /home/rover/kameyama_ws/install/slam_toolbox/share/slam_toolbox/srv/SerializePoseGraph.srv
[100.995s] -- Up-to-date symlink: /home/rover/kameyama_ws/install/slam_toolbox/share/slam_toolbox/srv/SerializePoseGraph_Request.msg
[100.995s] -- Up-to-date symlink: /home/rover/kameyama_ws/install/slam_toolbox/share/slam_toolbox/srv/SerializePoseGraph_Response.msg
[100.995s] -- Up-to-date symlink: /home/rover/kameyama_ws/install/slam_toolbox/share/slam_toolbox//rviz_plugins.xml
[100.996s] -- Up-to-date symlink: /home/rover/kameyama_ws/install/slam_toolbox/share/slam_toolbox//solver_plugins.xml
[100.996s] -- Up-to-date symlink: /home/rover/kameyama_ws/install/slam_toolbox/lib/slam_toolbox/async_slam_toolbox_node
[100.996s] -- Up-to-date symlink: /home/rover/kameyama_ws/install/slam_toolbox/lib/slam_toolbox/sync_slam_toolbox_node
[100.996s] -- Up-to-date symlink: /home/rover/kameyama_ws/install/slam_toolbox/lib/slam_toolbox/localization_slam_toolbox_node
[100.997s] -- Up-to-date symlink: /home/rover/kameyama_ws/install/slam_toolbox/lib/slam_toolbox/map_and_localization_slam_toolbox_node
[100.997s] -- Up-to-date symlink: /home/rover/kameyama_ws/install/slam_toolbox/lib/slam_toolbox/merge_maps_kinematic
[100.997s] -- Up-to-date symlink: /home/rover/kameyama_ws/install/slam_toolbox/lib/libtoolbox_common.so
[100.997s] -- Up-to-date symlink: /home/rover/kameyama_ws/install/slam_toolbox/lib/libSlamToolboxPlugin.so
[100.997s] -- Up-to-date symlink: /home/rover/kameyama_ws/install/slam_toolbox/lib/libceres_solver_plugin.so
[100.998s] -- Up-to-date symlink: /home/rover/kameyama_ws/install/slam_toolbox/lib/libasync_slam_toolbox.so
[100.998s] -- Up-to-date symlink: /home/rover/kameyama_ws/install/slam_toolbox/lib/libsync_slam_toolbox.so
[100.998s] -- Up-to-date symlink: /home/rover/kameyama_ws/install/slam_toolbox/lib/liblocalization_slam_toolbox.so
[100.998s] -- Up-to-date symlink: /home/rover/kameyama_ws/install/slam_toolbox/lib/liblifelong_slam_toolbox.so
[100.998s] -- Up-to-date symlink: /home/rover/kameyama_ws/install/slam_toolbox/lib/libmap_and_localization_slam_toolbox.so
[100.999s] -- Up-to-date symlink: /home/rover/kameyama_ws/install/slam_toolbox/lib/libkartoSlamToolbox.so
[100.999s] -- Up-to-date symlink: /home/rover/kameyama_ws/install/slam_toolbox/include/slam_toolbox/experimental/slam_toolbox_lifelong.hpp
[100.999s] -- Up-to-date symlink: /home/rover/kameyama_ws/install/slam_toolbox/include/slam_toolbox/experimental/slam_toolbox_map_and_localization.hpp
[100.999s] -- Up-to-date symlink: /home/rover/kameyama_ws/install/slam_toolbox/include/slam_toolbox/get_pose_helper.hpp
[101.000s] -- Up-to-date symlink: /home/rover/kameyama_ws/install/slam_toolbox/include/slam_toolbox/laser_utils.hpp
[101.000s] -- Up-to-date symlink: /home/rover/kameyama_ws/install/slam_toolbox/include/slam_toolbox/loop_closure_assistant.hpp
[101.000s] -- Up-to-date symlink: /home/rover/kameyama_ws/install/slam_toolbox/include/slam_toolbox/map_saver.hpp
[101.000s] -- Up-to-date symlink: /home/rover/kameyama_ws/install/slam_toolbox/include/slam_toolbox/merge_maps_kinematic.hpp
[101.000s] -- Up-to-date symlink: /home/rover/kameyama_ws/install/slam_toolbox/include/slam_toolbox/serialization.hpp
[101.000s] -- Up-to-date symlink: /home/rover/kameyama_ws/install/slam_toolbox/include/slam_toolbox/slam_mapper.hpp
[101.001s] -- Up-to-date symlink: /home/rover/kameyama_ws/install/slam_toolbox/include/slam_toolbox/slam_toolbox_async.hpp
[101.001s] -- Up-to-date symlink: /home/rover/kameyama_ws/install/slam_toolbox/include/slam_toolbox/slam_toolbox_common.hpp
[101.001s] -- Up-to-date symlink: /home/rover/kameyama_ws/install/slam_toolbox/include/slam_toolbox/slam_toolbox_localization.hpp
[101.001s] -- Up-to-date symlink: /home/rover/kameyama_ws/install/slam_toolbox/include/slam_toolbox/slam_toolbox_sync.hpp
[101.001s] -- Up-to-date symlink: /home/rover/kameyama_ws/install/slam_toolbox/include/slam_toolbox/snap_utils.hpp
[101.001s] -- Up-to-date symlink: /home/rover/kameyama_ws/install/slam_toolbox/include/slam_toolbox/toolbox_msgs.hpp
[101.001s] -- Up-to-date symlink: /home/rover/kameyama_ws/install/slam_toolbox/include/slam_toolbox/toolbox_types.hpp
[101.002s] -- Up-to-date symlink: /home/rover/kameyama_ws/install/slam_toolbox/include/slam_toolbox/visualization_utils.hpp
[101.002s] -- Up-to-date symlink: /home/rover/kameyama_ws/install/slam_toolbox/share/slam_toolbox/launch/localization_launch.py
[101.002s] -- Up-to-date symlink: /home/rover/kameyama_ws/install/slam_toolbox/share/slam_toolbox/launch/merge_maps_kinematic_launch.py
[101.002s] -- Up-to-date symlink: /home/rover/kameyama_ws/install/slam_toolbox/share/slam_toolbox/launch/offline_launch.py
[101.003s] -- Up-to-date symlink: /home/rover/kameyama_ws/install/slam_toolbox/share/slam_toolbox/launch/online_async_launch.py
[101.003s] -- Up-to-date symlink: /home/rover/kameyama_ws/install/slam_toolbox/share/slam_toolbox/launch/online_sync_launch.py
[101.003s] -- Up-to-date symlink: /home/rover/kameyama_ws/install/slam_toolbox/share/slam_toolbox/config/mapper_params_lifelong.yaml
[101.003s] -- Up-to-date symlink: /home/rover/kameyama_ws/install/slam_toolbox/share/slam_toolbox/config/mapper_params_localization.yaml
[101.004s] -- Up-to-date symlink: /home/rover/kameyama_ws/install/slam_toolbox/share/slam_toolbox/config/mapper_params_offline.yaml
[101.004s] -- Up-to-date symlink: /home/rover/kameyama_ws/install/slam_toolbox/share/slam_toolbox/config/mapper_params_online_async.yaml
[101.004s] -- Up-to-date symlink: /home/rover/kameyama_ws/install/slam_toolbox/share/slam_toolbox/config/mapper_params_online_sync.yaml
[101.004s] -- Up-to-date symlink: /home/rover/kameyama_ws/install/slam_toolbox/share/slam_toolbox/config/slam_toolbox_default.rviz
[101.004s] -- Up-to-date symlink: /home/rover/kameyama_ws/install/slam_toolbox/share/solver_plugins.xml
[101.004s] -- Up-to-date symlink: /home/rover/kameyama_ws/install/slam_toolbox/share/rviz_plugins.xml
[101.005s] -- Up-to-date symlink: /home/rover/kameyama_ws/install/slam_toolbox/share/ament_index/resource_index/package_run_dependencies/slam_toolbox
[101.005s] -- Up-to-date symlink: /home/rover/kameyama_ws/install/slam_toolbox/share/ament_index/resource_index/parent_prefix_path/slam_toolbox
[101.005s] -- Up-to-date symlink: /home/rover/kameyama_ws/install/slam_toolbox/share/slam_toolbox/environment/ament_prefix_path.sh
[101.005s] -- Up-to-date symlink: /home/rover/kameyama_ws/install/slam_toolbox/share/slam_toolbox/environment/ament_prefix_path.dsv
[101.006s] -- Up-to-date symlink: /home/rover/kameyama_ws/install/slam_toolbox/share/slam_toolbox/environment/path.sh
[101.006s] -- Up-to-date symlink: /home/rover/kameyama_ws/install/slam_toolbox/share/slam_toolbox/environment/path.dsv
[101.006s] -- Up-to-date symlink: /home/rover/kameyama_ws/install/slam_toolbox/share/slam_toolbox/local_setup.bash
[101.006s] -- Up-to-date symlink: /home/rover/kameyama_ws/install/slam_toolbox/share/slam_toolbox/local_setup.sh
[101.006s] -- Up-to-date symlink: /home/rover/kameyama_ws/install/slam_toolbox/share/slam_toolbox/local_setup.zsh
[101.006s] -- Up-to-date symlink: /home/rover/kameyama_ws/install/slam_toolbox/share/slam_toolbox/local_setup.dsv
[101.007s] -- Symlinking: /home/rover/kameyama_ws/install/slam_toolbox/share/slam_toolbox/package.dsv
[101.018s] -- Up-to-date symlink: /home/rover/kameyama_ws/install/slam_toolbox/share/ament_index/resource_index/packages/slam_toolbox
[101.018s] -- Up-to-date symlink: /home/rover/kameyama_ws/install/slam_toolbox/share/ament_index/resource_index/rviz_common__pluginlib__plugin/slam_toolbox
[101.018s] -- Up-to-date symlink: /home/rover/kameyama_ws/install/slam_toolbox/share/ament_index/resource_index/slam_toolbox__pluginlib__plugin/slam_toolbox
[101.018s] -- Up-to-date symlink: /home/rover/kameyama_ws/install/slam_toolbox/share/ament_index/resource_index/rclcpp_components/slam_toolbox
[101.019s] -- Up-to-date symlink: /home/rover/kameyama_ws/install/slam_toolbox/share/slam_toolbox/cmake/rosidl_cmake-extras.cmake
[101.019s] -- Up-to-date symlink: /home/rover/kameyama_ws/install/slam_toolbox/share/slam_toolbox/cmake/ament_cmake_export_dependencies-extras.cmake
[101.019s] -- Up-to-date symlink: /home/rover/kameyama_ws/install/slam_toolbox/share/slam_toolbox/cmake/ament_cmake_export_include_directories-extras.cmake
[101.019s] -- Up-to-date symlink: /home/rover/kameyama_ws/install/slam_toolbox/share/slam_toolbox/cmake/ament_cmake_export_libraries-extras.cmake
[101.019s] -- Up-to-date symlink: /home/rover/kameyama_ws/install/slam_toolbox/share/slam_toolbox/cmake/ament_cmake_export_targets-extras.cmake
[101.020s] -- Up-to-date symlink: /home/rover/kameyama_ws/install/slam_toolbox/share/slam_toolbox/cmake/rosidl_cmake_export_typesupport_targets-extras.cmake
[101.020s] -- Up-to-date symlink: /home/rover/kameyama_ws/install/slam_toolbox/share/slam_toolbox/cmake/rosidl_cmake_export_typesupport_libraries-extras.cmake
[101.020s] -- Up-to-date symlink: /home/rover/kameyama_ws/install/slam_toolbox/share/slam_toolbox/cmake/slam_toolboxConfig.cmake
[101.020s] -- Up-to-date symlink: /home/rover/kameyama_ws/install/slam_toolbox/share/slam_toolbox/cmake/slam_toolboxConfig-version.cmake
[101.020s] -- Up-to-date symlink: /home/rover/kameyama_ws/install/slam_toolbox/share/slam_toolbox/package.xml
[101.021s] -- Up-to-date: /home/rover/kameyama_ws/install/slam_toolbox/lib/libslam_toolbox__rosidl_generator_c.so
[101.022s] -- Installing: /home/rover/kameyama_ws/install/slam_toolbox/lib/libslam_toolbox__rosidl_typesupport_fastrtps_c.so
[101.022s] -- Set runtime path of "/home/rover/kameyama_ws/install/slam_toolbox/lib/libslam_toolbox__rosidl_typesupport_fastrtps_c.so" to ""
[101.023s] -- Installing: /home/rover/kameyama_ws/install/slam_toolbox/lib/libslam_toolbox__rosidl_typesupport_fastrtps_cpp.so
[101.023s] -- Set runtime path of "/home/rover/kameyama_ws/install/slam_toolbox/lib/libslam_toolbox__rosidl_typesupport_fastrtps_cpp.so" to ""
[101.024s] -- Up-to-date: /home/rover/kameyama_ws/install/slam_toolbox/lib/libslam_toolbox__rosidl_typesupport_introspection_c.so
[101.025s] -- Up-to-date: /home/rover/kameyama_ws/install/slam_toolbox/lib/libslam_toolbox__rosidl_typesupport_c.so
[101.026s] -- Installing: /home/rover/kameyama_ws/install/slam_toolbox/lib/libslam_toolbox__rosidl_typesupport_introspection_cpp.so
[101.026s] -- Set runtime path of "/home/rover/kameyama_ws/install/slam_toolbox/lib/libslam_toolbox__rosidl_typesupport_introspection_cpp.so" to ""
[101.027s] -- Installing: /home/rover/kameyama_ws/install/slam_toolbox/lib/libslam_toolbox__rosidl_typesupport_cpp.so
[101.027s] -- Set runtime path of "/home/rover/kameyama_ws/install/slam_toolbox/lib/libslam_toolbox__rosidl_typesupport_cpp.so" to ""
[101.053s] Listing '/home/rover/kameyama_ws/install/slam_toolbox/local/lib/python3.10/dist-packages/slam_toolbox'...
[101.053s] Listing '/home/rover/kameyama_ws/install/slam_toolbox/local/lib/python3.10/dist-packages/slam_toolbox/srv'...
[101.058s] -- Installing: /home/rover/kameyama_ws/install/slam_toolbox/lib/libslam_toolbox__rosidl_generator_py.so
[101.058s] -- Set runtime path of "/home/rover/kameyama_ws/install/slam_toolbox/lib/libslam_toolbox__rosidl_generator_py.so" to ""
[101.059s] -- Up-to-date: /home/rover/kameyama_ws/install/slam_toolbox/share/slam_toolbox/cmake/export_slam_toolbox__rosidl_generator_cExport.cmake
[101.059s] -- Up-to-date: /home/rover/kameyama_ws/install/slam_toolbox/share/slam_toolbox/cmake/export_slam_toolbox__rosidl_generator_cExport-release.cmake
[101.059s] -- Up-to-date: /home/rover/kameyama_ws/install/slam_toolbox/share/slam_toolbox/cmake/export_slam_toolbox__rosidl_typesupport_fastrtps_cExport.cmake
[101.059s] -- Up-to-date: /home/rover/kameyama_ws/install/slam_toolbox/share/slam_toolbox/cmake/export_slam_toolbox__rosidl_typesupport_fastrtps_cExport-release.cmake
[101.059s] -- Up-to-date: /home/rover/kameyama_ws/install/slam_toolbox/share/slam_toolbox/cmake/export_slam_toolbox__rosidl_generator_cppExport.cmake
[101.060s] -- Up-to-date: /home/rover/kameyama_ws/install/slam_toolbox/share/slam_toolbox/cmake/export_slam_toolbox__rosidl_typesupport_fastrtps_cppExport.cmake
[101.060s] -- Up-to-date: /home/rover/kameyama_ws/install/slam_toolbox/share/slam_toolbox/cmake/export_slam_toolbox__rosidl_typesupport_fastrtps_cppExport-release.cmake
[101.061s] -- Up-to-date: /home/rover/kameyama_ws/install/slam_toolbox/share/slam_toolbox/cmake/slam_toolbox__rosidl_typesupport_introspection_cExport.cmake
[101.061s] -- Up-to-date: /home/rover/kameyama_ws/install/slam_toolbox/share/slam_toolbox/cmake/slam_toolbox__rosidl_typesupport_introspection_cExport-release.cmake
[101.061s] -- Up-to-date: /home/rover/kameyama_ws/install/slam_toolbox/share/slam_toolbox/cmake/slam_toolbox__rosidl_typesupport_cExport.cmake
[101.061s] -- Up-to-date: /home/rover/kameyama_ws/install/slam_toolbox/share/slam_toolbox/cmake/slam_toolbox__rosidl_typesupport_cExport-release.cmake
[101.062s] -- Up-to-date: /home/rover/kameyama_ws/install/slam_toolbox/share/slam_toolbox/cmake/slam_toolbox__rosidl_typesupport_introspection_cppExport.cmake
[101.062s] -- Up-to-date: /home/rover/kameyama_ws/install/slam_toolbox/share/slam_toolbox/cmake/slam_toolbox__rosidl_typesupport_introspection_cppExport-release.cmake
[101.062s] -- Up-to-date: /home/rover/kameyama_ws/install/slam_toolbox/share/slam_toolbox/cmake/slam_toolbox__rosidl_typesupport_cppExport.cmake
[101.062s] -- Up-to-date: /home/rover/kameyama_ws/install/slam_toolbox/share/slam_toolbox/cmake/slam_toolbox__rosidl_typesupport_cppExport-release.cmake
[101.063s] -- Up-to-date: /home/rover/kameyama_ws/install/slam_toolbox/share/slam_toolbox/cmake/export_slam_toolbox__rosidl_generator_pyExport.cmake
[101.063s] -- Up-to-date: /home/rover/kameyama_ws/install/slam_toolbox/share/slam_toolbox/cmake/export_slam_toolbox__rosidl_generator_pyExport-release.cmake
[101.063s] -- Up-to-date: /home/rover/kameyama_ws/install/slam_toolbox/share/slam_toolbox/cmake/SlamToolboxPluginExport.cmake
[101.063s] -- Up-to-date: /home/rover/kameyama_ws/install/slam_toolbox/share/slam_toolbox/cmake/SlamToolboxPluginExport-release.cmake
[101.067s] Invoked command in '/home/rover/kameyama_ws/build/slam_toolbox' returned '0': CMAKE_PREFIX_PATH=${CMAKE_PREFIX_PATH}:/home/rover/amir_basic_ws/install/camera_calibration:/opt/ros/humble /usr/bin/cmake --install /home/rover/kameyama_ws/build/slam_toolbox
