[  1%] Built target observation_msgs__cpp
[ 12%] Built target observation_msgs__rosidl_generator_c
[ 12%] Built target ament_cmake_python_symlink_observation_msgs
[ 23%] Built target observation_msgs__rosidl_typesupport_cpp
[ 34%] Built target observation_msgs__rosidl_typesupport_fastrtps_cpp
[ 47%] Built target observation_msgs__rosidl_typesupport_c
[ 57%] Built target observation_msgs__rosidl_typesupport_introspection_cpp
[ 68%] Built target observation_msgs__rosidl_typesupport_fastrtps_c
[ 79%] Built target observation_msgs__rosidl_typesupport_introspection_c
[ 79%] Built target observation_msgs
[ 80%] Built target observation_msgs__py
[ 90%] Built target observation_msgs__rosidl_generator_py
Traceback (most recent call last):
  File "/home/rover/kameyama_ws/build/observation_msgs/ament_cmake_python/observation_msgs/setup.py", line 1, in <module>
gmake[2]: *** [CMakeFiles/observation_msgs__rosidl_typesupport_fastrtps_c__pyext.dir/build.make:228: CMakeFiles/observation_msgs__rosidl_typesupport_fastrtps_c__pyext.dir/depend] 割り込み
    from setuptools import find_packages
  File "/home/rover/.local/lib/python3.10/site-packages/setuptools/__init__.py", line 15, in <module>
gmake[2]: *** [CMakeFiles/observation_msgs__rosidl_typesupport_c__pyext.dir/build.make:227: CMakeFiles/observation_msgs__rosidl_typesupport_c__pyext.dir/depend] 割り込み
gmake[1]: *** [CMakeFiles/Makefile2:504: CMakeFiles/observation_msgs__rosidl_typesupport_fastrtps_c__pyext.dir/all] 割り込み
gmake[1]: *** [CMakeFiles/Makefile2:563: CMakeFiles/observation_msgs__rosidl_typesupport_c__pyext.dir/all] 割り込み
gmake[2]: *** [CMakeFiles/observation_msgs__rosidl_typesupport_introspection_c__pyext.dir/build.make:228: CMakeFiles/observation_msgs__rosidl_typesupport_introspection_c__pyext.dir/depend] 割り込み
gmake[1]: *** [CMakeFiles/Makefile2:534: CMakeFiles/observation_msgs__rosidl_typesupport_introspection_c__pyext.dir/all] 割り込み
    from setuptools.extension import Extension
  File "<frozen importlib._bootstrap>", line 1027, in _find_and_load
  File "<frozen importlib._bootstrap>", line 1006, in _find_and_load_unlocked
  File "<frozen importlib._bootstrap>", line 688, in _load_unlocked
  File "<frozen importlib._bootstrap_external>", line 879, in exec_module
  File "<frozen importlib._bootstrap_external>", line 964, in get_code
  File "<frozen importlib._bootstrap_external>", line 406, in cache_from_source
  File "<frozen importlib._bootstrap_external>", line 134, in _path_split
  File "<frozen importlib._bootstrap_external>", line 134, in <genexpr>
KeyboardInterrupt
gmake[2]: *** [CMakeFiles/ament_cmake_python_build_observation_msgs_egg.dir/build.make:70: CMakeFiles/ament_cmake_python_build_observation_msgs_egg] 割り込み
gmake[1]: *** [CMakeFiles/Makefile2:447: CMakeFiles/ament_cmake_python_build_observation_msgs_egg.dir/all] 割り込み
gmake: *** [Makefile:146: all] 割り込み
