[  3%] Built target bebop_msgs__cpp
[ 12%] Built target bebop_msgs__rosidl_generator_c
[ 12%] Built target ament_cmake_python_symlink_bebop_msgs
[ 22%] Built target bebop_msgs__rosidl_typesupport_fastrtps_cpp
[ 32%] Built target bebop_msgs__rosidl_typesupport_introspection_cpp
[ 41%] Built target bebop_msgs__rosidl_typesupport_introspection_c
[ 51%] Built target bebop_msgs__rosidl_typesupport_cpp
[ 61%] Built target bebop_msgs__rosidl_typesupport_fastrtps_c
[ 70%] Built target bebop_msgs__rosidl_typesupport_c
[ 70%] Built target bebop_msgs
[ 74%] Built target bebop_msgs__py
[ 80%] Built target bebop_msgs__rosidl_generator_py
[ 90%] Built target bebop_msgs__rosidl_typesupport_c__pyext
[ 93%] Built target bebop_msgs__rosidl_typesupport_fastrtps_c__pyext
[100%] Built target bebop_msgs__rosidl_typesupport_introspection_c__pyext
running egg_info
writing bebop_msgs.egg-info/PKG-INFO
interrupted
gmake[2]: *** [CMakeFiles/ament_cmake_python_build_bebop_msgs_egg.dir/build.make:70: CMakeFiles/ament_cmake_python_build_bebop_msgs_egg] 割り込み
gmake[1]: *** [CMakeFiles/Makefile2:447: CMakeFiles/ament_cmake_python_build_bebop_msgs_egg.dir/all] 割り込み
gmake: *** [Makefile:146: all] 割り込み
