[0.070s] Invoking command in '/home/rover/kameyama_ws/build/my_nav_msgs': CMAKE_PREFIX_PATH=${CMAKE_PREFIX_PATH}:/home/rover/kameyama_ws/install/ros2_aruco:/home/rover/kameyama_ws/install/failure_detection:/home/rover/kameyama_ws/install/bt_generator:/home/rover/amir_basic_ws/install/nav2_simple_commander:/home/rover/amir_basic_ws/install/camera_calibration:/opt/ros/humble /usr/bin/cmake --build /home/rover/kameyama_ws/build/my_nav_msgs -- -j12 -l12
[0.955s] [  1%] Built target my_nav_msgs__cpp
[0.955s] [ 12%] Built target my_nav_msgs__rosidl_generator_c
[0.955s] [ 12%] Built target ament_cmake_python_symlink_my_nav_msgs
[0.955s] [ 23%] Built target my_nav_msgs__rosidl_typesupport_cpp
[0.955s] [ 34%] Built target my_nav_msgs__rosidl_typesupport_introspection_c
[0.955s] [ 45%] Built target my_nav_msgs__rosidl_typesupport_c
[0.955s] [ 56%] Built target my_nav_msgs__rosidl_typesupport_fastrtps_cpp
[0.956s] [ 67%] Built target my_nav_msgs__rosidl_typesupport_introspection_cpp
[0.956s] [ 78%] Built target my_nav_msgs__rosidl_typesupport_fastrtps_c
[0.956s] [ 78%] Built target my_nav_msgs
[0.956s] [ 80%] Built target my_nav_msgs__py
[0.956s] [ 89%] Built target my_nav_msgs__rosidl_generator_py
[0.956s] [ 92%] Built target my_nav_msgs__rosidl_typesupport_c__pyext
[0.956s] [ 96%] Built target my_nav_msgs__rosidl_typesupport_fastrtps_c__pyext
[0.956s] [100%] Built target my_nav_msgs__rosidl_typesupport_introspection_c__pyext
[1.017s] running egg_info
[1.077s] writing my_nav_msgs.egg-info/PKG-INFO
[1.122s] writing dependency_links to my_nav_msgs.egg-info/dependency_links.txt
[1.146s] interrupted
[1.180s] gmake[2]: *** [CMakeFiles/ament_cmake_python_build_my_nav_msgs_egg.dir/build.make:70: CMakeFiles/ament_cmake_python_build_my_nav_msgs_egg] 割り込み
[1.180s] gmake[1]: *** [CMakeFiles/Makefile2:447: CMakeFiles/ament_cmake_python_build_my_nav_msgs_egg.dir/all] 割り込み
[1.180s] gmake: *** [Makefile:146: all] 割り込み
