[  2%] Built target ar_track_alvar_msgs__cpp
[ 12%] Built target ar_track_alvar_msgs__rosidl_generator_c
[ 12%] Built target ament_cmake_python_symlink_ar_track_alvar_msgs
[ 23%] Built target ar_track_alvar_msgs__rosidl_typesupport_c
[ 33%] Built target ar_track_alvar_msgs__rosidl_typesupport_fastrtps_cpp
[ 43%] Built target ar_track_alvar_msgs__rosidl_typesupport_introspection_c
[ 53%] Built target ar_track_alvar_msgs__rosidl_typesupport_cpp
[ 64%] Built target ar_track_alvar_msgs__rosidl_typesupport_fastrtps_c
[ 74%] Built target ar_track_alvar_msgs__rosidl_typesupport_introspection_cpp
[ 74%] Built target ar_track_alvar_msgs
[ 76%] Built target ar_track_alvar_msgs__py
[ 84%] Built target ar_track_alvar_msgs__rosidl_generator_py
[ 89%] Built target ar_track_alvar_msgs__rosidl_typesupport_introspection_c__pyext
[ 94%] Built target ar_track_alvar_msgs__rosidl_typesupport_fastrtps_c__pyext
[100%] Built target ar_track_alvar_msgs__rosidl_typesupport_c__pyext
running egg_info
writing ar_track_alvar_msgs.egg-info/PKG-INFO
writing dependency_links to ar_track_alvar_msgs.egg-info/dependency_links.txt
writing top-level names to ar_track_alvar_msgs.egg-info/top_level.txt
reading manifest file 'ar_track_alvar_msgs.egg-info/SOURCES.txt'
writing manifest file 'ar_track_alvar_msgs.egg-info/SOURCES.txt'
[100%] Built target ament_cmake_python_build_ar_track_alvar_msgs_egg
