[0.440s] Invoking command in '/home/das-note-021/amir_kameyama_ws/build/rviz_utility': CMAKE_PREFIX_PATH=${CMAKE_PREFIX_PATH}:/home/das-note-021/amir_kameyama_ws/install/failure_detection:/home/das-note-021/amir_kameyama_ws/install/bt_generator:/home/das-note-021/kameyama_ws/install/ros2_aruco:/home/das-note-021/kameyama_ws/install/failure_detection:/home/das-note-021/kameyama_ws/install/bt_generator:/opt/ros/humble /usr/bin/cmake --build /home/das-note-021/amir_kameyama_ws/build/rviz_utility -- -j22 -l22
[0.586s] Invoked command in '/home/das-note-021/amir_kameyama_ws/build/rviz_utility' returned '0': CMAKE_PREFIX_PATH=${CMAKE_PREFIX_PATH}:/home/das-note-021/amir_kameyama_ws/install/failure_detection:/home/das-note-021/amir_kameyama_ws/install/bt_generator:/home/das-note-021/kameyama_ws/install/ros2_aruco:/home/das-note-021/kameyama_ws/install/failure_detection:/home/das-note-021/kameyama_ws/install/bt_generator:/opt/ros/humble /usr/bin/cmake --build /home/das-note-021/amir_kameyama_ws/build/rviz_utility -- -j22 -l22
[0.587s] Invoking command in '/home/das-note-021/amir_kameyama_ws/build/rviz_utility': CMAKE_PREFIX_PATH=${CMAKE_PREFIX_PATH}:/home/das-note-021/amir_kameyama_ws/install/failure_detection:/home/das-note-021/amir_kameyama_ws/install/bt_generator:/home/das-note-021/kameyama_ws/install/ros2_aruco:/home/das-note-021/kameyama_ws/install/failure_detection:/home/das-note-021/kameyama_ws/install/bt_generator:/opt/ros/humble /usr/bin/cmake --install /home/das-note-021/amir_kameyama_ws/build/rviz_utility
[0.616s] -- Install configuration: ""
[0.616s] -- Execute custom install script
[0.616s] -- Up-to-date symlink: /home/das-note-021/amir_kameyama_ws/install/rviz_utility/share/rviz_utility/launch/rviz_launch.py
[0.616s] -- Up-to-date symlink: /home/das-note-021/amir_kameyama_ws/install/rviz_utility/share/rviz_utility/rviz/amir.rviz
[0.616s] -- Up-to-date symlink: /home/das-note-021/amir_kameyama_ws/install/rviz_utility/share/rviz_utility/rviz/mecanum2.rviz
[0.616s] -- Up-to-date symlink: /home/das-note-021/amir_kameyama_ws/install/rviz_utility/share/rviz_utility/rviz/navigation1.rviz
[0.616s] -- Up-to-date symlink: /home/das-note-021/amir_kameyama_ws/install/rviz_utility/share/ament_index/resource_index/package_run_dependencies/rviz_utility
[0.616s] -- Up-to-date symlink: /home/das-note-021/amir_kameyama_ws/install/rviz_utility/share/ament_index/resource_index/parent_prefix_path/rviz_utility
[0.616s] -- Up-to-date symlink: /home/das-note-021/amir_kameyama_ws/install/rviz_utility/share/rviz_utility/environment/ament_prefix_path.sh
[0.616s] -- Up-to-date symlink: /home/das-note-021/amir_kameyama_ws/install/rviz_utility/share/rviz_utility/environment/ament_prefix_path.dsv
[0.616s] -- Up-to-date symlink: /home/das-note-021/amir_kameyama_ws/install/rviz_utility/share/rviz_utility/environment/path.sh
[0.616s] -- Up-to-date symlink: /home/das-note-021/amir_kameyama_ws/install/rviz_utility/share/rviz_utility/environment/path.dsv
[0.616s] -- Up-to-date symlink: /home/das-note-021/amir_kameyama_ws/install/rviz_utility/share/rviz_utility/local_setup.bash
[0.616s] -- Up-to-date symlink: /home/das-note-021/amir_kameyama_ws/install/rviz_utility/share/rviz_utility/local_setup.sh
[0.616s] -- Up-to-date symlink: /home/das-note-021/amir_kameyama_ws/install/rviz_utility/share/rviz_utility/local_setup.zsh
[0.616s] -- Up-to-date symlink: /home/das-note-021/amir_kameyama_ws/install/rviz_utility/share/rviz_utility/local_setup.dsv
[0.617s] -- Symlinking: /home/das-note-021/amir_kameyama_ws/install/rviz_utility/share/rviz_utility/package.dsv
[0.617s] -- Up-to-date symlink: /home/das-note-021/amir_kameyama_ws/install/rviz_utility/share/ament_index/resource_index/packages/rviz_utility
[0.617s] -- Up-to-date symlink: /home/das-note-021/amir_kameyama_ws/install/rviz_utility/share/rviz_utility/cmake/rviz_utilityConfig.cmake
[0.617s] -- Up-to-date symlink: /home/das-note-021/amir_kameyama_ws/install/rviz_utility/share/rviz_utility/cmake/rviz_utilityConfig-version.cmake
[0.617s] -- Up-to-date symlink: /home/das-note-021/amir_kameyama_ws/install/rviz_utility/share/rviz_utility/package.xml
[0.667s] Invoked command in '/home/das-note-021/amir_kameyama_ws/build/rviz_utility' returned '0': CMAKE_PREFIX_PATH=${CMAKE_PREFIX_PATH}:/home/das-note-021/amir_kameyama_ws/install/failure_detection:/home/das-note-021/amir_kameyama_ws/install/bt_generator:/home/das-note-021/kameyama_ws/install/ros2_aruco:/home/das-note-021/kameyama_ws/install/failure_detection:/home/das-note-021/kameyama_ws/install/bt_generator:/opt/ros/humble /usr/bin/cmake --install /home/das-note-021/amir_kameyama_ws/build/rviz_utility
