-- The C compiler identification is GNU 11.4.0
-- The CXX compiler identification is GNU 11.4.0
-- Detecting C compiler ABI info
-- Detecting C compiler ABI info - done
-- Check for working C compiler: /usr/bin/cc - skipped
-- Detecting C compile features
-- Detecting C compile features - done
-- Detecting CXX compiler ABI info
-- Detecting CXX compiler ABI info - done
-- Check for working CXX compiler: /usr/bin/c++ - skipped
-- Detecting CXX compile features
-- Detecting CXX compile features - done
-- Found ament_cmake: 1.3.11 (/opt/ros/humble/share/ament_cmake/cmake)
-- Found Python3: /usr/bin/python3 (found version "3.10.12") found components: Interpreter 
-- Override CMake install command with custom implementation using symlinks instead of copying resources
-- Found builtin_interfaces: 1.2.1 (/opt/ros/humble/share/builtin_interfaces/cmake)
-- Found rosidl_generator_c: 3.1.6 (/opt/ros/humble/share/rosidl_generator_c/cmake)
-- Found rosidl_adapter: 3.1.6 (/opt/ros/humble/share/rosidl_adapter/cmake)
-- Found rosidl_generator_cpp: 3.1.6 (/opt/ros/humble/share/rosidl_generator_cpp/cmake)
-- Using all available rosidl_typesupport_c: rosidl_typesupport_fastrtps_c;rosidl_typesupport_introspection_c
-- Using all available rosidl_typesupport_cpp: rosidl_typesupport_fastrtps_cpp;rosidl_typesupport_introspection_cpp
-- Found rosidl_default_generators: 1.2.0 (/opt/ros/humble/share/rosidl_default_generators/cmake)
-- Found action_msgs: 1.2.1 (/opt/ros/humble/share/action_msgs/cmake)
-- Found std_msgs: 4.9.0 (/opt/ros/humble/share/std_msgs/cmake)
-- Found moveit_msgs: 2.2.1 (/opt/ros/humble/share/moveit_msgs/cmake)
-- Found nav2_msgs: 1.1.18 (/opt/ros/humble/share/nav2_msgs/cmake)
-- Found ament_cmake_ros: 0.10.0 (/opt/ros/humble/share/ament_cmake_ros/cmake)
-- Using all available rosidl_typesupport_c: rosidl_typesupport_fastrtps_c;rosidl_typesupport_introspection_c
-- Using all available rosidl_typesupport_cpp: rosidl_typesupport_fastrtps_cpp;rosidl_typesupport_introspection_cpp
-- Found PythonInterp: /usr/bin/python3 (found suitable version "3.10.12", minimum required is "3.6") 
-- Found python_cmake_module: 0.10.0 (/opt/ros/humble/share/python_cmake_module/cmake)
-- Found PythonLibs: /usr/lib/x86_64-linux-gnu/libpython3.10.so (found suitable version "3.10.12", minimum required is "3.5") 
-- Using PYTHON_EXECUTABLE: /usr/bin/python3
-- Using PYTHON_INCLUDE_DIRS: /usr/include/python3.10
-- Using PYTHON_LIBRARIES: /usr/lib/x86_64-linux-gnu/libpython3.10.so
-- Found PythonExtra: .so  
-- Configuring done
-- Generating done
-- Build files have been written to: /home/das-note-021/amir_kameyama_ws/build/observation_msgs
[  1%] [34m[1mGenerating C code for ROS interfaces[0m
[  1%] Built target ament_cmake_python_symlink_observation_msgs
[  3%] [34m[1mGenerating C++ code for ROS interfaces[0m
running egg_info
creating observation_msgs.egg-info
writing observation_msgs.egg-info/PKG-INFO
writing dependency_links to observation_msgs.egg-info/dependency_links.txt
writing top-level names to observation_msgs.egg-info/top_level.txt
writing manifest file 'observation_msgs.egg-info/SOURCES.txt'
reading manifest file 'observation_msgs.egg-info/SOURCES.txt'
writing manifest file 'observation_msgs.egg-info/SOURCES.txt'
[  3%] Built target ament_cmake_python_build_observation_msgs_egg
[  4%] [32mBuilding C object CMakeFiles/observation_msgs__rosidl_generator_c.dir/rosidl_generator_c/observation_msgs/msg/detail/path_evaluation__functions.c.o[0m
[  6%] [32mBuilding C object CMakeFiles/observation_msgs__rosidl_generator_c.dir/rosidl_generator_c/observation_msgs/msg/detail/object__functions.c.o[0m
[  7%] [32mBuilding C object CMakeFiles/observation_msgs__rosidl_generator_c.dir/rosidl_generator_c/observation_msgs/srv/detail/set_objects__functions.c.o[0m
[  9%] [32mBuilding C object CMakeFiles/observation_msgs__rosidl_generator_c.dir/rosidl_generator_c/observation_msgs/srv/detail/path_check__functions.c.o[0m
[ 11%] [32mBuilding C object CMakeFiles/observation_msgs__rosidl_generator_c.dir/rosidl_generator_c/observation_msgs/srv/detail/get_objects__functions.c.o[0m
[ 11%] Built target observation_msgs__cpp
[ 12%] [34m[1mGenerating C++ type support dispatch for ROS interfaces[0m
[ 14%] [34m[1mGenerating C++ introspection for ROS interfaces[0m
[ 15%] [34m[1mGenerating C++ type support for eProsima Fast-RTPS[0m
[ 17%] [32m[1mLinking C shared library libobservation_msgs__rosidl_generator_c.so[0m
[ 17%] Built target observation_msgs__rosidl_generator_c
[ 19%] [34m[1mGenerating C type support dispatch for ROS interfaces[0m
[ 20%] [34m[1mGenerating C type support for eProsima Fast-RTPS[0m
[ 22%] [34m[1mGenerating C introspection for ROS interfaces[0m
[ 23%] [32mBuilding CXX object CMakeFiles/observation_msgs__rosidl_typesupport_introspection_cpp.dir/rosidl_typesupport_introspection_cpp/observation_msgs/msg/detail/object__type_support.cpp.o[0m
[ 25%] [32mBuilding CXX object CMakeFiles/observation_msgs__rosidl_typesupport_introspection_cpp.dir/rosidl_typesupport_introspection_cpp/observation_msgs/msg/detail/path_evaluation__type_support.cpp.o[0m
[ 28%] [32mBuilding CXX object CMakeFiles/observation_msgs__rosidl_typesupport_introspection_cpp.dir/rosidl_typesupport_introspection_cpp/observation_msgs/srv/detail/path_check__type_support.cpp.o[0m
[ 28%] [32mBuilding CXX object CMakeFiles/observation_msgs__rosidl_typesupport_introspection_cpp.dir/rosidl_typesupport_introspection_cpp/observation_msgs/srv/detail/get_objects__type_support.cpp.o[0m
[ 30%] [32mBuilding CXX object CMakeFiles/observation_msgs__rosidl_typesupport_introspection_cpp.dir/rosidl_typesupport_introspection_cpp/observation_msgs/srv/detail/set_objects__type_support.cpp.o[0m
[ 31%] [32mBuilding CXX object CMakeFiles/observation_msgs__rosidl_typesupport_cpp.dir/rosidl_typesupport_cpp/observation_msgs/msg/path_evaluation__type_support.cpp.o[0m
[ 33%] [32mBuilding CXX object CMakeFiles/observation_msgs__rosidl_typesupport_cpp.dir/rosidl_typesupport_cpp/observation_msgs/srv/set_objects__type_support.cpp.o[0m
[ 34%] [32mBuilding CXX object CMakeFiles/observation_msgs__rosidl_typesupport_cpp.dir/rosidl_typesupport_cpp/observation_msgs/srv/get_objects__type_support.cpp.o[0m
[ 36%] [32mBuilding CXX object CMakeFiles/observation_msgs__rosidl_typesupport_cpp.dir/rosidl_typesupport_cpp/observation_msgs/msg/object__type_support.cpp.o[0m
[ 38%] [32mBuilding CXX object CMakeFiles/observation_msgs__rosidl_typesupport_cpp.dir/rosidl_typesupport_cpp/observation_msgs/srv/path_check__type_support.cpp.o[0m
[ 39%] [32mBuilding CXX object CMakeFiles/observation_msgs__rosidl_typesupport_c.dir/rosidl_typesupport_c/observation_msgs/msg/path_evaluation__type_support.cpp.o[0m
[ 41%] [32mBuilding CXX object CMakeFiles/observation_msgs__rosidl_typesupport_c.dir/rosidl_typesupport_c/observation_msgs/msg/object__type_support.cpp.o[0m
[ 42%] [32mBuilding CXX object CMakeFiles/observation_msgs__rosidl_typesupport_c.dir/rosidl_typesupport_c/observation_msgs/srv/set_objects__type_support.cpp.o[0m
[ 44%] [32mBuilding CXX object CMakeFiles/observation_msgs__rosidl_typesupport_c.dir/rosidl_typesupport_c/observation_msgs/srv/path_check__type_support.cpp.o[0m
[ 46%] [32mBuilding CXX object CMakeFiles/observation_msgs__rosidl_typesupport_c.dir/rosidl_typesupport_c/observation_msgs/srv/get_objects__type_support.cpp.o[0m
[ 47%] [32mBuilding CXX object CMakeFiles/observation_msgs__rosidl_typesupport_fastrtps_cpp.dir/rosidl_typesupport_fastrtps_cpp/observation_msgs/msg/detail/dds_fastrtps/path_evaluation__type_support.cpp.o[0m
[ 49%] [32mBuilding CXX object CMakeFiles/observation_msgs__rosidl_typesupport_fastrtps_cpp.dir/rosidl_typesupport_fastrtps_cpp/observation_msgs/srv/detail/dds_fastrtps/set_objects__type_support.cpp.o[0m
[ 50%] [32mBuilding CXX object CMakeFiles/observation_msgs__rosidl_typesupport_fastrtps_cpp.dir/rosidl_typesupport_fastrtps_cpp/observation_msgs/msg/detail/dds_fastrtps/object__type_support.cpp.o[0m
[ 52%] [32mBuilding CXX object CMakeFiles/observation_msgs__rosidl_typesupport_fastrtps_cpp.dir/rosidl_typesupport_fastrtps_cpp/observation_msgs/srv/detail/dds_fastrtps/path_check__type_support.cpp.o[0m
[ 53%] [32mBuilding CXX object CMakeFiles/observation_msgs__rosidl_typesupport_fastrtps_cpp.dir/rosidl_typesupport_fastrtps_cpp/observation_msgs/srv/detail/dds_fastrtps/get_objects__type_support.cpp.o[0m
[ 55%] [32m[1mLinking CXX shared library libobservation_msgs__rosidl_typesupport_c.so[0m
[ 57%] [32mBuilding C object CMakeFiles/observation_msgs__rosidl_typesupport_introspection_c.dir/rosidl_typesupport_introspection_c/observation_msgs/msg/detail/path_evaluation__type_support.c.o[0m
[ 58%] [32mBuilding CXX object CMakeFiles/observation_msgs__rosidl_typesupport_fastrtps_c.dir/rosidl_typesupport_fastrtps_c/observation_msgs/msg/detail/path_evaluation__type_support_c.cpp.o[0m
[ 60%] [32mBuilding CXX object CMakeFiles/observation_msgs__rosidl_typesupport_fastrtps_c.dir/rosidl_typesupport_fastrtps_c/observation_msgs/msg/detail/object__type_support_c.cpp.o[0m
[ 61%] [32mBuilding CXX object CMakeFiles/observation_msgs__rosidl_typesupport_fastrtps_c.dir/rosidl_typesupport_fastrtps_c/observation_msgs/srv/detail/set_objects__type_support_c.cpp.o[0m
[ 63%] [32mBuilding CXX object CMakeFiles/observation_msgs__rosidl_typesupport_fastrtps_c.dir/rosidl_typesupport_fastrtps_c/observation_msgs/srv/detail/get_objects__type_support_c.cpp.o[0m
[ 65%] [32mBuilding C object CMakeFiles/observation_msgs__rosidl_typesupport_introspection_c.dir/rosidl_typesupport_introspection_c/observation_msgs/msg/detail/object__type_support.c.o[0m
[ 66%] [32mBuilding C object CMakeFiles/observation_msgs__rosidl_typesupport_introspection_c.dir/rosidl_typesupport_introspection_c/observation_msgs/srv/detail/path_check__type_support.c.o[0m
[ 68%] [32mBuilding CXX object CMakeFiles/observation_msgs__rosidl_typesupport_fastrtps_c.dir/rosidl_typesupport_fastrtps_c/observation_msgs/srv/detail/path_check__type_support_c.cpp.o[0m
[ 69%] [32mBuilding C object CMakeFiles/observation_msgs__rosidl_typesupport_introspection_c.dir/rosidl_typesupport_introspection_c/observation_msgs/srv/detail/get_objects__type_support.c.o[0m
[ 71%] [32mBuilding C object CMakeFiles/observation_msgs__rosidl_typesupport_introspection_c.dir/rosidl_typesupport_introspection_c/observation_msgs/srv/detail/set_objects__type_support.c.o[0m
[ 71%] Built target observation_msgs__rosidl_typesupport_c
[ 73%] [32m[1mLinking C shared library libobservation_msgs__rosidl_typesupport_introspection_c.so[0m
[ 73%] Built target observation_msgs__rosidl_typesupport_introspection_c
[ 74%] [32m[1mLinking CXX shared library libobservation_msgs__rosidl_typesupport_cpp.so[0m
[ 74%] Built target observation_msgs__rosidl_typesupport_cpp
[ 76%] [32m[1mLinking CXX shared library libobservation_msgs__rosidl_typesupport_fastrtps_c.so[0m
[ 77%] [32m[1mLinking CXX shared library libobservation_msgs__rosidl_typesupport_fastrtps_cpp.so[0m
[ 77%] Built target observation_msgs__rosidl_typesupport_fastrtps_cpp
[ 77%] Built target observation_msgs__rosidl_typesupport_fastrtps_c
[ 79%] [32m[1mLinking CXX shared library libobservation_msgs__rosidl_typesupport_introspection_cpp.so[0m
[ 79%] Built target observation_msgs__rosidl_typesupport_introspection_cpp
[ 79%] Built target observation_msgs
[ 80%] [34m[1mGenerating Python code for ROS interfaces[0m
[ 80%] Built target observation_msgs__py
[ 84%] [32mBuilding C object CMakeFiles/observation_msgs__rosidl_generator_py.dir/rosidl_generator_py/observation_msgs/srv/_set_objects_s.c.o[0m
[ 84%] [32mBuilding C object CMakeFiles/observation_msgs__rosidl_generator_py.dir/rosidl_generator_py/observation_msgs/srv/_path_check_s.c.o[0m
[ 85%] [32mBuilding C object CMakeFiles/observation_msgs__rosidl_generator_py.dir/rosidl_generator_py/observation_msgs/msg/_path_evaluation_s.c.o[0m
[ 88%] [32mBuilding C object CMakeFiles/observation_msgs__rosidl_generator_py.dir/rosidl_generator_py/observation_msgs/msg/_object_s.c.o[0m
[ 88%] [32mBuilding C object CMakeFiles/observation_msgs__rosidl_generator_py.dir/rosidl_generator_py/observation_msgs/srv/_get_objects_s.c.o[0m
[ 90%] [32m[1mLinking C shared library rosidl_generator_py/observation_msgs/libobservation_msgs__rosidl_generator_py.so[0m
[ 90%] Built target observation_msgs__rosidl_generator_py
[ 92%] [32mBuilding C object CMakeFiles/observation_msgs__rosidl_typesupport_fastrtps_c__pyext.dir/rosidl_generator_py/observation_msgs/_observation_msgs_s.ep.rosidl_typesupport_fastrtps_c.c.o[0m
[ 93%] [32mBuilding C object CMakeFiles/observation_msgs__rosidl_typesupport_introspection_c__pyext.dir/rosidl_generator_py/observation_msgs/_observation_msgs_s.ep.rosidl_typesupport_introspection_c.c.o[0m
[ 95%] [32mBuilding C object CMakeFiles/observation_msgs__rosidl_typesupport_c__pyext.dir/rosidl_generator_py/observation_msgs/_observation_msgs_s.ep.rosidl_typesupport_c.c.o[0m
[ 96%] [32m[1mLinking C shared library rosidl_generator_py/observation_msgs/observation_msgs_s__rosidl_typesupport_introspection_c.cpython-310-x86_64-linux-gnu.so[0m
[ 98%] [32m[1mLinking C shared library rosidl_generator_py/observation_msgs/observation_msgs_s__rosidl_typesupport_fastrtps_c.cpython-310-x86_64-linux-gnu.so[0m
[100%] [32m[1mLinking C shared library rosidl_generator_py/observation_msgs/observation_msgs_s__rosidl_typesupport_c.cpython-310-x86_64-linux-gnu.so[0m
[100%] Built target observation_msgs__rosidl_typesupport_c__pyext
[100%] Built target observation_msgs__rosidl_typesupport_introspection_c__pyext
[100%] Built target observation_msgs__rosidl_typesupport_fastrtps_c__pyext
-- Install configuration: ""
-- Execute custom install script
-- Symlinking: /home/das-note-021/amir_kameyama_ws/install/observation_msgs/share/ament_index/resource_index/rosidl_interfaces/observation_msgs
-- Symlinking: /home/das-note-021/amir_kameyama_ws/install/observation_msgs/include/observation_msgs/observation_msgs/msg/detail/object__functions.h
-- Symlinking: /home/das-note-021/amir_kameyama_ws/install/observation_msgs/include/observation_msgs/observation_msgs/msg/detail/object__struct.h
-- Symlinking: /home/das-note-021/amir_kameyama_ws/install/observation_msgs/include/observation_msgs/observation_msgs/msg/detail/object__type_support.h
-- Symlinking: /home/das-note-021/amir_kameyama_ws/install/observation_msgs/include/observation_msgs/observation_msgs/msg/detail/path_evaluation__functions.h
-- Symlinking: /home/das-note-021/amir_kameyama_ws/install/observation_msgs/include/observation_msgs/observation_msgs/msg/detail/path_evaluation__struct.h
-- Symlinking: /home/das-note-021/amir_kameyama_ws/install/observation_msgs/include/observation_msgs/observation_msgs/msg/detail/path_evaluation__type_support.h
-- Symlinking: /home/das-note-021/amir_kameyama_ws/install/observation_msgs/include/observation_msgs/observation_msgs/msg/object.h
-- Symlinking: /home/das-note-021/amir_kameyama_ws/install/observation_msgs/include/observation_msgs/observation_msgs/msg/path_evaluation.h
-- Symlinking: /home/das-note-021/amir_kameyama_ws/install/observation_msgs/include/observation_msgs/observation_msgs/msg/rosidl_generator_c__visibility_control.h
-- Symlinking: /home/das-note-021/amir_kameyama_ws/install/observation_msgs/include/observation_msgs/observation_msgs/srv/detail/get_objects__functions.h
-- Symlinking: /home/das-note-021/amir_kameyama_ws/install/observation_msgs/include/observation_msgs/observation_msgs/srv/detail/get_objects__struct.h
-- Symlinking: /home/das-note-021/amir_kameyama_ws/install/observation_msgs/include/observation_msgs/observation_msgs/srv/detail/get_objects__type_support.h
-- Symlinking: /home/das-note-021/amir_kameyama_ws/install/observation_msgs/include/observation_msgs/observation_msgs/srv/detail/path_check__functions.h
-- Symlinking: /home/das-note-021/amir_kameyama_ws/install/observation_msgs/include/observation_msgs/observation_msgs/srv/detail/path_check__struct.h
-- Symlinking: /home/das-note-021/amir_kameyama_ws/install/observation_msgs/include/observation_msgs/observation_msgs/srv/detail/path_check__type_support.h
-- Symlinking: /home/das-note-021/amir_kameyama_ws/install/observation_msgs/include/observation_msgs/observation_msgs/srv/detail/set_objects__functions.h
-- Symlinking: /home/das-note-021/amir_kameyama_ws/install/observation_msgs/include/observation_msgs/observation_msgs/srv/detail/set_objects__struct.h
-- Symlinking: /home/das-note-021/amir_kameyama_ws/install/observation_msgs/include/observation_msgs/observation_msgs/srv/detail/set_objects__type_support.h
-- Symlinking: /home/das-note-021/amir_kameyama_ws/install/observation_msgs/include/observation_msgs/observation_msgs/srv/get_objects.h
-- Symlinking: /home/das-note-021/amir_kameyama_ws/install/observation_msgs/include/observation_msgs/observation_msgs/srv/path_check.h
-- Symlinking: /home/das-note-021/amir_kameyama_ws/install/observation_msgs/include/observation_msgs/observation_msgs/srv/set_objects.h
-- Symlinking: /home/das-note-021/amir_kameyama_ws/install/observation_msgs/share/observation_msgs/environment/library_path.sh
-- Symlinking: /home/das-note-021/amir_kameyama_ws/install/observation_msgs/share/observation_msgs/environment/library_path.dsv
-- Symlinking: /home/das-note-021/amir_kameyama_ws/install/observation_msgs/include/observation_msgs/observation_msgs/msg/detail/object__rosidl_typesupport_fastrtps_c.h
-- Symlinking: /home/das-note-021/amir_kameyama_ws/install/observation_msgs/include/observation_msgs/observation_msgs/msg/detail/path_evaluation__rosidl_typesupport_fastrtps_c.h
-- Symlinking: /home/das-note-021/amir_kameyama_ws/install/observation_msgs/include/observation_msgs/observation_msgs/msg/rosidl_typesupport_fastrtps_c__visibility_control.h
-- Symlinking: /home/das-note-021/amir_kameyama_ws/install/observation_msgs/include/observation_msgs/observation_msgs/srv/detail/get_objects__rosidl_typesupport_fastrtps_c.h
-- Symlinking: /home/das-note-021/amir_kameyama_ws/install/observation_msgs/include/observation_msgs/observation_msgs/srv/detail/path_check__rosidl_typesupport_fastrtps_c.h
-- Symlinking: /home/das-note-021/amir_kameyama_ws/install/observation_msgs/include/observation_msgs/observation_msgs/srv/detail/set_objects__rosidl_typesupport_fastrtps_c.h
-- Symlinking: /home/das-note-021/amir_kameyama_ws/install/observation_msgs/include/observation_msgs/observation_msgs/msg/detail/object__builder.hpp
-- Symlinking: /home/das-note-021/amir_kameyama_ws/install/observation_msgs/include/observation_msgs/observation_msgs/msg/detail/object__struct.hpp
-- Symlinking: /home/das-note-021/amir_kameyama_ws/install/observation_msgs/include/observation_msgs/observation_msgs/msg/detail/object__traits.hpp
-- Symlinking: /home/das-note-021/amir_kameyama_ws/install/observation_msgs/include/observation_msgs/observation_msgs/msg/detail/object__type_support.hpp
-- Symlinking: /home/das-note-021/amir_kameyama_ws/install/observation_msgs/include/observation_msgs/observation_msgs/msg/detail/path_evaluation__builder.hpp
-- Symlinking: /home/das-note-021/amir_kameyama_ws/install/observation_msgs/include/observation_msgs/observation_msgs/msg/detail/path_evaluation__struct.hpp
-- Symlinking: /home/das-note-021/amir_kameyama_ws/install/observation_msgs/include/observation_msgs/observation_msgs/msg/detail/path_evaluation__traits.hpp
-- Symlinking: /home/das-note-021/amir_kameyama_ws/install/observation_msgs/include/observation_msgs/observation_msgs/msg/detail/path_evaluation__type_support.hpp
-- Symlinking: /home/das-note-021/amir_kameyama_ws/install/observation_msgs/include/observation_msgs/observation_msgs/msg/object.hpp
-- Symlinking: /home/das-note-021/amir_kameyama_ws/install/observation_msgs/include/observation_msgs/observation_msgs/msg/path_evaluation.hpp
-- Symlinking: /home/das-note-021/amir_kameyama_ws/install/observation_msgs/include/observation_msgs/observation_msgs/msg/rosidl_generator_cpp__visibility_control.hpp
-- Symlinking: /home/das-note-021/amir_kameyama_ws/install/observation_msgs/include/observation_msgs/observation_msgs/srv/detail/get_objects__builder.hpp
-- Symlinking: /home/das-note-021/amir_kameyama_ws/install/observation_msgs/include/observation_msgs/observation_msgs/srv/detail/get_objects__struct.hpp
-- Symlinking: /home/das-note-021/amir_kameyama_ws/install/observation_msgs/include/observation_msgs/observation_msgs/srv/detail/get_objects__traits.hpp
-- Symlinking: /home/das-note-021/amir_kameyama_ws/install/observation_msgs/include/observation_msgs/observation_msgs/srv/detail/get_objects__type_support.hpp
-- Symlinking: /home/das-note-021/amir_kameyama_ws/install/observation_msgs/include/observation_msgs/observation_msgs/srv/detail/path_check__builder.hpp
-- Symlinking: /home/das-note-021/amir_kameyama_ws/install/observation_msgs/include/observation_msgs/observation_msgs/srv/detail/path_check__struct.hpp
-- Symlinking: /home/das-note-021/amir_kameyama_ws/install/observation_msgs/include/observation_msgs/observation_msgs/srv/detail/path_check__traits.hpp
-- Symlinking: /home/das-note-021/amir_kameyama_ws/install/observation_msgs/include/observation_msgs/observation_msgs/srv/detail/path_check__type_support.hpp
-- Symlinking: /home/das-note-021/amir_kameyama_ws/install/observation_msgs/include/observation_msgs/observation_msgs/srv/detail/set_objects__builder.hpp
-- Symlinking: /home/das-note-021/amir_kameyama_ws/install/observation_msgs/include/observation_msgs/observation_msgs/srv/detail/set_objects__struct.hpp
-- Symlinking: /home/das-note-021/amir_kameyama_ws/install/observation_msgs/include/observation_msgs/observation_msgs/srv/detail/set_objects__traits.hpp
-- Symlinking: /home/das-note-021/amir_kameyama_ws/install/observation_msgs/include/observation_msgs/observation_msgs/srv/detail/set_objects__type_support.hpp
-- Symlinking: /home/das-note-021/amir_kameyama_ws/install/observation_msgs/include/observation_msgs/observation_msgs/srv/get_objects.hpp
-- Symlinking: /home/das-note-021/amir_kameyama_ws/install/observation_msgs/include/observation_msgs/observation_msgs/srv/path_check.hpp
-- Symlinking: /home/das-note-021/amir_kameyama_ws/install/observation_msgs/include/observation_msgs/observation_msgs/srv/set_objects.hpp
-- Symlinking: /home/das-note-021/amir_kameyama_ws/install/observation_msgs/include/observation_msgs/observation_msgs/msg/detail/object__rosidl_typesupport_fastrtps_cpp.hpp
-- Symlinking: /home/das-note-021/amir_kameyama_ws/install/observation_msgs/include/observation_msgs/observation_msgs/msg/detail/path_evaluation__rosidl_typesupport_fastrtps_cpp.hpp
-- Symlinking: /home/das-note-021/amir_kameyama_ws/install/observation_msgs/include/observation_msgs/observation_msgs/msg/rosidl_typesupport_fastrtps_cpp__visibility_control.h
-- Symlinking: /home/das-note-021/amir_kameyama_ws/install/observation_msgs/include/observation_msgs/observation_msgs/srv/detail/get_objects__rosidl_typesupport_fastrtps_cpp.hpp
-- Symlinking: /home/das-note-021/amir_kameyama_ws/install/observation_msgs/include/observation_msgs/observation_msgs/srv/detail/path_check__rosidl_typesupport_fastrtps_cpp.hpp
-- Symlinking: /home/das-note-021/amir_kameyama_ws/install/observation_msgs/include/observation_msgs/observation_msgs/srv/detail/set_objects__rosidl_typesupport_fastrtps_cpp.hpp
-- Symlinking: /home/das-note-021/amir_kameyama_ws/install/observation_msgs/include/observation_msgs/observation_msgs/msg/detail/object__rosidl_typesupport_introspection_c.h
-- Symlinking: /home/das-note-021/amir_kameyama_ws/install/observation_msgs/include/observation_msgs/observation_msgs/msg/detail/path_evaluation__rosidl_typesupport_introspection_c.h
-- Symlinking: /home/das-note-021/amir_kameyama_ws/install/observation_msgs/include/observation_msgs/observation_msgs/msg/rosidl_typesupport_introspection_c__visibility_control.h
-- Symlinking: /home/das-note-021/amir_kameyama_ws/install/observation_msgs/include/observation_msgs/observation_msgs/srv/detail/get_objects__rosidl_typesupport_introspection_c.h
-- Symlinking: /home/das-note-021/amir_kameyama_ws/install/observation_msgs/include/observation_msgs/observation_msgs/srv/detail/path_check__rosidl_typesupport_introspection_c.h
-- Symlinking: /home/das-note-021/amir_kameyama_ws/install/observation_msgs/include/observation_msgs/observation_msgs/srv/detail/set_objects__rosidl_typesupport_introspection_c.h
-- Symlinking: /home/das-note-021/amir_kameyama_ws/install/observation_msgs/include/observation_msgs/observation_msgs/msg/detail/object__rosidl_typesupport_introspection_cpp.hpp
-- Symlinking: /home/das-note-021/amir_kameyama_ws/install/observation_msgs/include/observation_msgs/observation_msgs/msg/detail/path_evaluation__rosidl_typesupport_introspection_cpp.hpp
-- Symlinking: /home/das-note-021/amir_kameyama_ws/install/observation_msgs/include/observation_msgs/observation_msgs/srv/detail/get_objects__rosidl_typesupport_introspection_cpp.hpp
-- Symlinking: /home/das-note-021/amir_kameyama_ws/install/observation_msgs/include/observation_msgs/observation_msgs/srv/detail/path_check__rosidl_typesupport_introspection_cpp.hpp
-- Symlinking: /home/das-note-021/amir_kameyama_ws/install/observation_msgs/include/observation_msgs/observation_msgs/srv/detail/set_objects__rosidl_typesupport_introspection_cpp.hpp
-- Symlinking: /home/das-note-021/amir_kameyama_ws/install/observation_msgs/share/observation_msgs/environment/pythonpath.sh
-- Symlinking: /home/das-note-021/amir_kameyama_ws/install/observation_msgs/share/observation_msgs/environment/pythonpath.dsv
-- Symlinking: /home/das-note-021/amir_kameyama_ws/install/observation_msgs/local/lib/python3.10/dist-packages/observation_msgs-0.1.0-py3.10.egg-info/PKG-INFO
-- Symlinking: /home/das-note-021/amir_kameyama_ws/install/observation_msgs/local/lib/python3.10/dist-packages/observation_msgs-0.1.0-py3.10.egg-info/SOURCES.txt
-- Symlinking: /home/das-note-021/amir_kameyama_ws/install/observation_msgs/local/lib/python3.10/dist-packages/observation_msgs-0.1.0-py3.10.egg-info/dependency_links.txt
-- Symlinking: /home/das-note-021/amir_kameyama_ws/install/observation_msgs/local/lib/python3.10/dist-packages/observation_msgs-0.1.0-py3.10.egg-info/top_level.txt
-- Symlinking: /home/das-note-021/amir_kameyama_ws/install/observation_msgs/local/lib/python3.10/dist-packages/observation_msgs/__init__.py
-- Symlinking: /home/das-note-021/amir_kameyama_ws/install/observation_msgs/local/lib/python3.10/dist-packages/observation_msgs/_observation_msgs_s.ep.rosidl_typesupport_c.c
-- Symlinking: /home/das-note-021/amir_kameyama_ws/install/observation_msgs/local/lib/python3.10/dist-packages/observation_msgs/_observation_msgs_s.ep.rosidl_typesupport_fastrtps_c.c
-- Symlinking: /home/das-note-021/amir_kameyama_ws/install/observation_msgs/local/lib/python3.10/dist-packages/observation_msgs/_observation_msgs_s.ep.rosidl_typesupport_introspection_c.c
-- Symlinking: /home/das-note-021/amir_kameyama_ws/install/observation_msgs/local/lib/python3.10/dist-packages/observation_msgs/libobservation_msgs__rosidl_generator_py.so
-- Symlinking: /home/das-note-021/amir_kameyama_ws/install/observation_msgs/local/lib/python3.10/dist-packages/observation_msgs/msg/__init__.py
-- Symlinking: /home/das-note-021/amir_kameyama_ws/install/observation_msgs/local/lib/python3.10/dist-packages/observation_msgs/msg/_object.py
-- Symlinking: /home/das-note-021/amir_kameyama_ws/install/observation_msgs/local/lib/python3.10/dist-packages/observation_msgs/msg/_object_s.c
-- Symlinking: /home/das-note-021/amir_kameyama_ws/install/observation_msgs/local/lib/python3.10/dist-packages/observation_msgs/msg/_path_evaluation.py
-- Symlinking: /home/das-note-021/amir_kameyama_ws/install/observation_msgs/local/lib/python3.10/dist-packages/observation_msgs/msg/_path_evaluation_s.c
-- Symlinking: /home/das-note-021/amir_kameyama_ws/install/observation_msgs/local/lib/python3.10/dist-packages/observation_msgs/observation_msgs_s__rosidl_typesupport_c.cpython-310-x86_64-linux-gnu.so
-- Symlinking: /home/das-note-021/amir_kameyama_ws/install/observation_msgs/local/lib/python3.10/dist-packages/observation_msgs/observation_msgs_s__rosidl_typesupport_fastrtps_c.cpython-310-x86_64-linux-gnu.so
-- Symlinking: /home/das-note-021/amir_kameyama_ws/install/observation_msgs/local/lib/python3.10/dist-packages/observation_msgs/observation_msgs_s__rosidl_typesupport_introspection_c.cpython-310-x86_64-linux-gnu.so
-- Symlinking: /home/das-note-021/amir_kameyama_ws/install/observation_msgs/local/lib/python3.10/dist-packages/observation_msgs/srv/__init__.py
-- Symlinking: /home/das-note-021/amir_kameyama_ws/install/observation_msgs/local/lib/python3.10/dist-packages/observation_msgs/srv/_get_objects.py
-- Symlinking: /home/das-note-021/amir_kameyama_ws/install/observation_msgs/local/lib/python3.10/dist-packages/observation_msgs/srv/_get_objects_s.c
-- Symlinking: /home/das-note-021/amir_kameyama_ws/install/observation_msgs/local/lib/python3.10/dist-packages/observation_msgs/srv/_path_check.py
-- Symlinking: /home/das-note-021/amir_kameyama_ws/install/observation_msgs/local/lib/python3.10/dist-packages/observation_msgs/srv/_path_check_s.c
-- Symlinking: /home/das-note-021/amir_kameyama_ws/install/observation_msgs/local/lib/python3.10/dist-packages/observation_msgs/srv/_set_objects.py
-- Symlinking: /home/das-note-021/amir_kameyama_ws/install/observation_msgs/local/lib/python3.10/dist-packages/observation_msgs/srv/_set_objects_s.c
-- Up-to-date symlink: /home/das-note-021/amir_kameyama_ws/install/observation_msgs/local/lib/python3.10/dist-packages/observation_msgs/observation_msgs_s__rosidl_typesupport_fastrtps_c.cpython-310-x86_64-linux-gnu.so
-- Up-to-date symlink: /home/das-note-021/amir_kameyama_ws/install/observation_msgs/local/lib/python3.10/dist-packages/observation_msgs/observation_msgs_s__rosidl_typesupport_introspection_c.cpython-310-x86_64-linux-gnu.so
-- Up-to-date symlink: /home/das-note-021/amir_kameyama_ws/install/observation_msgs/local/lib/python3.10/dist-packages/observation_msgs/observation_msgs_s__rosidl_typesupport_c.cpython-310-x86_64-linux-gnu.so
-- Symlinking: /home/das-note-021/amir_kameyama_ws/install/observation_msgs/share/observation_msgs/msg/PathEvaluation.idl
-- Symlinking: /home/das-note-021/amir_kameyama_ws/install/observation_msgs/share/observation_msgs/msg/Object.idl
-- Symlinking: /home/das-note-021/amir_kameyama_ws/install/observation_msgs/share/observation_msgs/srv/SetObjects.idl
-- Symlinking: /home/das-note-021/amir_kameyama_ws/install/observation_msgs/share/observation_msgs/srv/GetObjects.idl
-- Symlinking: /home/das-note-021/amir_kameyama_ws/install/observation_msgs/share/observation_msgs/srv/PathCheck.idl
-- Symlinking: /home/das-note-021/amir_kameyama_ws/install/observation_msgs/share/observation_msgs/msg/PathEvaluation.msg
-- Symlinking: /home/das-note-021/amir_kameyama_ws/install/observation_msgs/share/observation_msgs/msg/Object.msg
-- Symlinking: /home/das-note-021/amir_kameyama_ws/install/observation_msgs/share/observation_msgs/srv/SetObjects.srv
-- Symlinking: /home/das-note-021/amir_kameyama_ws/install/observation_msgs/share/observation_msgs/srv/SetObjects_Request.msg
-- Symlinking: /home/das-note-021/amir_kameyama_ws/install/observation_msgs/share/observation_msgs/srv/SetObjects_Response.msg
-- Symlinking: /home/das-note-021/amir_kameyama_ws/install/observation_msgs/share/observation_msgs/srv/GetObjects.srv
-- Symlinking: /home/das-note-021/amir_kameyama_ws/install/observation_msgs/share/observation_msgs/srv/GetObjects_Request.msg
-- Symlinking: /home/das-note-021/amir_kameyama_ws/install/observation_msgs/share/observation_msgs/srv/GetObjects_Response.msg
-- Symlinking: /home/das-note-021/amir_kameyama_ws/install/observation_msgs/share/observation_msgs/srv/PathCheck.srv
-- Symlinking: /home/das-note-021/amir_kameyama_ws/install/observation_msgs/share/observation_msgs/srv/PathCheck_Request.msg
-- Symlinking: /home/das-note-021/amir_kameyama_ws/install/observation_msgs/share/observation_msgs/srv/PathCheck_Response.msg
-- Symlinking: /home/das-note-021/amir_kameyama_ws/install/observation_msgs/share/ament_index/resource_index/package_run_dependencies/observation_msgs
-- Symlinking: /home/das-note-021/amir_kameyama_ws/install/observation_msgs/share/ament_index/resource_index/parent_prefix_path/observation_msgs
-- Symlinking: /home/das-note-021/amir_kameyama_ws/install/observation_msgs/share/observation_msgs/environment/ament_prefix_path.sh
-- Symlinking: /home/das-note-021/amir_kameyama_ws/install/observation_msgs/share/observation_msgs/environment/ament_prefix_path.dsv
-- Symlinking: /home/das-note-021/amir_kameyama_ws/install/observation_msgs/share/observation_msgs/environment/path.sh
-- Symlinking: /home/das-note-021/amir_kameyama_ws/install/observation_msgs/share/observation_msgs/environment/path.dsv
-- Symlinking: /home/das-note-021/amir_kameyama_ws/install/observation_msgs/share/observation_msgs/local_setup.bash
-- Symlinking: /home/das-note-021/amir_kameyama_ws/install/observation_msgs/share/observation_msgs/local_setup.sh
-- Symlinking: /home/das-note-021/amir_kameyama_ws/install/observation_msgs/share/observation_msgs/local_setup.zsh
-- Symlinking: /home/das-note-021/amir_kameyama_ws/install/observation_msgs/share/observation_msgs/local_setup.dsv
-- Symlinking: /home/das-note-021/amir_kameyama_ws/install/observation_msgs/share/observation_msgs/package.dsv
-- Symlinking: /home/das-note-021/amir_kameyama_ws/install/observation_msgs/share/ament_index/resource_index/packages/observation_msgs
-- Symlinking: /home/das-note-021/amir_kameyama_ws/install/observation_msgs/share/observation_msgs/cmake/rosidl_cmake-extras.cmake
-- Symlinking: /home/das-note-021/amir_kameyama_ws/install/observation_msgs/share/observation_msgs/cmake/ament_cmake_export_dependencies-extras.cmake
-- Symlinking: /home/das-note-021/amir_kameyama_ws/install/observation_msgs/share/observation_msgs/cmake/ament_cmake_export_include_directories-extras.cmake
-- Symlinking: /home/das-note-021/amir_kameyama_ws/install/observation_msgs/share/observation_msgs/cmake/ament_cmake_export_libraries-extras.cmake
-- Symlinking: /home/das-note-021/amir_kameyama_ws/install/observation_msgs/share/observation_msgs/cmake/ament_cmake_export_targets-extras.cmake
-- Symlinking: /home/das-note-021/amir_kameyama_ws/install/observation_msgs/share/observation_msgs/cmake/rosidl_cmake_export_typesupport_targets-extras.cmake
-- Symlinking: /home/das-note-021/amir_kameyama_ws/install/observation_msgs/share/observation_msgs/cmake/rosidl_cmake_export_typesupport_libraries-extras.cmake
-- Symlinking: /home/das-note-021/amir_kameyama_ws/install/observation_msgs/share/observation_msgs/cmake/observation_msgsConfig.cmake
-- Symlinking: /home/das-note-021/amir_kameyama_ws/install/observation_msgs/share/observation_msgs/cmake/observation_msgsConfig-version.cmake
-- Symlinking: /home/das-note-021/amir_kameyama_ws/install/observation_msgs/share/observation_msgs/package.xml
-- Installing: /home/das-note-021/amir_kameyama_ws/install/observation_msgs/lib/libobservation_msgs__rosidl_generator_c.so
-- Set runtime path of "/home/das-note-021/amir_kameyama_ws/install/observation_msgs/lib/libobservation_msgs__rosidl_generator_c.so" to ""
-- Installing: /home/das-note-021/amir_kameyama_ws/install/observation_msgs/lib/libobservation_msgs__rosidl_typesupport_fastrtps_c.so
-- Set runtime path of "/home/das-note-021/amir_kameyama_ws/install/observation_msgs/lib/libobservation_msgs__rosidl_typesupport_fastrtps_c.so" to ""
-- Installing: /home/das-note-021/amir_kameyama_ws/install/observation_msgs/lib/libobservation_msgs__rosidl_typesupport_fastrtps_cpp.so
-- Set runtime path of "/home/das-note-021/amir_kameyama_ws/install/observation_msgs/lib/libobservation_msgs__rosidl_typesupport_fastrtps_cpp.so" to ""
-- Installing: /home/das-note-021/amir_kameyama_ws/install/observation_msgs/lib/libobservation_msgs__rosidl_typesupport_introspection_c.so
-- Set runtime path of "/home/das-note-021/amir_kameyama_ws/install/observation_msgs/lib/libobservation_msgs__rosidl_typesupport_introspection_c.so" to ""
-- Installing: /home/das-note-021/amir_kameyama_ws/install/observation_msgs/lib/libobservation_msgs__rosidl_typesupport_c.so
-- Set runtime path of "/home/das-note-021/amir_kameyama_ws/install/observation_msgs/lib/libobservation_msgs__rosidl_typesupport_c.so" to ""
-- Installing: /home/das-note-021/amir_kameyama_ws/install/observation_msgs/lib/libobservation_msgs__rosidl_typesupport_introspection_cpp.so
-- Set runtime path of "/home/das-note-021/amir_kameyama_ws/install/observation_msgs/lib/libobservation_msgs__rosidl_typesupport_introspection_cpp.so" to ""
-- Installing: /home/das-note-021/amir_kameyama_ws/install/observation_msgs/lib/libobservation_msgs__rosidl_typesupport_cpp.so
-- Set runtime path of "/home/das-note-021/amir_kameyama_ws/install/observation_msgs/lib/libobservation_msgs__rosidl_typesupport_cpp.so" to ""
Listing '/home/das-note-021/amir_kameyama_ws/install/observation_msgs/local/lib/python3.10/dist-packages/observation_msgs'...
Compiling '/home/das-note-021/amir_kameyama_ws/install/observation_msgs/local/lib/python3.10/dist-packages/observation_msgs/__init__.py'...
Listing '/home/das-note-021/amir_kameyama_ws/install/observation_msgs/local/lib/python3.10/dist-packages/observation_msgs/msg'...
Compiling '/home/das-note-021/amir_kameyama_ws/install/observation_msgs/local/lib/python3.10/dist-packages/observation_msgs/msg/__init__.py'...
Compiling '/home/das-note-021/amir_kameyama_ws/install/observation_msgs/local/lib/python3.10/dist-packages/observation_msgs/msg/_object.py'...
Compiling '/home/das-note-021/amir_kameyama_ws/install/observation_msgs/local/lib/python3.10/dist-packages/observation_msgs/msg/_path_evaluation.py'...
Listing '/home/das-note-021/amir_kameyama_ws/install/observation_msgs/local/lib/python3.10/dist-packages/observation_msgs/srv'...
Compiling '/home/das-note-021/amir_kameyama_ws/install/observation_msgs/local/lib/python3.10/dist-packages/observation_msgs/srv/__init__.py'...
Compiling '/home/das-note-021/amir_kameyama_ws/install/observation_msgs/local/lib/python3.10/dist-packages/observation_msgs/srv/_get_objects.py'...
Compiling '/home/das-note-021/amir_kameyama_ws/install/observation_msgs/local/lib/python3.10/dist-packages/observation_msgs/srv/_path_check.py'...
Compiling '/home/das-note-021/amir_kameyama_ws/install/observation_msgs/local/lib/python3.10/dist-packages/observation_msgs/srv/_set_objects.py'...
-- Installing: /home/das-note-021/amir_kameyama_ws/install/observation_msgs/lib/libobservation_msgs__rosidl_generator_py.so
-- Set runtime path of "/home/das-note-021/amir_kameyama_ws/install/observation_msgs/lib/libobservation_msgs__rosidl_generator_py.so" to ""
-- Installing: /home/das-note-021/amir_kameyama_ws/install/observation_msgs/share/observation_msgs/cmake/export_observation_msgs__rosidl_generator_cExport.cmake
-- Installing: /home/das-note-021/amir_kameyama_ws/install/observation_msgs/share/observation_msgs/cmake/export_observation_msgs__rosidl_generator_cExport-noconfig.cmake
-- Installing: /home/das-note-021/amir_kameyama_ws/install/observation_msgs/share/observation_msgs/cmake/export_observation_msgs__rosidl_typesupport_fastrtps_cExport.cmake
-- Installing: /home/das-note-021/amir_kameyama_ws/install/observation_msgs/share/observation_msgs/cmake/export_observation_msgs__rosidl_typesupport_fastrtps_cExport-noconfig.cmake
-- Installing: /home/das-note-021/amir_kameyama_ws/install/observation_msgs/share/observation_msgs/cmake/export_observation_msgs__rosidl_generator_cppExport.cmake
-- Installing: /home/das-note-021/amir_kameyama_ws/install/observation_msgs/share/observation_msgs/cmake/export_observation_msgs__rosidl_typesupport_fastrtps_cppExport.cmake
-- Installing: /home/das-note-021/amir_kameyama_ws/install/observation_msgs/share/observation_msgs/cmake/export_observation_msgs__rosidl_typesupport_fastrtps_cppExport-noconfig.cmake
-- Installing: /home/das-note-021/amir_kameyama_ws/install/observation_msgs/share/observation_msgs/cmake/observation_msgs__rosidl_typesupport_introspection_cExport.cmake
-- Installing: /home/das-note-021/amir_kameyama_ws/install/observation_msgs/share/observation_msgs/cmake/observation_msgs__rosidl_typesupport_introspection_cExport-noconfig.cmake
-- Installing: /home/das-note-021/amir_kameyama_ws/install/observation_msgs/share/observation_msgs/cmake/observation_msgs__rosidl_typesupport_cExport.cmake
-- Installing: /home/das-note-021/amir_kameyama_ws/install/observation_msgs/share/observation_msgs/cmake/observation_msgs__rosidl_typesupport_cExport-noconfig.cmake
-- Installing: /home/das-note-021/amir_kameyama_ws/install/observation_msgs/share/observation_msgs/cmake/observation_msgs__rosidl_typesupport_introspection_cppExport.cmake
-- Installing: /home/das-note-021/amir_kameyama_ws/install/observation_msgs/share/observation_msgs/cmake/observation_msgs__rosidl_typesupport_introspection_cppExport-noconfig.cmake
-- Installing: /home/das-note-021/amir_kameyama_ws/install/observation_msgs/share/observation_msgs/cmake/observation_msgs__rosidl_typesupport_cppExport.cmake
-- Installing: /home/das-note-021/amir_kameyama_ws/install/observation_msgs/share/observation_msgs/cmake/observation_msgs__rosidl_typesupport_cppExport-noconfig.cmake
-- Installing: /home/das-note-021/amir_kameyama_ws/install/observation_msgs/share/observation_msgs/cmake/export_observation_msgs__rosidl_generator_pyExport.cmake
-- Installing: /home/das-note-021/amir_kameyama_ws/install/observation_msgs/share/observation_msgs/cmake/export_observation_msgs__rosidl_generator_pyExport-noconfig.cmake
