[0.037s] Invoking command in '/home/das-note-021/amir_kameyama_ws/build/observation_msgs': CMAKE_PREFIX_PATH=${CMAKE_PREFIX_PATH}:/home/das-note-021/amir_kameyama_ws/install/failure_detection:/home/das-note-021/amir_kameyama_ws/install/bt_generator:/home/das-note-021/kameyama_ws/install/ros2_aruco:/home/das-note-021/kameyama_ws/install/failure_detection:/home/das-note-021/kameyama_ws/install/bt_generator:/opt/ros/humble /usr/bin/cmake /home/das-note-021/amir_kameyama_ws/src/observation/observation_msgs -DAMENT_CMAKE_SYMLINK_INSTALL=1 -DCMAKE_INSTALL_PREFIX=/home/das-note-021/amir_kameyama_ws/install/observation_msgs
[0.225s] -- The C compiler identification is GNU 11.4.0
[0.225s] -- The CXX compiler identification is GNU 11.4.0
[0.225s] -- Detecting C compiler ABI info
[0.225s] -- Detecting C compiler ABI info - done
[0.225s] -- Check for working C compiler: /usr/bin/cc - skipped
[0.225s] -- Detecting C compile features
[0.225s] -- Detecting C compile features - done
[0.225s] -- Detecting CXX compiler ABI info
[0.246s] -- Detecting CXX compiler ABI info - done
[0.251s] -- Check for working CXX compiler: /usr/bin/c++ - skipped
[0.251s] -- Detecting CXX compile features
[0.252s] -- Detecting CXX compile features - done
[0.255s] -- Found ament_cmake: 1.3.11 (/opt/ros/humble/share/ament_cmake/cmake)
[0.420s] -- Found Python3: /usr/bin/python3 (found version "3.10.12") found components: Interpreter 
[0.507s] -- Override CMake install command with custom implementation using symlinks instead of copying resources
[0.566s] -- Found builtin_interfaces: 1.2.1 (/opt/ros/humble/share/builtin_interfaces/cmake)
[0.605s] -- Found rosidl_generator_c: 3.1.6 (/opt/ros/humble/share/rosidl_generator_c/cmake)
[0.611s] -- Found rosidl_adapter: 3.1.6 (/opt/ros/humble/share/rosidl_adapter/cmake)
[0.619s] -- Found rosidl_generator_cpp: 3.1.6 (/opt/ros/humble/share/rosidl_generator_cpp/cmake)
[0.629s] -- Using all available rosidl_typesupport_c: rosidl_typesupport_fastrtps_c;rosidl_typesupport_introspection_c
[0.643s] -- Using all available rosidl_typesupport_cpp: rosidl_typesupport_fastrtps_cpp;rosidl_typesupport_introspection_cpp
[0.658s] -- Found rosidl_default_generators: 1.2.0 (/opt/ros/humble/share/rosidl_default_generators/cmake)
[0.668s] -- Found action_msgs: 1.2.1 (/opt/ros/humble/share/action_msgs/cmake)
[0.685s] -- Found std_msgs: 4.9.0 (/opt/ros/humble/share/std_msgs/cmake)
[0.694s] -- Found moveit_msgs: 2.2.1 (/opt/ros/humble/share/moveit_msgs/cmake)
[0.786s] -- Found nav2_msgs: 1.1.18 (/opt/ros/humble/share/nav2_msgs/cmake)
[1.250s] -- Found ament_cmake_ros: 0.10.0 (/opt/ros/humble/share/ament_cmake_ros/cmake)
[1.750s] -- Using all available rosidl_typesupport_c: rosidl_typesupport_fastrtps_c;rosidl_typesupport_introspection_c
[1.965s] -- Using all available rosidl_typesupport_cpp: rosidl_typesupport_fastrtps_cpp;rosidl_typesupport_introspection_cpp
[2.003s] -- Found PythonInterp: /usr/bin/python3 (found suitable version "3.10.12", minimum required is "3.6") 
[2.005s] -- Found python_cmake_module: 0.10.0 (/opt/ros/humble/share/python_cmake_module/cmake)
[2.030s] -- Found PythonLibs: /usr/lib/x86_64-linux-gnu/libpython3.10.so (found suitable version "3.10.12", minimum required is "3.5") 
[2.031s] -- Using PYTHON_EXECUTABLE: /usr/bin/python3
[2.031s] -- Using PYTHON_INCLUDE_DIRS: /usr/include/python3.10
[2.031s] -- Using PYTHON_LIBRARIES: /usr/lib/x86_64-linux-gnu/libpython3.10.so
[2.051s] -- Found PythonExtra: .so  
[2.324s] -- Configuring done
[2.419s] -- Generating done
[2.449s] -- Build files have been written to: /home/das-note-021/amir_kameyama_ws/build/observation_msgs
[2.487s] Invoked command in '/home/das-note-021/amir_kameyama_ws/build/observation_msgs' returned '0': CMAKE_PREFIX_PATH=${CMAKE_PREFIX_PATH}:/home/das-note-021/amir_kameyama_ws/install/failure_detection:/home/das-note-021/amir_kameyama_ws/install/bt_generator:/home/das-note-021/kameyama_ws/install/ros2_aruco:/home/das-note-021/kameyama_ws/install/failure_detection:/home/das-note-021/kameyama_ws/install/bt_generator:/opt/ros/humble /usr/bin/cmake /home/das-note-021/amir_kameyama_ws/src/observation/observation_msgs -DAMENT_CMAKE_SYMLINK_INSTALL=1 -DCMAKE_INSTALL_PREFIX=/home/das-note-021/amir_kameyama_ws/install/observation_msgs
[2.488s] Invoking command in '/home/das-note-021/amir_kameyama_ws/build/observation_msgs': CMAKE_PREFIX_PATH=${CMAKE_PREFIX_PATH}:/home/das-note-021/amir_kameyama_ws/install/failure_detection:/home/das-note-021/amir_kameyama_ws/install/bt_generator:/home/das-note-021/kameyama_ws/install/ros2_aruco:/home/das-note-021/kameyama_ws/install/failure_detection:/home/das-note-021/kameyama_ws/install/bt_generator:/opt/ros/humble /usr/bin/cmake --build /home/das-note-021/amir_kameyama_ws/build/observation_msgs -- -j22 -l22
[2.556s] [  1%] [34m[1mGenerating C code for ROS interfaces[0m
[2.599s] [  1%] Built target ament_cmake_python_symlink_observation_msgs
[2.605s] [  3%] [34m[1mGenerating C++ code for ROS interfaces[0m
[3.305s] running egg_info
[3.305s] creating observation_msgs.egg-info
[3.308s] writing observation_msgs.egg-info/PKG-INFO
[3.308s] writing dependency_links to observation_msgs.egg-info/dependency_links.txt
[3.308s] writing top-level names to observation_msgs.egg-info/top_level.txt
[3.308s] writing manifest file 'observation_msgs.egg-info/SOURCES.txt'
[3.311s] reading manifest file 'observation_msgs.egg-info/SOURCES.txt'
[3.311s] writing manifest file 'observation_msgs.egg-info/SOURCES.txt'
[3.410s] [  3%] Built target ament_cmake_python_build_observation_msgs_egg
[3.660s] [  4%] [32mBuilding C object CMakeFiles/observation_msgs__rosidl_generator_c.dir/rosidl_generator_c/observation_msgs/msg/detail/path_evaluation__functions.c.o[0m
[3.661s] [  6%] [32mBuilding C object CMakeFiles/observation_msgs__rosidl_generator_c.dir/rosidl_generator_c/observation_msgs/msg/detail/object__functions.c.o[0m
[3.668s] [  7%] [32mBuilding C object CMakeFiles/observation_msgs__rosidl_generator_c.dir/rosidl_generator_c/observation_msgs/srv/detail/set_objects__functions.c.o[0m
[3.696s] [  9%] [32mBuilding C object CMakeFiles/observation_msgs__rosidl_generator_c.dir/rosidl_generator_c/observation_msgs/srv/detail/path_check__functions.c.o[0m
[3.734s] [ 11%] [32mBuilding C object CMakeFiles/observation_msgs__rosidl_generator_c.dir/rosidl_generator_c/observation_msgs/srv/detail/get_objects__functions.c.o[0m
[3.764s] [ 11%] Built target observation_msgs__cpp
[3.815s] [ 12%] [34m[1mGenerating C++ type support dispatch for ROS interfaces[0m
[3.818s] [ 14%] [34m[1mGenerating C++ introspection for ROS interfaces[0m
[3.818s] [ 15%] [34m[1mGenerating C++ type support for eProsima Fast-RTPS[0m
[3.875s] [ 17%] [32m[1mLinking C shared library libobservation_msgs__rosidl_generator_c.so[0m
[4.045s] [ 17%] Built target observation_msgs__rosidl_generator_c
[4.110s] [ 19%] [34m[1mGenerating C type support dispatch for ROS interfaces[0m
[4.141s] [ 20%] [34m[1mGenerating C type support for eProsima Fast-RTPS[0m
[4.148s] [ 22%] [34m[1mGenerating C introspection for ROS interfaces[0m
[4.636s] [ 23%] [32mBuilding CXX object CMakeFiles/observation_msgs__rosidl_typesupport_introspection_cpp.dir/rosidl_typesupport_introspection_cpp/observation_msgs/msg/detail/object__type_support.cpp.o[0m
[4.638s] [ 25%] [32mBuilding CXX object CMakeFiles/observation_msgs__rosidl_typesupport_introspection_cpp.dir/rosidl_typesupport_introspection_cpp/observation_msgs/msg/detail/path_evaluation__type_support.cpp.o[0m
[4.642s] [ 28%] [32mBuilding CXX object CMakeFiles/observation_msgs__rosidl_typesupport_introspection_cpp.dir/rosidl_typesupport_introspection_cpp/observation_msgs/srv/detail/path_check__type_support.cpp.o[0m
[4.642s] [ 28%] [32mBuilding CXX object CMakeFiles/observation_msgs__rosidl_typesupport_introspection_cpp.dir/rosidl_typesupport_introspection_cpp/observation_msgs/srv/detail/get_objects__type_support.cpp.o[0m
[4.646s] [ 30%] [32mBuilding CXX object CMakeFiles/observation_msgs__rosidl_typesupport_introspection_cpp.dir/rosidl_typesupport_introspection_cpp/observation_msgs/srv/detail/set_objects__type_support.cpp.o[0m
[4.692s] [ 31%] [32mBuilding CXX object CMakeFiles/observation_msgs__rosidl_typesupport_cpp.dir/rosidl_typesupport_cpp/observation_msgs/msg/path_evaluation__type_support.cpp.o[0m
[4.709s] [ 33%] [32mBuilding CXX object CMakeFiles/observation_msgs__rosidl_typesupport_cpp.dir/rosidl_typesupport_cpp/observation_msgs/srv/set_objects__type_support.cpp.o[0m
[4.722s] [ 34%] [32mBuilding CXX object CMakeFiles/observation_msgs__rosidl_typesupport_cpp.dir/rosidl_typesupport_cpp/observation_msgs/srv/get_objects__type_support.cpp.o[0m
[4.747s] [ 36%] [32mBuilding CXX object CMakeFiles/observation_msgs__rosidl_typesupport_cpp.dir/rosidl_typesupport_cpp/observation_msgs/msg/object__type_support.cpp.o[0m
[4.750s] [ 38%] [32mBuilding CXX object CMakeFiles/observation_msgs__rosidl_typesupport_cpp.dir/rosidl_typesupport_cpp/observation_msgs/srv/path_check__type_support.cpp.o[0m
[4.830s] [ 39%] [32mBuilding CXX object CMakeFiles/observation_msgs__rosidl_typesupport_c.dir/rosidl_typesupport_c/observation_msgs/msg/path_evaluation__type_support.cpp.o[0m
[4.888s] [ 41%] [32mBuilding CXX object CMakeFiles/observation_msgs__rosidl_typesupport_c.dir/rosidl_typesupport_c/observation_msgs/msg/object__type_support.cpp.o[0m
[4.896s] [ 42%] [32mBuilding CXX object CMakeFiles/observation_msgs__rosidl_typesupport_c.dir/rosidl_typesupport_c/observation_msgs/srv/set_objects__type_support.cpp.o[0m
[4.900s] [ 44%] [32mBuilding CXX object CMakeFiles/observation_msgs__rosidl_typesupport_c.dir/rosidl_typesupport_c/observation_msgs/srv/path_check__type_support.cpp.o[0m
[4.903s] [ 46%] [32mBuilding CXX object CMakeFiles/observation_msgs__rosidl_typesupport_c.dir/rosidl_typesupport_c/observation_msgs/srv/get_objects__type_support.cpp.o[0m
[4.981s] [ 47%] [32mBuilding CXX object CMakeFiles/observation_msgs__rosidl_typesupport_fastrtps_cpp.dir/rosidl_typesupport_fastrtps_cpp/observation_msgs/msg/detail/dds_fastrtps/path_evaluation__type_support.cpp.o[0m
[5.003s] [ 49%] [32mBuilding CXX object CMakeFiles/observation_msgs__rosidl_typesupport_fastrtps_cpp.dir/rosidl_typesupport_fastrtps_cpp/observation_msgs/srv/detail/dds_fastrtps/set_objects__type_support.cpp.o[0m
[5.012s] [ 50%] [32mBuilding CXX object CMakeFiles/observation_msgs__rosidl_typesupport_fastrtps_cpp.dir/rosidl_typesupport_fastrtps_cpp/observation_msgs/msg/detail/dds_fastrtps/object__type_support.cpp.o[0m
[5.018s] [ 52%] [32mBuilding CXX object CMakeFiles/observation_msgs__rosidl_typesupport_fastrtps_cpp.dir/rosidl_typesupport_fastrtps_cpp/observation_msgs/srv/detail/dds_fastrtps/path_check__type_support.cpp.o[0m
[5.020s] [ 53%] [32mBuilding CXX object CMakeFiles/observation_msgs__rosidl_typesupport_fastrtps_cpp.dir/rosidl_typesupport_fastrtps_cpp/observation_msgs/srv/detail/dds_fastrtps/get_objects__type_support.cpp.o[0m
[5.090s] [ 55%] [32m[1mLinking CXX shared library libobservation_msgs__rosidl_typesupport_c.so[0m
[5.123s] [ 57%] [32mBuilding C object CMakeFiles/observation_msgs__rosidl_typesupport_introspection_c.dir/rosidl_typesupport_introspection_c/observation_msgs/msg/detail/path_evaluation__type_support.c.o[0m
[5.126s] [ 58%] [32mBuilding CXX object CMakeFiles/observation_msgs__rosidl_typesupport_fastrtps_c.dir/rosidl_typesupport_fastrtps_c/observation_msgs/msg/detail/path_evaluation__type_support_c.cpp.o[0m
[5.127s] [ 60%] [32mBuilding CXX object CMakeFiles/observation_msgs__rosidl_typesupport_fastrtps_c.dir/rosidl_typesupport_fastrtps_c/observation_msgs/msg/detail/object__type_support_c.cpp.o[0m
[5.127s] [ 61%] [32mBuilding CXX object CMakeFiles/observation_msgs__rosidl_typesupport_fastrtps_c.dir/rosidl_typesupport_fastrtps_c/observation_msgs/srv/detail/set_objects__type_support_c.cpp.o[0m
[5.130s] [ 63%] [32mBuilding CXX object CMakeFiles/observation_msgs__rosidl_typesupport_fastrtps_c.dir/rosidl_typesupport_fastrtps_c/observation_msgs/srv/detail/get_objects__type_support_c.cpp.o[0m
[5.133s] [ 65%] [32mBuilding C object CMakeFiles/observation_msgs__rosidl_typesupport_introspection_c.dir/rosidl_typesupport_introspection_c/observation_msgs/msg/detail/object__type_support.c.o[0m
[5.148s] [ 66%] [32mBuilding C object CMakeFiles/observation_msgs__rosidl_typesupport_introspection_c.dir/rosidl_typesupport_introspection_c/observation_msgs/srv/detail/path_check__type_support.c.o[0m
[5.161s] [ 68%] [32mBuilding CXX object CMakeFiles/observation_msgs__rosidl_typesupport_fastrtps_c.dir/rosidl_typesupport_fastrtps_c/observation_msgs/srv/detail/path_check__type_support_c.cpp.o[0m
[5.164s] [ 69%] [32mBuilding C object CMakeFiles/observation_msgs__rosidl_typesupport_introspection_c.dir/rosidl_typesupport_introspection_c/observation_msgs/srv/detail/get_objects__type_support.c.o[0m
[5.167s] [ 71%] [32mBuilding C object CMakeFiles/observation_msgs__rosidl_typesupport_introspection_c.dir/rosidl_typesupport_introspection_c/observation_msgs/srv/detail/set_objects__type_support.c.o[0m
[5.184s] [ 71%] Built target observation_msgs__rosidl_typesupport_c
[5.250s] [ 73%] [32m[1mLinking C shared library libobservation_msgs__rosidl_typesupport_introspection_c.so[0m
[5.362s] [ 73%] Built target observation_msgs__rosidl_typesupport_introspection_c
[5.450s] [ 74%] [32m[1mLinking CXX shared library libobservation_msgs__rosidl_typesupport_cpp.so[0m
[5.534s] [ 74%] Built target observation_msgs__rosidl_typesupport_cpp
[5.801s] [ 76%] [32m[1mLinking CXX shared library libobservation_msgs__rosidl_typesupport_fastrtps_c.so[0m
[5.802s] [ 77%] [32m[1mLinking CXX shared library libobservation_msgs__rosidl_typesupport_fastrtps_cpp.so[0m
[5.875s] [ 77%] Built target observation_msgs__rosidl_typesupport_fastrtps_cpp
[5.891s] [ 77%] Built target observation_msgs__rosidl_typesupport_fastrtps_c
[5.930s] [ 79%] [32m[1mLinking CXX shared library libobservation_msgs__rosidl_typesupport_introspection_cpp.so[0m
[6.012s] [ 79%] Built target observation_msgs__rosidl_typesupport_introspection_cpp
[6.030s] [ 79%] Built target observation_msgs
[6.047s] [ 80%] [34m[1mGenerating Python code for ROS interfaces[0m
[6.835s] [ 80%] Built target observation_msgs__py
[6.852s] [ 84%] [32mBuilding C object CMakeFiles/observation_msgs__rosidl_generator_py.dir/rosidl_generator_py/observation_msgs/srv/_set_objects_s.c.o[0m
[6.853s] [ 84%] [32mBuilding C object CMakeFiles/observation_msgs__rosidl_generator_py.dir/rosidl_generator_py/observation_msgs/srv/_path_check_s.c.o[0m
[6.853s] [ 85%] [32mBuilding C object CMakeFiles/observation_msgs__rosidl_generator_py.dir/rosidl_generator_py/observation_msgs/msg/_path_evaluation_s.c.o[0m
[6.856s] [ 88%] [32mBuilding C object CMakeFiles/observation_msgs__rosidl_generator_py.dir/rosidl_generator_py/observation_msgs/msg/_object_s.c.o[0m
[6.856s] [ 88%] [32mBuilding C object CMakeFiles/observation_msgs__rosidl_generator_py.dir/rosidl_generator_py/observation_msgs/srv/_get_objects_s.c.o[0m
[6.968s] [ 90%] [32m[1mLinking C shared library rosidl_generator_py/observation_msgs/libobservation_msgs__rosidl_generator_py.so[0m
[7.011s] [ 90%] Built target observation_msgs__rosidl_generator_py
[7.029s] [ 92%] [32mBuilding C object CMakeFiles/observation_msgs__rosidl_typesupport_fastrtps_c__pyext.dir/rosidl_generator_py/observation_msgs/_observation_msgs_s.ep.rosidl_typesupport_fastrtps_c.c.o[0m
[7.029s] [ 93%] [32mBuilding C object CMakeFiles/observation_msgs__rosidl_typesupport_introspection_c__pyext.dir/rosidl_generator_py/observation_msgs/_observation_msgs_s.ep.rosidl_typesupport_introspection_c.c.o[0m
[7.031s] [ 95%] [32mBuilding C object CMakeFiles/observation_msgs__rosidl_typesupport_c__pyext.dir/rosidl_generator_py/observation_msgs/_observation_msgs_s.ep.rosidl_typesupport_c.c.o[0m
[7.109s] [ 96%] [32m[1mLinking C shared library rosidl_generator_py/observation_msgs/observation_msgs_s__rosidl_typesupport_introspection_c.cpython-310-x86_64-linux-gnu.so[0m
[7.112s] [ 98%] [32m[1mLinking C shared library rosidl_generator_py/observation_msgs/observation_msgs_s__rosidl_typesupport_fastrtps_c.cpython-310-x86_64-linux-gnu.so[0m
[7.113s] [100%] [32m[1mLinking C shared library rosidl_generator_py/observation_msgs/observation_msgs_s__rosidl_typesupport_c.cpython-310-x86_64-linux-gnu.so[0m
[7.160s] [100%] Built target observation_msgs__rosidl_typesupport_c__pyext
[7.160s] [100%] Built target observation_msgs__rosidl_typesupport_introspection_c__pyext
[7.176s] [100%] Built target observation_msgs__rosidl_typesupport_fastrtps_c__pyext
[7.186s] Invoked command in '/home/das-note-021/amir_kameyama_ws/build/observation_msgs' returned '0': CMAKE_PREFIX_PATH=${CMAKE_PREFIX_PATH}:/home/das-note-021/amir_kameyama_ws/install/failure_detection:/home/das-note-021/amir_kameyama_ws/install/bt_generator:/home/das-note-021/kameyama_ws/install/ros2_aruco:/home/das-note-021/kameyama_ws/install/failure_detection:/home/das-note-021/kameyama_ws/install/bt_generator:/opt/ros/humble /usr/bin/cmake --build /home/das-note-021/amir_kameyama_ws/build/observation_msgs -- -j22 -l22
[7.187s] Invoking command in '/home/das-note-021/amir_kameyama_ws/build/observation_msgs': CMAKE_PREFIX_PATH=${CMAKE_PREFIX_PATH}:/home/das-note-021/amir_kameyama_ws/install/failure_detection:/home/das-note-021/amir_kameyama_ws/install/bt_generator:/home/das-note-021/kameyama_ws/install/ros2_aruco:/home/das-note-021/kameyama_ws/install/failure_detection:/home/das-note-021/kameyama_ws/install/bt_generator:/opt/ros/humble /usr/bin/cmake --install /home/das-note-021/amir_kameyama_ws/build/observation_msgs
[7.195s] -- Install configuration: ""
[7.196s] -- Execute custom install script
[7.196s] -- Symlinking: /home/das-note-021/amir_kameyama_ws/install/observation_msgs/share/ament_index/resource_index/rosidl_interfaces/observation_msgs
[7.202s] -- Symlinking: /home/das-note-021/amir_kameyama_ws/install/observation_msgs/include/observation_msgs/observation_msgs/msg/detail/object__functions.h
[7.213s] -- Symlinking: /home/das-note-021/amir_kameyama_ws/install/observation_msgs/include/observation_msgs/observation_msgs/msg/detail/object__struct.h
[7.219s] -- Symlinking: /home/das-note-021/amir_kameyama_ws/install/observation_msgs/include/observation_msgs/observation_msgs/msg/detail/object__type_support.h
[7.227s] -- Symlinking: /home/das-note-021/amir_kameyama_ws/install/observation_msgs/include/observation_msgs/observation_msgs/msg/detail/path_evaluation__functions.h
[7.232s] -- Symlinking: /home/das-note-021/amir_kameyama_ws/install/observation_msgs/include/observation_msgs/observation_msgs/msg/detail/path_evaluation__struct.h
[7.240s] -- Symlinking: /home/das-note-021/amir_kameyama_ws/install/observation_msgs/include/observation_msgs/observation_msgs/msg/detail/path_evaluation__type_support.h
[7.250s] -- Symlinking: /home/das-note-021/amir_kameyama_ws/install/observation_msgs/include/observation_msgs/observation_msgs/msg/object.h
[7.259s] -- Symlinking: /home/das-note-021/amir_kameyama_ws/install/observation_msgs/include/observation_msgs/observation_msgs/msg/path_evaluation.h
[7.269s] -- Symlinking: /home/das-note-021/amir_kameyama_ws/install/observation_msgs/include/observation_msgs/observation_msgs/msg/rosidl_generator_c__visibility_control.h
[7.279s] -- Symlinking: /home/das-note-021/amir_kameyama_ws/install/observation_msgs/include/observation_msgs/observation_msgs/srv/detail/get_objects__functions.h
[7.289s] -- Symlinking: /home/das-note-021/amir_kameyama_ws/install/observation_msgs/include/observation_msgs/observation_msgs/srv/detail/get_objects__struct.h
[7.299s] -- Symlinking: /home/das-note-021/amir_kameyama_ws/install/observation_msgs/include/observation_msgs/observation_msgs/srv/detail/get_objects__type_support.h
[7.308s] -- Symlinking: /home/das-note-021/amir_kameyama_ws/install/observation_msgs/include/observation_msgs/observation_msgs/srv/detail/path_check__functions.h
[7.316s] -- Symlinking: /home/das-note-021/amir_kameyama_ws/install/observation_msgs/include/observation_msgs/observation_msgs/srv/detail/path_check__struct.h
[7.324s] -- Symlinking: /home/das-note-021/amir_kameyama_ws/install/observation_msgs/include/observation_msgs/observation_msgs/srv/detail/path_check__type_support.h
[7.331s] -- Symlinking: /home/das-note-021/amir_kameyama_ws/install/observation_msgs/include/observation_msgs/observation_msgs/srv/detail/set_objects__functions.h
[7.338s] -- Symlinking: /home/das-note-021/amir_kameyama_ws/install/observation_msgs/include/observation_msgs/observation_msgs/srv/detail/set_objects__struct.h
[7.343s] -- Symlinking: /home/das-note-021/amir_kameyama_ws/install/observation_msgs/include/observation_msgs/observation_msgs/srv/detail/set_objects__type_support.h
[7.350s] -- Symlinking: /home/das-note-021/amir_kameyama_ws/install/observation_msgs/include/observation_msgs/observation_msgs/srv/get_objects.h
[7.359s] -- Symlinking: /home/das-note-021/amir_kameyama_ws/install/observation_msgs/include/observation_msgs/observation_msgs/srv/path_check.h
[7.365s] -- Symlinking: /home/das-note-021/amir_kameyama_ws/install/observation_msgs/include/observation_msgs/observation_msgs/srv/set_objects.h
[7.375s] -- Symlinking: /home/das-note-021/amir_kameyama_ws/install/observation_msgs/share/observation_msgs/environment/library_path.sh
[7.384s] -- Symlinking: /home/das-note-021/amir_kameyama_ws/install/observation_msgs/share/observation_msgs/environment/library_path.dsv
[7.392s] -- Symlinking: /home/das-note-021/amir_kameyama_ws/install/observation_msgs/include/observation_msgs/observation_msgs/msg/detail/object__rosidl_typesupport_fastrtps_c.h
[7.400s] -- Symlinking: /home/das-note-021/amir_kameyama_ws/install/observation_msgs/include/observation_msgs/observation_msgs/msg/detail/path_evaluation__rosidl_typesupport_fastrtps_c.h
[7.409s] -- Symlinking: /home/das-note-021/amir_kameyama_ws/install/observation_msgs/include/observation_msgs/observation_msgs/msg/rosidl_typesupport_fastrtps_c__visibility_control.h
[7.418s] -- Symlinking: /home/das-note-021/amir_kameyama_ws/install/observation_msgs/include/observation_msgs/observation_msgs/srv/detail/get_objects__rosidl_typesupport_fastrtps_c.h
[7.424s] -- Symlinking: /home/das-note-021/amir_kameyama_ws/install/observation_msgs/include/observation_msgs/observation_msgs/srv/detail/path_check__rosidl_typesupport_fastrtps_c.h
[7.433s] -- Symlinking: /home/das-note-021/amir_kameyama_ws/install/observation_msgs/include/observation_msgs/observation_msgs/srv/detail/set_objects__rosidl_typesupport_fastrtps_c.h
[7.441s] -- Symlinking: /home/das-note-021/amir_kameyama_ws/install/observation_msgs/include/observation_msgs/observation_msgs/msg/detail/object__builder.hpp
[7.449s] -- Symlinking: /home/das-note-021/amir_kameyama_ws/install/observation_msgs/include/observation_msgs/observation_msgs/msg/detail/object__struct.hpp
[7.456s] -- Symlinking: /home/das-note-021/amir_kameyama_ws/install/observation_msgs/include/observation_msgs/observation_msgs/msg/detail/object__traits.hpp
[7.462s] -- Symlinking: /home/das-note-021/amir_kameyama_ws/install/observation_msgs/include/observation_msgs/observation_msgs/msg/detail/object__type_support.hpp
[7.471s] -- Symlinking: /home/das-note-021/amir_kameyama_ws/install/observation_msgs/include/observation_msgs/observation_msgs/msg/detail/path_evaluation__builder.hpp
[7.480s] -- Symlinking: /home/das-note-021/amir_kameyama_ws/install/observation_msgs/include/observation_msgs/observation_msgs/msg/detail/path_evaluation__struct.hpp
[7.488s] -- Symlinking: /home/das-note-021/amir_kameyama_ws/install/observation_msgs/include/observation_msgs/observation_msgs/msg/detail/path_evaluation__traits.hpp
[7.498s] -- Symlinking: /home/das-note-021/amir_kameyama_ws/install/observation_msgs/include/observation_msgs/observation_msgs/msg/detail/path_evaluation__type_support.hpp
[7.508s] -- Symlinking: /home/das-note-021/amir_kameyama_ws/install/observation_msgs/include/observation_msgs/observation_msgs/msg/object.hpp
[7.517s] -- Symlinking: /home/das-note-021/amir_kameyama_ws/install/observation_msgs/include/observation_msgs/observation_msgs/msg/path_evaluation.hpp
[7.526s] -- Symlinking: /home/das-note-021/amir_kameyama_ws/install/observation_msgs/include/observation_msgs/observation_msgs/msg/rosidl_generator_cpp__visibility_control.hpp
[7.533s] -- Symlinking: /home/das-note-021/amir_kameyama_ws/install/observation_msgs/include/observation_msgs/observation_msgs/srv/detail/get_objects__builder.hpp
[7.541s] -- Symlinking: /home/das-note-021/amir_kameyama_ws/install/observation_msgs/include/observation_msgs/observation_msgs/srv/detail/get_objects__struct.hpp
[7.551s] -- Symlinking: /home/das-note-021/amir_kameyama_ws/install/observation_msgs/include/observation_msgs/observation_msgs/srv/detail/get_objects__traits.hpp
[7.562s] -- Symlinking: /home/das-note-021/amir_kameyama_ws/install/observation_msgs/include/observation_msgs/observation_msgs/srv/detail/get_objects__type_support.hpp
[7.571s] -- Symlinking: /home/das-note-021/amir_kameyama_ws/install/observation_msgs/include/observation_msgs/observation_msgs/srv/detail/path_check__builder.hpp
[7.580s] -- Symlinking: /home/das-note-021/amir_kameyama_ws/install/observation_msgs/include/observation_msgs/observation_msgs/srv/detail/path_check__struct.hpp
[7.591s] -- Symlinking: /home/das-note-021/amir_kameyama_ws/install/observation_msgs/include/observation_msgs/observation_msgs/srv/detail/path_check__traits.hpp
[7.599s] -- Symlinking: /home/das-note-021/amir_kameyama_ws/install/observation_msgs/include/observation_msgs/observation_msgs/srv/detail/path_check__type_support.hpp
[7.610s] -- Symlinking: /home/das-note-021/amir_kameyama_ws/install/observation_msgs/include/observation_msgs/observation_msgs/srv/detail/set_objects__builder.hpp
[7.618s] -- Symlinking: /home/das-note-021/amir_kameyama_ws/install/observation_msgs/include/observation_msgs/observation_msgs/srv/detail/set_objects__struct.hpp
[7.625s] -- Symlinking: /home/das-note-021/amir_kameyama_ws/install/observation_msgs/include/observation_msgs/observation_msgs/srv/detail/set_objects__traits.hpp
[7.634s] -- Symlinking: /home/das-note-021/amir_kameyama_ws/install/observation_msgs/include/observation_msgs/observation_msgs/srv/detail/set_objects__type_support.hpp
[7.641s] -- Symlinking: /home/das-note-021/amir_kameyama_ws/install/observation_msgs/include/observation_msgs/observation_msgs/srv/get_objects.hpp
[7.647s] -- Symlinking: /home/das-note-021/amir_kameyama_ws/install/observation_msgs/include/observation_msgs/observation_msgs/srv/path_check.hpp
[7.657s] -- Symlinking: /home/das-note-021/amir_kameyama_ws/install/observation_msgs/include/observation_msgs/observation_msgs/srv/set_objects.hpp
[7.668s] -- Symlinking: /home/das-note-021/amir_kameyama_ws/install/observation_msgs/include/observation_msgs/observation_msgs/msg/detail/object__rosidl_typesupport_fastrtps_cpp.hpp
[7.674s] -- Symlinking: /home/das-note-021/amir_kameyama_ws/install/observation_msgs/include/observation_msgs/observation_msgs/msg/detail/path_evaluation__rosidl_typesupport_fastrtps_cpp.hpp
[7.682s] -- Symlinking: /home/das-note-021/amir_kameyama_ws/install/observation_msgs/include/observation_msgs/observation_msgs/msg/rosidl_typesupport_fastrtps_cpp__visibility_control.h
[7.689s] -- Symlinking: /home/das-note-021/amir_kameyama_ws/install/observation_msgs/include/observation_msgs/observation_msgs/srv/detail/get_objects__rosidl_typesupport_fastrtps_cpp.hpp
[7.700s] -- Symlinking: /home/das-note-021/amir_kameyama_ws/install/observation_msgs/include/observation_msgs/observation_msgs/srv/detail/path_check__rosidl_typesupport_fastrtps_cpp.hpp
[7.708s] -- Symlinking: /home/das-note-021/amir_kameyama_ws/install/observation_msgs/include/observation_msgs/observation_msgs/srv/detail/set_objects__rosidl_typesupport_fastrtps_cpp.hpp
[7.717s] -- Symlinking: /home/das-note-021/amir_kameyama_ws/install/observation_msgs/include/observation_msgs/observation_msgs/msg/detail/object__rosidl_typesupport_introspection_c.h
[7.728s] -- Symlinking: /home/das-note-021/amir_kameyama_ws/install/observation_msgs/include/observation_msgs/observation_msgs/msg/detail/path_evaluation__rosidl_typesupport_introspection_c.h
[7.738s] -- Symlinking: /home/das-note-021/amir_kameyama_ws/install/observation_msgs/include/observation_msgs/observation_msgs/msg/rosidl_typesupport_introspection_c__visibility_control.h
[7.746s] -- Symlinking: /home/das-note-021/amir_kameyama_ws/install/observation_msgs/include/observation_msgs/observation_msgs/srv/detail/get_objects__rosidl_typesupport_introspection_c.h
[7.754s] -- Symlinking: /home/das-note-021/amir_kameyama_ws/install/observation_msgs/include/observation_msgs/observation_msgs/srv/detail/path_check__rosidl_typesupport_introspection_c.h
[7.765s] -- Symlinking: /home/das-note-021/amir_kameyama_ws/install/observation_msgs/include/observation_msgs/observation_msgs/srv/detail/set_objects__rosidl_typesupport_introspection_c.h
[7.775s] -- Symlinking: /home/das-note-021/amir_kameyama_ws/install/observation_msgs/include/observation_msgs/observation_msgs/msg/detail/object__rosidl_typesupport_introspection_cpp.hpp
[7.788s] -- Symlinking: /home/das-note-021/amir_kameyama_ws/install/observation_msgs/include/observation_msgs/observation_msgs/msg/detail/path_evaluation__rosidl_typesupport_introspection_cpp.hpp
[7.799s] -- Symlinking: /home/das-note-021/amir_kameyama_ws/install/observation_msgs/include/observation_msgs/observation_msgs/srv/detail/get_objects__rosidl_typesupport_introspection_cpp.hpp
[7.810s] -- Symlinking: /home/das-note-021/amir_kameyama_ws/install/observation_msgs/include/observation_msgs/observation_msgs/srv/detail/path_check__rosidl_typesupport_introspection_cpp.hpp
[7.826s] -- Symlinking: /home/das-note-021/amir_kameyama_ws/install/observation_msgs/include/observation_msgs/observation_msgs/srv/detail/set_objects__rosidl_typesupport_introspection_cpp.hpp
[7.837s] -- Symlinking: /home/das-note-021/amir_kameyama_ws/install/observation_msgs/share/observation_msgs/environment/pythonpath.sh
[7.845s] -- Symlinking: /home/das-note-021/amir_kameyama_ws/install/observation_msgs/share/observation_msgs/environment/pythonpath.dsv
[7.855s] -- Symlinking: /home/das-note-021/amir_kameyama_ws/install/observation_msgs/local/lib/python3.10/dist-packages/observation_msgs-0.1.0-py3.10.egg-info/PKG-INFO
[7.864s] -- Symlinking: /home/das-note-021/amir_kameyama_ws/install/observation_msgs/local/lib/python3.10/dist-packages/observation_msgs-0.1.0-py3.10.egg-info/SOURCES.txt
[7.874s] -- Symlinking: /home/das-note-021/amir_kameyama_ws/install/observation_msgs/local/lib/python3.10/dist-packages/observation_msgs-0.1.0-py3.10.egg-info/dependency_links.txt
[7.883s] -- Symlinking: /home/das-note-021/amir_kameyama_ws/install/observation_msgs/local/lib/python3.10/dist-packages/observation_msgs-0.1.0-py3.10.egg-info/top_level.txt
[7.894s] -- Symlinking: /home/das-note-021/amir_kameyama_ws/install/observation_msgs/local/lib/python3.10/dist-packages/observation_msgs/__init__.py
[7.903s] -- Symlinking: /home/das-note-021/amir_kameyama_ws/install/observation_msgs/local/lib/python3.10/dist-packages/observation_msgs/_observation_msgs_s.ep.rosidl_typesupport_c.c
[7.912s] -- Symlinking: /home/das-note-021/amir_kameyama_ws/install/observation_msgs/local/lib/python3.10/dist-packages/observation_msgs/_observation_msgs_s.ep.rosidl_typesupport_fastrtps_c.c
[7.920s] -- Symlinking: /home/das-note-021/amir_kameyama_ws/install/observation_msgs/local/lib/python3.10/dist-packages/observation_msgs/_observation_msgs_s.ep.rosidl_typesupport_introspection_c.c
[7.928s] -- Symlinking: /home/das-note-021/amir_kameyama_ws/install/observation_msgs/local/lib/python3.10/dist-packages/observation_msgs/libobservation_msgs__rosidl_generator_py.so
[7.937s] -- Symlinking: /home/das-note-021/amir_kameyama_ws/install/observation_msgs/local/lib/python3.10/dist-packages/observation_msgs/msg/__init__.py
[7.945s] -- Symlinking: /home/das-note-021/amir_kameyama_ws/install/observation_msgs/local/lib/python3.10/dist-packages/observation_msgs/msg/_object.py
[7.956s] -- Symlinking: /home/das-note-021/amir_kameyama_ws/install/observation_msgs/local/lib/python3.10/dist-packages/observation_msgs/msg/_object_s.c
[7.965s] -- Symlinking: /home/das-note-021/amir_kameyama_ws/install/observation_msgs/local/lib/python3.10/dist-packages/observation_msgs/msg/_path_evaluation.py
[7.975s] -- Symlinking: /home/das-note-021/amir_kameyama_ws/install/observation_msgs/local/lib/python3.10/dist-packages/observation_msgs/msg/_path_evaluation_s.c
[7.984s] -- Symlinking: /home/das-note-021/amir_kameyama_ws/install/observation_msgs/local/lib/python3.10/dist-packages/observation_msgs/observation_msgs_s__rosidl_typesupport_c.cpython-310-x86_64-linux-gnu.so
[7.996s] -- Symlinking: /home/das-note-021/amir_kameyama_ws/install/observation_msgs/local/lib/python3.10/dist-packages/observation_msgs/observation_msgs_s__rosidl_typesupport_fastrtps_c.cpython-310-x86_64-linux-gnu.so
[8.005s] -- Symlinking: /home/das-note-021/amir_kameyama_ws/install/observation_msgs/local/lib/python3.10/dist-packages/observation_msgs/observation_msgs_s__rosidl_typesupport_introspection_c.cpython-310-x86_64-linux-gnu.so
[8.013s] -- Symlinking: /home/das-note-021/amir_kameyama_ws/install/observation_msgs/local/lib/python3.10/dist-packages/observation_msgs/srv/__init__.py
[8.023s] -- Symlinking: /home/das-note-021/amir_kameyama_ws/install/observation_msgs/local/lib/python3.10/dist-packages/observation_msgs/srv/_get_objects.py
[8.035s] -- Symlinking: /home/das-note-021/amir_kameyama_ws/install/observation_msgs/local/lib/python3.10/dist-packages/observation_msgs/srv/_get_objects_s.c
[8.044s] -- Symlinking: /home/das-note-021/amir_kameyama_ws/install/observation_msgs/local/lib/python3.10/dist-packages/observation_msgs/srv/_path_check.py
[8.056s] -- Symlinking: /home/das-note-021/amir_kameyama_ws/install/observation_msgs/local/lib/python3.10/dist-packages/observation_msgs/srv/_path_check_s.c
[8.067s] -- Symlinking: /home/das-note-021/amir_kameyama_ws/install/observation_msgs/local/lib/python3.10/dist-packages/observation_msgs/srv/_set_objects.py
[8.078s] -- Symlinking: /home/das-note-021/amir_kameyama_ws/install/observation_msgs/local/lib/python3.10/dist-packages/observation_msgs/srv/_set_objects_s.c
[8.090s] -- Up-to-date symlink: /home/das-note-021/amir_kameyama_ws/install/observation_msgs/local/lib/python3.10/dist-packages/observation_msgs/observation_msgs_s__rosidl_typesupport_fastrtps_c.cpython-310-x86_64-linux-gnu.so
[8.091s] -- Up-to-date symlink: /home/das-note-021/amir_kameyama_ws/install/observation_msgs/local/lib/python3.10/dist-packages/observation_msgs/observation_msgs_s__rosidl_typesupport_introspection_c.cpython-310-x86_64-linux-gnu.so
[8.091s] -- Up-to-date symlink: /home/das-note-021/amir_kameyama_ws/install/observation_msgs/local/lib/python3.10/dist-packages/observation_msgs/observation_msgs_s__rosidl_typesupport_c.cpython-310-x86_64-linux-gnu.so
[8.091s] -- Symlinking: /home/das-note-021/amir_kameyama_ws/install/observation_msgs/share/observation_msgs/msg/PathEvaluation.idl
[8.101s] -- Symlinking: /home/das-note-021/amir_kameyama_ws/install/observation_msgs/share/observation_msgs/msg/Object.idl
[8.112s] -- Symlinking: /home/das-note-021/amir_kameyama_ws/install/observation_msgs/share/observation_msgs/srv/SetObjects.idl
[8.124s] -- Symlinking: /home/das-note-021/amir_kameyama_ws/install/observation_msgs/share/observation_msgs/srv/GetObjects.idl
[8.132s] -- Symlinking: /home/das-note-021/amir_kameyama_ws/install/observation_msgs/share/observation_msgs/srv/PathCheck.idl
[8.143s] -- Symlinking: /home/das-note-021/amir_kameyama_ws/install/observation_msgs/share/observation_msgs/msg/PathEvaluation.msg
[8.153s] -- Symlinking: /home/das-note-021/amir_kameyama_ws/install/observation_msgs/share/observation_msgs/msg/Object.msg
[8.164s] -- Symlinking: /home/das-note-021/amir_kameyama_ws/install/observation_msgs/share/observation_msgs/srv/SetObjects.srv
[8.172s] -- Symlinking: /home/das-note-021/amir_kameyama_ws/install/observation_msgs/share/observation_msgs/srv/SetObjects_Request.msg
[8.183s] -- Symlinking: /home/das-note-021/amir_kameyama_ws/install/observation_msgs/share/observation_msgs/srv/SetObjects_Response.msg
[8.191s] -- Symlinking: /home/das-note-021/amir_kameyama_ws/install/observation_msgs/share/observation_msgs/srv/GetObjects.srv
[8.202s] -- Symlinking: /home/das-note-021/amir_kameyama_ws/install/observation_msgs/share/observation_msgs/srv/GetObjects_Request.msg
[8.212s] -- Symlinking: /home/das-note-021/amir_kameyama_ws/install/observation_msgs/share/observation_msgs/srv/GetObjects_Response.msg
[8.220s] -- Symlinking: /home/das-note-021/amir_kameyama_ws/install/observation_msgs/share/observation_msgs/srv/PathCheck.srv
[8.230s] -- Symlinking: /home/das-note-021/amir_kameyama_ws/install/observation_msgs/share/observation_msgs/srv/PathCheck_Request.msg
[8.238s] -- Symlinking: /home/das-note-021/amir_kameyama_ws/install/observation_msgs/share/observation_msgs/srv/PathCheck_Response.msg
[8.245s] -- Symlinking: /home/das-note-021/amir_kameyama_ws/install/observation_msgs/share/ament_index/resource_index/package_run_dependencies/observation_msgs
[8.254s] -- Symlinking: /home/das-note-021/amir_kameyama_ws/install/observation_msgs/share/ament_index/resource_index/parent_prefix_path/observation_msgs
[8.263s] -- Symlinking: /home/das-note-021/amir_kameyama_ws/install/observation_msgs/share/observation_msgs/environment/ament_prefix_path.sh
[8.273s] -- Symlinking: /home/das-note-021/amir_kameyama_ws/install/observation_msgs/share/observation_msgs/environment/ament_prefix_path.dsv
[8.281s] -- Symlinking: /home/das-note-021/amir_kameyama_ws/install/observation_msgs/share/observation_msgs/environment/path.sh
[8.289s] -- Symlinking: /home/das-note-021/amir_kameyama_ws/install/observation_msgs/share/observation_msgs/environment/path.dsv
[8.298s] -- Symlinking: /home/das-note-021/amir_kameyama_ws/install/observation_msgs/share/observation_msgs/local_setup.bash
[8.307s] -- Symlinking: /home/das-note-021/amir_kameyama_ws/install/observation_msgs/share/observation_msgs/local_setup.sh
[8.317s] -- Symlinking: /home/das-note-021/amir_kameyama_ws/install/observation_msgs/share/observation_msgs/local_setup.zsh
[8.328s] -- Symlinking: /home/das-note-021/amir_kameyama_ws/install/observation_msgs/share/observation_msgs/local_setup.dsv
[8.337s] -- Symlinking: /home/das-note-021/amir_kameyama_ws/install/observation_msgs/share/observation_msgs/package.dsv
[8.346s] -- Symlinking: /home/das-note-021/amir_kameyama_ws/install/observation_msgs/share/ament_index/resource_index/packages/observation_msgs
[8.357s] -- Symlinking: /home/das-note-021/amir_kameyama_ws/install/observation_msgs/share/observation_msgs/cmake/rosidl_cmake-extras.cmake
[8.367s] -- Symlinking: /home/das-note-021/amir_kameyama_ws/install/observation_msgs/share/observation_msgs/cmake/ament_cmake_export_dependencies-extras.cmake
[8.378s] -- Symlinking: /home/das-note-021/amir_kameyama_ws/install/observation_msgs/share/observation_msgs/cmake/ament_cmake_export_include_directories-extras.cmake
[8.387s] -- Symlinking: /home/das-note-021/amir_kameyama_ws/install/observation_msgs/share/observation_msgs/cmake/ament_cmake_export_libraries-extras.cmake
[8.396s] -- Symlinking: /home/das-note-021/amir_kameyama_ws/install/observation_msgs/share/observation_msgs/cmake/ament_cmake_export_targets-extras.cmake
[8.404s] -- Symlinking: /home/das-note-021/amir_kameyama_ws/install/observation_msgs/share/observation_msgs/cmake/rosidl_cmake_export_typesupport_targets-extras.cmake
[8.412s] -- Symlinking: /home/das-note-021/amir_kameyama_ws/install/observation_msgs/share/observation_msgs/cmake/rosidl_cmake_export_typesupport_libraries-extras.cmake
[8.422s] -- Symlinking: /home/das-note-021/amir_kameyama_ws/install/observation_msgs/share/observation_msgs/cmake/observation_msgsConfig.cmake
[8.433s] -- Symlinking: /home/das-note-021/amir_kameyama_ws/install/observation_msgs/share/observation_msgs/cmake/observation_msgsConfig-version.cmake
[8.443s] -- Symlinking: /home/das-note-021/amir_kameyama_ws/install/observation_msgs/share/observation_msgs/package.xml
[8.453s] -- Installing: /home/das-note-021/amir_kameyama_ws/install/observation_msgs/lib/libobservation_msgs__rosidl_generator_c.so
[8.453s] -- Set runtime path of "/home/das-note-021/amir_kameyama_ws/install/observation_msgs/lib/libobservation_msgs__rosidl_generator_c.so" to ""
[8.453s] -- Installing: /home/das-note-021/amir_kameyama_ws/install/observation_msgs/lib/libobservation_msgs__rosidl_typesupport_fastrtps_c.so
[8.453s] -- Set runtime path of "/home/das-note-021/amir_kameyama_ws/install/observation_msgs/lib/libobservation_msgs__rosidl_typesupport_fastrtps_c.so" to ""
[8.453s] -- Installing: /home/das-note-021/amir_kameyama_ws/install/observation_msgs/lib/libobservation_msgs__rosidl_typesupport_fastrtps_cpp.so
[8.454s] -- Set runtime path of "/home/das-note-021/amir_kameyama_ws/install/observation_msgs/lib/libobservation_msgs__rosidl_typesupport_fastrtps_cpp.so" to ""
[8.454s] -- Installing: /home/das-note-021/amir_kameyama_ws/install/observation_msgs/lib/libobservation_msgs__rosidl_typesupport_introspection_c.so
[8.454s] -- Set runtime path of "/home/das-note-021/amir_kameyama_ws/install/observation_msgs/lib/libobservation_msgs__rosidl_typesupport_introspection_c.so" to ""
[8.454s] -- Installing: /home/das-note-021/amir_kameyama_ws/install/observation_msgs/lib/libobservation_msgs__rosidl_typesupport_c.so
[8.454s] -- Set runtime path of "/home/das-note-021/amir_kameyama_ws/install/observation_msgs/lib/libobservation_msgs__rosidl_typesupport_c.so" to ""
[8.455s] -- Installing: /home/das-note-021/amir_kameyama_ws/install/observation_msgs/lib/libobservation_msgs__rosidl_typesupport_introspection_cpp.so
[8.455s] -- Set runtime path of "/home/das-note-021/amir_kameyama_ws/install/observation_msgs/lib/libobservation_msgs__rosidl_typesupport_introspection_cpp.so" to ""
[8.455s] -- Installing: /home/das-note-021/amir_kameyama_ws/install/observation_msgs/lib/libobservation_msgs__rosidl_typesupport_cpp.so
[8.455s] -- Set runtime path of "/home/das-note-021/amir_kameyama_ws/install/observation_msgs/lib/libobservation_msgs__rosidl_typesupport_cpp.so" to ""
[8.502s] Listing '/home/das-note-021/amir_kameyama_ws/install/observation_msgs/local/lib/python3.10/dist-packages/observation_msgs'...
[8.502s] Compiling '/home/das-note-021/amir_kameyama_ws/install/observation_msgs/local/lib/python3.10/dist-packages/observation_msgs/__init__.py'...
[8.502s] Listing '/home/das-note-021/amir_kameyama_ws/install/observation_msgs/local/lib/python3.10/dist-packages/observation_msgs/msg'...
[8.503s] Compiling '/home/das-note-021/amir_kameyama_ws/install/observation_msgs/local/lib/python3.10/dist-packages/observation_msgs/msg/__init__.py'...
[8.503s] Compiling '/home/das-note-021/amir_kameyama_ws/install/observation_msgs/local/lib/python3.10/dist-packages/observation_msgs/msg/_object.py'...
[8.503s] Compiling '/home/das-note-021/amir_kameyama_ws/install/observation_msgs/local/lib/python3.10/dist-packages/observation_msgs/msg/_path_evaluation.py'...
[8.503s] Listing '/home/das-note-021/amir_kameyama_ws/install/observation_msgs/local/lib/python3.10/dist-packages/observation_msgs/srv'...
[8.503s] Compiling '/home/das-note-021/amir_kameyama_ws/install/observation_msgs/local/lib/python3.10/dist-packages/observation_msgs/srv/__init__.py'...
[8.503s] Compiling '/home/das-note-021/amir_kameyama_ws/install/observation_msgs/local/lib/python3.10/dist-packages/observation_msgs/srv/_get_objects.py'...
[8.503s] Compiling '/home/das-note-021/amir_kameyama_ws/install/observation_msgs/local/lib/python3.10/dist-packages/observation_msgs/srv/_path_check.py'...
[8.503s] Compiling '/home/das-note-021/amir_kameyama_ws/install/observation_msgs/local/lib/python3.10/dist-packages/observation_msgs/srv/_set_objects.py'...
[8.506s] -- Installing: /home/das-note-021/amir_kameyama_ws/install/observation_msgs/lib/libobservation_msgs__rosidl_generator_py.so
[8.506s] -- Set runtime path of "/home/das-note-021/amir_kameyama_ws/install/observation_msgs/lib/libobservation_msgs__rosidl_generator_py.so" to ""
[8.506s] -- Installing: /home/das-note-021/amir_kameyama_ws/install/observation_msgs/share/observation_msgs/cmake/export_observation_msgs__rosidl_generator_cExport.cmake
[8.506s] -- Installing: /home/das-note-021/amir_kameyama_ws/install/observation_msgs/share/observation_msgs/cmake/export_observation_msgs__rosidl_generator_cExport-noconfig.cmake
[8.507s] -- Installing: /home/das-note-021/amir_kameyama_ws/install/observation_msgs/share/observation_msgs/cmake/export_observation_msgs__rosidl_typesupport_fastrtps_cExport.cmake
[8.507s] -- Installing: /home/das-note-021/amir_kameyama_ws/install/observation_msgs/share/observation_msgs/cmake/export_observation_msgs__rosidl_typesupport_fastrtps_cExport-noconfig.cmake
[8.507s] -- Installing: /home/das-note-021/amir_kameyama_ws/install/observation_msgs/share/observation_msgs/cmake/export_observation_msgs__rosidl_generator_cppExport.cmake
[8.507s] -- Installing: /home/das-note-021/amir_kameyama_ws/install/observation_msgs/share/observation_msgs/cmake/export_observation_msgs__rosidl_typesupport_fastrtps_cppExport.cmake
[8.507s] -- Installing: /home/das-note-021/amir_kameyama_ws/install/observation_msgs/share/observation_msgs/cmake/export_observation_msgs__rosidl_typesupport_fastrtps_cppExport-noconfig.cmake
[8.508s] -- Installing: /home/das-note-021/amir_kameyama_ws/install/observation_msgs/share/observation_msgs/cmake/observation_msgs__rosidl_typesupport_introspection_cExport.cmake
[8.508s] -- Installing: /home/das-note-021/amir_kameyama_ws/install/observation_msgs/share/observation_msgs/cmake/observation_msgs__rosidl_typesupport_introspection_cExport-noconfig.cmake
[8.508s] -- Installing: /home/das-note-021/amir_kameyama_ws/install/observation_msgs/share/observation_msgs/cmake/observation_msgs__rosidl_typesupport_cExport.cmake
[8.508s] -- Installing: /home/das-note-021/amir_kameyama_ws/install/observation_msgs/share/observation_msgs/cmake/observation_msgs__rosidl_typesupport_cExport-noconfig.cmake
[8.508s] -- Installing: /home/das-note-021/amir_kameyama_ws/install/observation_msgs/share/observation_msgs/cmake/observation_msgs__rosidl_typesupport_introspection_cppExport.cmake
[8.508s] -- Installing: /home/das-note-021/amir_kameyama_ws/install/observation_msgs/share/observation_msgs/cmake/observation_msgs__rosidl_typesupport_introspection_cppExport-noconfig.cmake
[8.508s] -- Installing: /home/das-note-021/amir_kameyama_ws/install/observation_msgs/share/observation_msgs/cmake/observation_msgs__rosidl_typesupport_cppExport.cmake
[8.508s] -- Installing: /home/das-note-021/amir_kameyama_ws/install/observation_msgs/share/observation_msgs/cmake/observation_msgs__rosidl_typesupport_cppExport-noconfig.cmake
[8.508s] -- Installing: /home/das-note-021/amir_kameyama_ws/install/observation_msgs/share/observation_msgs/cmake/export_observation_msgs__rosidl_generator_pyExport.cmake
[8.508s] -- Installing: /home/das-note-021/amir_kameyama_ws/install/observation_msgs/share/observation_msgs/cmake/export_observation_msgs__rosidl_generator_pyExport-noconfig.cmake
[8.511s] Invoked command in '/home/das-note-021/amir_kameyama_ws/build/observation_msgs' returned '0': CMAKE_PREFIX_PATH=${CMAKE_PREFIX_PATH}:/home/das-note-021/amir_kameyama_ws/install/failure_detection:/home/das-note-021/amir_kameyama_ws/install/bt_generator:/home/das-note-021/kameyama_ws/install/ros2_aruco:/home/das-note-021/kameyama_ws/install/failure_detection:/home/das-note-021/kameyama_ws/install/bt_generator:/opt/ros/humble /usr/bin/cmake --install /home/das-note-021/amir_kameyama_ws/build/observation_msgs
