[0.021s] Invoking command in '/home/rover/kameyama_ws/build/failure_detection_msgs': AMENT_PREFIX_PATH=/home/rover/kameyama_ws/install/my_nav_msgs:/home/rover/kameyama_ws/install/behavior_tree_msgs:${AMENT_PREFIX_PATH} CMAKE_PREFIX_PATH=/home/rover/kameyama_ws/install/my_nav_msgs:/home/rover/kameyama_ws/install/behavior_tree_msgs:/home/rover/ros2_ws/install/ydlidar_ros2_driver:/home/rover/ros2_ws/install/vs_rover_options_description:/home/rover/ros2_ws/install/realsense2_description:/home/rover/ros2_ws/install/realsense2_camera:/home/rover/ros2_ws/install/realsense2_camera_msgs:/home/rover/ros2_ws/install/megarover3:/home/rover/ros2_ws/install/megarover_description:/home/rover/ros2_ws/install/megarover3_bringup:/home/rover/ros2_ws/install/mecanumrover3:/home/rover/ros2_ws/install/mecanumrover_description:/home/rover/ros2_ws/install/mecanumrover3_bringup:/home/rover/ros2_ws/install/fwdsrover_xna:/home/rover/ros2_ws/install/fwdsrover_xna_bringup:/home/rover/ros2_ws/install/amir:/home/rover/ros2_ws/install/amir_moveit_config:/home/rover/ros2_ws/install/amir_driver:/home/rover/ros2_ws/install/amir_interfaces:/home/rover/ros2_ws/install/amir_bringup:/home/rover/ros2_ws/install/amir_description:/home/rover/amir_basic_ws/install/image_pipeline:/home/rover/amir_basic_ws/install/stereo_image_proc:/home/rover/amir_basic_ws/install/image_proc:/home/rover/amir_basic_ws/install/tracetools_image_pipeline:/home/rover/amir_basic_ws/install/micro_ros_setup:/home/rover/amir_basic_ws/install/micro_ros_agent:/home/rover/amir_basic_ws/install/micro_ros_msgs:/home/rover/amir_basic_ws/install/image_view:/home/rover/amir_basic_ws/install/image_rotate:/home/rover/amir_basic_ws/install/image_publisher:/home/rover/amir_basic_ws/install/depth_image_proc:/home/rover/amir_basic_ws/install/darknet_ros:/home/rover/amir_basic_ws/install/darknet_ros_msgs:/home/rover/amir_basic_ws/install/behaviortree_cpp:/home/rover/amir_basic_ws/install/amir_interfaces:/home/rover/amir_basic_ws/install/camera_calibration:/opt/ros/humble LD_LIBRARY_PATH=/home/rover/kameyama_ws/install/my_nav_msgs/lib:/home/rover/kameyama_ws/install/behavior_tree_msgs/lib:${LD_LIBRARY_PATH} PYTHONPATH=/home/rover/kameyama_ws/install/my_nav_msgs/local/lib/python3.10/dist-packages:/home/rover/kameyama_ws/install/behavior_tree_msgs/local/lib/python3.10/dist-packages:${PYTHONPATH} /usr/bin/cmake --build /home/rover/kameyama_ws/build/failure_detection_msgs -- -j12 -l12
[0.062s] -- Found ament_cmake: 1.3.11 (/opt/ros/humble/share/ament_cmake/cmake)
[0.195s] -- Override CMake install command with custom implementation using symlinks instead of copying resources
[0.204s] -- Found rosidl_default_generators: 1.2.0 (/opt/ros/humble/share/rosidl_default_generators/cmake)
[0.210s] -- Using all available rosidl_typesupport_c: rosidl_typesupport_fastrtps_c;rosidl_typesupport_introspection_c
[0.213s] -- Found rosidl_adapter: 3.1.6 (/opt/ros/humble/share/rosidl_adapter/cmake)
[0.246s] -- Using all available rosidl_typesupport_cpp: rosidl_typesupport_fastrtps_cpp;rosidl_typesupport_introspection_cpp
[0.268s] -- Found my_nav_msgs: 0.1.0 (/home/rover/kameyama_ws/install/my_nav_msgs/share/my_nav_msgs/cmake)
[0.434s] -- Found moveit_msgs: 2.2.1 (/opt/ros/humble/share/moveit_msgs/cmake)
[0.525s] -- Found behavior_tree_msgs: 0.1.0 (/home/rover/kameyama_ws/install/behavior_tree_msgs/share/behavior_tree_msgs/cmake)
[1.036s] -- Found ament_cmake_ros: 0.10.0 (/opt/ros/humble/share/ament_cmake_ros/cmake)
[1.527s] -- Using all available rosidl_typesupport_c: rosidl_typesupport_fastrtps_c;rosidl_typesupport_introspection_c
[2.162s] -- Using all available rosidl_typesupport_cpp: rosidl_typesupport_fastrtps_cpp;rosidl_typesupport_introspection_cpp
[2.190s] -- Found python_cmake_module: 0.10.0 (/opt/ros/humble/share/python_cmake_module/cmake)
[2.220s] -- Using PYTHON_EXECUTABLE: /usr/bin/python3
[2.220s] -- Using PYTHON_INCLUDE_DIRS: /usr/include/python3.10
[2.220s] -- Using PYTHON_LIBRARIES: /usr/lib/x86_64-linux-gnu/libpython3.10.so
[2.413s] -- Found ament_lint_auto: 0.12.11 (/opt/ros/humble/share/ament_lint_auto/cmake)
[2.425s] -- Added test 'copyright' to check source files copyright and LICENSE
[2.428s] -- Added test 'lint_cmake' to check CMake code style
[2.430s] -- Added test 'xmllint' to check XML markup files
[2.434s] -- Configuring done
[2.534s] -- Generating done
[2.559s] -- Build files have been written to: /home/rover/kameyama_ws/build/failure_detection_msgs
[2.603s] [35m[1mConsolidate compiler generated dependencies of target failure_detection_msgs__rosidl_generator_c[0m
[2.619s] [  1%] Built target failure_detection_msgs__cpp
[2.622s] [  3%] [32mBuilding C object CMakeFiles/failure_detection_msgs__rosidl_generator_c.dir/rosidl_generator_c/failure_detection_msgs/msg/detail/solution__functions.c.o[0m
[2.629s] [  3%] Built target ament_cmake_python_symlink_failure_detection_msgs
[2.632s] [  4%] [32mBuilding C object CMakeFiles/failure_detection_msgs__rosidl_generator_c.dir/rosidl_generator_c/failure_detection_msgs/action/detail/analysys__functions.c.o[0m
[2.643s] [  6%] [32mBuilding C object CMakeFiles/failure_detection_msgs__rosidl_generator_c.dir/rosidl_generator_c/failure_detection_msgs/srv/detail/path_check__functions.c.o[0m
[2.658s] [35m[1mConsolidate compiler generated dependencies of target failure_detection_msgs__rosidl_typesupport_cpp[0m
[2.667s] [35m[1mConsolidate compiler generated dependencies of target failure_detection_msgs__rosidl_typesupport_introspection_cpp[0m
[2.694s] [  7%] [32mBuilding CXX object CMakeFiles/failure_detection_msgs__rosidl_typesupport_cpp.dir/rosidl_typesupport_cpp/failure_detection_msgs/msg/solution__type_support.cpp.o[0m
[2.703s] [  9%] [32mBuilding CXX object CMakeFiles/failure_detection_msgs__rosidl_typesupport_cpp.dir/rosidl_typesupport_cpp/failure_detection_msgs/srv/path_check__type_support.cpp.o[0m
[2.704s] [ 11%] [32mBuilding CXX object CMakeFiles/failure_detection_msgs__rosidl_typesupport_cpp.dir/rosidl_typesupport_cpp/failure_detection_msgs/action/analysys__type_support.cpp.o[0m
[2.717s] [ 12%] [32mBuilding CXX object CMakeFiles/failure_detection_msgs__rosidl_typesupport_introspection_cpp.dir/rosidl_typesupport_introspection_cpp/failure_detection_msgs/msg/detail/solution__type_support.cpp.o[0m
[2.718s] [ 14%] [32mBuilding C object CMakeFiles/failure_detection_msgs__rosidl_generator_c.dir/rosidl_generator_c/failure_detection_msgs/srv/detail/after_pick__functions.c.o[0m
[2.757s] [ 15%] [32mBuilding CXX object CMakeFiles/failure_detection_msgs__rosidl_typesupport_introspection_cpp.dir/rosidl_typesupport_introspection_cpp/failure_detection_msgs/action/detail/analysys__type_support.cpp.o[0m
[2.757s] [ 17%] [32mBuilding C object CMakeFiles/failure_detection_msgs__rosidl_generator_c.dir/rosidl_generator_c/failure_detection_msgs/srv/detail/before_pick__functions.c.o[0m
[2.822s] [ 19%] [32mBuilding CXX object CMakeFiles/failure_detection_msgs__rosidl_typesupport_introspection_cpp.dir/rosidl_typesupport_introspection_cpp/failure_detection_msgs/srv/detail/path_check__type_support.cpp.o[0m
[2.906s] [ 20%] [32m[1mLinking C shared library libfailure_detection_msgs__rosidl_generator_c.so[0m
[3.010s] [ 22%] Built target failure_detection_msgs__rosidl_generator_c
[3.037s] [ 23%] [32mBuilding CXX object CMakeFiles/failure_detection_msgs__rosidl_typesupport_introspection_cpp.dir/rosidl_typesupport_introspection_cpp/failure_detection_msgs/srv/detail/after_pick__type_support.cpp.o[0m
[3.042s] [ 25%] [32mBuilding CXX object CMakeFiles/failure_detection_msgs__rosidl_typesupport_introspection_cpp.dir/rosidl_typesupport_introspection_cpp/failure_detection_msgs/srv/detail/before_pick__type_support.cpp.o[0m
[3.065s] [35m[1mConsolidate compiler generated dependencies of target failure_detection_msgs__rosidl_typesupport_fastrtps_cpp[0m
[3.070s] [ 26%] [32mBuilding CXX object CMakeFiles/failure_detection_msgs__rosidl_typesupport_cpp.dir/rosidl_typesupport_cpp/failure_detection_msgs/srv/after_pick__type_support.cpp.o[0m
[3.076s] [ 28%] [32mBuilding CXX object CMakeFiles/failure_detection_msgs__rosidl_typesupport_cpp.dir/rosidl_typesupport_cpp/failure_detection_msgs/srv/before_pick__type_support.cpp.o[0m
[3.107s] [ 30%] [32mBuilding CXX object CMakeFiles/failure_detection_msgs__rosidl_typesupport_fastrtps_cpp.dir/rosidl_typesupport_fastrtps_cpp/failure_detection_msgs/msg/detail/dds_fastrtps/solution__type_support.cpp.o[0m
[3.521s] [ 31%] [32mBuilding CXX object CMakeFiles/failure_detection_msgs__rosidl_typesupport_fastrtps_cpp.dir/rosidl_typesupport_fastrtps_cpp/failure_detection_msgs/action/detail/dds_fastrtps/analysys__type_support.cpp.o[0m
[3.602s] [ 33%] [32mBuilding CXX object CMakeFiles/failure_detection_msgs__rosidl_typesupport_fastrtps_cpp.dir/rosidl_typesupport_fastrtps_cpp/failure_detection_msgs/srv/detail/dds_fastrtps/path_check__type_support.cpp.o[0m
[3.680s] [ 34%] [32m[1mLinking CXX shared library libfailure_detection_msgs__rosidl_typesupport_cpp.so[0m
[3.793s] [ 36%] Built target failure_detection_msgs__rosidl_typesupport_cpp
[3.816s] [ 38%] [32mBuilding CXX object CMakeFiles/failure_detection_msgs__rosidl_typesupport_fastrtps_cpp.dir/rosidl_typesupport_fastrtps_cpp/failure_detection_msgs/srv/detail/dds_fastrtps/after_pick__type_support.cpp.o[0m
[3.839s] [35m[1mConsolidate compiler generated dependencies of target failure_detection_msgs__rosidl_typesupport_c[0m
[3.872s] [ 39%] [32mBuilding CXX object CMakeFiles/failure_detection_msgs__rosidl_typesupport_c.dir/rosidl_typesupport_c/failure_detection_msgs/msg/solution__type_support.cpp.o[0m
[3.878s] [ 41%] [32mBuilding CXX object CMakeFiles/failure_detection_msgs__rosidl_typesupport_c.dir/rosidl_typesupport_c/failure_detection_msgs/action/analysys__type_support.cpp.o[0m
[3.879s] [ 42%] [32mBuilding CXX object CMakeFiles/failure_detection_msgs__rosidl_typesupport_c.dir/rosidl_typesupport_c/failure_detection_msgs/srv/path_check__type_support.cpp.o[0m
[3.885s] [ 44%] [32m[1mLinking CXX shared library libfailure_detection_msgs__rosidl_typesupport_introspection_cpp.so[0m
[3.961s] [ 46%] [32mBuilding CXX object CMakeFiles/failure_detection_msgs__rosidl_typesupport_c.dir/rosidl_typesupport_c/failure_detection_msgs/srv/before_pick__type_support.cpp.o[0m
[3.969s] [ 47%] [32mBuilding CXX object CMakeFiles/failure_detection_msgs__rosidl_typesupport_c.dir/rosidl_typesupport_c/failure_detection_msgs/srv/after_pick__type_support.cpp.o[0m
[4.060s] [ 49%] [32m[1mLinking CXX shared library libfailure_detection_msgs__rosidl_typesupport_c.so[0m
[4.066s] running egg_info
[4.095s] [ 50%] Built target failure_detection_msgs__rosidl_typesupport_introspection_cpp
[4.137s] [35m[1mConsolidate compiler generated dependencies of target failure_detection_msgs__rosidl_typesupport_introspection_c[0m
[4.142s] [35m[1mConsolidate compiler generated dependencies of target failure_detection_msgs__rosidl_typesupport_fastrtps_c[0m
[4.151s] writing failure_detection_msgs.egg-info/PKG-INFO
[4.162s] [ 52%] Built target failure_detection_msgs__rosidl_typesupport_c
[4.175s] [ 53%] [32mBuilding C object CMakeFiles/failure_detection_msgs__rosidl_typesupport_introspection_c.dir/rosidl_typesupport_introspection_c/failure_detection_msgs/msg/detail/solution__type_support.c.o[0m
[4.177s] [ 55%] [32mBuilding C object CMakeFiles/failure_detection_msgs__rosidl_typesupport_introspection_c.dir/rosidl_typesupport_introspection_c/failure_detection_msgs/action/detail/analysys__type_support.c.o[0m
[4.180s] [ 57%] [32mBuilding C object CMakeFiles/failure_detection_msgs__rosidl_typesupport_introspection_c.dir/rosidl_typesupport_introspection_c/failure_detection_msgs/srv/detail/path_check__type_support.c.o[0m
[4.189s] [ 58%] [32mBuilding CXX object CMakeFiles/failure_detection_msgs__rosidl_typesupport_fastrtps_c.dir/rosidl_typesupport_fastrtps_c/failure_detection_msgs/msg/detail/solution__type_support_c.cpp.o[0m
[4.193s] [ 60%] [32mBuilding CXX object CMakeFiles/failure_detection_msgs__rosidl_typesupport_fastrtps_c.dir/rosidl_typesupport_fastrtps_c/failure_detection_msgs/action/detail/analysys__type_support_c.cpp.o[0m
[4.250s] writing dependency_links to failure_detection_msgs.egg-info/dependency_links.txt
[4.285s] [ 61%] [32mBuilding CXX object CMakeFiles/failure_detection_msgs__rosidl_typesupport_fastrtps_cpp.dir/rosidl_typesupport_fastrtps_cpp/failure_detection_msgs/srv/detail/dds_fastrtps/before_pick__type_support.cpp.o[0m
[4.286s] [ 63%] [32mBuilding CXX object CMakeFiles/failure_detection_msgs__rosidl_typesupport_fastrtps_c.dir/rosidl_typesupport_fastrtps_c/failure_detection_msgs/srv/detail/path_check__type_support_c.cpp.o[0m
[4.295s] [ 65%] [32mBuilding C object CMakeFiles/failure_detection_msgs__rosidl_typesupport_introspection_c.dir/rosidl_typesupport_introspection_c/failure_detection_msgs/srv/detail/after_pick__type_support.c.o[0m
[4.302s] [ 66%] [32mBuilding C object CMakeFiles/failure_detection_msgs__rosidl_typesupport_introspection_c.dir/rosidl_typesupport_introspection_c/failure_detection_msgs/srv/detail/before_pick__type_support.c.o[0m
[4.400s] [ 68%] [32m[1mLinking C shared library libfailure_detection_msgs__rosidl_typesupport_introspection_c.so[0m
[4.494s] [ 69%] Built target failure_detection_msgs__rosidl_typesupport_introspection_c
[4.645s] [ 71%] [32mBuilding CXX object CMakeFiles/failure_detection_msgs__rosidl_typesupport_fastrtps_c.dir/rosidl_typesupport_fastrtps_c/failure_detection_msgs/srv/detail/after_pick__type_support_c.cpp.o[0m
[4.733s] [ 73%] [32mBuilding CXX object CMakeFiles/failure_detection_msgs__rosidl_typesupport_fastrtps_c.dir/rosidl_typesupport_fastrtps_c/failure_detection_msgs/srv/detail/before_pick__type_support_c.cpp.o[0m
[4.776s] [ 74%] [32m[1mLinking CXX shared library libfailure_detection_msgs__rosidl_typesupport_fastrtps_cpp.so[0m
[4.797s] writing top-level names to failure_detection_msgs.egg-info/top_level.txt
[4.977s] reading manifest file 'failure_detection_msgs.egg-info/SOURCES.txt'
[4.981s] writing manifest file 'failure_detection_msgs.egg-info/SOURCES.txt'
[4.988s] [ 76%] Built target failure_detection_msgs__rosidl_typesupport_fastrtps_cpp
[5.057s] [ 76%] Built target ament_cmake_python_build_failure_detection_msgs_egg
[5.135s] [ 77%] [32m[1mLinking CXX shared library libfailure_detection_msgs__rosidl_typesupport_fastrtps_c.so[0m
[5.255s] [ 79%] Built target failure_detection_msgs__rosidl_typesupport_fastrtps_c
[5.285s] [ 79%] Built target failure_detection_msgs
[5.319s] [ 80%] Built target failure_detection_msgs__py
[5.337s] [35m[1mConsolidate compiler generated dependencies of target failure_detection_msgs__rosidl_generator_py[0m
[5.357s] [ 82%] [32mBuilding C object CMakeFiles/failure_detection_msgs__rosidl_generator_py.dir/rosidl_generator_py/failure_detection_msgs/msg/_solution_s.c.o[0m
[5.493s] [ 84%] [32mBuilding C object CMakeFiles/failure_detection_msgs__rosidl_generator_py.dir/rosidl_generator_py/failure_detection_msgs/srv/_after_pick_s.c.o[0m
[5.639s] [ 85%] [32mBuilding C object CMakeFiles/failure_detection_msgs__rosidl_generator_py.dir/rosidl_generator_py/failure_detection_msgs/srv/_before_pick_s.c.o[0m
[5.774s] [ 87%] [32mBuilding C object CMakeFiles/failure_detection_msgs__rosidl_generator_py.dir/rosidl_generator_py/failure_detection_msgs/srv/_path_check_s.c.o[0m
[5.896s] [ 88%] [32mBuilding C object CMakeFiles/failure_detection_msgs__rosidl_generator_py.dir/rosidl_generator_py/failure_detection_msgs/action/_analysys_s.c.o[0m
[6.047s] [ 90%] [32m[1mLinking C shared library rosidl_generator_py/failure_detection_msgs/libfailure_detection_msgs__rosidl_generator_py.so[0m
[6.117s] [ 90%] Built target failure_detection_msgs__rosidl_generator_py
[6.133s] [35m[1mConsolidate compiler generated dependencies of target failure_detection_msgs__rosidl_typesupport_fastrtps_c__pyext[0m
[6.151s] [ 92%] [32mBuilding C object CMakeFiles/failure_detection_msgs__rosidl_typesupport_fastrtps_c__pyext.dir/rosidl_generator_py/failure_detection_msgs/_failure_detection_msgs_s.ep.rosidl_typesupport_fastrtps_c.c.o[0m
[6.322s] [ 93%] [32m[1mLinking C shared library rosidl_generator_py/failure_detection_msgs/failure_detection_msgs_s__rosidl_typesupport_fastrtps_c.cpython-310-x86_64-linux-gnu.so[0m
[6.412s] [ 93%] Built target failure_detection_msgs__rosidl_typesupport_fastrtps_c__pyext
[6.427s] [35m[1mConsolidate compiler generated dependencies of target failure_detection_msgs__rosidl_typesupport_c__pyext[0m
[6.445s] [ 95%] [32mBuilding C object CMakeFiles/failure_detection_msgs__rosidl_typesupport_c__pyext.dir/rosidl_generator_py/failure_detection_msgs/_failure_detection_msgs_s.ep.rosidl_typesupport_c.c.o[0m
[6.608s] [ 96%] [32m[1mLinking C shared library rosidl_generator_py/failure_detection_msgs/failure_detection_msgs_s__rosidl_typesupport_c.cpython-310-x86_64-linux-gnu.so[0m
[6.694s] [ 96%] Built target failure_detection_msgs__rosidl_typesupport_c__pyext
[6.710s] [35m[1mConsolidate compiler generated dependencies of target failure_detection_msgs__rosidl_typesupport_introspection_c__pyext[0m
[6.729s] [ 98%] [32mBuilding C object CMakeFiles/failure_detection_msgs__rosidl_typesupport_introspection_c__pyext.dir/rosidl_generator_py/failure_detection_msgs/_failure_detection_msgs_s.ep.rosidl_typesupport_introspection_c.c.o[0m
[6.897s] [100%] [32m[1mLinking C shared library rosidl_generator_py/failure_detection_msgs/failure_detection_msgs_s__rosidl_typesupport_introspection_c.cpython-310-x86_64-linux-gnu.so[0m
[6.984s] [100%] Built target failure_detection_msgs__rosidl_typesupport_introspection_c__pyext
[7.000s] Invoked command in '/home/rover/kameyama_ws/build/failure_detection_msgs' returned '0': AMENT_PREFIX_PATH=/home/rover/kameyama_ws/install/my_nav_msgs:/home/rover/kameyama_ws/install/behavior_tree_msgs:${AMENT_PREFIX_PATH} CMAKE_PREFIX_PATH=/home/rover/kameyama_ws/install/my_nav_msgs:/home/rover/kameyama_ws/install/behavior_tree_msgs:/home/rover/ros2_ws/install/ydlidar_ros2_driver:/home/rover/ros2_ws/install/vs_rover_options_description:/home/rover/ros2_ws/install/realsense2_description:/home/rover/ros2_ws/install/realsense2_camera:/home/rover/ros2_ws/install/realsense2_camera_msgs:/home/rover/ros2_ws/install/megarover3:/home/rover/ros2_ws/install/megarover_description:/home/rover/ros2_ws/install/megarover3_bringup:/home/rover/ros2_ws/install/mecanumrover3:/home/rover/ros2_ws/install/mecanumrover_description:/home/rover/ros2_ws/install/mecanumrover3_bringup:/home/rover/ros2_ws/install/fwdsrover_xna:/home/rover/ros2_ws/install/fwdsrover_xna_bringup:/home/rover/ros2_ws/install/amir:/home/rover/ros2_ws/install/amir_moveit_config:/home/rover/ros2_ws/install/amir_driver:/home/rover/ros2_ws/install/amir_interfaces:/home/rover/ros2_ws/install/amir_bringup:/home/rover/ros2_ws/install/amir_description:/home/rover/amir_basic_ws/install/image_pipeline:/home/rover/amir_basic_ws/install/stereo_image_proc:/home/rover/amir_basic_ws/install/image_proc:/home/rover/amir_basic_ws/install/tracetools_image_pipeline:/home/rover/amir_basic_ws/install/micro_ros_setup:/home/rover/amir_basic_ws/install/micro_ros_agent:/home/rover/amir_basic_ws/install/micro_ros_msgs:/home/rover/amir_basic_ws/install/image_view:/home/rover/amir_basic_ws/install/image_rotate:/home/rover/amir_basic_ws/install/image_publisher:/home/rover/amir_basic_ws/install/depth_image_proc:/home/rover/amir_basic_ws/install/darknet_ros:/home/rover/amir_basic_ws/install/darknet_ros_msgs:/home/rover/amir_basic_ws/install/behaviortree_cpp:/home/rover/amir_basic_ws/install/amir_interfaces:/home/rover/amir_basic_ws/install/camera_calibration:/opt/ros/humble LD_LIBRARY_PATH=/home/rover/kameyama_ws/install/my_nav_msgs/lib:/home/rover/kameyama_ws/install/behavior_tree_msgs/lib:${LD_LIBRARY_PATH} PYTHONPATH=/home/rover/kameyama_ws/install/my_nav_msgs/local/lib/python3.10/dist-packages:/home/rover/kameyama_ws/install/behavior_tree_msgs/local/lib/python3.10/dist-packages:${PYTHONPATH} /usr/bin/cmake --build /home/rover/kameyama_ws/build/failure_detection_msgs -- -j12 -l12
[7.002s] Invoking command in '/home/rover/kameyama_ws/build/failure_detection_msgs': AMENT_PREFIX_PATH=/home/rover/kameyama_ws/install/my_nav_msgs:/home/rover/kameyama_ws/install/behavior_tree_msgs:${AMENT_PREFIX_PATH} CMAKE_PREFIX_PATH=/home/rover/kameyama_ws/install/my_nav_msgs:/home/rover/kameyama_ws/install/behavior_tree_msgs:/home/rover/ros2_ws/install/ydlidar_ros2_driver:/home/rover/ros2_ws/install/vs_rover_options_description:/home/rover/ros2_ws/install/realsense2_description:/home/rover/ros2_ws/install/realsense2_camera:/home/rover/ros2_ws/install/realsense2_camera_msgs:/home/rover/ros2_ws/install/megarover3:/home/rover/ros2_ws/install/megarover_description:/home/rover/ros2_ws/install/megarover3_bringup:/home/rover/ros2_ws/install/mecanumrover3:/home/rover/ros2_ws/install/mecanumrover_description:/home/rover/ros2_ws/install/mecanumrover3_bringup:/home/rover/ros2_ws/install/fwdsrover_xna:/home/rover/ros2_ws/install/fwdsrover_xna_bringup:/home/rover/ros2_ws/install/amir:/home/rover/ros2_ws/install/amir_moveit_config:/home/rover/ros2_ws/install/amir_driver:/home/rover/ros2_ws/install/amir_interfaces:/home/rover/ros2_ws/install/amir_bringup:/home/rover/ros2_ws/install/amir_description:/home/rover/amir_basic_ws/install/image_pipeline:/home/rover/amir_basic_ws/install/stereo_image_proc:/home/rover/amir_basic_ws/install/image_proc:/home/rover/amir_basic_ws/install/tracetools_image_pipeline:/home/rover/amir_basic_ws/install/micro_ros_setup:/home/rover/amir_basic_ws/install/micro_ros_agent:/home/rover/amir_basic_ws/install/micro_ros_msgs:/home/rover/amir_basic_ws/install/image_view:/home/rover/amir_basic_ws/install/image_rotate:/home/rover/amir_basic_ws/install/image_publisher:/home/rover/amir_basic_ws/install/depth_image_proc:/home/rover/amir_basic_ws/install/darknet_ros:/home/rover/amir_basic_ws/install/darknet_ros_msgs:/home/rover/amir_basic_ws/install/behaviortree_cpp:/home/rover/amir_basic_ws/install/amir_interfaces:/home/rover/amir_basic_ws/install/camera_calibration:/opt/ros/humble LD_LIBRARY_PATH=/home/rover/kameyama_ws/install/my_nav_msgs/lib:/home/rover/kameyama_ws/install/behavior_tree_msgs/lib:${LD_LIBRARY_PATH} PYTHONPATH=/home/rover/kameyama_ws/install/my_nav_msgs/local/lib/python3.10/dist-packages:/home/rover/kameyama_ws/install/behavior_tree_msgs/local/lib/python3.10/dist-packages:${PYTHONPATH} /usr/bin/cmake --install /home/rover/kameyama_ws/build/failure_detection_msgs
[7.013s] -- Install configuration: ""
[7.013s] -- Execute custom install script
[7.014s] -- Up-to-date symlink: /home/rover/kameyama_ws/install/failure_detection_msgs/share/ament_index/resource_index/rosidl_interfaces/failure_detection_msgs
[7.015s] -- Up-to-date symlink: /home/rover/kameyama_ws/install/failure_detection_msgs/include/failure_detection_msgs/failure_detection_msgs/action/analysys.h
[7.015s] -- Up-to-date symlink: /home/rover/kameyama_ws/install/failure_detection_msgs/include/failure_detection_msgs/failure_detection_msgs/action/detail/analysys__functions.h
[7.015s] -- Up-to-date symlink: /home/rover/kameyama_ws/install/failure_detection_msgs/include/failure_detection_msgs/failure_detection_msgs/action/detail/analysys__struct.h
[7.015s] -- Up-to-date symlink: /home/rover/kameyama_ws/install/failure_detection_msgs/include/failure_detection_msgs/failure_detection_msgs/action/detail/analysys__type_support.h
[7.016s] -- Up-to-date symlink: /home/rover/kameyama_ws/install/failure_detection_msgs/include/failure_detection_msgs/failure_detection_msgs/msg/detail/solution__functions.h
[7.016s] -- Up-to-date symlink: /home/rover/kameyama_ws/install/failure_detection_msgs/include/failure_detection_msgs/failure_detection_msgs/msg/detail/solution__struct.h
[7.016s] -- Up-to-date symlink: /home/rover/kameyama_ws/install/failure_detection_msgs/include/failure_detection_msgs/failure_detection_msgs/msg/detail/solution__type_support.h
[7.017s] -- Up-to-date symlink: /home/rover/kameyama_ws/install/failure_detection_msgs/include/failure_detection_msgs/failure_detection_msgs/msg/rosidl_generator_c__visibility_control.h
[7.018s] -- Up-to-date symlink: /home/rover/kameyama_ws/install/failure_detection_msgs/include/failure_detection_msgs/failure_detection_msgs/msg/solution.h
[7.018s] -- Up-to-date symlink: /home/rover/kameyama_ws/install/failure_detection_msgs/include/failure_detection_msgs/failure_detection_msgs/srv/after_pick.h
[7.019s] -- Up-to-date symlink: /home/rover/kameyama_ws/install/failure_detection_msgs/include/failure_detection_msgs/failure_detection_msgs/srv/before_pick.h
[7.019s] -- Up-to-date symlink: /home/rover/kameyama_ws/install/failure_detection_msgs/include/failure_detection_msgs/failure_detection_msgs/srv/detail/after_pick__functions.h
[7.019s] -- Up-to-date symlink: /home/rover/kameyama_ws/install/failure_detection_msgs/include/failure_detection_msgs/failure_detection_msgs/srv/detail/after_pick__struct.h
[7.019s] -- Up-to-date symlink: /home/rover/kameyama_ws/install/failure_detection_msgs/include/failure_detection_msgs/failure_detection_msgs/srv/detail/after_pick__type_support.h
[7.019s] -- Up-to-date symlink: /home/rover/kameyama_ws/install/failure_detection_msgs/include/failure_detection_msgs/failure_detection_msgs/srv/detail/before_pick__functions.h
[7.020s] -- Up-to-date symlink: /home/rover/kameyama_ws/install/failure_detection_msgs/include/failure_detection_msgs/failure_detection_msgs/srv/detail/before_pick__struct.h
[7.020s] -- Up-to-date symlink: /home/rover/kameyama_ws/install/failure_detection_msgs/include/failure_detection_msgs/failure_detection_msgs/srv/detail/before_pick__type_support.h
[7.020s] -- Up-to-date symlink: /home/rover/kameyama_ws/install/failure_detection_msgs/include/failure_detection_msgs/failure_detection_msgs/srv/detail/path_check__functions.h
[7.020s] -- Up-to-date symlink: /home/rover/kameyama_ws/install/failure_detection_msgs/include/failure_detection_msgs/failure_detection_msgs/srv/detail/path_check__struct.h
[7.020s] -- Up-to-date symlink: /home/rover/kameyama_ws/install/failure_detection_msgs/include/failure_detection_msgs/failure_detection_msgs/srv/detail/path_check__type_support.h
[7.021s] -- Up-to-date symlink: /home/rover/kameyama_ws/install/failure_detection_msgs/include/failure_detection_msgs/failure_detection_msgs/srv/path_check.h
[7.021s] -- Up-to-date symlink: /home/rover/kameyama_ws/install/failure_detection_msgs/share/failure_detection_msgs/environment/library_path.sh
[7.021s] -- Up-to-date symlink: /home/rover/kameyama_ws/install/failure_detection_msgs/share/failure_detection_msgs/environment/library_path.dsv
[7.022s] -- Up-to-date symlink: /home/rover/kameyama_ws/install/failure_detection_msgs/include/failure_detection_msgs/failure_detection_msgs/action/detail/analysys__rosidl_typesupport_fastrtps_c.h
[7.022s] -- Up-to-date symlink: /home/rover/kameyama_ws/install/failure_detection_msgs/include/failure_detection_msgs/failure_detection_msgs/msg/detail/solution__rosidl_typesupport_fastrtps_c.h
[7.022s] -- Up-to-date symlink: /home/rover/kameyama_ws/install/failure_detection_msgs/include/failure_detection_msgs/failure_detection_msgs/msg/rosidl_typesupport_fastrtps_c__visibility_control.h
[7.023s] -- Up-to-date symlink: /home/rover/kameyama_ws/install/failure_detection_msgs/include/failure_detection_msgs/failure_detection_msgs/srv/detail/after_pick__rosidl_typesupport_fastrtps_c.h
[7.023s] -- Up-to-date symlink: /home/rover/kameyama_ws/install/failure_detection_msgs/include/failure_detection_msgs/failure_detection_msgs/srv/detail/before_pick__rosidl_typesupport_fastrtps_c.h
[7.023s] -- Up-to-date symlink: /home/rover/kameyama_ws/install/failure_detection_msgs/include/failure_detection_msgs/failure_detection_msgs/srv/detail/path_check__rosidl_typesupport_fastrtps_c.h
[7.024s] -- Up-to-date symlink: /home/rover/kameyama_ws/install/failure_detection_msgs/include/failure_detection_msgs/failure_detection_msgs/action/detail/analysys__rosidl_typesupport_introspection_c.h
[7.024s] -- Up-to-date symlink: /home/rover/kameyama_ws/install/failure_detection_msgs/include/failure_detection_msgs/failure_detection_msgs/msg/detail/solution__rosidl_typesupport_introspection_c.h
[7.024s] -- Up-to-date symlink: /home/rover/kameyama_ws/install/failure_detection_msgs/include/failure_detection_msgs/failure_detection_msgs/msg/rosidl_typesupport_introspection_c__visibility_control.h
[7.024s] -- Up-to-date symlink: /home/rover/kameyama_ws/install/failure_detection_msgs/include/failure_detection_msgs/failure_detection_msgs/srv/detail/after_pick__rosidl_typesupport_introspection_c.h
[7.024s] -- Up-to-date symlink: /home/rover/kameyama_ws/install/failure_detection_msgs/include/failure_detection_msgs/failure_detection_msgs/srv/detail/before_pick__rosidl_typesupport_introspection_c.h
[7.024s] -- Up-to-date symlink: /home/rover/kameyama_ws/install/failure_detection_msgs/include/failure_detection_msgs/failure_detection_msgs/srv/detail/path_check__rosidl_typesupport_introspection_c.h
[7.025s] -- Up-to-date symlink: /home/rover/kameyama_ws/install/failure_detection_msgs/include/failure_detection_msgs/failure_detection_msgs/action/analysys.hpp
[7.025s] -- Up-to-date symlink: /home/rover/kameyama_ws/install/failure_detection_msgs/include/failure_detection_msgs/failure_detection_msgs/action/detail/analysys__builder.hpp
[7.026s] -- Up-to-date symlink: /home/rover/kameyama_ws/install/failure_detection_msgs/include/failure_detection_msgs/failure_detection_msgs/action/detail/analysys__struct.hpp
[7.026s] -- Up-to-date symlink: /home/rover/kameyama_ws/install/failure_detection_msgs/include/failure_detection_msgs/failure_detection_msgs/action/detail/analysys__traits.hpp
[7.026s] -- Up-to-date symlink: /home/rover/kameyama_ws/install/failure_detection_msgs/include/failure_detection_msgs/failure_detection_msgs/action/detail/analysys__type_support.hpp
[7.026s] -- Up-to-date symlink: /home/rover/kameyama_ws/install/failure_detection_msgs/include/failure_detection_msgs/failure_detection_msgs/msg/detail/solution__builder.hpp
[7.026s] -- Up-to-date symlink: /home/rover/kameyama_ws/install/failure_detection_msgs/include/failure_detection_msgs/failure_detection_msgs/msg/detail/solution__struct.hpp
[7.027s] -- Up-to-date symlink: /home/rover/kameyama_ws/install/failure_detection_msgs/include/failure_detection_msgs/failure_detection_msgs/msg/detail/solution__traits.hpp
[7.027s] -- Up-to-date symlink: /home/rover/kameyama_ws/install/failure_detection_msgs/include/failure_detection_msgs/failure_detection_msgs/msg/detail/solution__type_support.hpp
[7.027s] -- Up-to-date symlink: /home/rover/kameyama_ws/install/failure_detection_msgs/include/failure_detection_msgs/failure_detection_msgs/msg/rosidl_generator_cpp__visibility_control.hpp
[7.027s] -- Up-to-date symlink: /home/rover/kameyama_ws/install/failure_detection_msgs/include/failure_detection_msgs/failure_detection_msgs/msg/solution.hpp
[7.027s] -- Up-to-date symlink: /home/rover/kameyama_ws/install/failure_detection_msgs/include/failure_detection_msgs/failure_detection_msgs/srv/after_pick.hpp
[7.027s] -- Up-to-date symlink: /home/rover/kameyama_ws/install/failure_detection_msgs/include/failure_detection_msgs/failure_detection_msgs/srv/before_pick.hpp
[7.028s] -- Up-to-date symlink: /home/rover/kameyama_ws/install/failure_detection_msgs/include/failure_detection_msgs/failure_detection_msgs/srv/detail/after_pick__builder.hpp
[7.028s] -- Up-to-date symlink: /home/rover/kameyama_ws/install/failure_detection_msgs/include/failure_detection_msgs/failure_detection_msgs/srv/detail/after_pick__struct.hpp
[7.028s] -- Up-to-date symlink: /home/rover/kameyama_ws/install/failure_detection_msgs/include/failure_detection_msgs/failure_detection_msgs/srv/detail/after_pick__traits.hpp
[7.028s] -- Up-to-date symlink: /home/rover/kameyama_ws/install/failure_detection_msgs/include/failure_detection_msgs/failure_detection_msgs/srv/detail/after_pick__type_support.hpp
[7.028s] -- Up-to-date symlink: /home/rover/kameyama_ws/install/failure_detection_msgs/include/failure_detection_msgs/failure_detection_msgs/srv/detail/before_pick__builder.hpp
[7.029s] -- Up-to-date symlink: /home/rover/kameyama_ws/install/failure_detection_msgs/include/failure_detection_msgs/failure_detection_msgs/srv/detail/before_pick__struct.hpp
[7.029s] -- Up-to-date symlink: /home/rover/kameyama_ws/install/failure_detection_msgs/include/failure_detection_msgs/failure_detection_msgs/srv/detail/before_pick__traits.hpp
[7.029s] -- Up-to-date symlink: /home/rover/kameyama_ws/install/failure_detection_msgs/include/failure_detection_msgs/failure_detection_msgs/srv/detail/before_pick__type_support.hpp
[7.029s] -- Up-to-date symlink: /home/rover/kameyama_ws/install/failure_detection_msgs/include/failure_detection_msgs/failure_detection_msgs/srv/detail/path_check__builder.hpp
[7.029s] -- Up-to-date symlink: /home/rover/kameyama_ws/install/failure_detection_msgs/include/failure_detection_msgs/failure_detection_msgs/srv/detail/path_check__struct.hpp
[7.030s] -- Up-to-date symlink: /home/rover/kameyama_ws/install/failure_detection_msgs/include/failure_detection_msgs/failure_detection_msgs/srv/detail/path_check__traits.hpp
[7.030s] -- Up-to-date symlink: /home/rover/kameyama_ws/install/failure_detection_msgs/include/failure_detection_msgs/failure_detection_msgs/srv/detail/path_check__type_support.hpp
[7.030s] -- Up-to-date symlink: /home/rover/kameyama_ws/install/failure_detection_msgs/include/failure_detection_msgs/failure_detection_msgs/srv/path_check.hpp
[7.031s] -- Up-to-date symlink: /home/rover/kameyama_ws/install/failure_detection_msgs/include/failure_detection_msgs/failure_detection_msgs/action/detail/analysys__rosidl_typesupport_fastrtps_cpp.hpp
[7.031s] -- Up-to-date symlink: /home/rover/kameyama_ws/install/failure_detection_msgs/include/failure_detection_msgs/failure_detection_msgs/msg/detail/solution__rosidl_typesupport_fastrtps_cpp.hpp
[7.031s] -- Up-to-date symlink: /home/rover/kameyama_ws/install/failure_detection_msgs/include/failure_detection_msgs/failure_detection_msgs/msg/rosidl_typesupport_fastrtps_cpp__visibility_control.h
[7.031s] -- Up-to-date symlink: /home/rover/kameyama_ws/install/failure_detection_msgs/include/failure_detection_msgs/failure_detection_msgs/srv/detail/after_pick__rosidl_typesupport_fastrtps_cpp.hpp
[7.032s] -- Up-to-date symlink: /home/rover/kameyama_ws/install/failure_detection_msgs/include/failure_detection_msgs/failure_detection_msgs/srv/detail/before_pick__rosidl_typesupport_fastrtps_cpp.hpp
[7.032s] -- Up-to-date symlink: /home/rover/kameyama_ws/install/failure_detection_msgs/include/failure_detection_msgs/failure_detection_msgs/srv/detail/path_check__rosidl_typesupport_fastrtps_cpp.hpp
[7.032s] -- Up-to-date symlink: /home/rover/kameyama_ws/install/failure_detection_msgs/include/failure_detection_msgs/failure_detection_msgs/action/detail/analysys__rosidl_typesupport_introspection_cpp.hpp
[7.033s] -- Up-to-date symlink: /home/rover/kameyama_ws/install/failure_detection_msgs/include/failure_detection_msgs/failure_detection_msgs/msg/detail/solution__rosidl_typesupport_introspection_cpp.hpp
[7.033s] -- Up-to-date symlink: /home/rover/kameyama_ws/install/failure_detection_msgs/include/failure_detection_msgs/failure_detection_msgs/srv/detail/after_pick__rosidl_typesupport_introspection_cpp.hpp
[7.033s] -- Up-to-date symlink: /home/rover/kameyama_ws/install/failure_detection_msgs/include/failure_detection_msgs/failure_detection_msgs/srv/detail/before_pick__rosidl_typesupport_introspection_cpp.hpp
[7.033s] -- Up-to-date symlink: /home/rover/kameyama_ws/install/failure_detection_msgs/include/failure_detection_msgs/failure_detection_msgs/srv/detail/path_check__rosidl_typesupport_introspection_cpp.hpp
[7.033s] -- Up-to-date symlink: /home/rover/kameyama_ws/install/failure_detection_msgs/share/failure_detection_msgs/environment/pythonpath.sh
[7.034s] -- Up-to-date symlink: /home/rover/kameyama_ws/install/failure_detection_msgs/share/failure_detection_msgs/environment/pythonpath.dsv
[7.034s] -- Up-to-date symlink: /home/rover/kameyama_ws/install/failure_detection_msgs/local/lib/python3.10/dist-packages/failure_detection_msgs-0.0.0-py3.10.egg-info/PKG-INFO
[7.035s] -- Up-to-date symlink: /home/rover/kameyama_ws/install/failure_detection_msgs/local/lib/python3.10/dist-packages/failure_detection_msgs-0.0.0-py3.10.egg-info/SOURCES.txt
[7.035s] -- Up-to-date symlink: /home/rover/kameyama_ws/install/failure_detection_msgs/local/lib/python3.10/dist-packages/failure_detection_msgs-0.0.0-py3.10.egg-info/dependency_links.txt
[7.035s] -- Up-to-date symlink: /home/rover/kameyama_ws/install/failure_detection_msgs/local/lib/python3.10/dist-packages/failure_detection_msgs-0.0.0-py3.10.egg-info/top_level.txt
[7.036s] -- Up-to-date symlink: /home/rover/kameyama_ws/install/failure_detection_msgs/local/lib/python3.10/dist-packages/failure_detection_msgs/__init__.py
[7.036s] -- Up-to-date symlink: /home/rover/kameyama_ws/install/failure_detection_msgs/local/lib/python3.10/dist-packages/failure_detection_msgs/_failure_detection_msgs_s.ep.rosidl_typesupport_c.c
[7.036s] -- Up-to-date symlink: /home/rover/kameyama_ws/install/failure_detection_msgs/local/lib/python3.10/dist-packages/failure_detection_msgs/_failure_detection_msgs_s.ep.rosidl_typesupport_fastrtps_c.c
[7.036s] -- Up-to-date symlink: /home/rover/kameyama_ws/install/failure_detection_msgs/local/lib/python3.10/dist-packages/failure_detection_msgs/_failure_detection_msgs_s.ep.rosidl_typesupport_introspection_c.c
[7.037s] -- Up-to-date symlink: /home/rover/kameyama_ws/install/failure_detection_msgs/local/lib/python3.10/dist-packages/failure_detection_msgs/action/__init__.py
[7.037s] -- Up-to-date symlink: /home/rover/kameyama_ws/install/failure_detection_msgs/local/lib/python3.10/dist-packages/failure_detection_msgs/action/_analysys.py
[7.037s] -- Up-to-date symlink: /home/rover/kameyama_ws/install/failure_detection_msgs/local/lib/python3.10/dist-packages/failure_detection_msgs/action/_analysys_s.c
[7.037s] -- Up-to-date symlink: /home/rover/kameyama_ws/install/failure_detection_msgs/local/lib/python3.10/dist-packages/failure_detection_msgs/failure_detection_msgs_s__rosidl_typesupport_c.cpython-310-x86_64-linux-gnu.so
[7.038s] -- Up-to-date symlink: /home/rover/kameyama_ws/install/failure_detection_msgs/local/lib/python3.10/dist-packages/failure_detection_msgs/failure_detection_msgs_s__rosidl_typesupport_fastrtps_c.cpython-310-x86_64-linux-gnu.so
[7.038s] -- Up-to-date symlink: /home/rover/kameyama_ws/install/failure_detection_msgs/local/lib/python3.10/dist-packages/failure_detection_msgs/failure_detection_msgs_s__rosidl_typesupport_introspection_c.cpython-310-x86_64-linux-gnu.so
[7.038s] -- Up-to-date symlink: /home/rover/kameyama_ws/install/failure_detection_msgs/local/lib/python3.10/dist-packages/failure_detection_msgs/libfailure_detection_msgs__rosidl_generator_py.so
[7.038s] -- Up-to-date symlink: /home/rover/kameyama_ws/install/failure_detection_msgs/local/lib/python3.10/dist-packages/failure_detection_msgs/msg/__init__.py
[7.038s] -- Up-to-date symlink: /home/rover/kameyama_ws/install/failure_detection_msgs/local/lib/python3.10/dist-packages/failure_detection_msgs/msg/_solution.py
[7.039s] -- Up-to-date symlink: /home/rover/kameyama_ws/install/failure_detection_msgs/local/lib/python3.10/dist-packages/failure_detection_msgs/msg/_solution_s.c
[7.039s] -- Up-to-date symlink: /home/rover/kameyama_ws/install/failure_detection_msgs/local/lib/python3.10/dist-packages/failure_detection_msgs/srv/__init__.py
[7.039s] -- Up-to-date symlink: /home/rover/kameyama_ws/install/failure_detection_msgs/local/lib/python3.10/dist-packages/failure_detection_msgs/srv/_after_pick.py
[7.039s] -- Up-to-date symlink: /home/rover/kameyama_ws/install/failure_detection_msgs/local/lib/python3.10/dist-packages/failure_detection_msgs/srv/_after_pick_s.c
[7.040s] -- Up-to-date symlink: /home/rover/kameyama_ws/install/failure_detection_msgs/local/lib/python3.10/dist-packages/failure_detection_msgs/srv/_before_pick.py
[7.040s] -- Up-to-date symlink: /home/rover/kameyama_ws/install/failure_detection_msgs/local/lib/python3.10/dist-packages/failure_detection_msgs/srv/_before_pick_s.c
[7.040s] -- Up-to-date symlink: /home/rover/kameyama_ws/install/failure_detection_msgs/local/lib/python3.10/dist-packages/failure_detection_msgs/srv/_path_check.py
[7.040s] -- Up-to-date symlink: /home/rover/kameyama_ws/install/failure_detection_msgs/local/lib/python3.10/dist-packages/failure_detection_msgs/srv/_path_check_s.c
[7.040s] -- Up-to-date symlink: /home/rover/kameyama_ws/install/failure_detection_msgs/local/lib/python3.10/dist-packages/failure_detection_msgs/failure_detection_msgs_s__rosidl_typesupport_fastrtps_c.cpython-310-x86_64-linux-gnu.so
[7.041s] -- Up-to-date symlink: /home/rover/kameyama_ws/install/failure_detection_msgs/local/lib/python3.10/dist-packages/failure_detection_msgs/failure_detection_msgs_s__rosidl_typesupport_introspection_c.cpython-310-x86_64-linux-gnu.so
[7.041s] -- Up-to-date symlink: /home/rover/kameyama_ws/install/failure_detection_msgs/local/lib/python3.10/dist-packages/failure_detection_msgs/failure_detection_msgs_s__rosidl_typesupport_c.cpython-310-x86_64-linux-gnu.so
[7.041s] -- Up-to-date symlink: /home/rover/kameyama_ws/install/failure_detection_msgs/share/failure_detection_msgs/msg/Solution.idl
[7.042s] -- Up-to-date symlink: /home/rover/kameyama_ws/install/failure_detection_msgs/share/failure_detection_msgs/action/Analysys.idl
[7.042s] -- Up-to-date symlink: /home/rover/kameyama_ws/install/failure_detection_msgs/share/failure_detection_msgs/srv/PathCheck.idl
[7.042s] -- Up-to-date symlink: /home/rover/kameyama_ws/install/failure_detection_msgs/share/failure_detection_msgs/srv/BeforePick.idl
[7.042s] -- Up-to-date symlink: /home/rover/kameyama_ws/install/failure_detection_msgs/share/failure_detection_msgs/srv/AfterPick.idl
[7.043s] -- Up-to-date symlink: /home/rover/kameyama_ws/install/failure_detection_msgs/share/failure_detection_msgs/msg/Solution.msg
[7.043s] -- Up-to-date symlink: /home/rover/kameyama_ws/install/failure_detection_msgs/share/failure_detection_msgs/action/Analysys.action
[7.043s] -- Up-to-date symlink: /home/rover/kameyama_ws/install/failure_detection_msgs/share/failure_detection_msgs/srv/PathCheck.srv
[7.043s] -- Up-to-date symlink: /home/rover/kameyama_ws/install/failure_detection_msgs/share/failure_detection_msgs/srv/PathCheck_Request.msg
[7.044s] -- Up-to-date symlink: /home/rover/kameyama_ws/install/failure_detection_msgs/share/failure_detection_msgs/srv/PathCheck_Response.msg
[7.044s] -- Up-to-date symlink: /home/rover/kameyama_ws/install/failure_detection_msgs/share/failure_detection_msgs/srv/BeforePick.srv
[7.044s] -- Up-to-date symlink: /home/rover/kameyama_ws/install/failure_detection_msgs/share/failure_detection_msgs/srv/BeforePick_Request.msg
[7.044s] -- Up-to-date symlink: /home/rover/kameyama_ws/install/failure_detection_msgs/share/failure_detection_msgs/srv/BeforePick_Response.msg
[7.045s] -- Up-to-date symlink: /home/rover/kameyama_ws/install/failure_detection_msgs/share/failure_detection_msgs/srv/AfterPick.srv
[7.045s] -- Up-to-date symlink: /home/rover/kameyama_ws/install/failure_detection_msgs/share/failure_detection_msgs/srv/AfterPick_Request.msg
[7.045s] -- Up-to-date symlink: /home/rover/kameyama_ws/install/failure_detection_msgs/share/failure_detection_msgs/srv/AfterPick_Response.msg
[7.045s] -- Up-to-date symlink: /home/rover/kameyama_ws/install/failure_detection_msgs/share/ament_index/resource_index/package_run_dependencies/failure_detection_msgs
[7.046s] -- Up-to-date symlink: /home/rover/kameyama_ws/install/failure_detection_msgs/share/ament_index/resource_index/parent_prefix_path/failure_detection_msgs
[7.046s] -- Up-to-date symlink: /home/rover/kameyama_ws/install/failure_detection_msgs/share/failure_detection_msgs/environment/ament_prefix_path.sh
[7.046s] -- Up-to-date symlink: /home/rover/kameyama_ws/install/failure_detection_msgs/share/failure_detection_msgs/environment/ament_prefix_path.dsv
[7.046s] -- Up-to-date symlink: /home/rover/kameyama_ws/install/failure_detection_msgs/share/failure_detection_msgs/environment/path.sh
[7.047s] -- Up-to-date symlink: /home/rover/kameyama_ws/install/failure_detection_msgs/share/failure_detection_msgs/environment/path.dsv
[7.047s] -- Up-to-date symlink: /home/rover/kameyama_ws/install/failure_detection_msgs/share/failure_detection_msgs/local_setup.bash
[7.047s] -- Up-to-date symlink: /home/rover/kameyama_ws/install/failure_detection_msgs/share/failure_detection_msgs/local_setup.sh
[7.047s] -- Up-to-date symlink: /home/rover/kameyama_ws/install/failure_detection_msgs/share/failure_detection_msgs/local_setup.zsh
[7.048s] -- Up-to-date symlink: /home/rover/kameyama_ws/install/failure_detection_msgs/share/failure_detection_msgs/local_setup.dsv
[7.048s] -- Symlinking: /home/rover/kameyama_ws/install/failure_detection_msgs/share/failure_detection_msgs/package.dsv
[7.060s] -- Up-to-date symlink: /home/rover/kameyama_ws/install/failure_detection_msgs/share/ament_index/resource_index/packages/failure_detection_msgs
[7.061s] -- Up-to-date symlink: /home/rover/kameyama_ws/install/failure_detection_msgs/share/failure_detection_msgs/cmake/rosidl_cmake-extras.cmake
[7.061s] -- Up-to-date symlink: /home/rover/kameyama_ws/install/failure_detection_msgs/share/failure_detection_msgs/cmake/ament_cmake_export_dependencies-extras.cmake
[7.061s] -- Up-to-date symlink: /home/rover/kameyama_ws/install/failure_detection_msgs/share/failure_detection_msgs/cmake/ament_cmake_export_include_directories-extras.cmake
[7.061s] -- Up-to-date symlink: /home/rover/kameyama_ws/install/failure_detection_msgs/share/failure_detection_msgs/cmake/ament_cmake_export_libraries-extras.cmake
[7.062s] -- Up-to-date symlink: /home/rover/kameyama_ws/install/failure_detection_msgs/share/failure_detection_msgs/cmake/ament_cmake_export_targets-extras.cmake
[7.062s] -- Up-to-date symlink: /home/rover/kameyama_ws/install/failure_detection_msgs/share/failure_detection_msgs/cmake/rosidl_cmake_export_typesupport_targets-extras.cmake
[7.062s] -- Up-to-date symlink: /home/rover/kameyama_ws/install/failure_detection_msgs/share/failure_detection_msgs/cmake/rosidl_cmake_export_typesupport_libraries-extras.cmake
[7.062s] -- Up-to-date symlink: /home/rover/kameyama_ws/install/failure_detection_msgs/share/failure_detection_msgs/cmake/failure_detection_msgsConfig.cmake
[7.062s] -- Up-to-date symlink: /home/rover/kameyama_ws/install/failure_detection_msgs/share/failure_detection_msgs/cmake/failure_detection_msgsConfig-version.cmake
[7.063s] -- Up-to-date symlink: /home/rover/kameyama_ws/install/failure_detection_msgs/share/failure_detection_msgs/package.xml
[7.064s] -- Installing: /home/rover/kameyama_ws/install/failure_detection_msgs/lib/libfailure_detection_msgs__rosidl_generator_c.so
[7.064s] -- Set runtime path of "/home/rover/kameyama_ws/install/failure_detection_msgs/lib/libfailure_detection_msgs__rosidl_generator_c.so" to ""
[7.065s] -- Installing: /home/rover/kameyama_ws/install/failure_detection_msgs/lib/libfailure_detection_msgs__rosidl_typesupport_fastrtps_c.so
[7.065s] -- Set runtime path of "/home/rover/kameyama_ws/install/failure_detection_msgs/lib/libfailure_detection_msgs__rosidl_typesupport_fastrtps_c.so" to ""
[7.066s] -- Installing: /home/rover/kameyama_ws/install/failure_detection_msgs/lib/libfailure_detection_msgs__rosidl_typesupport_introspection_c.so
[7.067s] -- Set runtime path of "/home/rover/kameyama_ws/install/failure_detection_msgs/lib/libfailure_detection_msgs__rosidl_typesupport_introspection_c.so" to ""
[7.067s] -- Installing: /home/rover/kameyama_ws/install/failure_detection_msgs/lib/libfailure_detection_msgs__rosidl_typesupport_c.so
[7.068s] -- Set runtime path of "/home/rover/kameyama_ws/install/failure_detection_msgs/lib/libfailure_detection_msgs__rosidl_typesupport_c.so" to ""
[7.069s] -- Installing: /home/rover/kameyama_ws/install/failure_detection_msgs/lib/libfailure_detection_msgs__rosidl_typesupport_fastrtps_cpp.so
[7.069s] -- Set runtime path of "/home/rover/kameyama_ws/install/failure_detection_msgs/lib/libfailure_detection_msgs__rosidl_typesupport_fastrtps_cpp.so" to ""
[7.070s] -- Installing: /home/rover/kameyama_ws/install/failure_detection_msgs/lib/libfailure_detection_msgs__rosidl_typesupport_introspection_cpp.so
[7.071s] -- Set runtime path of "/home/rover/kameyama_ws/install/failure_detection_msgs/lib/libfailure_detection_msgs__rosidl_typesupport_introspection_cpp.so" to ""
[7.072s] -- Installing: /home/rover/kameyama_ws/install/failure_detection_msgs/lib/libfailure_detection_msgs__rosidl_typesupport_cpp.so
[7.072s] -- Set runtime path of "/home/rover/kameyama_ws/install/failure_detection_msgs/lib/libfailure_detection_msgs__rosidl_typesupport_cpp.so" to ""
[7.111s] Listing '/home/rover/kameyama_ws/install/failure_detection_msgs/local/lib/python3.10/dist-packages/failure_detection_msgs'...
[7.111s] Compiling '/home/rover/kameyama_ws/install/failure_detection_msgs/local/lib/python3.10/dist-packages/failure_detection_msgs/__init__.py'...
[7.111s] Listing '/home/rover/kameyama_ws/install/failure_detection_msgs/local/lib/python3.10/dist-packages/failure_detection_msgs/action'...
[7.111s] Listing '/home/rover/kameyama_ws/install/failure_detection_msgs/local/lib/python3.10/dist-packages/failure_detection_msgs/msg'...
[7.111s] Listing '/home/rover/kameyama_ws/install/failure_detection_msgs/local/lib/python3.10/dist-packages/failure_detection_msgs/srv'...
[7.120s] -- Installing: /home/rover/kameyama_ws/install/failure_detection_msgs/lib/libfailure_detection_msgs__rosidl_generator_py.so
[7.120s] -- Set runtime path of "/home/rover/kameyama_ws/install/failure_detection_msgs/lib/libfailure_detection_msgs__rosidl_generator_py.so" to ""
[7.121s] -- Up-to-date: /home/rover/kameyama_ws/install/failure_detection_msgs/share/failure_detection_msgs/cmake/export_failure_detection_msgs__rosidl_generator_cExport.cmake
[7.121s] -- Up-to-date: /home/rover/kameyama_ws/install/failure_detection_msgs/share/failure_detection_msgs/cmake/export_failure_detection_msgs__rosidl_generator_cExport-noconfig.cmake
[7.121s] -- Up-to-date: /home/rover/kameyama_ws/install/failure_detection_msgs/share/failure_detection_msgs/cmake/export_failure_detection_msgs__rosidl_typesupport_fastrtps_cExport.cmake
[7.121s] -- Up-to-date: /home/rover/kameyama_ws/install/failure_detection_msgs/share/failure_detection_msgs/cmake/export_failure_detection_msgs__rosidl_typesupport_fastrtps_cExport-noconfig.cmake
[7.122s] -- Up-to-date: /home/rover/kameyama_ws/install/failure_detection_msgs/share/failure_detection_msgs/cmake/failure_detection_msgs__rosidl_typesupport_introspection_cExport.cmake
[7.122s] -- Up-to-date: /home/rover/kameyama_ws/install/failure_detection_msgs/share/failure_detection_msgs/cmake/failure_detection_msgs__rosidl_typesupport_introspection_cExport-noconfig.cmake
[7.122s] -- Up-to-date: /home/rover/kameyama_ws/install/failure_detection_msgs/share/failure_detection_msgs/cmake/failure_detection_msgs__rosidl_typesupport_cExport.cmake
[7.122s] -- Up-to-date: /home/rover/kameyama_ws/install/failure_detection_msgs/share/failure_detection_msgs/cmake/failure_detection_msgs__rosidl_typesupport_cExport-noconfig.cmake
[7.122s] -- Up-to-date: /home/rover/kameyama_ws/install/failure_detection_msgs/share/failure_detection_msgs/cmake/export_failure_detection_msgs__rosidl_generator_cppExport.cmake
[7.123s] -- Up-to-date: /home/rover/kameyama_ws/install/failure_detection_msgs/share/failure_detection_msgs/cmake/export_failure_detection_msgs__rosidl_typesupport_fastrtps_cppExport.cmake
[7.123s] -- Up-to-date: /home/rover/kameyama_ws/install/failure_detection_msgs/share/failure_detection_msgs/cmake/export_failure_detection_msgs__rosidl_typesupport_fastrtps_cppExport-noconfig.cmake
[7.123s] -- Up-to-date: /home/rover/kameyama_ws/install/failure_detection_msgs/share/failure_detection_msgs/cmake/failure_detection_msgs__rosidl_typesupport_introspection_cppExport.cmake
[7.123s] -- Up-to-date: /home/rover/kameyama_ws/install/failure_detection_msgs/share/failure_detection_msgs/cmake/failure_detection_msgs__rosidl_typesupport_introspection_cppExport-noconfig.cmake
[7.123s] -- Up-to-date: /home/rover/kameyama_ws/install/failure_detection_msgs/share/failure_detection_msgs/cmake/failure_detection_msgs__rosidl_typesupport_cppExport.cmake
[7.123s] -- Up-to-date: /home/rover/kameyama_ws/install/failure_detection_msgs/share/failure_detection_msgs/cmake/failure_detection_msgs__rosidl_typesupport_cppExport-noconfig.cmake
[7.124s] -- Up-to-date: /home/rover/kameyama_ws/install/failure_detection_msgs/share/failure_detection_msgs/cmake/export_failure_detection_msgs__rosidl_generator_pyExport.cmake
[7.124s] -- Up-to-date: /home/rover/kameyama_ws/install/failure_detection_msgs/share/failure_detection_msgs/cmake/export_failure_detection_msgs__rosidl_generator_pyExport-noconfig.cmake
[7.127s] Invoked command in '/home/rover/kameyama_ws/build/failure_detection_msgs' returned '0': AMENT_PREFIX_PATH=/home/rover/kameyama_ws/install/my_nav_msgs:/home/rover/kameyama_ws/install/behavior_tree_msgs:${AMENT_PREFIX_PATH} CMAKE_PREFIX_PATH=/home/rover/kameyama_ws/install/my_nav_msgs:/home/rover/kameyama_ws/install/behavior_tree_msgs:/home/rover/ros2_ws/install/ydlidar_ros2_driver:/home/rover/ros2_ws/install/vs_rover_options_description:/home/rover/ros2_ws/install/realsense2_description:/home/rover/ros2_ws/install/realsense2_camera:/home/rover/ros2_ws/install/realsense2_camera_msgs:/home/rover/ros2_ws/install/megarover3:/home/rover/ros2_ws/install/megarover_description:/home/rover/ros2_ws/install/megarover3_bringup:/home/rover/ros2_ws/install/mecanumrover3:/home/rover/ros2_ws/install/mecanumrover_description:/home/rover/ros2_ws/install/mecanumrover3_bringup:/home/rover/ros2_ws/install/fwdsrover_xna:/home/rover/ros2_ws/install/fwdsrover_xna_bringup:/home/rover/ros2_ws/install/amir:/home/rover/ros2_ws/install/amir_moveit_config:/home/rover/ros2_ws/install/amir_driver:/home/rover/ros2_ws/install/amir_interfaces:/home/rover/ros2_ws/install/amir_bringup:/home/rover/ros2_ws/install/amir_description:/home/rover/amir_basic_ws/install/image_pipeline:/home/rover/amir_basic_ws/install/stereo_image_proc:/home/rover/amir_basic_ws/install/image_proc:/home/rover/amir_basic_ws/install/tracetools_image_pipeline:/home/rover/amir_basic_ws/install/micro_ros_setup:/home/rover/amir_basic_ws/install/micro_ros_agent:/home/rover/amir_basic_ws/install/micro_ros_msgs:/home/rover/amir_basic_ws/install/image_view:/home/rover/amir_basic_ws/install/image_rotate:/home/rover/amir_basic_ws/install/image_publisher:/home/rover/amir_basic_ws/install/depth_image_proc:/home/rover/amir_basic_ws/install/darknet_ros:/home/rover/amir_basic_ws/install/darknet_ros_msgs:/home/rover/amir_basic_ws/install/behaviortree_cpp:/home/rover/amir_basic_ws/install/amir_interfaces:/home/rover/amir_basic_ws/install/camera_calibration:/opt/ros/humble LD_LIBRARY_PATH=/home/rover/kameyama_ws/install/my_nav_msgs/lib:/home/rover/kameyama_ws/install/behavior_tree_msgs/lib:${LD_LIBRARY_PATH} PYTHONPATH=/home/rover/kameyama_ws/install/my_nav_msgs/local/lib/python3.10/dist-packages:/home/rover/kameyama_ws/install/behavior_tree_msgs/local/lib/python3.10/dist-packages:${PYTHONPATH} /usr/bin/cmake --install /home/rover/kameyama_ws/build/failure_detection_msgs
