[0.692s] Invoking command in '/home/rover/kameyama_ws/build/joint_state_publisher_tutorial': CMAKE_PREFIX_PATH=${CMAKE_PREFIX_PATH}:/home/rover/amir_basic_ws/install/nav2_simple_commander:/home/rover/amir_basic_ws/install/camera_calibration:/opt/ros/humble /usr/bin/cmake /home/rover/kameyama_ws/src/joint_state_publisher_tutorial -DAMENT_CMAKE_SYMLINK_INSTALL=1 -DCMAKE_INSTALL_PREFIX=/home/rover/kameyama_ws/install/joint_state_publisher_tutorial
[2.878s] -- The C compiler identification is GNU 11.4.0
[2.879s] -- The CXX compiler identification is GNU 11.4.0
[2.879s] -- Detecting C compiler ABI info
[2.879s] -- Detecting C compiler ABI info - done
[2.879s] -- Check for working C compiler: /usr/bin/cc - skipped
[2.879s] -- Detecting C compile features
[2.879s] -- Detecting C compile features - done
[2.879s] -- Detecting CXX compiler ABI info
[2.879s] -- Detecting CXX compiler ABI info - done
[2.879s] -- Check for working CXX compiler: /usr/bin/c++ - skipped
[2.879s] -- Detecting CXX compile features
[2.879s] -- Detecting CXX compile features - done
[2.879s] -- Found ament_cmake: 1.3.11 (/opt/ros/humble/share/ament_cmake/cmake)
[2.879s] -- Found Python3: /usr/bin/python3 (found version "3.10.12") found components: Interpreter 
[2.879s] -- Override CMake install command with custom implementation using symlinks instead of copying resources
[2.879s] -- Found rclcpp: 16.0.11 (/opt/ros/humble/share/rclcpp/cmake)
[2.879s] -- Found rosidl_generator_c: 3.1.6 (/opt/ros/humble/share/rosidl_generator_c/cmake)
[2.879s] -- Found rosidl_adapter: 3.1.6 (/opt/ros/humble/share/rosidl_adapter/cmake)
[2.879s] -- Found rosidl_generator_cpp: 3.1.6 (/opt/ros/humble/share/rosidl_generator_cpp/cmake)
[2.879s] -- Using all available rosidl_typesupport_c: rosidl_typesupport_fastrtps_c;rosidl_typesupport_introspection_c
[2.879s] -- Using all available rosidl_typesupport_cpp: rosidl_typesupport_fastrtps_cpp;rosidl_typesupport_introspection_cpp
[2.879s] -- Found rmw_implementation_cmake: 6.1.2 (/opt/ros/humble/share/rmw_implementation_cmake/cmake)
[2.879s] -- Found rmw_fastrtps_cpp: 6.2.7 (/opt/ros/humble/share/rmw_fastrtps_cpp/cmake)
[2.879s] -- Found OpenSSL: /usr/lib/x86_64-linux-gnu/libcrypto.so (found version "3.0.2")  
[2.879s] -- Found FastRTPS: /opt/ros/humble/include  
[2.879s] -- Using RMW implementation 'rmw_fastrtps_cpp' as default
[2.879s] -- Looking for pthread.h
[2.959s] -- Looking for pthread.h - found
[2.960s] -- Performing Test CMAKE_HAVE_LIBC_PTHREAD
[3.106s] -- Performing Test CMAKE_HAVE_LIBC_PTHREAD - Success
[3.107s] -- Found Threads: TRUE  
[3.279s] -- Found sensor_msgs: 4.2.4 (/opt/ros/humble/share/sensor_msgs/cmake)
[3.378s] -- Found xacro: 2.0.8 (/opt/ros/humble/share/xacro/cmake)
[3.400s] -- Found ament_lint_auto: 0.12.11 (/opt/ros/humble/share/ament_lint_auto/cmake)
[3.700s] -- Added test 'cppcheck' to perform static code analysis on C / C++ code
[3.701s] -- Configured cppcheck include dirs: 
[3.701s] -- Configured cppcheck exclude dirs and/or files: 
[3.710s] -- Added test 'flake8' to check Python code syntax and style conventions
[3.712s] -- Added test 'lint_cmake' to check CMake code style
[3.716s] -- Added test 'pep257' to check Python code against some of the docstring style conventions in PEP 257
[3.725s] -- Added test 'uncrustify' to check C / C++ code style
[3.725s] -- Configured uncrustify additional arguments: 
[3.727s] -- Added test 'xmllint' to check XML markup files
[3.741s] -- Configuring done
[3.759s] -- Generating done
[3.770s] -- Build files have been written to: /home/rover/kameyama_ws/build/joint_state_publisher_tutorial
[3.830s] Invoked command in '/home/rover/kameyama_ws/build/joint_state_publisher_tutorial' returned '0': CMAKE_PREFIX_PATH=${CMAKE_PREFIX_PATH}:/home/rover/amir_basic_ws/install/nav2_simple_commander:/home/rover/amir_basic_ws/install/camera_calibration:/opt/ros/humble /usr/bin/cmake /home/rover/kameyama_ws/src/joint_state_publisher_tutorial -DAMENT_CMAKE_SYMLINK_INSTALL=1 -DCMAKE_INSTALL_PREFIX=/home/rover/kameyama_ws/install/joint_state_publisher_tutorial
[3.831s] Invoking command in '/home/rover/kameyama_ws/build/joint_state_publisher_tutorial': CMAKE_PREFIX_PATH=${CMAKE_PREFIX_PATH}:/home/rover/amir_basic_ws/install/nav2_simple_commander:/home/rover/amir_basic_ws/install/camera_calibration:/opt/ros/humble /usr/bin/cmake --build /home/rover/kameyama_ws/build/joint_state_publisher_tutorial -- -j12 -l12
[4.455s] [ 50%] [32mBuilding CXX object CMakeFiles/tutorial_publisher.dir/src/tutorial_publisher.cpp.o[0m
[13.231s] [100%] [32m[1mLinking CXX executable tutorial_publisher[0m
[13.502s] [100%] Built target tutorial_publisher
[13.525s] Invoked command in '/home/rover/kameyama_ws/build/joint_state_publisher_tutorial' returned '0': CMAKE_PREFIX_PATH=${CMAKE_PREFIX_PATH}:/home/rover/amir_basic_ws/install/nav2_simple_commander:/home/rover/amir_basic_ws/install/camera_calibration:/opt/ros/humble /usr/bin/cmake --build /home/rover/kameyama_ws/build/joint_state_publisher_tutorial -- -j12 -l12
[13.526s] Invoking command in '/home/rover/kameyama_ws/build/joint_state_publisher_tutorial': CMAKE_PREFIX_PATH=${CMAKE_PREFIX_PATH}:/home/rover/amir_basic_ws/install/nav2_simple_commander:/home/rover/amir_basic_ws/install/camera_calibration:/opt/ros/humble /usr/bin/cmake --install /home/rover/kameyama_ws/build/joint_state_publisher_tutorial
[13.922s] -- Install configuration: ""
[13.922s] -- Execute custom install script
[13.922s] -- Symlinking: /home/rover/kameyama_ws/install/joint_state_publisher_tutorial/lib/joint_state_publisher_tutorial/tutorial_publisher
[13.922s] -- Symlinking: /home/rover/kameyama_ws/install/joint_state_publisher_tutorial/share/joint_state_publisher_tutorial/launch/joint_display.launch.py
[13.922s] -- Symlinking: /home/rover/kameyama_ws/install/joint_state_publisher_tutorial/share/joint_state_publisher_tutorial/rviz/urdf.rviz
[13.922s] -- Symlinking: /home/rover/kameyama_ws/install/joint_state_publisher_tutorial/share/joint_state_publisher_tutorial/urdf/amir.gazebo
[13.922s] -- Symlinking: /home/rover/kameyama_ws/install/joint_state_publisher_tutorial/share/joint_state_publisher_tutorial/urdf/amir.trans
[13.922s] -- Symlinking: /home/rover/kameyama_ws/install/joint_state_publisher_tutorial/share/joint_state_publisher_tutorial/urdf/amir.xacro
[13.922s] -- Symlinking: /home/rover/kameyama_ws/install/joint_state_publisher_tutorial/share/joint_state_publisher_tutorial/urdf/amir_f120a.xacro
[13.922s] -- Symlinking: /home/rover/kameyama_ws/install/joint_state_publisher_tutorial/share/joint_state_publisher_tutorial/urdf/amir_for_rover.xacro
[13.922s] -- Symlinking: /home/rover/kameyama_ws/install/joint_state_publisher_tutorial/share/joint_state_publisher_tutorial/urdf/amir_mecanum3.xacro
[13.922s] -- Symlinking: /home/rover/kameyama_ws/install/joint_state_publisher_tutorial/share/joint_state_publisher_tutorial/urdf/amir_mega3.xacro
[13.922s] -- Symlinking: /home/rover/kameyama_ws/install/joint_state_publisher_tutorial/share/joint_state_publisher_tutorial/urdf/materials.xacro
[13.922s] -- Symlinking: /home/rover/kameyama_ws/install/joint_state_publisher_tutorial/share/ament_index/resource_index/package_run_dependencies/joint_state_publisher_tutorial
[13.922s] -- Symlinking: /home/rover/kameyama_ws/install/joint_state_publisher_tutorial/share/ament_index/resource_index/parent_prefix_path/joint_state_publisher_tutorial
[13.922s] -- Symlinking: /home/rover/kameyama_ws/install/joint_state_publisher_tutorial/share/joint_state_publisher_tutorial/environment/ament_prefix_path.sh
[13.922s] -- Symlinking: /home/rover/kameyama_ws/install/joint_state_publisher_tutorial/share/joint_state_publisher_tutorial/environment/ament_prefix_path.dsv
[13.922s] -- Symlinking: /home/rover/kameyama_ws/install/joint_state_publisher_tutorial/share/joint_state_publisher_tutorial/environment/path.sh
[13.922s] -- Symlinking: /home/rover/kameyama_ws/install/joint_state_publisher_tutorial/share/joint_state_publisher_tutorial/environment/path.dsv
[13.922s] -- Symlinking: /home/rover/kameyama_ws/install/joint_state_publisher_tutorial/share/joint_state_publisher_tutorial/local_setup.bash
[13.922s] -- Symlinking: /home/rover/kameyama_ws/install/joint_state_publisher_tutorial/share/joint_state_publisher_tutorial/local_setup.sh
[13.923s] -- Symlinking: /home/rover/kameyama_ws/install/joint_state_publisher_tutorial/share/joint_state_publisher_tutorial/local_setup.zsh
[13.923s] -- Symlinking: /home/rover/kameyama_ws/install/joint_state_publisher_tutorial/share/joint_state_publisher_tutorial/local_setup.dsv
[13.927s] -- Symlinking: /home/rover/kameyama_ws/install/joint_state_publisher_tutorial/share/joint_state_publisher_tutorial/package.dsv
[13.939s] -- Symlinking: /home/rover/kameyama_ws/install/joint_state_publisher_tutorial/share/ament_index/resource_index/packages/joint_state_publisher_tutorial
[13.954s] -- Symlinking: /home/rover/kameyama_ws/install/joint_state_publisher_tutorial/share/joint_state_publisher_tutorial/cmake/joint_state_publisher_tutorialConfig.cmake
[13.968s] -- Symlinking: /home/rover/kameyama_ws/install/joint_state_publisher_tutorial/share/joint_state_publisher_tutorial/cmake/joint_state_publisher_tutorialConfig-version.cmake
[13.982s] -- Symlinking: /home/rover/kameyama_ws/install/joint_state_publisher_tutorial/share/joint_state_publisher_tutorial/package.xml
[13.998s] Invoked command in '/home/rover/kameyama_ws/build/joint_state_publisher_tutorial' returned '0': CMAKE_PREFIX_PATH=${CMAKE_PREFIX_PATH}:/home/rover/amir_basic_ws/install/nav2_simple_commander:/home/rover/amir_basic_ws/install/camera_calibration:/opt/ros/humble /usr/bin/cmake --install /home/rover/kameyama_ws/build/joint_state_publisher_tutorial
