[0.042s] Invoking command in '/home/das-note-021/amir_kameyama_ws/build/ar_track_alvar_msgs': CMAKE_PREFIX_PATH=${CMAKE_PREFIX_PATH}:/home/das-note-021/amir_kameyama_ws/install/failure_detection:/home/das-note-021/amir_kameyama_ws/install/bt_generator:/home/das-note-021/kameyama_ws/install/ros2_aruco:/home/das-note-021/kameyama_ws/install/failure_detection:/home/das-note-021/kameyama_ws/install/bt_generator:/opt/ros/humble /usr/bin/cmake --build /home/das-note-021/amir_kameyama_ws/build/ar_track_alvar_msgs -- -j22 -l22
[0.384s] [35m[1mConsolidate compiler generated dependencies of target ar_track_alvar_msgs__rosidl_generator_c[0m
[0.384s] [  2%] Built target ar_track_alvar_msgs__cpp
[0.384s] [ 12%] Built target ar_track_alvar_msgs__rosidl_generator_c
[0.384s] [ 12%] Built target ament_cmake_python_symlink_ar_track_alvar_msgs
[0.384s] [35m[1mConsolidate compiler generated dependencies of target ar_track_alvar_msgs__rosidl_typesupport_cpp[0m
[0.384s] [35m[1mConsolidate compiler generated dependencies of target ar_track_alvar_msgs__rosidl_typesupport_introspection_cpp[0m
[0.384s] [35m[1mConsolidate compiler generated dependencies of target ar_track_alvar_msgs__rosidl_typesupport_fastrtps_cpp[0m
[0.384s] [35m[1mConsolidate compiler generated dependencies of target ar_track_alvar_msgs__rosidl_typesupport_fastrtps_c[0m
[0.384s] [35m[1mConsolidate compiler generated dependencies of target ar_track_alvar_msgs__rosidl_typesupport_c[0m
[0.384s] [ 23%] Built target ar_track_alvar_msgs__rosidl_typesupport_cpp
[0.384s] [35m[1mConsolidate compiler generated dependencies of target ar_track_alvar_msgs__rosidl_typesupport_introspection_c[0m
[0.385s] [ 33%] Built target ar_track_alvar_msgs__rosidl_typesupport_introspection_cpp
[0.385s] [ 43%] Built target ar_track_alvar_msgs__rosidl_typesupport_fastrtps_cpp
[0.385s] [ 53%] Built target ar_track_alvar_msgs__rosidl_typesupport_c
[0.385s] [ 64%] Built target ar_track_alvar_msgs__rosidl_typesupport_fastrtps_c
[0.385s] [ 74%] Built target ar_track_alvar_msgs__rosidl_typesupport_introspection_c
[0.385s] [ 74%] Built target ar_track_alvar_msgs
[0.385s] [ 76%] Built target ar_track_alvar_msgs__py
[0.385s] [35m[1mConsolidate compiler generated dependencies of target ar_track_alvar_msgs__rosidl_generator_py[0m
[0.385s] [ 84%] Built target ar_track_alvar_msgs__rosidl_generator_py
[0.385s] [35m[1mConsolidate compiler generated dependencies of target ar_track_alvar_msgs__rosidl_typesupport_introspection_c__pyext[0m
[0.385s] [35m[1mConsolidate compiler generated dependencies of target ar_track_alvar_msgs__rosidl_typesupport_fastrtps_c__pyext[0m
[0.385s] [35m[1mConsolidate compiler generated dependencies of target ar_track_alvar_msgs__rosidl_typesupport_c__pyext[0m
[0.385s] [ 89%] Built target ar_track_alvar_msgs__rosidl_typesupport_introspection_c__pyext
[0.385s] [ 94%] Built target ar_track_alvar_msgs__rosidl_typesupport_fastrtps_c__pyext
[0.385s] [100%] Built target ar_track_alvar_msgs__rosidl_typesupport_c__pyext
[0.461s] running egg_info
[0.463s] writing ar_track_alvar_msgs.egg-info/PKG-INFO
[0.464s] writing dependency_links to ar_track_alvar_msgs.egg-info/dependency_links.txt
[0.467s] writing top-level names to ar_track_alvar_msgs.egg-info/top_level.txt
[0.468s] reading manifest file 'ar_track_alvar_msgs.egg-info/SOURCES.txt'
[0.468s] writing manifest file 'ar_track_alvar_msgs.egg-info/SOURCES.txt'
[0.504s] [100%] Built target ament_cmake_python_build_ar_track_alvar_msgs_egg
[0.589s] Invoked command in '/home/das-note-021/amir_kameyama_ws/build/ar_track_alvar_msgs' returned '0': CMAKE_PREFIX_PATH=${CMAKE_PREFIX_PATH}:/home/das-note-021/amir_kameyama_ws/install/failure_detection:/home/das-note-021/amir_kameyama_ws/install/bt_generator:/home/das-note-021/kameyama_ws/install/ros2_aruco:/home/das-note-021/kameyama_ws/install/failure_detection:/home/das-note-021/kameyama_ws/install/bt_generator:/opt/ros/humble /usr/bin/cmake --build /home/das-note-021/amir_kameyama_ws/build/ar_track_alvar_msgs -- -j22 -l22
[0.589s] Invoking command in '/home/das-note-021/amir_kameyama_ws/build/ar_track_alvar_msgs': CMAKE_PREFIX_PATH=${CMAKE_PREFIX_PATH}:/home/das-note-021/amir_kameyama_ws/install/failure_detection:/home/das-note-021/amir_kameyama_ws/install/bt_generator:/home/das-note-021/kameyama_ws/install/ros2_aruco:/home/das-note-021/kameyama_ws/install/failure_detection:/home/das-note-021/kameyama_ws/install/bt_generator:/opt/ros/humble /usr/bin/cmake --install /home/das-note-021/amir_kameyama_ws/build/ar_track_alvar_msgs
[0.596s] -- Install configuration: ""
[0.596s] -- Execute custom install script
[0.597s] -- Up-to-date symlink: /home/das-note-021/amir_kameyama_ws/install/ar_track_alvar_msgs/share/ament_index/resource_index/rosidl_interfaces/ar_track_alvar_msgs
[0.597s] -- Up-to-date symlink: /home/das-note-021/amir_kameyama_ws/install/ar_track_alvar_msgs/include/ar_track_alvar_msgs/ar_track_alvar_msgs/msg/alvar_marker.h
[0.597s] -- Up-to-date symlink: /home/das-note-021/amir_kameyama_ws/install/ar_track_alvar_msgs/include/ar_track_alvar_msgs/ar_track_alvar_msgs/msg/alvar_markers.h
[0.597s] -- Up-to-date symlink: /home/das-note-021/amir_kameyama_ws/install/ar_track_alvar_msgs/include/ar_track_alvar_msgs/ar_track_alvar_msgs/msg/detail/alvar_marker__functions.h
[0.597s] -- Up-to-date symlink: /home/das-note-021/amir_kameyama_ws/install/ar_track_alvar_msgs/include/ar_track_alvar_msgs/ar_track_alvar_msgs/msg/detail/alvar_marker__struct.h
[0.597s] -- Up-to-date symlink: /home/das-note-021/amir_kameyama_ws/install/ar_track_alvar_msgs/include/ar_track_alvar_msgs/ar_track_alvar_msgs/msg/detail/alvar_marker__type_support.h
[0.597s] -- Up-to-date symlink: /home/das-note-021/amir_kameyama_ws/install/ar_track_alvar_msgs/include/ar_track_alvar_msgs/ar_track_alvar_msgs/msg/detail/alvar_markers__functions.h
[0.597s] -- Up-to-date symlink: /home/das-note-021/amir_kameyama_ws/install/ar_track_alvar_msgs/include/ar_track_alvar_msgs/ar_track_alvar_msgs/msg/detail/alvar_markers__struct.h
[0.597s] -- Up-to-date symlink: /home/das-note-021/amir_kameyama_ws/install/ar_track_alvar_msgs/include/ar_track_alvar_msgs/ar_track_alvar_msgs/msg/detail/alvar_markers__type_support.h
[0.597s] -- Up-to-date symlink: /home/das-note-021/amir_kameyama_ws/install/ar_track_alvar_msgs/include/ar_track_alvar_msgs/ar_track_alvar_msgs/msg/rosidl_generator_c__visibility_control.h
[0.597s] -- Up-to-date symlink: /home/das-note-021/amir_kameyama_ws/install/ar_track_alvar_msgs/share/ar_track_alvar_msgs/environment/library_path.sh
[0.597s] -- Up-to-date symlink: /home/das-note-021/amir_kameyama_ws/install/ar_track_alvar_msgs/share/ar_track_alvar_msgs/environment/library_path.dsv
[0.598s] -- Up-to-date symlink: /home/das-note-021/amir_kameyama_ws/install/ar_track_alvar_msgs/include/ar_track_alvar_msgs/ar_track_alvar_msgs/msg/detail/alvar_marker__rosidl_typesupport_fastrtps_c.h
[0.598s] -- Up-to-date symlink: /home/das-note-021/amir_kameyama_ws/install/ar_track_alvar_msgs/include/ar_track_alvar_msgs/ar_track_alvar_msgs/msg/detail/alvar_markers__rosidl_typesupport_fastrtps_c.h
[0.598s] -- Up-to-date symlink: /home/das-note-021/amir_kameyama_ws/install/ar_track_alvar_msgs/include/ar_track_alvar_msgs/ar_track_alvar_msgs/msg/rosidl_typesupport_fastrtps_c__visibility_control.h
[0.598s] -- Up-to-date symlink: /home/das-note-021/amir_kameyama_ws/install/ar_track_alvar_msgs/include/ar_track_alvar_msgs/ar_track_alvar_msgs/msg/detail/alvar_marker__rosidl_typesupport_introspection_c.h
[0.598s] -- Up-to-date symlink: /home/das-note-021/amir_kameyama_ws/install/ar_track_alvar_msgs/include/ar_track_alvar_msgs/ar_track_alvar_msgs/msg/detail/alvar_markers__rosidl_typesupport_introspection_c.h
[0.598s] -- Up-to-date symlink: /home/das-note-021/amir_kameyama_ws/install/ar_track_alvar_msgs/include/ar_track_alvar_msgs/ar_track_alvar_msgs/msg/rosidl_typesupport_introspection_c__visibility_control.h
[0.599s] -- Up-to-date symlink: /home/das-note-021/amir_kameyama_ws/install/ar_track_alvar_msgs/include/ar_track_alvar_msgs/ar_track_alvar_msgs/msg/alvar_marker.hpp
[0.599s] -- Up-to-date symlink: /home/das-note-021/amir_kameyama_ws/install/ar_track_alvar_msgs/include/ar_track_alvar_msgs/ar_track_alvar_msgs/msg/alvar_markers.hpp
[0.599s] -- Up-to-date symlink: /home/das-note-021/amir_kameyama_ws/install/ar_track_alvar_msgs/include/ar_track_alvar_msgs/ar_track_alvar_msgs/msg/detail/alvar_marker__builder.hpp
[0.599s] -- Up-to-date symlink: /home/das-note-021/amir_kameyama_ws/install/ar_track_alvar_msgs/include/ar_track_alvar_msgs/ar_track_alvar_msgs/msg/detail/alvar_marker__struct.hpp
[0.599s] -- Up-to-date symlink: /home/das-note-021/amir_kameyama_ws/install/ar_track_alvar_msgs/include/ar_track_alvar_msgs/ar_track_alvar_msgs/msg/detail/alvar_marker__traits.hpp
[0.599s] -- Up-to-date symlink: /home/das-note-021/amir_kameyama_ws/install/ar_track_alvar_msgs/include/ar_track_alvar_msgs/ar_track_alvar_msgs/msg/detail/alvar_marker__type_support.hpp
[0.599s] -- Up-to-date symlink: /home/das-note-021/amir_kameyama_ws/install/ar_track_alvar_msgs/include/ar_track_alvar_msgs/ar_track_alvar_msgs/msg/detail/alvar_markers__builder.hpp
[0.599s] -- Up-to-date symlink: /home/das-note-021/amir_kameyama_ws/install/ar_track_alvar_msgs/include/ar_track_alvar_msgs/ar_track_alvar_msgs/msg/detail/alvar_markers__struct.hpp
[0.599s] -- Up-to-date symlink: /home/das-note-021/amir_kameyama_ws/install/ar_track_alvar_msgs/include/ar_track_alvar_msgs/ar_track_alvar_msgs/msg/detail/alvar_markers__traits.hpp
[0.600s] -- Up-to-date symlink: /home/das-note-021/amir_kameyama_ws/install/ar_track_alvar_msgs/include/ar_track_alvar_msgs/ar_track_alvar_msgs/msg/detail/alvar_markers__type_support.hpp
[0.600s] -- Up-to-date symlink: /home/das-note-021/amir_kameyama_ws/install/ar_track_alvar_msgs/include/ar_track_alvar_msgs/ar_track_alvar_msgs/msg/rosidl_generator_cpp__visibility_control.hpp
[0.600s] -- Up-to-date symlink: /home/das-note-021/amir_kameyama_ws/install/ar_track_alvar_msgs/include/ar_track_alvar_msgs/ar_track_alvar_msgs/msg/detail/alvar_marker__rosidl_typesupport_fastrtps_cpp.hpp
[0.601s] -- Up-to-date symlink: /home/das-note-021/amir_kameyama_ws/install/ar_track_alvar_msgs/include/ar_track_alvar_msgs/ar_track_alvar_msgs/msg/detail/alvar_markers__rosidl_typesupport_fastrtps_cpp.hpp
[0.601s] -- Up-to-date symlink: /home/das-note-021/amir_kameyama_ws/install/ar_track_alvar_msgs/include/ar_track_alvar_msgs/ar_track_alvar_msgs/msg/rosidl_typesupport_fastrtps_cpp__visibility_control.h
[0.601s] -- Up-to-date symlink: /home/das-note-021/amir_kameyama_ws/install/ar_track_alvar_msgs/include/ar_track_alvar_msgs/ar_track_alvar_msgs/msg/detail/alvar_marker__rosidl_typesupport_introspection_cpp.hpp
[0.601s] -- Up-to-date symlink: /home/das-note-021/amir_kameyama_ws/install/ar_track_alvar_msgs/include/ar_track_alvar_msgs/ar_track_alvar_msgs/msg/detail/alvar_markers__rosidl_typesupport_introspection_cpp.hpp
[0.601s] -- Up-to-date symlink: /home/das-note-021/amir_kameyama_ws/install/ar_track_alvar_msgs/share/ar_track_alvar_msgs/environment/pythonpath.sh
[0.601s] -- Up-to-date symlink: /home/das-note-021/amir_kameyama_ws/install/ar_track_alvar_msgs/share/ar_track_alvar_msgs/environment/pythonpath.dsv
[0.601s] -- Up-to-date symlink: /home/das-note-021/amir_kameyama_ws/install/ar_track_alvar_msgs/local/lib/python3.10/dist-packages/ar_track_alvar_msgs-0.7.1-py3.10.egg-info/PKG-INFO
[0.601s] -- Up-to-date symlink: /home/das-note-021/amir_kameyama_ws/install/ar_track_alvar_msgs/local/lib/python3.10/dist-packages/ar_track_alvar_msgs-0.7.1-py3.10.egg-info/SOURCES.txt
[0.601s] -- Up-to-date symlink: /home/das-note-021/amir_kameyama_ws/install/ar_track_alvar_msgs/local/lib/python3.10/dist-packages/ar_track_alvar_msgs-0.7.1-py3.10.egg-info/dependency_links.txt
[0.601s] -- Up-to-date symlink: /home/das-note-021/amir_kameyama_ws/install/ar_track_alvar_msgs/local/lib/python3.10/dist-packages/ar_track_alvar_msgs-0.7.1-py3.10.egg-info/top_level.txt
[0.602s] -- Up-to-date symlink: /home/das-note-021/amir_kameyama_ws/install/ar_track_alvar_msgs/local/lib/python3.10/dist-packages/ar_track_alvar_msgs/__init__.py
[0.602s] -- Up-to-date symlink: /home/das-note-021/amir_kameyama_ws/install/ar_track_alvar_msgs/local/lib/python3.10/dist-packages/ar_track_alvar_msgs/_ar_track_alvar_msgs_s.ep.rosidl_typesupport_c.c
[0.602s] -- Up-to-date symlink: /home/das-note-021/amir_kameyama_ws/install/ar_track_alvar_msgs/local/lib/python3.10/dist-packages/ar_track_alvar_msgs/_ar_track_alvar_msgs_s.ep.rosidl_typesupport_fastrtps_c.c
[0.602s] -- Up-to-date symlink: /home/das-note-021/amir_kameyama_ws/install/ar_track_alvar_msgs/local/lib/python3.10/dist-packages/ar_track_alvar_msgs/_ar_track_alvar_msgs_s.ep.rosidl_typesupport_introspection_c.c
[0.602s] -- Up-to-date symlink: /home/das-note-021/amir_kameyama_ws/install/ar_track_alvar_msgs/local/lib/python3.10/dist-packages/ar_track_alvar_msgs/ar_track_alvar_msgs_s__rosidl_typesupport_c.cpython-310-x86_64-linux-gnu.so
[0.602s] -- Up-to-date symlink: /home/das-note-021/amir_kameyama_ws/install/ar_track_alvar_msgs/local/lib/python3.10/dist-packages/ar_track_alvar_msgs/ar_track_alvar_msgs_s__rosidl_typesupport_fastrtps_c.cpython-310-x86_64-linux-gnu.so
[0.602s] -- Up-to-date symlink: /home/das-note-021/amir_kameyama_ws/install/ar_track_alvar_msgs/local/lib/python3.10/dist-packages/ar_track_alvar_msgs/ar_track_alvar_msgs_s__rosidl_typesupport_introspection_c.cpython-310-x86_64-linux-gnu.so
[0.603s] -- Up-to-date symlink: /home/das-note-021/amir_kameyama_ws/install/ar_track_alvar_msgs/local/lib/python3.10/dist-packages/ar_track_alvar_msgs/libar_track_alvar_msgs__rosidl_generator_py.so
[0.603s] -- Up-to-date symlink: /home/das-note-021/amir_kameyama_ws/install/ar_track_alvar_msgs/local/lib/python3.10/dist-packages/ar_track_alvar_msgs/msg/__init__.py
[0.603s] -- Up-to-date symlink: /home/das-note-021/amir_kameyama_ws/install/ar_track_alvar_msgs/local/lib/python3.10/dist-packages/ar_track_alvar_msgs/msg/_alvar_marker.py
[0.603s] -- Up-to-date symlink: /home/das-note-021/amir_kameyama_ws/install/ar_track_alvar_msgs/local/lib/python3.10/dist-packages/ar_track_alvar_msgs/msg/_alvar_marker_s.c
[0.603s] -- Up-to-date symlink: /home/das-note-021/amir_kameyama_ws/install/ar_track_alvar_msgs/local/lib/python3.10/dist-packages/ar_track_alvar_msgs/msg/_alvar_markers.py
[0.603s] -- Up-to-date symlink: /home/das-note-021/amir_kameyama_ws/install/ar_track_alvar_msgs/local/lib/python3.10/dist-packages/ar_track_alvar_msgs/msg/_alvar_markers_s.c
[0.603s] -- Up-to-date symlink: /home/das-note-021/amir_kameyama_ws/install/ar_track_alvar_msgs/local/lib/python3.10/dist-packages/ar_track_alvar_msgs/ar_track_alvar_msgs_s__rosidl_typesupport_fastrtps_c.cpython-310-x86_64-linux-gnu.so
[0.604s] -- Up-to-date symlink: /home/das-note-021/amir_kameyama_ws/install/ar_track_alvar_msgs/local/lib/python3.10/dist-packages/ar_track_alvar_msgs/ar_track_alvar_msgs_s__rosidl_typesupport_introspection_c.cpython-310-x86_64-linux-gnu.so
[0.604s] -- Up-to-date symlink: /home/das-note-021/amir_kameyama_ws/install/ar_track_alvar_msgs/local/lib/python3.10/dist-packages/ar_track_alvar_msgs/ar_track_alvar_msgs_s__rosidl_typesupport_c.cpython-310-x86_64-linux-gnu.so
[0.604s] -- Up-to-date symlink: /home/das-note-021/amir_kameyama_ws/install/ar_track_alvar_msgs/share/ar_track_alvar_msgs/msg/AlvarMarker.idl
[0.604s] -- Up-to-date symlink: /home/das-note-021/amir_kameyama_ws/install/ar_track_alvar_msgs/share/ar_track_alvar_msgs/msg/AlvarMarkers.idl
[0.604s] -- Up-to-date symlink: /home/das-note-021/amir_kameyama_ws/install/ar_track_alvar_msgs/share/ar_track_alvar_msgs/msg/AlvarMarker.msg
[0.605s] -- Up-to-date symlink: /home/das-note-021/amir_kameyama_ws/install/ar_track_alvar_msgs/share/ar_track_alvar_msgs/msg/AlvarMarkers.msg
[0.605s] -- Up-to-date symlink: /home/das-note-021/amir_kameyama_ws/install/ar_track_alvar_msgs/share/ament_index/resource_index/package_run_dependencies/ar_track_alvar_msgs
[0.605s] -- Up-to-date symlink: /home/das-note-021/amir_kameyama_ws/install/ar_track_alvar_msgs/share/ament_index/resource_index/parent_prefix_path/ar_track_alvar_msgs
[0.605s] -- Up-to-date symlink: /home/das-note-021/amir_kameyama_ws/install/ar_track_alvar_msgs/share/ar_track_alvar_msgs/environment/ament_prefix_path.sh
[0.605s] -- Up-to-date symlink: /home/das-note-021/amir_kameyama_ws/install/ar_track_alvar_msgs/share/ar_track_alvar_msgs/environment/ament_prefix_path.dsv
[0.605s] -- Up-to-date symlink: /home/das-note-021/amir_kameyama_ws/install/ar_track_alvar_msgs/share/ar_track_alvar_msgs/environment/path.sh
[0.605s] -- Up-to-date symlink: /home/das-note-021/amir_kameyama_ws/install/ar_track_alvar_msgs/share/ar_track_alvar_msgs/environment/path.dsv
[0.605s] -- Up-to-date symlink: /home/das-note-021/amir_kameyama_ws/install/ar_track_alvar_msgs/share/ar_track_alvar_msgs/local_setup.bash
[0.606s] -- Up-to-date symlink: /home/das-note-021/amir_kameyama_ws/install/ar_track_alvar_msgs/share/ar_track_alvar_msgs/local_setup.sh
[0.606s] -- Up-to-date symlink: /home/das-note-021/amir_kameyama_ws/install/ar_track_alvar_msgs/share/ar_track_alvar_msgs/local_setup.zsh
[0.606s] -- Up-to-date symlink: /home/das-note-021/amir_kameyama_ws/install/ar_track_alvar_msgs/share/ar_track_alvar_msgs/local_setup.dsv
[0.606s] -- Symlinking: /home/das-note-021/amir_kameyama_ws/install/ar_track_alvar_msgs/share/ar_track_alvar_msgs/package.dsv
[0.614s] -- Up-to-date symlink: /home/das-note-021/amir_kameyama_ws/install/ar_track_alvar_msgs/share/ament_index/resource_index/packages/ar_track_alvar_msgs
[0.614s] -- Up-to-date symlink: /home/das-note-021/amir_kameyama_ws/install/ar_track_alvar_msgs/share/ar_track_alvar_msgs/cmake/rosidl_cmake-extras.cmake
[0.614s] -- Up-to-date symlink: /home/das-note-021/amir_kameyama_ws/install/ar_track_alvar_msgs/share/ar_track_alvar_msgs/cmake/ament_cmake_export_dependencies-extras.cmake
[0.614s] -- Up-to-date symlink: /home/das-note-021/amir_kameyama_ws/install/ar_track_alvar_msgs/share/ar_track_alvar_msgs/cmake/ament_cmake_export_include_directories-extras.cmake
[0.614s] -- Up-to-date symlink: /home/das-note-021/amir_kameyama_ws/install/ar_track_alvar_msgs/share/ar_track_alvar_msgs/cmake/ament_cmake_export_libraries-extras.cmake
[0.614s] -- Up-to-date symlink: /home/das-note-021/amir_kameyama_ws/install/ar_track_alvar_msgs/share/ar_track_alvar_msgs/cmake/ament_cmake_export_targets-extras.cmake
[0.614s] -- Up-to-date symlink: /home/das-note-021/amir_kameyama_ws/install/ar_track_alvar_msgs/share/ar_track_alvar_msgs/cmake/rosidl_cmake_export_typesupport_targets-extras.cmake
[0.614s] -- Up-to-date symlink: /home/das-note-021/amir_kameyama_ws/install/ar_track_alvar_msgs/share/ar_track_alvar_msgs/cmake/rosidl_cmake_export_typesupport_libraries-extras.cmake
[0.615s] -- Up-to-date symlink: /home/das-note-021/amir_kameyama_ws/install/ar_track_alvar_msgs/share/ar_track_alvar_msgs/cmake/ar_track_alvar_msgsConfig.cmake
[0.615s] -- Up-to-date symlink: /home/das-note-021/amir_kameyama_ws/install/ar_track_alvar_msgs/share/ar_track_alvar_msgs/cmake/ar_track_alvar_msgsConfig-version.cmake
[0.615s] -- Up-to-date symlink: /home/das-note-021/amir_kameyama_ws/install/ar_track_alvar_msgs/share/ar_track_alvar_msgs/package.xml
[0.615s] -- Up-to-date: /home/das-note-021/amir_kameyama_ws/install/ar_track_alvar_msgs/lib/libar_track_alvar_msgs__rosidl_generator_c.so
[0.615s] -- Up-to-date: /home/das-note-021/amir_kameyama_ws/install/ar_track_alvar_msgs/lib/libar_track_alvar_msgs__rosidl_typesupport_fastrtps_c.so
[0.615s] -- Up-to-date: /home/das-note-021/amir_kameyama_ws/install/ar_track_alvar_msgs/lib/libar_track_alvar_msgs__rosidl_typesupport_introspection_c.so
[0.616s] -- Up-to-date: /home/das-note-021/amir_kameyama_ws/install/ar_track_alvar_msgs/lib/libar_track_alvar_msgs__rosidl_typesupport_c.so
[0.616s] -- Up-to-date: /home/das-note-021/amir_kameyama_ws/install/ar_track_alvar_msgs/lib/libar_track_alvar_msgs__rosidl_typesupport_fastrtps_cpp.so
[0.616s] -- Up-to-date: /home/das-note-021/amir_kameyama_ws/install/ar_track_alvar_msgs/lib/libar_track_alvar_msgs__rosidl_typesupport_introspection_cpp.so
[0.616s] -- Up-to-date: /home/das-note-021/amir_kameyama_ws/install/ar_track_alvar_msgs/lib/libar_track_alvar_msgs__rosidl_typesupport_cpp.so
[0.647s] Listing '/home/das-note-021/amir_kameyama_ws/install/ar_track_alvar_msgs/local/lib/python3.10/dist-packages/ar_track_alvar_msgs'...
[0.647s] Listing '/home/das-note-021/amir_kameyama_ws/install/ar_track_alvar_msgs/local/lib/python3.10/dist-packages/ar_track_alvar_msgs/msg'...
[0.650s] -- Up-to-date: /home/das-note-021/amir_kameyama_ws/install/ar_track_alvar_msgs/lib/libar_track_alvar_msgs__rosidl_generator_py.so
[0.650s] -- Up-to-date: /home/das-note-021/amir_kameyama_ws/install/ar_track_alvar_msgs/share/ar_track_alvar_msgs/cmake/export_ar_track_alvar_msgs__rosidl_generator_cExport.cmake
[0.650s] -- Up-to-date: /home/das-note-021/amir_kameyama_ws/install/ar_track_alvar_msgs/share/ar_track_alvar_msgs/cmake/export_ar_track_alvar_msgs__rosidl_generator_cExport-noconfig.cmake
[0.650s] -- Up-to-date: /home/das-note-021/amir_kameyama_ws/install/ar_track_alvar_msgs/share/ar_track_alvar_msgs/cmake/export_ar_track_alvar_msgs__rosidl_typesupport_fastrtps_cExport.cmake
[0.650s] -- Up-to-date: /home/das-note-021/amir_kameyama_ws/install/ar_track_alvar_msgs/share/ar_track_alvar_msgs/cmake/export_ar_track_alvar_msgs__rosidl_typesupport_fastrtps_cExport-noconfig.cmake
[0.650s] -- Up-to-date: /home/das-note-021/amir_kameyama_ws/install/ar_track_alvar_msgs/share/ar_track_alvar_msgs/cmake/ar_track_alvar_msgs__rosidl_typesupport_introspection_cExport.cmake
[0.650s] -- Up-to-date: /home/das-note-021/amir_kameyama_ws/install/ar_track_alvar_msgs/share/ar_track_alvar_msgs/cmake/ar_track_alvar_msgs__rosidl_typesupport_introspection_cExport-noconfig.cmake
[0.651s] -- Up-to-date: /home/das-note-021/amir_kameyama_ws/install/ar_track_alvar_msgs/share/ar_track_alvar_msgs/cmake/ar_track_alvar_msgs__rosidl_typesupport_cExport.cmake
[0.651s] -- Up-to-date: /home/das-note-021/amir_kameyama_ws/install/ar_track_alvar_msgs/share/ar_track_alvar_msgs/cmake/ar_track_alvar_msgs__rosidl_typesupport_cExport-noconfig.cmake
[0.651s] -- Up-to-date: /home/das-note-021/amir_kameyama_ws/install/ar_track_alvar_msgs/share/ar_track_alvar_msgs/cmake/export_ar_track_alvar_msgs__rosidl_generator_cppExport.cmake
[0.651s] -- Up-to-date: /home/das-note-021/amir_kameyama_ws/install/ar_track_alvar_msgs/share/ar_track_alvar_msgs/cmake/export_ar_track_alvar_msgs__rosidl_typesupport_fastrtps_cppExport.cmake
[0.651s] -- Up-to-date: /home/das-note-021/amir_kameyama_ws/install/ar_track_alvar_msgs/share/ar_track_alvar_msgs/cmake/export_ar_track_alvar_msgs__rosidl_typesupport_fastrtps_cppExport-noconfig.cmake
[0.651s] -- Up-to-date: /home/das-note-021/amir_kameyama_ws/install/ar_track_alvar_msgs/share/ar_track_alvar_msgs/cmake/ar_track_alvar_msgs__rosidl_typesupport_introspection_cppExport.cmake
[0.651s] -- Up-to-date: /home/das-note-021/amir_kameyama_ws/install/ar_track_alvar_msgs/share/ar_track_alvar_msgs/cmake/ar_track_alvar_msgs__rosidl_typesupport_introspection_cppExport-noconfig.cmake
[0.651s] -- Up-to-date: /home/das-note-021/amir_kameyama_ws/install/ar_track_alvar_msgs/share/ar_track_alvar_msgs/cmake/ar_track_alvar_msgs__rosidl_typesupport_cppExport.cmake
[0.651s] -- Up-to-date: /home/das-note-021/amir_kameyama_ws/install/ar_track_alvar_msgs/share/ar_track_alvar_msgs/cmake/ar_track_alvar_msgs__rosidl_typesupport_cppExport-noconfig.cmake
[0.651s] -- Up-to-date: /home/das-note-021/amir_kameyama_ws/install/ar_track_alvar_msgs/share/ar_track_alvar_msgs/cmake/export_ar_track_alvar_msgs__rosidl_generator_pyExport.cmake
[0.651s] -- Up-to-date: /home/das-note-021/amir_kameyama_ws/install/ar_track_alvar_msgs/share/ar_track_alvar_msgs/cmake/export_ar_track_alvar_msgs__rosidl_generator_pyExport-noconfig.cmake
[0.652s] Invoked command in '/home/das-note-021/amir_kameyama_ws/build/ar_track_alvar_msgs' returned '0': CMAKE_PREFIX_PATH=${CMAKE_PREFIX_PATH}:/home/das-note-021/amir_kameyama_ws/install/failure_detection:/home/das-note-021/amir_kameyama_ws/install/bt_generator:/home/das-note-021/kameyama_ws/install/ros2_aruco:/home/das-note-021/kameyama_ws/install/failure_detection:/home/das-note-021/kameyama_ws/install/bt_generator:/opt/ros/humble /usr/bin/cmake --install /home/das-note-021/amir_kameyama_ws/build/ar_track_alvar_msgs
