[0.062s] Invoking command in '/home/rover/kameyama_ws/build/mecanum_navigation2': CMAKE_PREFIX_PATH=${CMAKE_PREFIX_PATH}:/home/rover/amir_basic_ws/install/camera_calibration:/opt/ros/humble /usr/bin/cmake --build /home/rover/kameyama_ws/build/mecanum_navigation2 -- -j12 -l12
[1.088s] Invoked command in '/home/rover/kameyama_ws/build/mecanum_navigation2' returned '0': CMAKE_PREFIX_PATH=${CMAKE_PREFIX_PATH}:/home/rover/amir_basic_ws/install/camera_calibration:/opt/ros/humble /usr/bin/cmake --build /home/rover/kameyama_ws/build/mecanum_navigation2 -- -j12 -l12
[1.098s] Invoking command in '/home/rover/kameyama_ws/build/mecanum_navigation2': CMAKE_PREFIX_PATH=${CMAKE_PREFIX_PATH}:/home/rover/amir_basic_ws/install/camera_calibration:/opt/ros/humble /usr/bin/cmake --install /home/rover/kameyama_ws/build/mecanum_navigation2
[1.179s] -- Install configuration: ""
[1.179s] -- Execute custom install script
[1.179s] -- Up-to-date symlink: /home/rover/kameyama_ws/install/mecanum_navigation2/share/mecanum_navigation2/launch/bringup_launch.py
[1.180s] -- Up-to-date symlink: /home/rover/kameyama_ws/install/mecanum_navigation2/share/mecanum_navigation2/launch/mecanum2_launch.py
[1.180s] -- Up-to-date symlink: /home/rover/kameyama_ws/install/mecanum_navigation2/share/mecanum_navigation2/launch/mecanum_launch.py
[1.180s] -- Up-to-date symlink: /home/rover/kameyama_ws/install/mecanum_navigation2/share/mecanum_navigation2/launch/navigation2.launch.py
[1.180s] -- Up-to-date symlink: /home/rover/kameyama_ws/install/mecanum_navigation2/share/mecanum_navigation2/launch/rviz_launch.py
[1.180s] -- Up-to-date symlink: /home/rover/kameyama_ws/install/mecanum_navigation2/share/mecanum_navigation2/launch/slam_toolbox_launch.py
[1.180s] -- Up-to-date symlink: /home/rover/kameyama_ws/install/mecanum_navigation2/share/mecanum_navigation2/map/turtlebot3_world.pgm
[1.180s] -- Up-to-date symlink: /home/rover/kameyama_ws/install/mecanum_navigation2/share/mecanum_navigation2/map/turtlebot3_world.yaml
[1.180s] -- Up-to-date symlink: /home/rover/kameyama_ws/install/mecanum_navigation2/share/mecanum_navigation2/params/amir.yaml
[1.180s] -- Up-to-date symlink: /home/rover/kameyama_ws/install/mecanum_navigation2/share/mecanum_navigation2/params/burger.yaml
[1.180s] -- Up-to-date symlink: /home/rover/kameyama_ws/install/mecanum_navigation2/share/mecanum_navigation2/params/mecanum (another copy).yaml
[1.180s] -- Up-to-date symlink: /home/rover/kameyama_ws/install/mecanum_navigation2/share/mecanum_navigation2/params/mecanum (copy).yaml
[1.180s] -- Up-to-date symlink: /home/rover/kameyama_ws/install/mecanum_navigation2/share/mecanum_navigation2/params/waffle.yaml
[1.180s] -- Up-to-date symlink: /home/rover/kameyama_ws/install/mecanum_navigation2/share/mecanum_navigation2/params/waffle_pi.yaml
[1.180s] -- Up-to-date symlink: /home/rover/kameyama_ws/install/mecanum_navigation2/share/mecanum_navigation2/rviz/navigation.rviz
[1.180s] -- Up-to-date symlink: /home/rover/kameyama_ws/install/mecanum_navigation2/share/mecanum_navigation2/config/mapper_params_online_async.yaml
[1.180s] -- Up-to-date symlink: /home/rover/kameyama_ws/install/mecanum_navigation2/share/mecanum_navigation2/config/mapper_params_online_sync.yaml
[1.180s] -- Up-to-date symlink: /home/rover/kameyama_ws/install/mecanum_navigation2/share/ament_index/resource_index/package_run_dependencies/mecanum_navigation2
[1.180s] -- Up-to-date symlink: /home/rover/kameyama_ws/install/mecanum_navigation2/share/ament_index/resource_index/parent_prefix_path/mecanum_navigation2
[1.180s] -- Up-to-date symlink: /home/rover/kameyama_ws/install/mecanum_navigation2/share/mecanum_navigation2/environment/ament_prefix_path.sh
[1.180s] -- Up-to-date symlink: /home/rover/kameyama_ws/install/mecanum_navigation2/share/mecanum_navigation2/environment/ament_prefix_path.dsv
[1.180s] -- Up-to-date symlink: /home/rover/kameyama_ws/install/mecanum_navigation2/share/mecanum_navigation2/environment/path.sh
[1.180s] -- Up-to-date symlink: /home/rover/kameyama_ws/install/mecanum_navigation2/share/mecanum_navigation2/environment/path.dsv
[1.180s] -- Up-to-date symlink: /home/rover/kameyama_ws/install/mecanum_navigation2/share/mecanum_navigation2/local_setup.bash
[1.180s] -- Up-to-date symlink: /home/rover/kameyama_ws/install/mecanum_navigation2/share/mecanum_navigation2/local_setup.sh
[1.181s] -- Up-to-date symlink: /home/rover/kameyama_ws/install/mecanum_navigation2/share/mecanum_navigation2/local_setup.zsh
[1.181s] -- Up-to-date symlink: /home/rover/kameyama_ws/install/mecanum_navigation2/share/mecanum_navigation2/local_setup.dsv
[1.181s] -- Symlinking: /home/rover/kameyama_ws/install/mecanum_navigation2/share/mecanum_navigation2/package.dsv
[1.181s] -- Up-to-date symlink: /home/rover/kameyama_ws/install/mecanum_navigation2/share/ament_index/resource_index/packages/mecanum_navigation2
[1.181s] -- Up-to-date symlink: /home/rover/kameyama_ws/install/mecanum_navigation2/share/mecanum_navigation2/cmake/mecanum_navigation2Config.cmake
[1.181s] -- Up-to-date symlink: /home/rover/kameyama_ws/install/mecanum_navigation2/share/mecanum_navigation2/cmake/mecanum_navigation2Config-version.cmake
[1.181s] -- Up-to-date symlink: /home/rover/kameyama_ws/install/mecanum_navigation2/share/mecanum_navigation2/package.xml
[1.230s] Invoked command in '/home/rover/kameyama_ws/build/mecanum_navigation2' returned '0': CMAKE_PREFIX_PATH=${CMAKE_PREFIX_PATH}:/home/rover/amir_basic_ws/install/camera_calibration:/opt/ros/humble /usr/bin/cmake --install /home/rover/kameyama_ws/build/mecanum_navigation2
