[1.055s] Invoking command in '/home/rover/kameyama_ws/build/joint_state_publisher_tutorial': CMAKE_PREFIX_PATH=${CMAKE_PREFIX_PATH}:/home/rover/kameyama_ws/install/ros2_aruco:/home/rover/kameyama_ws/install/failure_detection:/home/rover/kameyama_ws/install/bt_generator:/home/rover/amir_basic_ws/install/nav2_simple_commander:/home/rover/amir_basic_ws/install/camera_calibration:/opt/ros/humble /usr/bin/cmake --build /home/rover/kameyama_ws/build/joint_state_publisher_tutorial -- -j12 -l12
[1.157s] [100%] Built target tutorial_publisher
[1.201s] Invoked command in '/home/rover/kameyama_ws/build/joint_state_publisher_tutorial' returned '0': CMAKE_PREFIX_PATH=${CMAKE_PREFIX_PATH}:/home/rover/kameyama_ws/install/ros2_aruco:/home/rover/kameyama_ws/install/failure_detection:/home/rover/kameyama_ws/install/bt_generator:/home/rover/amir_basic_ws/install/nav2_simple_commander:/home/rover/amir_basic_ws/install/camera_calibration:/opt/ros/humble /usr/bin/cmake --build /home/rover/kameyama_ws/build/joint_state_publisher_tutorial -- -j12 -l12
[1.203s] Invoking command in '/home/rover/kameyama_ws/build/joint_state_publisher_tutorial': CMAKE_PREFIX_PATH=${CMAKE_PREFIX_PATH}:/home/rover/kameyama_ws/install/ros2_aruco:/home/rover/kameyama_ws/install/failure_detection:/home/rover/kameyama_ws/install/bt_generator:/home/rover/amir_basic_ws/install/nav2_simple_commander:/home/rover/amir_basic_ws/install/camera_calibration:/opt/ros/humble /usr/bin/cmake --install /home/rover/kameyama_ws/build/joint_state_publisher_tutorial
[1.216s] -- Install configuration: ""
[1.217s] -- Execute custom install script
[1.217s] -- Up-to-date symlink: /home/rover/kameyama_ws/install/joint_state_publisher_tutorial/lib/joint_state_publisher_tutorial/tutorial_publisher
[1.217s] -- Up-to-date symlink: /home/rover/kameyama_ws/install/joint_state_publisher_tutorial/share/joint_state_publisher_tutorial/launch/joint_display.launch.py
[1.217s] -- Up-to-date symlink: /home/rover/kameyama_ws/install/joint_state_publisher_tutorial/share/joint_state_publisher_tutorial/rviz/urdf.rviz
[1.217s] -- Up-to-date symlink: /home/rover/kameyama_ws/install/joint_state_publisher_tutorial/share/joint_state_publisher_tutorial/urdf/amir.gazebo
[1.217s] -- Up-to-date symlink: /home/rover/kameyama_ws/install/joint_state_publisher_tutorial/share/joint_state_publisher_tutorial/urdf/amir.trans
[1.217s] -- Up-to-date symlink: /home/rover/kameyama_ws/install/joint_state_publisher_tutorial/share/joint_state_publisher_tutorial/urdf/amir.xacro
[1.217s] -- Up-to-date symlink: /home/rover/kameyama_ws/install/joint_state_publisher_tutorial/share/joint_state_publisher_tutorial/urdf/amir_f120a.xacro
[1.217s] -- Up-to-date symlink: /home/rover/kameyama_ws/install/joint_state_publisher_tutorial/share/joint_state_publisher_tutorial/urdf/amir_for_rover.xacro
[1.218s] -- Up-to-date symlink: /home/rover/kameyama_ws/install/joint_state_publisher_tutorial/share/joint_state_publisher_tutorial/urdf/amir_mecanum3.xacro
[1.218s] -- Up-to-date symlink: /home/rover/kameyama_ws/install/joint_state_publisher_tutorial/share/joint_state_publisher_tutorial/urdf/amir_mega3.xacro
[1.219s] -- Up-to-date symlink: /home/rover/kameyama_ws/install/joint_state_publisher_tutorial/share/joint_state_publisher_tutorial/urdf/materials.xacro
[1.220s] -- Up-to-date symlink: /home/rover/kameyama_ws/install/joint_state_publisher_tutorial/share/ament_index/resource_index/package_run_dependencies/joint_state_publisher_tutorial
[1.220s] -- Up-to-date symlink: /home/rover/kameyama_ws/install/joint_state_publisher_tutorial/share/ament_index/resource_index/parent_prefix_path/joint_state_publisher_tutorial
[1.220s] -- Up-to-date symlink: /home/rover/kameyama_ws/install/joint_state_publisher_tutorial/share/joint_state_publisher_tutorial/environment/ament_prefix_path.sh
[1.220s] -- Up-to-date symlink: /home/rover/kameyama_ws/install/joint_state_publisher_tutorial/share/joint_state_publisher_tutorial/environment/ament_prefix_path.dsv
[1.220s] -- Up-to-date symlink: /home/rover/kameyama_ws/install/joint_state_publisher_tutorial/share/joint_state_publisher_tutorial/environment/path.sh
[1.220s] -- Up-to-date symlink: /home/rover/kameyama_ws/install/joint_state_publisher_tutorial/share/joint_state_publisher_tutorial/environment/path.dsv
[1.220s] -- Up-to-date symlink: /home/rover/kameyama_ws/install/joint_state_publisher_tutorial/share/joint_state_publisher_tutorial/local_setup.bash
[1.220s] -- Up-to-date symlink: /home/rover/kameyama_ws/install/joint_state_publisher_tutorial/share/joint_state_publisher_tutorial/local_setup.sh
[1.222s] -- Up-to-date symlink: /home/rover/kameyama_ws/install/joint_state_publisher_tutorial/share/joint_state_publisher_tutorial/local_setup.zsh
[1.222s] -- Up-to-date symlink: /home/rover/kameyama_ws/install/joint_state_publisher_tutorial/share/joint_state_publisher_tutorial/local_setup.dsv
[1.222s] -- Symlinking: /home/rover/kameyama_ws/install/joint_state_publisher_tutorial/share/joint_state_publisher_tutorial/package.dsv
[1.267s] -- Up-to-date symlink: /home/rover/kameyama_ws/install/joint_state_publisher_tutorial/share/ament_index/resource_index/packages/joint_state_publisher_tutorial
[1.267s] -- Up-to-date symlink: /home/rover/kameyama_ws/install/joint_state_publisher_tutorial/share/joint_state_publisher_tutorial/cmake/joint_state_publisher_tutorialConfig.cmake
[1.268s] -- Up-to-date symlink: /home/rover/kameyama_ws/install/joint_state_publisher_tutorial/share/joint_state_publisher_tutorial/cmake/joint_state_publisher_tutorialConfig-version.cmake
[1.268s] -- Up-to-date symlink: /home/rover/kameyama_ws/install/joint_state_publisher_tutorial/share/joint_state_publisher_tutorial/package.xml
[1.288s] Invoked command in '/home/rover/kameyama_ws/build/joint_state_publisher_tutorial' returned '0': CMAKE_PREFIX_PATH=${CMAKE_PREFIX_PATH}:/home/rover/kameyama_ws/install/ros2_aruco:/home/rover/kameyama_ws/install/failure_detection:/home/rover/kameyama_ws/install/bt_generator:/home/rover/amir_basic_ws/install/nav2_simple_commander:/home/rover/amir_basic_ws/install/camera_calibration:/opt/ros/humble /usr/bin/cmake --install /home/rover/kameyama_ws/build/joint_state_publisher_tutorial
