[0.019s] Invoking command in '/home/rover/kameyama_ws/build/failure_detection_msgs': AMENT_PREFIX_PATH=/home/rover/kameyama_ws/install/my_nav_msgs:/home/rover/kameyama_ws/install/behavior_tree_msgs:${AMENT_PREFIX_PATH} CMAKE_PREFIX_PATH=/home/rover/kameyama_ws/install/my_nav_msgs:/home/rover/kameyama_ws/install/behavior_tree_msgs:/home/rover/amir_basic_ws/install/image_pipeline:/home/rover/amir_basic_ws/install/stereo_image_proc:/home/rover/amir_basic_ws/install/image_proc:/home/rover/amir_basic_ws/install/tracetools_image_pipeline:/home/rover/amir_basic_ws/install/nav2_system_tests:/home/rover/amir_basic_ws/install/nav2_bringup:/home/rover/amir_basic_ws/install/navigation2:/home/rover/amir_basic_ws/install/nav2_smoother:/home/rover/amir_basic_ws/install/nav2_graceful_controller:/home/rover/amir_basic_ws/install/nav2_dwb_controller:/home/rover/amir_basic_ws/install/nav2_controller:/home/rover/amir_basic_ws/install/dwb_plugins:/home/rover/amir_basic_ws/install/dwb_critics:/home/rover/amir_basic_ws/install/dwb_core:/home/rover/amir_basic_ws/install/nav_2d_utils:/home/rover/amir_basic_ws/install/dwb_msgs:/home/rover/amir_basic_ws/install/nav_2d_msgs:/home/rover/amir_basic_ws/install/nav2_waypoint_follower:/home/rover/amir_basic_ws/install/nav2_theta_star_planner:/home/rover/amir_basic_ws/install/nav2_smac_planner:/home/rover/amir_basic_ws/install/nav2_rotation_shim_controller:/home/rover/amir_basic_ws/install/nav2_regulated_pure_pursuit_controller:/home/rover/amir_basic_ws/install/nav2_planner:/home/rover/amir_basic_ws/install/nav2_navfn_planner:/home/rover/amir_basic_ws/install/nav2_mppi_controller:/home/rover/amir_basic_ws/install/nav2_constrained_smoother:/home/rover/amir_basic_ws/install/nav2_bt_navigator:/home/rover/amir_basic_ws/install/nav2_behaviors:/home/rover/amir_basic_ws/install/nav2_core:/home/rover/amir_basic_ws/install/nav2_collision_monitor:/home/rover/amir_basic_ws/install/costmap_queue:/home/rover/amir_basic_ws/install/nav2_costmap_2d:/home/rover/amir_basic_ws/install/nav2_voxel_grid:/home/rover/amir_basic_ws/install/nav2_velocity_smoother:/home/rover/amir_basic_ws/install/nav2_rviz_plugins:/home/rover/amir_basic_ws/install/nav2_map_server:/home/rover/amir_basic_ws/install/nav2_lifecycle_manager:/home/rover/amir_basic_ws/install/nav2_behavior_tree:/home/rover/amir_basic_ws/install/nav2_amcl:/home/rover/amir_basic_ws/install/nav2_util:/home/rover/amir_basic_ws/install/nav2_msgs:/home/rover/amir_basic_ws/install/nav2_common:/home/rover/amir_basic_ws/install/micro_ros_setup:/home/rover/amir_basic_ws/install/micro_ros_agent:/home/rover/amir_basic_ws/install/micro_ros_msgs:/home/rover/amir_basic_ws/install/image_view:/home/rover/amir_basic_ws/install/image_rotate:/home/rover/amir_basic_ws/install/image_publisher:/home/rover/amir_basic_ws/install/depth_image_proc:/home/rover/amir_basic_ws/install/darknet_ros:/home/rover/amir_basic_ws/install/darknet_ros_msgs:/home/rover/amir_basic_ws/install/behaviortree_cpp:/home/rover/amir_basic_ws/install/amir_interfaces:/home/rover/amir_basic_ws/install/nav2_simple_commander:/home/rover/amir_basic_ws/install/camera_calibration:/opt/ros/humble LD_LIBRARY_PATH=/home/rover/kameyama_ws/install/my_nav_msgs/lib:/home/rover/kameyama_ws/install/behavior_tree_msgs/lib:${LD_LIBRARY_PATH} PYTHONPATH=/home/rover/kameyama_ws/install/my_nav_msgs/local/lib/python3.10/dist-packages:/home/rover/kameyama_ws/install/behavior_tree_msgs/local/lib/python3.10/dist-packages:${PYTHONPATH} /usr/bin/cmake --build /home/rover/kameyama_ws/build/failure_detection_msgs -- -j12 -l12
[0.076s] [  1%] [34m[1mGenerating C code for ROS interfaces[0m
[0.096s] [  3%] [34m[1mGenerating C++ code for ROS interfaces[0m
[0.102s] [  3%] Built target ament_cmake_python_symlink_failure_detection_msgs
[0.672s] running egg_info
[0.780s] writing failure_detection_msgs.egg-info/PKG-INFO
[0.843s] writing dependency_links to failure_detection_msgs.egg-info/dependency_links.txt
[0.861s] [  3%] Built target failure_detection_msgs__cpp
[0.862s] [  4%] [32mBuilding C object CMakeFiles/failure_detection_msgs__rosidl_generator_c.dir/rosidl_generator_c/failure_detection_msgs/msg/detail/solution__functions.c.o[0m
[0.863s] [  6%] [32mBuilding C object CMakeFiles/failure_detection_msgs__rosidl_generator_c.dir/rosidl_generator_c/failure_detection_msgs/action/detail/analysys__functions.c.o[0m
[0.867s] [  7%] [32mBuilding C object CMakeFiles/failure_detection_msgs__rosidl_generator_c.dir/rosidl_generator_c/failure_detection_msgs/srv/detail/path_check__functions.c.o[0m
[0.874s] [  9%] [32mBuilding C object CMakeFiles/failure_detection_msgs__rosidl_generator_c.dir/rosidl_generator_c/failure_detection_msgs/srv/detail/before_pick__functions.c.o[0m
[0.889s] [ 11%] [32mBuilding C object CMakeFiles/failure_detection_msgs__rosidl_generator_c.dir/rosidl_generator_c/failure_detection_msgs/srv/detail/after_pick__functions.c.o[0m
[0.911s] [ 12%] [34m[1mGenerating C++ type support dispatch for ROS interfaces[0m
[0.911s] [ 14%] [34m[1mGenerating C++ introspection for ROS interfaces[0m
[0.912s] [ 15%] [34m[1mGenerating C++ type support for eProsima Fast-RTPS[0m
[1.045s] [ 17%] [32m[1mLinking C shared library libfailure_detection_msgs__rosidl_generator_c.so[0m
[1.198s] writing top-level names to failure_detection_msgs.egg-info/top_level.txt
[1.202s] [ 17%] Built target failure_detection_msgs__rosidl_generator_c
[1.246s] [ 20%] [34m[1mGenerating C introspection for ROS interfaces[0m
[1.250s] [ 20%] [34m[1mGenerating C type support for eProsima Fast-RTPS[0m
[1.254s] [ 22%] [34m[1mGenerating C type support dispatch for ROS interfaces[0m
[1.305s] reading manifest file 'failure_detection_msgs.egg-info/SOURCES.txt'
[1.313s] writing manifest file 'failure_detection_msgs.egg-info/SOURCES.txt'
[1.411s] [ 22%] Built target ament_cmake_python_build_failure_detection_msgs_egg
[1.611s] [ 23%] [32mBuilding CXX object CMakeFiles/failure_detection_msgs__rosidl_typesupport_introspection_cpp.dir/rosidl_typesupport_introspection_cpp/failure_detection_msgs/msg/detail/solution__type_support.cpp.o[0m
[1.618s] [ 25%] [32mBuilding CXX object CMakeFiles/failure_detection_msgs__rosidl_typesupport_introspection_cpp.dir/rosidl_typesupport_introspection_cpp/failure_detection_msgs/action/detail/analysys__type_support.cpp.o[0m
[1.622s] [ 26%] [32mBuilding CXX object CMakeFiles/failure_detection_msgs__rosidl_typesupport_introspection_cpp.dir/rosidl_typesupport_introspection_cpp/failure_detection_msgs/srv/detail/path_check__type_support.cpp.o[0m
[1.624s] [ 28%] [32mBuilding CXX object CMakeFiles/failure_detection_msgs__rosidl_typesupport_introspection_cpp.dir/rosidl_typesupport_introspection_cpp/failure_detection_msgs/srv/detail/after_pick__type_support.cpp.o[0m
[1.624s] [ 30%] [32mBuilding CXX object CMakeFiles/failure_detection_msgs__rosidl_typesupport_introspection_cpp.dir/rosidl_typesupport_introspection_cpp/failure_detection_msgs/srv/detail/before_pick__type_support.cpp.o[0m
[1.668s] [ 31%] [32mBuilding CXX object CMakeFiles/failure_detection_msgs__rosidl_typesupport_cpp.dir/rosidl_typesupport_cpp/failure_detection_msgs/msg/solution__type_support.cpp.o[0m
[1.669s] [ 33%] [32mBuilding CXX object CMakeFiles/failure_detection_msgs__rosidl_typesupport_cpp.dir/rosidl_typesupport_cpp/failure_detection_msgs/action/analysys__type_support.cpp.o[0m
[1.692s] [ 34%] [32mBuilding CXX object CMakeFiles/failure_detection_msgs__rosidl_typesupport_cpp.dir/rosidl_typesupport_cpp/failure_detection_msgs/srv/path_check__type_support.cpp.o[0m
[2.132s] [ 36%] [32mBuilding CXX object CMakeFiles/failure_detection_msgs__rosidl_typesupport_cpp.dir/rosidl_typesupport_cpp/failure_detection_msgs/srv/before_pick__type_support.cpp.o[0m
[2.182s] [ 38%] [32mBuilding CXX object CMakeFiles/failure_detection_msgs__rosidl_typesupport_c.dir/rosidl_typesupport_c/failure_detection_msgs/msg/solution__type_support.cpp.o[0m
[2.182s] [ 39%] [32mBuilding CXX object CMakeFiles/failure_detection_msgs__rosidl_typesupport_cpp.dir/rosidl_typesupport_cpp/failure_detection_msgs/srv/after_pick__type_support.cpp.o[0m
[2.237s] [ 41%] [32mBuilding CXX object CMakeFiles/failure_detection_msgs__rosidl_typesupport_fastrtps_cpp.dir/rosidl_typesupport_fastrtps_cpp/failure_detection_msgs/msg/detail/dds_fastrtps/solution__type_support.cpp.o[0m
[2.277s] [ 42%] [32mBuilding CXX object CMakeFiles/failure_detection_msgs__rosidl_typesupport_c.dir/rosidl_typesupport_c/failure_detection_msgs/action/analysys__type_support.cpp.o[0m
[2.286s] [ 44%] [32mBuilding CXX object CMakeFiles/failure_detection_msgs__rosidl_typesupport_c.dir/rosidl_typesupport_c/failure_detection_msgs/srv/path_check__type_support.cpp.o[0m
[2.373s] [ 46%] [32mBuilding CXX object CMakeFiles/failure_detection_msgs__rosidl_typesupport_c.dir/rosidl_typesupport_c/failure_detection_msgs/srv/before_pick__type_support.cpp.o[0m
[2.408s] [ 47%] [32mBuilding CXX object CMakeFiles/failure_detection_msgs__rosidl_typesupport_fastrtps_cpp.dir/rosidl_typesupport_fastrtps_cpp/failure_detection_msgs/action/detail/dds_fastrtps/analysys__type_support.cpp.o[0m
[2.432s] [ 49%] [32mBuilding CXX object CMakeFiles/failure_detection_msgs__rosidl_typesupport_fastrtps_cpp.dir/rosidl_typesupport_fastrtps_cpp/failure_detection_msgs/srv/detail/dds_fastrtps/path_check__type_support.cpp.o[0m
[2.471s] [ 50%] [32mBuilding CXX object CMakeFiles/failure_detection_msgs__rosidl_typesupport_c.dir/rosidl_typesupport_c/failure_detection_msgs/srv/after_pick__type_support.cpp.o[0m
[2.491s] [ 52%] [32mBuilding CXX object CMakeFiles/failure_detection_msgs__rosidl_typesupport_fastrtps_c.dir/rosidl_typesupport_fastrtps_c/failure_detection_msgs/msg/detail/solution__type_support_c.cpp.o[0m
[2.496s] [ 53%] [32mBuilding C object CMakeFiles/failure_detection_msgs__rosidl_typesupport_introspection_c.dir/rosidl_typesupport_introspection_c/failure_detection_msgs/msg/detail/solution__type_support.c.o[0m
[2.554s] [ 55%] [32m[1mLinking CXX shared library libfailure_detection_msgs__rosidl_typesupport_c.so[0m
[2.556s] [ 57%] [32mBuilding CXX object CMakeFiles/failure_detection_msgs__rosidl_typesupport_fastrtps_cpp.dir/rosidl_typesupport_fastrtps_cpp/failure_detection_msgs/srv/detail/dds_fastrtps/before_pick__type_support.cpp.o[0m
[2.583s] [ 58%] [32m[1mLinking CXX shared library libfailure_detection_msgs__rosidl_typesupport_cpp.so[0m
[2.609s] [ 60%] [32mBuilding C object CMakeFiles/failure_detection_msgs__rosidl_typesupport_introspection_c.dir/rosidl_typesupport_introspection_c/failure_detection_msgs/action/detail/analysys__type_support.c.o[0m
[2.613s] [ 61%] [32mBuilding CXX object CMakeFiles/failure_detection_msgs__rosidl_typesupport_fastrtps_cpp.dir/rosidl_typesupport_fastrtps_cpp/failure_detection_msgs/srv/detail/dds_fastrtps/after_pick__type_support.cpp.o[0m
[2.727s] [ 63%] [32mBuilding CXX object CMakeFiles/failure_detection_msgs__rosidl_typesupport_fastrtps_c.dir/rosidl_typesupport_fastrtps_c/failure_detection_msgs/action/detail/analysys__type_support_c.cpp.o[0m
[2.749s] [ 63%] Built target failure_detection_msgs__rosidl_typesupport_cpp
[2.755s] [ 63%] Built target failure_detection_msgs__rosidl_typesupport_c
[2.758s] [ 65%] [32mBuilding C object CMakeFiles/failure_detection_msgs__rosidl_typesupport_introspection_c.dir/rosidl_typesupport_introspection_c/failure_detection_msgs/srv/detail/path_check__type_support.c.o[0m
[2.774s] [ 66%] [32m[1mLinking CXX shared library libfailure_detection_msgs__rosidl_typesupport_introspection_cpp.so[0m
[2.776s] [ 68%] [32mBuilding C object CMakeFiles/failure_detection_msgs__rosidl_typesupport_introspection_c.dir/rosidl_typesupport_introspection_c/failure_detection_msgs/srv/detail/before_pick__type_support.c.o[0m
[2.783s] [ 69%] [32mBuilding C object CMakeFiles/failure_detection_msgs__rosidl_typesupport_introspection_c.dir/rosidl_typesupport_introspection_c/failure_detection_msgs/srv/detail/after_pick__type_support.c.o[0m
[2.785s] [ 71%] [32mBuilding CXX object CMakeFiles/failure_detection_msgs__rosidl_typesupport_fastrtps_c.dir/rosidl_typesupport_fastrtps_c/failure_detection_msgs/srv/detail/path_check__type_support_c.cpp.o[0m
[2.893s] [ 73%] [32mBuilding CXX object CMakeFiles/failure_detection_msgs__rosidl_typesupport_fastrtps_c.dir/rosidl_typesupport_fastrtps_c/failure_detection_msgs/srv/detail/before_pick__type_support_c.cpp.o[0m
[2.896s] [ 74%] [32mBuilding CXX object CMakeFiles/failure_detection_msgs__rosidl_typesupport_fastrtps_c.dir/rosidl_typesupport_fastrtps_c/failure_detection_msgs/srv/detail/after_pick__type_support_c.cpp.o[0m
[2.902s] [ 76%] [32m[1mLinking C shared library libfailure_detection_msgs__rosidl_typesupport_introspection_c.so[0m
[3.037s] [ 76%] Built target failure_detection_msgs__rosidl_typesupport_introspection_cpp
[3.046s] [ 76%] Built target failure_detection_msgs__rosidl_typesupport_introspection_c
[3.422s] [ 77%] [32m[1mLinking CXX shared library libfailure_detection_msgs__rosidl_typesupport_fastrtps_cpp.so[0m
[3.479s] [ 79%] [32m[1mLinking CXX shared library libfailure_detection_msgs__rosidl_typesupport_fastrtps_c.so[0m
[3.568s] [ 79%] Built target failure_detection_msgs__rosidl_typesupport_fastrtps_cpp
[3.607s] [ 79%] Built target failure_detection_msgs__rosidl_typesupport_fastrtps_c
[3.647s] [ 79%] Built target failure_detection_msgs
[3.693s] [ 80%] [34m[1mGenerating Python code for ROS interfaces[0m
[4.847s] [ 80%] Built target failure_detection_msgs__py
[4.894s] [ 82%] [32mBuilding C object CMakeFiles/failure_detection_msgs__rosidl_generator_py.dir/rosidl_generator_py/failure_detection_msgs/action/_analysys_s.c.o[0m
[4.910s] [ 84%] [32mBuilding C object CMakeFiles/failure_detection_msgs__rosidl_generator_py.dir/rosidl_generator_py/failure_detection_msgs/msg/_solution_s.c.o[0m
[4.910s] [ 85%] [32mBuilding C object CMakeFiles/failure_detection_msgs__rosidl_generator_py.dir/rosidl_generator_py/failure_detection_msgs/srv/_after_pick_s.c.o[0m
[4.910s] [ 87%] [32mBuilding C object CMakeFiles/failure_detection_msgs__rosidl_generator_py.dir/rosidl_generator_py/failure_detection_msgs/srv/_path_check_s.c.o[0m
[4.913s] [ 88%] [32mBuilding C object CMakeFiles/failure_detection_msgs__rosidl_generator_py.dir/rosidl_generator_py/failure_detection_msgs/srv/_before_pick_s.c.o[0m
[5.130s] [ 90%] [32m[1mLinking C shared library rosidl_generator_py/failure_detection_msgs/libfailure_detection_msgs__rosidl_generator_py.so[0m
[5.211s] [ 90%] Built target failure_detection_msgs__rosidl_generator_py
[5.251s] [ 92%] [32mBuilding C object CMakeFiles/failure_detection_msgs__rosidl_typesupport_fastrtps_c__pyext.dir/rosidl_generator_py/failure_detection_msgs/_failure_detection_msgs_s.ep.rosidl_typesupport_fastrtps_c.c.o[0m
[5.254s] [ 93%] [32mBuilding C object CMakeFiles/failure_detection_msgs__rosidl_typesupport_introspection_c__pyext.dir/rosidl_generator_py/failure_detection_msgs/_failure_detection_msgs_s.ep.rosidl_typesupport_introspection_c.c.o[0m
[5.262s] [ 95%] [32mBuilding C object CMakeFiles/failure_detection_msgs__rosidl_typesupport_c__pyext.dir/rosidl_generator_py/failure_detection_msgs/_failure_detection_msgs_s.ep.rosidl_typesupport_c.c.o[0m
[5.415s] [ 96%] [32m[1mLinking C shared library rosidl_generator_py/failure_detection_msgs/failure_detection_msgs_s__rosidl_typesupport_fastrtps_c.cpython-310-x86_64-linux-gnu.so[0m
[5.425s] [ 98%] [32m[1mLinking C shared library rosidl_generator_py/failure_detection_msgs/failure_detection_msgs_s__rosidl_typesupport_introspection_c.cpython-310-x86_64-linux-gnu.so[0m
[5.445s] [100%] [32m[1mLinking C shared library rosidl_generator_py/failure_detection_msgs/failure_detection_msgs_s__rosidl_typesupport_c.cpython-310-x86_64-linux-gnu.so[0m
[5.522s] [100%] Built target failure_detection_msgs__rosidl_typesupport_fastrtps_c__pyext
[5.538s] [100%] Built target failure_detection_msgs__rosidl_typesupport_introspection_c__pyext
[5.550s] [100%] Built target failure_detection_msgs__rosidl_typesupport_c__pyext
[5.581s] Invoked command in '/home/rover/kameyama_ws/build/failure_detection_msgs' returned '0': AMENT_PREFIX_PATH=/home/rover/kameyama_ws/install/my_nav_msgs:/home/rover/kameyama_ws/install/behavior_tree_msgs:${AMENT_PREFIX_PATH} CMAKE_PREFIX_PATH=/home/rover/kameyama_ws/install/my_nav_msgs:/home/rover/kameyama_ws/install/behavior_tree_msgs:/home/rover/amir_basic_ws/install/image_pipeline:/home/rover/amir_basic_ws/install/stereo_image_proc:/home/rover/amir_basic_ws/install/image_proc:/home/rover/amir_basic_ws/install/tracetools_image_pipeline:/home/rover/amir_basic_ws/install/nav2_system_tests:/home/rover/amir_basic_ws/install/nav2_bringup:/home/rover/amir_basic_ws/install/navigation2:/home/rover/amir_basic_ws/install/nav2_smoother:/home/rover/amir_basic_ws/install/nav2_graceful_controller:/home/rover/amir_basic_ws/install/nav2_dwb_controller:/home/rover/amir_basic_ws/install/nav2_controller:/home/rover/amir_basic_ws/install/dwb_plugins:/home/rover/amir_basic_ws/install/dwb_critics:/home/rover/amir_basic_ws/install/dwb_core:/home/rover/amir_basic_ws/install/nav_2d_utils:/home/rover/amir_basic_ws/install/dwb_msgs:/home/rover/amir_basic_ws/install/nav_2d_msgs:/home/rover/amir_basic_ws/install/nav2_waypoint_follower:/home/rover/amir_basic_ws/install/nav2_theta_star_planner:/home/rover/amir_basic_ws/install/nav2_smac_planner:/home/rover/amir_basic_ws/install/nav2_rotation_shim_controller:/home/rover/amir_basic_ws/install/nav2_regulated_pure_pursuit_controller:/home/rover/amir_basic_ws/install/nav2_planner:/home/rover/amir_basic_ws/install/nav2_navfn_planner:/home/rover/amir_basic_ws/install/nav2_mppi_controller:/home/rover/amir_basic_ws/install/nav2_constrained_smoother:/home/rover/amir_basic_ws/install/nav2_bt_navigator:/home/rover/amir_basic_ws/install/nav2_behaviors:/home/rover/amir_basic_ws/install/nav2_core:/home/rover/amir_basic_ws/install/nav2_collision_monitor:/home/rover/amir_basic_ws/install/costmap_queue:/home/rover/amir_basic_ws/install/nav2_costmap_2d:/home/rover/amir_basic_ws/install/nav2_voxel_grid:/home/rover/amir_basic_ws/install/nav2_velocity_smoother:/home/rover/amir_basic_ws/install/nav2_rviz_plugins:/home/rover/amir_basic_ws/install/nav2_map_server:/home/rover/amir_basic_ws/install/nav2_lifecycle_manager:/home/rover/amir_basic_ws/install/nav2_behavior_tree:/home/rover/amir_basic_ws/install/nav2_amcl:/home/rover/amir_basic_ws/install/nav2_util:/home/rover/amir_basic_ws/install/nav2_msgs:/home/rover/amir_basic_ws/install/nav2_common:/home/rover/amir_basic_ws/install/micro_ros_setup:/home/rover/amir_basic_ws/install/micro_ros_agent:/home/rover/amir_basic_ws/install/micro_ros_msgs:/home/rover/amir_basic_ws/install/image_view:/home/rover/amir_basic_ws/install/image_rotate:/home/rover/amir_basic_ws/install/image_publisher:/home/rover/amir_basic_ws/install/depth_image_proc:/home/rover/amir_basic_ws/install/darknet_ros:/home/rover/amir_basic_ws/install/darknet_ros_msgs:/home/rover/amir_basic_ws/install/behaviortree_cpp:/home/rover/amir_basic_ws/install/amir_interfaces:/home/rover/amir_basic_ws/install/nav2_simple_commander:/home/rover/amir_basic_ws/install/camera_calibration:/opt/ros/humble LD_LIBRARY_PATH=/home/rover/kameyama_ws/install/my_nav_msgs/lib:/home/rover/kameyama_ws/install/behavior_tree_msgs/lib:${LD_LIBRARY_PATH} PYTHONPATH=/home/rover/kameyama_ws/install/my_nav_msgs/local/lib/python3.10/dist-packages:/home/rover/kameyama_ws/install/behavior_tree_msgs/local/lib/python3.10/dist-packages:${PYTHONPATH} /usr/bin/cmake --build /home/rover/kameyama_ws/build/failure_detection_msgs -- -j12 -l12
[5.584s] Invoking command in '/home/rover/kameyama_ws/build/failure_detection_msgs': AMENT_PREFIX_PATH=/home/rover/kameyama_ws/install/my_nav_msgs:/home/rover/kameyama_ws/install/behavior_tree_msgs:${AMENT_PREFIX_PATH} CMAKE_PREFIX_PATH=/home/rover/kameyama_ws/install/my_nav_msgs:/home/rover/kameyama_ws/install/behavior_tree_msgs:/home/rover/amir_basic_ws/install/image_pipeline:/home/rover/amir_basic_ws/install/stereo_image_proc:/home/rover/amir_basic_ws/install/image_proc:/home/rover/amir_basic_ws/install/tracetools_image_pipeline:/home/rover/amir_basic_ws/install/nav2_system_tests:/home/rover/amir_basic_ws/install/nav2_bringup:/home/rover/amir_basic_ws/install/navigation2:/home/rover/amir_basic_ws/install/nav2_smoother:/home/rover/amir_basic_ws/install/nav2_graceful_controller:/home/rover/amir_basic_ws/install/nav2_dwb_controller:/home/rover/amir_basic_ws/install/nav2_controller:/home/rover/amir_basic_ws/install/dwb_plugins:/home/rover/amir_basic_ws/install/dwb_critics:/home/rover/amir_basic_ws/install/dwb_core:/home/rover/amir_basic_ws/install/nav_2d_utils:/home/rover/amir_basic_ws/install/dwb_msgs:/home/rover/amir_basic_ws/install/nav_2d_msgs:/home/rover/amir_basic_ws/install/nav2_waypoint_follower:/home/rover/amir_basic_ws/install/nav2_theta_star_planner:/home/rover/amir_basic_ws/install/nav2_smac_planner:/home/rover/amir_basic_ws/install/nav2_rotation_shim_controller:/home/rover/amir_basic_ws/install/nav2_regulated_pure_pursuit_controller:/home/rover/amir_basic_ws/install/nav2_planner:/home/rover/amir_basic_ws/install/nav2_navfn_planner:/home/rover/amir_basic_ws/install/nav2_mppi_controller:/home/rover/amir_basic_ws/install/nav2_constrained_smoother:/home/rover/amir_basic_ws/install/nav2_bt_navigator:/home/rover/amir_basic_ws/install/nav2_behaviors:/home/rover/amir_basic_ws/install/nav2_core:/home/rover/amir_basic_ws/install/nav2_collision_monitor:/home/rover/amir_basic_ws/install/costmap_queue:/home/rover/amir_basic_ws/install/nav2_costmap_2d:/home/rover/amir_basic_ws/install/nav2_voxel_grid:/home/rover/amir_basic_ws/install/nav2_velocity_smoother:/home/rover/amir_basic_ws/install/nav2_rviz_plugins:/home/rover/amir_basic_ws/install/nav2_map_server:/home/rover/amir_basic_ws/install/nav2_lifecycle_manager:/home/rover/amir_basic_ws/install/nav2_behavior_tree:/home/rover/amir_basic_ws/install/nav2_amcl:/home/rover/amir_basic_ws/install/nav2_util:/home/rover/amir_basic_ws/install/nav2_msgs:/home/rover/amir_basic_ws/install/nav2_common:/home/rover/amir_basic_ws/install/micro_ros_setup:/home/rover/amir_basic_ws/install/micro_ros_agent:/home/rover/amir_basic_ws/install/micro_ros_msgs:/home/rover/amir_basic_ws/install/image_view:/home/rover/amir_basic_ws/install/image_rotate:/home/rover/amir_basic_ws/install/image_publisher:/home/rover/amir_basic_ws/install/depth_image_proc:/home/rover/amir_basic_ws/install/darknet_ros:/home/rover/amir_basic_ws/install/darknet_ros_msgs:/home/rover/amir_basic_ws/install/behaviortree_cpp:/home/rover/amir_basic_ws/install/amir_interfaces:/home/rover/amir_basic_ws/install/nav2_simple_commander:/home/rover/amir_basic_ws/install/camera_calibration:/opt/ros/humble LD_LIBRARY_PATH=/home/rover/kameyama_ws/install/my_nav_msgs/lib:/home/rover/kameyama_ws/install/behavior_tree_msgs/lib:${LD_LIBRARY_PATH} PYTHONPATH=/home/rover/kameyama_ws/install/my_nav_msgs/local/lib/python3.10/dist-packages:/home/rover/kameyama_ws/install/behavior_tree_msgs/local/lib/python3.10/dist-packages:${PYTHONPATH} /usr/bin/cmake --install /home/rover/kameyama_ws/build/failure_detection_msgs
[5.598s] -- Install configuration: ""
[5.599s] -- Execute custom install script
[5.600s] -- Up-to-date symlink: /home/rover/kameyama_ws/install/failure_detection_msgs/share/ament_index/resource_index/rosidl_interfaces/failure_detection_msgs
[5.600s] -- Up-to-date symlink: /home/rover/kameyama_ws/install/failure_detection_msgs/include/failure_detection_msgs/failure_detection_msgs/action/analysys.h
[5.600s] -- Up-to-date symlink: /home/rover/kameyama_ws/install/failure_detection_msgs/include/failure_detection_msgs/failure_detection_msgs/action/detail/analysys__functions.h
[5.601s] -- Up-to-date symlink: /home/rover/kameyama_ws/install/failure_detection_msgs/include/failure_detection_msgs/failure_detection_msgs/action/detail/analysys__struct.h
[5.601s] -- Up-to-date symlink: /home/rover/kameyama_ws/install/failure_detection_msgs/include/failure_detection_msgs/failure_detection_msgs/action/detail/analysys__type_support.h
[5.602s] -- Up-to-date symlink: /home/rover/kameyama_ws/install/failure_detection_msgs/include/failure_detection_msgs/failure_detection_msgs/msg/detail/solution__functions.h
[5.602s] -- Up-to-date symlink: /home/rover/kameyama_ws/install/failure_detection_msgs/include/failure_detection_msgs/failure_detection_msgs/msg/detail/solution__struct.h
[5.602s] -- Up-to-date symlink: /home/rover/kameyama_ws/install/failure_detection_msgs/include/failure_detection_msgs/failure_detection_msgs/msg/detail/solution__type_support.h
[5.603s] -- Up-to-date symlink: /home/rover/kameyama_ws/install/failure_detection_msgs/include/failure_detection_msgs/failure_detection_msgs/msg/rosidl_generator_c__visibility_control.h
[5.603s] -- Up-to-date symlink: /home/rover/kameyama_ws/install/failure_detection_msgs/include/failure_detection_msgs/failure_detection_msgs/msg/solution.h
[5.603s] -- Up-to-date symlink: /home/rover/kameyama_ws/install/failure_detection_msgs/include/failure_detection_msgs/failure_detection_msgs/srv/after_pick.h
[5.604s] -- Up-to-date symlink: /home/rover/kameyama_ws/install/failure_detection_msgs/include/failure_detection_msgs/failure_detection_msgs/srv/before_pick.h
[5.604s] -- Up-to-date symlink: /home/rover/kameyama_ws/install/failure_detection_msgs/include/failure_detection_msgs/failure_detection_msgs/srv/detail/after_pick__functions.h
[5.604s] -- Up-to-date symlink: /home/rover/kameyama_ws/install/failure_detection_msgs/include/failure_detection_msgs/failure_detection_msgs/srv/detail/after_pick__struct.h
[5.605s] -- Up-to-date symlink: /home/rover/kameyama_ws/install/failure_detection_msgs/include/failure_detection_msgs/failure_detection_msgs/srv/detail/after_pick__type_support.h
[5.605s] -- Up-to-date symlink: /home/rover/kameyama_ws/install/failure_detection_msgs/include/failure_detection_msgs/failure_detection_msgs/srv/detail/before_pick__functions.h
[5.606s] -- Up-to-date symlink: /home/rover/kameyama_ws/install/failure_detection_msgs/include/failure_detection_msgs/failure_detection_msgs/srv/detail/before_pick__struct.h
[5.606s] -- Up-to-date symlink: /home/rover/kameyama_ws/install/failure_detection_msgs/include/failure_detection_msgs/failure_detection_msgs/srv/detail/before_pick__type_support.h
[5.606s] -- Up-to-date symlink: /home/rover/kameyama_ws/install/failure_detection_msgs/include/failure_detection_msgs/failure_detection_msgs/srv/detail/path_check__functions.h
[5.607s] -- Up-to-date symlink: /home/rover/kameyama_ws/install/failure_detection_msgs/include/failure_detection_msgs/failure_detection_msgs/srv/detail/path_check__struct.h
[5.607s] -- Up-to-date symlink: /home/rover/kameyama_ws/install/failure_detection_msgs/include/failure_detection_msgs/failure_detection_msgs/srv/detail/path_check__type_support.h
[5.608s] -- Up-to-date symlink: /home/rover/kameyama_ws/install/failure_detection_msgs/include/failure_detection_msgs/failure_detection_msgs/srv/path_check.h
[5.608s] -- Up-to-date symlink: /home/rover/kameyama_ws/install/failure_detection_msgs/share/failure_detection_msgs/environment/library_path.sh
[5.609s] -- Up-to-date symlink: /home/rover/kameyama_ws/install/failure_detection_msgs/share/failure_detection_msgs/environment/library_path.dsv
[5.609s] -- Up-to-date symlink: /home/rover/kameyama_ws/install/failure_detection_msgs/include/failure_detection_msgs/failure_detection_msgs/action/detail/analysys__rosidl_typesupport_fastrtps_c.h
[5.610s] -- Up-to-date symlink: /home/rover/kameyama_ws/install/failure_detection_msgs/include/failure_detection_msgs/failure_detection_msgs/msg/detail/solution__rosidl_typesupport_fastrtps_c.h
[5.610s] -- Up-to-date symlink: /home/rover/kameyama_ws/install/failure_detection_msgs/include/failure_detection_msgs/failure_detection_msgs/msg/rosidl_typesupport_fastrtps_c__visibility_control.h
[5.610s] -- Up-to-date symlink: /home/rover/kameyama_ws/install/failure_detection_msgs/include/failure_detection_msgs/failure_detection_msgs/srv/detail/after_pick__rosidl_typesupport_fastrtps_c.h
[5.611s] -- Up-to-date symlink: /home/rover/kameyama_ws/install/failure_detection_msgs/include/failure_detection_msgs/failure_detection_msgs/srv/detail/before_pick__rosidl_typesupport_fastrtps_c.h
[5.612s] -- Up-to-date symlink: /home/rover/kameyama_ws/install/failure_detection_msgs/include/failure_detection_msgs/failure_detection_msgs/srv/detail/path_check__rosidl_typesupport_fastrtps_c.h
[5.612s] -- Up-to-date symlink: /home/rover/kameyama_ws/install/failure_detection_msgs/include/failure_detection_msgs/failure_detection_msgs/action/detail/analysys__rosidl_typesupport_introspection_c.h
[5.612s] -- Up-to-date symlink: /home/rover/kameyama_ws/install/failure_detection_msgs/include/failure_detection_msgs/failure_detection_msgs/msg/detail/solution__rosidl_typesupport_introspection_c.h
[5.613s] -- Up-to-date symlink: /home/rover/kameyama_ws/install/failure_detection_msgs/include/failure_detection_msgs/failure_detection_msgs/msg/rosidl_typesupport_introspection_c__visibility_control.h
[5.613s] -- Up-to-date symlink: /home/rover/kameyama_ws/install/failure_detection_msgs/include/failure_detection_msgs/failure_detection_msgs/srv/detail/after_pick__rosidl_typesupport_introspection_c.h
[5.614s] -- Up-to-date symlink: /home/rover/kameyama_ws/install/failure_detection_msgs/include/failure_detection_msgs/failure_detection_msgs/srv/detail/before_pick__rosidl_typesupport_introspection_c.h
[5.614s] -- Up-to-date symlink: /home/rover/kameyama_ws/install/failure_detection_msgs/include/failure_detection_msgs/failure_detection_msgs/srv/detail/path_check__rosidl_typesupport_introspection_c.h
[5.615s] -- Up-to-date symlink: /home/rover/kameyama_ws/install/failure_detection_msgs/include/failure_detection_msgs/failure_detection_msgs/action/analysys.hpp
[5.615s] -- Up-to-date symlink: /home/rover/kameyama_ws/install/failure_detection_msgs/include/failure_detection_msgs/failure_detection_msgs/action/detail/analysys__builder.hpp
[5.615s] -- Up-to-date symlink: /home/rover/kameyama_ws/install/failure_detection_msgs/include/failure_detection_msgs/failure_detection_msgs/action/detail/analysys__struct.hpp
[5.616s] -- Up-to-date symlink: /home/rover/kameyama_ws/install/failure_detection_msgs/include/failure_detection_msgs/failure_detection_msgs/action/detail/analysys__traits.hpp
[5.616s] -- Up-to-date symlink: /home/rover/kameyama_ws/install/failure_detection_msgs/include/failure_detection_msgs/failure_detection_msgs/action/detail/analysys__type_support.hpp
[5.617s] -- Up-to-date symlink: /home/rover/kameyama_ws/install/failure_detection_msgs/include/failure_detection_msgs/failure_detection_msgs/msg/detail/solution__builder.hpp
[5.617s] -- Up-to-date symlink: /home/rover/kameyama_ws/install/failure_detection_msgs/include/failure_detection_msgs/failure_detection_msgs/msg/detail/solution__struct.hpp
[5.617s] -- Up-to-date symlink: /home/rover/kameyama_ws/install/failure_detection_msgs/include/failure_detection_msgs/failure_detection_msgs/msg/detail/solution__traits.hpp
[5.618s] -- Up-to-date symlink: /home/rover/kameyama_ws/install/failure_detection_msgs/include/failure_detection_msgs/failure_detection_msgs/msg/detail/solution__type_support.hpp
[5.618s] -- Up-to-date symlink: /home/rover/kameyama_ws/install/failure_detection_msgs/include/failure_detection_msgs/failure_detection_msgs/msg/rosidl_generator_cpp__visibility_control.hpp
[5.618s] -- Up-to-date symlink: /home/rover/kameyama_ws/install/failure_detection_msgs/include/failure_detection_msgs/failure_detection_msgs/msg/solution.hpp
[5.619s] -- Up-to-date symlink: /home/rover/kameyama_ws/install/failure_detection_msgs/include/failure_detection_msgs/failure_detection_msgs/srv/after_pick.hpp
[5.619s] -- Up-to-date symlink: /home/rover/kameyama_ws/install/failure_detection_msgs/include/failure_detection_msgs/failure_detection_msgs/srv/before_pick.hpp
[5.619s] -- Up-to-date symlink: /home/rover/kameyama_ws/install/failure_detection_msgs/include/failure_detection_msgs/failure_detection_msgs/srv/detail/after_pick__builder.hpp
[5.620s] -- Up-to-date symlink: /home/rover/kameyama_ws/install/failure_detection_msgs/include/failure_detection_msgs/failure_detection_msgs/srv/detail/after_pick__struct.hpp
[5.620s] -- Up-to-date symlink: /home/rover/kameyama_ws/install/failure_detection_msgs/include/failure_detection_msgs/failure_detection_msgs/srv/detail/after_pick__traits.hpp
[5.620s] -- Up-to-date symlink: /home/rover/kameyama_ws/install/failure_detection_msgs/include/failure_detection_msgs/failure_detection_msgs/srv/detail/after_pick__type_support.hpp
[5.621s] -- Up-to-date symlink: /home/rover/kameyama_ws/install/failure_detection_msgs/include/failure_detection_msgs/failure_detection_msgs/srv/detail/before_pick__builder.hpp
[5.621s] -- Up-to-date symlink: /home/rover/kameyama_ws/install/failure_detection_msgs/include/failure_detection_msgs/failure_detection_msgs/srv/detail/before_pick__struct.hpp
[5.621s] -- Up-to-date symlink: /home/rover/kameyama_ws/install/failure_detection_msgs/include/failure_detection_msgs/failure_detection_msgs/srv/detail/before_pick__traits.hpp
[5.622s] -- Up-to-date symlink: /home/rover/kameyama_ws/install/failure_detection_msgs/include/failure_detection_msgs/failure_detection_msgs/srv/detail/before_pick__type_support.hpp
[5.622s] -- Up-to-date symlink: /home/rover/kameyama_ws/install/failure_detection_msgs/include/failure_detection_msgs/failure_detection_msgs/srv/detail/path_check__builder.hpp
[5.622s] -- Up-to-date symlink: /home/rover/kameyama_ws/install/failure_detection_msgs/include/failure_detection_msgs/failure_detection_msgs/srv/detail/path_check__struct.hpp
[5.623s] -- Up-to-date symlink: /home/rover/kameyama_ws/install/failure_detection_msgs/include/failure_detection_msgs/failure_detection_msgs/srv/detail/path_check__traits.hpp
[5.623s] -- Up-to-date symlink: /home/rover/kameyama_ws/install/failure_detection_msgs/include/failure_detection_msgs/failure_detection_msgs/srv/detail/path_check__type_support.hpp
[5.624s] -- Up-to-date symlink: /home/rover/kameyama_ws/install/failure_detection_msgs/include/failure_detection_msgs/failure_detection_msgs/srv/path_check.hpp
[5.625s] -- Up-to-date symlink: /home/rover/kameyama_ws/install/failure_detection_msgs/include/failure_detection_msgs/failure_detection_msgs/action/detail/analysys__rosidl_typesupport_fastrtps_cpp.hpp
[5.625s] -- Up-to-date symlink: /home/rover/kameyama_ws/install/failure_detection_msgs/include/failure_detection_msgs/failure_detection_msgs/msg/detail/solution__rosidl_typesupport_fastrtps_cpp.hpp
[5.626s] -- Up-to-date symlink: /home/rover/kameyama_ws/install/failure_detection_msgs/include/failure_detection_msgs/failure_detection_msgs/msg/rosidl_typesupport_fastrtps_cpp__visibility_control.h
[5.626s] -- Up-to-date symlink: /home/rover/kameyama_ws/install/failure_detection_msgs/include/failure_detection_msgs/failure_detection_msgs/srv/detail/after_pick__rosidl_typesupport_fastrtps_cpp.hpp
[5.626s] -- Up-to-date symlink: /home/rover/kameyama_ws/install/failure_detection_msgs/include/failure_detection_msgs/failure_detection_msgs/srv/detail/before_pick__rosidl_typesupport_fastrtps_cpp.hpp
[5.627s] -- Up-to-date symlink: /home/rover/kameyama_ws/install/failure_detection_msgs/include/failure_detection_msgs/failure_detection_msgs/srv/detail/path_check__rosidl_typesupport_fastrtps_cpp.hpp
[5.627s] -- Up-to-date symlink: /home/rover/kameyama_ws/install/failure_detection_msgs/include/failure_detection_msgs/failure_detection_msgs/action/detail/analysys__rosidl_typesupport_introspection_cpp.hpp
[5.628s] -- Up-to-date symlink: /home/rover/kameyama_ws/install/failure_detection_msgs/include/failure_detection_msgs/failure_detection_msgs/msg/detail/solution__rosidl_typesupport_introspection_cpp.hpp
[5.628s] -- Up-to-date symlink: /home/rover/kameyama_ws/install/failure_detection_msgs/include/failure_detection_msgs/failure_detection_msgs/srv/detail/after_pick__rosidl_typesupport_introspection_cpp.hpp
[5.629s] -- Up-to-date symlink: /home/rover/kameyama_ws/install/failure_detection_msgs/include/failure_detection_msgs/failure_detection_msgs/srv/detail/before_pick__rosidl_typesupport_introspection_cpp.hpp
[5.629s] -- Up-to-date symlink: /home/rover/kameyama_ws/install/failure_detection_msgs/include/failure_detection_msgs/failure_detection_msgs/srv/detail/path_check__rosidl_typesupport_introspection_cpp.hpp
[5.629s] -- Up-to-date symlink: /home/rover/kameyama_ws/install/failure_detection_msgs/share/failure_detection_msgs/environment/pythonpath.sh
[5.630s] -- Up-to-date symlink: /home/rover/kameyama_ws/install/failure_detection_msgs/share/failure_detection_msgs/environment/pythonpath.dsv
[5.630s] -- Up-to-date symlink: /home/rover/kameyama_ws/install/failure_detection_msgs/local/lib/python3.10/dist-packages/failure_detection_msgs-0.0.0-py3.10.egg-info/PKG-INFO
[5.630s] -- Up-to-date symlink: /home/rover/kameyama_ws/install/failure_detection_msgs/local/lib/python3.10/dist-packages/failure_detection_msgs-0.0.0-py3.10.egg-info/SOURCES.txt
[5.631s] -- Up-to-date symlink: /home/rover/kameyama_ws/install/failure_detection_msgs/local/lib/python3.10/dist-packages/failure_detection_msgs-0.0.0-py3.10.egg-info/dependency_links.txt
[5.632s] -- Up-to-date symlink: /home/rover/kameyama_ws/install/failure_detection_msgs/local/lib/python3.10/dist-packages/failure_detection_msgs-0.0.0-py3.10.egg-info/top_level.txt
[5.632s] -- Up-to-date symlink: /home/rover/kameyama_ws/install/failure_detection_msgs/local/lib/python3.10/dist-packages/failure_detection_msgs/__init__.py
[5.633s] -- Up-to-date symlink: /home/rover/kameyama_ws/install/failure_detection_msgs/local/lib/python3.10/dist-packages/failure_detection_msgs/_failure_detection_msgs_s.ep.rosidl_typesupport_c.c
[5.633s] -- Up-to-date symlink: /home/rover/kameyama_ws/install/failure_detection_msgs/local/lib/python3.10/dist-packages/failure_detection_msgs/_failure_detection_msgs_s.ep.rosidl_typesupport_fastrtps_c.c
[5.634s] -- Up-to-date symlink: /home/rover/kameyama_ws/install/failure_detection_msgs/local/lib/python3.10/dist-packages/failure_detection_msgs/_failure_detection_msgs_s.ep.rosidl_typesupport_introspection_c.c
[5.634s] -- Up-to-date symlink: /home/rover/kameyama_ws/install/failure_detection_msgs/local/lib/python3.10/dist-packages/failure_detection_msgs/action/__init__.py
[5.634s] -- Up-to-date symlink: /home/rover/kameyama_ws/install/failure_detection_msgs/local/lib/python3.10/dist-packages/failure_detection_msgs/action/_analysys.py
[5.634s] -- Up-to-date symlink: /home/rover/kameyama_ws/install/failure_detection_msgs/local/lib/python3.10/dist-packages/failure_detection_msgs/action/_analysys_s.c
[5.635s] -- Up-to-date symlink: /home/rover/kameyama_ws/install/failure_detection_msgs/local/lib/python3.10/dist-packages/failure_detection_msgs/failure_detection_msgs_s__rosidl_typesupport_c.cpython-310-x86_64-linux-gnu.so
[5.635s] -- Up-to-date symlink: /home/rover/kameyama_ws/install/failure_detection_msgs/local/lib/python3.10/dist-packages/failure_detection_msgs/failure_detection_msgs_s__rosidl_typesupport_fastrtps_c.cpython-310-x86_64-linux-gnu.so
[5.636s] -- Up-to-date symlink: /home/rover/kameyama_ws/install/failure_detection_msgs/local/lib/python3.10/dist-packages/failure_detection_msgs/failure_detection_msgs_s__rosidl_typesupport_introspection_c.cpython-310-x86_64-linux-gnu.so
[5.636s] -- Up-to-date symlink: /home/rover/kameyama_ws/install/failure_detection_msgs/local/lib/python3.10/dist-packages/failure_detection_msgs/libfailure_detection_msgs__rosidl_generator_py.so
[5.636s] -- Up-to-date symlink: /home/rover/kameyama_ws/install/failure_detection_msgs/local/lib/python3.10/dist-packages/failure_detection_msgs/msg/__init__.py
[5.637s] -- Up-to-date symlink: /home/rover/kameyama_ws/install/failure_detection_msgs/local/lib/python3.10/dist-packages/failure_detection_msgs/msg/_solution.py
[5.637s] -- Up-to-date symlink: /home/rover/kameyama_ws/install/failure_detection_msgs/local/lib/python3.10/dist-packages/failure_detection_msgs/msg/_solution_s.c
[5.637s] -- Up-to-date symlink: /home/rover/kameyama_ws/install/failure_detection_msgs/local/lib/python3.10/dist-packages/failure_detection_msgs/srv/__init__.py
[5.638s] -- Up-to-date symlink: /home/rover/kameyama_ws/install/failure_detection_msgs/local/lib/python3.10/dist-packages/failure_detection_msgs/srv/_after_pick.py
[5.638s] -- Up-to-date symlink: /home/rover/kameyama_ws/install/failure_detection_msgs/local/lib/python3.10/dist-packages/failure_detection_msgs/srv/_after_pick_s.c
[5.639s] -- Up-to-date symlink: /home/rover/kameyama_ws/install/failure_detection_msgs/local/lib/python3.10/dist-packages/failure_detection_msgs/srv/_before_pick.py
[5.639s] -- Up-to-date symlink: /home/rover/kameyama_ws/install/failure_detection_msgs/local/lib/python3.10/dist-packages/failure_detection_msgs/srv/_before_pick_s.c
[5.639s] -- Up-to-date symlink: /home/rover/kameyama_ws/install/failure_detection_msgs/local/lib/python3.10/dist-packages/failure_detection_msgs/srv/_path_check.py
[5.640s] -- Up-to-date symlink: /home/rover/kameyama_ws/install/failure_detection_msgs/local/lib/python3.10/dist-packages/failure_detection_msgs/srv/_path_check_s.c
[5.640s] -- Up-to-date symlink: /home/rover/kameyama_ws/install/failure_detection_msgs/local/lib/python3.10/dist-packages/failure_detection_msgs/failure_detection_msgs_s__rosidl_typesupport_fastrtps_c.cpython-310-x86_64-linux-gnu.so
[5.641s] -- Up-to-date symlink: /home/rover/kameyama_ws/install/failure_detection_msgs/local/lib/python3.10/dist-packages/failure_detection_msgs/failure_detection_msgs_s__rosidl_typesupport_introspection_c.cpython-310-x86_64-linux-gnu.so
[5.641s] -- Up-to-date symlink: /home/rover/kameyama_ws/install/failure_detection_msgs/local/lib/python3.10/dist-packages/failure_detection_msgs/failure_detection_msgs_s__rosidl_typesupport_c.cpython-310-x86_64-linux-gnu.so
[5.642s] -- Up-to-date symlink: /home/rover/kameyama_ws/install/failure_detection_msgs/share/failure_detection_msgs/msg/Solution.idl
[5.642s] -- Up-to-date symlink: /home/rover/kameyama_ws/install/failure_detection_msgs/share/failure_detection_msgs/action/Analysys.idl
[5.642s] -- Up-to-date symlink: /home/rover/kameyama_ws/install/failure_detection_msgs/share/failure_detection_msgs/srv/PathCheck.idl
[5.643s] -- Up-to-date symlink: /home/rover/kameyama_ws/install/failure_detection_msgs/share/failure_detection_msgs/srv/BeforePick.idl
[5.643s] -- Up-to-date symlink: /home/rover/kameyama_ws/install/failure_detection_msgs/share/failure_detection_msgs/srv/AfterPick.idl
[5.643s] -- Up-to-date symlink: /home/rover/kameyama_ws/install/failure_detection_msgs/share/failure_detection_msgs/msg/Solution.msg
[5.644s] -- Up-to-date symlink: /home/rover/kameyama_ws/install/failure_detection_msgs/share/failure_detection_msgs/action/Analysys.action
[5.644s] -- Up-to-date symlink: /home/rover/kameyama_ws/install/failure_detection_msgs/share/failure_detection_msgs/srv/PathCheck.srv
[5.645s] -- Up-to-date symlink: /home/rover/kameyama_ws/install/failure_detection_msgs/share/failure_detection_msgs/srv/PathCheck_Request.msg
[5.645s] -- Up-to-date symlink: /home/rover/kameyama_ws/install/failure_detection_msgs/share/failure_detection_msgs/srv/PathCheck_Response.msg
[5.646s] -- Up-to-date symlink: /home/rover/kameyama_ws/install/failure_detection_msgs/share/failure_detection_msgs/srv/BeforePick.srv
[5.646s] -- Up-to-date symlink: /home/rover/kameyama_ws/install/failure_detection_msgs/share/failure_detection_msgs/srv/BeforePick_Request.msg
[5.646s] -- Up-to-date symlink: /home/rover/kameyama_ws/install/failure_detection_msgs/share/failure_detection_msgs/srv/BeforePick_Response.msg
[5.647s] -- Up-to-date symlink: /home/rover/kameyama_ws/install/failure_detection_msgs/share/failure_detection_msgs/srv/AfterPick.srv
[5.647s] -- Up-to-date symlink: /home/rover/kameyama_ws/install/failure_detection_msgs/share/failure_detection_msgs/srv/AfterPick_Request.msg
[5.648s] -- Up-to-date symlink: /home/rover/kameyama_ws/install/failure_detection_msgs/share/failure_detection_msgs/srv/AfterPick_Response.msg
[5.648s] -- Up-to-date symlink: /home/rover/kameyama_ws/install/failure_detection_msgs/share/ament_index/resource_index/package_run_dependencies/failure_detection_msgs
[5.648s] -- Up-to-date symlink: /home/rover/kameyama_ws/install/failure_detection_msgs/share/ament_index/resource_index/parent_prefix_path/failure_detection_msgs
[5.649s] -- Up-to-date symlink: /home/rover/kameyama_ws/install/failure_detection_msgs/share/failure_detection_msgs/environment/ament_prefix_path.sh
[5.649s] -- Up-to-date symlink: /home/rover/kameyama_ws/install/failure_detection_msgs/share/failure_detection_msgs/environment/ament_prefix_path.dsv
[5.649s] -- Up-to-date symlink: /home/rover/kameyama_ws/install/failure_detection_msgs/share/failure_detection_msgs/environment/path.sh
[5.650s] -- Up-to-date symlink: /home/rover/kameyama_ws/install/failure_detection_msgs/share/failure_detection_msgs/environment/path.dsv
[5.650s] -- Up-to-date symlink: /home/rover/kameyama_ws/install/failure_detection_msgs/share/failure_detection_msgs/local_setup.bash
[5.651s] -- Up-to-date symlink: /home/rover/kameyama_ws/install/failure_detection_msgs/share/failure_detection_msgs/local_setup.sh
[5.651s] -- Up-to-date symlink: /home/rover/kameyama_ws/install/failure_detection_msgs/share/failure_detection_msgs/local_setup.zsh
[5.651s] -- Up-to-date symlink: /home/rover/kameyama_ws/install/failure_detection_msgs/share/failure_detection_msgs/local_setup.dsv
[5.652s] -- Symlinking: /home/rover/kameyama_ws/install/failure_detection_msgs/share/failure_detection_msgs/package.dsv
[5.669s] -- Up-to-date symlink: /home/rover/kameyama_ws/install/failure_detection_msgs/share/ament_index/resource_index/packages/failure_detection_msgs
[5.669s] -- Up-to-date symlink: /home/rover/kameyama_ws/install/failure_detection_msgs/share/failure_detection_msgs/cmake/rosidl_cmake-extras.cmake
[5.670s] -- Up-to-date symlink: /home/rover/kameyama_ws/install/failure_detection_msgs/share/failure_detection_msgs/cmake/ament_cmake_export_dependencies-extras.cmake
[5.670s] -- Up-to-date symlink: /home/rover/kameyama_ws/install/failure_detection_msgs/share/failure_detection_msgs/cmake/ament_cmake_export_include_directories-extras.cmake
[5.670s] -- Up-to-date symlink: /home/rover/kameyama_ws/install/failure_detection_msgs/share/failure_detection_msgs/cmake/ament_cmake_export_libraries-extras.cmake
[5.671s] -- Up-to-date symlink: /home/rover/kameyama_ws/install/failure_detection_msgs/share/failure_detection_msgs/cmake/ament_cmake_export_targets-extras.cmake
[5.671s] -- Up-to-date symlink: /home/rover/kameyama_ws/install/failure_detection_msgs/share/failure_detection_msgs/cmake/rosidl_cmake_export_typesupport_targets-extras.cmake
[5.672s] -- Up-to-date symlink: /home/rover/kameyama_ws/install/failure_detection_msgs/share/failure_detection_msgs/cmake/rosidl_cmake_export_typesupport_libraries-extras.cmake
[5.672s] -- Up-to-date symlink: /home/rover/kameyama_ws/install/failure_detection_msgs/share/failure_detection_msgs/cmake/failure_detection_msgsConfig.cmake
[5.673s] -- Up-to-date symlink: /home/rover/kameyama_ws/install/failure_detection_msgs/share/failure_detection_msgs/cmake/failure_detection_msgsConfig-version.cmake
[5.674s] -- Up-to-date symlink: /home/rover/kameyama_ws/install/failure_detection_msgs/share/failure_detection_msgs/package.xml
[5.675s] -- Installing: /home/rover/kameyama_ws/install/failure_detection_msgs/lib/libfailure_detection_msgs__rosidl_generator_c.so
[5.675s] -- Set runtime path of "/home/rover/kameyama_ws/install/failure_detection_msgs/lib/libfailure_detection_msgs__rosidl_generator_c.so" to ""
[5.676s] -- Installing: /home/rover/kameyama_ws/install/failure_detection_msgs/lib/libfailure_detection_msgs__rosidl_typesupport_fastrtps_c.so
[5.677s] -- Set runtime path of "/home/rover/kameyama_ws/install/failure_detection_msgs/lib/libfailure_detection_msgs__rosidl_typesupport_fastrtps_c.so" to ""
[5.678s] -- Installing: /home/rover/kameyama_ws/install/failure_detection_msgs/lib/libfailure_detection_msgs__rosidl_typesupport_introspection_c.so
[5.678s] -- Set runtime path of "/home/rover/kameyama_ws/install/failure_detection_msgs/lib/libfailure_detection_msgs__rosidl_typesupport_introspection_c.so" to ""
[5.679s] -- Installing: /home/rover/kameyama_ws/install/failure_detection_msgs/lib/libfailure_detection_msgs__rosidl_typesupport_c.so
[5.679s] -- Set runtime path of "/home/rover/kameyama_ws/install/failure_detection_msgs/lib/libfailure_detection_msgs__rosidl_typesupport_c.so" to ""
[5.680s] -- Installing: /home/rover/kameyama_ws/install/failure_detection_msgs/lib/libfailure_detection_msgs__rosidl_typesupport_fastrtps_cpp.so
[5.681s] -- Set runtime path of "/home/rover/kameyama_ws/install/failure_detection_msgs/lib/libfailure_detection_msgs__rosidl_typesupport_fastrtps_cpp.so" to ""
[5.682s] -- Installing: /home/rover/kameyama_ws/install/failure_detection_msgs/lib/libfailure_detection_msgs__rosidl_typesupport_introspection_cpp.so
[5.683s] -- Set runtime path of "/home/rover/kameyama_ws/install/failure_detection_msgs/lib/libfailure_detection_msgs__rosidl_typesupport_introspection_cpp.so" to ""
[5.685s] -- Installing: /home/rover/kameyama_ws/install/failure_detection_msgs/lib/libfailure_detection_msgs__rosidl_typesupport_cpp.so
[5.685s] -- Set runtime path of "/home/rover/kameyama_ws/install/failure_detection_msgs/lib/libfailure_detection_msgs__rosidl_typesupport_cpp.so" to ""
[5.744s] Listing '/home/rover/kameyama_ws/install/failure_detection_msgs/local/lib/python3.10/dist-packages/failure_detection_msgs'...
[5.745s] Listing '/home/rover/kameyama_ws/install/failure_detection_msgs/local/lib/python3.10/dist-packages/failure_detection_msgs/action'...
[5.745s] Compiling '/home/rover/kameyama_ws/install/failure_detection_msgs/local/lib/python3.10/dist-packages/failure_detection_msgs/action/__init__.py'...
[5.745s] Compiling '/home/rover/kameyama_ws/install/failure_detection_msgs/local/lib/python3.10/dist-packages/failure_detection_msgs/action/_analysys.py'...
[5.745s] Listing '/home/rover/kameyama_ws/install/failure_detection_msgs/local/lib/python3.10/dist-packages/failure_detection_msgs/msg'...
[5.745s] Compiling '/home/rover/kameyama_ws/install/failure_detection_msgs/local/lib/python3.10/dist-packages/failure_detection_msgs/msg/__init__.py'...
[5.745s] Compiling '/home/rover/kameyama_ws/install/failure_detection_msgs/local/lib/python3.10/dist-packages/failure_detection_msgs/msg/_solution.py'...
[5.745s] Listing '/home/rover/kameyama_ws/install/failure_detection_msgs/local/lib/python3.10/dist-packages/failure_detection_msgs/srv'...
[5.745s] Compiling '/home/rover/kameyama_ws/install/failure_detection_msgs/local/lib/python3.10/dist-packages/failure_detection_msgs/srv/__init__.py'...
[5.745s] Compiling '/home/rover/kameyama_ws/install/failure_detection_msgs/local/lib/python3.10/dist-packages/failure_detection_msgs/srv/_after_pick.py'...
[5.745s] Compiling '/home/rover/kameyama_ws/install/failure_detection_msgs/local/lib/python3.10/dist-packages/failure_detection_msgs/srv/_before_pick.py'...
[5.745s] Compiling '/home/rover/kameyama_ws/install/failure_detection_msgs/local/lib/python3.10/dist-packages/failure_detection_msgs/srv/_path_check.py'...
[5.750s] -- Installing: /home/rover/kameyama_ws/install/failure_detection_msgs/lib/libfailure_detection_msgs__rosidl_generator_py.so
[5.751s] -- Set runtime path of "/home/rover/kameyama_ws/install/failure_detection_msgs/lib/libfailure_detection_msgs__rosidl_generator_py.so" to ""
[5.751s] -- Up-to-date: /home/rover/kameyama_ws/install/failure_detection_msgs/share/failure_detection_msgs/cmake/export_failure_detection_msgs__rosidl_generator_cExport.cmake
[5.751s] -- Up-to-date: /home/rover/kameyama_ws/install/failure_detection_msgs/share/failure_detection_msgs/cmake/export_failure_detection_msgs__rosidl_generator_cExport-noconfig.cmake
[5.752s] -- Up-to-date: /home/rover/kameyama_ws/install/failure_detection_msgs/share/failure_detection_msgs/cmake/export_failure_detection_msgs__rosidl_typesupport_fastrtps_cExport.cmake
[5.752s] -- Up-to-date: /home/rover/kameyama_ws/install/failure_detection_msgs/share/failure_detection_msgs/cmake/export_failure_detection_msgs__rosidl_typesupport_fastrtps_cExport-noconfig.cmake
[5.752s] -- Up-to-date: /home/rover/kameyama_ws/install/failure_detection_msgs/share/failure_detection_msgs/cmake/failure_detection_msgs__rosidl_typesupport_introspection_cExport.cmake
[5.753s] -- Up-to-date: /home/rover/kameyama_ws/install/failure_detection_msgs/share/failure_detection_msgs/cmake/failure_detection_msgs__rosidl_typesupport_introspection_cExport-noconfig.cmake
[5.753s] -- Up-to-date: /home/rover/kameyama_ws/install/failure_detection_msgs/share/failure_detection_msgs/cmake/failure_detection_msgs__rosidl_typesupport_cExport.cmake
[5.753s] -- Up-to-date: /home/rover/kameyama_ws/install/failure_detection_msgs/share/failure_detection_msgs/cmake/failure_detection_msgs__rosidl_typesupport_cExport-noconfig.cmake
[5.754s] -- Up-to-date: /home/rover/kameyama_ws/install/failure_detection_msgs/share/failure_detection_msgs/cmake/export_failure_detection_msgs__rosidl_generator_cppExport.cmake
[5.754s] -- Up-to-date: /home/rover/kameyama_ws/install/failure_detection_msgs/share/failure_detection_msgs/cmake/export_failure_detection_msgs__rosidl_typesupport_fastrtps_cppExport.cmake
[5.754s] -- Up-to-date: /home/rover/kameyama_ws/install/failure_detection_msgs/share/failure_detection_msgs/cmake/export_failure_detection_msgs__rosidl_typesupport_fastrtps_cppExport-noconfig.cmake
[5.755s] -- Up-to-date: /home/rover/kameyama_ws/install/failure_detection_msgs/share/failure_detection_msgs/cmake/failure_detection_msgs__rosidl_typesupport_introspection_cppExport.cmake
[5.755s] -- Up-to-date: /home/rover/kameyama_ws/install/failure_detection_msgs/share/failure_detection_msgs/cmake/failure_detection_msgs__rosidl_typesupport_introspection_cppExport-noconfig.cmake
[5.756s] -- Up-to-date: /home/rover/kameyama_ws/install/failure_detection_msgs/share/failure_detection_msgs/cmake/failure_detection_msgs__rosidl_typesupport_cppExport.cmake
[5.756s] -- Up-to-date: /home/rover/kameyama_ws/install/failure_detection_msgs/share/failure_detection_msgs/cmake/failure_detection_msgs__rosidl_typesupport_cppExport-noconfig.cmake
[5.756s] -- Up-to-date: /home/rover/kameyama_ws/install/failure_detection_msgs/share/failure_detection_msgs/cmake/export_failure_detection_msgs__rosidl_generator_pyExport.cmake
[5.757s] -- Up-to-date: /home/rover/kameyama_ws/install/failure_detection_msgs/share/failure_detection_msgs/cmake/export_failure_detection_msgs__rosidl_generator_pyExport-noconfig.cmake
[5.760s] Invoked command in '/home/rover/kameyama_ws/build/failure_detection_msgs' returned '0': AMENT_PREFIX_PATH=/home/rover/kameyama_ws/install/my_nav_msgs:/home/rover/kameyama_ws/install/behavior_tree_msgs:${AMENT_PREFIX_PATH} CMAKE_PREFIX_PATH=/home/rover/kameyama_ws/install/my_nav_msgs:/home/rover/kameyama_ws/install/behavior_tree_msgs:/home/rover/amir_basic_ws/install/image_pipeline:/home/rover/amir_basic_ws/install/stereo_image_proc:/home/rover/amir_basic_ws/install/image_proc:/home/rover/amir_basic_ws/install/tracetools_image_pipeline:/home/rover/amir_basic_ws/install/nav2_system_tests:/home/rover/amir_basic_ws/install/nav2_bringup:/home/rover/amir_basic_ws/install/navigation2:/home/rover/amir_basic_ws/install/nav2_smoother:/home/rover/amir_basic_ws/install/nav2_graceful_controller:/home/rover/amir_basic_ws/install/nav2_dwb_controller:/home/rover/amir_basic_ws/install/nav2_controller:/home/rover/amir_basic_ws/install/dwb_plugins:/home/rover/amir_basic_ws/install/dwb_critics:/home/rover/amir_basic_ws/install/dwb_core:/home/rover/amir_basic_ws/install/nav_2d_utils:/home/rover/amir_basic_ws/install/dwb_msgs:/home/rover/amir_basic_ws/install/nav_2d_msgs:/home/rover/amir_basic_ws/install/nav2_waypoint_follower:/home/rover/amir_basic_ws/install/nav2_theta_star_planner:/home/rover/amir_basic_ws/install/nav2_smac_planner:/home/rover/amir_basic_ws/install/nav2_rotation_shim_controller:/home/rover/amir_basic_ws/install/nav2_regulated_pure_pursuit_controller:/home/rover/amir_basic_ws/install/nav2_planner:/home/rover/amir_basic_ws/install/nav2_navfn_planner:/home/rover/amir_basic_ws/install/nav2_mppi_controller:/home/rover/amir_basic_ws/install/nav2_constrained_smoother:/home/rover/amir_basic_ws/install/nav2_bt_navigator:/home/rover/amir_basic_ws/install/nav2_behaviors:/home/rover/amir_basic_ws/install/nav2_core:/home/rover/amir_basic_ws/install/nav2_collision_monitor:/home/rover/amir_basic_ws/install/costmap_queue:/home/rover/amir_basic_ws/install/nav2_costmap_2d:/home/rover/amir_basic_ws/install/nav2_voxel_grid:/home/rover/amir_basic_ws/install/nav2_velocity_smoother:/home/rover/amir_basic_ws/install/nav2_rviz_plugins:/home/rover/amir_basic_ws/install/nav2_map_server:/home/rover/amir_basic_ws/install/nav2_lifecycle_manager:/home/rover/amir_basic_ws/install/nav2_behavior_tree:/home/rover/amir_basic_ws/install/nav2_amcl:/home/rover/amir_basic_ws/install/nav2_util:/home/rover/amir_basic_ws/install/nav2_msgs:/home/rover/amir_basic_ws/install/nav2_common:/home/rover/amir_basic_ws/install/micro_ros_setup:/home/rover/amir_basic_ws/install/micro_ros_agent:/home/rover/amir_basic_ws/install/micro_ros_msgs:/home/rover/amir_basic_ws/install/image_view:/home/rover/amir_basic_ws/install/image_rotate:/home/rover/amir_basic_ws/install/image_publisher:/home/rover/amir_basic_ws/install/depth_image_proc:/home/rover/amir_basic_ws/install/darknet_ros:/home/rover/amir_basic_ws/install/darknet_ros_msgs:/home/rover/amir_basic_ws/install/behaviortree_cpp:/home/rover/amir_basic_ws/install/amir_interfaces:/home/rover/amir_basic_ws/install/nav2_simple_commander:/home/rover/amir_basic_ws/install/camera_calibration:/opt/ros/humble LD_LIBRARY_PATH=/home/rover/kameyama_ws/install/my_nav_msgs/lib:/home/rover/kameyama_ws/install/behavior_tree_msgs/lib:${LD_LIBRARY_PATH} PYTHONPATH=/home/rover/kameyama_ws/install/my_nav_msgs/local/lib/python3.10/dist-packages:/home/rover/kameyama_ws/install/behavior_tree_msgs/local/lib/python3.10/dist-packages:${PYTHONPATH} /usr/bin/cmake --install /home/rover/kameyama_ws/build/failure_detection_msgs
