[0.056s] Invoking command in '/home/rover/kameyama_ws/build/my_nav_msgs': CMAKE_PREFIX_PATH=${CMAKE_PREFIX_PATH}:/home/rover/amir_basic_ws/install/camera_calibration:/opt/ros/humble /usr/bin/cmake --build /home/rover/kameyama_ws/build/my_nav_msgs -- -j12 -l12
[1.425s] -- Found ament_cmake: 1.3.11 (/opt/ros/humble/share/ament_cmake/cmake)
[1.425s] -- Override CMake install command with custom implementation using symlinks instead of copying resources
[1.425s] -- Found builtin_interfaces: 1.2.1 (/opt/ros/humble/share/builtin_interfaces/cmake)
[1.425s] -- Found rosidl_generator_c: 3.1.6 (/opt/ros/humble/share/rosidl_generator_c/cmake)
[1.425s] -- Found rosidl_adapter: 3.1.6 (/opt/ros/humble/share/rosidl_adapter/cmake)
[1.425s] -- Found rosidl_generator_cpp: 3.1.6 (/opt/ros/humble/share/rosidl_generator_cpp/cmake)
[1.425s] -- Using all available rosidl_typesupport_c: rosidl_typesupport_fastrtps_c;rosidl_typesupport_introspection_c
[1.425s] -- Using all available rosidl_typesupport_cpp: rosidl_typesupport_fastrtps_cpp;rosidl_typesupport_introspection_cpp
[1.425s] -- Found rosidl_default_generators: 1.2.0 (/opt/ros/humble/share/rosidl_default_generators/cmake)
[1.425s] -- Found action_msgs: 1.2.1 (/opt/ros/humble/share/action_msgs/cmake)
[1.425s] -- Found std_msgs: 4.2.4 (/opt/ros/humble/share/std_msgs/cmake)
[1.425s] -- Found visualization_msgs: 4.2.4 (/opt/ros/humble/share/visualization_msgs/cmake)
[1.425s] -- Found nav2_msgs: 1.1.18 (/opt/ros/humble/share/nav2_msgs/cmake)
[1.665s] -- Found ament_cmake_ros: 0.10.0 (/opt/ros/humble/share/ament_cmake_ros/cmake)
[2.854s] -- Using all available rosidl_typesupport_c: rosidl_typesupport_fastrtps_c;rosidl_typesupport_introspection_c
[3.165s] -- Using all available rosidl_typesupport_cpp: rosidl_typesupport_fastrtps_cpp;rosidl_typesupport_introspection_cpp
[3.190s] -- Found python_cmake_module: 0.10.0 (/opt/ros/humble/share/python_cmake_module/cmake)
[3.219s] -- Using PYTHON_EXECUTABLE: /usr/bin/python3
[3.219s] -- Using PYTHON_INCLUDE_DIRS: /usr/include/python3.10
[3.219s] -- Using PYTHON_LIBRARIES: /usr/lib/x86_64-linux-gnu/libpython3.10.so
[3.341s] -- Configuring done
[3.412s] -- Generating done
[3.429s] -- Build files have been written to: /home/rover/kameyama_ws/build/my_nav_msgs
[3.483s] [35m[1mConsolidate compiler generated dependencies of target my_nav_msgs__rosidl_generator_c[0m
[3.495s] [  1%] Built target my_nav_msgs__cpp
[3.505s] [  3%] [32mBuilding C object CMakeFiles/my_nav_msgs__rosidl_generator_c.dir/rosidl_generator_c/my_nav_msgs/srv/detail/set_obj_cost__functions.c.o[0m
[3.514s] [  5%] [32mBuilding C object CMakeFiles/my_nav_msgs__rosidl_generator_c.dir/rosidl_generator_c/my_nav_msgs/msg/detail/path_info__functions.c.o[0m
[3.517s] [  7%] [32mBuilding C object CMakeFiles/my_nav_msgs__rosidl_generator_c.dir/rosidl_generator_c/my_nav_msgs/action/detail/compute_multi_path__functions.c.o[0m
[3.517s] [  9%] [32mBuilding C object CMakeFiles/my_nav_msgs__rosidl_generator_c.dir/rosidl_generator_c/my_nav_msgs/msg/detail/path_with_condition__functions.c.o[0m
[3.518s] [  9%] Built target ament_cmake_python_symlink_my_nav_msgs
[3.529s] [35m[1mConsolidate compiler generated dependencies of target my_nav_msgs__rosidl_typesupport_cpp[0m
[3.540s] [35m[1mConsolidate compiler generated dependencies of target my_nav_msgs__rosidl_typesupport_fastrtps_cpp[0m
[3.540s] [35m[1mConsolidate compiler generated dependencies of target my_nav_msgs__rosidl_typesupport_introspection_cpp[0m
[3.558s] [ 10%] [32mBuilding CXX object CMakeFiles/my_nav_msgs__rosidl_typesupport_cpp.dir/rosidl_typesupport_cpp/my_nav_msgs/srv/set_obj_cost__type_support.cpp.o[0m
[3.565s] [ 12%] [32mBuilding CXX object CMakeFiles/my_nav_msgs__rosidl_typesupport_cpp.dir/rosidl_typesupport_cpp/my_nav_msgs/msg/path_with_condition__type_support.cpp.o[0m
[3.566s] [ 14%] [32mBuilding CXX object CMakeFiles/my_nav_msgs__rosidl_typesupport_cpp.dir/rosidl_typesupport_cpp/my_nav_msgs/msg/path_info__type_support.cpp.o[0m
[3.573s] [ 16%] [32mBuilding CXX object CMakeFiles/my_nav_msgs__rosidl_typesupport_cpp.dir/rosidl_typesupport_cpp/my_nav_msgs/action/compute_multi_path__type_support.cpp.o[0m
[3.582s] [ 18%] [32mBuilding CXX object CMakeFiles/my_nav_msgs__rosidl_typesupport_fastrtps_cpp.dir/rosidl_typesupport_fastrtps_cpp/my_nav_msgs/msg/detail/dds_fastrtps/path_info__type_support.cpp.o[0m
[3.589s] [ 20%] [32mBuilding CXX object CMakeFiles/my_nav_msgs__rosidl_typesupport_fastrtps_cpp.dir/rosidl_typesupport_fastrtps_cpp/my_nav_msgs/msg/detail/dds_fastrtps/path_with_condition__type_support.cpp.o[0m
[3.590s] [ 21%] [32mBuilding CXX object CMakeFiles/my_nav_msgs__rosidl_typesupport_introspection_cpp.dir/rosidl_typesupport_introspection_cpp/my_nav_msgs/msg/detail/path_info__type_support.cpp.o[0m
[3.645s] [ 23%] [32mBuilding CXX object CMakeFiles/my_nav_msgs__rosidl_typesupport_fastrtps_cpp.dir/rosidl_typesupport_fastrtps_cpp/my_nav_msgs/srv/detail/dds_fastrtps/set_obj_cost__type_support.cpp.o[0m
[3.665s] [ 25%] [32mBuilding CXX object CMakeFiles/my_nav_msgs__rosidl_typesupport_fastrtps_cpp.dir/rosidl_typesupport_fastrtps_cpp/my_nav_msgs/action/detail/dds_fastrtps/compute_multi_path__type_support.cpp.o[0m
[3.674s] [ 27%] [32mBuilding CXX object CMakeFiles/my_nav_msgs__rosidl_typesupport_introspection_cpp.dir/rosidl_typesupport_introspection_cpp/my_nav_msgs/msg/detail/path_with_condition__type_support.cpp.o[0m
[3.714s] [ 29%] [32m[1mLinking C shared library libmy_nav_msgs__rosidl_generator_c.so[0m
[3.834s] [ 30%] Built target my_nav_msgs__rosidl_generator_c
[3.874s] [35m[1mConsolidate compiler generated dependencies of target my_nav_msgs__rosidl_typesupport_fastrtps_c[0m
[3.916s] [ 32%] [32mBuilding CXX object CMakeFiles/my_nav_msgs__rosidl_typesupport_fastrtps_c.dir/rosidl_typesupport_fastrtps_c/my_nav_msgs/msg/detail/path_info__type_support_c.cpp.o[0m
[4.133s] [ 34%] [32mBuilding CXX object CMakeFiles/my_nav_msgs__rosidl_typesupport_fastrtps_c.dir/rosidl_typesupport_fastrtps_c/my_nav_msgs/msg/detail/path_with_condition__type_support_c.cpp.o[0m
[4.180s] [35m[1mConsolidate compiler generated dependencies of target my_nav_msgs__rosidl_typesupport_introspection_c[0m
[4.235s] [ 36%] [32mBuilding C object CMakeFiles/my_nav_msgs__rosidl_typesupport_introspection_c.dir/rosidl_typesupport_introspection_c/my_nav_msgs/msg/detail/path_info__type_support.c.o[0m
[4.267s] [ 38%] [32mBuilding CXX object CMakeFiles/my_nav_msgs__rosidl_typesupport_fastrtps_c.dir/rosidl_typesupport_fastrtps_c/my_nav_msgs/srv/detail/set_obj_cost__type_support_c.cpp.o[0m
[4.347s] [ 40%] [32mBuilding C object CMakeFiles/my_nav_msgs__rosidl_typesupport_introspection_c.dir/rosidl_typesupport_introspection_c/my_nav_msgs/msg/detail/path_with_condition__type_support.c.o[0m
[4.429s] [ 41%] [32mBuilding CXX object CMakeFiles/my_nav_msgs__rosidl_typesupport_introspection_cpp.dir/rosidl_typesupport_introspection_cpp/my_nav_msgs/srv/detail/set_obj_cost__type_support.cpp.o[0m
[4.459s] [ 43%] [32mBuilding C object CMakeFiles/my_nav_msgs__rosidl_typesupport_introspection_c.dir/rosidl_typesupport_introspection_c/my_nav_msgs/srv/detail/set_obj_cost__type_support.c.o[0m
[4.541s] [ 45%] [32m[1mLinking CXX shared library libmy_nav_msgs__rosidl_typesupport_cpp.so[0m
[4.626s] [35m[1mConsolidate compiler generated dependencies of target my_nav_msgs__rosidl_typesupport_c[0m
[4.663s] [ 47%] [32mBuilding CXX object CMakeFiles/my_nav_msgs__rosidl_typesupport_c.dir/rosidl_typesupport_c/my_nav_msgs/msg/path_info__type_support.cpp.o[0m
[4.686s] [ 49%] [32mBuilding C object CMakeFiles/my_nav_msgs__rosidl_typesupport_introspection_c.dir/rosidl_typesupport_introspection_c/my_nav_msgs/action/detail/compute_multi_path__type_support.c.o[0m
[4.746s] [ 50%] [32mBuilding CXX object CMakeFiles/my_nav_msgs__rosidl_typesupport_introspection_cpp.dir/rosidl_typesupport_introspection_cpp/my_nav_msgs/action/detail/compute_multi_path__type_support.cpp.o[0m
[4.787s] [ 52%] [32mBuilding CXX object CMakeFiles/my_nav_msgs__rosidl_typesupport_c.dir/rosidl_typesupport_c/my_nav_msgs/msg/path_with_condition__type_support.cpp.o[0m
[4.798s] [ 54%] Built target my_nav_msgs__rosidl_typesupport_cpp
[4.816s] [ 56%] [32mBuilding CXX object CMakeFiles/my_nav_msgs__rosidl_typesupport_c.dir/rosidl_typesupport_c/my_nav_msgs/srv/set_obj_cost__type_support.cpp.o[0m
[4.854s] [ 58%] [32mBuilding CXX object CMakeFiles/my_nav_msgs__rosidl_typesupport_fastrtps_c.dir/rosidl_typesupport_fastrtps_c/my_nav_msgs/action/detail/compute_multi_path__type_support_c.cpp.o[0m
[4.957s] [ 60%] [32m[1mLinking C shared library libmy_nav_msgs__rosidl_typesupport_introspection_c.so[0m
[4.963s] [ 61%] [32mBuilding CXX object CMakeFiles/my_nav_msgs__rosidl_typesupport_c.dir/rosidl_typesupport_c/my_nav_msgs/action/compute_multi_path__type_support.cpp.o[0m
[5.094s] [ 63%] Built target my_nav_msgs__rosidl_typesupport_introspection_c
[5.114s] [ 65%] [32m[1mLinking CXX shared library libmy_nav_msgs__rosidl_typesupport_c.so[0m
[5.248s] [ 67%] Built target my_nav_msgs__rosidl_typesupport_c
[5.422s] [ 69%] [32m[1mLinking CXX shared library libmy_nav_msgs__rosidl_typesupport_fastrtps_cpp.so[0m
[5.744s] [ 70%] Built target my_nav_msgs__rosidl_typesupport_fastrtps_cpp
[6.040s] running egg_info
[6.320s] writing my_nav_msgs.egg-info/PKG-INFO
[6.405s] [ 72%] [32m[1mLinking CXX shared library libmy_nav_msgs__rosidl_typesupport_fastrtps_c.so[0m
[6.565s] writing dependency_links to my_nav_msgs.egg-info/dependency_links.txt
[6.864s] [ 74%] Built target my_nav_msgs__rosidl_typesupport_fastrtps_c
[7.764s] [ 76%] [32m[1mLinking CXX shared library libmy_nav_msgs__rosidl_typesupport_introspection_cpp.so[0m
[8.126s] [ 78%] Built target my_nav_msgs__rosidl_typesupport_introspection_cpp
[8.154s] writing top-level names to my_nav_msgs.egg-info/top_level.txt
[8.241s] [ 78%] Built target my_nav_msgs
[8.311s] [ 80%] Built target my_nav_msgs__py
[8.382s] [35m[1mConsolidate compiler generated dependencies of target my_nav_msgs__rosidl_generator_py[0m
[8.461s] [ 81%] [32mBuilding C object CMakeFiles/my_nav_msgs__rosidl_generator_py.dir/rosidl_generator_py/my_nav_msgs/msg/_path_info_s.c.o[0m
[8.464s] [ 83%] [32mBuilding C object CMakeFiles/my_nav_msgs__rosidl_generator_py.dir/rosidl_generator_py/my_nav_msgs/msg/_path_with_condition_s.c.o[0m
[8.466s] [ 85%] [32mBuilding C object CMakeFiles/my_nav_msgs__rosidl_generator_py.dir/rosidl_generator_py/my_nav_msgs/action/_compute_multi_path_s.c.o[0m
[8.561s] [ 87%] [32mBuilding C object CMakeFiles/my_nav_msgs__rosidl_generator_py.dir/rosidl_generator_py/my_nav_msgs/srv/_set_obj_cost_s.c.o[0m
[8.784s] reading manifest file 'my_nav_msgs.egg-info/SOURCES.txt'
[8.795s] writing manifest file 'my_nav_msgs.egg-info/SOURCES.txt'
[9.063s] [ 89%] [32m[1mLinking C shared library rosidl_generator_py/my_nav_msgs/libmy_nav_msgs__rosidl_generator_py.so[0m
[9.098s] [ 89%] Built target ament_cmake_python_build_my_nav_msgs_egg
[9.287s] [ 89%] Built target my_nav_msgs__rosidl_generator_py
[9.320s] [35m[1mConsolidate compiler generated dependencies of target my_nav_msgs__rosidl_typesupport_fastrtps_c__pyext[0m
[9.351s] [35m[1mConsolidate compiler generated dependencies of target my_nav_msgs__rosidl_typesupport_introspection_c__pyext[0m
[9.358s] [35m[1mConsolidate compiler generated dependencies of target my_nav_msgs__rosidl_typesupport_c__pyext[0m
[9.367s] [ 90%] [32mBuilding C object CMakeFiles/my_nav_msgs__rosidl_typesupport_fastrtps_c__pyext.dir/rosidl_generator_py/my_nav_msgs/_my_nav_msgs_s.ep.rosidl_typesupport_fastrtps_c.c.o[0m
[9.403s] [ 92%] [32mBuilding C object CMakeFiles/my_nav_msgs__rosidl_typesupport_introspection_c__pyext.dir/rosidl_generator_py/my_nav_msgs/_my_nav_msgs_s.ep.rosidl_typesupport_introspection_c.c.o[0m
[9.417s] [ 94%] [32mBuilding C object CMakeFiles/my_nav_msgs__rosidl_typesupport_c__pyext.dir/rosidl_generator_py/my_nav_msgs/_my_nav_msgs_s.ep.rosidl_typesupport_c.c.o[0m
[9.668s] [ 96%] [32m[1mLinking C shared library rosidl_generator_py/my_nav_msgs/my_nav_msgs_s__rosidl_typesupport_introspection_c.cpython-310-x86_64-linux-gnu.so[0m
[9.703s] [ 98%] [32m[1mLinking C shared library rosidl_generator_py/my_nav_msgs/my_nav_msgs_s__rosidl_typesupport_fastrtps_c.cpython-310-x86_64-linux-gnu.so[0m
[9.773s] [100%] [32m[1mLinking C shared library rosidl_generator_py/my_nav_msgs/my_nav_msgs_s__rosidl_typesupport_c.cpython-310-x86_64-linux-gnu.so[0m
[9.800s] [100%] Built target my_nav_msgs__rosidl_typesupport_introspection_c__pyext
[9.815s] [100%] Built target my_nav_msgs__rosidl_typesupport_fastrtps_c__pyext
[9.898s] [100%] Built target my_nav_msgs__rosidl_typesupport_c__pyext
[9.921s] Invoked command in '/home/rover/kameyama_ws/build/my_nav_msgs' returned '0': CMAKE_PREFIX_PATH=${CMAKE_PREFIX_PATH}:/home/rover/amir_basic_ws/install/camera_calibration:/opt/ros/humble /usr/bin/cmake --build /home/rover/kameyama_ws/build/my_nav_msgs -- -j12 -l12
[9.931s] Invoking command in '/home/rover/kameyama_ws/build/my_nav_msgs': CMAKE_PREFIX_PATH=${CMAKE_PREFIX_PATH}:/home/rover/amir_basic_ws/install/camera_calibration:/opt/ros/humble /usr/bin/cmake --install /home/rover/kameyama_ws/build/my_nav_msgs
[10.696s] -- Install configuration: ""
[10.706s] -- Execute custom install script
[10.706s] -- Up-to-date symlink: /home/rover/kameyama_ws/install/my_nav_msgs/share/ament_index/resource_index/rosidl_interfaces/my_nav_msgs
[10.706s] -- Up-to-date symlink: /home/rover/kameyama_ws/install/my_nav_msgs/include/my_nav_msgs/my_nav_msgs/action/compute_multi_path.h
[10.706s] -- Up-to-date symlink: /home/rover/kameyama_ws/install/my_nav_msgs/include/my_nav_msgs/my_nav_msgs/action/detail/compute_multi_path__functions.h
[10.706s] -- Up-to-date symlink: /home/rover/kameyama_ws/install/my_nav_msgs/include/my_nav_msgs/my_nav_msgs/action/detail/compute_multi_path__struct.h
[10.706s] -- Up-to-date symlink: /home/rover/kameyama_ws/install/my_nav_msgs/include/my_nav_msgs/my_nav_msgs/action/detail/compute_multi_path__type_support.h
[10.706s] -- Up-to-date symlink: /home/rover/kameyama_ws/install/my_nav_msgs/include/my_nav_msgs/my_nav_msgs/msg/detail/path_info__functions.h
[10.706s] -- Up-to-date symlink: /home/rover/kameyama_ws/install/my_nav_msgs/include/my_nav_msgs/my_nav_msgs/msg/detail/path_info__struct.h
[10.706s] -- Up-to-date symlink: /home/rover/kameyama_ws/install/my_nav_msgs/include/my_nav_msgs/my_nav_msgs/msg/detail/path_info__type_support.h
[10.706s] -- Up-to-date symlink: /home/rover/kameyama_ws/install/my_nav_msgs/include/my_nav_msgs/my_nav_msgs/msg/detail/path_with_condition__functions.h
[10.706s] -- Up-to-date symlink: /home/rover/kameyama_ws/install/my_nav_msgs/include/my_nav_msgs/my_nav_msgs/msg/detail/path_with_condition__struct.h
[10.706s] -- Up-to-date symlink: /home/rover/kameyama_ws/install/my_nav_msgs/include/my_nav_msgs/my_nav_msgs/msg/detail/path_with_condition__type_support.h
[10.706s] -- Up-to-date symlink: /home/rover/kameyama_ws/install/my_nav_msgs/include/my_nav_msgs/my_nav_msgs/msg/path_info.h
[10.706s] -- Up-to-date symlink: /home/rover/kameyama_ws/install/my_nav_msgs/include/my_nav_msgs/my_nav_msgs/msg/path_with_condition.h
[10.706s] -- Up-to-date symlink: /home/rover/kameyama_ws/install/my_nav_msgs/include/my_nav_msgs/my_nav_msgs/msg/rosidl_generator_c__visibility_control.h
[10.706s] -- Up-to-date symlink: /home/rover/kameyama_ws/install/my_nav_msgs/include/my_nav_msgs/my_nav_msgs/srv/detail/set_obj_cost__functions.h
[10.707s] -- Up-to-date symlink: /home/rover/kameyama_ws/install/my_nav_msgs/include/my_nav_msgs/my_nav_msgs/srv/detail/set_obj_cost__struct.h
[10.707s] -- Up-to-date symlink: /home/rover/kameyama_ws/install/my_nav_msgs/include/my_nav_msgs/my_nav_msgs/srv/detail/set_obj_cost__type_support.h
[10.707s] -- Up-to-date symlink: /home/rover/kameyama_ws/install/my_nav_msgs/include/my_nav_msgs/my_nav_msgs/srv/set_obj_cost.h
[10.707s] -- Up-to-date symlink: /home/rover/kameyama_ws/install/my_nav_msgs/share/my_nav_msgs/environment/library_path.sh
[10.707s] -- Up-to-date symlink: /home/rover/kameyama_ws/install/my_nav_msgs/share/my_nav_msgs/environment/library_path.dsv
[10.707s] -- Up-to-date symlink: /home/rover/kameyama_ws/install/my_nav_msgs/include/my_nav_msgs/my_nav_msgs/action/detail/compute_multi_path__rosidl_typesupport_fastrtps_c.h
[10.707s] -- Up-to-date symlink: /home/rover/kameyama_ws/install/my_nav_msgs/include/my_nav_msgs/my_nav_msgs/msg/detail/path_info__rosidl_typesupport_fastrtps_c.h
[10.707s] -- Up-to-date symlink: /home/rover/kameyama_ws/install/my_nav_msgs/include/my_nav_msgs/my_nav_msgs/msg/detail/path_with_condition__rosidl_typesupport_fastrtps_c.h
[10.707s] -- Up-to-date symlink: /home/rover/kameyama_ws/install/my_nav_msgs/include/my_nav_msgs/my_nav_msgs/msg/rosidl_typesupport_fastrtps_c__visibility_control.h
[10.707s] -- Up-to-date symlink: /home/rover/kameyama_ws/install/my_nav_msgs/include/my_nav_msgs/my_nav_msgs/srv/detail/set_obj_cost__rosidl_typesupport_fastrtps_c.h
[10.707s] -- Up-to-date symlink: /home/rover/kameyama_ws/install/my_nav_msgs/include/my_nav_msgs/my_nav_msgs/action/compute_multi_path.hpp
[10.707s] -- Up-to-date symlink: /home/rover/kameyama_ws/install/my_nav_msgs/include/my_nav_msgs/my_nav_msgs/action/detail/compute_multi_path__builder.hpp
[10.707s] -- Up-to-date symlink: /home/rover/kameyama_ws/install/my_nav_msgs/include/my_nav_msgs/my_nav_msgs/action/detail/compute_multi_path__struct.hpp
[10.707s] -- Up-to-date symlink: /home/rover/kameyama_ws/install/my_nav_msgs/include/my_nav_msgs/my_nav_msgs/action/detail/compute_multi_path__traits.hpp
[10.707s] -- Up-to-date symlink: /home/rover/kameyama_ws/install/my_nav_msgs/include/my_nav_msgs/my_nav_msgs/action/detail/compute_multi_path__type_support.hpp
[10.707s] -- Up-to-date symlink: /home/rover/kameyama_ws/install/my_nav_msgs/include/my_nav_msgs/my_nav_msgs/msg/detail/path_info__builder.hpp
[10.707s] -- Up-to-date symlink: /home/rover/kameyama_ws/install/my_nav_msgs/include/my_nav_msgs/my_nav_msgs/msg/detail/path_info__struct.hpp
[10.707s] -- Up-to-date symlink: /home/rover/kameyama_ws/install/my_nav_msgs/include/my_nav_msgs/my_nav_msgs/msg/detail/path_info__traits.hpp
[10.707s] -- Up-to-date symlink: /home/rover/kameyama_ws/install/my_nav_msgs/include/my_nav_msgs/my_nav_msgs/msg/detail/path_info__type_support.hpp
[10.707s] -- Up-to-date symlink: /home/rover/kameyama_ws/install/my_nav_msgs/include/my_nav_msgs/my_nav_msgs/msg/detail/path_with_condition__builder.hpp
[10.707s] -- Up-to-date symlink: /home/rover/kameyama_ws/install/my_nav_msgs/include/my_nav_msgs/my_nav_msgs/msg/detail/path_with_condition__struct.hpp
[10.707s] -- Up-to-date symlink: /home/rover/kameyama_ws/install/my_nav_msgs/include/my_nav_msgs/my_nav_msgs/msg/detail/path_with_condition__traits.hpp
[10.707s] -- Up-to-date symlink: /home/rover/kameyama_ws/install/my_nav_msgs/include/my_nav_msgs/my_nav_msgs/msg/detail/path_with_condition__type_support.hpp
[10.707s] -- Up-to-date symlink: /home/rover/kameyama_ws/install/my_nav_msgs/include/my_nav_msgs/my_nav_msgs/msg/path_info.hpp
[10.707s] -- Up-to-date symlink: /home/rover/kameyama_ws/install/my_nav_msgs/include/my_nav_msgs/my_nav_msgs/msg/path_with_condition.hpp
[10.707s] -- Up-to-date symlink: /home/rover/kameyama_ws/install/my_nav_msgs/include/my_nav_msgs/my_nav_msgs/msg/rosidl_generator_cpp__visibility_control.hpp
[10.707s] -- Up-to-date symlink: /home/rover/kameyama_ws/install/my_nav_msgs/include/my_nav_msgs/my_nav_msgs/srv/detail/set_obj_cost__builder.hpp
[10.707s] -- Up-to-date symlink: /home/rover/kameyama_ws/install/my_nav_msgs/include/my_nav_msgs/my_nav_msgs/srv/detail/set_obj_cost__struct.hpp
[10.707s] -- Up-to-date symlink: /home/rover/kameyama_ws/install/my_nav_msgs/include/my_nav_msgs/my_nav_msgs/srv/detail/set_obj_cost__traits.hpp
[10.708s] -- Up-to-date symlink: /home/rover/kameyama_ws/install/my_nav_msgs/include/my_nav_msgs/my_nav_msgs/srv/detail/set_obj_cost__type_support.hpp
[10.708s] -- Up-to-date symlink: /home/rover/kameyama_ws/install/my_nav_msgs/include/my_nav_msgs/my_nav_msgs/srv/set_obj_cost.hpp
[10.708s] -- Up-to-date symlink: /home/rover/kameyama_ws/install/my_nav_msgs/include/my_nav_msgs/my_nav_msgs/action/detail/compute_multi_path__rosidl_typesupport_fastrtps_cpp.hpp
[10.708s] -- Up-to-date symlink: /home/rover/kameyama_ws/install/my_nav_msgs/include/my_nav_msgs/my_nav_msgs/msg/detail/path_info__rosidl_typesupport_fastrtps_cpp.hpp
[10.708s] -- Up-to-date symlink: /home/rover/kameyama_ws/install/my_nav_msgs/include/my_nav_msgs/my_nav_msgs/msg/detail/path_with_condition__rosidl_typesupport_fastrtps_cpp.hpp
[10.708s] -- Up-to-date symlink: /home/rover/kameyama_ws/install/my_nav_msgs/include/my_nav_msgs/my_nav_msgs/msg/rosidl_typesupport_fastrtps_cpp__visibility_control.h
[10.708s] -- Up-to-date symlink: /home/rover/kameyama_ws/install/my_nav_msgs/include/my_nav_msgs/my_nav_msgs/srv/detail/set_obj_cost__rosidl_typesupport_fastrtps_cpp.hpp
[10.708s] -- Up-to-date symlink: /home/rover/kameyama_ws/install/my_nav_msgs/include/my_nav_msgs/my_nav_msgs/action/detail/compute_multi_path__rosidl_typesupport_introspection_c.h
[10.708s] -- Up-to-date symlink: /home/rover/kameyama_ws/install/my_nav_msgs/include/my_nav_msgs/my_nav_msgs/msg/detail/path_info__rosidl_typesupport_introspection_c.h
[10.708s] -- Up-to-date symlink: /home/rover/kameyama_ws/install/my_nav_msgs/include/my_nav_msgs/my_nav_msgs/msg/detail/path_with_condition__rosidl_typesupport_introspection_c.h
[10.708s] -- Up-to-date symlink: /home/rover/kameyama_ws/install/my_nav_msgs/include/my_nav_msgs/my_nav_msgs/msg/rosidl_typesupport_introspection_c__visibility_control.h
[10.708s] -- Up-to-date symlink: /home/rover/kameyama_ws/install/my_nav_msgs/include/my_nav_msgs/my_nav_msgs/srv/detail/set_obj_cost__rosidl_typesupport_introspection_c.h
[10.709s] -- Up-to-date symlink: /home/rover/kameyama_ws/install/my_nav_msgs/include/my_nav_msgs/my_nav_msgs/action/detail/compute_multi_path__rosidl_typesupport_introspection_cpp.hpp
[10.709s] -- Up-to-date symlink: /home/rover/kameyama_ws/install/my_nav_msgs/include/my_nav_msgs/my_nav_msgs/msg/detail/path_info__rosidl_typesupport_introspection_cpp.hpp
[10.709s] -- Up-to-date symlink: /home/rover/kameyama_ws/install/my_nav_msgs/include/my_nav_msgs/my_nav_msgs/msg/detail/path_with_condition__rosidl_typesupport_introspection_cpp.hpp
[10.709s] -- Up-to-date symlink: /home/rover/kameyama_ws/install/my_nav_msgs/include/my_nav_msgs/my_nav_msgs/srv/detail/set_obj_cost__rosidl_typesupport_introspection_cpp.hpp
[10.709s] -- Up-to-date symlink: /home/rover/kameyama_ws/install/my_nav_msgs/share/my_nav_msgs/environment/pythonpath.sh
[10.709s] -- Up-to-date symlink: /home/rover/kameyama_ws/install/my_nav_msgs/share/my_nav_msgs/environment/pythonpath.dsv
[10.709s] -- Up-to-date symlink: /home/rover/kameyama_ws/install/my_nav_msgs/local/lib/python3.10/dist-packages/my_nav_msgs-0.1.0-py3.10.egg-info/PKG-INFO
[10.709s] -- Up-to-date symlink: /home/rover/kameyama_ws/install/my_nav_msgs/local/lib/python3.10/dist-packages/my_nav_msgs-0.1.0-py3.10.egg-info/SOURCES.txt
[10.709s] -- Up-to-date symlink: /home/rover/kameyama_ws/install/my_nav_msgs/local/lib/python3.10/dist-packages/my_nav_msgs-0.1.0-py3.10.egg-info/dependency_links.txt
[10.709s] -- Up-to-date symlink: /home/rover/kameyama_ws/install/my_nav_msgs/local/lib/python3.10/dist-packages/my_nav_msgs-0.1.0-py3.10.egg-info/top_level.txt
[10.709s] -- Up-to-date symlink: /home/rover/kameyama_ws/install/my_nav_msgs/local/lib/python3.10/dist-packages/my_nav_msgs/__init__.py
[10.709s] -- Up-to-date symlink: /home/rover/kameyama_ws/install/my_nav_msgs/local/lib/python3.10/dist-packages/my_nav_msgs/_my_nav_msgs_s.ep.rosidl_typesupport_c.c
[10.709s] -- Up-to-date symlink: /home/rover/kameyama_ws/install/my_nav_msgs/local/lib/python3.10/dist-packages/my_nav_msgs/_my_nav_msgs_s.ep.rosidl_typesupport_fastrtps_c.c
[10.709s] -- Up-to-date symlink: /home/rover/kameyama_ws/install/my_nav_msgs/local/lib/python3.10/dist-packages/my_nav_msgs/_my_nav_msgs_s.ep.rosidl_typesupport_introspection_c.c
[10.709s] -- Up-to-date symlink: /home/rover/kameyama_ws/install/my_nav_msgs/local/lib/python3.10/dist-packages/my_nav_msgs/action/__init__.py
[10.709s] -- Up-to-date symlink: /home/rover/kameyama_ws/install/my_nav_msgs/local/lib/python3.10/dist-packages/my_nav_msgs/action/_compute_multi_path.py
[10.709s] -- Up-to-date symlink: /home/rover/kameyama_ws/install/my_nav_msgs/local/lib/python3.10/dist-packages/my_nav_msgs/action/_compute_multi_path_s.c
[10.709s] -- Up-to-date symlink: /home/rover/kameyama_ws/install/my_nav_msgs/local/lib/python3.10/dist-packages/my_nav_msgs/libmy_nav_msgs__rosidl_generator_py.so
[10.709s] -- Up-to-date symlink: /home/rover/kameyama_ws/install/my_nav_msgs/local/lib/python3.10/dist-packages/my_nav_msgs/msg/__init__.py
[10.709s] -- Up-to-date symlink: /home/rover/kameyama_ws/install/my_nav_msgs/local/lib/python3.10/dist-packages/my_nav_msgs/msg/_path_info.py
[10.713s] -- Up-to-date symlink: /home/rover/kameyama_ws/install/my_nav_msgs/local/lib/python3.10/dist-packages/my_nav_msgs/msg/_path_info_s.c
[10.713s] -- Up-to-date symlink: /home/rover/kameyama_ws/install/my_nav_msgs/local/lib/python3.10/dist-packages/my_nav_msgs/msg/_path_with_condition.py
[10.714s] -- Up-to-date symlink: /home/rover/kameyama_ws/install/my_nav_msgs/local/lib/python3.10/dist-packages/my_nav_msgs/msg/_path_with_condition_s.c
[10.714s] -- Up-to-date symlink: /home/rover/kameyama_ws/install/my_nav_msgs/local/lib/python3.10/dist-packages/my_nav_msgs/my_nav_msgs_s__rosidl_typesupport_c.cpython-310-x86_64-linux-gnu.so
[10.714s] -- Up-to-date symlink: /home/rover/kameyama_ws/install/my_nav_msgs/local/lib/python3.10/dist-packages/my_nav_msgs/my_nav_msgs_s__rosidl_typesupport_fastrtps_c.cpython-310-x86_64-linux-gnu.so
[10.714s] -- Up-to-date symlink: /home/rover/kameyama_ws/install/my_nav_msgs/local/lib/python3.10/dist-packages/my_nav_msgs/my_nav_msgs_s__rosidl_typesupport_introspection_c.cpython-310-x86_64-linux-gnu.so
[10.714s] -- Up-to-date symlink: /home/rover/kameyama_ws/install/my_nav_msgs/local/lib/python3.10/dist-packages/my_nav_msgs/srv/__init__.py
[10.714s] -- Up-to-date symlink: /home/rover/kameyama_ws/install/my_nav_msgs/local/lib/python3.10/dist-packages/my_nav_msgs/srv/_set_obj_cost.py
[10.714s] -- Up-to-date symlink: /home/rover/kameyama_ws/install/my_nav_msgs/local/lib/python3.10/dist-packages/my_nav_msgs/srv/_set_obj_cost_s.c
[10.714s] -- Up-to-date symlink: /home/rover/kameyama_ws/install/my_nav_msgs/local/lib/python3.10/dist-packages/my_nav_msgs/my_nav_msgs_s__rosidl_typesupport_fastrtps_c.cpython-310-x86_64-linux-gnu.so
[10.714s] -- Up-to-date symlink: /home/rover/kameyama_ws/install/my_nav_msgs/local/lib/python3.10/dist-packages/my_nav_msgs/my_nav_msgs_s__rosidl_typesupport_introspection_c.cpython-310-x86_64-linux-gnu.so
[10.714s] -- Up-to-date symlink: /home/rover/kameyama_ws/install/my_nav_msgs/local/lib/python3.10/dist-packages/my_nav_msgs/my_nav_msgs_s__rosidl_typesupport_c.cpython-310-x86_64-linux-gnu.so
[10.714s] -- Up-to-date symlink: /home/rover/kameyama_ws/install/my_nav_msgs/share/my_nav_msgs/msg/PathInfo.idl
[10.714s] -- Up-to-date symlink: /home/rover/kameyama_ws/install/my_nav_msgs/share/my_nav_msgs/msg/PathWithCondition.idl
[10.714s] -- Up-to-date symlink: /home/rover/kameyama_ws/install/my_nav_msgs/share/my_nav_msgs/srv/SetObjCost.idl
[10.714s] -- Up-to-date symlink: /home/rover/kameyama_ws/install/my_nav_msgs/share/my_nav_msgs/action/ComputeMultiPath.idl
[10.714s] -- Up-to-date symlink: /home/rover/kameyama_ws/install/my_nav_msgs/share/my_nav_msgs/msg/PathInfo.msg
[10.714s] -- Up-to-date symlink: /home/rover/kameyama_ws/install/my_nav_msgs/share/my_nav_msgs/msg/PathWithCondition.msg
[10.714s] -- Up-to-date symlink: /home/rover/kameyama_ws/install/my_nav_msgs/share/my_nav_msgs/srv/SetObjCost.srv
[10.714s] -- Up-to-date symlink: /home/rover/kameyama_ws/install/my_nav_msgs/share/my_nav_msgs/srv/SetObjCost_Request.msg
[10.714s] -- Up-to-date symlink: /home/rover/kameyama_ws/install/my_nav_msgs/share/my_nav_msgs/srv/SetObjCost_Response.msg
[10.714s] -- Up-to-date symlink: /home/rover/kameyama_ws/install/my_nav_msgs/share/my_nav_msgs/action/ComputeMultiPath.action
[10.714s] -- Up-to-date symlink: /home/rover/kameyama_ws/install/my_nav_msgs/share/ament_index/resource_index/package_run_dependencies/my_nav_msgs
[10.714s] -- Up-to-date symlink: /home/rover/kameyama_ws/install/my_nav_msgs/share/ament_index/resource_index/parent_prefix_path/my_nav_msgs
[10.714s] -- Up-to-date symlink: /home/rover/kameyama_ws/install/my_nav_msgs/share/my_nav_msgs/environment/ament_prefix_path.sh
[10.714s] -- Up-to-date symlink: /home/rover/kameyama_ws/install/my_nav_msgs/share/my_nav_msgs/environment/ament_prefix_path.dsv
[10.714s] -- Up-to-date symlink: /home/rover/kameyama_ws/install/my_nav_msgs/share/my_nav_msgs/environment/path.sh
[10.714s] -- Up-to-date symlink: /home/rover/kameyama_ws/install/my_nav_msgs/share/my_nav_msgs/environment/path.dsv
[10.714s] -- Up-to-date symlink: /home/rover/kameyama_ws/install/my_nav_msgs/share/my_nav_msgs/local_setup.bash
[10.715s] -- Up-to-date symlink: /home/rover/kameyama_ws/install/my_nav_msgs/share/my_nav_msgs/local_setup.sh
[10.715s] -- Up-to-date symlink: /home/rover/kameyama_ws/install/my_nav_msgs/share/my_nav_msgs/local_setup.zsh
[10.715s] -- Up-to-date symlink: /home/rover/kameyama_ws/install/my_nav_msgs/share/my_nav_msgs/local_setup.dsv
[10.715s] -- Symlinking: /home/rover/kameyama_ws/install/my_nav_msgs/share/my_nav_msgs/package.dsv
[10.715s] -- Up-to-date symlink: /home/rover/kameyama_ws/install/my_nav_msgs/share/ament_index/resource_index/packages/my_nav_msgs
[10.715s] -- Up-to-date symlink: /home/rover/kameyama_ws/install/my_nav_msgs/share/my_nav_msgs/cmake/rosidl_cmake-extras.cmake
[10.715s] -- Up-to-date symlink: /home/rover/kameyama_ws/install/my_nav_msgs/share/my_nav_msgs/cmake/ament_cmake_export_dependencies-extras.cmake
[10.715s] -- Up-to-date symlink: /home/rover/kameyama_ws/install/my_nav_msgs/share/my_nav_msgs/cmake/ament_cmake_export_include_directories-extras.cmake
[10.715s] -- Up-to-date symlink: /home/rover/kameyama_ws/install/my_nav_msgs/share/my_nav_msgs/cmake/ament_cmake_export_libraries-extras.cmake
[10.715s] -- Up-to-date symlink: /home/rover/kameyama_ws/install/my_nav_msgs/share/my_nav_msgs/cmake/ament_cmake_export_targets-extras.cmake
[10.715s] -- Up-to-date symlink: /home/rover/kameyama_ws/install/my_nav_msgs/share/my_nav_msgs/cmake/rosidl_cmake_export_typesupport_targets-extras.cmake
[10.715s] -- Up-to-date symlink: /home/rover/kameyama_ws/install/my_nav_msgs/share/my_nav_msgs/cmake/rosidl_cmake_export_typesupport_libraries-extras.cmake
[10.715s] -- Up-to-date symlink: /home/rover/kameyama_ws/install/my_nav_msgs/share/my_nav_msgs/cmake/my_nav_msgsConfig.cmake
[10.715s] -- Up-to-date symlink: /home/rover/kameyama_ws/install/my_nav_msgs/share/my_nav_msgs/cmake/my_nav_msgsConfig-version.cmake
[10.715s] -- Up-to-date symlink: /home/rover/kameyama_ws/install/my_nav_msgs/share/my_nav_msgs/package.xml
[10.715s] -- Installing: /home/rover/kameyama_ws/install/my_nav_msgs/lib/libmy_nav_msgs__rosidl_generator_c.so
[10.715s] -- Set runtime path of "/home/rover/kameyama_ws/install/my_nav_msgs/lib/libmy_nav_msgs__rosidl_generator_c.so" to ""
[10.715s] -- Installing: /home/rover/kameyama_ws/install/my_nav_msgs/lib/libmy_nav_msgs__rosidl_typesupport_fastrtps_c.so
[10.715s] -- Set runtime path of "/home/rover/kameyama_ws/install/my_nav_msgs/lib/libmy_nav_msgs__rosidl_typesupport_fastrtps_c.so" to ""
[10.715s] -- Installing: /home/rover/kameyama_ws/install/my_nav_msgs/lib/libmy_nav_msgs__rosidl_typesupport_fastrtps_cpp.so
[10.715s] -- Set runtime path of "/home/rover/kameyama_ws/install/my_nav_msgs/lib/libmy_nav_msgs__rosidl_typesupport_fastrtps_cpp.so" to ""
[10.715s] -- Installing: /home/rover/kameyama_ws/install/my_nav_msgs/lib/libmy_nav_msgs__rosidl_typesupport_introspection_c.so
[10.715s] -- Set runtime path of "/home/rover/kameyama_ws/install/my_nav_msgs/lib/libmy_nav_msgs__rosidl_typesupport_introspection_c.so" to ""
[10.715s] -- Installing: /home/rover/kameyama_ws/install/my_nav_msgs/lib/libmy_nav_msgs__rosidl_typesupport_c.so
[10.715s] -- Set runtime path of "/home/rover/kameyama_ws/install/my_nav_msgs/lib/libmy_nav_msgs__rosidl_typesupport_c.so" to ""
[10.715s] -- Installing: /home/rover/kameyama_ws/install/my_nav_msgs/lib/libmy_nav_msgs__rosidl_typesupport_introspection_cpp.so
[10.716s] -- Set runtime path of "/home/rover/kameyama_ws/install/my_nav_msgs/lib/libmy_nav_msgs__rosidl_typesupport_introspection_cpp.so" to ""
[10.716s] -- Installing: /home/rover/kameyama_ws/install/my_nav_msgs/lib/libmy_nav_msgs__rosidl_typesupport_cpp.so
[10.716s] -- Set runtime path of "/home/rover/kameyama_ws/install/my_nav_msgs/lib/libmy_nav_msgs__rosidl_typesupport_cpp.so" to ""
[10.813s] Listing '/home/rover/kameyama_ws/install/my_nav_msgs/local/lib/python3.10/dist-packages/my_nav_msgs'...
[10.813s] Compiling '/home/rover/kameyama_ws/install/my_nav_msgs/local/lib/python3.10/dist-packages/my_nav_msgs/__init__.py'...
[10.813s] Listing '/home/rover/kameyama_ws/install/my_nav_msgs/local/lib/python3.10/dist-packages/my_nav_msgs/action'...
[10.813s] Listing '/home/rover/kameyama_ws/install/my_nav_msgs/local/lib/python3.10/dist-packages/my_nav_msgs/msg'...
[10.813s] Listing '/home/rover/kameyama_ws/install/my_nav_msgs/local/lib/python3.10/dist-packages/my_nav_msgs/srv'...
[10.835s] -- Installing: /home/rover/kameyama_ws/install/my_nav_msgs/lib/libmy_nav_msgs__rosidl_generator_py.so
[10.835s] -- Set runtime path of "/home/rover/kameyama_ws/install/my_nav_msgs/lib/libmy_nav_msgs__rosidl_generator_py.so" to ""
[10.836s] -- Up-to-date: /home/rover/kameyama_ws/install/my_nav_msgs/share/my_nav_msgs/cmake/export_my_nav_msgs__rosidl_generator_cExport.cmake
[10.836s] -- Up-to-date: /home/rover/kameyama_ws/install/my_nav_msgs/share/my_nav_msgs/cmake/export_my_nav_msgs__rosidl_generator_cExport-noconfig.cmake
[10.836s] -- Up-to-date: /home/rover/kameyama_ws/install/my_nav_msgs/share/my_nav_msgs/cmake/export_my_nav_msgs__rosidl_typesupport_fastrtps_cExport.cmake
[10.836s] -- Up-to-date: /home/rover/kameyama_ws/install/my_nav_msgs/share/my_nav_msgs/cmake/export_my_nav_msgs__rosidl_typesupport_fastrtps_cExport-noconfig.cmake
[10.836s] -- Up-to-date: /home/rover/kameyama_ws/install/my_nav_msgs/share/my_nav_msgs/cmake/export_my_nav_msgs__rosidl_generator_cppExport.cmake
[10.837s] -- Up-to-date: /home/rover/kameyama_ws/install/my_nav_msgs/share/my_nav_msgs/cmake/export_my_nav_msgs__rosidl_typesupport_fastrtps_cppExport.cmake
[10.837s] -- Up-to-date: /home/rover/kameyama_ws/install/my_nav_msgs/share/my_nav_msgs/cmake/export_my_nav_msgs__rosidl_typesupport_fastrtps_cppExport-noconfig.cmake
[10.840s] -- Up-to-date: /home/rover/kameyama_ws/install/my_nav_msgs/share/my_nav_msgs/cmake/my_nav_msgs__rosidl_typesupport_introspection_cExport.cmake
[10.841s] -- Up-to-date: /home/rover/kameyama_ws/install/my_nav_msgs/share/my_nav_msgs/cmake/my_nav_msgs__rosidl_typesupport_introspection_cExport-noconfig.cmake
[10.841s] -- Up-to-date: /home/rover/kameyama_ws/install/my_nav_msgs/share/my_nav_msgs/cmake/my_nav_msgs__rosidl_typesupport_cExport.cmake
[10.841s] -- Up-to-date: /home/rover/kameyama_ws/install/my_nav_msgs/share/my_nav_msgs/cmake/my_nav_msgs__rosidl_typesupport_cExport-noconfig.cmake
[10.841s] -- Up-to-date: /home/rover/kameyama_ws/install/my_nav_msgs/share/my_nav_msgs/cmake/my_nav_msgs__rosidl_typesupport_introspection_cppExport.cmake
[10.841s] -- Up-to-date: /home/rover/kameyama_ws/install/my_nav_msgs/share/my_nav_msgs/cmake/my_nav_msgs__rosidl_typesupport_introspection_cppExport-noconfig.cmake
[10.846s] -- Up-to-date: /home/rover/kameyama_ws/install/my_nav_msgs/share/my_nav_msgs/cmake/my_nav_msgs__rosidl_typesupport_cppExport.cmake
[10.847s] -- Up-to-date: /home/rover/kameyama_ws/install/my_nav_msgs/share/my_nav_msgs/cmake/my_nav_msgs__rosidl_typesupport_cppExport-noconfig.cmake
[10.847s] -- Up-to-date: /home/rover/kameyama_ws/install/my_nav_msgs/share/my_nav_msgs/cmake/export_my_nav_msgs__rosidl_generator_pyExport.cmake
[10.847s] -- Up-to-date: /home/rover/kameyama_ws/install/my_nav_msgs/share/my_nav_msgs/cmake/export_my_nav_msgs__rosidl_generator_pyExport-noconfig.cmake
[10.855s] Invoked command in '/home/rover/kameyama_ws/build/my_nav_msgs' returned '0': CMAKE_PREFIX_PATH=${CMAKE_PREFIX_PATH}:/home/rover/amir_basic_ws/install/camera_calibration:/opt/ros/humble /usr/bin/cmake --install /home/rover/kameyama_ws/build/my_nav_msgs
