-- Found ament_cmake: 1.3.11 (/opt/ros/humble/share/ament_cmake/cmake)
-- Override CMake install command with custom implementation using symlinks instead of copying resources
-- Found builtin_interfaces: 1.2.1 (/opt/ros/humble/share/builtin_interfaces/cmake)
-- Found rosidl_generator_c: 3.1.6 (/opt/ros/humble/share/rosidl_generator_c/cmake)
-- Found rosidl_adapter: 3.1.6 (/opt/ros/humble/share/rosidl_adapter/cmake)
-- Found rosidl_generator_cpp: 3.1.6 (/opt/ros/humble/share/rosidl_generator_cpp/cmake)
-- Using all available rosidl_typesupport_c: rosidl_typesupport_fastrtps_c;rosidl_typesupport_introspection_c
-- Using all available rosidl_typesupport_cpp: rosidl_typesupport_fastrtps_cpp;rosidl_typesupport_introspection_cpp
-- Found rosidl_default_generators: 1.2.0 (/opt/ros/humble/share/rosidl_default_generators/cmake)
-- Found action_msgs: 1.2.1 (/opt/ros/humble/share/action_msgs/cmake)
-- Found std_msgs: 4.2.4 (/opt/ros/humble/share/std_msgs/cmake)
-- Found moveit_msgs: 2.2.1 (/opt/ros/humble/share/moveit_msgs/cmake)
-- Found nav2_msgs: 1.1.18 (/opt/ros/humble/share/nav2_msgs/cmake)
-- Found ament_cmake_ros: 0.10.0 (/opt/ros/humble/share/ament_cmake_ros/cmake)
-- Using all available rosidl_typesupport_c: rosidl_typesupport_fastrtps_c;rosidl_typesupport_introspection_c
-- Using all available rosidl_typesupport_cpp: rosidl_typesupport_fastrtps_cpp;rosidl_typesupport_introspection_cpp
-- Found python_cmake_module: 0.10.0 (/opt/ros/humble/share/python_cmake_module/cmake)
-- Using PYTHON_EXECUTABLE: /usr/bin/python3
-- Using PYTHON_INCLUDE_DIRS: /usr/include/python3.10
-- Using PYTHON_LIBRARIES: /usr/lib/x86_64-linux-gnu/libpython3.10.so
-- Configuring done
-- Generating done
-- Build files have been written to: /home/rover/kameyama_ws/build/observation_msgs
[35m[1mConsolidate compiler generated dependencies of target observation_msgs__rosidl_generator_c[0m
[  1%] Built target observation_msgs__cpp
[  3%] [32mBuilding C object CMakeFiles/observation_msgs__rosidl_generator_c.dir/rosidl_generator_c/observation_msgs/srv/detail/set_objects__functions.c.o[0m
[  4%] [32mBuilding C object CMakeFiles/observation_msgs__rosidl_generator_c.dir/rosidl_generator_c/observation_msgs/msg/detail/path_evaluation__functions.c.o[0m
[  6%] [32mBuilding C object CMakeFiles/observation_msgs__rosidl_generator_c.dir/rosidl_generator_c/observation_msgs/msg/detail/object__functions.c.o[0m
[  7%] [32mBuilding C object CMakeFiles/observation_msgs__rosidl_generator_c.dir/rosidl_generator_c/observation_msgs/srv/detail/get_objects__functions.c.o[0m
[  9%] [32mBuilding C object CMakeFiles/observation_msgs__rosidl_generator_c.dir/rosidl_generator_c/observation_msgs/srv/detail/path_check__functions.c.o[0m
[35m[1mConsolidate compiler generated dependencies of target observation_msgs__rosidl_typesupport_fastrtps_cpp[0m
[  9%] Built target ament_cmake_python_symlink_observation_msgs
[35m[1mConsolidate compiler generated dependencies of target observation_msgs__rosidl_typesupport_introspection_cpp[0m
[35m[1mConsolidate compiler generated dependencies of target observation_msgs__rosidl_typesupport_cpp[0m
[ 11%] [32mBuilding CXX object CMakeFiles/observation_msgs__rosidl_typesupport_fastrtps_cpp.dir/rosidl_typesupport_fastrtps_cpp/observation_msgs/msg/detail/dds_fastrtps/path_evaluation__type_support.cpp.o[0m
[ 12%] [32mBuilding CXX object CMakeFiles/observation_msgs__rosidl_typesupport_fastrtps_cpp.dir/rosidl_typesupport_fastrtps_cpp/observation_msgs/msg/detail/dds_fastrtps/object__type_support.cpp.o[0m
[ 14%] [32mBuilding CXX object CMakeFiles/observation_msgs__rosidl_typesupport_introspection_cpp.dir/rosidl_typesupport_introspection_cpp/observation_msgs/msg/detail/path_evaluation__type_support.cpp.o[0m
[ 15%] [32mBuilding CXX object CMakeFiles/observation_msgs__rosidl_typesupport_fastrtps_cpp.dir/rosidl_typesupport_fastrtps_cpp/observation_msgs/srv/detail/dds_fastrtps/get_objects__type_support.cpp.o[0m
[ 17%] [32mBuilding CXX object CMakeFiles/observation_msgs__rosidl_typesupport_fastrtps_cpp.dir/rosidl_typesupport_fastrtps_cpp/observation_msgs/srv/detail/dds_fastrtps/set_objects__type_support.cpp.o[0m
[ 19%] [32mBuilding CXX object CMakeFiles/observation_msgs__rosidl_typesupport_cpp.dir/rosidl_typesupport_cpp/observation_msgs/msg/path_evaluation__type_support.cpp.o[0m
[ 20%] [32mBuilding CXX object CMakeFiles/observation_msgs__rosidl_typesupport_cpp.dir/rosidl_typesupport_cpp/observation_msgs/msg/object__type_support.cpp.o[0m
[ 22%] [32mBuilding CXX object CMakeFiles/observation_msgs__rosidl_typesupport_introspection_cpp.dir/rosidl_typesupport_introspection_cpp/observation_msgs/msg/detail/object__type_support.cpp.o[0m
[ 23%] [32mBuilding CXX object CMakeFiles/observation_msgs__rosidl_typesupport_cpp.dir/rosidl_typesupport_cpp/observation_msgs/srv/set_objects__type_support.cpp.o[0m
[ 25%] [32mBuilding CXX object CMakeFiles/observation_msgs__rosidl_typesupport_fastrtps_cpp.dir/rosidl_typesupport_fastrtps_cpp/observation_msgs/srv/detail/dds_fastrtps/path_check__type_support.cpp.o[0m
[ 26%] [32m[1mLinking C shared library libobservation_msgs__rosidl_generator_c.so[0m
[ 28%] Built target observation_msgs__rosidl_generator_c
[ 30%] [32mBuilding CXX object CMakeFiles/observation_msgs__rosidl_typesupport_introspection_cpp.dir/rosidl_typesupport_introspection_cpp/observation_msgs/srv/detail/set_objects__type_support.cpp.o[0m
[ 31%] [32mBuilding CXX object CMakeFiles/observation_msgs__rosidl_typesupport_introspection_cpp.dir/rosidl_typesupport_introspection_cpp/observation_msgs/srv/detail/get_objects__type_support.cpp.o[0m
[ 33%] [32mBuilding CXX object CMakeFiles/observation_msgs__rosidl_typesupport_cpp.dir/rosidl_typesupport_cpp/observation_msgs/srv/get_objects__type_support.cpp.o[0m
[ 34%] [32mBuilding CXX object CMakeFiles/observation_msgs__rosidl_typesupport_cpp.dir/rosidl_typesupport_cpp/observation_msgs/srv/path_check__type_support.cpp.o[0m
[35m[1mConsolidate compiler generated dependencies of target observation_msgs__rosidl_typesupport_introspection_c[0m
[35m[1mConsolidate compiler generated dependencies of target observation_msgs__rosidl_typesupport_fastrtps_c[0m
[ 36%] [32mBuilding CXX object CMakeFiles/observation_msgs__rosidl_typesupport_introspection_cpp.dir/rosidl_typesupport_introspection_cpp/observation_msgs/srv/detail/path_check__type_support.cpp.o[0m
[ 38%] [32mBuilding C object CMakeFiles/observation_msgs__rosidl_typesupport_introspection_c.dir/rosidl_typesupport_introspection_c/observation_msgs/msg/detail/path_evaluation__type_support.c.o[0m
[ 39%] [32mBuilding CXX object CMakeFiles/observation_msgs__rosidl_typesupport_fastrtps_c.dir/rosidl_typesupport_fastrtps_c/observation_msgs/msg/detail/path_evaluation__type_support_c.cpp.o[0m
[35m[1mConsolidate compiler generated dependencies of target observation_msgs__rosidl_typesupport_c[0m
[ 41%] [32mBuilding CXX object CMakeFiles/observation_msgs__rosidl_typesupport_c.dir/rosidl_typesupport_c/observation_msgs/msg/path_evaluation__type_support.cpp.o[0m
[ 42%] [32mBuilding C object CMakeFiles/observation_msgs__rosidl_typesupport_introspection_c.dir/rosidl_typesupport_introspection_c/observation_msgs/msg/detail/object__type_support.c.o[0m
[ 44%] [32mBuilding CXX object CMakeFiles/observation_msgs__rosidl_typesupport_c.dir/rosidl_typesupport_c/observation_msgs/msg/object__type_support.cpp.o[0m
[ 46%] [32mBuilding C object CMakeFiles/observation_msgs__rosidl_typesupport_introspection_c.dir/rosidl_typesupport_introspection_c/observation_msgs/srv/detail/set_objects__type_support.c.o[0m
[ 47%] [32mBuilding CXX object CMakeFiles/observation_msgs__rosidl_typesupport_c.dir/rosidl_typesupport_c/observation_msgs/srv/set_objects__type_support.cpp.o[0m
[ 49%] [32mBuilding C object CMakeFiles/observation_msgs__rosidl_typesupport_introspection_c.dir/rosidl_typesupport_introspection_c/observation_msgs/srv/detail/get_objects__type_support.c.o[0m
[ 50%] [32mBuilding CXX object CMakeFiles/observation_msgs__rosidl_typesupport_c.dir/rosidl_typesupport_c/observation_msgs/srv/get_objects__type_support.cpp.o[0m
[ 52%] [32mBuilding C object CMakeFiles/observation_msgs__rosidl_typesupport_introspection_c.dir/rosidl_typesupport_introspection_c/observation_msgs/srv/detail/path_check__type_support.c.o[0m
[ 53%] [32mBuilding CXX object CMakeFiles/observation_msgs__rosidl_typesupport_c.dir/rosidl_typesupport_c/observation_msgs/srv/path_check__type_support.cpp.o[0m
[ 55%] [32mBuilding CXX object CMakeFiles/observation_msgs__rosidl_typesupport_fastrtps_c.dir/rosidl_typesupport_fastrtps_c/observation_msgs/msg/detail/object__type_support_c.cpp.o[0m
[ 57%] [32m[1mLinking C shared library libobservation_msgs__rosidl_typesupport_introspection_c.so[0m
[ 58%] [32mBuilding CXX object CMakeFiles/observation_msgs__rosidl_typesupport_fastrtps_c.dir/rosidl_typesupport_fastrtps_c/observation_msgs/srv/detail/set_objects__type_support_c.cpp.o[0m
[ 60%] [32m[1mLinking CXX shared library libobservation_msgs__rosidl_typesupport_c.so[0m
[ 61%] Built target observation_msgs__rosidl_typesupport_introspection_c
[ 63%] [32mBuilding CXX object CMakeFiles/observation_msgs__rosidl_typesupport_fastrtps_c.dir/rosidl_typesupport_fastrtps_c/observation_msgs/srv/detail/get_objects__type_support_c.cpp.o[0m
running egg_info
[ 65%] [32m[1mLinking CXX shared library libobservation_msgs__rosidl_typesupport_cpp.so[0m
[ 66%] [32mBuilding CXX object CMakeFiles/observation_msgs__rosidl_typesupport_fastrtps_c.dir/rosidl_typesupport_fastrtps_c/observation_msgs/srv/detail/path_check__type_support_c.cpp.o[0m
[ 68%] Built target observation_msgs__rosidl_typesupport_c
[ 69%] Built target observation_msgs__rosidl_typesupport_cpp
writing observation_msgs.egg-info/PKG-INFO
[ 71%] [32m[1mLinking CXX shared library libobservation_msgs__rosidl_typesupport_fastrtps_cpp.so[0m
writing dependency_links to observation_msgs.egg-info/dependency_links.txt
[ 73%] Built target observation_msgs__rosidl_typesupport_fastrtps_cpp
[ 74%] [32m[1mLinking CXX shared library libobservation_msgs__rosidl_typesupport_fastrtps_c.so[0m
[ 76%] [32m[1mLinking CXX shared library libobservation_msgs__rosidl_typesupport_introspection_cpp.so[0m
[ 77%] Built target observation_msgs__rosidl_typesupport_fastrtps_c
[ 79%] Built target observation_msgs__rosidl_typesupport_introspection_cpp
writing top-level names to observation_msgs.egg-info/top_level.txt
[ 79%] Built target observation_msgs
[ 80%] Built target observation_msgs__py
[35m[1mConsolidate compiler generated dependencies of target observation_msgs__rosidl_generator_py[0m
[ 82%] [32mBuilding C object CMakeFiles/observation_msgs__rosidl_generator_py.dir/rosidl_generator_py/observation_msgs/srv/_get_objects_s.c.o[0m
[ 84%] [32mBuilding C object CMakeFiles/observation_msgs__rosidl_generator_py.dir/rosidl_generator_py/observation_msgs/msg/_object_s.c.o[0m
[ 85%] [32mBuilding C object CMakeFiles/observation_msgs__rosidl_generator_py.dir/rosidl_generator_py/observation_msgs/srv/_set_objects_s.c.o[0m
[ 87%] [32mBuilding C object CMakeFiles/observation_msgs__rosidl_generator_py.dir/rosidl_generator_py/observation_msgs/srv/_path_check_s.c.o[0m
[ 88%] [32mBuilding C object CMakeFiles/observation_msgs__rosidl_generator_py.dir/rosidl_generator_py/observation_msgs/msg/_path_evaluation_s.c.o[0m
reading manifest file 'observation_msgs.egg-info/SOURCES.txt'
writing manifest file 'observation_msgs.egg-info/SOURCES.txt'
[ 88%] Built target ament_cmake_python_build_observation_msgs_egg
[ 90%] [32m[1mLinking C shared library rosidl_generator_py/observation_msgs/libobservation_msgs__rosidl_generator_py.so[0m
[ 90%] Built target observation_msgs__rosidl_generator_py
[35m[1mConsolidate compiler generated dependencies of target observation_msgs__rosidl_typesupport_introspection_c__pyext[0m
[35m[1mConsolidate compiler generated dependencies of target observation_msgs__rosidl_typesupport_fastrtps_c__pyext[0m
[ 92%] [32mBuilding C object CMakeFiles/observation_msgs__rosidl_typesupport_introspection_c__pyext.dir/rosidl_generator_py/observation_msgs/_observation_msgs_s.ep.rosidl_typesupport_introspection_c.c.o[0m
[ 93%] [32mBuilding C object CMakeFiles/observation_msgs__rosidl_typesupport_fastrtps_c__pyext.dir/rosidl_generator_py/observation_msgs/_observation_msgs_s.ep.rosidl_typesupport_fastrtps_c.c.o[0m
[35m[1mConsolidate compiler generated dependencies of target observation_msgs__rosidl_typesupport_c__pyext[0m
[ 95%] [32mBuilding C object CMakeFiles/observation_msgs__rosidl_typesupport_c__pyext.dir/rosidl_generator_py/observation_msgs/_observation_msgs_s.ep.rosidl_typesupport_c.c.o[0m
[ 96%] [32m[1mLinking C shared library rosidl_generator_py/observation_msgs/observation_msgs_s__rosidl_typesupport_c.cpython-310-x86_64-linux-gnu.so[0m
[ 96%] Built target observation_msgs__rosidl_typesupport_c__pyext
[ 98%] [32m[1mLinking C shared library rosidl_generator_py/observation_msgs/observation_msgs_s__rosidl_typesupport_introspection_c.cpython-310-x86_64-linux-gnu.so[0m
[100%] [32m[1mLinking C shared library rosidl_generator_py/observation_msgs/observation_msgs_s__rosidl_typesupport_fastrtps_c.cpython-310-x86_64-linux-gnu.so[0m
[100%] Built target observation_msgs__rosidl_typesupport_fastrtps_c__pyext
[100%] Built target observation_msgs__rosidl_typesupport_introspection_c__pyext
-- Install configuration: ""
-- Execute custom install script
-- Up-to-date symlink: /home/rover/kameyama_ws/install/observation_msgs/share/ament_index/resource_index/rosidl_interfaces/observation_msgs
-- Up-to-date symlink: /home/rover/kameyama_ws/install/observation_msgs/include/observation_msgs/observation_msgs/msg/detail/object__functions.h
-- Up-to-date symlink: /home/rover/kameyama_ws/install/observation_msgs/include/observation_msgs/observation_msgs/msg/detail/object__struct.h
-- Up-to-date symlink: /home/rover/kameyama_ws/install/observation_msgs/include/observation_msgs/observation_msgs/msg/detail/object__type_support.h
-- Up-to-date symlink: /home/rover/kameyama_ws/install/observation_msgs/include/observation_msgs/observation_msgs/msg/detail/path_evaluation__functions.h
-- Up-to-date symlink: /home/rover/kameyama_ws/install/observation_msgs/include/observation_msgs/observation_msgs/msg/detail/path_evaluation__struct.h
-- Up-to-date symlink: /home/rover/kameyama_ws/install/observation_msgs/include/observation_msgs/observation_msgs/msg/detail/path_evaluation__type_support.h
-- Up-to-date symlink: /home/rover/kameyama_ws/install/observation_msgs/include/observation_msgs/observation_msgs/msg/object.h
-- Up-to-date symlink: /home/rover/kameyama_ws/install/observation_msgs/include/observation_msgs/observation_msgs/msg/path_evaluation.h
-- Up-to-date symlink: /home/rover/kameyama_ws/install/observation_msgs/include/observation_msgs/observation_msgs/msg/rosidl_generator_c__visibility_control.h
-- Up-to-date symlink: /home/rover/kameyama_ws/install/observation_msgs/include/observation_msgs/observation_msgs/srv/detail/get_objects__functions.h
-- Up-to-date symlink: /home/rover/kameyama_ws/install/observation_msgs/include/observation_msgs/observation_msgs/srv/detail/get_objects__struct.h
-- Up-to-date symlink: /home/rover/kameyama_ws/install/observation_msgs/include/observation_msgs/observation_msgs/srv/detail/get_objects__type_support.h
-- Up-to-date symlink: /home/rover/kameyama_ws/install/observation_msgs/include/observation_msgs/observation_msgs/srv/detail/path_check__functions.h
-- Up-to-date symlink: /home/rover/kameyama_ws/install/observation_msgs/include/observation_msgs/observation_msgs/srv/detail/path_check__struct.h
-- Up-to-date symlink: /home/rover/kameyama_ws/install/observation_msgs/include/observation_msgs/observation_msgs/srv/detail/path_check__type_support.h
-- Up-to-date symlink: /home/rover/kameyama_ws/install/observation_msgs/include/observation_msgs/observation_msgs/srv/detail/set_objects__functions.h
-- Up-to-date symlink: /home/rover/kameyama_ws/install/observation_msgs/include/observation_msgs/observation_msgs/srv/detail/set_objects__struct.h
-- Up-to-date symlink: /home/rover/kameyama_ws/install/observation_msgs/include/observation_msgs/observation_msgs/srv/detail/set_objects__type_support.h
-- Up-to-date symlink: /home/rover/kameyama_ws/install/observation_msgs/include/observation_msgs/observation_msgs/srv/get_objects.h
-- Up-to-date symlink: /home/rover/kameyama_ws/install/observation_msgs/include/observation_msgs/observation_msgs/srv/path_check.h
-- Up-to-date symlink: /home/rover/kameyama_ws/install/observation_msgs/include/observation_msgs/observation_msgs/srv/set_objects.h
-- Up-to-date symlink: /home/rover/kameyama_ws/install/observation_msgs/share/observation_msgs/environment/library_path.sh
-- Up-to-date symlink: /home/rover/kameyama_ws/install/observation_msgs/share/observation_msgs/environment/library_path.dsv
-- Up-to-date symlink: /home/rover/kameyama_ws/install/observation_msgs/include/observation_msgs/observation_msgs/msg/detail/object__rosidl_typesupport_fastrtps_c.h
-- Up-to-date symlink: /home/rover/kameyama_ws/install/observation_msgs/include/observation_msgs/observation_msgs/msg/detail/path_evaluation__rosidl_typesupport_fastrtps_c.h
-- Up-to-date symlink: /home/rover/kameyama_ws/install/observation_msgs/include/observation_msgs/observation_msgs/msg/rosidl_typesupport_fastrtps_c__visibility_control.h
-- Up-to-date symlink: /home/rover/kameyama_ws/install/observation_msgs/include/observation_msgs/observation_msgs/srv/detail/get_objects__rosidl_typesupport_fastrtps_c.h
-- Up-to-date symlink: /home/rover/kameyama_ws/install/observation_msgs/include/observation_msgs/observation_msgs/srv/detail/path_check__rosidl_typesupport_fastrtps_c.h
-- Up-to-date symlink: /home/rover/kameyama_ws/install/observation_msgs/include/observation_msgs/observation_msgs/srv/detail/set_objects__rosidl_typesupport_fastrtps_c.h
-- Up-to-date symlink: /home/rover/kameyama_ws/install/observation_msgs/include/observation_msgs/observation_msgs/msg/detail/object__builder.hpp
-- Up-to-date symlink: /home/rover/kameyama_ws/install/observation_msgs/include/observation_msgs/observation_msgs/msg/detail/object__struct.hpp
-- Up-to-date symlink: /home/rover/kameyama_ws/install/observation_msgs/include/observation_msgs/observation_msgs/msg/detail/object__traits.hpp
-- Up-to-date symlink: /home/rover/kameyama_ws/install/observation_msgs/include/observation_msgs/observation_msgs/msg/detail/object__type_support.hpp
-- Up-to-date symlink: /home/rover/kameyama_ws/install/observation_msgs/include/observation_msgs/observation_msgs/msg/detail/path_evaluation__builder.hpp
-- Up-to-date symlink: /home/rover/kameyama_ws/install/observation_msgs/include/observation_msgs/observation_msgs/msg/detail/path_evaluation__struct.hpp
-- Up-to-date symlink: /home/rover/kameyama_ws/install/observation_msgs/include/observation_msgs/observation_msgs/msg/detail/path_evaluation__traits.hpp
-- Up-to-date symlink: /home/rover/kameyama_ws/install/observation_msgs/include/observation_msgs/observation_msgs/msg/detail/path_evaluation__type_support.hpp
-- Up-to-date symlink: /home/rover/kameyama_ws/install/observation_msgs/include/observation_msgs/observation_msgs/msg/object.hpp
-- Up-to-date symlink: /home/rover/kameyama_ws/install/observation_msgs/include/observation_msgs/observation_msgs/msg/path_evaluation.hpp
-- Up-to-date symlink: /home/rover/kameyama_ws/install/observation_msgs/include/observation_msgs/observation_msgs/msg/rosidl_generator_cpp__visibility_control.hpp
-- Up-to-date symlink: /home/rover/kameyama_ws/install/observation_msgs/include/observation_msgs/observation_msgs/srv/detail/get_objects__builder.hpp
-- Up-to-date symlink: /home/rover/kameyama_ws/install/observation_msgs/include/observation_msgs/observation_msgs/srv/detail/get_objects__struct.hpp
-- Up-to-date symlink: /home/rover/kameyama_ws/install/observation_msgs/include/observation_msgs/observation_msgs/srv/detail/get_objects__traits.hpp
-- Up-to-date symlink: /home/rover/kameyama_ws/install/observation_msgs/include/observation_msgs/observation_msgs/srv/detail/get_objects__type_support.hpp
-- Up-to-date symlink: /home/rover/kameyama_ws/install/observation_msgs/include/observation_msgs/observation_msgs/srv/detail/path_check__builder.hpp
-- Up-to-date symlink: /home/rover/kameyama_ws/install/observation_msgs/include/observation_msgs/observation_msgs/srv/detail/path_check__struct.hpp
-- Up-to-date symlink: /home/rover/kameyama_ws/install/observation_msgs/include/observation_msgs/observation_msgs/srv/detail/path_check__traits.hpp
-- Up-to-date symlink: /home/rover/kameyama_ws/install/observation_msgs/include/observation_msgs/observation_msgs/srv/detail/path_check__type_support.hpp
-- Up-to-date symlink: /home/rover/kameyama_ws/install/observation_msgs/include/observation_msgs/observation_msgs/srv/detail/set_objects__builder.hpp
-- Up-to-date symlink: /home/rover/kameyama_ws/install/observation_msgs/include/observation_msgs/observation_msgs/srv/detail/set_objects__struct.hpp
-- Up-to-date symlink: /home/rover/kameyama_ws/install/observation_msgs/include/observation_msgs/observation_msgs/srv/detail/set_objects__traits.hpp
-- Up-to-date symlink: /home/rover/kameyama_ws/install/observation_msgs/include/observation_msgs/observation_msgs/srv/detail/set_objects__type_support.hpp
-- Up-to-date symlink: /home/rover/kameyama_ws/install/observation_msgs/include/observation_msgs/observation_msgs/srv/get_objects.hpp
-- Up-to-date symlink: /home/rover/kameyama_ws/install/observation_msgs/include/observation_msgs/observation_msgs/srv/path_check.hpp
-- Up-to-date symlink: /home/rover/kameyama_ws/install/observation_msgs/include/observation_msgs/observation_msgs/srv/set_objects.hpp
-- Up-to-date symlink: /home/rover/kameyama_ws/install/observation_msgs/include/observation_msgs/observation_msgs/msg/detail/object__rosidl_typesupport_fastrtps_cpp.hpp
-- Up-to-date symlink: /home/rover/kameyama_ws/install/observation_msgs/include/observation_msgs/observation_msgs/msg/detail/path_evaluation__rosidl_typesupport_fastrtps_cpp.hpp
-- Up-to-date symlink: /home/rover/kameyama_ws/install/observation_msgs/include/observation_msgs/observation_msgs/msg/rosidl_typesupport_fastrtps_cpp__visibility_control.h
-- Up-to-date symlink: /home/rover/kameyama_ws/install/observation_msgs/include/observation_msgs/observation_msgs/srv/detail/get_objects__rosidl_typesupport_fastrtps_cpp.hpp
-- Up-to-date symlink: /home/rover/kameyama_ws/install/observation_msgs/include/observation_msgs/observation_msgs/srv/detail/path_check__rosidl_typesupport_fastrtps_cpp.hpp
-- Up-to-date symlink: /home/rover/kameyama_ws/install/observation_msgs/include/observation_msgs/observation_msgs/srv/detail/set_objects__rosidl_typesupport_fastrtps_cpp.hpp
-- Up-to-date symlink: /home/rover/kameyama_ws/install/observation_msgs/include/observation_msgs/observation_msgs/msg/detail/object__rosidl_typesupport_introspection_c.h
-- Up-to-date symlink: /home/rover/kameyama_ws/install/observation_msgs/include/observation_msgs/observation_msgs/msg/detail/path_evaluation__rosidl_typesupport_introspection_c.h
-- Up-to-date symlink: /home/rover/kameyama_ws/install/observation_msgs/include/observation_msgs/observation_msgs/msg/rosidl_typesupport_introspection_c__visibility_control.h
-- Up-to-date symlink: /home/rover/kameyama_ws/install/observation_msgs/include/observation_msgs/observation_msgs/srv/detail/get_objects__rosidl_typesupport_introspection_c.h
-- Up-to-date symlink: /home/rover/kameyama_ws/install/observation_msgs/include/observation_msgs/observation_msgs/srv/detail/path_check__rosidl_typesupport_introspection_c.h
-- Up-to-date symlink: /home/rover/kameyama_ws/install/observation_msgs/include/observation_msgs/observation_msgs/srv/detail/set_objects__rosidl_typesupport_introspection_c.h
-- Up-to-date symlink: /home/rover/kameyama_ws/install/observation_msgs/include/observation_msgs/observation_msgs/msg/detail/object__rosidl_typesupport_introspection_cpp.hpp
-- Up-to-date symlink: /home/rover/kameyama_ws/install/observation_msgs/include/observation_msgs/observation_msgs/msg/detail/path_evaluation__rosidl_typesupport_introspection_cpp.hpp
-- Up-to-date symlink: /home/rover/kameyama_ws/install/observation_msgs/include/observation_msgs/observation_msgs/srv/detail/get_objects__rosidl_typesupport_introspection_cpp.hpp
-- Up-to-date symlink: /home/rover/kameyama_ws/install/observation_msgs/include/observation_msgs/observation_msgs/srv/detail/path_check__rosidl_typesupport_introspection_cpp.hpp
-- Up-to-date symlink: /home/rover/kameyama_ws/install/observation_msgs/include/observation_msgs/observation_msgs/srv/detail/set_objects__rosidl_typesupport_introspection_cpp.hpp
-- Up-to-date symlink: /home/rover/kameyama_ws/install/observation_msgs/share/observation_msgs/environment/pythonpath.sh
-- Up-to-date symlink: /home/rover/kameyama_ws/install/observation_msgs/share/observation_msgs/environment/pythonpath.dsv
-- Up-to-date symlink: /home/rover/kameyama_ws/install/observation_msgs/local/lib/python3.10/dist-packages/observation_msgs-0.1.0-py3.10.egg-info/PKG-INFO
-- Up-to-date symlink: /home/rover/kameyama_ws/install/observation_msgs/local/lib/python3.10/dist-packages/observation_msgs-0.1.0-py3.10.egg-info/SOURCES.txt
-- Up-to-date symlink: /home/rover/kameyama_ws/install/observation_msgs/local/lib/python3.10/dist-packages/observation_msgs-0.1.0-py3.10.egg-info/dependency_links.txt
-- Up-to-date symlink: /home/rover/kameyama_ws/install/observation_msgs/local/lib/python3.10/dist-packages/observation_msgs-0.1.0-py3.10.egg-info/top_level.txt
-- Up-to-date symlink: /home/rover/kameyama_ws/install/observation_msgs/local/lib/python3.10/dist-packages/observation_msgs/__init__.py
-- Up-to-date symlink: /home/rover/kameyama_ws/install/observation_msgs/local/lib/python3.10/dist-packages/observation_msgs/_observation_msgs_s.ep.rosidl_typesupport_c.c
-- Up-to-date symlink: /home/rover/kameyama_ws/install/observation_msgs/local/lib/python3.10/dist-packages/observation_msgs/_observation_msgs_s.ep.rosidl_typesupport_fastrtps_c.c
-- Up-to-date symlink: /home/rover/kameyama_ws/install/observation_msgs/local/lib/python3.10/dist-packages/observation_msgs/_observation_msgs_s.ep.rosidl_typesupport_introspection_c.c
-- Up-to-date symlink: /home/rover/kameyama_ws/install/observation_msgs/local/lib/python3.10/dist-packages/observation_msgs/libobservation_msgs__rosidl_generator_py.so
-- Up-to-date symlink: /home/rover/kameyama_ws/install/observation_msgs/local/lib/python3.10/dist-packages/observation_msgs/msg/__init__.py
-- Up-to-date symlink: /home/rover/kameyama_ws/install/observation_msgs/local/lib/python3.10/dist-packages/observation_msgs/msg/_object.py
-- Up-to-date symlink: /home/rover/kameyama_ws/install/observation_msgs/local/lib/python3.10/dist-packages/observation_msgs/msg/_object_s.c
-- Up-to-date symlink: /home/rover/kameyama_ws/install/observation_msgs/local/lib/python3.10/dist-packages/observation_msgs/msg/_path_evaluation.py
-- Up-to-date symlink: /home/rover/kameyama_ws/install/observation_msgs/local/lib/python3.10/dist-packages/observation_msgs/msg/_path_evaluation_s.c
-- Up-to-date symlink: /home/rover/kameyama_ws/install/observation_msgs/local/lib/python3.10/dist-packages/observation_msgs/observation_msgs_s__rosidl_typesupport_c.cpython-310-x86_64-linux-gnu.so
-- Up-to-date symlink: /home/rover/kameyama_ws/install/observation_msgs/local/lib/python3.10/dist-packages/observation_msgs/observation_msgs_s__rosidl_typesupport_fastrtps_c.cpython-310-x86_64-linux-gnu.so
-- Up-to-date symlink: /home/rover/kameyama_ws/install/observation_msgs/local/lib/python3.10/dist-packages/observation_msgs/observation_msgs_s__rosidl_typesupport_introspection_c.cpython-310-x86_64-linux-gnu.so
-- Up-to-date symlink: /home/rover/kameyama_ws/install/observation_msgs/local/lib/python3.10/dist-packages/observation_msgs/srv/__init__.py
-- Up-to-date symlink: /home/rover/kameyama_ws/install/observation_msgs/local/lib/python3.10/dist-packages/observation_msgs/srv/_get_objects.py
-- Up-to-date symlink: /home/rover/kameyama_ws/install/observation_msgs/local/lib/python3.10/dist-packages/observation_msgs/srv/_get_objects_s.c
-- Up-to-date symlink: /home/rover/kameyama_ws/install/observation_msgs/local/lib/python3.10/dist-packages/observation_msgs/srv/_path_check.py
-- Up-to-date symlink: /home/rover/kameyama_ws/install/observation_msgs/local/lib/python3.10/dist-packages/observation_msgs/srv/_path_check_s.c
-- Up-to-date symlink: /home/rover/kameyama_ws/install/observation_msgs/local/lib/python3.10/dist-packages/observation_msgs/srv/_set_objects.py
-- Up-to-date symlink: /home/rover/kameyama_ws/install/observation_msgs/local/lib/python3.10/dist-packages/observation_msgs/srv/_set_objects_s.c
-- Up-to-date symlink: /home/rover/kameyama_ws/install/observation_msgs/local/lib/python3.10/dist-packages/observation_msgs/observation_msgs_s__rosidl_typesupport_fastrtps_c.cpython-310-x86_64-linux-gnu.so
-- Up-to-date symlink: /home/rover/kameyama_ws/install/observation_msgs/local/lib/python3.10/dist-packages/observation_msgs/observation_msgs_s__rosidl_typesupport_introspection_c.cpython-310-x86_64-linux-gnu.so
-- Up-to-date symlink: /home/rover/kameyama_ws/install/observation_msgs/local/lib/python3.10/dist-packages/observation_msgs/observation_msgs_s__rosidl_typesupport_c.cpython-310-x86_64-linux-gnu.so
-- Up-to-date symlink: /home/rover/kameyama_ws/install/observation_msgs/share/observation_msgs/msg/PathEvaluation.idl
-- Up-to-date symlink: /home/rover/kameyama_ws/install/observation_msgs/share/observation_msgs/msg/Object.idl
-- Up-to-date symlink: /home/rover/kameyama_ws/install/observation_msgs/share/observation_msgs/srv/SetObjects.idl
-- Up-to-date symlink: /home/rover/kameyama_ws/install/observation_msgs/share/observation_msgs/srv/GetObjects.idl
-- Up-to-date symlink: /home/rover/kameyama_ws/install/observation_msgs/share/observation_msgs/srv/PathCheck.idl
-- Up-to-date symlink: /home/rover/kameyama_ws/install/observation_msgs/share/observation_msgs/msg/PathEvaluation.msg
-- Up-to-date symlink: /home/rover/kameyama_ws/install/observation_msgs/share/observation_msgs/msg/Object.msg
-- Up-to-date symlink: /home/rover/kameyama_ws/install/observation_msgs/share/observation_msgs/srv/SetObjects.srv
-- Up-to-date symlink: /home/rover/kameyama_ws/install/observation_msgs/share/observation_msgs/srv/SetObjects_Request.msg
-- Up-to-date symlink: /home/rover/kameyama_ws/install/observation_msgs/share/observation_msgs/srv/SetObjects_Response.msg
-- Up-to-date symlink: /home/rover/kameyama_ws/install/observation_msgs/share/observation_msgs/srv/GetObjects.srv
-- Up-to-date symlink: /home/rover/kameyama_ws/install/observation_msgs/share/observation_msgs/srv/GetObjects_Request.msg
-- Up-to-date symlink: /home/rover/kameyama_ws/install/observation_msgs/share/observation_msgs/srv/GetObjects_Response.msg
-- Up-to-date symlink: /home/rover/kameyama_ws/install/observation_msgs/share/observation_msgs/srv/PathCheck.srv
-- Up-to-date symlink: /home/rover/kameyama_ws/install/observation_msgs/share/observation_msgs/srv/PathCheck_Request.msg
-- Up-to-date symlink: /home/rover/kameyama_ws/install/observation_msgs/share/observation_msgs/srv/PathCheck_Response.msg
-- Up-to-date symlink: /home/rover/kameyama_ws/install/observation_msgs/share/ament_index/resource_index/package_run_dependencies/observation_msgs
-- Up-to-date symlink: /home/rover/kameyama_ws/install/observation_msgs/share/ament_index/resource_index/parent_prefix_path/observation_msgs
-- Up-to-date symlink: /home/rover/kameyama_ws/install/observation_msgs/share/observation_msgs/environment/ament_prefix_path.sh
-- Up-to-date symlink: /home/rover/kameyama_ws/install/observation_msgs/share/observation_msgs/environment/ament_prefix_path.dsv
-- Up-to-date symlink: /home/rover/kameyama_ws/install/observation_msgs/share/observation_msgs/environment/path.sh
-- Up-to-date symlink: /home/rover/kameyama_ws/install/observation_msgs/share/observation_msgs/environment/path.dsv
-- Up-to-date symlink: /home/rover/kameyama_ws/install/observation_msgs/share/observation_msgs/local_setup.bash
-- Up-to-date symlink: /home/rover/kameyama_ws/install/observation_msgs/share/observation_msgs/local_setup.sh
-- Up-to-date symlink: /home/rover/kameyama_ws/install/observation_msgs/share/observation_msgs/local_setup.zsh
-- Up-to-date symlink: /home/rover/kameyama_ws/install/observation_msgs/share/observation_msgs/local_setup.dsv
-- Symlinking: /home/rover/kameyama_ws/install/observation_msgs/share/observation_msgs/package.dsv
-- Up-to-date symlink: /home/rover/kameyama_ws/install/observation_msgs/share/ament_index/resource_index/packages/observation_msgs
-- Up-to-date symlink: /home/rover/kameyama_ws/install/observation_msgs/share/observation_msgs/cmake/rosidl_cmake-extras.cmake
-- Up-to-date symlink: /home/rover/kameyama_ws/install/observation_msgs/share/observation_msgs/cmake/ament_cmake_export_dependencies-extras.cmake
-- Up-to-date symlink: /home/rover/kameyama_ws/install/observation_msgs/share/observation_msgs/cmake/ament_cmake_export_include_directories-extras.cmake
-- Up-to-date symlink: /home/rover/kameyama_ws/install/observation_msgs/share/observation_msgs/cmake/ament_cmake_export_libraries-extras.cmake
-- Up-to-date symlink: /home/rover/kameyama_ws/install/observation_msgs/share/observation_msgs/cmake/ament_cmake_export_targets-extras.cmake
-- Up-to-date symlink: /home/rover/kameyama_ws/install/observation_msgs/share/observation_msgs/cmake/rosidl_cmake_export_typesupport_targets-extras.cmake
-- Up-to-date symlink: /home/rover/kameyama_ws/install/observation_msgs/share/observation_msgs/cmake/rosidl_cmake_export_typesupport_libraries-extras.cmake
-- Up-to-date symlink: /home/rover/kameyama_ws/install/observation_msgs/share/observation_msgs/cmake/observation_msgsConfig.cmake
-- Up-to-date symlink: /home/rover/kameyama_ws/install/observation_msgs/share/observation_msgs/cmake/observation_msgsConfig-version.cmake
-- Up-to-date symlink: /home/rover/kameyama_ws/install/observation_msgs/share/observation_msgs/package.xml
-- Installing: /home/rover/kameyama_ws/install/observation_msgs/lib/libobservation_msgs__rosidl_generator_c.so
-- Set runtime path of "/home/rover/kameyama_ws/install/observation_msgs/lib/libobservation_msgs__rosidl_generator_c.so" to ""
-- Installing: /home/rover/kameyama_ws/install/observation_msgs/lib/libobservation_msgs__rosidl_typesupport_fastrtps_c.so
-- Set runtime path of "/home/rover/kameyama_ws/install/observation_msgs/lib/libobservation_msgs__rosidl_typesupport_fastrtps_c.so" to ""
-- Installing: /home/rover/kameyama_ws/install/observation_msgs/lib/libobservation_msgs__rosidl_typesupport_fastrtps_cpp.so
-- Set runtime path of "/home/rover/kameyama_ws/install/observation_msgs/lib/libobservation_msgs__rosidl_typesupport_fastrtps_cpp.so" to ""
-- Installing: /home/rover/kameyama_ws/install/observation_msgs/lib/libobservation_msgs__rosidl_typesupport_introspection_c.so
-- Set runtime path of "/home/rover/kameyama_ws/install/observation_msgs/lib/libobservation_msgs__rosidl_typesupport_introspection_c.so" to ""
-- Installing: /home/rover/kameyama_ws/install/observation_msgs/lib/libobservation_msgs__rosidl_typesupport_c.so
-- Set runtime path of "/home/rover/kameyama_ws/install/observation_msgs/lib/libobservation_msgs__rosidl_typesupport_c.so" to ""
-- Installing: /home/rover/kameyama_ws/install/observation_msgs/lib/libobservation_msgs__rosidl_typesupport_introspection_cpp.so
-- Set runtime path of "/home/rover/kameyama_ws/install/observation_msgs/lib/libobservation_msgs__rosidl_typesupport_introspection_cpp.so" to ""
-- Installing: /home/rover/kameyama_ws/install/observation_msgs/lib/libobservation_msgs__rosidl_typesupport_cpp.so
-- Set runtime path of "/home/rover/kameyama_ws/install/observation_msgs/lib/libobservation_msgs__rosidl_typesupport_cpp.so" to ""
Listing '/home/rover/kameyama_ws/install/observation_msgs/local/lib/python3.10/dist-packages/observation_msgs'...
Compiling '/home/rover/kameyama_ws/install/observation_msgs/local/lib/python3.10/dist-packages/observation_msgs/__init__.py'...
Listing '/home/rover/kameyama_ws/install/observation_msgs/local/lib/python3.10/dist-packages/observation_msgs/msg'...
Listing '/home/rover/kameyama_ws/install/observation_msgs/local/lib/python3.10/dist-packages/observation_msgs/srv'...
-- Installing: /home/rover/kameyama_ws/install/observation_msgs/lib/libobservation_msgs__rosidl_generator_py.so
-- Set runtime path of "/home/rover/kameyama_ws/install/observation_msgs/lib/libobservation_msgs__rosidl_generator_py.so" to ""
-- Up-to-date: /home/rover/kameyama_ws/install/observation_msgs/share/observation_msgs/cmake/export_observation_msgs__rosidl_generator_cExport.cmake
-- Up-to-date: /home/rover/kameyama_ws/install/observation_msgs/share/observation_msgs/cmake/export_observation_msgs__rosidl_generator_cExport-noconfig.cmake
-- Up-to-date: /home/rover/kameyama_ws/install/observation_msgs/share/observation_msgs/cmake/export_observation_msgs__rosidl_typesupport_fastrtps_cExport.cmake
-- Up-to-date: /home/rover/kameyama_ws/install/observation_msgs/share/observation_msgs/cmake/export_observation_msgs__rosidl_typesupport_fastrtps_cExport-noconfig.cmake
-- Up-to-date: /home/rover/kameyama_ws/install/observation_msgs/share/observation_msgs/cmake/export_observation_msgs__rosidl_generator_cppExport.cmake
-- Up-to-date: /home/rover/kameyama_ws/install/observation_msgs/share/observation_msgs/cmake/export_observation_msgs__rosidl_typesupport_fastrtps_cppExport.cmake
-- Up-to-date: /home/rover/kameyama_ws/install/observation_msgs/share/observation_msgs/cmake/export_observation_msgs__rosidl_typesupport_fastrtps_cppExport-noconfig.cmake
-- Up-to-date: /home/rover/kameyama_ws/install/observation_msgs/share/observation_msgs/cmake/observation_msgs__rosidl_typesupport_introspection_cExport.cmake
-- Up-to-date: /home/rover/kameyama_ws/install/observation_msgs/share/observation_msgs/cmake/observation_msgs__rosidl_typesupport_introspection_cExport-noconfig.cmake
-- Up-to-date: /home/rover/kameyama_ws/install/observation_msgs/share/observation_msgs/cmake/observation_msgs__rosidl_typesupport_cExport.cmake
-- Up-to-date: /home/rover/kameyama_ws/install/observation_msgs/share/observation_msgs/cmake/observation_msgs__rosidl_typesupport_cExport-noconfig.cmake
-- Up-to-date: /home/rover/kameyama_ws/install/observation_msgs/share/observation_msgs/cmake/observation_msgs__rosidl_typesupport_introspection_cppExport.cmake
-- Up-to-date: /home/rover/kameyama_ws/install/observation_msgs/share/observation_msgs/cmake/observation_msgs__rosidl_typesupport_introspection_cppExport-noconfig.cmake
-- Up-to-date: /home/rover/kameyama_ws/install/observation_msgs/share/observation_msgs/cmake/observation_msgs__rosidl_typesupport_cppExport.cmake
-- Up-to-date: /home/rover/kameyama_ws/install/observation_msgs/share/observation_msgs/cmake/observation_msgs__rosidl_typesupport_cppExport-noconfig.cmake
-- Up-to-date: /home/rover/kameyama_ws/install/observation_msgs/share/observation_msgs/cmake/export_observation_msgs__rosidl_generator_pyExport.cmake
-- Up-to-date: /home/rover/kameyama_ws/install/observation_msgs/share/observation_msgs/cmake/export_observation_msgs__rosidl_generator_pyExport-noconfig.cmake
