[0.054s] Invoking command in '/home/rover/kameyama_ws/build/observation_msgs': CMAKE_PREFIX_PATH=${CMAKE_PREFIX_PATH}:/home/rover/amir_basic_ws/install/camera_calibration:/opt/ros/humble /usr/bin/cmake --build /home/rover/kameyama_ws/build/observation_msgs -- -j12 -l12
[1.428s] -- Found ament_cmake: 1.3.11 (/opt/ros/humble/share/ament_cmake/cmake)
[1.428s] -- Override CMake install command with custom implementation using symlinks instead of copying resources
[1.429s] -- Found builtin_interfaces: 1.2.1 (/opt/ros/humble/share/builtin_interfaces/cmake)
[1.429s] -- Found rosidl_generator_c: 3.1.6 (/opt/ros/humble/share/rosidl_generator_c/cmake)
[1.429s] -- Found rosidl_adapter: 3.1.6 (/opt/ros/humble/share/rosidl_adapter/cmake)
[1.429s] -- Found rosidl_generator_cpp: 3.1.6 (/opt/ros/humble/share/rosidl_generator_cpp/cmake)
[1.429s] -- Using all available rosidl_typesupport_c: rosidl_typesupport_fastrtps_c;rosidl_typesupport_introspection_c
[1.429s] -- Using all available rosidl_typesupport_cpp: rosidl_typesupport_fastrtps_cpp;rosidl_typesupport_introspection_cpp
[1.429s] -- Found rosidl_default_generators: 1.2.0 (/opt/ros/humble/share/rosidl_default_generators/cmake)
[1.429s] -- Found action_msgs: 1.2.1 (/opt/ros/humble/share/action_msgs/cmake)
[1.429s] -- Found std_msgs: 4.2.4 (/opt/ros/humble/share/std_msgs/cmake)
[1.429s] -- Found moveit_msgs: 2.2.1 (/opt/ros/humble/share/moveit_msgs/cmake)
[1.429s] -- Found nav2_msgs: 1.1.18 (/opt/ros/humble/share/nav2_msgs/cmake)
[2.048s] -- Found ament_cmake_ros: 0.10.0 (/opt/ros/humble/share/ament_cmake_ros/cmake)
[3.133s] -- Using all available rosidl_typesupport_c: rosidl_typesupport_fastrtps_c;rosidl_typesupport_introspection_c
[3.440s] -- Using all available rosidl_typesupport_cpp: rosidl_typesupport_fastrtps_cpp;rosidl_typesupport_introspection_cpp
[3.467s] -- Found python_cmake_module: 0.10.0 (/opt/ros/humble/share/python_cmake_module/cmake)
[3.504s] -- Using PYTHON_EXECUTABLE: /usr/bin/python3
[3.504s] -- Using PYTHON_INCLUDE_DIRS: /usr/include/python3.10
[3.504s] -- Using PYTHON_LIBRARIES: /usr/lib/x86_64-linux-gnu/libpython3.10.so
[3.863s] -- Configuring done
[4.045s] -- Generating done
[4.096s] -- Build files have been written to: /home/rover/kameyama_ws/build/observation_msgs
[4.208s] [35m[1mConsolidate compiler generated dependencies of target observation_msgs__rosidl_generator_c[0m
[4.251s] [  1%] Built target observation_msgs__cpp
[4.251s] [  3%] [32mBuilding C object CMakeFiles/observation_msgs__rosidl_generator_c.dir/rosidl_generator_c/observation_msgs/srv/detail/set_objects__functions.c.o[0m
[4.254s] [  4%] [32mBuilding C object CMakeFiles/observation_msgs__rosidl_generator_c.dir/rosidl_generator_c/observation_msgs/msg/detail/path_evaluation__functions.c.o[0m
[4.263s] [  6%] [32mBuilding C object CMakeFiles/observation_msgs__rosidl_generator_c.dir/rosidl_generator_c/observation_msgs/msg/detail/object__functions.c.o[0m
[4.270s] [  7%] [32mBuilding C object CMakeFiles/observation_msgs__rosidl_generator_c.dir/rosidl_generator_c/observation_msgs/srv/detail/get_objects__functions.c.o[0m
[4.281s] [  9%] [32mBuilding C object CMakeFiles/observation_msgs__rosidl_generator_c.dir/rosidl_generator_c/observation_msgs/srv/detail/path_check__functions.c.o[0m
[4.295s] [35m[1mConsolidate compiler generated dependencies of target observation_msgs__rosidl_typesupport_fastrtps_cpp[0m
[4.304s] [  9%] Built target ament_cmake_python_symlink_observation_msgs
[4.316s] [35m[1mConsolidate compiler generated dependencies of target observation_msgs__rosidl_typesupport_introspection_cpp[0m
[4.349s] [35m[1mConsolidate compiler generated dependencies of target observation_msgs__rosidl_typesupport_cpp[0m
[4.349s] [ 11%] [32mBuilding CXX object CMakeFiles/observation_msgs__rosidl_typesupport_fastrtps_cpp.dir/rosidl_typesupport_fastrtps_cpp/observation_msgs/msg/detail/dds_fastrtps/path_evaluation__type_support.cpp.o[0m
[4.376s] [ 12%] [32mBuilding CXX object CMakeFiles/observation_msgs__rosidl_typesupport_fastrtps_cpp.dir/rosidl_typesupport_fastrtps_cpp/observation_msgs/msg/detail/dds_fastrtps/object__type_support.cpp.o[0m
[4.378s] [ 14%] [32mBuilding CXX object CMakeFiles/observation_msgs__rosidl_typesupport_introspection_cpp.dir/rosidl_typesupport_introspection_cpp/observation_msgs/msg/detail/path_evaluation__type_support.cpp.o[0m
[4.381s] [ 15%] [32mBuilding CXX object CMakeFiles/observation_msgs__rosidl_typesupport_fastrtps_cpp.dir/rosidl_typesupport_fastrtps_cpp/observation_msgs/srv/detail/dds_fastrtps/get_objects__type_support.cpp.o[0m
[4.386s] [ 17%] [32mBuilding CXX object CMakeFiles/observation_msgs__rosidl_typesupport_fastrtps_cpp.dir/rosidl_typesupport_fastrtps_cpp/observation_msgs/srv/detail/dds_fastrtps/set_objects__type_support.cpp.o[0m
[4.417s] [ 19%] [32mBuilding CXX object CMakeFiles/observation_msgs__rosidl_typesupport_cpp.dir/rosidl_typesupport_cpp/observation_msgs/msg/path_evaluation__type_support.cpp.o[0m
[4.453s] [ 20%] [32mBuilding CXX object CMakeFiles/observation_msgs__rosidl_typesupport_cpp.dir/rosidl_typesupport_cpp/observation_msgs/msg/object__type_support.cpp.o[0m
[4.513s] [ 22%] [32mBuilding CXX object CMakeFiles/observation_msgs__rosidl_typesupport_introspection_cpp.dir/rosidl_typesupport_introspection_cpp/observation_msgs/msg/detail/object__type_support.cpp.o[0m
[4.521s] [ 23%] [32mBuilding CXX object CMakeFiles/observation_msgs__rosidl_typesupport_cpp.dir/rosidl_typesupport_cpp/observation_msgs/srv/set_objects__type_support.cpp.o[0m
[4.555s] [ 25%] [32mBuilding CXX object CMakeFiles/observation_msgs__rosidl_typesupport_fastrtps_cpp.dir/rosidl_typesupport_fastrtps_cpp/observation_msgs/srv/detail/dds_fastrtps/path_check__type_support.cpp.o[0m
[4.580s] [ 26%] [32m[1mLinking C shared library libobservation_msgs__rosidl_generator_c.so[0m
[4.790s] [ 28%] Built target observation_msgs__rosidl_generator_c
[4.823s] [ 30%] [32mBuilding CXX object CMakeFiles/observation_msgs__rosidl_typesupport_introspection_cpp.dir/rosidl_typesupport_introspection_cpp/observation_msgs/srv/detail/set_objects__type_support.cpp.o[0m
[5.308s] [ 31%] [32mBuilding CXX object CMakeFiles/observation_msgs__rosidl_typesupport_introspection_cpp.dir/rosidl_typesupport_introspection_cpp/observation_msgs/srv/detail/get_objects__type_support.cpp.o[0m
[5.485s] [ 33%] [32mBuilding CXX object CMakeFiles/observation_msgs__rosidl_typesupport_cpp.dir/rosidl_typesupport_cpp/observation_msgs/srv/get_objects__type_support.cpp.o[0m
[5.612s] [ 34%] [32mBuilding CXX object CMakeFiles/observation_msgs__rosidl_typesupport_cpp.dir/rosidl_typesupport_cpp/observation_msgs/srv/path_check__type_support.cpp.o[0m
[5.829s] [35m[1mConsolidate compiler generated dependencies of target observation_msgs__rosidl_typesupport_introspection_c[0m
[5.834s] [35m[1mConsolidate compiler generated dependencies of target observation_msgs__rosidl_typesupport_fastrtps_c[0m
[5.839s] [ 36%] [32mBuilding CXX object CMakeFiles/observation_msgs__rosidl_typesupport_introspection_cpp.dir/rosidl_typesupport_introspection_cpp/observation_msgs/srv/detail/path_check__type_support.cpp.o[0m
[5.888s] [ 38%] [32mBuilding C object CMakeFiles/observation_msgs__rosidl_typesupport_introspection_c.dir/rosidl_typesupport_introspection_c/observation_msgs/msg/detail/path_evaluation__type_support.c.o[0m
[5.904s] [ 39%] [32mBuilding CXX object CMakeFiles/observation_msgs__rosidl_typesupport_fastrtps_c.dir/rosidl_typesupport_fastrtps_c/observation_msgs/msg/detail/path_evaluation__type_support_c.cpp.o[0m
[5.928s] [35m[1mConsolidate compiler generated dependencies of target observation_msgs__rosidl_typesupport_c[0m
[5.954s] [ 41%] [32mBuilding CXX object CMakeFiles/observation_msgs__rosidl_typesupport_c.dir/rosidl_typesupport_c/observation_msgs/msg/path_evaluation__type_support.cpp.o[0m
[6.043s] [ 42%] [32mBuilding C object CMakeFiles/observation_msgs__rosidl_typesupport_introspection_c.dir/rosidl_typesupport_introspection_c/observation_msgs/msg/detail/object__type_support.c.o[0m
[6.050s] [ 44%] [32mBuilding CXX object CMakeFiles/observation_msgs__rosidl_typesupport_c.dir/rosidl_typesupport_c/observation_msgs/msg/object__type_support.cpp.o[0m
[6.082s] [ 46%] [32mBuilding C object CMakeFiles/observation_msgs__rosidl_typesupport_introspection_c.dir/rosidl_typesupport_introspection_c/observation_msgs/srv/detail/set_objects__type_support.c.o[0m
[6.204s] [ 47%] [32mBuilding CXX object CMakeFiles/observation_msgs__rosidl_typesupport_c.dir/rosidl_typesupport_c/observation_msgs/srv/set_objects__type_support.cpp.o[0m
[6.211s] [ 49%] [32mBuilding C object CMakeFiles/observation_msgs__rosidl_typesupport_introspection_c.dir/rosidl_typesupport_introspection_c/observation_msgs/srv/detail/get_objects__type_support.c.o[0m
[6.217s] [ 50%] [32mBuilding CXX object CMakeFiles/observation_msgs__rosidl_typesupport_c.dir/rosidl_typesupport_c/observation_msgs/srv/get_objects__type_support.cpp.o[0m
[6.296s] [ 52%] [32mBuilding C object CMakeFiles/observation_msgs__rosidl_typesupport_introspection_c.dir/rosidl_typesupport_introspection_c/observation_msgs/srv/detail/path_check__type_support.c.o[0m
[6.349s] [ 53%] [32mBuilding CXX object CMakeFiles/observation_msgs__rosidl_typesupport_c.dir/rosidl_typesupport_c/observation_msgs/srv/path_check__type_support.cpp.o[0m
[6.349s] [ 55%] [32mBuilding CXX object CMakeFiles/observation_msgs__rosidl_typesupport_fastrtps_c.dir/rosidl_typesupport_fastrtps_c/observation_msgs/msg/detail/object__type_support_c.cpp.o[0m
[6.483s] [ 57%] [32m[1mLinking C shared library libobservation_msgs__rosidl_typesupport_introspection_c.so[0m
[6.502s] [ 58%] [32mBuilding CXX object CMakeFiles/observation_msgs__rosidl_typesupport_fastrtps_c.dir/rosidl_typesupport_fastrtps_c/observation_msgs/srv/detail/set_objects__type_support_c.cpp.o[0m
[6.513s] [ 60%] [32m[1mLinking CXX shared library libobservation_msgs__rosidl_typesupport_c.so[0m
[6.674s] [ 61%] Built target observation_msgs__rosidl_typesupport_introspection_c
[6.729s] [ 63%] [32mBuilding CXX object CMakeFiles/observation_msgs__rosidl_typesupport_fastrtps_c.dir/rosidl_typesupport_fastrtps_c/observation_msgs/srv/detail/get_objects__type_support_c.cpp.o[0m
[6.733s] running egg_info
[6.769s] [ 65%] [32m[1mLinking CXX shared library libobservation_msgs__rosidl_typesupport_cpp.so[0m
[6.798s] [ 66%] [32mBuilding CXX object CMakeFiles/observation_msgs__rosidl_typesupport_fastrtps_c.dir/rosidl_typesupport_fastrtps_c/observation_msgs/srv/detail/path_check__type_support_c.cpp.o[0m
[6.804s] [ 68%] Built target observation_msgs__rosidl_typesupport_c
[6.919s] [ 69%] Built target observation_msgs__rosidl_typesupport_cpp
[7.039s] writing observation_msgs.egg-info/PKG-INFO
[7.209s] [ 71%] [32m[1mLinking CXX shared library libobservation_msgs__rosidl_typesupport_fastrtps_cpp.so[0m
[7.266s] writing dependency_links to observation_msgs.egg-info/dependency_links.txt
[7.634s] [ 73%] Built target observation_msgs__rosidl_typesupport_fastrtps_cpp
[8.203s] [ 74%] [32m[1mLinking CXX shared library libobservation_msgs__rosidl_typesupport_fastrtps_c.so[0m
[8.255s] [ 76%] [32m[1mLinking CXX shared library libobservation_msgs__rosidl_typesupport_introspection_cpp.so[0m
[8.535s] [ 77%] Built target observation_msgs__rosidl_typesupport_fastrtps_c
[8.678s] [ 79%] Built target observation_msgs__rosidl_typesupport_introspection_cpp
[8.774s] writing top-level names to observation_msgs.egg-info/top_level.txt
[8.812s] [ 79%] Built target observation_msgs
[8.925s] [ 80%] Built target observation_msgs__py
[8.966s] [35m[1mConsolidate compiler generated dependencies of target observation_msgs__rosidl_generator_py[0m
[9.036s] [ 82%] [32mBuilding C object CMakeFiles/observation_msgs__rosidl_generator_py.dir/rosidl_generator_py/observation_msgs/srv/_get_objects_s.c.o[0m
[9.041s] [ 84%] [32mBuilding C object CMakeFiles/observation_msgs__rosidl_generator_py.dir/rosidl_generator_py/observation_msgs/msg/_object_s.c.o[0m
[9.052s] [ 85%] [32mBuilding C object CMakeFiles/observation_msgs__rosidl_generator_py.dir/rosidl_generator_py/observation_msgs/srv/_set_objects_s.c.o[0m
[9.061s] [ 87%] [32mBuilding C object CMakeFiles/observation_msgs__rosidl_generator_py.dir/rosidl_generator_py/observation_msgs/srv/_path_check_s.c.o[0m
[9.139s] [ 88%] [32mBuilding C object CMakeFiles/observation_msgs__rosidl_generator_py.dir/rosidl_generator_py/observation_msgs/msg/_path_evaluation_s.c.o[0m
[9.202s] reading manifest file 'observation_msgs.egg-info/SOURCES.txt'
[9.207s] writing manifest file 'observation_msgs.egg-info/SOURCES.txt'
[9.449s] [ 88%] Built target ament_cmake_python_build_observation_msgs_egg
[9.594s] [ 90%] [32m[1mLinking C shared library rosidl_generator_py/observation_msgs/libobservation_msgs__rosidl_generator_py.so[0m
[9.822s] [ 90%] Built target observation_msgs__rosidl_generator_py
[9.849s] [35m[1mConsolidate compiler generated dependencies of target observation_msgs__rosidl_typesupport_introspection_c__pyext[0m
[9.851s] [35m[1mConsolidate compiler generated dependencies of target observation_msgs__rosidl_typesupport_fastrtps_c__pyext[0m
[9.876s] [ 92%] [32mBuilding C object CMakeFiles/observation_msgs__rosidl_typesupport_introspection_c__pyext.dir/rosidl_generator_py/observation_msgs/_observation_msgs_s.ep.rosidl_typesupport_introspection_c.c.o[0m
[9.893s] [ 93%] [32mBuilding C object CMakeFiles/observation_msgs__rosidl_typesupport_fastrtps_c__pyext.dir/rosidl_generator_py/observation_msgs/_observation_msgs_s.ep.rosidl_typesupport_fastrtps_c.c.o[0m
[9.893s] [35m[1mConsolidate compiler generated dependencies of target observation_msgs__rosidl_typesupport_c__pyext[0m
[9.930s] [ 95%] [32mBuilding C object CMakeFiles/observation_msgs__rosidl_typesupport_c__pyext.dir/rosidl_generator_py/observation_msgs/_observation_msgs_s.ep.rosidl_typesupport_c.c.o[0m
[10.170s] [ 96%] [32m[1mLinking C shared library rosidl_generator_py/observation_msgs/observation_msgs_s__rosidl_typesupport_c.cpython-310-x86_64-linux-gnu.so[0m
[10.285s] [ 96%] Built target observation_msgs__rosidl_typesupport_c__pyext
[10.320s] [ 98%] [32m[1mLinking C shared library rosidl_generator_py/observation_msgs/observation_msgs_s__rosidl_typesupport_introspection_c.cpython-310-x86_64-linux-gnu.so[0m
[10.370s] [100%] [32m[1mLinking C shared library rosidl_generator_py/observation_msgs/observation_msgs_s__rosidl_typesupport_fastrtps_c.cpython-310-x86_64-linux-gnu.so[0m
[10.591s] [100%] Built target observation_msgs__rosidl_typesupport_fastrtps_c__pyext
[10.666s] [100%] Built target observation_msgs__rosidl_typesupport_introspection_c__pyext
[10.703s] Invoked command in '/home/rover/kameyama_ws/build/observation_msgs' returned '0': CMAKE_PREFIX_PATH=${CMAKE_PREFIX_PATH}:/home/rover/amir_basic_ws/install/camera_calibration:/opt/ros/humble /usr/bin/cmake --build /home/rover/kameyama_ws/build/observation_msgs -- -j12 -l12
[10.704s] Invoking command in '/home/rover/kameyama_ws/build/observation_msgs': CMAKE_PREFIX_PATH=${CMAKE_PREFIX_PATH}:/home/rover/amir_basic_ws/install/camera_calibration:/opt/ros/humble /usr/bin/cmake --install /home/rover/kameyama_ws/build/observation_msgs
[11.855s] -- Install configuration: ""
[11.855s] -- Execute custom install script
[11.855s] -- Up-to-date symlink: /home/rover/kameyama_ws/install/observation_msgs/share/ament_index/resource_index/rosidl_interfaces/observation_msgs
[11.855s] -- Up-to-date symlink: /home/rover/kameyama_ws/install/observation_msgs/include/observation_msgs/observation_msgs/msg/detail/object__functions.h
[11.855s] -- Up-to-date symlink: /home/rover/kameyama_ws/install/observation_msgs/include/observation_msgs/observation_msgs/msg/detail/object__struct.h
[11.855s] -- Up-to-date symlink: /home/rover/kameyama_ws/install/observation_msgs/include/observation_msgs/observation_msgs/msg/detail/object__type_support.h
[11.856s] -- Up-to-date symlink: /home/rover/kameyama_ws/install/observation_msgs/include/observation_msgs/observation_msgs/msg/detail/path_evaluation__functions.h
[11.856s] -- Up-to-date symlink: /home/rover/kameyama_ws/install/observation_msgs/include/observation_msgs/observation_msgs/msg/detail/path_evaluation__struct.h
[11.856s] -- Up-to-date symlink: /home/rover/kameyama_ws/install/observation_msgs/include/observation_msgs/observation_msgs/msg/detail/path_evaluation__type_support.h
[11.856s] -- Up-to-date symlink: /home/rover/kameyama_ws/install/observation_msgs/include/observation_msgs/observation_msgs/msg/object.h
[11.856s] -- Up-to-date symlink: /home/rover/kameyama_ws/install/observation_msgs/include/observation_msgs/observation_msgs/msg/path_evaluation.h
[11.856s] -- Up-to-date symlink: /home/rover/kameyama_ws/install/observation_msgs/include/observation_msgs/observation_msgs/msg/rosidl_generator_c__visibility_control.h
[11.856s] -- Up-to-date symlink: /home/rover/kameyama_ws/install/observation_msgs/include/observation_msgs/observation_msgs/srv/detail/get_objects__functions.h
[11.856s] -- Up-to-date symlink: /home/rover/kameyama_ws/install/observation_msgs/include/observation_msgs/observation_msgs/srv/detail/get_objects__struct.h
[11.856s] -- Up-to-date symlink: /home/rover/kameyama_ws/install/observation_msgs/include/observation_msgs/observation_msgs/srv/detail/get_objects__type_support.h
[11.856s] -- Up-to-date symlink: /home/rover/kameyama_ws/install/observation_msgs/include/observation_msgs/observation_msgs/srv/detail/path_check__functions.h
[11.856s] -- Up-to-date symlink: /home/rover/kameyama_ws/install/observation_msgs/include/observation_msgs/observation_msgs/srv/detail/path_check__struct.h
[11.856s] -- Up-to-date symlink: /home/rover/kameyama_ws/install/observation_msgs/include/observation_msgs/observation_msgs/srv/detail/path_check__type_support.h
[11.856s] -- Up-to-date symlink: /home/rover/kameyama_ws/install/observation_msgs/include/observation_msgs/observation_msgs/srv/detail/set_objects__functions.h
[11.856s] -- Up-to-date symlink: /home/rover/kameyama_ws/install/observation_msgs/include/observation_msgs/observation_msgs/srv/detail/set_objects__struct.h
[11.856s] -- Up-to-date symlink: /home/rover/kameyama_ws/install/observation_msgs/include/observation_msgs/observation_msgs/srv/detail/set_objects__type_support.h
[11.856s] -- Up-to-date symlink: /home/rover/kameyama_ws/install/observation_msgs/include/observation_msgs/observation_msgs/srv/get_objects.h
[11.856s] -- Up-to-date symlink: /home/rover/kameyama_ws/install/observation_msgs/include/observation_msgs/observation_msgs/srv/path_check.h
[11.856s] -- Up-to-date symlink: /home/rover/kameyama_ws/install/observation_msgs/include/observation_msgs/observation_msgs/srv/set_objects.h
[11.856s] -- Up-to-date symlink: /home/rover/kameyama_ws/install/observation_msgs/share/observation_msgs/environment/library_path.sh
[11.856s] -- Up-to-date symlink: /home/rover/kameyama_ws/install/observation_msgs/share/observation_msgs/environment/library_path.dsv
[11.856s] -- Up-to-date symlink: /home/rover/kameyama_ws/install/observation_msgs/include/observation_msgs/observation_msgs/msg/detail/object__rosidl_typesupport_fastrtps_c.h
[11.856s] -- Up-to-date symlink: /home/rover/kameyama_ws/install/observation_msgs/include/observation_msgs/observation_msgs/msg/detail/path_evaluation__rosidl_typesupport_fastrtps_c.h
[11.856s] -- Up-to-date symlink: /home/rover/kameyama_ws/install/observation_msgs/include/observation_msgs/observation_msgs/msg/rosidl_typesupport_fastrtps_c__visibility_control.h
[11.856s] -- Up-to-date symlink: /home/rover/kameyama_ws/install/observation_msgs/include/observation_msgs/observation_msgs/srv/detail/get_objects__rosidl_typesupport_fastrtps_c.h
[11.857s] -- Up-to-date symlink: /home/rover/kameyama_ws/install/observation_msgs/include/observation_msgs/observation_msgs/srv/detail/path_check__rosidl_typesupport_fastrtps_c.h
[11.857s] -- Up-to-date symlink: /home/rover/kameyama_ws/install/observation_msgs/include/observation_msgs/observation_msgs/srv/detail/set_objects__rosidl_typesupport_fastrtps_c.h
[11.857s] -- Up-to-date symlink: /home/rover/kameyama_ws/install/observation_msgs/include/observation_msgs/observation_msgs/msg/detail/object__builder.hpp
[11.857s] -- Up-to-date symlink: /home/rover/kameyama_ws/install/observation_msgs/include/observation_msgs/observation_msgs/msg/detail/object__struct.hpp
[11.857s] -- Up-to-date symlink: /home/rover/kameyama_ws/install/observation_msgs/include/observation_msgs/observation_msgs/msg/detail/object__traits.hpp
[11.857s] -- Up-to-date symlink: /home/rover/kameyama_ws/install/observation_msgs/include/observation_msgs/observation_msgs/msg/detail/object__type_support.hpp
[11.857s] -- Up-to-date symlink: /home/rover/kameyama_ws/install/observation_msgs/include/observation_msgs/observation_msgs/msg/detail/path_evaluation__builder.hpp
[11.857s] -- Up-to-date symlink: /home/rover/kameyama_ws/install/observation_msgs/include/observation_msgs/observation_msgs/msg/detail/path_evaluation__struct.hpp
[11.857s] -- Up-to-date symlink: /home/rover/kameyama_ws/install/observation_msgs/include/observation_msgs/observation_msgs/msg/detail/path_evaluation__traits.hpp
[11.857s] -- Up-to-date symlink: /home/rover/kameyama_ws/install/observation_msgs/include/observation_msgs/observation_msgs/msg/detail/path_evaluation__type_support.hpp
[11.857s] -- Up-to-date symlink: /home/rover/kameyama_ws/install/observation_msgs/include/observation_msgs/observation_msgs/msg/object.hpp
[11.857s] -- Up-to-date symlink: /home/rover/kameyama_ws/install/observation_msgs/include/observation_msgs/observation_msgs/msg/path_evaluation.hpp
[11.857s] -- Up-to-date symlink: /home/rover/kameyama_ws/install/observation_msgs/include/observation_msgs/observation_msgs/msg/rosidl_generator_cpp__visibility_control.hpp
[11.857s] -- Up-to-date symlink: /home/rover/kameyama_ws/install/observation_msgs/include/observation_msgs/observation_msgs/srv/detail/get_objects__builder.hpp
[11.857s] -- Up-to-date symlink: /home/rover/kameyama_ws/install/observation_msgs/include/observation_msgs/observation_msgs/srv/detail/get_objects__struct.hpp
[11.857s] -- Up-to-date symlink: /home/rover/kameyama_ws/install/observation_msgs/include/observation_msgs/observation_msgs/srv/detail/get_objects__traits.hpp
[11.857s] -- Up-to-date symlink: /home/rover/kameyama_ws/install/observation_msgs/include/observation_msgs/observation_msgs/srv/detail/get_objects__type_support.hpp
[11.857s] -- Up-to-date symlink: /home/rover/kameyama_ws/install/observation_msgs/include/observation_msgs/observation_msgs/srv/detail/path_check__builder.hpp
[11.857s] -- Up-to-date symlink: /home/rover/kameyama_ws/install/observation_msgs/include/observation_msgs/observation_msgs/srv/detail/path_check__struct.hpp
[11.857s] -- Up-to-date symlink: /home/rover/kameyama_ws/install/observation_msgs/include/observation_msgs/observation_msgs/srv/detail/path_check__traits.hpp
[11.857s] -- Up-to-date symlink: /home/rover/kameyama_ws/install/observation_msgs/include/observation_msgs/observation_msgs/srv/detail/path_check__type_support.hpp
[11.857s] -- Up-to-date symlink: /home/rover/kameyama_ws/install/observation_msgs/include/observation_msgs/observation_msgs/srv/detail/set_objects__builder.hpp
[11.857s] -- Up-to-date symlink: /home/rover/kameyama_ws/install/observation_msgs/include/observation_msgs/observation_msgs/srv/detail/set_objects__struct.hpp
[11.857s] -- Up-to-date symlink: /home/rover/kameyama_ws/install/observation_msgs/include/observation_msgs/observation_msgs/srv/detail/set_objects__traits.hpp
[11.857s] -- Up-to-date symlink: /home/rover/kameyama_ws/install/observation_msgs/include/observation_msgs/observation_msgs/srv/detail/set_objects__type_support.hpp
[11.857s] -- Up-to-date symlink: /home/rover/kameyama_ws/install/observation_msgs/include/observation_msgs/observation_msgs/srv/get_objects.hpp
[11.858s] -- Up-to-date symlink: /home/rover/kameyama_ws/install/observation_msgs/include/observation_msgs/observation_msgs/srv/path_check.hpp
[11.858s] -- Up-to-date symlink: /home/rover/kameyama_ws/install/observation_msgs/include/observation_msgs/observation_msgs/srv/set_objects.hpp
[11.862s] -- Up-to-date symlink: /home/rover/kameyama_ws/install/observation_msgs/include/observation_msgs/observation_msgs/msg/detail/object__rosidl_typesupport_fastrtps_cpp.hpp
[11.862s] -- Up-to-date symlink: /home/rover/kameyama_ws/install/observation_msgs/include/observation_msgs/observation_msgs/msg/detail/path_evaluation__rosidl_typesupport_fastrtps_cpp.hpp
[11.862s] -- Up-to-date symlink: /home/rover/kameyama_ws/install/observation_msgs/include/observation_msgs/observation_msgs/msg/rosidl_typesupport_fastrtps_cpp__visibility_control.h
[11.863s] -- Up-to-date symlink: /home/rover/kameyama_ws/install/observation_msgs/include/observation_msgs/observation_msgs/srv/detail/get_objects__rosidl_typesupport_fastrtps_cpp.hpp
[11.863s] -- Up-to-date symlink: /home/rover/kameyama_ws/install/observation_msgs/include/observation_msgs/observation_msgs/srv/detail/path_check__rosidl_typesupport_fastrtps_cpp.hpp
[11.863s] -- Up-to-date symlink: /home/rover/kameyama_ws/install/observation_msgs/include/observation_msgs/observation_msgs/srv/detail/set_objects__rosidl_typesupport_fastrtps_cpp.hpp
[11.863s] -- Up-to-date symlink: /home/rover/kameyama_ws/install/observation_msgs/include/observation_msgs/observation_msgs/msg/detail/object__rosidl_typesupport_introspection_c.h
[11.863s] -- Up-to-date symlink: /home/rover/kameyama_ws/install/observation_msgs/include/observation_msgs/observation_msgs/msg/detail/path_evaluation__rosidl_typesupport_introspection_c.h
[11.863s] -- Up-to-date symlink: /home/rover/kameyama_ws/install/observation_msgs/include/observation_msgs/observation_msgs/msg/rosidl_typesupport_introspection_c__visibility_control.h
[11.863s] -- Up-to-date symlink: /home/rover/kameyama_ws/install/observation_msgs/include/observation_msgs/observation_msgs/srv/detail/get_objects__rosidl_typesupport_introspection_c.h
[11.863s] -- Up-to-date symlink: /home/rover/kameyama_ws/install/observation_msgs/include/observation_msgs/observation_msgs/srv/detail/path_check__rosidl_typesupport_introspection_c.h
[11.863s] -- Up-to-date symlink: /home/rover/kameyama_ws/install/observation_msgs/include/observation_msgs/observation_msgs/srv/detail/set_objects__rosidl_typesupport_introspection_c.h
[11.863s] -- Up-to-date symlink: /home/rover/kameyama_ws/install/observation_msgs/include/observation_msgs/observation_msgs/msg/detail/object__rosidl_typesupport_introspection_cpp.hpp
[11.863s] -- Up-to-date symlink: /home/rover/kameyama_ws/install/observation_msgs/include/observation_msgs/observation_msgs/msg/detail/path_evaluation__rosidl_typesupport_introspection_cpp.hpp
[11.863s] -- Up-to-date symlink: /home/rover/kameyama_ws/install/observation_msgs/include/observation_msgs/observation_msgs/srv/detail/get_objects__rosidl_typesupport_introspection_cpp.hpp
[11.863s] -- Up-to-date symlink: /home/rover/kameyama_ws/install/observation_msgs/include/observation_msgs/observation_msgs/srv/detail/path_check__rosidl_typesupport_introspection_cpp.hpp
[11.863s] -- Up-to-date symlink: /home/rover/kameyama_ws/install/observation_msgs/include/observation_msgs/observation_msgs/srv/detail/set_objects__rosidl_typesupport_introspection_cpp.hpp
[11.864s] -- Up-to-date symlink: /home/rover/kameyama_ws/install/observation_msgs/share/observation_msgs/environment/pythonpath.sh
[11.864s] -- Up-to-date symlink: /home/rover/kameyama_ws/install/observation_msgs/share/observation_msgs/environment/pythonpath.dsv
[11.865s] -- Up-to-date symlink: /home/rover/kameyama_ws/install/observation_msgs/local/lib/python3.10/dist-packages/observation_msgs-0.1.0-py3.10.egg-info/PKG-INFO
[11.865s] -- Up-to-date symlink: /home/rover/kameyama_ws/install/observation_msgs/local/lib/python3.10/dist-packages/observation_msgs-0.1.0-py3.10.egg-info/SOURCES.txt
[11.865s] -- Up-to-date symlink: /home/rover/kameyama_ws/install/observation_msgs/local/lib/python3.10/dist-packages/observation_msgs-0.1.0-py3.10.egg-info/dependency_links.txt
[11.865s] -- Up-to-date symlink: /home/rover/kameyama_ws/install/observation_msgs/local/lib/python3.10/dist-packages/observation_msgs-0.1.0-py3.10.egg-info/top_level.txt
[11.865s] -- Up-to-date symlink: /home/rover/kameyama_ws/install/observation_msgs/local/lib/python3.10/dist-packages/observation_msgs/__init__.py
[11.865s] -- Up-to-date symlink: /home/rover/kameyama_ws/install/observation_msgs/local/lib/python3.10/dist-packages/observation_msgs/_observation_msgs_s.ep.rosidl_typesupport_c.c
[11.865s] -- Up-to-date symlink: /home/rover/kameyama_ws/install/observation_msgs/local/lib/python3.10/dist-packages/observation_msgs/_observation_msgs_s.ep.rosidl_typesupport_fastrtps_c.c
[11.868s] -- Up-to-date symlink: /home/rover/kameyama_ws/install/observation_msgs/local/lib/python3.10/dist-packages/observation_msgs/_observation_msgs_s.ep.rosidl_typesupport_introspection_c.c
[11.868s] -- Up-to-date symlink: /home/rover/kameyama_ws/install/observation_msgs/local/lib/python3.10/dist-packages/observation_msgs/libobservation_msgs__rosidl_generator_py.so
[11.868s] -- Up-to-date symlink: /home/rover/kameyama_ws/install/observation_msgs/local/lib/python3.10/dist-packages/observation_msgs/msg/__init__.py
[11.868s] -- Up-to-date symlink: /home/rover/kameyama_ws/install/observation_msgs/local/lib/python3.10/dist-packages/observation_msgs/msg/_object.py
[11.868s] -- Up-to-date symlink: /home/rover/kameyama_ws/install/observation_msgs/local/lib/python3.10/dist-packages/observation_msgs/msg/_object_s.c
[11.868s] -- Up-to-date symlink: /home/rover/kameyama_ws/install/observation_msgs/local/lib/python3.10/dist-packages/observation_msgs/msg/_path_evaluation.py
[11.868s] -- Up-to-date symlink: /home/rover/kameyama_ws/install/observation_msgs/local/lib/python3.10/dist-packages/observation_msgs/msg/_path_evaluation_s.c
[11.868s] -- Up-to-date symlink: /home/rover/kameyama_ws/install/observation_msgs/local/lib/python3.10/dist-packages/observation_msgs/observation_msgs_s__rosidl_typesupport_c.cpython-310-x86_64-linux-gnu.so
[11.868s] -- Up-to-date symlink: /home/rover/kameyama_ws/install/observation_msgs/local/lib/python3.10/dist-packages/observation_msgs/observation_msgs_s__rosidl_typesupport_fastrtps_c.cpython-310-x86_64-linux-gnu.so
[11.868s] -- Up-to-date symlink: /home/rover/kameyama_ws/install/observation_msgs/local/lib/python3.10/dist-packages/observation_msgs/observation_msgs_s__rosidl_typesupport_introspection_c.cpython-310-x86_64-linux-gnu.so
[11.868s] -- Up-to-date symlink: /home/rover/kameyama_ws/install/observation_msgs/local/lib/python3.10/dist-packages/observation_msgs/srv/__init__.py
[11.868s] -- Up-to-date symlink: /home/rover/kameyama_ws/install/observation_msgs/local/lib/python3.10/dist-packages/observation_msgs/srv/_get_objects.py
[11.868s] -- Up-to-date symlink: /home/rover/kameyama_ws/install/observation_msgs/local/lib/python3.10/dist-packages/observation_msgs/srv/_get_objects_s.c
[11.869s] -- Up-to-date symlink: /home/rover/kameyama_ws/install/observation_msgs/local/lib/python3.10/dist-packages/observation_msgs/srv/_path_check.py
[11.869s] -- Up-to-date symlink: /home/rover/kameyama_ws/install/observation_msgs/local/lib/python3.10/dist-packages/observation_msgs/srv/_path_check_s.c
[11.869s] -- Up-to-date symlink: /home/rover/kameyama_ws/install/observation_msgs/local/lib/python3.10/dist-packages/observation_msgs/srv/_set_objects.py
[11.869s] -- Up-to-date symlink: /home/rover/kameyama_ws/install/observation_msgs/local/lib/python3.10/dist-packages/observation_msgs/srv/_set_objects_s.c
[11.869s] -- Up-to-date symlink: /home/rover/kameyama_ws/install/observation_msgs/local/lib/python3.10/dist-packages/observation_msgs/observation_msgs_s__rosidl_typesupport_fastrtps_c.cpython-310-x86_64-linux-gnu.so
[11.869s] -- Up-to-date symlink: /home/rover/kameyama_ws/install/observation_msgs/local/lib/python3.10/dist-packages/observation_msgs/observation_msgs_s__rosidl_typesupport_introspection_c.cpython-310-x86_64-linux-gnu.so
[11.869s] -- Up-to-date symlink: /home/rover/kameyama_ws/install/observation_msgs/local/lib/python3.10/dist-packages/observation_msgs/observation_msgs_s__rosidl_typesupport_c.cpython-310-x86_64-linux-gnu.so
[11.869s] -- Up-to-date symlink: /home/rover/kameyama_ws/install/observation_msgs/share/observation_msgs/msg/PathEvaluation.idl
[11.869s] -- Up-to-date symlink: /home/rover/kameyama_ws/install/observation_msgs/share/observation_msgs/msg/Object.idl
[11.869s] -- Up-to-date symlink: /home/rover/kameyama_ws/install/observation_msgs/share/observation_msgs/srv/SetObjects.idl
[11.877s] -- Up-to-date symlink: /home/rover/kameyama_ws/install/observation_msgs/share/observation_msgs/srv/GetObjects.idl
[11.877s] -- Up-to-date symlink: /home/rover/kameyama_ws/install/observation_msgs/share/observation_msgs/srv/PathCheck.idl
[11.877s] -- Up-to-date symlink: /home/rover/kameyama_ws/install/observation_msgs/share/observation_msgs/msg/PathEvaluation.msg
[11.877s] -- Up-to-date symlink: /home/rover/kameyama_ws/install/observation_msgs/share/observation_msgs/msg/Object.msg
[11.877s] -- Up-to-date symlink: /home/rover/kameyama_ws/install/observation_msgs/share/observation_msgs/srv/SetObjects.srv
[11.877s] -- Up-to-date symlink: /home/rover/kameyama_ws/install/observation_msgs/share/observation_msgs/srv/SetObjects_Request.msg
[11.878s] -- Up-to-date symlink: /home/rover/kameyama_ws/install/observation_msgs/share/observation_msgs/srv/SetObjects_Response.msg
[11.878s] -- Up-to-date symlink: /home/rover/kameyama_ws/install/observation_msgs/share/observation_msgs/srv/GetObjects.srv
[11.878s] -- Up-to-date symlink: /home/rover/kameyama_ws/install/observation_msgs/share/observation_msgs/srv/GetObjects_Request.msg
[11.878s] -- Up-to-date symlink: /home/rover/kameyama_ws/install/observation_msgs/share/observation_msgs/srv/GetObjects_Response.msg
[11.878s] -- Up-to-date symlink: /home/rover/kameyama_ws/install/observation_msgs/share/observation_msgs/srv/PathCheck.srv
[11.878s] -- Up-to-date symlink: /home/rover/kameyama_ws/install/observation_msgs/share/observation_msgs/srv/PathCheck_Request.msg
[11.878s] -- Up-to-date symlink: /home/rover/kameyama_ws/install/observation_msgs/share/observation_msgs/srv/PathCheck_Response.msg
[11.878s] -- Up-to-date symlink: /home/rover/kameyama_ws/install/observation_msgs/share/ament_index/resource_index/package_run_dependencies/observation_msgs
[11.878s] -- Up-to-date symlink: /home/rover/kameyama_ws/install/observation_msgs/share/ament_index/resource_index/parent_prefix_path/observation_msgs
[11.878s] -- Up-to-date symlink: /home/rover/kameyama_ws/install/observation_msgs/share/observation_msgs/environment/ament_prefix_path.sh
[11.879s] -- Up-to-date symlink: /home/rover/kameyama_ws/install/observation_msgs/share/observation_msgs/environment/ament_prefix_path.dsv
[11.879s] -- Up-to-date symlink: /home/rover/kameyama_ws/install/observation_msgs/share/observation_msgs/environment/path.sh
[11.879s] -- Up-to-date symlink: /home/rover/kameyama_ws/install/observation_msgs/share/observation_msgs/environment/path.dsv
[11.884s] -- Up-to-date symlink: /home/rover/kameyama_ws/install/observation_msgs/share/observation_msgs/local_setup.bash
[11.884s] -- Up-to-date symlink: /home/rover/kameyama_ws/install/observation_msgs/share/observation_msgs/local_setup.sh
[11.884s] -- Up-to-date symlink: /home/rover/kameyama_ws/install/observation_msgs/share/observation_msgs/local_setup.zsh
[11.884s] -- Up-to-date symlink: /home/rover/kameyama_ws/install/observation_msgs/share/observation_msgs/local_setup.dsv
[11.884s] -- Symlinking: /home/rover/kameyama_ws/install/observation_msgs/share/observation_msgs/package.dsv
[11.896s] -- Up-to-date symlink: /home/rover/kameyama_ws/install/observation_msgs/share/ament_index/resource_index/packages/observation_msgs
[11.896s] -- Up-to-date symlink: /home/rover/kameyama_ws/install/observation_msgs/share/observation_msgs/cmake/rosidl_cmake-extras.cmake
[11.896s] -- Up-to-date symlink: /home/rover/kameyama_ws/install/observation_msgs/share/observation_msgs/cmake/ament_cmake_export_dependencies-extras.cmake
[11.897s] -- Up-to-date symlink: /home/rover/kameyama_ws/install/observation_msgs/share/observation_msgs/cmake/ament_cmake_export_include_directories-extras.cmake
[11.897s] -- Up-to-date symlink: /home/rover/kameyama_ws/install/observation_msgs/share/observation_msgs/cmake/ament_cmake_export_libraries-extras.cmake
[11.897s] -- Up-to-date symlink: /home/rover/kameyama_ws/install/observation_msgs/share/observation_msgs/cmake/ament_cmake_export_targets-extras.cmake
[11.897s] -- Up-to-date symlink: /home/rover/kameyama_ws/install/observation_msgs/share/observation_msgs/cmake/rosidl_cmake_export_typesupport_targets-extras.cmake
[11.898s] -- Up-to-date symlink: /home/rover/kameyama_ws/install/observation_msgs/share/observation_msgs/cmake/rosidl_cmake_export_typesupport_libraries-extras.cmake
[11.898s] -- Up-to-date symlink: /home/rover/kameyama_ws/install/observation_msgs/share/observation_msgs/cmake/observation_msgsConfig.cmake
[11.901s] -- Up-to-date symlink: /home/rover/kameyama_ws/install/observation_msgs/share/observation_msgs/cmake/observation_msgsConfig-version.cmake
[11.901s] -- Up-to-date symlink: /home/rover/kameyama_ws/install/observation_msgs/share/observation_msgs/package.xml
[11.902s] -- Installing: /home/rover/kameyama_ws/install/observation_msgs/lib/libobservation_msgs__rosidl_generator_c.so
[11.902s] -- Set runtime path of "/home/rover/kameyama_ws/install/observation_msgs/lib/libobservation_msgs__rosidl_generator_c.so" to ""
[11.903s] -- Installing: /home/rover/kameyama_ws/install/observation_msgs/lib/libobservation_msgs__rosidl_typesupport_fastrtps_c.so
[11.903s] -- Set runtime path of "/home/rover/kameyama_ws/install/observation_msgs/lib/libobservation_msgs__rosidl_typesupport_fastrtps_c.so" to ""
[11.911s] -- Installing: /home/rover/kameyama_ws/install/observation_msgs/lib/libobservation_msgs__rosidl_typesupport_fastrtps_cpp.so
[11.911s] -- Set runtime path of "/home/rover/kameyama_ws/install/observation_msgs/lib/libobservation_msgs__rosidl_typesupport_fastrtps_cpp.so" to ""
[11.911s] -- Installing: /home/rover/kameyama_ws/install/observation_msgs/lib/libobservation_msgs__rosidl_typesupport_introspection_c.so
[11.911s] -- Set runtime path of "/home/rover/kameyama_ws/install/observation_msgs/lib/libobservation_msgs__rosidl_typesupport_introspection_c.so" to ""
[11.911s] -- Installing: /home/rover/kameyama_ws/install/observation_msgs/lib/libobservation_msgs__rosidl_typesupport_c.so
[11.911s] -- Set runtime path of "/home/rover/kameyama_ws/install/observation_msgs/lib/libobservation_msgs__rosidl_typesupport_c.so" to ""
[11.911s] -- Installing: /home/rover/kameyama_ws/install/observation_msgs/lib/libobservation_msgs__rosidl_typesupport_introspection_cpp.so
[11.913s] -- Set runtime path of "/home/rover/kameyama_ws/install/observation_msgs/lib/libobservation_msgs__rosidl_typesupport_introspection_cpp.so" to ""
[11.914s] -- Installing: /home/rover/kameyama_ws/install/observation_msgs/lib/libobservation_msgs__rosidl_typesupport_cpp.so
[11.914s] -- Set runtime path of "/home/rover/kameyama_ws/install/observation_msgs/lib/libobservation_msgs__rosidl_typesupport_cpp.so" to ""
[12.006s] Listing '/home/rover/kameyama_ws/install/observation_msgs/local/lib/python3.10/dist-packages/observation_msgs'...
[12.006s] Compiling '/home/rover/kameyama_ws/install/observation_msgs/local/lib/python3.10/dist-packages/observation_msgs/__init__.py'...
[12.006s] Listing '/home/rover/kameyama_ws/install/observation_msgs/local/lib/python3.10/dist-packages/observation_msgs/msg'...
[12.006s] Listing '/home/rover/kameyama_ws/install/observation_msgs/local/lib/python3.10/dist-packages/observation_msgs/srv'...
[12.018s] -- Installing: /home/rover/kameyama_ws/install/observation_msgs/lib/libobservation_msgs__rosidl_generator_py.so
[12.018s] -- Set runtime path of "/home/rover/kameyama_ws/install/observation_msgs/lib/libobservation_msgs__rosidl_generator_py.so" to ""
[12.018s] -- Up-to-date: /home/rover/kameyama_ws/install/observation_msgs/share/observation_msgs/cmake/export_observation_msgs__rosidl_generator_cExport.cmake
[12.018s] -- Up-to-date: /home/rover/kameyama_ws/install/observation_msgs/share/observation_msgs/cmake/export_observation_msgs__rosidl_generator_cExport-noconfig.cmake
[12.019s] -- Up-to-date: /home/rover/kameyama_ws/install/observation_msgs/share/observation_msgs/cmake/export_observation_msgs__rosidl_typesupport_fastrtps_cExport.cmake
[12.019s] -- Up-to-date: /home/rover/kameyama_ws/install/observation_msgs/share/observation_msgs/cmake/export_observation_msgs__rosidl_typesupport_fastrtps_cExport-noconfig.cmake
[12.019s] -- Up-to-date: /home/rover/kameyama_ws/install/observation_msgs/share/observation_msgs/cmake/export_observation_msgs__rosidl_generator_cppExport.cmake
[12.019s] -- Up-to-date: /home/rover/kameyama_ws/install/observation_msgs/share/observation_msgs/cmake/export_observation_msgs__rosidl_typesupport_fastrtps_cppExport.cmake
[12.019s] -- Up-to-date: /home/rover/kameyama_ws/install/observation_msgs/share/observation_msgs/cmake/export_observation_msgs__rosidl_typesupport_fastrtps_cppExport-noconfig.cmake
[12.020s] -- Up-to-date: /home/rover/kameyama_ws/install/observation_msgs/share/observation_msgs/cmake/observation_msgs__rosidl_typesupport_introspection_cExport.cmake
[12.020s] -- Up-to-date: /home/rover/kameyama_ws/install/observation_msgs/share/observation_msgs/cmake/observation_msgs__rosidl_typesupport_introspection_cExport-noconfig.cmake
[12.020s] -- Up-to-date: /home/rover/kameyama_ws/install/observation_msgs/share/observation_msgs/cmake/observation_msgs__rosidl_typesupport_cExport.cmake
[12.020s] -- Up-to-date: /home/rover/kameyama_ws/install/observation_msgs/share/observation_msgs/cmake/observation_msgs__rosidl_typesupport_cExport-noconfig.cmake
[12.021s] -- Up-to-date: /home/rover/kameyama_ws/install/observation_msgs/share/observation_msgs/cmake/observation_msgs__rosidl_typesupport_introspection_cppExport.cmake
[12.021s] -- Up-to-date: /home/rover/kameyama_ws/install/observation_msgs/share/observation_msgs/cmake/observation_msgs__rosidl_typesupport_introspection_cppExport-noconfig.cmake
[12.024s] -- Up-to-date: /home/rover/kameyama_ws/install/observation_msgs/share/observation_msgs/cmake/observation_msgs__rosidl_typesupport_cppExport.cmake
[12.024s] -- Up-to-date: /home/rover/kameyama_ws/install/observation_msgs/share/observation_msgs/cmake/observation_msgs__rosidl_typesupport_cppExport-noconfig.cmake
[12.026s] -- Up-to-date: /home/rover/kameyama_ws/install/observation_msgs/share/observation_msgs/cmake/export_observation_msgs__rosidl_generator_pyExport.cmake
[12.026s] -- Up-to-date: /home/rover/kameyama_ws/install/observation_msgs/share/observation_msgs/cmake/export_observation_msgs__rosidl_generator_pyExport-noconfig.cmake
[12.033s] Invoked command in '/home/rover/kameyama_ws/build/observation_msgs' returned '0': CMAKE_PREFIX_PATH=${CMAKE_PREFIX_PATH}:/home/rover/amir_basic_ws/install/camera_calibration:/opt/ros/humble /usr/bin/cmake --install /home/rover/kameyama_ws/build/observation_msgs
