[35m[1mConsolidate compiler generated dependencies of target mecanum_spin[0m
[35m[1mConsolidate compiler generated dependencies of target mecanum_move[0m
[35m[1mConsolidate compiler generated dependencies of target search_obj[0m
[35m[1mConsolidate compiler generated dependencies of target move_arm[0m
[35m[1mConsolidate compiler generated dependencies of target move_meca[0m
[35m[1mConsolidate compiler generated dependencies of target initial_posi[0m
[35m[1mConsolidate compiler generated dependencies of target place[0m
[35m[1mConsolidate compiler generated dependencies of target mecanum_search[0m
[35m[1mConsolidate compiler generated dependencies of target grasp[0m
[35m[1mConsolidate compiler generated dependencies of target pick_using_d_optimality[0m
[35m[1mConsolidate compiler generated dependencies of target pick[0m
[  9%] Built target mecanum_spin
[ 18%] Built target search_obj
[ 27%] Built target mecanum_move
[ 36%] Built target move_arm
[ 45%] Built target initial_posi
[ 54%] Built target pick
[ 63%] Built target move_meca
[ 72%] Built target grasp
[ 81%] Built target place
[ 90%] Built target mecanum_search
[100%] Built target pick_using_d_optimality
