[  9%] Built target ros2_aruco_interfaces__rosidl_generator_c
[  9%] Built target ament_cmake_python_symlink_ros2_aruco_interfaces
[ 12%] Built target ros2_aruco_interfaces__cpp
[ 22%] Built target ros2_aruco_interfaces__rosidl_typesupport_cpp
[ 32%] Built target ros2_aruco_interfaces__rosidl_typesupport_c
[ 41%] Built target ros2_aruco_interfaces__rosidl_typesupport_introspection_c
[ 51%] Built target ros2_aruco_interfaces__rosidl_typesupport_fastrtps_cpp
[ 61%] Built target ros2_aruco_interfaces__rosidl_typesupport_introspection_cpp
[ 70%] Built target ros2_aruco_interfaces__rosidl_typesupport_fastrtps_c
[ 70%] Built target ros2_aruco_interfaces
[ 74%] Built target ros2_aruco_interfaces__py
[ 80%] Built target ros2_aruco_interfaces__rosidl_generator_py
[ 87%] Built target ros2_aruco_interfaces__rosidl_typesupport_fastrtps_c__pyext
[ 93%] Built target ros2_aruco_interfaces__rosidl_typesupport_c__pyext
[100%] Built target ros2_aruco_interfaces__rosidl_typesupport_introspection_c__pyext
running egg_info
writing ros2_aruco_interfaces.egg-info/PKG-INFO
writing dependency_links to ros2_aruco_interfaces.egg-info/dependency_links.txt
interrupted
gmake[2]: *** [CMakeFiles/ament_cmake_python_build_ros2_aruco_interfaces_egg.dir/build.make:70: CMakeFiles/ament_cmake_python_build_ros2_aruco_interfaces_egg] 割り込み
gmake[1]: *** [CMakeFiles/Makefile2:447: CMakeFiles/ament_cmake_python_build_ros2_aruco_interfaces_egg.dir/all] 割り込み
gmake: *** [Makefile:146: all] 割り込み
