[0.078s] Invoking command in '/home/rover/kameyama_ws/build/rviz_utility': CMAKE_PREFIX_PATH=${CMAKE_PREFIX_PATH}:/home/rover/amir_basic_ws/install/nav2_simple_commander:/home/rover/amir_basic_ws/install/camera_calibration:/opt/ros/humble /usr/bin/cmake /home/rover/kameyama_ws/src/rviz_utility -DAMENT_CMAKE_SYMLINK_INSTALL=1 -DCMAKE_INSTALL_PREFIX=/home/rover/kameyama_ws/install/rviz_utility
[0.224s] -- The C compiler identification is GNU 11.4.0
[0.292s] -- The CXX compiler identification is GNU 11.4.0
[0.302s] -- Detecting C compiler ABI info
[0.452s] -- Detecting C compiler ABI info - done
[0.464s] -- Check for working C compiler: /usr/bin/cc - skipped
[0.466s] -- Detecting C compile features
[0.467s] -- Detecting C compile features - done
[0.467s] -- Detecting CXX compiler ABI info
[0.662s] -- Detecting CXX compiler ABI info - done
[0.671s] -- Check for working CXX compiler: /usr/bin/c++ - skipped
[0.671s] -- Detecting CXX compile features
[0.672s] -- Detecting CXX compile features - done
[0.685s] -- Found ament_cmake: 1.3.11 (/opt/ros/humble/share/ament_cmake/cmake)
[1.539s] -- Found Python3: /usr/bin/python3 (found version "3.10.12") found components: Interpreter 
[1.596s] -- Override CMake install command with custom implementation using symlinks instead of copying resources
[1.849s] -- Configuring done
[1.859s] -- Generating done
[1.863s] -- Build files have been written to: /home/rover/kameyama_ws/build/rviz_utility
[1.873s] Invoked command in '/home/rover/kameyama_ws/build/rviz_utility' returned '0': CMAKE_PREFIX_PATH=${CMAKE_PREFIX_PATH}:/home/rover/amir_basic_ws/install/nav2_simple_commander:/home/rover/amir_basic_ws/install/camera_calibration:/opt/ros/humble /usr/bin/cmake /home/rover/kameyama_ws/src/rviz_utility -DAMENT_CMAKE_SYMLINK_INSTALL=1 -DCMAKE_INSTALL_PREFIX=/home/rover/kameyama_ws/install/rviz_utility
[1.874s] Invoking command in '/home/rover/kameyama_ws/build/rviz_utility': CMAKE_PREFIX_PATH=${CMAKE_PREFIX_PATH}:/home/rover/amir_basic_ws/install/nav2_simple_commander:/home/rover/amir_basic_ws/install/camera_calibration:/opt/ros/humble /usr/bin/cmake --build /home/rover/kameyama_ws/build/rviz_utility -- -j12 -l12
[1.980s] Invoked command in '/home/rover/kameyama_ws/build/rviz_utility' returned '0': CMAKE_PREFIX_PATH=${CMAKE_PREFIX_PATH}:/home/rover/amir_basic_ws/install/nav2_simple_commander:/home/rover/amir_basic_ws/install/camera_calibration:/opt/ros/humble /usr/bin/cmake --build /home/rover/kameyama_ws/build/rviz_utility -- -j12 -l12
[1.981s] Invoking command in '/home/rover/kameyama_ws/build/rviz_utility': CMAKE_PREFIX_PATH=${CMAKE_PREFIX_PATH}:/home/rover/amir_basic_ws/install/nav2_simple_commander:/home/rover/amir_basic_ws/install/camera_calibration:/opt/ros/humble /usr/bin/cmake --install /home/rover/kameyama_ws/build/rviz_utility
[2.695s] -- Install configuration: ""
[2.695s] -- Execute custom install script
[2.695s] -- Symlinking: /home/rover/kameyama_ws/install/rviz_utility/share/rviz_utility/launch/rviz_launch.py
[2.695s] -- Symlinking: /home/rover/kameyama_ws/install/rviz_utility/share/rviz_utility/rviz/amir.rviz
[2.695s] -- Symlinking: /home/rover/kameyama_ws/install/rviz_utility/share/rviz_utility/rviz/mecanum2.rviz
[2.695s] -- Symlinking: /home/rover/kameyama_ws/install/rviz_utility/share/rviz_utility/rviz/navigation1.rviz
[2.695s] -- Symlinking: /home/rover/kameyama_ws/install/rviz_utility/share/ament_index/resource_index/package_run_dependencies/rviz_utility
[2.695s] -- Symlinking: /home/rover/kameyama_ws/install/rviz_utility/share/ament_index/resource_index/parent_prefix_path/rviz_utility
[2.695s] -- Symlinking: /home/rover/kameyama_ws/install/rviz_utility/share/rviz_utility/environment/ament_prefix_path.sh
[2.695s] -- Symlinking: /home/rover/kameyama_ws/install/rviz_utility/share/rviz_utility/environment/ament_prefix_path.dsv
[2.695s] -- Symlinking: /home/rover/kameyama_ws/install/rviz_utility/share/rviz_utility/environment/path.sh
[2.695s] -- Symlinking: /home/rover/kameyama_ws/install/rviz_utility/share/rviz_utility/environment/path.dsv
[2.695s] -- Symlinking: /home/rover/kameyama_ws/install/rviz_utility/share/rviz_utility/local_setup.bash
[2.695s] -- Symlinking: /home/rover/kameyama_ws/install/rviz_utility/share/rviz_utility/local_setup.sh
[2.695s] -- Symlinking: /home/rover/kameyama_ws/install/rviz_utility/share/rviz_utility/local_setup.zsh
[2.695s] -- Symlinking: /home/rover/kameyama_ws/install/rviz_utility/share/rviz_utility/local_setup.dsv
[2.695s] -- Symlinking: /home/rover/kameyama_ws/install/rviz_utility/share/rviz_utility/package.dsv
[2.695s] -- Symlinking: /home/rover/kameyama_ws/install/rviz_utility/share/ament_index/resource_index/packages/rviz_utility
[2.695s] -- Symlinking: /home/rover/kameyama_ws/install/rviz_utility/share/rviz_utility/cmake/rviz_utilityConfig.cmake
[2.696s] -- Symlinking: /home/rover/kameyama_ws/install/rviz_utility/share/rviz_utility/cmake/rviz_utilityConfig-version.cmake
[2.696s] -- Symlinking: /home/rover/kameyama_ws/install/rviz_utility/share/rviz_utility/package.xml
[2.703s] Invoked command in '/home/rover/kameyama_ws/build/rviz_utility' returned '0': CMAKE_PREFIX_PATH=${CMAKE_PREFIX_PATH}:/home/rover/amir_basic_ws/install/nav2_simple_commander:/home/rover/amir_basic_ws/install/camera_calibration:/opt/ros/humble /usr/bin/cmake --install /home/rover/kameyama_ws/build/rviz_utility
