[  6%] Built target ros2_aruco_interfaces__cpp
[ 12%] Built target ros2_aruco_interfaces__rosidl_generator_c
[ 12%] Built target ament_cmake_python_symlink_ros2_aruco_interfaces
[ 22%] Built target ros2_aruco_interfaces__rosidl_typesupport_c
[ 32%] Built target ros2_aruco_interfaces__rosidl_typesupport_fastrtps_c
[ 41%] Built target ros2_aruco_interfaces__rosidl_typesupport_fastrtps_cpp
[ 51%] Built target ros2_aruco_interfaces__rosidl_typesupport_introspection_c
[ 61%] Built target ros2_aruco_interfaces__rosidl_typesupport_cpp
[ 70%] Built target ros2_aruco_interfaces__rosidl_typesupport_introspection_cpp
[ 70%] Built target ros2_aruco_interfaces
[ 74%] Built target ros2_aruco_interfaces__py
[ 80%] Built target ros2_aruco_interfaces__rosidl_generator_py
gmake[1]: *** [CMakeFiles/Makefile2:505: CMakeFiles/ros2_aruco_interfaces__rosidl_typesupport_fastrtps_c__pyext.dir/all] 割り込み
gmake[2]: *** [CMakeFiles/ros2_aruco_interfaces__rosidl_typesupport_introspection_c__pyext.dir/build.make:148: CMakeFiles/ros2_aruco_interfaces__rosidl_typesupport_introspection_c__pyext.dir/depend] 割り込み
gmake[1]: *** [CMakeFiles/Makefile2:534: CMakeFiles/ros2_aruco_interfaces__rosidl_typesupport_introspection_c__pyext.dir/all] 割り込み
Traceback (most recent call last):
  File "/home/rover/kameyama_ws/build/ros2_aruco_interfaces/ament_cmake_python/ros2_aruco_interfaces/setup.py", line 1, in <module>
gmake[2]: *** [CMakeFiles/ros2_aruco_interfaces__rosidl_typesupport_c__pyext.dir/build.make:147: CMakeFiles/ros2_aruco_interfaces__rosidl_typesupport_c__pyext.dir/depend] 割り込み
    from setuptools import find_packages
  File "/home/rover/.local/lib/python3.10/site-packages/setuptools/__init__.py", line 14, in <module>
gmake[1]: *** [CMakeFiles/Makefile2:563: CMakeFiles/ros2_aruco_interfaces__rosidl_typesupport_c__pyext.dir/all] 割り込み
    import setuptools.version
  File "/home/rover/.local/lib/python3.10/site-packages/setuptools/version.py", line 1, in <module>
    import pkg_resources
  File "/home/rover/.local/lib/python3.10/site-packages/pkg_resources/__init__.py", line 3247, in <module>
    def _initialize_master_working_set():
  File "/home/rover/.local/lib/python3.10/site-packages/pkg_resources/__init__.py", line 3221, in _call_aside
    f(*args, **kwargs)
  File "/home/rover/.local/lib/python3.10/site-packages/pkg_resources/__init__.py", line 3282, in _initialize_master_working_set
    list(map(working_set.add_entry, sys.path))
  File "/home/rover/.local/lib/python3.10/site-packages/pkg_resources/__init__.py", line 619, in add_entry
    for dist in find_distributions(entry, True):
  File "/home/rover/.local/lib/python3.10/site-packages/pkg_resources/__init__.py", line 2079, in find_on_path
    path_item_entries = _by_version_descending(filtered)
  File "/home/rover/.local/lib/python3.10/site-packages/pkg_resources/__init__.py", line 2049, in _by_version_descending
    return sorted(names, key=_by_version, reverse=True)
  File "/home/rover/.local/lib/python3.10/site-packages/pkg_resources/__init__.py", line 2047, in _by_version
    return [try_parse(part) for part in parts]
  File "/home/rover/.local/lib/python3.10/site-packages/pkg_resources/__init__.py", line 2047, in <listcomp>
    return [try_parse(part) for part in parts]
  File "/home/rover/.local/lib/python3.10/site-packages/pkg_resources/__init__.py", line 2037, in try_parse
    return packaging.version.Version(name)
  File "/home/rover/.local/lib/python3.10/site-packages/pkg_resources/_vendor/packaging/version.py", line 272, in __init__
    pre=_parse_letter_version(match.group("pre_l"), match.group("pre_n")),
KeyboardInterrupt
gmake[2]: *** [CMakeFiles/ament_cmake_python_build_ros2_aruco_interfaces_egg.dir/build.make:70: CMakeFiles/ament_cmake_python_build_ros2_aruco_interfaces_egg] 割り込み
gmake[1]: *** [CMakeFiles/Makefile2:447: CMakeFiles/ament_cmake_python_build_ros2_aruco_interfaces_egg.dir/all] 割り込み
gmake: *** [Makefile:146: all] 割り込み
