-- Install configuration: ""
-- Execute custom install script
-- Up-to-date symlink: /home/rover/kameyama_ws/install/rviz_utility/share/rviz_utility/launch/rviz_launch.py
-- Up-to-date symlink: /home/rover/kameyama_ws/install/rviz_utility/share/rviz_utility/rviz/amir.rviz
-- Up-to-date symlink: /home/rover/kameyama_ws/install/rviz_utility/share/rviz_utility/rviz/mecanum2.rviz
-- Up-to-date symlink: /home/rover/kameyama_ws/install/rviz_utility/share/rviz_utility/rviz/navigation1.rviz
-- Up-to-date symlink: /home/rover/kameyama_ws/install/rviz_utility/share/ament_index/resource_index/package_run_dependencies/rviz_utility
-- Up-to-date symlink: /home/rover/kameyama_ws/install/rviz_utility/share/ament_index/resource_index/parent_prefix_path/rviz_utility
-- Up-to-date symlink: /home/rover/kameyama_ws/install/rviz_utility/share/rviz_utility/environment/ament_prefix_path.sh
-- Up-to-date symlink: /home/rover/kameyama_ws/install/rviz_utility/share/rviz_utility/environment/ament_prefix_path.dsv
-- Up-to-date symlink: /home/rover/kameyama_ws/install/rviz_utility/share/rviz_utility/environment/path.sh
-- Up-to-date symlink: /home/rover/kameyama_ws/install/rviz_utility/share/rviz_utility/environment/path.dsv
-- Up-to-date symlink: /home/rover/kameyama_ws/install/rviz_utility/share/rviz_utility/local_setup.bash
-- Up-to-date symlink: /home/rover/kameyama_ws/install/rviz_utility/share/rviz_utility/local_setup.sh
-- Up-to-date symlink: /home/rover/kameyama_ws/install/rviz_utility/share/rviz_utility/local_setup.zsh
-- Up-to-date symlink: /home/rover/kameyama_ws/install/rviz_utility/share/rviz_utility/local_setup.dsv
-- Symlinking: /home/rover/kameyama_ws/install/rviz_utility/share/rviz_utility/package.dsv
-- Up-to-date symlink: /home/rover/kameyama_ws/install/rviz_utility/share/ament_index/resource_index/packages/rviz_utility
-- Up-to-date symlink: /home/rover/kameyama_ws/install/rviz_utility/share/rviz_utility/cmake/rviz_utilityConfig.cmake
-- Up-to-date symlink: /home/rover/kameyama_ws/install/rviz_utility/share/rviz_utility/cmake/rviz_utilityConfig-version.cmake
-- Up-to-date symlink: /home/rover/kameyama_ws/install/rviz_utility/share/rviz_utility/package.xml
