[35m[1mConsolidate compiler generated dependencies of target ros2_behavior_tree[0m
[35m[1mConsolidate compiler generated dependencies of target ros2_behavior_tree_nodes[0m
[  8%] Built target example_custom_nodes
[ 12%] Built target gtest
[ 12%] Built target gtest_main
[ 17%] Built target custom_test_nodes
[ 23%] Built target ros2_behavior_tree
[ 25%] [32mBuilding CXX object CMakeFiles/ros2_behavior_tree_nodes.dir/src/node_registrar.cpp.o[0m
[35m[1mConsolidate compiler generated dependencies of target minimal[0m
[35m[1mConsolidate compiler generated dependencies of target bt_executor_bebop[0m
[35m[1mConsolidate compiler generated dependencies of target bt_executor[0m
[35m[1mConsolidate compiler generated dependencies of target action_server_node[0m
[35m[1mConsolidate compiler generated dependencies of target custom_nodes[0m
[35m[1mConsolidate compiler generated dependencies of target lifecycle_node[0m
[35m[1mConsolidate compiler generated dependencies of target action_server_lifecycle_node[0m
[35m[1mConsolidate compiler generated dependencies of target node[0m
[ 34%] Built target bt_executor
[ 34%] Built target bt_executor_bebop
[ 40%] Built target action_server_node
[ 46%] Built target custom_nodes
[ 51%] Built target minimal
[ 57%] Built target action_server_lifecycle_node
[ 63%] Built target lifecycle_node
[ 70%] Built target node
