[  2%] Built target ar_track_alvar_msgs__cpp
[ 12%] Built target ar_track_alvar_msgs__rosidl_generator_c
[ 12%] Built target ament_cmake_python_symlink_ar_track_alvar_msgs
[ 23%] Built target ar_track_alvar_msgs__rosidl_typesupport_cpp
[ 33%] Built target ar_track_alvar_msgs__rosidl_typesupport_fastrtps_cpp
[ 43%] Built target ar_track_alvar_msgs__rosidl_typesupport_c
[ 53%] Built target ar_track_alvar_msgs__rosidl_typesupport_introspection_cpp
[ 64%] Built target ar_track_alvar_msgs__rosidl_typesupport_introspection_c
[ 74%] Built target ar_track_alvar_msgs__rosidl_typesupport_fastrtps_c
[ 74%] Built target ar_track_alvar_msgs
[ 76%] Built target ar_track_alvar_msgs__py
[ 84%] Built target ar_track_alvar_msgs__rosidl_generator_py
[ 89%] Built target ar_track_alvar_msgs__rosidl_typesupport_introspection_c__pyext
[ 94%] Built target ar_track_alvar_msgs__rosidl_typesupport_fastrtps_c__pyext
[100%] Built target ar_track_alvar_msgs__rosidl_typesupport_c__pyext
running egg_info
writing ar_track_alvar_msgs.egg-info/PKG-INFO
writing dependency_links to ar_track_alvar_msgs.egg-info/dependency_links.txt
interrupted
gmake[2]: *** [CMakeFiles/ament_cmake_python_build_ar_track_alvar_msgs_egg.dir/build.make:70: CMakeFiles/ament_cmake_python_build_ar_track_alvar_msgs_egg] 割り込み
gmake[1]: *** [CMakeFiles/Makefile2:447: CMakeFiles/ament_cmake_python_build_ar_track_alvar_msgs_egg.dir/all] 割り込み
gmake: *** [Makefile:146: all] 割り込み
