[  2%] Built target ar_track_alvar_msgs__cpp
[ 12%] Built target ar_track_alvar_msgs__rosidl_generator_c
[ 12%] Built target ament_cmake_python_symlink_ar_track_alvar_msgs
[ 23%] Built target ar_track_alvar_msgs__rosidl_typesupport_introspection_c
[ 33%] Built target ar_track_alvar_msgs__rosidl_typesupport_cpp
[ 43%] Built target ar_track_alvar_msgs__rosidl_typesupport_fastrtps_cpp
[ 53%] Built target ar_track_alvar_msgs__rosidl_typesupport_introspection_cpp
[ 64%] Built target ar_track_alvar_msgs__rosidl_typesupport_fastrtps_c
[ 74%] Built target ar_track_alvar_msgs__rosidl_typesupport_c
[ 74%] Built target ar_track_alvar_msgs
[ 76%] Built target ar_track_alvar_msgs__py
[ 84%] Built target ar_track_alvar_msgs__rosidl_generator_py
[ 89%] Built target ar_track_alvar_msgs__rosidl_typesupport_c__pyext
[ 94%] Built target ar_track_alvar_msgs__rosidl_typesupport_introspection_c__pyext
[100%] Built target ar_track_alvar_msgs__rosidl_typesupport_fastrtps_c__pyext
running egg_info
writing ar_track_alvar_msgs.egg-info/PKG-INFO
writing dependency_links to ar_track_alvar_msgs.egg-info/dependency_links.txt
writing top-level names to ar_track_alvar_msgs.egg-info/top_level.txt
reading manifest file 'ar_track_alvar_msgs.egg-info/SOURCES.txt'
writing manifest file 'ar_track_alvar_msgs.egg-info/SOURCES.txt'
[100%] Built target ament_cmake_python_build_ar_track_alvar_msgs_egg
-- Install configuration: ""
-- Execute custom install script
-- Up-to-date symlink: /home/rover/kameyama_ws/install/ar_track_alvar_msgs/share/ament_index/resource_index/rosidl_interfaces/ar_track_alvar_msgs
-- Up-to-date symlink: /home/rover/kameyama_ws/install/ar_track_alvar_msgs/include/ar_track_alvar_msgs/ar_track_alvar_msgs/msg/alvar_marker.h
-- Up-to-date symlink: /home/rover/kameyama_ws/install/ar_track_alvar_msgs/include/ar_track_alvar_msgs/ar_track_alvar_msgs/msg/alvar_markers.h
-- Up-to-date symlink: /home/rover/kameyama_ws/install/ar_track_alvar_msgs/include/ar_track_alvar_msgs/ar_track_alvar_msgs/msg/detail/alvar_marker__functions.h
-- Up-to-date symlink: /home/rover/kameyama_ws/install/ar_track_alvar_msgs/include/ar_track_alvar_msgs/ar_track_alvar_msgs/msg/detail/alvar_marker__struct.h
-- Up-to-date symlink: /home/rover/kameyama_ws/install/ar_track_alvar_msgs/include/ar_track_alvar_msgs/ar_track_alvar_msgs/msg/detail/alvar_marker__type_support.h
-- Up-to-date symlink: /home/rover/kameyama_ws/install/ar_track_alvar_msgs/include/ar_track_alvar_msgs/ar_track_alvar_msgs/msg/detail/alvar_markers__functions.h
-- Up-to-date symlink: /home/rover/kameyama_ws/install/ar_track_alvar_msgs/include/ar_track_alvar_msgs/ar_track_alvar_msgs/msg/detail/alvar_markers__struct.h
-- Up-to-date symlink: /home/rover/kameyama_ws/install/ar_track_alvar_msgs/include/ar_track_alvar_msgs/ar_track_alvar_msgs/msg/detail/alvar_markers__type_support.h
-- Up-to-date symlink: /home/rover/kameyama_ws/install/ar_track_alvar_msgs/include/ar_track_alvar_msgs/ar_track_alvar_msgs/msg/rosidl_generator_c__visibility_control.h
-- Up-to-date symlink: /home/rover/kameyama_ws/install/ar_track_alvar_msgs/share/ar_track_alvar_msgs/environment/library_path.sh
-- Up-to-date symlink: /home/rover/kameyama_ws/install/ar_track_alvar_msgs/share/ar_track_alvar_msgs/environment/library_path.dsv
-- Up-to-date symlink: /home/rover/kameyama_ws/install/ar_track_alvar_msgs/include/ar_track_alvar_msgs/ar_track_alvar_msgs/msg/detail/alvar_marker__rosidl_typesupport_fastrtps_c.h
-- Up-to-date symlink: /home/rover/kameyama_ws/install/ar_track_alvar_msgs/include/ar_track_alvar_msgs/ar_track_alvar_msgs/msg/detail/alvar_markers__rosidl_typesupport_fastrtps_c.h
-- Up-to-date symlink: /home/rover/kameyama_ws/install/ar_track_alvar_msgs/include/ar_track_alvar_msgs/ar_track_alvar_msgs/msg/rosidl_typesupport_fastrtps_c__visibility_control.h
-- Up-to-date symlink: /home/rover/kameyama_ws/install/ar_track_alvar_msgs/include/ar_track_alvar_msgs/ar_track_alvar_msgs/msg/detail/alvar_marker__rosidl_typesupport_introspection_c.h
-- Up-to-date symlink: /home/rover/kameyama_ws/install/ar_track_alvar_msgs/include/ar_track_alvar_msgs/ar_track_alvar_msgs/msg/detail/alvar_markers__rosidl_typesupport_introspection_c.h
-- Up-to-date symlink: /home/rover/kameyama_ws/install/ar_track_alvar_msgs/include/ar_track_alvar_msgs/ar_track_alvar_msgs/msg/rosidl_typesupport_introspection_c__visibility_control.h
-- Up-to-date symlink: /home/rover/kameyama_ws/install/ar_track_alvar_msgs/include/ar_track_alvar_msgs/ar_track_alvar_msgs/msg/alvar_marker.hpp
-- Up-to-date symlink: /home/rover/kameyama_ws/install/ar_track_alvar_msgs/include/ar_track_alvar_msgs/ar_track_alvar_msgs/msg/alvar_markers.hpp
-- Up-to-date symlink: /home/rover/kameyama_ws/install/ar_track_alvar_msgs/include/ar_track_alvar_msgs/ar_track_alvar_msgs/msg/detail/alvar_marker__builder.hpp
-- Up-to-date symlink: /home/rover/kameyama_ws/install/ar_track_alvar_msgs/include/ar_track_alvar_msgs/ar_track_alvar_msgs/msg/detail/alvar_marker__struct.hpp
-- Up-to-date symlink: /home/rover/kameyama_ws/install/ar_track_alvar_msgs/include/ar_track_alvar_msgs/ar_track_alvar_msgs/msg/detail/alvar_marker__traits.hpp
-- Up-to-date symlink: /home/rover/kameyama_ws/install/ar_track_alvar_msgs/include/ar_track_alvar_msgs/ar_track_alvar_msgs/msg/detail/alvar_marker__type_support.hpp
-- Up-to-date symlink: /home/rover/kameyama_ws/install/ar_track_alvar_msgs/include/ar_track_alvar_msgs/ar_track_alvar_msgs/msg/detail/alvar_markers__builder.hpp
-- Up-to-date symlink: /home/rover/kameyama_ws/install/ar_track_alvar_msgs/include/ar_track_alvar_msgs/ar_track_alvar_msgs/msg/detail/alvar_markers__struct.hpp
-- Up-to-date symlink: /home/rover/kameyama_ws/install/ar_track_alvar_msgs/include/ar_track_alvar_msgs/ar_track_alvar_msgs/msg/detail/alvar_markers__traits.hpp
-- Up-to-date symlink: /home/rover/kameyama_ws/install/ar_track_alvar_msgs/include/ar_track_alvar_msgs/ar_track_alvar_msgs/msg/detail/alvar_markers__type_support.hpp
-- Up-to-date symlink: /home/rover/kameyama_ws/install/ar_track_alvar_msgs/include/ar_track_alvar_msgs/ar_track_alvar_msgs/msg/rosidl_generator_cpp__visibility_control.hpp
-- Up-to-date symlink: /home/rover/kameyama_ws/install/ar_track_alvar_msgs/include/ar_track_alvar_msgs/ar_track_alvar_msgs/msg/detail/alvar_marker__rosidl_typesupport_fastrtps_cpp.hpp
-- Up-to-date symlink: /home/rover/kameyama_ws/install/ar_track_alvar_msgs/include/ar_track_alvar_msgs/ar_track_alvar_msgs/msg/detail/alvar_markers__rosidl_typesupport_fastrtps_cpp.hpp
-- Up-to-date symlink: /home/rover/kameyama_ws/install/ar_track_alvar_msgs/include/ar_track_alvar_msgs/ar_track_alvar_msgs/msg/rosidl_typesupport_fastrtps_cpp__visibility_control.h
-- Up-to-date symlink: /home/rover/kameyama_ws/install/ar_track_alvar_msgs/include/ar_track_alvar_msgs/ar_track_alvar_msgs/msg/detail/alvar_marker__rosidl_typesupport_introspection_cpp.hpp
-- Up-to-date symlink: /home/rover/kameyama_ws/install/ar_track_alvar_msgs/include/ar_track_alvar_msgs/ar_track_alvar_msgs/msg/detail/alvar_markers__rosidl_typesupport_introspection_cpp.hpp
-- Up-to-date symlink: /home/rover/kameyama_ws/install/ar_track_alvar_msgs/share/ar_track_alvar_msgs/environment/pythonpath.sh
-- Up-to-date symlink: /home/rover/kameyama_ws/install/ar_track_alvar_msgs/share/ar_track_alvar_msgs/environment/pythonpath.dsv
-- Up-to-date symlink: /home/rover/kameyama_ws/install/ar_track_alvar_msgs/local/lib/python3.10/dist-packages/ar_track_alvar_msgs-0.7.1-py3.10.egg-info/PKG-INFO
-- Up-to-date symlink: /home/rover/kameyama_ws/install/ar_track_alvar_msgs/local/lib/python3.10/dist-packages/ar_track_alvar_msgs-0.7.1-py3.10.egg-info/SOURCES.txt
-- Up-to-date symlink: /home/rover/kameyama_ws/install/ar_track_alvar_msgs/local/lib/python3.10/dist-packages/ar_track_alvar_msgs-0.7.1-py3.10.egg-info/dependency_links.txt
-- Up-to-date symlink: /home/rover/kameyama_ws/install/ar_track_alvar_msgs/local/lib/python3.10/dist-packages/ar_track_alvar_msgs-0.7.1-py3.10.egg-info/top_level.txt
-- Up-to-date symlink: /home/rover/kameyama_ws/install/ar_track_alvar_msgs/local/lib/python3.10/dist-packages/ar_track_alvar_msgs/__init__.py
-- Up-to-date symlink: /home/rover/kameyama_ws/install/ar_track_alvar_msgs/local/lib/python3.10/dist-packages/ar_track_alvar_msgs/_ar_track_alvar_msgs_s.ep.rosidl_typesupport_c.c
-- Up-to-date symlink: /home/rover/kameyama_ws/install/ar_track_alvar_msgs/local/lib/python3.10/dist-packages/ar_track_alvar_msgs/_ar_track_alvar_msgs_s.ep.rosidl_typesupport_fastrtps_c.c
-- Up-to-date symlink: /home/rover/kameyama_ws/install/ar_track_alvar_msgs/local/lib/python3.10/dist-packages/ar_track_alvar_msgs/_ar_track_alvar_msgs_s.ep.rosidl_typesupport_introspection_c.c
-- Up-to-date symlink: /home/rover/kameyama_ws/install/ar_track_alvar_msgs/local/lib/python3.10/dist-packages/ar_track_alvar_msgs/ar_track_alvar_msgs_s__rosidl_typesupport_c.cpython-310-x86_64-linux-gnu.so
-- Up-to-date symlink: /home/rover/kameyama_ws/install/ar_track_alvar_msgs/local/lib/python3.10/dist-packages/ar_track_alvar_msgs/ar_track_alvar_msgs_s__rosidl_typesupport_fastrtps_c.cpython-310-x86_64-linux-gnu.so
-- Up-to-date symlink: /home/rover/kameyama_ws/install/ar_track_alvar_msgs/local/lib/python3.10/dist-packages/ar_track_alvar_msgs/ar_track_alvar_msgs_s__rosidl_typesupport_introspection_c.cpython-310-x86_64-linux-gnu.so
-- Up-to-date symlink: /home/rover/kameyama_ws/install/ar_track_alvar_msgs/local/lib/python3.10/dist-packages/ar_track_alvar_msgs/libar_track_alvar_msgs__rosidl_generator_py.so
-- Up-to-date symlink: /home/rover/kameyama_ws/install/ar_track_alvar_msgs/local/lib/python3.10/dist-packages/ar_track_alvar_msgs/msg/__init__.py
-- Up-to-date symlink: /home/rover/kameyama_ws/install/ar_track_alvar_msgs/local/lib/python3.10/dist-packages/ar_track_alvar_msgs/msg/_alvar_marker.py
-- Up-to-date symlink: /home/rover/kameyama_ws/install/ar_track_alvar_msgs/local/lib/python3.10/dist-packages/ar_track_alvar_msgs/msg/_alvar_marker_s.c
-- Up-to-date symlink: /home/rover/kameyama_ws/install/ar_track_alvar_msgs/local/lib/python3.10/dist-packages/ar_track_alvar_msgs/msg/_alvar_markers.py
-- Up-to-date symlink: /home/rover/kameyama_ws/install/ar_track_alvar_msgs/local/lib/python3.10/dist-packages/ar_track_alvar_msgs/msg/_alvar_markers_s.c
-- Up-to-date symlink: /home/rover/kameyama_ws/install/ar_track_alvar_msgs/local/lib/python3.10/dist-packages/ar_track_alvar_msgs/ar_track_alvar_msgs_s__rosidl_typesupport_fastrtps_c.cpython-310-x86_64-linux-gnu.so
-- Up-to-date symlink: /home/rover/kameyama_ws/install/ar_track_alvar_msgs/local/lib/python3.10/dist-packages/ar_track_alvar_msgs/ar_track_alvar_msgs_s__rosidl_typesupport_introspection_c.cpython-310-x86_64-linux-gnu.so
-- Up-to-date symlink: /home/rover/kameyama_ws/install/ar_track_alvar_msgs/local/lib/python3.10/dist-packages/ar_track_alvar_msgs/ar_track_alvar_msgs_s__rosidl_typesupport_c.cpython-310-x86_64-linux-gnu.so
-- Up-to-date symlink: /home/rover/kameyama_ws/install/ar_track_alvar_msgs/share/ar_track_alvar_msgs/msg/AlvarMarker.idl
-- Up-to-date symlink: /home/rover/kameyama_ws/install/ar_track_alvar_msgs/share/ar_track_alvar_msgs/msg/AlvarMarkers.idl
-- Up-to-date symlink: /home/rover/kameyama_ws/install/ar_track_alvar_msgs/share/ar_track_alvar_msgs/msg/AlvarMarker.msg
-- Up-to-date symlink: /home/rover/kameyama_ws/install/ar_track_alvar_msgs/share/ar_track_alvar_msgs/msg/AlvarMarkers.msg
-- Up-to-date symlink: /home/rover/kameyama_ws/install/ar_track_alvar_msgs/share/ament_index/resource_index/package_run_dependencies/ar_track_alvar_msgs
-- Up-to-date symlink: /home/rover/kameyama_ws/install/ar_track_alvar_msgs/share/ament_index/resource_index/parent_prefix_path/ar_track_alvar_msgs
-- Up-to-date symlink: /home/rover/kameyama_ws/install/ar_track_alvar_msgs/share/ar_track_alvar_msgs/environment/ament_prefix_path.sh
-- Up-to-date symlink: /home/rover/kameyama_ws/install/ar_track_alvar_msgs/share/ar_track_alvar_msgs/environment/ament_prefix_path.dsv
-- Up-to-date symlink: /home/rover/kameyama_ws/install/ar_track_alvar_msgs/share/ar_track_alvar_msgs/environment/path.sh
-- Up-to-date symlink: /home/rover/kameyama_ws/install/ar_track_alvar_msgs/share/ar_track_alvar_msgs/environment/path.dsv
-- Up-to-date symlink: /home/rover/kameyama_ws/install/ar_track_alvar_msgs/share/ar_track_alvar_msgs/local_setup.bash
-- Up-to-date symlink: /home/rover/kameyama_ws/install/ar_track_alvar_msgs/share/ar_track_alvar_msgs/local_setup.sh
-- Up-to-date symlink: /home/rover/kameyama_ws/install/ar_track_alvar_msgs/share/ar_track_alvar_msgs/local_setup.zsh
-- Up-to-date symlink: /home/rover/kameyama_ws/install/ar_track_alvar_msgs/share/ar_track_alvar_msgs/local_setup.dsv
-- Symlinking: /home/rover/kameyama_ws/install/ar_track_alvar_msgs/share/ar_track_alvar_msgs/package.dsv
-- Up-to-date symlink: /home/rover/kameyama_ws/install/ar_track_alvar_msgs/share/ament_index/resource_index/packages/ar_track_alvar_msgs
-- Up-to-date symlink: /home/rover/kameyama_ws/install/ar_track_alvar_msgs/share/ar_track_alvar_msgs/cmake/rosidl_cmake-extras.cmake
-- Up-to-date symlink: /home/rover/kameyama_ws/install/ar_track_alvar_msgs/share/ar_track_alvar_msgs/cmake/ament_cmake_export_dependencies-extras.cmake
-- Up-to-date symlink: /home/rover/kameyama_ws/install/ar_track_alvar_msgs/share/ar_track_alvar_msgs/cmake/ament_cmake_export_include_directories-extras.cmake
-- Up-to-date symlink: /home/rover/kameyama_ws/install/ar_track_alvar_msgs/share/ar_track_alvar_msgs/cmake/ament_cmake_export_libraries-extras.cmake
-- Up-to-date symlink: /home/rover/kameyama_ws/install/ar_track_alvar_msgs/share/ar_track_alvar_msgs/cmake/ament_cmake_export_targets-extras.cmake
-- Up-to-date symlink: /home/rover/kameyama_ws/install/ar_track_alvar_msgs/share/ar_track_alvar_msgs/cmake/rosidl_cmake_export_typesupport_targets-extras.cmake
-- Up-to-date symlink: /home/rover/kameyama_ws/install/ar_track_alvar_msgs/share/ar_track_alvar_msgs/cmake/rosidl_cmake_export_typesupport_libraries-extras.cmake
-- Up-to-date symlink: /home/rover/kameyama_ws/install/ar_track_alvar_msgs/share/ar_track_alvar_msgs/cmake/ar_track_alvar_msgsConfig.cmake
-- Up-to-date symlink: /home/rover/kameyama_ws/install/ar_track_alvar_msgs/share/ar_track_alvar_msgs/cmake/ar_track_alvar_msgsConfig-version.cmake
-- Up-to-date symlink: /home/rover/kameyama_ws/install/ar_track_alvar_msgs/share/ar_track_alvar_msgs/package.xml
-- Up-to-date: /home/rover/kameyama_ws/install/ar_track_alvar_msgs/lib/libar_track_alvar_msgs__rosidl_generator_c.so
-- Up-to-date: /home/rover/kameyama_ws/install/ar_track_alvar_msgs/lib/libar_track_alvar_msgs__rosidl_typesupport_fastrtps_c.so
-- Up-to-date: /home/rover/kameyama_ws/install/ar_track_alvar_msgs/lib/libar_track_alvar_msgs__rosidl_typesupport_introspection_c.so
-- Up-to-date: /home/rover/kameyama_ws/install/ar_track_alvar_msgs/lib/libar_track_alvar_msgs__rosidl_typesupport_c.so
-- Up-to-date: /home/rover/kameyama_ws/install/ar_track_alvar_msgs/lib/libar_track_alvar_msgs__rosidl_typesupport_fastrtps_cpp.so
-- Up-to-date: /home/rover/kameyama_ws/install/ar_track_alvar_msgs/lib/libar_track_alvar_msgs__rosidl_typesupport_introspection_cpp.so
-- Up-to-date: /home/rover/kameyama_ws/install/ar_track_alvar_msgs/lib/libar_track_alvar_msgs__rosidl_typesupport_cpp.so
Listing '/home/rover/kameyama_ws/install/ar_track_alvar_msgs/local/lib/python3.10/dist-packages/ar_track_alvar_msgs'...
Listing '/home/rover/kameyama_ws/install/ar_track_alvar_msgs/local/lib/python3.10/dist-packages/ar_track_alvar_msgs/msg'...
-- Up-to-date: /home/rover/kameyama_ws/install/ar_track_alvar_msgs/lib/libar_track_alvar_msgs__rosidl_generator_py.so
-- Up-to-date: /home/rover/kameyama_ws/install/ar_track_alvar_msgs/share/ar_track_alvar_msgs/cmake/export_ar_track_alvar_msgs__rosidl_generator_cExport.cmake
-- Up-to-date: /home/rover/kameyama_ws/install/ar_track_alvar_msgs/share/ar_track_alvar_msgs/cmake/export_ar_track_alvar_msgs__rosidl_generator_cExport-noconfig.cmake
-- Up-to-date: /home/rover/kameyama_ws/install/ar_track_alvar_msgs/share/ar_track_alvar_msgs/cmake/export_ar_track_alvar_msgs__rosidl_typesupport_fastrtps_cExport.cmake
-- Up-to-date: /home/rover/kameyama_ws/install/ar_track_alvar_msgs/share/ar_track_alvar_msgs/cmake/export_ar_track_alvar_msgs__rosidl_typesupport_fastrtps_cExport-noconfig.cmake
-- Up-to-date: /home/rover/kameyama_ws/install/ar_track_alvar_msgs/share/ar_track_alvar_msgs/cmake/ar_track_alvar_msgs__rosidl_typesupport_introspection_cExport.cmake
-- Up-to-date: /home/rover/kameyama_ws/install/ar_track_alvar_msgs/share/ar_track_alvar_msgs/cmake/ar_track_alvar_msgs__rosidl_typesupport_introspection_cExport-noconfig.cmake
-- Up-to-date: /home/rover/kameyama_ws/install/ar_track_alvar_msgs/share/ar_track_alvar_msgs/cmake/ar_track_alvar_msgs__rosidl_typesupport_cExport.cmake
-- Up-to-date: /home/rover/kameyama_ws/install/ar_track_alvar_msgs/share/ar_track_alvar_msgs/cmake/ar_track_alvar_msgs__rosidl_typesupport_cExport-noconfig.cmake
-- Up-to-date: /home/rover/kameyama_ws/install/ar_track_alvar_msgs/share/ar_track_alvar_msgs/cmake/export_ar_track_alvar_msgs__rosidl_generator_cppExport.cmake
-- Up-to-date: /home/rover/kameyama_ws/install/ar_track_alvar_msgs/share/ar_track_alvar_msgs/cmake/export_ar_track_alvar_msgs__rosidl_typesupport_fastrtps_cppExport.cmake
-- Up-to-date: /home/rover/kameyama_ws/install/ar_track_alvar_msgs/share/ar_track_alvar_msgs/cmake/export_ar_track_alvar_msgs__rosidl_typesupport_fastrtps_cppExport-noconfig.cmake
-- Up-to-date: /home/rover/kameyama_ws/install/ar_track_alvar_msgs/share/ar_track_alvar_msgs/cmake/ar_track_alvar_msgs__rosidl_typesupport_introspection_cppExport.cmake
-- Up-to-date: /home/rover/kameyama_ws/install/ar_track_alvar_msgs/share/ar_track_alvar_msgs/cmake/ar_track_alvar_msgs__rosidl_typesupport_introspection_cppExport-noconfig.cmake
-- Up-to-date: /home/rover/kameyama_ws/install/ar_track_alvar_msgs/share/ar_track_alvar_msgs/cmake/ar_track_alvar_msgs__rosidl_typesupport_cppExport.cmake
-- Up-to-date: /home/rover/kameyama_ws/install/ar_track_alvar_msgs/share/ar_track_alvar_msgs/cmake/ar_track_alvar_msgs__rosidl_typesupport_cppExport-noconfig.cmake
-- Up-to-date: /home/rover/kameyama_ws/install/ar_track_alvar_msgs/share/ar_track_alvar_msgs/cmake/export_ar_track_alvar_msgs__rosidl_generator_pyExport.cmake
-- Up-to-date: /home/rover/kameyama_ws/install/ar_track_alvar_msgs/share/ar_track_alvar_msgs/cmake/export_ar_track_alvar_msgs__rosidl_generator_pyExport-noconfig.cmake
