[  3%] Built target bebop_msgs__cpp
[ 12%] Built target bebop_msgs__rosidl_generator_c
[ 12%] Built target ament_cmake_python_symlink_bebop_msgs
[ 16%] [32mBuilding CXX object CMakeFiles/bebop_msgs__rosidl_typesupport_cpp.dir/rosidl_typesupport_cpp/bebop_msgs/msg/box_corner__type_support.cpp.o[0m
[ 19%] [32mBuilding CXX object CMakeFiles/bebop_msgs__rosidl_typesupport_fastrtps_c.dir/rosidl_typesupport_fastrtps_c/bebop_msgs/msg/detail/box_corner__type_support_c.cpp.o[0m
[ 22%] [32mBuilding CXX object CMakeFiles/bebop_msgs__rosidl_typesupport_introspection_cpp.dir/rosidl_typesupport_introspection_cpp/bebop_msgs/msg/detail/box_corner__type_support.cpp.o[0m
[ 32%] Built target bebop_msgs__rosidl_typesupport_c
[ 35%] [32mBuilding CXX object CMakeFiles/bebop_msgs__rosidl_typesupport_fastrtps_cpp.dir/rosidl_typesupport_fastrtps_cpp/bebop_msgs/msg/detail/dds_fastrtps/box_corner__type_support.cpp.o[0m
[ 45%] Built target bebop_msgs__rosidl_typesupport_introspection_c
[ 48%] [32m[1mLinking CXX shared library libbebop_msgs__rosidl_typesupport_cpp.so[0m
[ 51%] Built target bebop_msgs__rosidl_typesupport_cpp
[ 54%] [32m[1mLinking CXX shared library libbebop_msgs__rosidl_typesupport_introspection_cpp.so[0m
[ 58%] [32m[1mLinking CXX shared library libbebop_msgs__rosidl_typesupport_fastrtps_c.so[0m
[ 61%] [32m[1mLinking CXX shared library libbebop_msgs__rosidl_typesupport_fastrtps_cpp.so[0m
[ 64%] Built target bebop_msgs__rosidl_typesupport_introspection_cpp
[ 67%] Built target bebop_msgs__rosidl_typesupport_fastrtps_c
running egg_info
[ 70%] Built target bebop_msgs__rosidl_typesupport_fastrtps_cpp
[ 70%] Built target bebop_msgs
writing bebop_msgs.egg-info/PKG-INFO
writing dependency_links to bebop_msgs.egg-info/dependency_links.txt
[ 74%] Built target bebop_msgs__py
[ 77%] [32mBuilding C object CMakeFiles/bebop_msgs__rosidl_generator_py.dir/rosidl_generator_py/bebop_msgs/msg/_box_corner_s.c.o[0m
[ 80%] [32m[1mLinking C shared library rosidl_generator_py/bebop_msgs/libbebop_msgs__rosidl_generator_py.so[0m
writing top-level names to bebop_msgs.egg-info/top_level.txt
[ 80%] Built target bebop_msgs__rosidl_generator_py
reading manifest file 'bebop_msgs.egg-info/SOURCES.txt'
writing manifest file 'bebop_msgs.egg-info/SOURCES.txt'
[ 83%] [32mBuilding C object CMakeFiles/bebop_msgs__rosidl_typesupport_fastrtps_c__pyext.dir/rosidl_generator_py/bebop_msgs/_bebop_msgs_s.ep.rosidl_typesupport_fastrtps_c.c.o[0m
[ 87%] [32mBuilding C object CMakeFiles/bebop_msgs__rosidl_typesupport_c__pyext.dir/rosidl_generator_py/bebop_msgs/_bebop_msgs_s.ep.rosidl_typesupport_c.c.o[0m
[ 90%] [32mBuilding C object CMakeFiles/bebop_msgs__rosidl_typesupport_introspection_c__pyext.dir/rosidl_generator_py/bebop_msgs/_bebop_msgs_s.ep.rosidl_typesupport_introspection_c.c.o[0m
[ 90%] Built target ament_cmake_python_build_bebop_msgs_egg
[ 93%] [32m[1mLinking C shared library rosidl_generator_py/bebop_msgs/bebop_msgs_s__rosidl_typesupport_introspection_c.cpython-310-x86_64-linux-gnu.so[0m
[ 96%] [32m[1mLinking C shared library rosidl_generator_py/bebop_msgs/bebop_msgs_s__rosidl_typesupport_c.cpython-310-x86_64-linux-gnu.so[0m
[ 96%] Built target bebop_msgs__rosidl_typesupport_introspection_c__pyext
[ 96%] Built target bebop_msgs__rosidl_typesupport_c__pyext
[100%] [32m[1mLinking C shared library rosidl_generator_py/bebop_msgs/bebop_msgs_s__rosidl_typesupport_fastrtps_c.cpython-310-x86_64-linux-gnu.so[0m
[100%] Built target bebop_msgs__rosidl_typesupport_fastrtps_c__pyext
-- Install configuration: ""
-- Execute custom install script
-- Up-to-date symlink: /home/rover/kameyama_ws/install/bebop_msgs/share/ament_index/resource_index/rosidl_interfaces/bebop_msgs
-- Up-to-date symlink: /home/rover/kameyama_ws/install/bebop_msgs/include/bebop_msgs/bebop_msgs/msg/box_corner.h
-- Up-to-date symlink: /home/rover/kameyama_ws/install/bebop_msgs/include/bebop_msgs/bebop_msgs/msg/detail/box_corner__functions.h
-- Up-to-date symlink: /home/rover/kameyama_ws/install/bebop_msgs/include/bebop_msgs/bebop_msgs/msg/detail/box_corner__struct.h
-- Up-to-date symlink: /home/rover/kameyama_ws/install/bebop_msgs/include/bebop_msgs/bebop_msgs/msg/detail/box_corner__type_support.h
-- Up-to-date symlink: /home/rover/kameyama_ws/install/bebop_msgs/include/bebop_msgs/bebop_msgs/msg/rosidl_generator_c__visibility_control.h
-- Up-to-date symlink: /home/rover/kameyama_ws/install/bebop_msgs/share/bebop_msgs/environment/library_path.sh
-- Up-to-date symlink: /home/rover/kameyama_ws/install/bebop_msgs/share/bebop_msgs/environment/library_path.dsv
-- Up-to-date symlink: /home/rover/kameyama_ws/install/bebop_msgs/include/bebop_msgs/bebop_msgs/msg/detail/box_corner__rosidl_typesupport_fastrtps_c.h
-- Up-to-date symlink: /home/rover/kameyama_ws/install/bebop_msgs/include/bebop_msgs/bebop_msgs/msg/rosidl_typesupport_fastrtps_c__visibility_control.h
-- Up-to-date symlink: /home/rover/kameyama_ws/install/bebop_msgs/include/bebop_msgs/bebop_msgs/msg/box_corner.hpp
-- Up-to-date symlink: /home/rover/kameyama_ws/install/bebop_msgs/include/bebop_msgs/bebop_msgs/msg/detail/box_corner__builder.hpp
-- Up-to-date symlink: /home/rover/kameyama_ws/install/bebop_msgs/include/bebop_msgs/bebop_msgs/msg/detail/box_corner__struct.hpp
-- Up-to-date symlink: /home/rover/kameyama_ws/install/bebop_msgs/include/bebop_msgs/bebop_msgs/msg/detail/box_corner__traits.hpp
-- Up-to-date symlink: /home/rover/kameyama_ws/install/bebop_msgs/include/bebop_msgs/bebop_msgs/msg/detail/box_corner__type_support.hpp
-- Up-to-date symlink: /home/rover/kameyama_ws/install/bebop_msgs/include/bebop_msgs/bebop_msgs/msg/rosidl_generator_cpp__visibility_control.hpp
-- Up-to-date symlink: /home/rover/kameyama_ws/install/bebop_msgs/include/bebop_msgs/bebop_msgs/msg/detail/box_corner__rosidl_typesupport_fastrtps_cpp.hpp
-- Up-to-date symlink: /home/rover/kameyama_ws/install/bebop_msgs/include/bebop_msgs/bebop_msgs/msg/rosidl_typesupport_fastrtps_cpp__visibility_control.h
-- Up-to-date symlink: /home/rover/kameyama_ws/install/bebop_msgs/include/bebop_msgs/bebop_msgs/msg/detail/box_corner__rosidl_typesupport_introspection_c.h
-- Up-to-date symlink: /home/rover/kameyama_ws/install/bebop_msgs/include/bebop_msgs/bebop_msgs/msg/rosidl_typesupport_introspection_c__visibility_control.h
-- Up-to-date symlink: /home/rover/kameyama_ws/install/bebop_msgs/include/bebop_msgs/bebop_msgs/msg/detail/box_corner__rosidl_typesupport_introspection_cpp.hpp
-- Up-to-date symlink: /home/rover/kameyama_ws/install/bebop_msgs/share/bebop_msgs/environment/pythonpath.sh
-- Up-to-date symlink: /home/rover/kameyama_ws/install/bebop_msgs/share/bebop_msgs/environment/pythonpath.dsv
-- Up-to-date symlink: /home/rover/kameyama_ws/install/bebop_msgs/local/lib/python3.10/dist-packages/bebop_msgs-0.0.0-py3.10.egg-info/PKG-INFO
-- Up-to-date symlink: /home/rover/kameyama_ws/install/bebop_msgs/local/lib/python3.10/dist-packages/bebop_msgs-0.0.0-py3.10.egg-info/SOURCES.txt
-- Up-to-date symlink: /home/rover/kameyama_ws/install/bebop_msgs/local/lib/python3.10/dist-packages/bebop_msgs-0.0.0-py3.10.egg-info/dependency_links.txt
-- Up-to-date symlink: /home/rover/kameyama_ws/install/bebop_msgs/local/lib/python3.10/dist-packages/bebop_msgs-0.0.0-py3.10.egg-info/top_level.txt
-- Up-to-date symlink: /home/rover/kameyama_ws/install/bebop_msgs/local/lib/python3.10/dist-packages/bebop_msgs/__init__.py
-- Up-to-date symlink: /home/rover/kameyama_ws/install/bebop_msgs/local/lib/python3.10/dist-packages/bebop_msgs/_bebop_msgs_s.ep.rosidl_typesupport_c.c
-- Up-to-date symlink: /home/rover/kameyama_ws/install/bebop_msgs/local/lib/python3.10/dist-packages/bebop_msgs/_bebop_msgs_s.ep.rosidl_typesupport_fastrtps_c.c
-- Up-to-date symlink: /home/rover/kameyama_ws/install/bebop_msgs/local/lib/python3.10/dist-packages/bebop_msgs/_bebop_msgs_s.ep.rosidl_typesupport_introspection_c.c
-- Up-to-date symlink: /home/rover/kameyama_ws/install/bebop_msgs/local/lib/python3.10/dist-packages/bebop_msgs/bebop_msgs_s__rosidl_typesupport_c.cpython-310-x86_64-linux-gnu.so
-- Up-to-date symlink: /home/rover/kameyama_ws/install/bebop_msgs/local/lib/python3.10/dist-packages/bebop_msgs/bebop_msgs_s__rosidl_typesupport_fastrtps_c.cpython-310-x86_64-linux-gnu.so
-- Up-to-date symlink: /home/rover/kameyama_ws/install/bebop_msgs/local/lib/python3.10/dist-packages/bebop_msgs/bebop_msgs_s__rosidl_typesupport_introspection_c.cpython-310-x86_64-linux-gnu.so
-- Up-to-date symlink: /home/rover/kameyama_ws/install/bebop_msgs/local/lib/python3.10/dist-packages/bebop_msgs/libbebop_msgs__rosidl_generator_py.so
-- Up-to-date symlink: /home/rover/kameyama_ws/install/bebop_msgs/local/lib/python3.10/dist-packages/bebop_msgs/msg/__init__.py
-- Up-to-date symlink: /home/rover/kameyama_ws/install/bebop_msgs/local/lib/python3.10/dist-packages/bebop_msgs/msg/_box_corner.py
-- Up-to-date symlink: /home/rover/kameyama_ws/install/bebop_msgs/local/lib/python3.10/dist-packages/bebop_msgs/msg/_box_corner_s.c
-- Up-to-date symlink: /home/rover/kameyama_ws/install/bebop_msgs/local/lib/python3.10/dist-packages/bebop_msgs/bebop_msgs_s__rosidl_typesupport_fastrtps_c.cpython-310-x86_64-linux-gnu.so
-- Up-to-date symlink: /home/rover/kameyama_ws/install/bebop_msgs/local/lib/python3.10/dist-packages/bebop_msgs/bebop_msgs_s__rosidl_typesupport_introspection_c.cpython-310-x86_64-linux-gnu.so
-- Up-to-date symlink: /home/rover/kameyama_ws/install/bebop_msgs/local/lib/python3.10/dist-packages/bebop_msgs/bebop_msgs_s__rosidl_typesupport_c.cpython-310-x86_64-linux-gnu.so
-- Up-to-date symlink: /home/rover/kameyama_ws/install/bebop_msgs/share/bebop_msgs/msg/BoxCorner.idl
-- Up-to-date symlink: /home/rover/kameyama_ws/install/bebop_msgs/share/bebop_msgs/msg/BoxCorner.msg
-- Up-to-date symlink: /home/rover/kameyama_ws/install/bebop_msgs/share/ament_index/resource_index/package_run_dependencies/bebop_msgs
-- Up-to-date symlink: /home/rover/kameyama_ws/install/bebop_msgs/share/ament_index/resource_index/parent_prefix_path/bebop_msgs
-- Up-to-date symlink: /home/rover/kameyama_ws/install/bebop_msgs/share/bebop_msgs/environment/ament_prefix_path.sh
-- Up-to-date symlink: /home/rover/kameyama_ws/install/bebop_msgs/share/bebop_msgs/environment/ament_prefix_path.dsv
-- Up-to-date symlink: /home/rover/kameyama_ws/install/bebop_msgs/share/bebop_msgs/environment/path.sh
-- Up-to-date symlink: /home/rover/kameyama_ws/install/bebop_msgs/share/bebop_msgs/environment/path.dsv
-- Up-to-date symlink: /home/rover/kameyama_ws/install/bebop_msgs/share/bebop_msgs/local_setup.bash
-- Up-to-date symlink: /home/rover/kameyama_ws/install/bebop_msgs/share/bebop_msgs/local_setup.sh
-- Up-to-date symlink: /home/rover/kameyama_ws/install/bebop_msgs/share/bebop_msgs/local_setup.zsh
-- Up-to-date symlink: /home/rover/kameyama_ws/install/bebop_msgs/share/bebop_msgs/local_setup.dsv
-- Symlinking: /home/rover/kameyama_ws/install/bebop_msgs/share/bebop_msgs/package.dsv
-- Up-to-date symlink: /home/rover/kameyama_ws/install/bebop_msgs/share/ament_index/resource_index/packages/bebop_msgs
-- Up-to-date symlink: /home/rover/kameyama_ws/install/bebop_msgs/share/bebop_msgs/cmake/rosidl_cmake-extras.cmake
-- Up-to-date symlink: /home/rover/kameyama_ws/install/bebop_msgs/share/bebop_msgs/cmake/ament_cmake_export_dependencies-extras.cmake
-- Up-to-date symlink: /home/rover/kameyama_ws/install/bebop_msgs/share/bebop_msgs/cmake/ament_cmake_export_include_directories-extras.cmake
-- Up-to-date symlink: /home/rover/kameyama_ws/install/bebop_msgs/share/bebop_msgs/cmake/ament_cmake_export_libraries-extras.cmake
-- Up-to-date symlink: /home/rover/kameyama_ws/install/bebop_msgs/share/bebop_msgs/cmake/ament_cmake_export_targets-extras.cmake
-- Up-to-date symlink: /home/rover/kameyama_ws/install/bebop_msgs/share/bebop_msgs/cmake/rosidl_cmake_export_typesupport_targets-extras.cmake
-- Up-to-date symlink: /home/rover/kameyama_ws/install/bebop_msgs/share/bebop_msgs/cmake/rosidl_cmake_export_typesupport_libraries-extras.cmake
-- Up-to-date symlink: /home/rover/kameyama_ws/install/bebop_msgs/share/bebop_msgs/cmake/bebop_msgsConfig.cmake
-- Up-to-date symlink: /home/rover/kameyama_ws/install/bebop_msgs/share/bebop_msgs/cmake/bebop_msgsConfig-version.cmake
-- Up-to-date symlink: /home/rover/kameyama_ws/install/bebop_msgs/share/bebop_msgs/package.xml
-- Up-to-date: /home/rover/kameyama_ws/install/bebop_msgs/lib/libbebop_msgs__rosidl_generator_c.so
-- Installing: /home/rover/kameyama_ws/install/bebop_msgs/lib/libbebop_msgs__rosidl_typesupport_fastrtps_c.so
-- Set runtime path of "/home/rover/kameyama_ws/install/bebop_msgs/lib/libbebop_msgs__rosidl_typesupport_fastrtps_c.so" to ""
-- Installing: /home/rover/kameyama_ws/install/bebop_msgs/lib/libbebop_msgs__rosidl_typesupport_fastrtps_cpp.so
-- Set runtime path of "/home/rover/kameyama_ws/install/bebop_msgs/lib/libbebop_msgs__rosidl_typesupport_fastrtps_cpp.so" to ""
-- Up-to-date: /home/rover/kameyama_ws/install/bebop_msgs/lib/libbebop_msgs__rosidl_typesupport_introspection_c.so
-- Up-to-date: /home/rover/kameyama_ws/install/bebop_msgs/lib/libbebop_msgs__rosidl_typesupport_c.so
-- Installing: /home/rover/kameyama_ws/install/bebop_msgs/lib/libbebop_msgs__rosidl_typesupport_introspection_cpp.so
-- Set runtime path of "/home/rover/kameyama_ws/install/bebop_msgs/lib/libbebop_msgs__rosidl_typesupport_introspection_cpp.so" to ""
-- Installing: /home/rover/kameyama_ws/install/bebop_msgs/lib/libbebop_msgs__rosidl_typesupport_cpp.so
-- Set runtime path of "/home/rover/kameyama_ws/install/bebop_msgs/lib/libbebop_msgs__rosidl_typesupport_cpp.so" to ""
Listing '/home/rover/kameyama_ws/install/bebop_msgs/local/lib/python3.10/dist-packages/bebop_msgs'...
Listing '/home/rover/kameyama_ws/install/bebop_msgs/local/lib/python3.10/dist-packages/bebop_msgs/msg'...
-- Installing: /home/rover/kameyama_ws/install/bebop_msgs/lib/libbebop_msgs__rosidl_generator_py.so
-- Set runtime path of "/home/rover/kameyama_ws/install/bebop_msgs/lib/libbebop_msgs__rosidl_generator_py.so" to ""
-- Up-to-date: /home/rover/kameyama_ws/install/bebop_msgs/share/bebop_msgs/cmake/export_bebop_msgs__rosidl_generator_cExport.cmake
-- Up-to-date: /home/rover/kameyama_ws/install/bebop_msgs/share/bebop_msgs/cmake/export_bebop_msgs__rosidl_generator_cExport-noconfig.cmake
-- Up-to-date: /home/rover/kameyama_ws/install/bebop_msgs/share/bebop_msgs/cmake/export_bebop_msgs__rosidl_typesupport_fastrtps_cExport.cmake
-- Up-to-date: /home/rover/kameyama_ws/install/bebop_msgs/share/bebop_msgs/cmake/export_bebop_msgs__rosidl_typesupport_fastrtps_cExport-noconfig.cmake
-- Up-to-date: /home/rover/kameyama_ws/install/bebop_msgs/share/bebop_msgs/cmake/export_bebop_msgs__rosidl_generator_cppExport.cmake
-- Up-to-date: /home/rover/kameyama_ws/install/bebop_msgs/share/bebop_msgs/cmake/export_bebop_msgs__rosidl_typesupport_fastrtps_cppExport.cmake
-- Up-to-date: /home/rover/kameyama_ws/install/bebop_msgs/share/bebop_msgs/cmake/export_bebop_msgs__rosidl_typesupport_fastrtps_cppExport-noconfig.cmake
-- Up-to-date: /home/rover/kameyama_ws/install/bebop_msgs/share/bebop_msgs/cmake/bebop_msgs__rosidl_typesupport_introspection_cExport.cmake
-- Up-to-date: /home/rover/kameyama_ws/install/bebop_msgs/share/bebop_msgs/cmake/bebop_msgs__rosidl_typesupport_introspection_cExport-noconfig.cmake
-- Up-to-date: /home/rover/kameyama_ws/install/bebop_msgs/share/bebop_msgs/cmake/bebop_msgs__rosidl_typesupport_cExport.cmake
-- Up-to-date: /home/rover/kameyama_ws/install/bebop_msgs/share/bebop_msgs/cmake/bebop_msgs__rosidl_typesupport_cExport-noconfig.cmake
-- Up-to-date: /home/rover/kameyama_ws/install/bebop_msgs/share/bebop_msgs/cmake/bebop_msgs__rosidl_typesupport_introspection_cppExport.cmake
-- Up-to-date: /home/rover/kameyama_ws/install/bebop_msgs/share/bebop_msgs/cmake/bebop_msgs__rosidl_typesupport_introspection_cppExport-noconfig.cmake
-- Up-to-date: /home/rover/kameyama_ws/install/bebop_msgs/share/bebop_msgs/cmake/bebop_msgs__rosidl_typesupport_cppExport.cmake
-- Up-to-date: /home/rover/kameyama_ws/install/bebop_msgs/share/bebop_msgs/cmake/bebop_msgs__rosidl_typesupport_cppExport-noconfig.cmake
-- Up-to-date: /home/rover/kameyama_ws/install/bebop_msgs/share/bebop_msgs/cmake/export_bebop_msgs__rosidl_generator_pyExport.cmake
-- Up-to-date: /home/rover/kameyama_ws/install/bebop_msgs/share/bebop_msgs/cmake/export_bebop_msgs__rosidl_generator_pyExport-noconfig.cmake
