[0.050s] Invoking command in '/home/rover/kameyama_ws/build/bebop_msgs': CMAKE_PREFIX_PATH=${CMAKE_PREFIX_PATH}:/home/rover/amir_basic_ws/install/camera_calibration:/opt/ros/humble /usr/bin/cmake --build /home/rover/kameyama_ws/build/bebop_msgs -- -j12 -l12
[1.428s] [  3%] Built target bebop_msgs__cpp
[1.428s] [ 12%] Built target bebop_msgs__rosidl_generator_c
[1.428s] [ 12%] Built target ament_cmake_python_symlink_bebop_msgs
[1.428s] [ 16%] [32mBuilding CXX object CMakeFiles/bebop_msgs__rosidl_typesupport_cpp.dir/rosidl_typesupport_cpp/bebop_msgs/msg/box_corner__type_support.cpp.o[0m
[1.428s] [ 19%] [32mBuilding CXX object CMakeFiles/bebop_msgs__rosidl_typesupport_fastrtps_c.dir/rosidl_typesupport_fastrtps_c/bebop_msgs/msg/detail/box_corner__type_support_c.cpp.o[0m
[1.428s] [ 22%] [32mBuilding CXX object CMakeFiles/bebop_msgs__rosidl_typesupport_introspection_cpp.dir/rosidl_typesupport_introspection_cpp/bebop_msgs/msg/detail/box_corner__type_support.cpp.o[0m
[1.428s] [ 32%] Built target bebop_msgs__rosidl_typesupport_c
[1.428s] [ 35%] [32mBuilding CXX object CMakeFiles/bebop_msgs__rosidl_typesupport_fastrtps_cpp.dir/rosidl_typesupport_fastrtps_cpp/bebop_msgs/msg/detail/dds_fastrtps/box_corner__type_support.cpp.o[0m
[1.428s] [ 45%] Built target bebop_msgs__rosidl_typesupport_introspection_c
[1.428s] [ 48%] [32m[1mLinking CXX shared library libbebop_msgs__rosidl_typesupport_cpp.so[0m
[1.428s] [ 51%] Built target bebop_msgs__rosidl_typesupport_cpp
[1.428s] [ 54%] [32m[1mLinking CXX shared library libbebop_msgs__rosidl_typesupport_introspection_cpp.so[0m
[1.428s] [ 58%] [32m[1mLinking CXX shared library libbebop_msgs__rosidl_typesupport_fastrtps_c.so[0m
[1.429s] [ 61%] [32m[1mLinking CXX shared library libbebop_msgs__rosidl_typesupport_fastrtps_cpp.so[0m
[1.429s] [ 64%] Built target bebop_msgs__rosidl_typesupport_introspection_cpp
[1.430s] [ 67%] Built target bebop_msgs__rosidl_typesupport_fastrtps_c
[1.430s] running egg_info
[1.433s] [ 70%] Built target bebop_msgs__rosidl_typesupport_fastrtps_cpp
[1.433s] [ 70%] Built target bebop_msgs
[1.433s] writing bebop_msgs.egg-info/PKG-INFO
[1.435s] writing dependency_links to bebop_msgs.egg-info/dependency_links.txt
[1.446s] [ 74%] Built target bebop_msgs__py
[1.519s] [ 77%] [32mBuilding C object CMakeFiles/bebop_msgs__rosidl_generator_py.dir/rosidl_generator_py/bebop_msgs/msg/_box_corner_s.c.o[0m
[1.787s] [ 80%] [32m[1mLinking C shared library rosidl_generator_py/bebop_msgs/libbebop_msgs__rosidl_generator_py.so[0m
[1.790s] writing top-level names to bebop_msgs.egg-info/top_level.txt
[1.904s] [ 80%] Built target bebop_msgs__rosidl_generator_py
[1.962s] reading manifest file 'bebop_msgs.egg-info/SOURCES.txt'
[1.963s] writing manifest file 'bebop_msgs.egg-info/SOURCES.txt'
[1.970s] [ 83%] [32mBuilding C object CMakeFiles/bebop_msgs__rosidl_typesupport_fastrtps_c__pyext.dir/rosidl_generator_py/bebop_msgs/_bebop_msgs_s.ep.rosidl_typesupport_fastrtps_c.c.o[0m
[1.990s] [ 87%] [32mBuilding C object CMakeFiles/bebop_msgs__rosidl_typesupport_c__pyext.dir/rosidl_generator_py/bebop_msgs/_bebop_msgs_s.ep.rosidl_typesupport_c.c.o[0m
[1.996s] [ 90%] [32mBuilding C object CMakeFiles/bebop_msgs__rosidl_typesupport_introspection_c__pyext.dir/rosidl_generator_py/bebop_msgs/_bebop_msgs_s.ep.rosidl_typesupport_introspection_c.c.o[0m
[2.059s] [ 90%] Built target ament_cmake_python_build_bebop_msgs_egg
[2.155s] [ 93%] [32m[1mLinking C shared library rosidl_generator_py/bebop_msgs/bebop_msgs_s__rosidl_typesupport_introspection_c.cpython-310-x86_64-linux-gnu.so[0m
[2.188s] [ 96%] [32m[1mLinking C shared library rosidl_generator_py/bebop_msgs/bebop_msgs_s__rosidl_typesupport_c.cpython-310-x86_64-linux-gnu.so[0m
[2.298s] [ 96%] Built target bebop_msgs__rosidl_typesupport_introspection_c__pyext
[2.313s] [ 96%] Built target bebop_msgs__rosidl_typesupport_c__pyext
[2.319s] [100%] [32m[1mLinking C shared library rosidl_generator_py/bebop_msgs/bebop_msgs_s__rosidl_typesupport_fastrtps_c.cpython-310-x86_64-linux-gnu.so[0m
[2.406s] [100%] Built target bebop_msgs__rosidl_typesupport_fastrtps_c__pyext
[2.486s] Invoked command in '/home/rover/kameyama_ws/build/bebop_msgs' returned '0': CMAKE_PREFIX_PATH=${CMAKE_PREFIX_PATH}:/home/rover/amir_basic_ws/install/camera_calibration:/opt/ros/humble /usr/bin/cmake --build /home/rover/kameyama_ws/build/bebop_msgs -- -j12 -l12
[2.492s] Invoking command in '/home/rover/kameyama_ws/build/bebop_msgs': CMAKE_PREFIX_PATH=${CMAKE_PREFIX_PATH}:/home/rover/amir_basic_ws/install/camera_calibration:/opt/ros/humble /usr/bin/cmake --install /home/rover/kameyama_ws/build/bebop_msgs
[2.684s] -- Install configuration: ""
[2.684s] -- Execute custom install script
[2.684s] -- Up-to-date symlink: /home/rover/kameyama_ws/install/bebop_msgs/share/ament_index/resource_index/rosidl_interfaces/bebop_msgs
[2.684s] -- Up-to-date symlink: /home/rover/kameyama_ws/install/bebop_msgs/include/bebop_msgs/bebop_msgs/msg/box_corner.h
[2.684s] -- Up-to-date symlink: /home/rover/kameyama_ws/install/bebop_msgs/include/bebop_msgs/bebop_msgs/msg/detail/box_corner__functions.h
[2.684s] -- Up-to-date symlink: /home/rover/kameyama_ws/install/bebop_msgs/include/bebop_msgs/bebop_msgs/msg/detail/box_corner__struct.h
[2.684s] -- Up-to-date symlink: /home/rover/kameyama_ws/install/bebop_msgs/include/bebop_msgs/bebop_msgs/msg/detail/box_corner__type_support.h
[2.684s] -- Up-to-date symlink: /home/rover/kameyama_ws/install/bebop_msgs/include/bebop_msgs/bebop_msgs/msg/rosidl_generator_c__visibility_control.h
[2.684s] -- Up-to-date symlink: /home/rover/kameyama_ws/install/bebop_msgs/share/bebop_msgs/environment/library_path.sh
[2.684s] -- Up-to-date symlink: /home/rover/kameyama_ws/install/bebop_msgs/share/bebop_msgs/environment/library_path.dsv
[2.684s] -- Up-to-date symlink: /home/rover/kameyama_ws/install/bebop_msgs/include/bebop_msgs/bebop_msgs/msg/detail/box_corner__rosidl_typesupport_fastrtps_c.h
[2.684s] -- Up-to-date symlink: /home/rover/kameyama_ws/install/bebop_msgs/include/bebop_msgs/bebop_msgs/msg/rosidl_typesupport_fastrtps_c__visibility_control.h
[2.684s] -- Up-to-date symlink: /home/rover/kameyama_ws/install/bebop_msgs/include/bebop_msgs/bebop_msgs/msg/box_corner.hpp
[2.684s] -- Up-to-date symlink: /home/rover/kameyama_ws/install/bebop_msgs/include/bebop_msgs/bebop_msgs/msg/detail/box_corner__builder.hpp
[2.684s] -- Up-to-date symlink: /home/rover/kameyama_ws/install/bebop_msgs/include/bebop_msgs/bebop_msgs/msg/detail/box_corner__struct.hpp
[2.684s] -- Up-to-date symlink: /home/rover/kameyama_ws/install/bebop_msgs/include/bebop_msgs/bebop_msgs/msg/detail/box_corner__traits.hpp
[2.684s] -- Up-to-date symlink: /home/rover/kameyama_ws/install/bebop_msgs/include/bebop_msgs/bebop_msgs/msg/detail/box_corner__type_support.hpp
[2.684s] -- Up-to-date symlink: /home/rover/kameyama_ws/install/bebop_msgs/include/bebop_msgs/bebop_msgs/msg/rosidl_generator_cpp__visibility_control.hpp
[2.684s] -- Up-to-date symlink: /home/rover/kameyama_ws/install/bebop_msgs/include/bebop_msgs/bebop_msgs/msg/detail/box_corner__rosidl_typesupport_fastrtps_cpp.hpp
[2.688s] -- Up-to-date symlink: /home/rover/kameyama_ws/install/bebop_msgs/include/bebop_msgs/bebop_msgs/msg/rosidl_typesupport_fastrtps_cpp__visibility_control.h
[2.689s] -- Up-to-date symlink: /home/rover/kameyama_ws/install/bebop_msgs/include/bebop_msgs/bebop_msgs/msg/detail/box_corner__rosidl_typesupport_introspection_c.h
[2.689s] -- Up-to-date symlink: /home/rover/kameyama_ws/install/bebop_msgs/include/bebop_msgs/bebop_msgs/msg/rosidl_typesupport_introspection_c__visibility_control.h
[2.689s] -- Up-to-date symlink: /home/rover/kameyama_ws/install/bebop_msgs/include/bebop_msgs/bebop_msgs/msg/detail/box_corner__rosidl_typesupport_introspection_cpp.hpp
[2.689s] -- Up-to-date symlink: /home/rover/kameyama_ws/install/bebop_msgs/share/bebop_msgs/environment/pythonpath.sh
[2.689s] -- Up-to-date symlink: /home/rover/kameyama_ws/install/bebop_msgs/share/bebop_msgs/environment/pythonpath.dsv
[2.689s] -- Up-to-date symlink: /home/rover/kameyama_ws/install/bebop_msgs/local/lib/python3.10/dist-packages/bebop_msgs-0.0.0-py3.10.egg-info/PKG-INFO
[2.689s] -- Up-to-date symlink: /home/rover/kameyama_ws/install/bebop_msgs/local/lib/python3.10/dist-packages/bebop_msgs-0.0.0-py3.10.egg-info/SOURCES.txt
[2.689s] -- Up-to-date symlink: /home/rover/kameyama_ws/install/bebop_msgs/local/lib/python3.10/dist-packages/bebop_msgs-0.0.0-py3.10.egg-info/dependency_links.txt
[2.689s] -- Up-to-date symlink: /home/rover/kameyama_ws/install/bebop_msgs/local/lib/python3.10/dist-packages/bebop_msgs-0.0.0-py3.10.egg-info/top_level.txt
[2.689s] -- Up-to-date symlink: /home/rover/kameyama_ws/install/bebop_msgs/local/lib/python3.10/dist-packages/bebop_msgs/__init__.py
[2.689s] -- Up-to-date symlink: /home/rover/kameyama_ws/install/bebop_msgs/local/lib/python3.10/dist-packages/bebop_msgs/_bebop_msgs_s.ep.rosidl_typesupport_c.c
[2.689s] -- Up-to-date symlink: /home/rover/kameyama_ws/install/bebop_msgs/local/lib/python3.10/dist-packages/bebop_msgs/_bebop_msgs_s.ep.rosidl_typesupport_fastrtps_c.c
[2.689s] -- Up-to-date symlink: /home/rover/kameyama_ws/install/bebop_msgs/local/lib/python3.10/dist-packages/bebop_msgs/_bebop_msgs_s.ep.rosidl_typesupport_introspection_c.c
[2.689s] -- Up-to-date symlink: /home/rover/kameyama_ws/install/bebop_msgs/local/lib/python3.10/dist-packages/bebop_msgs/bebop_msgs_s__rosidl_typesupport_c.cpython-310-x86_64-linux-gnu.so
[2.689s] -- Up-to-date symlink: /home/rover/kameyama_ws/install/bebop_msgs/local/lib/python3.10/dist-packages/bebop_msgs/bebop_msgs_s__rosidl_typesupport_fastrtps_c.cpython-310-x86_64-linux-gnu.so
[2.689s] -- Up-to-date symlink: /home/rover/kameyama_ws/install/bebop_msgs/local/lib/python3.10/dist-packages/bebop_msgs/bebop_msgs_s__rosidl_typesupport_introspection_c.cpython-310-x86_64-linux-gnu.so
[2.689s] -- Up-to-date symlink: /home/rover/kameyama_ws/install/bebop_msgs/local/lib/python3.10/dist-packages/bebop_msgs/libbebop_msgs__rosidl_generator_py.so
[2.689s] -- Up-to-date symlink: /home/rover/kameyama_ws/install/bebop_msgs/local/lib/python3.10/dist-packages/bebop_msgs/msg/__init__.py
[2.689s] -- Up-to-date symlink: /home/rover/kameyama_ws/install/bebop_msgs/local/lib/python3.10/dist-packages/bebop_msgs/msg/_box_corner.py
[2.689s] -- Up-to-date symlink: /home/rover/kameyama_ws/install/bebop_msgs/local/lib/python3.10/dist-packages/bebop_msgs/msg/_box_corner_s.c
[2.689s] -- Up-to-date symlink: /home/rover/kameyama_ws/install/bebop_msgs/local/lib/python3.10/dist-packages/bebop_msgs/bebop_msgs_s__rosidl_typesupport_fastrtps_c.cpython-310-x86_64-linux-gnu.so
[2.690s] -- Up-to-date symlink: /home/rover/kameyama_ws/install/bebop_msgs/local/lib/python3.10/dist-packages/bebop_msgs/bebop_msgs_s__rosidl_typesupport_introspection_c.cpython-310-x86_64-linux-gnu.so
[2.690s] -- Up-to-date symlink: /home/rover/kameyama_ws/install/bebop_msgs/local/lib/python3.10/dist-packages/bebop_msgs/bebop_msgs_s__rosidl_typesupport_c.cpython-310-x86_64-linux-gnu.so
[2.690s] -- Up-to-date symlink: /home/rover/kameyama_ws/install/bebop_msgs/share/bebop_msgs/msg/BoxCorner.idl
[2.690s] -- Up-to-date symlink: /home/rover/kameyama_ws/install/bebop_msgs/share/bebop_msgs/msg/BoxCorner.msg
[2.690s] -- Up-to-date symlink: /home/rover/kameyama_ws/install/bebop_msgs/share/ament_index/resource_index/package_run_dependencies/bebop_msgs
[2.690s] -- Up-to-date symlink: /home/rover/kameyama_ws/install/bebop_msgs/share/ament_index/resource_index/parent_prefix_path/bebop_msgs
[2.690s] -- Up-to-date symlink: /home/rover/kameyama_ws/install/bebop_msgs/share/bebop_msgs/environment/ament_prefix_path.sh
[2.690s] -- Up-to-date symlink: /home/rover/kameyama_ws/install/bebop_msgs/share/bebop_msgs/environment/ament_prefix_path.dsv
[2.690s] -- Up-to-date symlink: /home/rover/kameyama_ws/install/bebop_msgs/share/bebop_msgs/environment/path.sh
[2.690s] -- Up-to-date symlink: /home/rover/kameyama_ws/install/bebop_msgs/share/bebop_msgs/environment/path.dsv
[2.690s] -- Up-to-date symlink: /home/rover/kameyama_ws/install/bebop_msgs/share/bebop_msgs/local_setup.bash
[2.690s] -- Up-to-date symlink: /home/rover/kameyama_ws/install/bebop_msgs/share/bebop_msgs/local_setup.sh
[2.690s] -- Up-to-date symlink: /home/rover/kameyama_ws/install/bebop_msgs/share/bebop_msgs/local_setup.zsh
[2.690s] -- Up-to-date symlink: /home/rover/kameyama_ws/install/bebop_msgs/share/bebop_msgs/local_setup.dsv
[2.690s] -- Symlinking: /home/rover/kameyama_ws/install/bebop_msgs/share/bebop_msgs/package.dsv
[2.690s] -- Up-to-date symlink: /home/rover/kameyama_ws/install/bebop_msgs/share/ament_index/resource_index/packages/bebop_msgs
[2.690s] -- Up-to-date symlink: /home/rover/kameyama_ws/install/bebop_msgs/share/bebop_msgs/cmake/rosidl_cmake-extras.cmake
[2.690s] -- Up-to-date symlink: /home/rover/kameyama_ws/install/bebop_msgs/share/bebop_msgs/cmake/ament_cmake_export_dependencies-extras.cmake
[2.690s] -- Up-to-date symlink: /home/rover/kameyama_ws/install/bebop_msgs/share/bebop_msgs/cmake/ament_cmake_export_include_directories-extras.cmake
[2.690s] -- Up-to-date symlink: /home/rover/kameyama_ws/install/bebop_msgs/share/bebop_msgs/cmake/ament_cmake_export_libraries-extras.cmake
[2.690s] -- Up-to-date symlink: /home/rover/kameyama_ws/install/bebop_msgs/share/bebop_msgs/cmake/ament_cmake_export_targets-extras.cmake
[2.690s] -- Up-to-date symlink: /home/rover/kameyama_ws/install/bebop_msgs/share/bebop_msgs/cmake/rosidl_cmake_export_typesupport_targets-extras.cmake
[2.690s] -- Up-to-date symlink: /home/rover/kameyama_ws/install/bebop_msgs/share/bebop_msgs/cmake/rosidl_cmake_export_typesupport_libraries-extras.cmake
[2.690s] -- Up-to-date symlink: /home/rover/kameyama_ws/install/bebop_msgs/share/bebop_msgs/cmake/bebop_msgsConfig.cmake
[2.690s] -- Up-to-date symlink: /home/rover/kameyama_ws/install/bebop_msgs/share/bebop_msgs/cmake/bebop_msgsConfig-version.cmake
[2.690s] -- Up-to-date symlink: /home/rover/kameyama_ws/install/bebop_msgs/share/bebop_msgs/package.xml
[2.691s] -- Up-to-date: /home/rover/kameyama_ws/install/bebop_msgs/lib/libbebop_msgs__rosidl_generator_c.so
[2.691s] -- Installing: /home/rover/kameyama_ws/install/bebop_msgs/lib/libbebop_msgs__rosidl_typesupport_fastrtps_c.so
[2.691s] -- Set runtime path of "/home/rover/kameyama_ws/install/bebop_msgs/lib/libbebop_msgs__rosidl_typesupport_fastrtps_c.so" to ""
[2.691s] -- Installing: /home/rover/kameyama_ws/install/bebop_msgs/lib/libbebop_msgs__rosidl_typesupport_fastrtps_cpp.so
[2.691s] -- Set runtime path of "/home/rover/kameyama_ws/install/bebop_msgs/lib/libbebop_msgs__rosidl_typesupport_fastrtps_cpp.so" to ""
[2.691s] -- Up-to-date: /home/rover/kameyama_ws/install/bebop_msgs/lib/libbebop_msgs__rosidl_typesupport_introspection_c.so
[2.691s] -- Up-to-date: /home/rover/kameyama_ws/install/bebop_msgs/lib/libbebop_msgs__rosidl_typesupport_c.so
[2.691s] -- Installing: /home/rover/kameyama_ws/install/bebop_msgs/lib/libbebop_msgs__rosidl_typesupport_introspection_cpp.so
[2.691s] -- Set runtime path of "/home/rover/kameyama_ws/install/bebop_msgs/lib/libbebop_msgs__rosidl_typesupport_introspection_cpp.so" to ""
[2.691s] -- Installing: /home/rover/kameyama_ws/install/bebop_msgs/lib/libbebop_msgs__rosidl_typesupport_cpp.so
[2.691s] -- Set runtime path of "/home/rover/kameyama_ws/install/bebop_msgs/lib/libbebop_msgs__rosidl_typesupport_cpp.so" to ""
[2.691s] Listing '/home/rover/kameyama_ws/install/bebop_msgs/local/lib/python3.10/dist-packages/bebop_msgs'...
[2.691s] Listing '/home/rover/kameyama_ws/install/bebop_msgs/local/lib/python3.10/dist-packages/bebop_msgs/msg'...
[2.691s] -- Installing: /home/rover/kameyama_ws/install/bebop_msgs/lib/libbebop_msgs__rosidl_generator_py.so
[2.691s] -- Set runtime path of "/home/rover/kameyama_ws/install/bebop_msgs/lib/libbebop_msgs__rosidl_generator_py.so" to ""
[2.691s] -- Up-to-date: /home/rover/kameyama_ws/install/bebop_msgs/share/bebop_msgs/cmake/export_bebop_msgs__rosidl_generator_cExport.cmake
[2.691s] -- Up-to-date: /home/rover/kameyama_ws/install/bebop_msgs/share/bebop_msgs/cmake/export_bebop_msgs__rosidl_generator_cExport-noconfig.cmake
[2.691s] -- Up-to-date: /home/rover/kameyama_ws/install/bebop_msgs/share/bebop_msgs/cmake/export_bebop_msgs__rosidl_typesupport_fastrtps_cExport.cmake
[2.691s] -- Up-to-date: /home/rover/kameyama_ws/install/bebop_msgs/share/bebop_msgs/cmake/export_bebop_msgs__rosidl_typesupport_fastrtps_cExport-noconfig.cmake
[2.691s] -- Up-to-date: /home/rover/kameyama_ws/install/bebop_msgs/share/bebop_msgs/cmake/export_bebop_msgs__rosidl_generator_cppExport.cmake
[2.691s] -- Up-to-date: /home/rover/kameyama_ws/install/bebop_msgs/share/bebop_msgs/cmake/export_bebop_msgs__rosidl_typesupport_fastrtps_cppExport.cmake
[2.695s] -- Up-to-date: /home/rover/kameyama_ws/install/bebop_msgs/share/bebop_msgs/cmake/export_bebop_msgs__rosidl_typesupport_fastrtps_cppExport-noconfig.cmake
[2.696s] -- Up-to-date: /home/rover/kameyama_ws/install/bebop_msgs/share/bebop_msgs/cmake/bebop_msgs__rosidl_typesupport_introspection_cExport.cmake
[2.696s] -- Up-to-date: /home/rover/kameyama_ws/install/bebop_msgs/share/bebop_msgs/cmake/bebop_msgs__rosidl_typesupport_introspection_cExport-noconfig.cmake
[2.696s] -- Up-to-date: /home/rover/kameyama_ws/install/bebop_msgs/share/bebop_msgs/cmake/bebop_msgs__rosidl_typesupport_cExport.cmake
[2.696s] -- Up-to-date: /home/rover/kameyama_ws/install/bebop_msgs/share/bebop_msgs/cmake/bebop_msgs__rosidl_typesupport_cExport-noconfig.cmake
[2.696s] -- Up-to-date: /home/rover/kameyama_ws/install/bebop_msgs/share/bebop_msgs/cmake/bebop_msgs__rosidl_typesupport_introspection_cppExport.cmake
[2.696s] -- Up-to-date: /home/rover/kameyama_ws/install/bebop_msgs/share/bebop_msgs/cmake/bebop_msgs__rosidl_typesupport_introspection_cppExport-noconfig.cmake
[2.696s] -- Up-to-date: /home/rover/kameyama_ws/install/bebop_msgs/share/bebop_msgs/cmake/bebop_msgs__rosidl_typesupport_cppExport.cmake
[2.696s] -- Up-to-date: /home/rover/kameyama_ws/install/bebop_msgs/share/bebop_msgs/cmake/bebop_msgs__rosidl_typesupport_cppExport-noconfig.cmake
[2.696s] -- Up-to-date: /home/rover/kameyama_ws/install/bebop_msgs/share/bebop_msgs/cmake/export_bebop_msgs__rosidl_generator_pyExport.cmake
[2.696s] -- Up-to-date: /home/rover/kameyama_ws/install/bebop_msgs/share/bebop_msgs/cmake/export_bebop_msgs__rosidl_generator_pyExport-noconfig.cmake
[2.777s] Invoked command in '/home/rover/kameyama_ws/build/bebop_msgs' returned '0': CMAKE_PREFIX_PATH=${CMAKE_PREFIX_PATH}:/home/rover/amir_basic_ws/install/camera_calibration:/opt/ros/humble /usr/bin/cmake --install /home/rover/kameyama_ws/build/bebop_msgs
