[  0%] Built target behavior_tree_msgs__cpp
[ 12%] Built target behavior_tree_msgs__rosidl_generator_c
[ 12%] Built target ament_cmake_python_symlink_behavior_tree_msgs
[ 24%] Built target behavior_tree_msgs__rosidl_typesupport_cpp
[ 36%] Built target behavior_tree_msgs__rosidl_typesupport_fastrtps_cpp
[ 49%] Built target behavior_tree_msgs__rosidl_typesupport_introspection_c
[ 61%] Built target behavior_tree_msgs__rosidl_typesupport_c
[ 73%] Built target behavior_tree_msgs__rosidl_typesupport_fastrtps_c
[ 86%] Built target behavior_tree_msgs__rosidl_typesupport_introspection_cpp
[ 86%] Built target behavior_tree_msgs
[ 86%] Built target behavior_tree_msgs__py
[ 98%] Built target behavior_tree_msgs__rosidl_generator_py
[ 99%] Built target behavior_tree_msgs__rosidl_typesupport_fastrtps_c__pyext
[ 99%] Built target behavior_tree_msgs__rosidl_typesupport_introspection_c__pyext
[100%] Built target behavior_tree_msgs__rosidl_typesupport_c__pyext
running egg_info
writing behavior_tree_msgs.egg-info/PKG-INFO
writing dependency_links to behavior_tree_msgs.egg-info/dependency_links.txt
interrupted
gmake[2]: *** [CMakeFiles/ament_cmake_python_build_behavior_tree_msgs_egg.dir/build.make:70: CMakeFiles/ament_cmake_python_build_behavior_tree_msgs_egg] 割り込み
gmake[1]: *** [CMakeFiles/Makefile2:447: CMakeFiles/ament_cmake_python_build_behavior_tree_msgs_egg.dir/all] 割り込み
gmake: *** [Makefile:146: all] 割り込み
