[0.126s] Invoking command in '/home/rover/kameyama_ws/build/rviz_utility': CMAKE_PREFIX_PATH=${CMAKE_PREFIX_PATH}:/home/rover/amir_basic_ws/install/camera_calibration:/opt/ros/humble /usr/bin/cmake --build /home/rover/kameyama_ws/build/rviz_utility -- -j12 -l12
[4.136s] Invoked command in '/home/rover/kameyama_ws/build/rviz_utility' returned '0': CMAKE_PREFIX_PATH=${CMAKE_PREFIX_PATH}:/home/rover/amir_basic_ws/install/camera_calibration:/opt/ros/humble /usr/bin/cmake --build /home/rover/kameyama_ws/build/rviz_utility -- -j12 -l12
[4.153s] Invoking command in '/home/rover/kameyama_ws/build/rviz_utility': CMAKE_PREFIX_PATH=${CMAKE_PREFIX_PATH}:/home/rover/amir_basic_ws/install/camera_calibration:/opt/ros/humble /usr/bin/cmake --install /home/rover/kameyama_ws/build/rviz_utility
[6.002s] -- Install configuration: ""
[6.003s] -- Execute custom install script
[6.003s] -- Up-to-date symlink: /home/rover/kameyama_ws/install/rviz_utility/share/rviz_utility/launch/rviz_launch.py
[6.003s] -- Up-to-date symlink: /home/rover/kameyama_ws/install/rviz_utility/share/rviz_utility/rviz/amir.rviz
[6.003s] -- Up-to-date symlink: /home/rover/kameyama_ws/install/rviz_utility/share/rviz_utility/rviz/mecanum2.rviz
[6.003s] -- Up-to-date symlink: /home/rover/kameyama_ws/install/rviz_utility/share/rviz_utility/rviz/navigation1.rviz
[6.003s] -- Up-to-date symlink: /home/rover/kameyama_ws/install/rviz_utility/share/ament_index/resource_index/package_run_dependencies/rviz_utility
[6.003s] -- Up-to-date symlink: /home/rover/kameyama_ws/install/rviz_utility/share/ament_index/resource_index/parent_prefix_path/rviz_utility
[6.003s] -- Up-to-date symlink: /home/rover/kameyama_ws/install/rviz_utility/share/rviz_utility/environment/ament_prefix_path.sh
[6.003s] -- Up-to-date symlink: /home/rover/kameyama_ws/install/rviz_utility/share/rviz_utility/environment/ament_prefix_path.dsv
[6.003s] -- Up-to-date symlink: /home/rover/kameyama_ws/install/rviz_utility/share/rviz_utility/environment/path.sh
[6.003s] -- Up-to-date symlink: /home/rover/kameyama_ws/install/rviz_utility/share/rviz_utility/environment/path.dsv
[6.003s] -- Up-to-date symlink: /home/rover/kameyama_ws/install/rviz_utility/share/rviz_utility/local_setup.bash
[6.003s] -- Up-to-date symlink: /home/rover/kameyama_ws/install/rviz_utility/share/rviz_utility/local_setup.sh
[6.003s] -- Up-to-date symlink: /home/rover/kameyama_ws/install/rviz_utility/share/rviz_utility/local_setup.zsh
[6.003s] -- Up-to-date symlink: /home/rover/kameyama_ws/install/rviz_utility/share/rviz_utility/local_setup.dsv
[6.003s] -- Symlinking: /home/rover/kameyama_ws/install/rviz_utility/share/rviz_utility/package.dsv
[6.003s] -- Up-to-date symlink: /home/rover/kameyama_ws/install/rviz_utility/share/ament_index/resource_index/packages/rviz_utility
[6.003s] -- Up-to-date symlink: /home/rover/kameyama_ws/install/rviz_utility/share/rviz_utility/cmake/rviz_utilityConfig.cmake
[6.003s] -- Up-to-date symlink: /home/rover/kameyama_ws/install/rviz_utility/share/rviz_utility/cmake/rviz_utilityConfig-version.cmake
[6.003s] -- Up-to-date symlink: /home/rover/kameyama_ws/install/rviz_utility/share/rviz_utility/package.xml
[6.017s] Invoked command in '/home/rover/kameyama_ws/build/rviz_utility' returned '0': CMAKE_PREFIX_PATH=${CMAKE_PREFIX_PATH}:/home/rover/amir_basic_ws/install/camera_calibration:/opt/ros/humble /usr/bin/cmake --install /home/rover/kameyama_ws/build/rviz_utility
