[0.830s] Invoking command in '/home/rover/kameyama_ws/build/emcl2': CMAKE_PREFIX_PATH=${CMAKE_PREFIX_PATH}:/home/rover/amir_basic_ws/install/nav2_simple_commander:/home/rover/amir_basic_ws/install/camera_calibration:/opt/ros/humble /usr/bin/cmake --build /home/rover/kameyama_ws/build/emcl2 -- -j12 -l12
[0.932s] [100%] Built target emcl2_node
[0.951s] Invoked command in '/home/rover/kameyama_ws/build/emcl2' returned '0': CMAKE_PREFIX_PATH=${CMAKE_PREFIX_PATH}:/home/rover/amir_basic_ws/install/nav2_simple_commander:/home/rover/amir_basic_ws/install/camera_calibration:/opt/ros/humble /usr/bin/cmake --build /home/rover/kameyama_ws/build/emcl2 -- -j12 -l12
[0.956s] Invoking command in '/home/rover/kameyama_ws/build/emcl2': CMAKE_PREFIX_PATH=${CMAKE_PREFIX_PATH}:/home/rover/amir_basic_ws/install/nav2_simple_commander:/home/rover/amir_basic_ws/install/camera_calibration:/opt/ros/humble /usr/bin/cmake --install /home/rover/kameyama_ws/build/emcl2
[0.970s] -- Install configuration: ""
[0.971s] -- Execute custom install script
[0.971s] -- Up-to-date symlink: /home/rover/kameyama_ws/install/emcl2/lib/emcl2/test.bash
[0.971s] -- Up-to-date symlink: /home/rover/kameyama_ws/install/emcl2/lib/emcl2/test_gui.bash
[0.971s] -- Up-to-date symlink: /home/rover/kameyama_ws/install/emcl2/include/emcl2/ExpResetMcl2.h
[0.971s] -- Up-to-date symlink: /home/rover/kameyama_ws/install/emcl2/include/emcl2/LikelihoodFieldMap.h
[0.971s] -- Up-to-date symlink: /home/rover/kameyama_ws/install/emcl2/include/emcl2/Mcl.h
[0.971s] -- Up-to-date symlink: /home/rover/kameyama_ws/install/emcl2/include/emcl2/OdomModel.h
[0.971s] -- Up-to-date symlink: /home/rover/kameyama_ws/install/emcl2/include/emcl2/Particle.h
[0.971s] -- Up-to-date symlink: /home/rover/kameyama_ws/install/emcl2/include/emcl2/Pose.h
[0.971s] -- Up-to-date symlink: /home/rover/kameyama_ws/install/emcl2/include/emcl2/Scan.h
[0.971s] -- Up-to-date symlink: /home/rover/kameyama_ws/install/emcl2/include/emcl2/emcl2_node.h
[0.971s] -- Up-to-date symlink: /home/rover/kameyama_ws/install/emcl2/lib/emcl2/emcl2_node
[0.971s] -- Up-to-date symlink: /home/rover/kameyama_ws/install/emcl2/share/emcl2/config/emcl2.param.yaml
[0.971s] -- Up-to-date symlink: /home/rover/kameyama_ws/install/emcl2/share/emcl2/config/emcl2_quick_start.param.yaml
[0.971s] -- Up-to-date symlink: /home/rover/kameyama_ws/install/emcl2/share/emcl2/launch/emcl2.launch.py
[0.975s] -- Up-to-date symlink: /home/rover/kameyama_ws/install/emcl2/share/emcl2/test/demo.bash
[0.975s] -- Up-to-date symlink: /home/rover/kameyama_ws/install/emcl2/share/emcl2/test/test.bash
[0.975s] -- Up-to-date symlink: /home/rover/kameyama_ws/install/emcl2/share/emcl2/test/test.launch.xml
[0.975s] -- Up-to-date symlink: /home/rover/kameyama_ws/install/emcl2/share/emcl2/test/test_gui.bash
[0.975s] -- Up-to-date symlink: /home/rover/kameyama_ws/install/emcl2/share/ament_index/resource_index/package_run_dependencies/emcl2
[0.975s] -- Up-to-date symlink: /home/rover/kameyama_ws/install/emcl2/share/ament_index/resource_index/parent_prefix_path/emcl2
[0.975s] -- Up-to-date symlink: /home/rover/kameyama_ws/install/emcl2/share/emcl2/environment/ament_prefix_path.sh
[0.975s] -- Up-to-date symlink: /home/rover/kameyama_ws/install/emcl2/share/emcl2/environment/ament_prefix_path.dsv
[0.975s] -- Up-to-date symlink: /home/rover/kameyama_ws/install/emcl2/share/emcl2/environment/path.sh
[0.975s] -- Up-to-date symlink: /home/rover/kameyama_ws/install/emcl2/share/emcl2/environment/path.dsv
[0.975s] -- Up-to-date symlink: /home/rover/kameyama_ws/install/emcl2/share/emcl2/local_setup.bash
[0.976s] -- Up-to-date symlink: /home/rover/kameyama_ws/install/emcl2/share/emcl2/local_setup.sh
[0.976s] -- Up-to-date symlink: /home/rover/kameyama_ws/install/emcl2/share/emcl2/local_setup.zsh
[0.976s] -- Up-to-date symlink: /home/rover/kameyama_ws/install/emcl2/share/emcl2/local_setup.dsv
[0.976s] -- Symlinking: /home/rover/kameyama_ws/install/emcl2/share/emcl2/package.dsv
[0.987s] -- Up-to-date symlink: /home/rover/kameyama_ws/install/emcl2/share/ament_index/resource_index/packages/emcl2
[0.991s] -- Up-to-date symlink: /home/rover/kameyama_ws/install/emcl2/share/emcl2/cmake/ament_cmake_export_dependencies-extras.cmake
[0.992s] -- Up-to-date symlink: /home/rover/kameyama_ws/install/emcl2/share/emcl2/cmake/ament_cmake_export_include_directories-extras.cmake
[0.993s] -- Up-to-date symlink: /home/rover/kameyama_ws/install/emcl2/share/emcl2/cmake/emcl2Config.cmake
[0.993s] -- Up-to-date symlink: /home/rover/kameyama_ws/install/emcl2/share/emcl2/cmake/emcl2Config-version.cmake
[0.993s] -- Up-to-date symlink: /home/rover/kameyama_ws/install/emcl2/share/emcl2/package.xml
[1.019s] Invoked command in '/home/rover/kameyama_ws/build/emcl2' returned '0': CMAKE_PREFIX_PATH=${CMAKE_PREFIX_PATH}:/home/rover/amir_basic_ws/install/nav2_simple_commander:/home/rover/amir_basic_ws/install/camera_calibration:/opt/ros/humble /usr/bin/cmake --install /home/rover/kameyama_ws/build/emcl2
