[ 50%] [32mBuilding CXX object CMakeFiles/odom_tf2_broadcaster.dir/src/odom_tf2_broadcaster.cpp.o[0m
In file included from [01m[K/home/rover/kameyama_ws/src/my_utility/src/odom_tf2_broadcaster.cpp:22[m[K:
[01m[K/opt/ros/humble/include/tf2_geometry_msgs/tf2_geometry_msgs/tf2_geometry_msgs.h:35:2:[m[K [01;35m[Kwarning: [m[K#warning This header is obsolete, please include tf2_geometry_msgs/tf2_geometry_msgs.hpp instead [[01;35m[K]8;;https://gcc.gnu.org/onlinedocs/gcc/Warning-Options.html#index-Wcpp-Wcpp]8;;[m[K]
   35 | #[01;35m[Kwarning[m[K This header is obsolete, please include tf2_geometry_msgs/tf2_geometry_msgs.hpp instead
      |  [01;35m[K^~~~~~~[m[K
In file included from [01m[K/home/rover/kameyama_ws/src/my_utility/src/odom_tf2_broadcaster.cpp:26[m[K:
[01m[K/opt/ros/humble/include/tf2_eigen/tf2_eigen/tf2_eigen.h:32:2:[m[K [01;35m[Kwarning: [m[K#warning This header is obsolete, please include tf2_eigen/tf2_eigen.hpp instead [[01;35m[K]8;;https://gcc.gnu.org/onlinedocs/gcc/Warning-Options.html#index-Wcpp-Wcpp]8;;[m[K]
   32 | #[01;35m[Kwarning[m[K This header is obsolete, please include tf2_eigen/tf2_eigen.hpp instead
      |  [01;35m[K^~~~~~~[m[K
[100%] [32m[1mLinking CXX executable odom_tf2_broadcaster[0m
[100%] Built target odom_tf2_broadcaster
-- Install configuration: ""
-- Execute custom install script
-- Up-to-date symlink: /home/rover/kameyama_ws/install/my_utility/lib/my_utility/odom_tf2_broadcaster
-- Up-to-date symlink: /home/rover/kameyama_ws/install/my_utility/share/my_utility//launch/odom_tf2_broadcaster.launch.py
-- Up-to-date symlink: /home/rover/kameyama_ws/install/my_utility/share/ament_index/resource_index/package_run_dependencies/my_utility
-- Up-to-date symlink: /home/rover/kameyama_ws/install/my_utility/share/ament_index/resource_index/parent_prefix_path/my_utility
-- Up-to-date symlink: /home/rover/kameyama_ws/install/my_utility/share/my_utility/environment/ament_prefix_path.sh
-- Up-to-date symlink: /home/rover/kameyama_ws/install/my_utility/share/my_utility/environment/ament_prefix_path.dsv
-- Up-to-date symlink: /home/rover/kameyama_ws/install/my_utility/share/my_utility/environment/path.sh
-- Up-to-date symlink: /home/rover/kameyama_ws/install/my_utility/share/my_utility/environment/path.dsv
-- Up-to-date symlink: /home/rover/kameyama_ws/install/my_utility/share/my_utility/local_setup.bash
-- Up-to-date symlink: /home/rover/kameyama_ws/install/my_utility/share/my_utility/local_setup.sh
-- Up-to-date symlink: /home/rover/kameyama_ws/install/my_utility/share/my_utility/local_setup.zsh
-- Up-to-date symlink: /home/rover/kameyama_ws/install/my_utility/share/my_utility/local_setup.dsv
-- Symlinking: /home/rover/kameyama_ws/install/my_utility/share/my_utility/package.dsv
-- Up-to-date symlink: /home/rover/kameyama_ws/install/my_utility/share/ament_index/resource_index/packages/my_utility
-- Up-to-date symlink: /home/rover/kameyama_ws/install/my_utility/share/my_utility/cmake/my_utilityConfig.cmake
-- Up-to-date symlink: /home/rover/kameyama_ws/install/my_utility/share/my_utility/cmake/my_utilityConfig-version.cmake
-- Up-to-date symlink: /home/rover/kameyama_ws/install/my_utility/share/my_utility/package.xml
