[0.063s] Invoking command in '/home/rover/kameyama_ws/build/my_utility': CMAKE_PREFIX_PATH=${CMAKE_PREFIX_PATH}:/home/rover/amir_basic_ws/install/camera_calibration:/opt/ros/humble /usr/bin/cmake --build /home/rover/kameyama_ws/build/my_utility -- -j12 -l12
[1.031s] [ 50%] [32mBuilding CXX object CMakeFiles/odom_tf2_broadcaster.dir/src/odom_tf2_broadcaster.cpp.o[0m
[1.031s] In file included from [01m[K/home/rover/kameyama_ws/src/my_utility/src/odom_tf2_broadcaster.cpp:22[m[K:
[1.031s] [01m[K/opt/ros/humble/include/tf2_geometry_msgs/tf2_geometry_msgs/tf2_geometry_msgs.h:35:2:[m[K [01;35m[Kwarning: [m[K#warning This header is obsolete, please include tf2_geometry_msgs/tf2_geometry_msgs.hpp instead [[01;35m[K]8;;https://gcc.gnu.org/onlinedocs/gcc/Warning-Options.html#index-Wcpp-Wcpp]8;;[m[K]
[1.032s]    35 | #[01;35m[Kwarning[m[K This header is obsolete, please include tf2_geometry_msgs/tf2_geometry_msgs.hpp instead
[1.032s]       |  [01;35m[K^~~~~~~[m[K
[1.032s] In file included from [01m[K/home/rover/kameyama_ws/src/my_utility/src/odom_tf2_broadcaster.cpp:26[m[K:
[1.032s] [01m[K/opt/ros/humble/include/tf2_eigen/tf2_eigen/tf2_eigen.h:32:2:[m[K [01;35m[Kwarning: [m[K#warning This header is obsolete, please include tf2_eigen/tf2_eigen.hpp instead [[01;35m[K]8;;https://gcc.gnu.org/onlinedocs/gcc/Warning-Options.html#index-Wcpp-Wcpp]8;;[m[K]
[1.032s]    32 | #[01;35m[Kwarning[m[K This header is obsolete, please include tf2_eigen/tf2_eigen.hpp instead
[1.032s]       |  [01;35m[K^~~~~~~[m[K
[19.803s] [100%] [32m[1mLinking CXX executable odom_tf2_broadcaster[0m
[20.304s] [100%] Built target odom_tf2_broadcaster
[20.317s] Invoked command in '/home/rover/kameyama_ws/build/my_utility' returned '0': CMAKE_PREFIX_PATH=${CMAKE_PREFIX_PATH}:/home/rover/amir_basic_ws/install/camera_calibration:/opt/ros/humble /usr/bin/cmake --build /home/rover/kameyama_ws/build/my_utility -- -j12 -l12
[20.319s] Invoking command in '/home/rover/kameyama_ws/build/my_utility': CMAKE_PREFIX_PATH=${CMAKE_PREFIX_PATH}:/home/rover/amir_basic_ws/install/camera_calibration:/opt/ros/humble /usr/bin/cmake --install /home/rover/kameyama_ws/build/my_utility
[20.329s] -- Install configuration: ""
[20.330s] -- Execute custom install script
[20.330s] -- Up-to-date symlink: /home/rover/kameyama_ws/install/my_utility/lib/my_utility/odom_tf2_broadcaster
[20.331s] -- Up-to-date symlink: /home/rover/kameyama_ws/install/my_utility/share/my_utility//launch/odom_tf2_broadcaster.launch.py
[20.332s] -- Up-to-date symlink: /home/rover/kameyama_ws/install/my_utility/share/ament_index/resource_index/package_run_dependencies/my_utility
[20.332s] -- Up-to-date symlink: /home/rover/kameyama_ws/install/my_utility/share/ament_index/resource_index/parent_prefix_path/my_utility
[20.332s] -- Up-to-date symlink: /home/rover/kameyama_ws/install/my_utility/share/my_utility/environment/ament_prefix_path.sh
[20.332s] -- Up-to-date symlink: /home/rover/kameyama_ws/install/my_utility/share/my_utility/environment/ament_prefix_path.dsv
[20.333s] -- Up-to-date symlink: /home/rover/kameyama_ws/install/my_utility/share/my_utility/environment/path.sh
[20.333s] -- Up-to-date symlink: /home/rover/kameyama_ws/install/my_utility/share/my_utility/environment/path.dsv
[20.333s] -- Up-to-date symlink: /home/rover/kameyama_ws/install/my_utility/share/my_utility/local_setup.bash
[20.333s] -- Up-to-date symlink: /home/rover/kameyama_ws/install/my_utility/share/my_utility/local_setup.sh
[20.334s] -- Up-to-date symlink: /home/rover/kameyama_ws/install/my_utility/share/my_utility/local_setup.zsh
[20.334s] -- Up-to-date symlink: /home/rover/kameyama_ws/install/my_utility/share/my_utility/local_setup.dsv
[20.339s] -- Symlinking: /home/rover/kameyama_ws/install/my_utility/share/my_utility/package.dsv
[20.348s] -- Up-to-date symlink: /home/rover/kameyama_ws/install/my_utility/share/ament_index/resource_index/packages/my_utility
[20.350s] -- Up-to-date symlink: /home/rover/kameyama_ws/install/my_utility/share/my_utility/cmake/my_utilityConfig.cmake
[20.350s] -- Up-to-date symlink: /home/rover/kameyama_ws/install/my_utility/share/my_utility/cmake/my_utilityConfig-version.cmake
[20.350s] -- Up-to-date symlink: /home/rover/kameyama_ws/install/my_utility/share/my_utility/package.xml
[20.351s] Invoked command in '/home/rover/kameyama_ws/build/my_utility' returned '0': CMAKE_PREFIX_PATH=${CMAKE_PREFIX_PATH}:/home/rover/amir_basic_ws/install/camera_calibration:/opt/ros/humble /usr/bin/cmake --install /home/rover/kameyama_ws/build/my_utility
