[2.070s] Invoking command in '/home/rover/kameyama_ws/build/bt_generator': PYTHONPATH=/home/rover/kameyama_ws/build/bt_generator/prefix_override:/usr/lib/python3/dist-packages/colcon_core/task/python/colcon_distutils_commands:/home/rover/kameyama_ws/install/bt_generator/lib/python3.10/site-packages:${PYTHONPATH} /usr/bin/python3 -W ignore:setup.py install is deprecated -W ignore:easy_install command is deprecated setup.py develop --editable --build-directory /home/rover/kameyama_ws/build/bt_generator/build --no-deps symlink_data
[2.786s] running develop
[3.061s] running egg_info
[3.094s] writing bt_generator.egg-info/PKG-INFO
[3.120s] writing dependency_links to bt_generator.egg-info/dependency_links.txt
[3.194s] writing entry points to bt_generator.egg-info/entry_points.txt
[3.245s] writing requirements to bt_generator.egg-info/requires.txt
[3.272s] writing top-level names to bt_generator.egg-info/top_level.txt
[3.341s] reading manifest file 'bt_generator.egg-info/SOURCES.txt'
[3.342s] writing manifest file 'bt_generator.egg-info/SOURCES.txt'
[3.404s] running build_ext
[3.404s] Creating /home/rover/kameyama_ws/install/bt_generator/lib/python3.10/site-packages/bt-generator.egg-link (link to .)
[3.404s] Installing bt_commander script to /home/rover/kameyama_ws/install/bt_generator/lib/bt_generator
[3.405s] Installing bt_generator_bebop_base script to /home/rover/kameyama_ws/install/bt_generator/lib/bt_generator
[3.405s] Installing bt_generator_service script to /home/rover/kameyama_ws/install/bt_generator/lib/bt_generator
[3.405s] Installing bt_generator_service_bebop script to /home/rover/kameyama_ws/install/bt_generator/lib/bt_generator
[3.405s] Installing bt_nav_generator script to /home/rover/kameyama_ws/install/bt_generator/lib/bt_generator
[3.405s] Installing bt_send_xml script to /home/rover/kameyama_ws/install/bt_generator/lib/bt_generator
[3.405s] Installing receive_send_xml script to /home/rover/kameyama_ws/install/bt_generator/lib/bt_generator
[3.406s] 
[3.406s] Installed /home/rover/kameyama_ws/build/bt_generator
[3.406s] running symlink_data
[3.810s] Invoked command in '/home/rover/kameyama_ws/build/bt_generator' returned '0': PYTHONPATH=/home/rover/kameyama_ws/build/bt_generator/prefix_override:/usr/lib/python3/dist-packages/colcon_core/task/python/colcon_distutils_commands:/home/rover/kameyama_ws/install/bt_generator/lib/python3.10/site-packages:${PYTHONPATH} /usr/bin/python3 -W ignore:setup.py install is deprecated -W ignore:easy_install command is deprecated setup.py develop --editable --build-directory /home/rover/kameyama_ws/build/bt_generator/build --no-deps symlink_data
