[0.451s] Invoking command in '/home/rover/kameyama_ws/build/ros2_behavior_tree': CMAKE_PREFIX_PATH=/home/rover/kameyama_ws/install/failure_detection_msgs:/home/rover/kameyama_ws/install/observation_msgs:/home/rover/kameyama_ws/install/my_nav_msgs:/home/rover/kameyama_ws/install/behavior_tree_msgs:/home/rover/kameyama_ws/install/slam_toolbox:/home/rover/kameyama_ws/install/slam_gmapping:/home/rover/kameyama_ws/install/rviz_utility:/home/rover/kameyama_ws/install/ros2_behavior_tree:/home/rover/kameyama_ws/install/amir_operation:/home/rover/kameyama_ws/install/ros2_aruco_interfaces:/home/rover/kameyama_ws/install/openslam_gmapping:/home/rover/kameyama_ws/install/observation:/home/rover/kameyama_ws/install/my_utility:/home/rover/kameyama_ws/install/mecanum_navigation2:/home/rover/kameyama_ws/install/line_msg:/home/rover/kameyama_ws/install/joint_state_publisher_tutorial:/home/rover/kameyama_ws/install/emcl2:/home/rover/kameyama_ws/install/bebop_msgs:/home/rover/kameyama_ws/install/ar_track_alvar_msgs:/home/rover/kameyama_ws/install/amir_navigation:/home/rover/amir_basic_ws/install/image_pipeline:/home/rover/amir_basic_ws/install/stereo_image_proc:/home/rover/amir_basic_ws/install/image_proc:/home/rover/amir_basic_ws/install/tracetools_image_pipeline:/home/rover/amir_basic_ws/install/nav2_system_tests:/home/rover/amir_basic_ws/install/nav2_bringup:/home/rover/amir_basic_ws/install/navigation2:/home/rover/amir_basic_ws/install/nav2_smoother:/home/rover/amir_basic_ws/install/nav2_graceful_controller:/home/rover/amir_basic_ws/install/nav2_dwb_controller:/home/rover/amir_basic_ws/install/nav2_controller:/home/rover/amir_basic_ws/install/dwb_plugins:/home/rover/amir_basic_ws/install/dwb_critics:/home/rover/amir_basic_ws/install/dwb_core:/home/rover/amir_basic_ws/install/nav_2d_utils:/home/rover/amir_basic_ws/install/dwb_msgs:/home/rover/amir_basic_ws/install/nav_2d_msgs:/home/rover/amir_basic_ws/install/nav2_waypoint_follower:/home/rover/amir_basic_ws/install/nav2_theta_star_planner:/home/rover/amir_basic_ws/install/nav2_smac_planner:/home/rover/amir_basic_ws/install/nav2_rotation_shim_controller:/home/rover/amir_basic_ws/install/nav2_regulated_pure_pursuit_controller:/home/rover/amir_basic_ws/install/nav2_planner:/home/rover/amir_basic_ws/install/nav2_navfn_planner:/home/rover/amir_basic_ws/install/nav2_mppi_controller:/home/rover/amir_basic_ws/install/nav2_constrained_smoother:/home/rover/amir_basic_ws/install/nav2_bt_navigator:/home/rover/amir_basic_ws/install/nav2_behaviors:/home/rover/amir_basic_ws/install/nav2_core:/home/rover/amir_basic_ws/install/nav2_collision_monitor:/home/rover/amir_basic_ws/install/costmap_queue:/home/rover/amir_basic_ws/install/nav2_costmap_2d:/home/rover/amir_basic_ws/install/nav2_voxel_grid:/home/rover/amir_basic_ws/install/nav2_velocity_smoother:/home/rover/amir_basic_ws/install/nav2_rviz_plugins:/home/rover/amir_basic_ws/install/nav2_map_server:/home/rover/amir_basic_ws/install/nav2_lifecycle_manager:/home/rover/amir_basic_ws/install/nav2_behavior_tree:/home/rover/amir_basic_ws/install/nav2_amcl:/home/rover/amir_basic_ws/install/nav2_util:/home/rover/amir_basic_ws/install/nav2_msgs:/home/rover/amir_basic_ws/install/nav2_common:/home/rover/amir_basic_ws/install/micro_ros_setup:/home/rover/amir_basic_ws/install/micro_ros_agent:/home/rover/amir_basic_ws/install/micro_ros_msgs:/home/rover/amir_basic_ws/install/image_view:/home/rover/amir_basic_ws/install/image_rotate:/home/rover/amir_basic_ws/install/image_publisher:/home/rover/amir_basic_ws/install/depth_image_proc:/home/rover/amir_basic_ws/install/darknet_ros:/home/rover/amir_basic_ws/install/darknet_ros_msgs:/home/rover/amir_basic_ws/install/behaviortree_cpp:/home/rover/amir_basic_ws/install/amir_interfaces:/home/rover/kameyama_ws/install/ros2_aruco:/home/rover/kameyama_ws/install/failure_detection:/home/rover/kameyama_ws/install/bt_generator:/home/rover/amir_basic_ws/install/nav2_simple_commander:/home/rover/amir_basic_ws/install/camera_calibration:/opt/ros/humble LD_LIBRARY_PATH=/home/rover/kameyama_ws/install/failure_detection_msgs/lib:/home/rover/kameyama_ws/install/observation_msgs/lib:/home/rover/kameyama_ws/install/my_nav_msgs/lib:/home/rover/kameyama_ws/install/behavior_tree_msgs/lib:/home/rover/kameyama_ws/install/slam_toolbox/lib:/home/rover/kameyama_ws/install/ros2_behavior_tree/lib:/home/rover/kameyama_ws/install/ros2_aruco_interfaces/lib:/home/rover/kameyama_ws/install/openslam_gmapping/lib:/home/rover/kameyama_ws/install/line_msg/lib:/home/rover/kameyama_ws/install/bebop_msgs/lib:/home/rover/kameyama_ws/install/ar_track_alvar_msgs/lib:/home/rover/amir_basic_ws/install/stereo_image_proc/lib:/home/rover/amir_basic_ws/install/image_proc/lib:/home/rover/amir_basic_ws/install/tracetools_image_pipeline/lib:/home/rover/amir_basic_ws/install/nav2_smoother/lib:/home/rover/amir_basic_ws/install/nav2_graceful_controller/lib:/home/rover/amir_basic_ws/install/nav2_controller/lib:/home/rover/amir_basic_ws/install/dwb_plugins/lib:/home/rover/amir_basic_ws/install/dwb_critics/lib:/home/rover/amir_basic_ws/install/dwb_core/lib:/home/rover/amir_basic_ws/install/nav_2d_utils/lib:/home/rover/amir_basic_ws/install/dwb_msgs/lib:/home/rover/amir_basic_ws/install/nav_2d_msgs/lib:/home/rover/amir_basic_ws/install/nav2_waypoint_follower/lib:/home/rover/amir_basic_ws/install/nav2_theta_star_planner/lib:/home/rover/amir_basic_ws/install/nav2_smac_planner/lib:/home/rover/amir_basic_ws/install/nav2_rotation_shim_controller/lib:/home/rover/amir_basic_ws/install/nav2_regulated_pure_pursuit_controller/lib:/home/rover/amir_basic_ws/install/nav2_planner/lib:/home/rover/amir_basic_ws/install/nav2_navfn_planner/lib:/home/rover/amir_basic_ws/install/nav2_mppi_controller/lib:/home/rover/amir_basic_ws/install/nav2_constrained_smoother/lib:/home/rover/amir_basic_ws/install/nav2_bt_navigator/lib:/home/rover/amir_basic_ws/install/nav2_behaviors/lib:/home/rover/amir_basic_ws/install/nav2_collision_monitor/lib:/home/rover/amir_basic_ws/install/costmap_queue/lib:/home/rover/amir_basic_ws/install/nav2_costmap_2d/lib:/home/rover/amir_basic_ws/install/nav2_voxel_grid/lib:/home/rover/amir_basic_ws/install/nav2_velocity_smoother/lib:/home/rover/amir_basic_ws/install/nav2_rviz_plugins/lib:/home/rover/amir_basic_ws/install/nav2_map_server/lib:/home/rover/amir_basic_ws/install/nav2_lifecycle_manager/lib:/home/rover/amir_basic_ws/install/nav2_behavior_tree/lib:/home/rover/amir_basic_ws/install/nav2_amcl/lib:/home/rover/amir_basic_ws/install/nav2_util/lib:/home/rover/amir_basic_ws/install/nav2_msgs/lib:/home/rover/amir_basic_ws/install/micro_ros_agent/lib:/home/rover/amir_basic_ws/install/micro_ros_msgs/lib:/home/rover/amir_basic_ws/install/image_view/lib:/home/rover/amir_basic_ws/install/image_rotate/lib:/home/rover/amir_basic_ws/install/image_publisher/lib:/home/rover/amir_basic_ws/install/depth_image_proc/lib:/home/rover/amir_basic_ws/install/darknet_ros/lib:/home/rover/amir_basic_ws/install/darknet_ros_msgs/lib:/home/rover/amir_basic_ws/install/behaviortree_cpp/lib:/home/rover/amir_basic_ws/install/amir_interfaces/lib:/usr/lib/x86_64-linux-gnu/gazebo-11/plugins:/opt/ros/humble/opt/rviz_ogre_vendor/lib:/opt/ros/humble/lib/x86_64-linux-gnu:/opt/ros/humble/lib /usr/bin/cmake --build /home/rover/kameyama_ws/build/ros2_behavior_tree -- -j12 -l12
[0.519s] [35m[1mConsolidate compiler generated dependencies of target ros2_behavior_tree_nodes[0m
[0.532s] [  4%] Built target gtest_main
[0.533s] [  8%] Built target example_custom_nodes
[0.534s] [ 12%] Built target gtest
[0.537s] [ 19%] Built target ros2_behavior_tree
[0.539s] [ 23%] Built target custom_test_nodes
[0.554s] [ 25%] [32mBuilding CXX object CMakeFiles/ros2_behavior_tree_nodes.dir/src/node_registrar.cpp.o[0m
[0.581s] [ 29%] Built target bt_executor
[0.581s] [ 34%] Built target bt_executor_bebop
[0.581s] [ 40%] Built target node
[0.581s] [ 44%] Built target minimal
[0.584s] [ 51%] Built target custom_nodes
[0.584s] [ 57%] Built target action_server_lifecycle_node
[0.585s] [ 63%] Built target lifecycle_node
[0.585s] [ 70%] Built target action_server_node
[0.843s] In file included from [01m[K/home/rover/kameyama_ws/src/ros2_behavior_tree/ros2_behavior_tree/include/ros2_behavior_tree/action/create_transform_buffer_node.hpp:27[m[K,
[0.843s]                  from [01m[K/home/rover/kameyama_ws/src/ros2_behavior_tree/ros2_behavior_tree/src/node_registrar.cpp:22[m[K:
[0.843s] [01m[K/opt/ros/humble/include/tf2_geometry_msgs/tf2_geometry_msgs/tf2_geometry_msgs.h:35:2:[m[K [01;35m[Kwarning: [m[K#warning This header is obsolete, please include tf2_geometry_msgs/tf2_geometry_msgs.hpp instead [[01;35m[K]8;;https://gcc.gnu.org/onlinedocs/gcc/Warning-Options.html#index-Wcpp-Wcpp]8;;[m[K]
[0.843s]    35 | #[01;35m[Kwarning[m[K This header is obsolete, please include tf2_geometry_msgs/tf2_geometry_msgs.hpp instead
[0.843s]       |  [01;35m[K^~~~~~~[m[K
[3.368s] In file included from [01m[K/home/rover/kameyama_ws/src/ros2_behavior_tree/ros2_behavior_tree/src/node_registrar.cpp:79[m[K:
[3.368s] [01m[K/home/rover/kameyama_ws/src/ros2_behavior_tree/ros2_behavior_tree/include/ros2_behavior_tree/condition/mecanum_check_space.hpp:[m[K In constructor ‘[01m[Kros2_behavior_tree::MecanumCheckSpace::MecanumCheckSpace(const string&, const BT::NodeConfiguration&)[m[K’:
[3.368s] [01m[K/home/rover/kameyama_ws/src/ros2_behavior_tree/ros2_behavior_tree/include/ros2_behavior_tree/condition/mecanum_check_space.hpp:70:99:[m[K [01;31m[Kerror: [m[Kno match for ‘[01m[Koperator=[m[K’ (operand types are ‘[01m[Krclcpp::Publisher<geometry_msgs::msg::PoseStamped_<std::allocator<void> > >::SharedPtr[m[K’ {aka ‘[01m[Kstd::shared_ptr<rclcpp::Publisher<geometry_msgs::msg::PoseStamped_<std::allocator<void> > > >[m[K’} and ‘[01m[Kstd::shared_ptr<rclcpp::Publisher<geometry_msgs::msg::PointStamped_<std::allocator<void> > > >[m[K’)
[3.368s]    70 |       posi_pub_ = node_->create_publisher<geometry_msgs::msg::PointStamped>("/known_base_pose", 10[01;31m[K)[m[K;
[3.368s]       |                                                                                                   [01;31m[K^[m[K
[3.368s] In file included from [01m[K/usr/include/c++/11/condition_variable:43[m[K,
[3.368s]                  from [01m[K/opt/ros/humble/include/behaviortree_cpp_v3/tree_node.h:16[m[K,
[3.368s]                  from [01m[K/opt/ros/humble/include/behaviortree_cpp_v3/control_node.h:17[m[K,
[3.368s]                  from [01m[K/opt/ros/humble/include/behaviortree_cpp_v3/controls/parallel_node.h:17[m[K,
[3.368s]                  from [01m[K/opt/ros/humble/include/behaviortree_cpp_v3/behavior_tree.h:17[m[K,
[3.368s]                  from [01m[K/home/rover/kameyama_ws/src/ros2_behavior_tree/ros2_behavior_tree/include/ros2_behavior_tree/node_registrar.hpp:18[m[K,
[3.368s]                  from [01m[K/home/rover/kameyama_ws/src/ros2_behavior_tree/ros2_behavior_tree/src/node_registrar.cpp:15[m[K:
[3.368s] [01m[K/usr/include/c++/11/bits/shared_ptr.h:363:9:[m[K [01;36m[Knote: [m[Kcandidate: ‘[01m[Ktemplate<class _Yp> std::shared_ptr<_Tp>::_Assignable<const std::shared_ptr<_Yp>&> std::shared_ptr<_Tp>::operator=(const std::shared_ptr<_Yp>&) [with _Yp = _Yp; _Tp = rclcpp::Publisher<geometry_msgs::msg::PoseStamped_<std::allocator<void> > >][m[K’
[3.369s]   363 |         [01;36m[Koperator[m[K=(const shared_ptr<_Yp>& __r) noexcept
[3.369s]       |         [01;36m[K^~~~~~~~[m[K
[3.369s] [01m[K/usr/include/c++/11/bits/shared_ptr.h:363:9:[m[K [01;36m[Knote: [m[K  template argument deduction/substitution failed:
[3.369s] /usr/include/c++/11/bits/shared_ptr.h: In substitution of ‘[01m[Ktemplate<class _Tp> template<class _Arg> using _Assignable = typename std::enable_if<std::is_assignable<std::__shared_ptr<_Tp>&, _Arg>::value, std::shared_ptr<_Tp>&>::type [with _Arg = const std::shared_ptr<rclcpp::Publisher<geometry_msgs::msg::PointStamped_<std::allocator<void> > > >&; _Tp = rclcpp::Publisher<geometry_msgs::msg::PoseStamped_<std::allocator<void> > >][m[K’:
[3.369s] [01m[K/usr/include/c++/11/bits/shared_ptr.h:363:2:[m[K   required by substitution of ‘[01m[Ktemplate<class _Yp> std::shared_ptr<rclcpp::Publisher<geometry_msgs::msg::PoseStamped_<std::allocator<void> > > >::_Assignable<const std::shared_ptr<_Tp>&> std::shared_ptr<rclcpp::Publisher<geometry_msgs::msg::PoseStamped_<std::allocator<void> > > >::operator=<_Yp>(const std::shared_ptr<_Tp>&) [with _Yp = rclcpp::Publisher<geometry_msgs::msg::PointStamped_<std::allocator<void> > >][m[K’
[3.369s] [01m[K/home/rover/kameyama_ws/src/ros2_behavior_tree/ros2_behavior_tree/include/ros2_behavior_tree/condition/mecanum_check_space.hpp:70:99:[m[K   required from here
[3.369s] [01m[K/usr/include/c++/11/bits/shared_ptr.h:130:15:[m[K [01;31m[Kerror: [m[Kno type named ‘[01m[Ktype[m[K’ in ‘[01m[Kstruct std::enable_if<false, std::shared_ptr<rclcpp::Publisher<geometry_msgs::msg::PoseStamped_<std::allocator<void> > > >&>[m[K’
[3.369s]   130 |         using [01;31m[K_Assignable[m[K = typename enable_if<
[3.369s]       |               [01;31m[K^~~~~~~~~~~[m[K
[3.369s] [01m[K/usr/include/c++/11/bits/shared_ptr.h:374:9:[m[K [01;36m[Knote: [m[Kcandidate: ‘[01m[Ktemplate<class _Yp> std::shared_ptr<_Tp>::_Assignable<std::auto_ptr<_Up> > std::shared_ptr<_Tp>::operator=(std::auto_ptr<_Up>&&) [with _Yp = _Yp; _Tp = rclcpp::Publisher<geometry_msgs::msg::PoseStamped_<std::allocator<void> > >][m[K’
[3.369s]   374 |         [01;36m[Koperator[m[K=(auto_ptr<_Yp>&& __r)
[3.369s]       |         [01;36m[K^~~~~~~~[m[K
[3.369s] [01m[K/usr/include/c++/11/bits/shared_ptr.h:374:9:[m[K [01;36m[Knote: [m[K  template argument deduction/substitution failed:
[3.369s] In file included from [01m[K/home/rover/kameyama_ws/src/ros2_behavior_tree/ros2_behavior_tree/src/node_registrar.cpp:79[m[K:
[3.369s] [01m[K/home/rover/kameyama_ws/src/ros2_behavior_tree/ros2_behavior_tree/include/ros2_behavior_tree/condition/mecanum_check_space.hpp:70:99:[m[K [01;36m[Knote: [m[K  ‘[01m[Kstd::shared_ptr<rclcpp::Publisher<geometry_msgs::msg::PointStamped_<std::allocator<void> > > >[m[K’ is not derived from ‘[01m[Kstd::auto_ptr<_Up>[m[K’
[3.369s]    70 |       posi_pub_ = node_->create_publisher<geometry_msgs::msg::PointStamped>("/known_base_pose", 10[01;36m[K)[m[K;
[3.369s]       |                                                                                                   [01;36m[K^[m[K
[3.369s] In file included from [01m[K/usr/include/c++/11/condition_variable:43[m[K,
[3.369s]                  from [01m[K/opt/ros/humble/include/behaviortree_cpp_v3/tree_node.h:16[m[K,
[3.369s]                  from [01m[K/opt/ros/humble/include/behaviortree_cpp_v3/control_node.h:17[m[K,
[3.369s]                  from [01m[K/opt/ros/humble/include/behaviortree_cpp_v3/controls/parallel_node.h:17[m[K,
[3.369s]                  from [01m[K/opt/ros/humble/include/behaviortree_cpp_v3/behavior_tree.h:17[m[K,
[3.369s]                  from [01m[K/home/rover/kameyama_ws/src/ros2_behavior_tree/ros2_behavior_tree/include/ros2_behavior_tree/node_registrar.hpp:18[m[K,
[3.369s]                  from [01m[K/home/rover/kameyama_ws/src/ros2_behavior_tree/ros2_behavior_tree/src/node_registrar.cpp:15[m[K:
[3.369s] [01m[K/usr/include/c++/11/bits/shared_ptr.h:391:9:[m[K [01;36m[Knote: [m[Kcandidate: ‘[01m[Ktemplate<class _Yp> std::shared_ptr<_Tp>::_Assignable<std::shared_ptr<_Yp> > std::shared_ptr<_Tp>::operator=(std::shared_ptr<_Yp>&&) [with _Yp = _Yp; _Tp = rclcpp::Publisher<geometry_msgs::msg::PoseStamped_<std::allocator<void> > >][m[K’
[3.369s]   391 |         [01;36m[Koperator[m[K=(shared_ptr<_Yp>&& __r) noexcept
[3.369s]       |         [01;36m[K^~~~~~~~[m[K
[3.369s] [01m[K/usr/include/c++/11/bits/shared_ptr.h:391:9:[m[K [01;36m[Knote: [m[K  template argument deduction/substitution failed:
[3.369s] /usr/include/c++/11/bits/shared_ptr.h: In substitution of ‘[01m[Ktemplate<class _Tp> template<class _Arg> using _Assignable = typename std::enable_if<std::is_assignable<std::__shared_ptr<_Tp>&, _Arg>::value, std::shared_ptr<_Tp>&>::type [with _Arg = std::shared_ptr<rclcpp::Publisher<geometry_msgs::msg::PointStamped_<std::allocator<void> > > >; _Tp = rclcpp::Publisher<geometry_msgs::msg::PoseStamped_<std::allocator<void> > >][m[K’:
[3.369s] [01m[K/usr/include/c++/11/bits/shared_ptr.h:391:2:[m[K   required by substitution of ‘[01m[Ktemplate<class _Yp> std::shared_ptr<rclcpp::Publisher<geometry_msgs::msg::PoseStamped_<std::allocator<void> > > >::_Assignable<std::shared_ptr<_Tp> > std::shared_ptr<rclcpp::Publisher<geometry_msgs::msg::PoseStamped_<std::allocator<void> > > >::operator=<_Yp>(std::shared_ptr<_Tp>&&) [with _Yp = rclcpp::Publisher<geometry_msgs::msg::PointStamped_<std::allocator<void> > >][m[K’
[3.369s] [01m[K/home/rover/kameyama_ws/src/ros2_behavior_tree/ros2_behavior_tree/include/ros2_behavior_tree/condition/mecanum_check_space.hpp:70:99:[m[K   required from here
[3.369s] [01m[K/usr/include/c++/11/bits/shared_ptr.h:130:15:[m[K [01;31m[Kerror: [m[Kno type named ‘[01m[Ktype[m[K’ in ‘[01m[Kstruct std::enable_if<false, std::shared_ptr<rclcpp::Publisher<geometry_msgs::msg::PoseStamped_<std::allocator<void> > > >&>[m[K’
[3.369s]   130 |         using [01;31m[K_Assignable[m[K = typename enable_if<
[3.369s]       |               [01;31m[K^~~~~~~~~~~[m[K
[3.369s] [01m[K/usr/include/c++/11/bits/shared_ptr.h:399:9:[m[K [01;36m[Knote: [m[Kcandidate: ‘[01m[Ktemplate<class _Yp, class _Del> std::shared_ptr<_Tp>::_Assignable<std::unique_ptr<_Up, _Ep> > std::shared_ptr<_Tp>::operator=(std::unique_ptr<_Up, _Ep>&&) [with _Yp = _Yp; _Del = _Del; _Tp = rclcpp::Publisher<geometry_msgs::msg::PoseStamped_<std::allocator<void> > >][m[K’
[3.369s]   399 |         [01;36m[Koperator[m[K=(unique_ptr<_Yp, _Del>&& __r)
[3.369s]       |         [01;36m[K^~~~~~~~[m[K
[3.369s] [01m[K/usr/include/c++/11/bits/shared_ptr.h:399:9:[m[K [01;36m[Knote: [m[K  template argument deduction/substitution failed:
[3.369s] In file included from [01m[K/home/rover/kameyama_ws/src/ros2_behavior_tree/ros2_behavior_tree/src/node_registrar.cpp:79[m[K:
[3.370s] [01m[K/home/rover/kameyama_ws/src/ros2_behavior_tree/ros2_behavior_tree/include/ros2_behavior_tree/condition/mecanum_check_space.hpp:70:99:[m[K [01;36m[Knote: [m[K  ‘[01m[Kstd::shared_ptr<rclcpp::Publisher<geometry_msgs::msg::PointStamped_<std::allocator<void> > > >[m[K’ is not derived from ‘[01m[Kstd::unique_ptr<_Tp, _Dp>[m[K’
[3.370s]    70 |       posi_pub_ = node_->create_publisher<geometry_msgs::msg::PointStamped>("/known_base_pose", 10[01;36m[K)[m[K;
[3.370s]       |                                                                                                   [01;36m[K^[m[K
[3.370s] In file included from [01m[K/usr/include/c++/11/condition_variable:43[m[K,
[3.370s]                  from [01m[K/opt/ros/humble/include/behaviortree_cpp_v3/tree_node.h:16[m[K,
[3.370s]                  from [01m[K/opt/ros/humble/include/behaviortree_cpp_v3/control_node.h:17[m[K,
[3.370s]                  from [01m[K/opt/ros/humble/include/behaviortree_cpp_v3/controls/parallel_node.h:17[m[K,
[3.370s]                  from [01m[K/opt/ros/humble/include/behaviortree_cpp_v3/behavior_tree.h:17[m[K,
[3.370s]                  from [01m[K/home/rover/kameyama_ws/src/ros2_behavior_tree/ros2_behavior_tree/include/ros2_behavior_tree/node_registrar.hpp:18[m[K,
[3.370s]                  from [01m[K/home/rover/kameyama_ws/src/ros2_behavior_tree/ros2_behavior_tree/src/node_registrar.cpp:15[m[K:
[3.370s] [01m[K/usr/include/c++/11/bits/shared_ptr.h:359:19:[m[K [01;36m[Knote: [m[Kcandidate: ‘[01m[Kstd::shared_ptr<_Tp>& std::shared_ptr<_Tp>::operator=(const std::shared_ptr<_Tp>&) [with _Tp = rclcpp::Publisher<geometry_msgs::msg::PoseStamped_<std::allocator<void> > >][m[K’
[3.370s]   359 |       shared_ptr& [01;36m[Koperator[m[K=(const shared_ptr&) noexcept = default;
[3.370s]       |                   [01;36m[K^~~~~~~~[m[K
[3.370s] [01m[K/usr/include/c++/11/bits/shared_ptr.h:359:29:[m[K [01;36m[Knote: [m[K  no known conversion for argument 1 from ‘[01m[Kstd::shared_ptr<rclcpp::Publisher<geometry_msgs::msg::PointStamped_<std::allocator<void> > > >[m[K’ to ‘[01m[Kconst std::shared_ptr<rclcpp::Publisher<geometry_msgs::msg::PoseStamped_<std::allocator<void> > > >&[m[K’
[3.370s]   359 |       shared_ptr& operator=([01;36m[Kconst shared_ptr&[m[K) noexcept = default;
[3.370s]       |                             [01;36m[K^~~~~~~~~~~~~~~~~[m[K
[3.370s] [01m[K/usr/include/c++/11/bits/shared_ptr.h:383:7:[m[K [01;36m[Knote: [m[Kcandidate: ‘[01m[Kstd::shared_ptr<_Tp>& std::shared_ptr<_Tp>::operator=(std::shared_ptr<_Tp>&&) [with _Tp = rclcpp::Publisher<geometry_msgs::msg::PoseStamped_<std::allocator<void> > >][m[K’
[3.370s]   383 |       [01;36m[Koperator[m[K=(shared_ptr&& __r) noexcept
[3.370s]       |       [01;36m[K^~~~~~~~[m[K
[3.370s] [01m[K/usr/include/c++/11/bits/shared_ptr.h:383:30:[m[K [01;36m[Knote: [m[K  no known conversion for argument 1 from ‘[01m[Kstd::shared_ptr<rclcpp::Publisher<geometry_msgs::msg::PointStamped_<std::allocator<void> > > >[m[K’ to ‘[01m[Kstd::shared_ptr<rclcpp::Publisher<geometry_msgs::msg::PoseStamped_<std::allocator<void> > > >&&[m[K’
[3.370s]   383 |       operator=([01;36m[Kshared_ptr&& __r[m[K) noexcept
[3.370s]       |                 [01;36m[K~~~~~~~~~~~~~^~~[m[K
[12.622s] In file included from [01m[K/home/rover/kameyama_ws/src/ros2_behavior_tree/ros2_behavior_tree/src/node_registrar.cpp:79[m[K:
[12.622s] [01m[K/home/rover/kameyama_ws/src/ros2_behavior_tree/ros2_behavior_tree/include/ros2_behavior_tree/condition/mecanum_check_space.hpp:[m[K In member function ‘[01m[Kvirtual BT::NodeStatus ros2_behavior_tree::MecanumCheckSpace::tick()[m[K’:
[12.622s] [01m[K/home/rover/kameyama_ws/src/ros2_behavior_tree/ros2_behavior_tree/include/ros2_behavior_tree/condition/mecanum_check_space.hpp:226:3:[m[K [01;35m[Kwarning: [m[Kcontrol reaches end of non-void function [[01;35m[K]8;;https://gcc.gnu.org/onlinedocs/gcc/Warning-Options.html#index-Wreturn-type-Wreturn-type]8;;[m[K]
[12.622s]   226 |   [01;35m[K}[m[K
[12.622s]       |   [01;35m[K^[m[K
[12.798s] gmake[2]: *** [CMakeFiles/ros2_behavior_tree_nodes.dir/build.make:76: CMakeFiles/ros2_behavior_tree_nodes.dir/src/node_registrar.cpp.o] エラー 1
[12.799s] gmake[1]: *** [CMakeFiles/Makefile2:224: CMakeFiles/ros2_behavior_tree_nodes.dir/all] エラー 2
[12.799s] gmake: *** [Makefile:146: all] エラー 2
[12.801s] Invoked command in '/home/rover/kameyama_ws/build/ros2_behavior_tree' returned '2': CMAKE_PREFIX_PATH=/home/rover/kameyama_ws/install/failure_detection_msgs:/home/rover/kameyama_ws/install/observation_msgs:/home/rover/kameyama_ws/install/my_nav_msgs:/home/rover/kameyama_ws/install/behavior_tree_msgs:/home/rover/kameyama_ws/install/slam_toolbox:/home/rover/kameyama_ws/install/slam_gmapping:/home/rover/kameyama_ws/install/rviz_utility:/home/rover/kameyama_ws/install/ros2_behavior_tree:/home/rover/kameyama_ws/install/amir_operation:/home/rover/kameyama_ws/install/ros2_aruco_interfaces:/home/rover/kameyama_ws/install/openslam_gmapping:/home/rover/kameyama_ws/install/observation:/home/rover/kameyama_ws/install/my_utility:/home/rover/kameyama_ws/install/mecanum_navigation2:/home/rover/kameyama_ws/install/line_msg:/home/rover/kameyama_ws/install/joint_state_publisher_tutorial:/home/rover/kameyama_ws/install/emcl2:/home/rover/kameyama_ws/install/bebop_msgs:/home/rover/kameyama_ws/install/ar_track_alvar_msgs:/home/rover/kameyama_ws/install/amir_navigation:/home/rover/amir_basic_ws/install/image_pipeline:/home/rover/amir_basic_ws/install/stereo_image_proc:/home/rover/amir_basic_ws/install/image_proc:/home/rover/amir_basic_ws/install/tracetools_image_pipeline:/home/rover/amir_basic_ws/install/nav2_system_tests:/home/rover/amir_basic_ws/install/nav2_bringup:/home/rover/amir_basic_ws/install/navigation2:/home/rover/amir_basic_ws/install/nav2_smoother:/home/rover/amir_basic_ws/install/nav2_graceful_controller:/home/rover/amir_basic_ws/install/nav2_dwb_controller:/home/rover/amir_basic_ws/install/nav2_controller:/home/rover/amir_basic_ws/install/dwb_plugins:/home/rover/amir_basic_ws/install/dwb_critics:/home/rover/amir_basic_ws/install/dwb_core:/home/rover/amir_basic_ws/install/nav_2d_utils:/home/rover/amir_basic_ws/install/dwb_msgs:/home/rover/amir_basic_ws/install/nav_2d_msgs:/home/rover/amir_basic_ws/install/nav2_waypoint_follower:/home/rover/amir_basic_ws/install/nav2_theta_star_planner:/home/rover/amir_basic_ws/install/nav2_smac_planner:/home/rover/amir_basic_ws/install/nav2_rotation_shim_controller:/home/rover/amir_basic_ws/install/nav2_regulated_pure_pursuit_controller:/home/rover/amir_basic_ws/install/nav2_planner:/home/rover/amir_basic_ws/install/nav2_navfn_planner:/home/rover/amir_basic_ws/install/nav2_mppi_controller:/home/rover/amir_basic_ws/install/nav2_constrained_smoother:/home/rover/amir_basic_ws/install/nav2_bt_navigator:/home/rover/amir_basic_ws/install/nav2_behaviors:/home/rover/amir_basic_ws/install/nav2_core:/home/rover/amir_basic_ws/install/nav2_collision_monitor:/home/rover/amir_basic_ws/install/costmap_queue:/home/rover/amir_basic_ws/install/nav2_costmap_2d:/home/rover/amir_basic_ws/install/nav2_voxel_grid:/home/rover/amir_basic_ws/install/nav2_velocity_smoother:/home/rover/amir_basic_ws/install/nav2_rviz_plugins:/home/rover/amir_basic_ws/install/nav2_map_server:/home/rover/amir_basic_ws/install/nav2_lifecycle_manager:/home/rover/amir_basic_ws/install/nav2_behavior_tree:/home/rover/amir_basic_ws/install/nav2_amcl:/home/rover/amir_basic_ws/install/nav2_util:/home/rover/amir_basic_ws/install/nav2_msgs:/home/rover/amir_basic_ws/install/nav2_common:/home/rover/amir_basic_ws/install/micro_ros_setup:/home/rover/amir_basic_ws/install/micro_ros_agent:/home/rover/amir_basic_ws/install/micro_ros_msgs:/home/rover/amir_basic_ws/install/image_view:/home/rover/amir_basic_ws/install/image_rotate:/home/rover/amir_basic_ws/install/image_publisher:/home/rover/amir_basic_ws/install/depth_image_proc:/home/rover/amir_basic_ws/install/darknet_ros:/home/rover/amir_basic_ws/install/darknet_ros_msgs:/home/rover/amir_basic_ws/install/behaviortree_cpp:/home/rover/amir_basic_ws/install/amir_interfaces:/home/rover/kameyama_ws/install/ros2_aruco:/home/rover/kameyama_ws/install/failure_detection:/home/rover/kameyama_ws/install/bt_generator:/home/rover/amir_basic_ws/install/nav2_simple_commander:/home/rover/amir_basic_ws/install/camera_calibration:/opt/ros/humble LD_LIBRARY_PATH=/home/rover/kameyama_ws/install/failure_detection_msgs/lib:/home/rover/kameyama_ws/install/observation_msgs/lib:/home/rover/kameyama_ws/install/my_nav_msgs/lib:/home/rover/kameyama_ws/install/behavior_tree_msgs/lib:/home/rover/kameyama_ws/install/slam_toolbox/lib:/home/rover/kameyama_ws/install/ros2_behavior_tree/lib:/home/rover/kameyama_ws/install/ros2_aruco_interfaces/lib:/home/rover/kameyama_ws/install/openslam_gmapping/lib:/home/rover/kameyama_ws/install/line_msg/lib:/home/rover/kameyama_ws/install/bebop_msgs/lib:/home/rover/kameyama_ws/install/ar_track_alvar_msgs/lib:/home/rover/amir_basic_ws/install/stereo_image_proc/lib:/home/rover/amir_basic_ws/install/image_proc/lib:/home/rover/amir_basic_ws/install/tracetools_image_pipeline/lib:/home/rover/amir_basic_ws/install/nav2_smoother/lib:/home/rover/amir_basic_ws/install/nav2_graceful_controller/lib:/home/rover/amir_basic_ws/install/nav2_controller/lib:/home/rover/amir_basic_ws/install/dwb_plugins/lib:/home/rover/amir_basic_ws/install/dwb_critics/lib:/home/rover/amir_basic_ws/install/dwb_core/lib:/home/rover/amir_basic_ws/install/nav_2d_utils/lib:/home/rover/amir_basic_ws/install/dwb_msgs/lib:/home/rover/amir_basic_ws/install/nav_2d_msgs/lib:/home/rover/amir_basic_ws/install/nav2_waypoint_follower/lib:/home/rover/amir_basic_ws/install/nav2_theta_star_planner/lib:/home/rover/amir_basic_ws/install/nav2_smac_planner/lib:/home/rover/amir_basic_ws/install/nav2_rotation_shim_controller/lib:/home/rover/amir_basic_ws/install/nav2_regulated_pure_pursuit_controller/lib:/home/rover/amir_basic_ws/install/nav2_planner/lib:/home/rover/amir_basic_ws/install/nav2_navfn_planner/lib:/home/rover/amir_basic_ws/install/nav2_mppi_controller/lib:/home/rover/amir_basic_ws/install/nav2_constrained_smoother/lib:/home/rover/amir_basic_ws/install/nav2_bt_navigator/lib:/home/rover/amir_basic_ws/install/nav2_behaviors/lib:/home/rover/amir_basic_ws/install/nav2_collision_monitor/lib:/home/rover/amir_basic_ws/install/costmap_queue/lib:/home/rover/amir_basic_ws/install/nav2_costmap_2d/lib:/home/rover/amir_basic_ws/install/nav2_voxel_grid/lib:/home/rover/amir_basic_ws/install/nav2_velocity_smoother/lib:/home/rover/amir_basic_ws/install/nav2_rviz_plugins/lib:/home/rover/amir_basic_ws/install/nav2_map_server/lib:/home/rover/amir_basic_ws/install/nav2_lifecycle_manager/lib:/home/rover/amir_basic_ws/install/nav2_behavior_tree/lib:/home/rover/amir_basic_ws/install/nav2_amcl/lib:/home/rover/amir_basic_ws/install/nav2_util/lib:/home/rover/amir_basic_ws/install/nav2_msgs/lib:/home/rover/amir_basic_ws/install/micro_ros_agent/lib:/home/rover/amir_basic_ws/install/micro_ros_msgs/lib:/home/rover/amir_basic_ws/install/image_view/lib:/home/rover/amir_basic_ws/install/image_rotate/lib:/home/rover/amir_basic_ws/install/image_publisher/lib:/home/rover/amir_basic_ws/install/depth_image_proc/lib:/home/rover/amir_basic_ws/install/darknet_ros/lib:/home/rover/amir_basic_ws/install/darknet_ros_msgs/lib:/home/rover/amir_basic_ws/install/behaviortree_cpp/lib:/home/rover/amir_basic_ws/install/amir_interfaces/lib:/usr/lib/x86_64-linux-gnu/gazebo-11/plugins:/opt/ros/humble/opt/rviz_ogre_vendor/lib:/opt/ros/humble/lib/x86_64-linux-gnu:/opt/ros/humble/lib /usr/bin/cmake --build /home/rover/kameyama_ws/build/ros2_behavior_tree -- -j12 -l12
