[  1%] [34m[1mGenerating C code for ROS interfaces[0m
[  3%] [34m[1mGenerating C++ code for ROS interfaces[0m
[  3%] Built target ament_cmake_python_symlink_failure_detection_msgs
[  3%] Built target failure_detection_msgs__cpp
[  4%] [34m[1mGenerating C++ introspection for ROS interfaces[0m
[  6%] [34m[1mGenerating C++ type support for eProsima Fast-RTPS[0m
[  7%] [34m[1mGenerating C++ type support dispatch for ROS interfaces[0m
[  9%] [32mBuilding C object CMakeFiles/failure_detection_msgs__rosidl_generator_c.dir/rosidl_generator_c/failure_detection_msgs/msg/detail/solution__functions.c.o[0m
[ 11%] [32mBuilding C object CMakeFiles/failure_detection_msgs__rosidl_generator_c.dir/rosidl_generator_c/failure_detection_msgs/action/detail/analysys__functions.c.o[0m
[ 12%] [32mBuilding C object CMakeFiles/failure_detection_msgs__rosidl_generator_c.dir/rosidl_generator_c/failure_detection_msgs/srv/detail/path_check__functions.c.o[0m
[ 14%] [32mBuilding C object CMakeFiles/failure_detection_msgs__rosidl_generator_c.dir/rosidl_generator_c/failure_detection_msgs/srv/detail/after_pick__functions.c.o[0m
[ 15%] [32mBuilding C object CMakeFiles/failure_detection_msgs__rosidl_generator_c.dir/rosidl_generator_c/failure_detection_msgs/srv/detail/before_pick__functions.c.o[0m
running egg_info
[ 17%] [32m[1mLinking C shared library libfailure_detection_msgs__rosidl_generator_c.so[0m
writing failure_detection_msgs.egg-info/PKG-INFO
[ 17%] Built target failure_detection_msgs__rosidl_generator_c
[ 19%] [34m[1mGenerating C type support for eProsima Fast-RTPS[0m
[ 20%] [34m[1mGenerating C type support dispatch for ROS interfaces[0m
[ 22%] [34m[1mGenerating C introspection for ROS interfaces[0m
writing dependency_links to failure_detection_msgs.egg-info/dependency_links.txt
[ 23%] [32mBuilding CXX object CMakeFiles/failure_detection_msgs__rosidl_typesupport_introspection_cpp.dir/rosidl_typesupport_introspection_cpp/failure_detection_msgs/msg/detail/solution__type_support.cpp.o[0m
[ 25%] [32mBuilding CXX object CMakeFiles/failure_detection_msgs__rosidl_typesupport_introspection_cpp.dir/rosidl_typesupport_introspection_cpp/failure_detection_msgs/action/detail/analysys__type_support.cpp.o[0m
[ 26%] [32mBuilding CXX object CMakeFiles/failure_detection_msgs__rosidl_typesupport_introspection_cpp.dir/rosidl_typesupport_introspection_cpp/failure_detection_msgs/srv/detail/path_check__type_support.cpp.o[0m
[ 28%] [32mBuilding CXX object CMakeFiles/failure_detection_msgs__rosidl_typesupport_introspection_cpp.dir/rosidl_typesupport_introspection_cpp/failure_detection_msgs/srv/detail/before_pick__type_support.cpp.o[0m
[ 30%] [32mBuilding CXX object CMakeFiles/failure_detection_msgs__rosidl_typesupport_introspection_cpp.dir/rosidl_typesupport_introspection_cpp/failure_detection_msgs/srv/detail/after_pick__type_support.cpp.o[0m
[ 31%] [32mBuilding CXX object CMakeFiles/failure_detection_msgs__rosidl_typesupport_cpp.dir/rosidl_typesupport_cpp/failure_detection_msgs/msg/solution__type_support.cpp.o[0m
[ 33%] [32mBuilding CXX object CMakeFiles/failure_detection_msgs__rosidl_typesupport_cpp.dir/rosidl_typesupport_cpp/failure_detection_msgs/action/analysys__type_support.cpp.o[0m
writing top-level names to failure_detection_msgs.egg-info/top_level.txt
[ 34%] [32mBuilding CXX object CMakeFiles/failure_detection_msgs__rosidl_typesupport_fastrtps_cpp.dir/rosidl_typesupport_fastrtps_cpp/failure_detection_msgs/msg/detail/dds_fastrtps/solution__type_support.cpp.o[0m
[ 36%] [32mBuilding CXX object CMakeFiles/failure_detection_msgs__rosidl_typesupport_fastrtps_cpp.dir/rosidl_typesupport_fastrtps_cpp/failure_detection_msgs/action/detail/dds_fastrtps/analysys__type_support.cpp.o[0m
reading manifest file 'failure_detection_msgs.egg-info/SOURCES.txt'
writing manifest file 'failure_detection_msgs.egg-info/SOURCES.txt'
[ 38%] [32mBuilding CXX object CMakeFiles/failure_detection_msgs__rosidl_typesupport_c.dir/rosidl_typesupport_c/failure_detection_msgs/msg/solution__type_support.cpp.o[0m
[ 39%] [32mBuilding CXX object CMakeFiles/failure_detection_msgs__rosidl_typesupport_c.dir/rosidl_typesupport_c/failure_detection_msgs/action/analysys__type_support.cpp.o[0m
[ 41%] [32mBuilding CXX object CMakeFiles/failure_detection_msgs__rosidl_typesupport_fastrtps_cpp.dir/rosidl_typesupport_fastrtps_cpp/failure_detection_msgs/srv/detail/dds_fastrtps/path_check__type_support.cpp.o[0m
[ 41%] Built target ament_cmake_python_build_failure_detection_msgs_egg
[ 42%] [32mBuilding CXX object CMakeFiles/failure_detection_msgs__rosidl_typesupport_cpp.dir/rosidl_typesupport_cpp/failure_detection_msgs/srv/path_check__type_support.cpp.o[0m
[ 44%] [32mBuilding CXX object CMakeFiles/failure_detection_msgs__rosidl_typesupport_cpp.dir/rosidl_typesupport_cpp/failure_detection_msgs/srv/before_pick__type_support.cpp.o[0m
[ 46%] [32mBuilding CXX object CMakeFiles/failure_detection_msgs__rosidl_typesupport_cpp.dir/rosidl_typesupport_cpp/failure_detection_msgs/srv/after_pick__type_support.cpp.o[0m
[ 47%] [32mBuilding CXX object CMakeFiles/failure_detection_msgs__rosidl_typesupport_c.dir/rosidl_typesupport_c/failure_detection_msgs/srv/path_check__type_support.cpp.o[0m
[ 49%] [32mBuilding CXX object CMakeFiles/failure_detection_msgs__rosidl_typesupport_fastrtps_c.dir/rosidl_typesupport_fastrtps_c/failure_detection_msgs/msg/detail/solution__type_support_c.cpp.o[0m
[ 50%] [32mBuilding C object CMakeFiles/failure_detection_msgs__rosidl_typesupport_introspection_c.dir/rosidl_typesupport_introspection_c/failure_detection_msgs/msg/detail/solution__type_support.c.o[0m
[ 52%] [32mBuilding CXX object CMakeFiles/failure_detection_msgs__rosidl_typesupport_fastrtps_cpp.dir/rosidl_typesupport_fastrtps_cpp/failure_detection_msgs/srv/detail/dds_fastrtps/after_pick__type_support.cpp.o[0m
[ 53%] [32mBuilding CXX object CMakeFiles/failure_detection_msgs__rosidl_typesupport_fastrtps_cpp.dir/rosidl_typesupport_fastrtps_cpp/failure_detection_msgs/srv/detail/dds_fastrtps/before_pick__type_support.cpp.o[0m
[ 55%] [32mBuilding CXX object CMakeFiles/failure_detection_msgs__rosidl_typesupport_c.dir/rosidl_typesupport_c/failure_detection_msgs/srv/before_pick__type_support.cpp.o[0m
[ 57%] [32mBuilding C object CMakeFiles/failure_detection_msgs__rosidl_typesupport_introspection_c.dir/rosidl_typesupport_introspection_c/failure_detection_msgs/action/detail/analysys__type_support.c.o[0m
[ 58%] [32mBuilding CXX object CMakeFiles/failure_detection_msgs__rosidl_typesupport_c.dir/rosidl_typesupport_c/failure_detection_msgs/srv/after_pick__type_support.cpp.o[0m
[ 60%] [32m[1mLinking CXX shared library libfailure_detection_msgs__rosidl_typesupport_introspection_cpp.so[0m
[ 61%] [32mBuilding C object CMakeFiles/failure_detection_msgs__rosidl_typesupport_introspection_c.dir/rosidl_typesupport_introspection_c/failure_detection_msgs/srv/detail/path_check__type_support.c.o[0m
[ 63%] [32m[1mLinking CXX shared library libfailure_detection_msgs__rosidl_typesupport_c.so[0m
[ 65%] [32mBuilding C object CMakeFiles/failure_detection_msgs__rosidl_typesupport_introspection_c.dir/rosidl_typesupport_introspection_c/failure_detection_msgs/srv/detail/before_pick__type_support.c.o[0m
[ 66%] [32mBuilding CXX object CMakeFiles/failure_detection_msgs__rosidl_typesupport_fastrtps_c.dir/rosidl_typesupport_fastrtps_c/failure_detection_msgs/action/detail/analysys__type_support_c.cpp.o[0m
[ 68%] [32mBuilding CXX object CMakeFiles/failure_detection_msgs__rosidl_typesupport_fastrtps_c.dir/rosidl_typesupport_fastrtps_c/failure_detection_msgs/srv/detail/path_check__type_support_c.cpp.o[0m
[ 69%] [32mBuilding C object CMakeFiles/failure_detection_msgs__rosidl_typesupport_introspection_c.dir/rosidl_typesupport_introspection_c/failure_detection_msgs/srv/detail/after_pick__type_support.c.o[0m
[ 69%] Built target failure_detection_msgs__rosidl_typesupport_introspection_cpp
[ 71%] [32mBuilding CXX object CMakeFiles/failure_detection_msgs__rosidl_typesupport_fastrtps_c.dir/rosidl_typesupport_fastrtps_c/failure_detection_msgs/srv/detail/before_pick__type_support_c.cpp.o[0m
[ 71%] Built target failure_detection_msgs__rosidl_typesupport_c
[ 73%] [32mBuilding CXX object CMakeFiles/failure_detection_msgs__rosidl_typesupport_fastrtps_c.dir/rosidl_typesupport_fastrtps_c/failure_detection_msgs/srv/detail/after_pick__type_support_c.cpp.o[0m
[ 74%] [32m[1mLinking CXX shared library libfailure_detection_msgs__rosidl_typesupport_cpp.so[0m
[ 76%] [32m[1mLinking C shared library libfailure_detection_msgs__rosidl_typesupport_introspection_c.so[0m
[ 76%] Built target failure_detection_msgs__rosidl_typesupport_cpp
[ 76%] Built target failure_detection_msgs__rosidl_typesupport_introspection_c
[ 77%] [32m[1mLinking CXX shared library libfailure_detection_msgs__rosidl_typesupport_fastrtps_cpp.so[0m
[ 79%] [32m[1mLinking CXX shared library libfailure_detection_msgs__rosidl_typesupport_fastrtps_c.so[0m
[ 79%] Built target failure_detection_msgs__rosidl_typesupport_fastrtps_cpp
[ 79%] Built target failure_detection_msgs__rosidl_typesupport_fastrtps_c
[ 79%] Built target failure_detection_msgs
[ 80%] [34m[1mGenerating Python code for ROS interfaces[0m
[ 80%] Built target failure_detection_msgs__py
[ 82%] [32mBuilding C object CMakeFiles/failure_detection_msgs__rosidl_generator_py.dir/rosidl_generator_py/failure_detection_msgs/msg/_solution_s.c.o[0m
[ 84%] [32mBuilding C object CMakeFiles/failure_detection_msgs__rosidl_generator_py.dir/rosidl_generator_py/failure_detection_msgs/action/_analysys_s.c.o[0m
[ 85%] [32mBuilding C object CMakeFiles/failure_detection_msgs__rosidl_generator_py.dir/rosidl_generator_py/failure_detection_msgs/srv/_before_pick_s.c.o[0m
[ 87%] [32mBuilding C object CMakeFiles/failure_detection_msgs__rosidl_generator_py.dir/rosidl_generator_py/failure_detection_msgs/srv/_path_check_s.c.o[0m
[ 88%] [32mBuilding C object CMakeFiles/failure_detection_msgs__rosidl_generator_py.dir/rosidl_generator_py/failure_detection_msgs/srv/_after_pick_s.c.o[0m
[ 90%] [32m[1mLinking C shared library rosidl_generator_py/failure_detection_msgs/libfailure_detection_msgs__rosidl_generator_py.so[0m
[ 90%] Built target failure_detection_msgs__rosidl_generator_py
[ 92%] [32mBuilding C object CMakeFiles/failure_detection_msgs__rosidl_typesupport_fastrtps_c__pyext.dir/rosidl_generator_py/failure_detection_msgs/_failure_detection_msgs_s.ep.rosidl_typesupport_fastrtps_c.c.o[0m
[ 93%] [32mBuilding C object CMakeFiles/failure_detection_msgs__rosidl_typesupport_introspection_c__pyext.dir/rosidl_generator_py/failure_detection_msgs/_failure_detection_msgs_s.ep.rosidl_typesupport_introspection_c.c.o[0m
[ 95%] [32mBuilding C object CMakeFiles/failure_detection_msgs__rosidl_typesupport_c__pyext.dir/rosidl_generator_py/failure_detection_msgs/_failure_detection_msgs_s.ep.rosidl_typesupport_c.c.o[0m
[ 96%] [32m[1mLinking C shared library rosidl_generator_py/failure_detection_msgs/failure_detection_msgs_s__rosidl_typesupport_introspection_c.cpython-310-x86_64-linux-gnu.so[0m
[ 98%] [32m[1mLinking C shared library rosidl_generator_py/failure_detection_msgs/failure_detection_msgs_s__rosidl_typesupport_fastrtps_c.cpython-310-x86_64-linux-gnu.so[0m
[100%] [32m[1mLinking C shared library rosidl_generator_py/failure_detection_msgs/failure_detection_msgs_s__rosidl_typesupport_c.cpython-310-x86_64-linux-gnu.so[0m
[100%] Built target failure_detection_msgs__rosidl_typesupport_introspection_c__pyext
[100%] Built target failure_detection_msgs__rosidl_typesupport_fastrtps_c__pyext
[100%] Built target failure_detection_msgs__rosidl_typesupport_c__pyext
-- Install configuration: ""
-- Execute custom install script
-- Up-to-date symlink: /home/rover/kameyama_ws/install/failure_detection_msgs/share/ament_index/resource_index/rosidl_interfaces/failure_detection_msgs
-- Up-to-date symlink: /home/rover/kameyama_ws/install/failure_detection_msgs/include/failure_detection_msgs/failure_detection_msgs/action/analysys.h
-- Up-to-date symlink: /home/rover/kameyama_ws/install/failure_detection_msgs/include/failure_detection_msgs/failure_detection_msgs/action/detail/analysys__functions.h
-- Up-to-date symlink: /home/rover/kameyama_ws/install/failure_detection_msgs/include/failure_detection_msgs/failure_detection_msgs/action/detail/analysys__struct.h
-- Up-to-date symlink: /home/rover/kameyama_ws/install/failure_detection_msgs/include/failure_detection_msgs/failure_detection_msgs/action/detail/analysys__type_support.h
-- Up-to-date symlink: /home/rover/kameyama_ws/install/failure_detection_msgs/include/failure_detection_msgs/failure_detection_msgs/msg/detail/solution__functions.h
-- Up-to-date symlink: /home/rover/kameyama_ws/install/failure_detection_msgs/include/failure_detection_msgs/failure_detection_msgs/msg/detail/solution__struct.h
-- Up-to-date symlink: /home/rover/kameyama_ws/install/failure_detection_msgs/include/failure_detection_msgs/failure_detection_msgs/msg/detail/solution__type_support.h
-- Up-to-date symlink: /home/rover/kameyama_ws/install/failure_detection_msgs/include/failure_detection_msgs/failure_detection_msgs/msg/rosidl_generator_c__visibility_control.h
-- Up-to-date symlink: /home/rover/kameyama_ws/install/failure_detection_msgs/include/failure_detection_msgs/failure_detection_msgs/msg/solution.h
-- Up-to-date symlink: /home/rover/kameyama_ws/install/failure_detection_msgs/include/failure_detection_msgs/failure_detection_msgs/srv/after_pick.h
-- Up-to-date symlink: /home/rover/kameyama_ws/install/failure_detection_msgs/include/failure_detection_msgs/failure_detection_msgs/srv/before_pick.h
-- Up-to-date symlink: /home/rover/kameyama_ws/install/failure_detection_msgs/include/failure_detection_msgs/failure_detection_msgs/srv/detail/after_pick__functions.h
-- Up-to-date symlink: /home/rover/kameyama_ws/install/failure_detection_msgs/include/failure_detection_msgs/failure_detection_msgs/srv/detail/after_pick__struct.h
-- Up-to-date symlink: /home/rover/kameyama_ws/install/failure_detection_msgs/include/failure_detection_msgs/failure_detection_msgs/srv/detail/after_pick__type_support.h
-- Up-to-date symlink: /home/rover/kameyama_ws/install/failure_detection_msgs/include/failure_detection_msgs/failure_detection_msgs/srv/detail/before_pick__functions.h
-- Up-to-date symlink: /home/rover/kameyama_ws/install/failure_detection_msgs/include/failure_detection_msgs/failure_detection_msgs/srv/detail/before_pick__struct.h
-- Up-to-date symlink: /home/rover/kameyama_ws/install/failure_detection_msgs/include/failure_detection_msgs/failure_detection_msgs/srv/detail/before_pick__type_support.h
-- Up-to-date symlink: /home/rover/kameyama_ws/install/failure_detection_msgs/include/failure_detection_msgs/failure_detection_msgs/srv/detail/path_check__functions.h
-- Up-to-date symlink: /home/rover/kameyama_ws/install/failure_detection_msgs/include/failure_detection_msgs/failure_detection_msgs/srv/detail/path_check__struct.h
-- Up-to-date symlink: /home/rover/kameyama_ws/install/failure_detection_msgs/include/failure_detection_msgs/failure_detection_msgs/srv/detail/path_check__type_support.h
-- Up-to-date symlink: /home/rover/kameyama_ws/install/failure_detection_msgs/include/failure_detection_msgs/failure_detection_msgs/srv/path_check.h
-- Up-to-date symlink: /home/rover/kameyama_ws/install/failure_detection_msgs/share/failure_detection_msgs/environment/library_path.sh
-- Up-to-date symlink: /home/rover/kameyama_ws/install/failure_detection_msgs/share/failure_detection_msgs/environment/library_path.dsv
-- Up-to-date symlink: /home/rover/kameyama_ws/install/failure_detection_msgs/include/failure_detection_msgs/failure_detection_msgs/action/detail/analysys__rosidl_typesupport_fastrtps_c.h
-- Up-to-date symlink: /home/rover/kameyama_ws/install/failure_detection_msgs/include/failure_detection_msgs/failure_detection_msgs/msg/detail/solution__rosidl_typesupport_fastrtps_c.h
-- Up-to-date symlink: /home/rover/kameyama_ws/install/failure_detection_msgs/include/failure_detection_msgs/failure_detection_msgs/msg/rosidl_typesupport_fastrtps_c__visibility_control.h
-- Up-to-date symlink: /home/rover/kameyama_ws/install/failure_detection_msgs/include/failure_detection_msgs/failure_detection_msgs/srv/detail/after_pick__rosidl_typesupport_fastrtps_c.h
-- Up-to-date symlink: /home/rover/kameyama_ws/install/failure_detection_msgs/include/failure_detection_msgs/failure_detection_msgs/srv/detail/before_pick__rosidl_typesupport_fastrtps_c.h
-- Up-to-date symlink: /home/rover/kameyama_ws/install/failure_detection_msgs/include/failure_detection_msgs/failure_detection_msgs/srv/detail/path_check__rosidl_typesupport_fastrtps_c.h
-- Up-to-date symlink: /home/rover/kameyama_ws/install/failure_detection_msgs/include/failure_detection_msgs/failure_detection_msgs/action/detail/analysys__rosidl_typesupport_introspection_c.h
-- Up-to-date symlink: /home/rover/kameyama_ws/install/failure_detection_msgs/include/failure_detection_msgs/failure_detection_msgs/msg/detail/solution__rosidl_typesupport_introspection_c.h
-- Up-to-date symlink: /home/rover/kameyama_ws/install/failure_detection_msgs/include/failure_detection_msgs/failure_detection_msgs/msg/rosidl_typesupport_introspection_c__visibility_control.h
-- Up-to-date symlink: /home/rover/kameyama_ws/install/failure_detection_msgs/include/failure_detection_msgs/failure_detection_msgs/srv/detail/after_pick__rosidl_typesupport_introspection_c.h
-- Up-to-date symlink: /home/rover/kameyama_ws/install/failure_detection_msgs/include/failure_detection_msgs/failure_detection_msgs/srv/detail/before_pick__rosidl_typesupport_introspection_c.h
-- Up-to-date symlink: /home/rover/kameyama_ws/install/failure_detection_msgs/include/failure_detection_msgs/failure_detection_msgs/srv/detail/path_check__rosidl_typesupport_introspection_c.h
-- Up-to-date symlink: /home/rover/kameyama_ws/install/failure_detection_msgs/include/failure_detection_msgs/failure_detection_msgs/action/analysys.hpp
-- Up-to-date symlink: /home/rover/kameyama_ws/install/failure_detection_msgs/include/failure_detection_msgs/failure_detection_msgs/action/detail/analysys__builder.hpp
-- Up-to-date symlink: /home/rover/kameyama_ws/install/failure_detection_msgs/include/failure_detection_msgs/failure_detection_msgs/action/detail/analysys__struct.hpp
-- Up-to-date symlink: /home/rover/kameyama_ws/install/failure_detection_msgs/include/failure_detection_msgs/failure_detection_msgs/action/detail/analysys__traits.hpp
-- Up-to-date symlink: /home/rover/kameyama_ws/install/failure_detection_msgs/include/failure_detection_msgs/failure_detection_msgs/action/detail/analysys__type_support.hpp
-- Up-to-date symlink: /home/rover/kameyama_ws/install/failure_detection_msgs/include/failure_detection_msgs/failure_detection_msgs/msg/detail/solution__builder.hpp
-- Up-to-date symlink: /home/rover/kameyama_ws/install/failure_detection_msgs/include/failure_detection_msgs/failure_detection_msgs/msg/detail/solution__struct.hpp
-- Up-to-date symlink: /home/rover/kameyama_ws/install/failure_detection_msgs/include/failure_detection_msgs/failure_detection_msgs/msg/detail/solution__traits.hpp
-- Up-to-date symlink: /home/rover/kameyama_ws/install/failure_detection_msgs/include/failure_detection_msgs/failure_detection_msgs/msg/detail/solution__type_support.hpp
-- Up-to-date symlink: /home/rover/kameyama_ws/install/failure_detection_msgs/include/failure_detection_msgs/failure_detection_msgs/msg/rosidl_generator_cpp__visibility_control.hpp
-- Up-to-date symlink: /home/rover/kameyama_ws/install/failure_detection_msgs/include/failure_detection_msgs/failure_detection_msgs/msg/solution.hpp
-- Up-to-date symlink: /home/rover/kameyama_ws/install/failure_detection_msgs/include/failure_detection_msgs/failure_detection_msgs/srv/after_pick.hpp
-- Up-to-date symlink: /home/rover/kameyama_ws/install/failure_detection_msgs/include/failure_detection_msgs/failure_detection_msgs/srv/before_pick.hpp
-- Up-to-date symlink: /home/rover/kameyama_ws/install/failure_detection_msgs/include/failure_detection_msgs/failure_detection_msgs/srv/detail/after_pick__builder.hpp
-- Up-to-date symlink: /home/rover/kameyama_ws/install/failure_detection_msgs/include/failure_detection_msgs/failure_detection_msgs/srv/detail/after_pick__struct.hpp
-- Up-to-date symlink: /home/rover/kameyama_ws/install/failure_detection_msgs/include/failure_detection_msgs/failure_detection_msgs/srv/detail/after_pick__traits.hpp
-- Up-to-date symlink: /home/rover/kameyama_ws/install/failure_detection_msgs/include/failure_detection_msgs/failure_detection_msgs/srv/detail/after_pick__type_support.hpp
-- Up-to-date symlink: /home/rover/kameyama_ws/install/failure_detection_msgs/include/failure_detection_msgs/failure_detection_msgs/srv/detail/before_pick__builder.hpp
-- Up-to-date symlink: /home/rover/kameyama_ws/install/failure_detection_msgs/include/failure_detection_msgs/failure_detection_msgs/srv/detail/before_pick__struct.hpp
-- Up-to-date symlink: /home/rover/kameyama_ws/install/failure_detection_msgs/include/failure_detection_msgs/failure_detection_msgs/srv/detail/before_pick__traits.hpp
-- Up-to-date symlink: /home/rover/kameyama_ws/install/failure_detection_msgs/include/failure_detection_msgs/failure_detection_msgs/srv/detail/before_pick__type_support.hpp
-- Up-to-date symlink: /home/rover/kameyama_ws/install/failure_detection_msgs/include/failure_detection_msgs/failure_detection_msgs/srv/detail/path_check__builder.hpp
-- Up-to-date symlink: /home/rover/kameyama_ws/install/failure_detection_msgs/include/failure_detection_msgs/failure_detection_msgs/srv/detail/path_check__struct.hpp
-- Up-to-date symlink: /home/rover/kameyama_ws/install/failure_detection_msgs/include/failure_detection_msgs/failure_detection_msgs/srv/detail/path_check__traits.hpp
-- Up-to-date symlink: /home/rover/kameyama_ws/install/failure_detection_msgs/include/failure_detection_msgs/failure_detection_msgs/srv/detail/path_check__type_support.hpp
-- Up-to-date symlink: /home/rover/kameyama_ws/install/failure_detection_msgs/include/failure_detection_msgs/failure_detection_msgs/srv/path_check.hpp
-- Up-to-date symlink: /home/rover/kameyama_ws/install/failure_detection_msgs/include/failure_detection_msgs/failure_detection_msgs/action/detail/analysys__rosidl_typesupport_fastrtps_cpp.hpp
-- Up-to-date symlink: /home/rover/kameyama_ws/install/failure_detection_msgs/include/failure_detection_msgs/failure_detection_msgs/msg/detail/solution__rosidl_typesupport_fastrtps_cpp.hpp
-- Up-to-date symlink: /home/rover/kameyama_ws/install/failure_detection_msgs/include/failure_detection_msgs/failure_detection_msgs/msg/rosidl_typesupport_fastrtps_cpp__visibility_control.h
-- Up-to-date symlink: /home/rover/kameyama_ws/install/failure_detection_msgs/include/failure_detection_msgs/failure_detection_msgs/srv/detail/after_pick__rosidl_typesupport_fastrtps_cpp.hpp
-- Up-to-date symlink: /home/rover/kameyama_ws/install/failure_detection_msgs/include/failure_detection_msgs/failure_detection_msgs/srv/detail/before_pick__rosidl_typesupport_fastrtps_cpp.hpp
-- Up-to-date symlink: /home/rover/kameyama_ws/install/failure_detection_msgs/include/failure_detection_msgs/failure_detection_msgs/srv/detail/path_check__rosidl_typesupport_fastrtps_cpp.hpp
-- Up-to-date symlink: /home/rover/kameyama_ws/install/failure_detection_msgs/include/failure_detection_msgs/failure_detection_msgs/action/detail/analysys__rosidl_typesupport_introspection_cpp.hpp
-- Up-to-date symlink: /home/rover/kameyama_ws/install/failure_detection_msgs/include/failure_detection_msgs/failure_detection_msgs/msg/detail/solution__rosidl_typesupport_introspection_cpp.hpp
-- Up-to-date symlink: /home/rover/kameyama_ws/install/failure_detection_msgs/include/failure_detection_msgs/failure_detection_msgs/srv/detail/after_pick__rosidl_typesupport_introspection_cpp.hpp
-- Up-to-date symlink: /home/rover/kameyama_ws/install/failure_detection_msgs/include/failure_detection_msgs/failure_detection_msgs/srv/detail/before_pick__rosidl_typesupport_introspection_cpp.hpp
-- Up-to-date symlink: /home/rover/kameyama_ws/install/failure_detection_msgs/include/failure_detection_msgs/failure_detection_msgs/srv/detail/path_check__rosidl_typesupport_introspection_cpp.hpp
-- Up-to-date symlink: /home/rover/kameyama_ws/install/failure_detection_msgs/share/failure_detection_msgs/environment/pythonpath.sh
-- Up-to-date symlink: /home/rover/kameyama_ws/install/failure_detection_msgs/share/failure_detection_msgs/environment/pythonpath.dsv
-- Up-to-date symlink: /home/rover/kameyama_ws/install/failure_detection_msgs/local/lib/python3.10/dist-packages/failure_detection_msgs-0.0.0-py3.10.egg-info/PKG-INFO
-- Up-to-date symlink: /home/rover/kameyama_ws/install/failure_detection_msgs/local/lib/python3.10/dist-packages/failure_detection_msgs-0.0.0-py3.10.egg-info/SOURCES.txt
-- Up-to-date symlink: /home/rover/kameyama_ws/install/failure_detection_msgs/local/lib/python3.10/dist-packages/failure_detection_msgs-0.0.0-py3.10.egg-info/dependency_links.txt
-- Up-to-date symlink: /home/rover/kameyama_ws/install/failure_detection_msgs/local/lib/python3.10/dist-packages/failure_detection_msgs-0.0.0-py3.10.egg-info/top_level.txt
-- Up-to-date symlink: /home/rover/kameyama_ws/install/failure_detection_msgs/local/lib/python3.10/dist-packages/failure_detection_msgs/__init__.py
-- Up-to-date symlink: /home/rover/kameyama_ws/install/failure_detection_msgs/local/lib/python3.10/dist-packages/failure_detection_msgs/_failure_detection_msgs_s.ep.rosidl_typesupport_c.c
-- Up-to-date symlink: /home/rover/kameyama_ws/install/failure_detection_msgs/local/lib/python3.10/dist-packages/failure_detection_msgs/_failure_detection_msgs_s.ep.rosidl_typesupport_fastrtps_c.c
-- Up-to-date symlink: /home/rover/kameyama_ws/install/failure_detection_msgs/local/lib/python3.10/dist-packages/failure_detection_msgs/_failure_detection_msgs_s.ep.rosidl_typesupport_introspection_c.c
-- Up-to-date symlink: /home/rover/kameyama_ws/install/failure_detection_msgs/local/lib/python3.10/dist-packages/failure_detection_msgs/action/__init__.py
-- Up-to-date symlink: /home/rover/kameyama_ws/install/failure_detection_msgs/local/lib/python3.10/dist-packages/failure_detection_msgs/action/_analysys.py
-- Up-to-date symlink: /home/rover/kameyama_ws/install/failure_detection_msgs/local/lib/python3.10/dist-packages/failure_detection_msgs/action/_analysys_s.c
-- Up-to-date symlink: /home/rover/kameyama_ws/install/failure_detection_msgs/local/lib/python3.10/dist-packages/failure_detection_msgs/failure_detection_msgs_s__rosidl_typesupport_c.cpython-310-x86_64-linux-gnu.so
-- Up-to-date symlink: /home/rover/kameyama_ws/install/failure_detection_msgs/local/lib/python3.10/dist-packages/failure_detection_msgs/failure_detection_msgs_s__rosidl_typesupport_fastrtps_c.cpython-310-x86_64-linux-gnu.so
-- Up-to-date symlink: /home/rover/kameyama_ws/install/failure_detection_msgs/local/lib/python3.10/dist-packages/failure_detection_msgs/failure_detection_msgs_s__rosidl_typesupport_introspection_c.cpython-310-x86_64-linux-gnu.so
-- Up-to-date symlink: /home/rover/kameyama_ws/install/failure_detection_msgs/local/lib/python3.10/dist-packages/failure_detection_msgs/libfailure_detection_msgs__rosidl_generator_py.so
-- Up-to-date symlink: /home/rover/kameyama_ws/install/failure_detection_msgs/local/lib/python3.10/dist-packages/failure_detection_msgs/msg/__init__.py
-- Up-to-date symlink: /home/rover/kameyama_ws/install/failure_detection_msgs/local/lib/python3.10/dist-packages/failure_detection_msgs/msg/_solution.py
-- Up-to-date symlink: /home/rover/kameyama_ws/install/failure_detection_msgs/local/lib/python3.10/dist-packages/failure_detection_msgs/msg/_solution_s.c
-- Up-to-date symlink: /home/rover/kameyama_ws/install/failure_detection_msgs/local/lib/python3.10/dist-packages/failure_detection_msgs/srv/__init__.py
-- Up-to-date symlink: /home/rover/kameyama_ws/install/failure_detection_msgs/local/lib/python3.10/dist-packages/failure_detection_msgs/srv/_after_pick.py
-- Up-to-date symlink: /home/rover/kameyama_ws/install/failure_detection_msgs/local/lib/python3.10/dist-packages/failure_detection_msgs/srv/_after_pick_s.c
-- Up-to-date symlink: /home/rover/kameyama_ws/install/failure_detection_msgs/local/lib/python3.10/dist-packages/failure_detection_msgs/srv/_before_pick.py
-- Up-to-date symlink: /home/rover/kameyama_ws/install/failure_detection_msgs/local/lib/python3.10/dist-packages/failure_detection_msgs/srv/_before_pick_s.c
-- Up-to-date symlink: /home/rover/kameyama_ws/install/failure_detection_msgs/local/lib/python3.10/dist-packages/failure_detection_msgs/srv/_path_check.py
-- Up-to-date symlink: /home/rover/kameyama_ws/install/failure_detection_msgs/local/lib/python3.10/dist-packages/failure_detection_msgs/srv/_path_check_s.c
-- Up-to-date symlink: /home/rover/kameyama_ws/install/failure_detection_msgs/local/lib/python3.10/dist-packages/failure_detection_msgs/failure_detection_msgs_s__rosidl_typesupport_fastrtps_c.cpython-310-x86_64-linux-gnu.so
-- Up-to-date symlink: /home/rover/kameyama_ws/install/failure_detection_msgs/local/lib/python3.10/dist-packages/failure_detection_msgs/failure_detection_msgs_s__rosidl_typesupport_introspection_c.cpython-310-x86_64-linux-gnu.so
-- Up-to-date symlink: /home/rover/kameyama_ws/install/failure_detection_msgs/local/lib/python3.10/dist-packages/failure_detection_msgs/failure_detection_msgs_s__rosidl_typesupport_c.cpython-310-x86_64-linux-gnu.so
-- Up-to-date symlink: /home/rover/kameyama_ws/install/failure_detection_msgs/share/failure_detection_msgs/msg/Solution.idl
-- Up-to-date symlink: /home/rover/kameyama_ws/install/failure_detection_msgs/share/failure_detection_msgs/action/Analysys.idl
-- Up-to-date symlink: /home/rover/kameyama_ws/install/failure_detection_msgs/share/failure_detection_msgs/srv/PathCheck.idl
-- Up-to-date symlink: /home/rover/kameyama_ws/install/failure_detection_msgs/share/failure_detection_msgs/srv/BeforePick.idl
-- Up-to-date symlink: /home/rover/kameyama_ws/install/failure_detection_msgs/share/failure_detection_msgs/srv/AfterPick.idl
-- Up-to-date symlink: /home/rover/kameyama_ws/install/failure_detection_msgs/share/failure_detection_msgs/msg/Solution.msg
-- Up-to-date symlink: /home/rover/kameyama_ws/install/failure_detection_msgs/share/failure_detection_msgs/action/Analysys.action
-- Up-to-date symlink: /home/rover/kameyama_ws/install/failure_detection_msgs/share/failure_detection_msgs/srv/PathCheck.srv
-- Up-to-date symlink: /home/rover/kameyama_ws/install/failure_detection_msgs/share/failure_detection_msgs/srv/PathCheck_Request.msg
-- Up-to-date symlink: /home/rover/kameyama_ws/install/failure_detection_msgs/share/failure_detection_msgs/srv/PathCheck_Response.msg
-- Up-to-date symlink: /home/rover/kameyama_ws/install/failure_detection_msgs/share/failure_detection_msgs/srv/BeforePick.srv
-- Up-to-date symlink: /home/rover/kameyama_ws/install/failure_detection_msgs/share/failure_detection_msgs/srv/BeforePick_Request.msg
-- Up-to-date symlink: /home/rover/kameyama_ws/install/failure_detection_msgs/share/failure_detection_msgs/srv/BeforePick_Response.msg
-- Up-to-date symlink: /home/rover/kameyama_ws/install/failure_detection_msgs/share/failure_detection_msgs/srv/AfterPick.srv
-- Up-to-date symlink: /home/rover/kameyama_ws/install/failure_detection_msgs/share/failure_detection_msgs/srv/AfterPick_Request.msg
-- Up-to-date symlink: /home/rover/kameyama_ws/install/failure_detection_msgs/share/failure_detection_msgs/srv/AfterPick_Response.msg
-- Up-to-date symlink: /home/rover/kameyama_ws/install/failure_detection_msgs/share/ament_index/resource_index/package_run_dependencies/failure_detection_msgs
-- Up-to-date symlink: /home/rover/kameyama_ws/install/failure_detection_msgs/share/ament_index/resource_index/parent_prefix_path/failure_detection_msgs
-- Up-to-date symlink: /home/rover/kameyama_ws/install/failure_detection_msgs/share/failure_detection_msgs/environment/ament_prefix_path.sh
-- Up-to-date symlink: /home/rover/kameyama_ws/install/failure_detection_msgs/share/failure_detection_msgs/environment/ament_prefix_path.dsv
-- Up-to-date symlink: /home/rover/kameyama_ws/install/failure_detection_msgs/share/failure_detection_msgs/environment/path.sh
-- Up-to-date symlink: /home/rover/kameyama_ws/install/failure_detection_msgs/share/failure_detection_msgs/environment/path.dsv
-- Up-to-date symlink: /home/rover/kameyama_ws/install/failure_detection_msgs/share/failure_detection_msgs/local_setup.bash
-- Up-to-date symlink: /home/rover/kameyama_ws/install/failure_detection_msgs/share/failure_detection_msgs/local_setup.sh
-- Up-to-date symlink: /home/rover/kameyama_ws/install/failure_detection_msgs/share/failure_detection_msgs/local_setup.zsh
-- Up-to-date symlink: /home/rover/kameyama_ws/install/failure_detection_msgs/share/failure_detection_msgs/local_setup.dsv
-- Symlinking: /home/rover/kameyama_ws/install/failure_detection_msgs/share/failure_detection_msgs/package.dsv
-- Up-to-date symlink: /home/rover/kameyama_ws/install/failure_detection_msgs/share/ament_index/resource_index/packages/failure_detection_msgs
-- Up-to-date symlink: /home/rover/kameyama_ws/install/failure_detection_msgs/share/failure_detection_msgs/cmake/rosidl_cmake-extras.cmake
-- Up-to-date symlink: /home/rover/kameyama_ws/install/failure_detection_msgs/share/failure_detection_msgs/cmake/ament_cmake_export_dependencies-extras.cmake
-- Up-to-date symlink: /home/rover/kameyama_ws/install/failure_detection_msgs/share/failure_detection_msgs/cmake/ament_cmake_export_include_directories-extras.cmake
-- Up-to-date symlink: /home/rover/kameyama_ws/install/failure_detection_msgs/share/failure_detection_msgs/cmake/ament_cmake_export_libraries-extras.cmake
-- Up-to-date symlink: /home/rover/kameyama_ws/install/failure_detection_msgs/share/failure_detection_msgs/cmake/ament_cmake_export_targets-extras.cmake
-- Up-to-date symlink: /home/rover/kameyama_ws/install/failure_detection_msgs/share/failure_detection_msgs/cmake/rosidl_cmake_export_typesupport_targets-extras.cmake
-- Up-to-date symlink: /home/rover/kameyama_ws/install/failure_detection_msgs/share/failure_detection_msgs/cmake/rosidl_cmake_export_typesupport_libraries-extras.cmake
-- Up-to-date symlink: /home/rover/kameyama_ws/install/failure_detection_msgs/share/failure_detection_msgs/cmake/failure_detection_msgsConfig.cmake
-- Up-to-date symlink: /home/rover/kameyama_ws/install/failure_detection_msgs/share/failure_detection_msgs/cmake/failure_detection_msgsConfig-version.cmake
-- Up-to-date symlink: /home/rover/kameyama_ws/install/failure_detection_msgs/share/failure_detection_msgs/package.xml
-- Installing: /home/rover/kameyama_ws/install/failure_detection_msgs/lib/libfailure_detection_msgs__rosidl_generator_c.so
-- Set runtime path of "/home/rover/kameyama_ws/install/failure_detection_msgs/lib/libfailure_detection_msgs__rosidl_generator_c.so" to ""
-- Installing: /home/rover/kameyama_ws/install/failure_detection_msgs/lib/libfailure_detection_msgs__rosidl_typesupport_fastrtps_c.so
-- Set runtime path of "/home/rover/kameyama_ws/install/failure_detection_msgs/lib/libfailure_detection_msgs__rosidl_typesupport_fastrtps_c.so" to ""
-- Installing: /home/rover/kameyama_ws/install/failure_detection_msgs/lib/libfailure_detection_msgs__rosidl_typesupport_introspection_c.so
-- Set runtime path of "/home/rover/kameyama_ws/install/failure_detection_msgs/lib/libfailure_detection_msgs__rosidl_typesupport_introspection_c.so" to ""
-- Installing: /home/rover/kameyama_ws/install/failure_detection_msgs/lib/libfailure_detection_msgs__rosidl_typesupport_c.so
-- Set runtime path of "/home/rover/kameyama_ws/install/failure_detection_msgs/lib/libfailure_detection_msgs__rosidl_typesupport_c.so" to ""
-- Installing: /home/rover/kameyama_ws/install/failure_detection_msgs/lib/libfailure_detection_msgs__rosidl_typesupport_fastrtps_cpp.so
-- Set runtime path of "/home/rover/kameyama_ws/install/failure_detection_msgs/lib/libfailure_detection_msgs__rosidl_typesupport_fastrtps_cpp.so" to ""
-- Installing: /home/rover/kameyama_ws/install/failure_detection_msgs/lib/libfailure_detection_msgs__rosidl_typesupport_introspection_cpp.so
-- Set runtime path of "/home/rover/kameyama_ws/install/failure_detection_msgs/lib/libfailure_detection_msgs__rosidl_typesupport_introspection_cpp.so" to ""
-- Installing: /home/rover/kameyama_ws/install/failure_detection_msgs/lib/libfailure_detection_msgs__rosidl_typesupport_cpp.so
-- Set runtime path of "/home/rover/kameyama_ws/install/failure_detection_msgs/lib/libfailure_detection_msgs__rosidl_typesupport_cpp.so" to ""
Listing '/home/rover/kameyama_ws/install/failure_detection_msgs/local/lib/python3.10/dist-packages/failure_detection_msgs'...
Listing '/home/rover/kameyama_ws/install/failure_detection_msgs/local/lib/python3.10/dist-packages/failure_detection_msgs/action'...
Compiling '/home/rover/kameyama_ws/install/failure_detection_msgs/local/lib/python3.10/dist-packages/failure_detection_msgs/action/__init__.py'...
Compiling '/home/rover/kameyama_ws/install/failure_detection_msgs/local/lib/python3.10/dist-packages/failure_detection_msgs/action/_analysys.py'...
Listing '/home/rover/kameyama_ws/install/failure_detection_msgs/local/lib/python3.10/dist-packages/failure_detection_msgs/msg'...
Compiling '/home/rover/kameyama_ws/install/failure_detection_msgs/local/lib/python3.10/dist-packages/failure_detection_msgs/msg/__init__.py'...
Compiling '/home/rover/kameyama_ws/install/failure_detection_msgs/local/lib/python3.10/dist-packages/failure_detection_msgs/msg/_solution.py'...
Listing '/home/rover/kameyama_ws/install/failure_detection_msgs/local/lib/python3.10/dist-packages/failure_detection_msgs/srv'...
Compiling '/home/rover/kameyama_ws/install/failure_detection_msgs/local/lib/python3.10/dist-packages/failure_detection_msgs/srv/__init__.py'...
Compiling '/home/rover/kameyama_ws/install/failure_detection_msgs/local/lib/python3.10/dist-packages/failure_detection_msgs/srv/_after_pick.py'...
Compiling '/home/rover/kameyama_ws/install/failure_detection_msgs/local/lib/python3.10/dist-packages/failure_detection_msgs/srv/_before_pick.py'...
Compiling '/home/rover/kameyama_ws/install/failure_detection_msgs/local/lib/python3.10/dist-packages/failure_detection_msgs/srv/_path_check.py'...
-- Installing: /home/rover/kameyama_ws/install/failure_detection_msgs/lib/libfailure_detection_msgs__rosidl_generator_py.so
-- Set runtime path of "/home/rover/kameyama_ws/install/failure_detection_msgs/lib/libfailure_detection_msgs__rosidl_generator_py.so" to ""
-- Up-to-date: /home/rover/kameyama_ws/install/failure_detection_msgs/share/failure_detection_msgs/cmake/export_failure_detection_msgs__rosidl_generator_cExport.cmake
-- Up-to-date: /home/rover/kameyama_ws/install/failure_detection_msgs/share/failure_detection_msgs/cmake/export_failure_detection_msgs__rosidl_generator_cExport-noconfig.cmake
-- Up-to-date: /home/rover/kameyama_ws/install/failure_detection_msgs/share/failure_detection_msgs/cmake/export_failure_detection_msgs__rosidl_typesupport_fastrtps_cExport.cmake
-- Up-to-date: /home/rover/kameyama_ws/install/failure_detection_msgs/share/failure_detection_msgs/cmake/export_failure_detection_msgs__rosidl_typesupport_fastrtps_cExport-noconfig.cmake
-- Up-to-date: /home/rover/kameyama_ws/install/failure_detection_msgs/share/failure_detection_msgs/cmake/failure_detection_msgs__rosidl_typesupport_introspection_cExport.cmake
-- Up-to-date: /home/rover/kameyama_ws/install/failure_detection_msgs/share/failure_detection_msgs/cmake/failure_detection_msgs__rosidl_typesupport_introspection_cExport-noconfig.cmake
-- Up-to-date: /home/rover/kameyama_ws/install/failure_detection_msgs/share/failure_detection_msgs/cmake/failure_detection_msgs__rosidl_typesupport_cExport.cmake
-- Up-to-date: /home/rover/kameyama_ws/install/failure_detection_msgs/share/failure_detection_msgs/cmake/failure_detection_msgs__rosidl_typesupport_cExport-noconfig.cmake
-- Up-to-date: /home/rover/kameyama_ws/install/failure_detection_msgs/share/failure_detection_msgs/cmake/export_failure_detection_msgs__rosidl_generator_cppExport.cmake
-- Up-to-date: /home/rover/kameyama_ws/install/failure_detection_msgs/share/failure_detection_msgs/cmake/export_failure_detection_msgs__rosidl_typesupport_fastrtps_cppExport.cmake
-- Up-to-date: /home/rover/kameyama_ws/install/failure_detection_msgs/share/failure_detection_msgs/cmake/export_failure_detection_msgs__rosidl_typesupport_fastrtps_cppExport-noconfig.cmake
-- Up-to-date: /home/rover/kameyama_ws/install/failure_detection_msgs/share/failure_detection_msgs/cmake/failure_detection_msgs__rosidl_typesupport_introspection_cppExport.cmake
-- Up-to-date: /home/rover/kameyama_ws/install/failure_detection_msgs/share/failure_detection_msgs/cmake/failure_detection_msgs__rosidl_typesupport_introspection_cppExport-noconfig.cmake
-- Up-to-date: /home/rover/kameyama_ws/install/failure_detection_msgs/share/failure_detection_msgs/cmake/failure_detection_msgs__rosidl_typesupport_cppExport.cmake
-- Up-to-date: /home/rover/kameyama_ws/install/failure_detection_msgs/share/failure_detection_msgs/cmake/failure_detection_msgs__rosidl_typesupport_cppExport-noconfig.cmake
-- Up-to-date: /home/rover/kameyama_ws/install/failure_detection_msgs/share/failure_detection_msgs/cmake/export_failure_detection_msgs__rosidl_generator_pyExport.cmake
-- Up-to-date: /home/rover/kameyama_ws/install/failure_detection_msgs/share/failure_detection_msgs/cmake/export_failure_detection_msgs__rosidl_generator_pyExport-noconfig.cmake
