[0.041s] Invoking command in '/home/rover/kameyama_ws/build/openslam_gmapping': CMAKE_PREFIX_PATH=${CMAKE_PREFIX_PATH}:/home/rover/amir_basic_ws/install/nav2_simple_commander:/home/rover/amir_basic_ws/install/camera_calibration:/opt/ros/humble /usr/bin/cmake /home/rover/kameyama_ws/src/slam_gmapping/openslam_gmapping -DAMENT_CMAKE_SYMLINK_INSTALL=1 -DCMAKE_INSTALL_PREFIX=/home/rover/kameyama_ws/install/openslam_gmapping
[0.710s] -- The C compiler identification is GNU 11.4.0
[0.710s] -- The CXX compiler identification is GNU 11.4.0
[0.710s] -- Detecting C compiler ABI info
[0.710s] -- Detecting C compiler ABI info - done
[0.710s] -- Check for working C compiler: /usr/bin/cc - skipped
[0.710s] -- Detecting C compile features
[0.710s] -- Detecting C compile features - done
[0.710s] -- Detecting CXX compiler ABI info
[0.710s] -- Detecting CXX compiler ABI info - done
[0.710s] -- Check for working CXX compiler: /usr/bin/c++ - skipped
[0.710s] -- Detecting CXX compile features
[0.710s] -- Detecting CXX compile features - done
[0.710s] -- Found ament_cmake: 1.3.11 (/opt/ros/humble/share/ament_cmake/cmake)
[1.076s] -- Found Python3: /usr/bin/python3 (found version "3.10.12") found components: Interpreter 
[1.148s] -- Override CMake install command with custom implementation using symlinks instead of copying resources
[1.343s] -- Configuring done
[1.377s] -- Generating done
[1.393s] -- Build files have been written to: /home/rover/kameyama_ws/build/openslam_gmapping
[1.401s] Invoked command in '/home/rover/kameyama_ws/build/openslam_gmapping' returned '0': CMAKE_PREFIX_PATH=${CMAKE_PREFIX_PATH}:/home/rover/amir_basic_ws/install/nav2_simple_commander:/home/rover/amir_basic_ws/install/camera_calibration:/opt/ros/humble /usr/bin/cmake /home/rover/kameyama_ws/src/slam_gmapping/openslam_gmapping -DAMENT_CMAKE_SYMLINK_INSTALL=1 -DCMAKE_INSTALL_PREFIX=/home/rover/kameyama_ws/install/openslam_gmapping
[1.401s] Invoking command in '/home/rover/kameyama_ws/build/openslam_gmapping': CMAKE_PREFIX_PATH=${CMAKE_PREFIX_PATH}:/home/rover/amir_basic_ws/install/nav2_simple_commander:/home/rover/amir_basic_ws/install/camera_calibration:/opt/ros/humble /usr/bin/cmake --build /home/rover/kameyama_ws/build/openslam_gmapping -- -j12 -l12
[2.975s] [  4%] [32mBuilding CXX object sensor/sensor_base/CMakeFiles/sensor_base.dir/sensor.cpp.o[0m
[2.975s] [  9%] [32mBuilding CXX object utils/CMakeFiles/utils.dir/stat.cpp.o[0m
[2.975s] [ 18%] [32mBuilding CXX object utils/CMakeFiles/utils.dir/movement.cpp.o[0m
[2.975s] [ 18%] [32mBuilding CXX object sensor/sensor_base/CMakeFiles/sensor_base.dir/sensorreading.cpp.o[0m
[2.975s] [ 22%] [32m[1mLinking CXX static library libsensor_base.a[0m
[2.975s] [ 22%] Built target sensor_base
[2.975s] [ 27%] [32m[1mLinking CXX static library libutils.a[0m
[2.976s] [ 31%] [32mBuilding CXX object sensor/sensor_range/CMakeFiles/sensor_range.dir/rangereading.cpp.o[0m
[2.976s] [ 36%] [32mBuilding CXX object sensor/sensor_range/CMakeFiles/sensor_range.dir/rangesensor.cpp.o[0m
[2.976s] [ 40%] [32mBuilding CXX object sensor/sensor_odometry/CMakeFiles/sensor_odometry.dir/odometryreading.cpp.o[0m
[2.976s] [ 45%] [32mBuilding CXX object sensor/sensor_odometry/CMakeFiles/sensor_odometry.dir/odometrysensor.cpp.o[0m
[2.976s] [ 45%] Built target utils
[2.976s] [ 50%] [32m[1mLinking CXX static library libsensor_odometry.a[0m
[2.976s] [ 50%] Built target sensor_odometry
[2.976s] [ 54%] [32m[1mLinking CXX static library libsensor_range.a[0m
[2.976s] [ 54%] Built target sensor_range
[2.976s] [ 59%] [32mBuilding CXX object scanmatcher/CMakeFiles/scanmatcher.dir/scanmatcher.cpp.o[0m
[2.976s] [ 63%] [32mBuilding CXX object scanmatcher/CMakeFiles/scanmatcher.dir/scanmatcherprocessor.cpp.o[0m
[2.976s] [ 68%] [32mBuilding CXX object scanmatcher/CMakeFiles/scanmatcher.dir/eig3.cpp.o[0m
[2.976s] [ 72%] [32mBuilding CXX object scanmatcher/CMakeFiles/scanmatcher.dir/smmap.cpp.o[0m
[3.508s] [ 77%] [32m[1mLinking CXX static library libscanmatcher.a[0m
[3.728s] [ 77%] Built target scanmatcher
[3.813s] [ 81%] [32mBuilding CXX object gridfastslam/CMakeFiles/gridfastslam.dir/gridslamprocessor.cpp.o[0m
[3.822s] [ 86%] [32mBuilding CXX object gridfastslam/CMakeFiles/gridfastslam.dir/gridslamprocessor_tree.cpp.o[0m
[3.826s] [ 90%] [32mBuilding CXX object gridfastslam/CMakeFiles/gridfastslam.dir/gfsreader.cpp.o[0m
[3.835s] [ 95%] [32mBuilding CXX object gridfastslam/CMakeFiles/gridfastslam.dir/motionmodel.cpp.o[0m
[8.186s] [100%] [32m[1mLinking CXX static library libgridfastslam.a[0m
[8.512s] [100%] Built target gridfastslam
[8.569s] Invoked command in '/home/rover/kameyama_ws/build/openslam_gmapping' returned '0': CMAKE_PREFIX_PATH=${CMAKE_PREFIX_PATH}:/home/rover/amir_basic_ws/install/nav2_simple_commander:/home/rover/amir_basic_ws/install/camera_calibration:/opt/ros/humble /usr/bin/cmake --build /home/rover/kameyama_ws/build/openslam_gmapping -- -j12 -l12
[8.570s] Invoking command in '/home/rover/kameyama_ws/build/openslam_gmapping': CMAKE_PREFIX_PATH=${CMAKE_PREFIX_PATH}:/home/rover/amir_basic_ws/install/nav2_simple_commander:/home/rover/amir_basic_ws/install/camera_calibration:/opt/ros/humble /usr/bin/cmake --install /home/rover/kameyama_ws/build/openslam_gmapping
[10.926s] -- Install configuration: ""
[10.926s] -- Execute custom install script
[10.926s] -- Symlinking: /home/rover/kameyama_ws/install/openslam_gmapping/lib/libgridfastslam.a
[10.926s] -- Symlinking: /home/rover/kameyama_ws/install/openslam_gmapping/lib/libscanmatcher.a
[10.926s] -- Symlinking: /home/rover/kameyama_ws/install/openslam_gmapping/lib/libsensor_base.a
[10.926s] -- Symlinking: /home/rover/kameyama_ws/install/openslam_gmapping/share/openslam_gmapping/environment/library_path.sh
[10.926s] -- Symlinking: /home/rover/kameyama_ws/install/openslam_gmapping/share/openslam_gmapping/environment/library_path.dsv
[10.926s] -- Up-to-date symlink: /home/rover/kameyama_ws/install/openslam_gmapping/share/openslam_gmapping/environment/library_path.sh
[10.927s] -- Up-to-date symlink: /home/rover/kameyama_ws/install/openslam_gmapping/share/openslam_gmapping/environment/library_path.dsv
[10.927s] -- Symlinking: /home/rover/kameyama_ws/install/openslam_gmapping/lib/libsensor_odometry.a
[10.927s] -- Symlinking: /home/rover/kameyama_ws/install/openslam_gmapping/lib/libsensor_range.a
[10.927s] -- Symlinking: /home/rover/kameyama_ws/install/openslam_gmapping/lib/libutils.a
[10.927s] -- Up-to-date symlink: /home/rover/kameyama_ws/install/openslam_gmapping/share/openslam_gmapping/environment/library_path.sh
[10.927s] -- Up-to-date symlink: /home/rover/kameyama_ws/install/openslam_gmapping/share/openslam_gmapping/environment/library_path.dsv
[10.927s] -- Up-to-date symlink: /home/rover/kameyama_ws/install/openslam_gmapping/share/openslam_gmapping/environment/library_path.sh
[10.927s] -- Up-to-date symlink: /home/rover/kameyama_ws/install/openslam_gmapping/share/openslam_gmapping/environment/library_path.dsv
[10.927s] -- Symlinking: /home/rover/kameyama_ws/install/openslam_gmapping/include//gmapping/grid/accessstate.h
[10.927s] -- Symlinking: /home/rover/kameyama_ws/install/openslam_gmapping/include//gmapping/grid/array2d.h
[10.927s] -- Symlinking: /home/rover/kameyama_ws/install/openslam_gmapping/include//gmapping/grid/harray2d.h
[10.927s] -- Symlinking: /home/rover/kameyama_ws/install/openslam_gmapping/include//gmapping/grid/map.h
[10.927s] -- Symlinking: /home/rover/kameyama_ws/install/openslam_gmapping/include//gmapping/gridfastslam/gridslamprocessor.h
[10.927s] -- Symlinking: /home/rover/kameyama_ws/install/openslam_gmapping/include//gmapping/gridfastslam/gridslamprocessor.hxx
[10.927s] -- Symlinking: /home/rover/kameyama_ws/install/openslam_gmapping/include//gmapping/gridfastslam/motionmodel.h
[10.927s] -- Symlinking: /home/rover/kameyama_ws/install/openslam_gmapping/include//gmapping/log/configuration.h
[10.927s] -- Symlinking: /home/rover/kameyama_ws/install/openslam_gmapping/include//gmapping/log/sensorlog.h
[10.927s] -- Symlinking: /home/rover/kameyama_ws/install/openslam_gmapping/include//gmapping/particlefilter/particlefilter.h
[10.927s] -- Symlinking: /home/rover/kameyama_ws/install/openslam_gmapping/include//gmapping/scanmatcher/icp.h
[10.927s] -- Symlinking: /home/rover/kameyama_ws/install/openslam_gmapping/include//gmapping/scanmatcher/scanmatcher.h
[10.927s] -- Symlinking: /home/rover/kameyama_ws/install/openslam_gmapping/include//gmapping/scanmatcher/smmap.h
[10.927s] -- Symlinking: /home/rover/kameyama_ws/install/openslam_gmapping/include//gmapping/sensor/sensor_base/sensor.h
[10.927s] -- Symlinking: /home/rover/kameyama_ws/install/openslam_gmapping/include//gmapping/sensor/sensor_base/sensorreading.h
[10.927s] -- Symlinking: /home/rover/kameyama_ws/install/openslam_gmapping/include//gmapping/sensor/sensor_odometry/odometryreading.h
[10.927s] -- Symlinking: /home/rover/kameyama_ws/install/openslam_gmapping/include//gmapping/sensor/sensor_odometry/odometrysensor.h
[10.927s] -- Symlinking: /home/rover/kameyama_ws/install/openslam_gmapping/include//gmapping/sensor/sensor_range/rangereading.h
[10.927s] -- Symlinking: /home/rover/kameyama_ws/install/openslam_gmapping/include//gmapping/sensor/sensor_range/rangesensor.h
[10.927s] -- Symlinking: /home/rover/kameyama_ws/install/openslam_gmapping/include//gmapping/utils/autoptr.h
[10.928s] -- Symlinking: /home/rover/kameyama_ws/install/openslam_gmapping/include//gmapping/utils/commandline.h
[10.928s] -- Symlinking: /home/rover/kameyama_ws/install/openslam_gmapping/include//gmapping/utils/gvalues.h
[10.928s] -- Symlinking: /home/rover/kameyama_ws/install/openslam_gmapping/include//gmapping/utils/macro_params.h
[10.928s] -- Symlinking: /home/rover/kameyama_ws/install/openslam_gmapping/include//gmapping/utils/point.h
[10.928s] -- Symlinking: /home/rover/kameyama_ws/install/openslam_gmapping/include//gmapping/utils/stat.h
[10.928s] -- Symlinking: /home/rover/kameyama_ws/install/openslam_gmapping/share/ament_index/resource_index/package_run_dependencies/openslam_gmapping
[10.928s] -- Symlinking: /home/rover/kameyama_ws/install/openslam_gmapping/share/ament_index/resource_index/parent_prefix_path/openslam_gmapping
[10.928s] -- Symlinking: /home/rover/kameyama_ws/install/openslam_gmapping/share/openslam_gmapping/environment/ament_prefix_path.sh
[10.928s] -- Symlinking: /home/rover/kameyama_ws/install/openslam_gmapping/share/openslam_gmapping/environment/ament_prefix_path.dsv
[10.928s] -- Symlinking: /home/rover/kameyama_ws/install/openslam_gmapping/share/openslam_gmapping/environment/path.sh
[10.928s] -- Symlinking: /home/rover/kameyama_ws/install/openslam_gmapping/share/openslam_gmapping/environment/path.dsv
[10.928s] -- Symlinking: /home/rover/kameyama_ws/install/openslam_gmapping/share/openslam_gmapping/local_setup.bash
[10.928s] -- Symlinking: /home/rover/kameyama_ws/install/openslam_gmapping/share/openslam_gmapping/local_setup.sh
[10.928s] -- Symlinking: /home/rover/kameyama_ws/install/openslam_gmapping/share/openslam_gmapping/local_setup.zsh
[10.928s] -- Symlinking: /home/rover/kameyama_ws/install/openslam_gmapping/share/openslam_gmapping/local_setup.dsv
[10.928s] -- Symlinking: /home/rover/kameyama_ws/install/openslam_gmapping/share/openslam_gmapping/package.dsv
[10.928s] -- Symlinking: /home/rover/kameyama_ws/install/openslam_gmapping/share/ament_index/resource_index/packages/openslam_gmapping
[10.928s] -- Symlinking: /home/rover/kameyama_ws/install/openslam_gmapping/share/openslam_gmapping/cmake/ament_cmake_export_libraries-extras.cmake
[10.928s] -- Symlinking: /home/rover/kameyama_ws/install/openslam_gmapping/share/openslam_gmapping/cmake/ament_cmake_export_include_directories-extras.cmake
[10.928s] -- Symlinking: /home/rover/kameyama_ws/install/openslam_gmapping/share/openslam_gmapping/cmake/openslam_gmappingConfig.cmake
[10.928s] -- Symlinking: /home/rover/kameyama_ws/install/openslam_gmapping/share/openslam_gmapping/cmake/openslam_gmappingConfig-version.cmake
[10.928s] -- Symlinking: /home/rover/kameyama_ws/install/openslam_gmapping/share/openslam_gmapping/package.xml
[10.961s] Invoked command in '/home/rover/kameyama_ws/build/openslam_gmapping' returned '0': CMAKE_PREFIX_PATH=${CMAKE_PREFIX_PATH}:/home/rover/amir_basic_ws/install/nav2_simple_commander:/home/rover/amir_basic_ws/install/camera_calibration:/opt/ros/humble /usr/bin/cmake --install /home/rover/kameyama_ws/build/openslam_gmapping
