[0.457s] Invoking command in '/home/das-note-021/amir_kameyama_ws/build/ros2_behavior_tree': CMAKE_PREFIX_PATH=/home/das-note-021/amir_kameyama_ws/install/failure_detection_msgs:/home/das-note-021/amir_kameyama_ws/install/observation_msgs:/home/das-note-021/amir_kameyama_ws/install/my_nav_msgs:/home/das-note-021/amir_kameyama_ws/install/behavior_tree_msgs:/home/das-note-021/amir_kameyama_ws/install/ar_track_alvar_msgs:/home/das-note-021/amir_kameyama_ws/install/rviz_utility:/home/das-note-021/amir_kameyama_ws/install/ros2_behavior_tree:/home/das-note-021/amir_kameyama_ws/install/observation:/home/das-note-021/amir_kameyama_ws/install/my_utility:/home/das-note-021/amir_kameyama_ws/install/mecanum_navigation2:/home/das-note-021/amir_kameyama_ws/install/amir_operation:/home/das-note-021/amir_kameyama_ws/install/line_msg:/home/das-note-021/amir_kameyama_ws/install/joint_state_publisher_tutorial:/home/das-note-021/amir_kameyama_ws/install/bebop_msgs:/home/das-note-021/amir_kameyama_ws/install/amir_navigation:/home/das-note-021/kameyama_ws/install/slam_toolbox:/home/das-note-021/kameyama_ws/install/slam_gmapping:/home/das-note-021/kameyama_ws/install/rviz_utility:/home/das-note-021/kameyama_ws/install/ros2_behavior_tree:/home/das-note-021/kameyama_ws/install/amir_operation:/home/das-note-021/kameyama_ws/install/ros2_aruco_interfaces:/home/das-note-021/kameyama_ws/install/openslam_gmapping:/home/das-note-021/kameyama_ws/install/observation:/home/das-note-021/kameyama_ws/install/observation_msgs:/home/das-note-021/kameyama_ws/install/my_utility:/home/das-note-021/kameyama_ws/install/failure_detection_msgs:/home/das-note-021/kameyama_ws/install/my_nav_msgs:/home/das-note-021/kameyama_ws/install/mecanum_navigation2:/home/das-note-021/kameyama_ws/install/littleslam_ros2:/home/das-note-021/kameyama_ws/install/line_msg:/home/das-note-021/kameyama_ws/install/joint_state_publisher_tutorial:/home/das-note-021/kameyama_ws/install/emcl2:/home/das-note-021/kameyama_ws/install/behavior_tree_msgs:/home/das-note-021/kameyama_ws/install/bebop_msgs:/home/das-note-021/kameyama_ws/install/amir_navigation:/home/das-note-021/amir_basic_ws/install/realsense2_description:/home/das-note-021/amir_basic_ws/install/realsense2_camera:/home/das-note-021/amir_basic_ws/install/realsense2_camera_msgs:/home/das-note-021/amir_basic_ws/install/darknet_ros:/home/das-note-021/amir_basic_ws/install/darknet_ros_msgs:/home/das-note-021/amir_basic_ws/install/amir_interfaces:/home/das-note-021/amir_kameyama_ws/install/failure_detection:/home/das-note-021/amir_kameyama_ws/install/bt_generator:/home/das-note-021/kameyama_ws/install/ros2_aruco:/home/das-note-021/kameyama_ws/install/failure_detection:/home/das-note-021/kameyama_ws/install/bt_generator:/opt/ros/humble LD_LIBRARY_PATH=/home/das-note-021/amir_kameyama_ws/install/failure_detection_msgs/lib:/home/das-note-021/amir_kameyama_ws/install/observation_msgs/lib:/home/das-note-021/amir_kameyama_ws/install/my_nav_msgs/lib:/home/das-note-021/amir_kameyama_ws/install/behavior_tree_msgs/lib:/home/das-note-021/amir_kameyama_ws/install/ar_track_alvar_msgs/lib:/home/das-note-021/amir_kameyama_ws/install/ros2_behavior_tree/lib:/home/das-note-021/amir_kameyama_ws/install/line_msg/lib:/home/das-note-021/amir_kameyama_ws/install/bebop_msgs/lib:/home/das-note-021/kameyama_ws/install/slam_toolbox/lib:/home/das-note-021/kameyama_ws/install/ros2_behavior_tree/lib:/home/das-note-021/kameyama_ws/install/ros2_aruco_interfaces/lib:/home/das-note-021/kameyama_ws/install/openslam_gmapping/lib:/home/das-note-021/kameyama_ws/install/observation_msgs/lib:/home/das-note-021/kameyama_ws/install/failure_detection_msgs/lib:/home/das-note-021/kameyama_ws/install/my_nav_msgs/lib:/home/das-note-021/kameyama_ws/install/littleslam_ros2/lib:/home/das-note-021/kameyama_ws/install/line_msg/lib:/home/das-note-021/kameyama_ws/install/behavior_tree_msgs/lib:/home/das-note-021/kameyama_ws/install/bebop_msgs/lib:/home/das-note-021/amir_basic_ws/install/realsense2_camera/lib:/home/das-note-021/amir_basic_ws/install/realsense2_camera_msgs/lib:/home/das-note-021/amir_basic_ws/install/darknet_ros/lib:/home/das-note-021/amir_basic_ws/install/darknet_ros_msgs/lib:/home/das-note-021/amir_basic_ws/install/amir_interfaces/lib:/usr/lib/x86_64-linux-gnu/gazebo-11/plugins:/opt/ros/humble/opt/rviz_ogre_vendor/lib:/opt/ros/humble/lib/x86_64-linux-gnu:/opt/ros/humble/lib:/usr/local/cuda/lib64 /usr/bin/cmake /home/das-note-021/amir_kameyama_ws/src/ros2_behavior_tree/ros2_behavior_tree -DAMENT_CMAKE_SYMLINK_INSTALL=1 -DCMAKE_INSTALL_PREFIX=/home/das-note-021/amir_kameyama_ws/install/ros2_behavior_tree
[0.555s] -- The C compiler identification is GNU 11.4.0
[0.632s] -- The CXX compiler identification is GNU 11.4.0
[0.644s] -- Detecting C compiler ABI info
[0.756s] -- Detecting C compiler ABI info - done
[0.765s] -- Check for working C compiler: /usr/bin/cc - skipped
[0.766s] -- Detecting C compile features
[0.766s] -- Detecting C compile features - done
[0.770s] -- Detecting CXX compiler ABI info
[0.882s] -- Detecting CXX compiler ABI info - done
[0.892s] -- Check for working CXX compiler: /usr/bin/c++ - skipped
[0.892s] -- Detecting CXX compile features
[0.893s] -- Detecting CXX compile features - done
[0.899s] -- Found ament_cmake: 1.3.11 (/opt/ros/humble/share/ament_cmake/cmake)
[1.156s] -- Found Python3: /usr/bin/python3 (found version "3.10.12") found components: Interpreter 
[1.257s] -- Override CMake install command with custom implementation using symlinks instead of copying resources
[1.389s] -- Found builtin_interfaces: 1.2.1 (/opt/ros/humble/share/builtin_interfaces/cmake)
[1.491s] -- Found rosidl_generator_c: 3.1.6 (/opt/ros/humble/share/rosidl_generator_c/cmake)
[1.511s] -- Found rosidl_adapter: 3.1.6 (/opt/ros/humble/share/rosidl_adapter/cmake)
[1.536s] -- Found rosidl_generator_cpp: 3.1.6 (/opt/ros/humble/share/rosidl_generator_cpp/cmake)
[1.570s] -- Using all available rosidl_typesupport_c: rosidl_typesupport_fastrtps_c;rosidl_typesupport_introspection_c
[1.616s] -- Using all available rosidl_typesupport_cpp: rosidl_typesupport_fastrtps_cpp;rosidl_typesupport_introspection_cpp
[1.656s] -- Found geometry_msgs: 4.9.0 (/opt/ros/humble/share/geometry_msgs/cmake)
[1.700s] -- Found rclcpp_action: 16.0.12 (/opt/ros/humble/share/rclcpp_action/cmake)
[1.834s] -- Found rmw_implementation_cmake: 6.1.2 (/opt/ros/humble/share/rmw_implementation_cmake/cmake)
[1.843s] -- Found rmw_cyclonedds_cpp: 1.3.4 (/opt/ros/humble/share/rmw_cyclonedds_cpp/cmake)
[1.893s] -- Using RMW implementation 'rmw_cyclonedds_cpp' as default
[1.915s] -- Looking for pthread.h
[2.034s] -- Looking for pthread.h - found
[2.034s] -- Performing Test CMAKE_HAVE_LIBC_PTHREAD
[2.143s] -- Performing Test CMAKE_HAVE_LIBC_PTHREAD - Success
[2.144s] -- Found Threads: TRUE  
[2.244s] -- Found rclcpp_lifecycle: 16.0.12 (/opt/ros/humble/share/rclcpp_lifecycle/cmake)
[2.285s] -- Found behavior_tree_msgs: 0.1.0 (/home/das-note-021/amir_kameyama_ws/install/behavior_tree_msgs/share/behavior_tree_msgs/cmake)
[2.597s] -- Found std_srvs: 4.9.0 (/opt/ros/humble/share/std_srvs/cmake)
[2.610s] -- Found tf2: 0.25.13 (/opt/ros/humble/share/tf2/cmake)
[2.626s] -- Found tf2_geometry_msgs: 0.25.13 (/opt/ros/humble/share/tf2_geometry_msgs/cmake)
[2.652s] -- Found eigen3_cmake_module: 0.1.1 (/opt/ros/humble/share/eigen3_cmake_module/cmake)
[2.653s] -- Found Eigen3: TRUE (found version "3.4.0") 
[2.653s] -- Ensuring Eigen3 include directory is part of orocos-kdl CMake target
[2.731s] -- Found example_interfaces: 0.9.3 (/opt/ros/humble/share/example_interfaces/cmake)
[2.749s] -- Found visualization_msgs: 4.9.0 (/opt/ros/humble/share/visualization_msgs/cmake)
[2.772s] -- Found nav2_behavior_tree: 1.1.18 (/opt/ros/humble/share/nav2_behavior_tree/cmake)
[2.841s] -- Found observation_msgs: 0.1.0 (/home/das-note-021/amir_kameyama_ws/install/observation_msgs/share/observation_msgs/cmake)
[2.871s] -- Found my_nav_msgs: 0.1.0 (/home/das-note-021/amir_kameyama_ws/install/my_nav_msgs/share/my_nav_msgs/cmake)
[2.896s] -- Found failure_detection_msgs: 0.0.0 (/home/das-note-021/amir_kameyama_ws/install/failure_detection_msgs/share/failure_detection_msgs/cmake)
[4.242s] -- Found ament_lint_auto: 0.12.12 (/opt/ros/humble/share/ament_lint_auto/cmake)
[4.391s] -- Found ament_cmake_gtest: 1.3.11 (/opt/ros/humble/share/ament_cmake_gtest/cmake)
[4.401s] -- Found gtest sources under '/opt/ros/humble/src/gtest_vendor': C++ tests using 'Google Test' will be built
[4.852s] -- Added test 'copyright' to check source files copyright and LICENSE
[4.858s] -- Added test 'cppcheck' to perform static code analysis on C / C++ code
[4.861s] -- Configured cppcheck include dirs: /home/das-note-021/amir_kameyama_ws/src/ros2_behavior_tree/ros2_behavior_tree/include
[4.862s] -- Configured cppcheck exclude dirs and/or files: 
[4.867s] -- Added test 'cpplint' to check C / C++ code against the Google style
[4.867s] -- Configured cpplint exclude dirs and/or files: 
[4.869s] -- Added test 'flake8' to check Python code syntax and style conventions
[4.871s] -- Added test 'lint_cmake' to check CMake code style
[4.873s] -- Added test 'pep257' to check Python code against some of the docstring style conventions in PEP 257
[4.878s] -- Added test 'uncrustify' to check C / C++ code style
[4.878s] -- Configured uncrustify additional arguments: 
[4.880s] -- Added test 'xmllint' to check XML markup files
[4.884s] -- Configuring done
[5.559s] -- Generating done
[5.655s] -- Build files have been written to: /home/das-note-021/amir_kameyama_ws/build/ros2_behavior_tree
[5.674s] Invoked command in '/home/das-note-021/amir_kameyama_ws/build/ros2_behavior_tree' returned '0': CMAKE_PREFIX_PATH=/home/das-note-021/amir_kameyama_ws/install/failure_detection_msgs:/home/das-note-021/amir_kameyama_ws/install/observation_msgs:/home/das-note-021/amir_kameyama_ws/install/my_nav_msgs:/home/das-note-021/amir_kameyama_ws/install/behavior_tree_msgs:/home/das-note-021/amir_kameyama_ws/install/ar_track_alvar_msgs:/home/das-note-021/amir_kameyama_ws/install/rviz_utility:/home/das-note-021/amir_kameyama_ws/install/ros2_behavior_tree:/home/das-note-021/amir_kameyama_ws/install/observation:/home/das-note-021/amir_kameyama_ws/install/my_utility:/home/das-note-021/amir_kameyama_ws/install/mecanum_navigation2:/home/das-note-021/amir_kameyama_ws/install/amir_operation:/home/das-note-021/amir_kameyama_ws/install/line_msg:/home/das-note-021/amir_kameyama_ws/install/joint_state_publisher_tutorial:/home/das-note-021/amir_kameyama_ws/install/bebop_msgs:/home/das-note-021/amir_kameyama_ws/install/amir_navigation:/home/das-note-021/kameyama_ws/install/slam_toolbox:/home/das-note-021/kameyama_ws/install/slam_gmapping:/home/das-note-021/kameyama_ws/install/rviz_utility:/home/das-note-021/kameyama_ws/install/ros2_behavior_tree:/home/das-note-021/kameyama_ws/install/amir_operation:/home/das-note-021/kameyama_ws/install/ros2_aruco_interfaces:/home/das-note-021/kameyama_ws/install/openslam_gmapping:/home/das-note-021/kameyama_ws/install/observation:/home/das-note-021/kameyama_ws/install/observation_msgs:/home/das-note-021/kameyama_ws/install/my_utility:/home/das-note-021/kameyama_ws/install/failure_detection_msgs:/home/das-note-021/kameyama_ws/install/my_nav_msgs:/home/das-note-021/kameyama_ws/install/mecanum_navigation2:/home/das-note-021/kameyama_ws/install/littleslam_ros2:/home/das-note-021/kameyama_ws/install/line_msg:/home/das-note-021/kameyama_ws/install/joint_state_publisher_tutorial:/home/das-note-021/kameyama_ws/install/emcl2:/home/das-note-021/kameyama_ws/install/behavior_tree_msgs:/home/das-note-021/kameyama_ws/install/bebop_msgs:/home/das-note-021/kameyama_ws/install/amir_navigation:/home/das-note-021/amir_basic_ws/install/realsense2_description:/home/das-note-021/amir_basic_ws/install/realsense2_camera:/home/das-note-021/amir_basic_ws/install/realsense2_camera_msgs:/home/das-note-021/amir_basic_ws/install/darknet_ros:/home/das-note-021/amir_basic_ws/install/darknet_ros_msgs:/home/das-note-021/amir_basic_ws/install/amir_interfaces:/home/das-note-021/amir_kameyama_ws/install/failure_detection:/home/das-note-021/amir_kameyama_ws/install/bt_generator:/home/das-note-021/kameyama_ws/install/ros2_aruco:/home/das-note-021/kameyama_ws/install/failure_detection:/home/das-note-021/kameyama_ws/install/bt_generator:/opt/ros/humble LD_LIBRARY_PATH=/home/das-note-021/amir_kameyama_ws/install/failure_detection_msgs/lib:/home/das-note-021/amir_kameyama_ws/install/observation_msgs/lib:/home/das-note-021/amir_kameyama_ws/install/my_nav_msgs/lib:/home/das-note-021/amir_kameyama_ws/install/behavior_tree_msgs/lib:/home/das-note-021/amir_kameyama_ws/install/ar_track_alvar_msgs/lib:/home/das-note-021/amir_kameyama_ws/install/ros2_behavior_tree/lib:/home/das-note-021/amir_kameyama_ws/install/line_msg/lib:/home/das-note-021/amir_kameyama_ws/install/bebop_msgs/lib:/home/das-note-021/kameyama_ws/install/slam_toolbox/lib:/home/das-note-021/kameyama_ws/install/ros2_behavior_tree/lib:/home/das-note-021/kameyama_ws/install/ros2_aruco_interfaces/lib:/home/das-note-021/kameyama_ws/install/openslam_gmapping/lib:/home/das-note-021/kameyama_ws/install/observation_msgs/lib:/home/das-note-021/kameyama_ws/install/failure_detection_msgs/lib:/home/das-note-021/kameyama_ws/install/my_nav_msgs/lib:/home/das-note-021/kameyama_ws/install/littleslam_ros2/lib:/home/das-note-021/kameyama_ws/install/line_msg/lib:/home/das-note-021/kameyama_ws/install/behavior_tree_msgs/lib:/home/das-note-021/kameyama_ws/install/bebop_msgs/lib:/home/das-note-021/amir_basic_ws/install/realsense2_camera/lib:/home/das-note-021/amir_basic_ws/install/realsense2_camera_msgs/lib:/home/das-note-021/amir_basic_ws/install/darknet_ros/lib:/home/das-note-021/amir_basic_ws/install/darknet_ros_msgs/lib:/home/das-note-021/amir_basic_ws/install/amir_interfaces/lib:/usr/lib/x86_64-linux-gnu/gazebo-11/plugins:/opt/ros/humble/opt/rviz_ogre_vendor/lib:/opt/ros/humble/lib/x86_64-linux-gnu:/opt/ros/humble/lib:/usr/local/cuda/lib64 /usr/bin/cmake /home/das-note-021/amir_kameyama_ws/src/ros2_behavior_tree/ros2_behavior_tree -DAMENT_CMAKE_SYMLINK_INSTALL=1 -DCMAKE_INSTALL_PREFIX=/home/das-note-021/amir_kameyama_ws/install/ros2_behavior_tree
[5.677s] Invoking command in '/home/das-note-021/amir_kameyama_ws/build/ros2_behavior_tree': CMAKE_PREFIX_PATH=/home/das-note-021/amir_kameyama_ws/install/failure_detection_msgs:/home/das-note-021/amir_kameyama_ws/install/observation_msgs:/home/das-note-021/amir_kameyama_ws/install/my_nav_msgs:/home/das-note-021/amir_kameyama_ws/install/behavior_tree_msgs:/home/das-note-021/amir_kameyama_ws/install/ar_track_alvar_msgs:/home/das-note-021/amir_kameyama_ws/install/rviz_utility:/home/das-note-021/amir_kameyama_ws/install/ros2_behavior_tree:/home/das-note-021/amir_kameyama_ws/install/observation:/home/das-note-021/amir_kameyama_ws/install/my_utility:/home/das-note-021/amir_kameyama_ws/install/mecanum_navigation2:/home/das-note-021/amir_kameyama_ws/install/amir_operation:/home/das-note-021/amir_kameyama_ws/install/line_msg:/home/das-note-021/amir_kameyama_ws/install/joint_state_publisher_tutorial:/home/das-note-021/amir_kameyama_ws/install/bebop_msgs:/home/das-note-021/amir_kameyama_ws/install/amir_navigation:/home/das-note-021/kameyama_ws/install/slam_toolbox:/home/das-note-021/kameyama_ws/install/slam_gmapping:/home/das-note-021/kameyama_ws/install/rviz_utility:/home/das-note-021/kameyama_ws/install/ros2_behavior_tree:/home/das-note-021/kameyama_ws/install/amir_operation:/home/das-note-021/kameyama_ws/install/ros2_aruco_interfaces:/home/das-note-021/kameyama_ws/install/openslam_gmapping:/home/das-note-021/kameyama_ws/install/observation:/home/das-note-021/kameyama_ws/install/observation_msgs:/home/das-note-021/kameyama_ws/install/my_utility:/home/das-note-021/kameyama_ws/install/failure_detection_msgs:/home/das-note-021/kameyama_ws/install/my_nav_msgs:/home/das-note-021/kameyama_ws/install/mecanum_navigation2:/home/das-note-021/kameyama_ws/install/littleslam_ros2:/home/das-note-021/kameyama_ws/install/line_msg:/home/das-note-021/kameyama_ws/install/joint_state_publisher_tutorial:/home/das-note-021/kameyama_ws/install/emcl2:/home/das-note-021/kameyama_ws/install/behavior_tree_msgs:/home/das-note-021/kameyama_ws/install/bebop_msgs:/home/das-note-021/kameyama_ws/install/amir_navigation:/home/das-note-021/amir_basic_ws/install/realsense2_description:/home/das-note-021/amir_basic_ws/install/realsense2_camera:/home/das-note-021/amir_basic_ws/install/realsense2_camera_msgs:/home/das-note-021/amir_basic_ws/install/darknet_ros:/home/das-note-021/amir_basic_ws/install/darknet_ros_msgs:/home/das-note-021/amir_basic_ws/install/amir_interfaces:/home/das-note-021/amir_kameyama_ws/install/failure_detection:/home/das-note-021/amir_kameyama_ws/install/bt_generator:/home/das-note-021/kameyama_ws/install/ros2_aruco:/home/das-note-021/kameyama_ws/install/failure_detection:/home/das-note-021/kameyama_ws/install/bt_generator:/opt/ros/humble LD_LIBRARY_PATH=/home/das-note-021/amir_kameyama_ws/install/failure_detection_msgs/lib:/home/das-note-021/amir_kameyama_ws/install/observation_msgs/lib:/home/das-note-021/amir_kameyama_ws/install/my_nav_msgs/lib:/home/das-note-021/amir_kameyama_ws/install/behavior_tree_msgs/lib:/home/das-note-021/amir_kameyama_ws/install/ar_track_alvar_msgs/lib:/home/das-note-021/amir_kameyama_ws/install/ros2_behavior_tree/lib:/home/das-note-021/amir_kameyama_ws/install/line_msg/lib:/home/das-note-021/amir_kameyama_ws/install/bebop_msgs/lib:/home/das-note-021/kameyama_ws/install/slam_toolbox/lib:/home/das-note-021/kameyama_ws/install/ros2_behavior_tree/lib:/home/das-note-021/kameyama_ws/install/ros2_aruco_interfaces/lib:/home/das-note-021/kameyama_ws/install/openslam_gmapping/lib:/home/das-note-021/kameyama_ws/install/observation_msgs/lib:/home/das-note-021/kameyama_ws/install/failure_detection_msgs/lib:/home/das-note-021/kameyama_ws/install/my_nav_msgs/lib:/home/das-note-021/kameyama_ws/install/littleslam_ros2/lib:/home/das-note-021/kameyama_ws/install/line_msg/lib:/home/das-note-021/kameyama_ws/install/behavior_tree_msgs/lib:/home/das-note-021/kameyama_ws/install/bebop_msgs/lib:/home/das-note-021/amir_basic_ws/install/realsense2_camera/lib:/home/das-note-021/amir_basic_ws/install/realsense2_camera_msgs/lib:/home/das-note-021/amir_basic_ws/install/darknet_ros/lib:/home/das-note-021/amir_basic_ws/install/darknet_ros_msgs/lib:/home/das-note-021/amir_basic_ws/install/amir_interfaces/lib:/usr/lib/x86_64-linux-gnu/gazebo-11/plugins:/opt/ros/humble/opt/rviz_ogre_vendor/lib:/opt/ros/humble/lib/x86_64-linux-gnu:/opt/ros/humble/lib:/usr/local/cuda/lib64 /usr/bin/cmake --build /home/das-note-021/amir_kameyama_ws/build/ros2_behavior_tree -- -j22 -l22
[5.749s] [  2%] [32mBuilding CXX object tests/CMakeFiles/custom_test_nodes.dir/src/test_node_registrar.cpp.o[0m
[5.750s] [  4%] [32mBuilding CXX object gtest/CMakeFiles/gtest.dir/src/gtest-all.cc.o[0m
[5.752s] [  6%] [32mBuilding CXX object CMakeFiles/ros2_behavior_tree_nodes.dir/src/node_registrar.cpp.o[0m
[5.752s] [  8%] [32mBuilding CXX object gtest/CMakeFiles/gtest_main.dir/src/gtest_main.cc.o[0m
[5.756s] [ 10%] [32mBuilding CXX object CMakeFiles/ros2_behavior_tree_nodes.dir/src/pure_pursuit_node.cpp.o[0m
[5.756s] [ 14%] [32mBuilding CXX object CMakeFiles/ros2_behavior_tree.dir/src/bt_status_pub.cpp.o[0m
[5.756s] [ 14%] [32mBuilding CXX object CMakeFiles/ros2_behavior_tree.dir/src/behavior_tree.cpp.o[0m
[5.757s] [ 17%] [32mBuilding CXX object CMakeFiles/example_custom_nodes.dir/examples/custom_nodes/sample_bt_node_registrar.cpp.o[0m
[6.267s] In file included from [01m[K/home/das-note-021/amir_kameyama_ws/src/ros2_behavior_tree/ros2_behavior_tree/include/ros2_behavior_tree/action/create_transform_buffer_node.hpp:27[m[K,
[6.267s]                  from [01m[K/home/das-note-021/amir_kameyama_ws/src/ros2_behavior_tree/ros2_behavior_tree/src/node_registrar.cpp:22[m[K:
[6.267s] [01m[K/opt/ros/humble/include/tf2_geometry_msgs/tf2_geometry_msgs/tf2_geometry_msgs.h:35:2:[m[K [01;35m[Kwarning: [m[K#warning This header is obsolete, please include tf2_geometry_msgs/tf2_geometry_msgs.hpp instead [[01;35m[K]8;;https://gcc.gnu.org/onlinedocs/gcc/Warning-Options.html#index-Wcpp-Wcpp]8;;[m[K]
[6.267s]    35 | #[01;35m[Kwarning[m[K This header is obsolete, please include tf2_geometry_msgs/tf2_geometry_msgs.hpp instead
[6.267s]       |  [01;35m[K^~~~~~~[m[K
[6.742s] [ 19%] [32m[1mLinking CXX static library libgtest_main.a[0m
[6.790s] [ 19%] Built target gtest_main
[7.319s] [ 21%] [32m[1mLinking CXX shared library libexample_custom_nodes.so[0m
[7.571s] [ 21%] Built target example_custom_nodes
[9.297s] [ 23%] [32m[1mLinking CXX static library libgtest.a[0m
[9.367s] [ 23%] Built target gtest
[10.327s] [ 25%] [32m[1mLinking CXX shared library libros2_behavior_tree.so[0m
[10.655s] [ 25%] Built target ros2_behavior_tree
[10.681s] [ 29%] [32mBuilding CXX object CMakeFiles/node.dir/examples/node/main.cpp.o[0m
[10.682s] [ 29%] [32mBuilding CXX object CMakeFiles/bt_executor.dir/src/bt_executor.cpp.o[0m
[10.683s] [ 31%] [32mBuilding CXX object CMakeFiles/node.dir/examples/node/sample_node.cpp.o[0m
[10.683s] [ 34%] [32mBuilding CXX object CMakeFiles/action_server_node.dir/examples/action_server_node/sample_action_server_node.cpp.o[0m
[10.683s] [ 36%] [32mBuilding CXX object CMakeFiles/custom_nodes.dir/examples/custom_nodes/sample_node.cpp.o[0m
[10.683s] [ 38%] [32mBuilding CXX object CMakeFiles/action_server_lifecycle_node.dir/examples/action_server_lifecycle_node/main.cpp.o[0m
[10.685s] [ 42%] [32mBuilding CXX object CMakeFiles/minimal.dir/examples/minimal/main.cpp.o[0m
[10.685s] [ 42%] [32mBuilding CXX object CMakeFiles/bt_executor_bebop.dir/src/bt_executor_bebop.cpp.o[0m
[10.685s] [ 44%] [32mBuilding CXX object CMakeFiles/custom_nodes.dir/examples/custom_nodes/main.cpp.o[0m
[10.685s] [ 46%] [32mBuilding CXX object CMakeFiles/action_server_lifecycle_node.dir/examples/action_server_lifecycle_node/sample_action_server_lifecycle_node.cpp.o[0m
[10.687s] [ 48%] [32mBuilding CXX object CMakeFiles/action_server_node.dir/examples/action_server_node/main.cpp.o[0m
[10.687s] [ 51%] [32mBuilding CXX object CMakeFiles/lifecycle_node.dir/examples/lifecycle_node/main.cpp.o[0m
[10.687s] [ 53%] [32mBuilding CXX object CMakeFiles/lifecycle_node.dir/examples/lifecycle_node/sample_lifecycle_node.cpp.o[0m
[14.017s] [ 55%] [32m[1mLinking CXX shared library libcustom_test_nodes.so[0m
[14.871s] [ 55%] Built target custom_test_nodes
[17.077s] [ 57%] [32m[1mLinking CXX executable minimal[0m
[17.158s] [ 59%] [32m[1mLinking CXX executable custom_nodes[0m
[17.464s] [ 59%] Built target minimal
[17.666s] [ 61%] [32m[1mLinking CXX executable lifecycle_node[0m
[17.684s] [ 61%] Built target custom_nodes
[17.788s] [ 63%] [32m[1mLinking CXX executable node[0m
[17.789s] [ 65%] [32m[1mLinking CXX executable action_server_node[0m
[18.165s] [ 65%] Built target lifecycle_node
[18.200s] [ 65%] Built target node
[18.274s] [ 68%] [32m[1mLinking CXX executable action_server_lifecycle_node[0m
[18.359s] [ 68%] Built target action_server_node
[18.770s] [ 68%] Built target action_server_lifecycle_node
[24.382s] [ 70%] [32m[1mLinking CXX executable bt_executor[0m
[25.075s] [ 72%] [32m[1mLinking CXX executable bt_executor_bebop[0m
[25.501s] [ 72%] Built target bt_executor
[26.149s] [ 72%] Built target bt_executor_bebop
[26.828s] In file included from [01m[K/home/das-note-021/amir_kameyama_ws/src/ros2_behavior_tree/ros2_behavior_tree/src/node_registrar.cpp:79[m[K:
[26.828s] [01m[K/home/das-note-021/amir_kameyama_ws/src/ros2_behavior_tree/ros2_behavior_tree/include/ros2_behavior_tree/condition/mecanum_check_space.hpp:[m[K In member function ‘[01m[Kvirtual BT::NodeStatus ros2_behavior_tree::MecanumCheckSpace::tick()[m[K’:
[26.828s] [01m[K/home/das-note-021/amir_kameyama_ws/src/ros2_behavior_tree/ros2_behavior_tree/include/ros2_behavior_tree/condition/mecanum_check_space.hpp:266:3:[m[K [01;35m[Kwarning: [m[Kcontrol reaches end of non-void function [[01;35m[K]8;;https://gcc.gnu.org/onlinedocs/gcc/Warning-Options.html#index-Wreturn-type-Wreturn-type]8;;[m[K]
[26.828s]   266 |   [01;35m[K}[m[K
[26.828s]       |   [01;35m[K^[m[K
[40.712s] [ 74%] [32m[1mLinking CXX shared library libros2_behavior_tree_nodes.so[0m
[43.788s] [ 74%] Built target ros2_behavior_tree_nodes
[43.809s] [ 78%] [32mBuilding CXX object tests/CMakeFiles/test_ros2_behavior_tree_nodes.dir/test_repeat_until.cpp.o[0m
[43.809s] [ 78%] [32mBuilding CXX object tests/CMakeFiles/test_ros2_behavior_tree_nodes.dir/test_forever.cpp.o[0m
[43.810s] [ 80%] [32mBuilding CXX object tests/CMakeFiles/test_ros2_behavior_tree_nodes.dir/test_round_robin.cpp.o[0m
[43.811s] [ 82%] [32mBuilding CXX object tests/CMakeFiles/test_ros2_service_client.dir/test_ros2_service_client.cpp.o[0m
[43.811s] [ 85%] [32mBuilding CXX object tests/CMakeFiles/test_ros2_behavior_tree_nodes.dir/test_throttle_tick_count.cpp.o[0m
[43.811s] [ 87%] [32mBuilding CXX object tests/CMakeFiles/test_ros2_behavior_tree_nodes.dir/test_recovery.cpp.o[0m
[43.812s] [ 89%] [32mBuilding CXX object tests/CMakeFiles/test_ros2_behavior_tree_nodes.dir/test_async_wait.cpp.o[0m
[43.812s] [ 91%] [32mBuilding CXX object tests/CMakeFiles/test_ros2_behavior_tree_nodes.dir/test_first_result.cpp.o[0m
[43.816s] [ 93%] [32mBuilding CXX object tests/CMakeFiles/test_ros2_action_client.dir/test_ros2_action_client.cpp.o[0m
[45.962s] [ 95%] [32m[1mLinking CXX executable test_ros2_behavior_tree_nodes[0m
[46.637s] [ 95%] Built target test_ros2_behavior_tree_nodes
[48.471s] [ 97%] [32m[1mLinking CXX executable test_ros2_service_client[0m
[49.164s] [ 97%] Built target test_ros2_service_client
[49.237s] [100%] [32m[1mLinking CXX executable test_ros2_action_client[0m
[49.801s] [100%] Built target test_ros2_action_client
[49.809s] Invoked command in '/home/das-note-021/amir_kameyama_ws/build/ros2_behavior_tree' returned '0': CMAKE_PREFIX_PATH=/home/das-note-021/amir_kameyama_ws/install/failure_detection_msgs:/home/das-note-021/amir_kameyama_ws/install/observation_msgs:/home/das-note-021/amir_kameyama_ws/install/my_nav_msgs:/home/das-note-021/amir_kameyama_ws/install/behavior_tree_msgs:/home/das-note-021/amir_kameyama_ws/install/ar_track_alvar_msgs:/home/das-note-021/amir_kameyama_ws/install/rviz_utility:/home/das-note-021/amir_kameyama_ws/install/ros2_behavior_tree:/home/das-note-021/amir_kameyama_ws/install/observation:/home/das-note-021/amir_kameyama_ws/install/my_utility:/home/das-note-021/amir_kameyama_ws/install/mecanum_navigation2:/home/das-note-021/amir_kameyama_ws/install/amir_operation:/home/das-note-021/amir_kameyama_ws/install/line_msg:/home/das-note-021/amir_kameyama_ws/install/joint_state_publisher_tutorial:/home/das-note-021/amir_kameyama_ws/install/bebop_msgs:/home/das-note-021/amir_kameyama_ws/install/amir_navigation:/home/das-note-021/kameyama_ws/install/slam_toolbox:/home/das-note-021/kameyama_ws/install/slam_gmapping:/home/das-note-021/kameyama_ws/install/rviz_utility:/home/das-note-021/kameyama_ws/install/ros2_behavior_tree:/home/das-note-021/kameyama_ws/install/amir_operation:/home/das-note-021/kameyama_ws/install/ros2_aruco_interfaces:/home/das-note-021/kameyama_ws/install/openslam_gmapping:/home/das-note-021/kameyama_ws/install/observation:/home/das-note-021/kameyama_ws/install/observation_msgs:/home/das-note-021/kameyama_ws/install/my_utility:/home/das-note-021/kameyama_ws/install/failure_detection_msgs:/home/das-note-021/kameyama_ws/install/my_nav_msgs:/home/das-note-021/kameyama_ws/install/mecanum_navigation2:/home/das-note-021/kameyama_ws/install/littleslam_ros2:/home/das-note-021/kameyama_ws/install/line_msg:/home/das-note-021/kameyama_ws/install/joint_state_publisher_tutorial:/home/das-note-021/kameyama_ws/install/emcl2:/home/das-note-021/kameyama_ws/install/behavior_tree_msgs:/home/das-note-021/kameyama_ws/install/bebop_msgs:/home/das-note-021/kameyama_ws/install/amir_navigation:/home/das-note-021/amir_basic_ws/install/realsense2_description:/home/das-note-021/amir_basic_ws/install/realsense2_camera:/home/das-note-021/amir_basic_ws/install/realsense2_camera_msgs:/home/das-note-021/amir_basic_ws/install/darknet_ros:/home/das-note-021/amir_basic_ws/install/darknet_ros_msgs:/home/das-note-021/amir_basic_ws/install/amir_interfaces:/home/das-note-021/amir_kameyama_ws/install/failure_detection:/home/das-note-021/amir_kameyama_ws/install/bt_generator:/home/das-note-021/kameyama_ws/install/ros2_aruco:/home/das-note-021/kameyama_ws/install/failure_detection:/home/das-note-021/kameyama_ws/install/bt_generator:/opt/ros/humble LD_LIBRARY_PATH=/home/das-note-021/amir_kameyama_ws/install/failure_detection_msgs/lib:/home/das-note-021/amir_kameyama_ws/install/observation_msgs/lib:/home/das-note-021/amir_kameyama_ws/install/my_nav_msgs/lib:/home/das-note-021/amir_kameyama_ws/install/behavior_tree_msgs/lib:/home/das-note-021/amir_kameyama_ws/install/ar_track_alvar_msgs/lib:/home/das-note-021/amir_kameyama_ws/install/ros2_behavior_tree/lib:/home/das-note-021/amir_kameyama_ws/install/line_msg/lib:/home/das-note-021/amir_kameyama_ws/install/bebop_msgs/lib:/home/das-note-021/kameyama_ws/install/slam_toolbox/lib:/home/das-note-021/kameyama_ws/install/ros2_behavior_tree/lib:/home/das-note-021/kameyama_ws/install/ros2_aruco_interfaces/lib:/home/das-note-021/kameyama_ws/install/openslam_gmapping/lib:/home/das-note-021/kameyama_ws/install/observation_msgs/lib:/home/das-note-021/kameyama_ws/install/failure_detection_msgs/lib:/home/das-note-021/kameyama_ws/install/my_nav_msgs/lib:/home/das-note-021/kameyama_ws/install/littleslam_ros2/lib:/home/das-note-021/kameyama_ws/install/line_msg/lib:/home/das-note-021/kameyama_ws/install/behavior_tree_msgs/lib:/home/das-note-021/kameyama_ws/install/bebop_msgs/lib:/home/das-note-021/amir_basic_ws/install/realsense2_camera/lib:/home/das-note-021/amir_basic_ws/install/realsense2_camera_msgs/lib:/home/das-note-021/amir_basic_ws/install/darknet_ros/lib:/home/das-note-021/amir_basic_ws/install/darknet_ros_msgs/lib:/home/das-note-021/amir_basic_ws/install/amir_interfaces/lib:/usr/lib/x86_64-linux-gnu/gazebo-11/plugins:/opt/ros/humble/opt/rviz_ogre_vendor/lib:/opt/ros/humble/lib/x86_64-linux-gnu:/opt/ros/humble/lib:/usr/local/cuda/lib64 /usr/bin/cmake --build /home/das-note-021/amir_kameyama_ws/build/ros2_behavior_tree -- -j22 -l22
[49.811s] Invoking command in '/home/das-note-021/amir_kameyama_ws/build/ros2_behavior_tree': CMAKE_PREFIX_PATH=/home/das-note-021/amir_kameyama_ws/install/failure_detection_msgs:/home/das-note-021/amir_kameyama_ws/install/observation_msgs:/home/das-note-021/amir_kameyama_ws/install/my_nav_msgs:/home/das-note-021/amir_kameyama_ws/install/behavior_tree_msgs:/home/das-note-021/amir_kameyama_ws/install/ar_track_alvar_msgs:/home/das-note-021/amir_kameyama_ws/install/rviz_utility:/home/das-note-021/amir_kameyama_ws/install/ros2_behavior_tree:/home/das-note-021/amir_kameyama_ws/install/observation:/home/das-note-021/amir_kameyama_ws/install/my_utility:/home/das-note-021/amir_kameyama_ws/install/mecanum_navigation2:/home/das-note-021/amir_kameyama_ws/install/amir_operation:/home/das-note-021/amir_kameyama_ws/install/line_msg:/home/das-note-021/amir_kameyama_ws/install/joint_state_publisher_tutorial:/home/das-note-021/amir_kameyama_ws/install/bebop_msgs:/home/das-note-021/amir_kameyama_ws/install/amir_navigation:/home/das-note-021/kameyama_ws/install/slam_toolbox:/home/das-note-021/kameyama_ws/install/slam_gmapping:/home/das-note-021/kameyama_ws/install/rviz_utility:/home/das-note-021/kameyama_ws/install/ros2_behavior_tree:/home/das-note-021/kameyama_ws/install/amir_operation:/home/das-note-021/kameyama_ws/install/ros2_aruco_interfaces:/home/das-note-021/kameyama_ws/install/openslam_gmapping:/home/das-note-021/kameyama_ws/install/observation:/home/das-note-021/kameyama_ws/install/observation_msgs:/home/das-note-021/kameyama_ws/install/my_utility:/home/das-note-021/kameyama_ws/install/failure_detection_msgs:/home/das-note-021/kameyama_ws/install/my_nav_msgs:/home/das-note-021/kameyama_ws/install/mecanum_navigation2:/home/das-note-021/kameyama_ws/install/littleslam_ros2:/home/das-note-021/kameyama_ws/install/line_msg:/home/das-note-021/kameyama_ws/install/joint_state_publisher_tutorial:/home/das-note-021/kameyama_ws/install/emcl2:/home/das-note-021/kameyama_ws/install/behavior_tree_msgs:/home/das-note-021/kameyama_ws/install/bebop_msgs:/home/das-note-021/kameyama_ws/install/amir_navigation:/home/das-note-021/amir_basic_ws/install/realsense2_description:/home/das-note-021/amir_basic_ws/install/realsense2_camera:/home/das-note-021/amir_basic_ws/install/realsense2_camera_msgs:/home/das-note-021/amir_basic_ws/install/darknet_ros:/home/das-note-021/amir_basic_ws/install/darknet_ros_msgs:/home/das-note-021/amir_basic_ws/install/amir_interfaces:/home/das-note-021/amir_kameyama_ws/install/failure_detection:/home/das-note-021/amir_kameyama_ws/install/bt_generator:/home/das-note-021/kameyama_ws/install/ros2_aruco:/home/das-note-021/kameyama_ws/install/failure_detection:/home/das-note-021/kameyama_ws/install/bt_generator:/opt/ros/humble LD_LIBRARY_PATH=/home/das-note-021/amir_kameyama_ws/install/failure_detection_msgs/lib:/home/das-note-021/amir_kameyama_ws/install/observation_msgs/lib:/home/das-note-021/amir_kameyama_ws/install/my_nav_msgs/lib:/home/das-note-021/amir_kameyama_ws/install/behavior_tree_msgs/lib:/home/das-note-021/amir_kameyama_ws/install/ar_track_alvar_msgs/lib:/home/das-note-021/amir_kameyama_ws/install/ros2_behavior_tree/lib:/home/das-note-021/amir_kameyama_ws/install/line_msg/lib:/home/das-note-021/amir_kameyama_ws/install/bebop_msgs/lib:/home/das-note-021/kameyama_ws/install/slam_toolbox/lib:/home/das-note-021/kameyama_ws/install/ros2_behavior_tree/lib:/home/das-note-021/kameyama_ws/install/ros2_aruco_interfaces/lib:/home/das-note-021/kameyama_ws/install/openslam_gmapping/lib:/home/das-note-021/kameyama_ws/install/observation_msgs/lib:/home/das-note-021/kameyama_ws/install/failure_detection_msgs/lib:/home/das-note-021/kameyama_ws/install/my_nav_msgs/lib:/home/das-note-021/kameyama_ws/install/littleslam_ros2/lib:/home/das-note-021/kameyama_ws/install/line_msg/lib:/home/das-note-021/kameyama_ws/install/behavior_tree_msgs/lib:/home/das-note-021/kameyama_ws/install/bebop_msgs/lib:/home/das-note-021/amir_basic_ws/install/realsense2_camera/lib:/home/das-note-021/amir_basic_ws/install/realsense2_camera_msgs/lib:/home/das-note-021/amir_basic_ws/install/darknet_ros/lib:/home/das-note-021/amir_basic_ws/install/darknet_ros_msgs/lib:/home/das-note-021/amir_basic_ws/install/amir_interfaces/lib:/usr/lib/x86_64-linux-gnu/gazebo-11/plugins:/opt/ros/humble/opt/rviz_ogre_vendor/lib:/opt/ros/humble/lib/x86_64-linux-gnu:/opt/ros/humble/lib:/usr/local/cuda/lib64 /usr/bin/cmake --install /home/das-note-021/amir_kameyama_ws/build/ros2_behavior_tree
[49.818s] -- Install configuration: ""
[49.818s] -- Execute custom install script
[49.818s] -- Symlinking: /home/das-note-021/amir_kameyama_ws/install/ros2_behavior_tree/lib/libros2_behavior_tree.so
[49.825s] -- Symlinking: /home/das-note-021/amir_kameyama_ws/install/ros2_behavior_tree/lib/libros2_behavior_tree_nodes.so
[49.831s] -- Symlinking: /home/das-note-021/amir_kameyama_ws/install/ros2_behavior_tree/lib/libexample_custom_nodes.so
[49.838s] -- Symlinking: /home/das-note-021/amir_kameyama_ws/install/ros2_behavior_tree/lib/ros2_behavior_tree/minimal
[49.843s] -- Symlinking: /home/das-note-021/amir_kameyama_ws/install/ros2_behavior_tree/lib/ros2_behavior_tree/bt_executor
[49.850s] -- Symlinking: /home/das-note-021/amir_kameyama_ws/install/ros2_behavior_tree/lib/ros2_behavior_tree/bt_executor_bebop
[49.856s] -- Symlinking: /home/das-note-021/amir_kameyama_ws/install/ros2_behavior_tree/lib/ros2_behavior_tree/node
[49.862s] -- Symlinking: /home/das-note-021/amir_kameyama_ws/install/ros2_behavior_tree/lib/ros2_behavior_tree/custom_nodes
[49.868s] -- Symlinking: /home/das-note-021/amir_kameyama_ws/install/ros2_behavior_tree/lib/ros2_behavior_tree/action_server_node
[49.872s] -- Symlinking: /home/das-note-021/amir_kameyama_ws/install/ros2_behavior_tree/lib/ros2_behavior_tree/lifecycle_node
[49.877s] -- Symlinking: /home/das-note-021/amir_kameyama_ws/install/ros2_behavior_tree/lib/ros2_behavior_tree/action_server_lifecycle_node
[49.883s] -- Symlinking: /home/das-note-021/amir_kameyama_ws/install/ros2_behavior_tree/include//ros2_behavior_tree/action/BWorkNode.hpp
[49.889s] -- Symlinking: /home/das-note-021/amir_kameyama_ws/install/ros2_behavior_tree/include//ros2_behavior_tree/action/after_pick_node (コピー).hpp
[49.896s] -- Symlinking: /home/das-note-021/amir_kameyama_ws/install/ros2_behavior_tree/include//ros2_behavior_tree/action/after_pick_node.hpp
[49.903s] -- Symlinking: /home/das-note-021/amir_kameyama_ws/install/ros2_behavior_tree/include//ros2_behavior_tree/action/approach_node.hpp
[49.908s] -- Symlinking: /home/das-note-021/amir_kameyama_ws/install/ros2_behavior_tree/include//ros2_behavior_tree/action/async_wait_node.hpp
[49.914s] -- Symlinking: /home/das-note-021/amir_kameyama_ws/install/ros2_behavior_tree/include//ros2_behavior_tree/action/b_work_node.hpp
[49.920s] -- Symlinking: /home/das-note-021/amir_kameyama_ws/install/ros2_behavior_tree/include//ros2_behavior_tree/action/before_pick_node.hpp
[49.925s] -- Symlinking: /home/das-note-021/amir_kameyama_ws/install/ros2_behavior_tree/include//ros2_behavior_tree/action/calculate_and_receive_goal.hpp
[49.932s] -- Symlinking: /home/das-note-021/amir_kameyama_ws/install/ros2_behavior_tree/include//ros2_behavior_tree/action/calculate_goal (コピー).hpp
[49.938s] -- Symlinking: /home/das-note-021/amir_kameyama_ws/install/ros2_behavior_tree/include//ros2_behavior_tree/action/calculate_goal.hpp
[49.944s] -- Symlinking: /home/das-note-021/amir_kameyama_ws/install/ros2_behavior_tree/include//ros2_behavior_tree/action/camera_search.hpp
[49.950s] -- Symlinking: /home/das-note-021/amir_kameyama_ws/install/ros2_behavior_tree/include//ros2_behavior_tree/action/change_node_status.hpp
[49.956s] -- Symlinking: /home/das-note-021/amir_kameyama_ws/install/ros2_behavior_tree/include//ros2_behavior_tree/action/compute_path_to_pose_node (コピー).hpp
[49.963s] -- Symlinking: /home/das-note-021/amir_kameyama_ws/install/ros2_behavior_tree/include//ros2_behavior_tree/action/compute_path_to_pose_node.hpp
[49.968s] -- Symlinking: /home/das-note-021/amir_kameyama_ws/install/ros2_behavior_tree/include//ros2_behavior_tree/action/create_bt_gen_node.hpp
[49.975s] -- Symlinking: /home/das-note-021/amir_kameyama_ws/install/ros2_behavior_tree/include//ros2_behavior_tree/action/create_ros2_node.hpp
[49.980s] -- Symlinking: /home/das-note-021/amir_kameyama_ws/install/ros2_behavior_tree/include//ros2_behavior_tree/action/create_transform_buffer_node.hpp
[49.985s] -- Symlinking: /home/das-note-021/amir_kameyama_ws/install/ros2_behavior_tree/include//ros2_behavior_tree/action/follow_path_node.hpp
[49.989s] -- Symlinking: /home/das-note-021/amir_kameyama_ws/install/ros2_behavior_tree/include//ros2_behavior_tree/action/get_obj_node.hpp
[49.996s] -- Symlinking: /home/das-note-021/amir_kameyama_ws/install/ros2_behavior_tree/include//ros2_behavior_tree/action/get_poses_near_robot_node.hpp
[50.004s] -- Symlinking: /home/das-note-021/amir_kameyama_ws/install/ros2_behavior_tree/include//ros2_behavior_tree/action/marker_publisher_node.hpp
[50.009s] -- Symlinking: /home/das-note-021/amir_kameyama_ws/install/ros2_behavior_tree/include//ros2_behavior_tree/action/mecanum_move.hpp
[50.014s] -- Symlinking: /home/das-note-021/amir_kameyama_ws/install/ros2_behavior_tree/include//ros2_behavior_tree/action/mecanum_search.hpp
[50.019s] -- Symlinking: /home/das-note-021/amir_kameyama_ws/install/ros2_behavior_tree/include//ros2_behavior_tree/action/mecanum_spin.hpp
[50.024s] -- Symlinking: /home/das-note-021/amir_kameyama_ws/install/ros2_behavior_tree/include//ros2_behavior_tree/action/move_meca.hpp
[50.031s] -- Symlinking: /home/das-note-021/amir_kameyama_ws/install/ros2_behavior_tree/include//ros2_behavior_tree/action/navigate_to_pose_action.hpp
[50.036s] -- Symlinking: /home/das-note-021/amir_kameyama_ws/install/ros2_behavior_tree/include//ros2_behavior_tree/action/path_check_node.hpp
[50.043s] -- Symlinking: /home/das-note-021/amir_kameyama_ws/install/ros2_behavior_tree/include//ros2_behavior_tree/action/pick_amir.hpp
[50.048s] -- Symlinking: /home/das-note-021/amir_kameyama_ws/install/ros2_behavior_tree/include//ros2_behavior_tree/action/pick_node (別のコピー).hpp
[50.053s] -- Symlinking: /home/das-note-021/amir_kameyama_ws/install/ros2_behavior_tree/include//ros2_behavior_tree/action/pick_node.hpp
[50.058s] -- Symlinking: /home/das-note-021/amir_kameyama_ws/install/ros2_behavior_tree/include//ros2_behavior_tree/action/pick_using_d_optimality.hpp
[50.064s] -- Symlinking: /home/das-note-021/amir_kameyama_ws/install/ros2_behavior_tree/include//ros2_behavior_tree/action/place_amir.hpp
[50.069s] -- Symlinking: /home/das-note-021/amir_kameyama_ws/install/ros2_behavior_tree/include//ros2_behavior_tree/action/place_node.hpp
[50.075s] -- Symlinking: /home/das-note-021/amir_kameyama_ws/install/ros2_behavior_tree/include//ros2_behavior_tree/action/pure_pursuit_node.hpp
[50.080s] -- Symlinking: /home/das-note-021/amir_kameyama_ws/install/ros2_behavior_tree/include//ros2_behavior_tree/action/search_obj_node.hpp
[50.085s] -- Symlinking: /home/das-note-021/amir_kameyama_ws/install/ros2_behavior_tree/include//ros2_behavior_tree/action/set_multi_path.hpp
[50.092s] -- Symlinking: /home/das-note-021/amir_kameyama_ws/install/ros2_behavior_tree/include//ros2_behavior_tree/action/set_obj_cost_node.hpp
[50.098s] -- Symlinking: /home/das-note-021/amir_kameyama_ws/install/ros2_behavior_tree/include//ros2_behavior_tree/action/set_param (コピー).hpp
[50.104s] -- Symlinking: /home/das-note-021/amir_kameyama_ws/install/ros2_behavior_tree/include//ros2_behavior_tree/action/set_param.hpp
[50.109s] -- Symlinking: /home/das-note-021/amir_kameyama_ws/install/ros2_behavior_tree/include//ros2_behavior_tree/action/transform_pose_node.hpp
[50.114s] -- Symlinking: /home/das-note-021/amir_kameyama_ws/install/ros2_behavior_tree/include//ros2_behavior_tree/action/wait_action.hpp
[50.119s] -- Symlinking: /home/das-note-021/amir_kameyama_ws/install/ros2_behavior_tree/include//ros2_behavior_tree/behavior_tree.hpp
[50.124s] -- Symlinking: /home/das-note-021/amir_kameyama_ws/install/ros2_behavior_tree/include//ros2_behavior_tree/bt_action_node.hpp
[50.131s] -- Symlinking: /home/das-note-021/amir_kameyama_ws/install/ros2_behavior_tree/include//ros2_behavior_tree/bt_conversions.hpp
[50.137s] -- Symlinking: /home/das-note-021/amir_kameyama_ws/install/ros2_behavior_tree/include//ros2_behavior_tree/bt_service_node.hpp
[50.142s] -- Symlinking: /home/das-note-021/amir_kameyama_ws/install/ros2_behavior_tree/include//ros2_behavior_tree/bt_status_pub.hpp
[50.147s] -- Symlinking: /home/das-note-021/amir_kameyama_ws/install/ros2_behavior_tree/include//ros2_behavior_tree/condition/b_work_node.hpp
[50.153s] -- Symlinking: /home/das-note-021/amir_kameyama_ws/install/ros2_behavior_tree/include//ros2_behavior_tree/condition/can_transform_node.hpp
[50.159s] -- Symlinking: /home/das-note-021/amir_kameyama_ws/install/ros2_behavior_tree/include//ros2_behavior_tree/condition/check_help.hpp
[50.164s] -- Symlinking: /home/das-note-021/amir_kameyama_ws/install/ros2_behavior_tree/include//ros2_behavior_tree/condition/check_odom.hpp
[50.171s] -- Symlinking: /home/das-note-021/amir_kameyama_ws/install/ros2_behavior_tree/include//ros2_behavior_tree/condition/check_path_node.hpp
[50.176s] -- Symlinking: /home/das-note-021/amir_kameyama_ws/install/ros2_behavior_tree/include//ros2_behavior_tree/condition/check_vel.hpp
[50.181s] -- Symlinking: /home/das-note-021/amir_kameyama_ws/install/ros2_behavior_tree/include//ros2_behavior_tree/condition/close_to_node.hpp
[50.187s] -- Symlinking: /home/das-note-021/amir_kameyama_ws/install/ros2_behavior_tree/include//ros2_behavior_tree/condition/goal_updated_condition.hpp
[50.193s] -- Symlinking: /home/das-note-021/amir_kameyama_ws/install/ros2_behavior_tree/include//ros2_behavior_tree/condition/is_grasped_obj_node.hpp
[50.197s] -- Symlinking: /home/das-note-021/amir_kameyama_ws/install/ros2_behavior_tree/include//ros2_behavior_tree/condition/is_hand_free_node.hpp
[50.205s] -- Symlinking: /home/das-note-021/amir_kameyama_ws/install/ros2_behavior_tree/include//ros2_behavior_tree/condition/is_robot_close_node.hpp
[50.211s] -- Symlinking: /home/das-note-021/amir_kameyama_ws/install/ros2_behavior_tree/include//ros2_behavior_tree/condition/mecanum_check_space.hpp
[50.216s] -- Symlinking: /home/das-note-021/amir_kameyama_ws/install/ros2_behavior_tree/include//ros2_behavior_tree/condition/mecanum_search2.hpp
[50.221s] -- Symlinking: /home/das-note-021/amir_kameyama_ws/install/ros2_behavior_tree/include//ros2_behavior_tree/condition/receive_move_meca.hpp
[50.229s] -- Symlinking: /home/das-note-021/amir_kameyama_ws/install/ros2_behavior_tree/include//ros2_behavior_tree/condition/result_to_coordinate.hpp
[50.234s] -- Symlinking: /home/das-note-021/amir_kameyama_ws/install/ros2_behavior_tree/include//ros2_behavior_tree/condition/task_clear.hpp
[50.240s] -- Symlinking: /home/das-note-021/amir_kameyama_ws/install/ros2_behavior_tree/include//ros2_behavior_tree/control/first_result_node.hpp
[50.246s] -- Symlinking: /home/das-note-021/amir_kameyama_ws/install/ros2_behavior_tree/include//ros2_behavior_tree/control/pipeline_sequence_node.hpp
[50.253s] -- Symlinking: /home/das-note-021/amir_kameyama_ws/install/ros2_behavior_tree/include//ros2_behavior_tree/control/priority_fallback.hpp
[50.258s] -- Symlinking: /home/das-note-021/amir_kameyama_ws/install/ros2_behavior_tree/include//ros2_behavior_tree/control/priority_sequence.hpp
[50.264s] -- Symlinking: /home/das-note-021/amir_kameyama_ws/install/ros2_behavior_tree/include//ros2_behavior_tree/control/recovery_node.hpp
[50.271s] -- Symlinking: /home/das-note-021/amir_kameyama_ws/install/ros2_behavior_tree/include//ros2_behavior_tree/control/round_robin_node.hpp
[50.276s] -- Symlinking: /home/das-note-021/amir_kameyama_ws/install/ros2_behavior_tree/include//ros2_behavior_tree/decorator/distance_constraint_node.hpp
[50.281s] -- Symlinking: /home/das-note-021/amir_kameyama_ws/install/ros2_behavior_tree/include//ros2_behavior_tree/decorator/for_each_pose_node.hpp
[50.286s] -- Symlinking: /home/das-note-021/amir_kameyama_ws/install/ros2_behavior_tree/include//ros2_behavior_tree/decorator/forever_node.hpp
[50.292s] -- Symlinking: /home/das-note-021/amir_kameyama_ws/install/ros2_behavior_tree/include//ros2_behavior_tree/decorator/once_node.hpp
[50.297s] -- Symlinking: /home/das-note-021/amir_kameyama_ws/install/ros2_behavior_tree/include//ros2_behavior_tree/decorator/rate_controller.hpp
[50.303s] -- Symlinking: /home/das-note-021/amir_kameyama_ws/install/ros2_behavior_tree/include//ros2_behavior_tree/decorator/repeat_until_node.hpp
[50.308s] -- Symlinking: /home/das-note-021/amir_kameyama_ws/install/ros2_behavior_tree/include//ros2_behavior_tree/decorator/throttle_tick_rate_node.hpp
[50.313s] -- Symlinking: /home/das-note-021/amir_kameyama_ws/install/ros2_behavior_tree/include//ros2_behavior_tree/decorator/utility_choice.hpp
[50.319s] -- Symlinking: /home/das-note-021/amir_kameyama_ws/install/ros2_behavior_tree/include//ros2_behavior_tree/node_registrar.hpp
[50.325s] -- Symlinking: /home/das-note-021/amir_kameyama_ws/install/ros2_behavior_tree/include//ros2_behavior_tree/node_thread.hpp
[50.332s] -- Symlinking: /home/das-note-021/amir_kameyama_ws/install/ros2_behavior_tree/include//ros2_behavior_tree/ros2_action_client_node.hpp
[50.337s] -- Symlinking: /home/das-note-021/amir_kameyama_ws/install/ros2_behavior_tree/include//ros2_behavior_tree/ros2_async_service_client_node.hpp
[50.342s] -- Symlinking: /home/das-note-021/amir_kameyama_ws/install/ros2_behavior_tree/include//ros2_behavior_tree/ros2_service_client_node.hpp
[50.347s] -- Symlinking: /home/das-note-021/amir_kameyama_ws/install/ros2_behavior_tree/share/ros2_behavior_tree//launch/bt_executor2_launch.py
[50.352s] -- Symlinking: /home/das-note-021/amir_kameyama_ws/install/ros2_behavior_tree/share/ros2_behavior_tree//launch/bt_executor_anafi_launch.py
[50.360s] -- Symlinking: /home/das-note-021/amir_kameyama_ws/install/ros2_behavior_tree/share/ros2_behavior_tree//launch/bt_executor_bebop_launch.py
[50.365s] -- Symlinking: /home/das-note-021/amir_kameyama_ws/install/ros2_behavior_tree/share/ros2_behavior_tree//launch/bt_executor_launch.py
[50.372s] -- Symlinking: /home/das-note-021/amir_kameyama_ws/install/ros2_behavior_tree/share/ros2_behavior_tree//launch/bt_executor_mecanum_launch.py
[50.379s] -- Symlinking: /home/das-note-021/amir_kameyama_ws/install/ros2_behavior_tree/share/ros2_behavior_tree//launch/bt_executor_youbot_launch.py
[50.384s] -- Symlinking: /home/das-note-021/amir_kameyama_ws/install/ros2_behavior_tree/share/ros2_behavior_tree//launch/bt_generator_launch.py
[50.389s] -- Symlinking: /home/das-note-021/amir_kameyama_ws/install/ros2_behavior_tree/share/ros2_behavior_tree//launch/set_cost_around_point_launch.py
[50.396s] -- Symlinking: /home/das-note-021/amir_kameyama_ws/install/ros2_behavior_tree/share/ros2_behavior_tree//config/bt_nodes.yaml
[50.402s] -- Symlinking: /home/das-note-021/amir_kameyama_ws/install/ros2_behavior_tree/share/ros2_behavior_tree//config/bt_nodes2.yaml
[50.407s] -- Symlinking: /home/das-note-021/amir_kameyama_ws/install/ros2_behavior_tree/share/ros2_behavior_tree//config/bt_nodes_mecanum1.yaml
[50.414s] -- Symlinking: /home/das-note-021/amir_kameyama_ws/install/ros2_behavior_tree/share/ros2_behavior_tree//config/bt_nodes_youbot.yaml
[50.421s] -- Up-to-date symlink: /home/das-note-021/amir_kameyama_ws/install/ros2_behavior_tree/lib/libros2_behavior_tree.so
[50.421s] -- Symlinking: /home/das-note-021/amir_kameyama_ws/install/ros2_behavior_tree/lib/libcustom_test_nodes.so
[50.428s] -- Symlinking: /home/das-note-021/amir_kameyama_ws/install/ros2_behavior_tree/share/ros2_behavior_tree/environment/library_path.sh
[50.434s] -- Symlinking: /home/das-note-021/amir_kameyama_ws/install/ros2_behavior_tree/share/ros2_behavior_tree/environment/library_path.dsv
[50.441s] -- Symlinking: /home/das-note-021/amir_kameyama_ws/install/ros2_behavior_tree/share/ament_index/resource_index/package_run_dependencies/ros2_behavior_tree
[50.448s] -- Symlinking: /home/das-note-021/amir_kameyama_ws/install/ros2_behavior_tree/share/ament_index/resource_index/parent_prefix_path/ros2_behavior_tree
[50.456s] -- Symlinking: /home/das-note-021/amir_kameyama_ws/install/ros2_behavior_tree/share/ros2_behavior_tree/environment/ament_prefix_path.sh
[50.462s] -- Symlinking: /home/das-note-021/amir_kameyama_ws/install/ros2_behavior_tree/share/ros2_behavior_tree/environment/ament_prefix_path.dsv
[50.470s] -- Symlinking: /home/das-note-021/amir_kameyama_ws/install/ros2_behavior_tree/share/ros2_behavior_tree/environment/path.sh
[50.476s] -- Symlinking: /home/das-note-021/amir_kameyama_ws/install/ros2_behavior_tree/share/ros2_behavior_tree/environment/path.dsv
[50.482s] -- Symlinking: /home/das-note-021/amir_kameyama_ws/install/ros2_behavior_tree/share/ros2_behavior_tree/local_setup.bash
[50.488s] -- Symlinking: /home/das-note-021/amir_kameyama_ws/install/ros2_behavior_tree/share/ros2_behavior_tree/local_setup.sh
[50.495s] -- Symlinking: /home/das-note-021/amir_kameyama_ws/install/ros2_behavior_tree/share/ros2_behavior_tree/local_setup.zsh
[50.500s] -- Symlinking: /home/das-note-021/amir_kameyama_ws/install/ros2_behavior_tree/share/ros2_behavior_tree/local_setup.dsv
[50.506s] -- Symlinking: /home/das-note-021/amir_kameyama_ws/install/ros2_behavior_tree/share/ros2_behavior_tree/package.dsv
[50.514s] -- Symlinking: /home/das-note-021/amir_kameyama_ws/install/ros2_behavior_tree/share/ament_index/resource_index/packages/ros2_behavior_tree
[50.520s] -- Symlinking: /home/das-note-021/amir_kameyama_ws/install/ros2_behavior_tree/share/ros2_behavior_tree/cmake/ament_cmake_export_include_directories-extras.cmake
[50.528s] -- Symlinking: /home/das-note-021/amir_kameyama_ws/install/ros2_behavior_tree/share/ros2_behavior_tree/cmake/ament_cmake_export_libraries-extras.cmake
[50.535s] -- Symlinking: /home/das-note-021/amir_kameyama_ws/install/ros2_behavior_tree/share/ros2_behavior_tree/cmake/ament_cmake_export_dependencies-extras.cmake
[50.542s] -- Symlinking: /home/das-note-021/amir_kameyama_ws/install/ros2_behavior_tree/share/ros2_behavior_tree/cmake/ros2_behavior_treeConfig.cmake
[50.549s] -- Symlinking: /home/das-note-021/amir_kameyama_ws/install/ros2_behavior_tree/share/ros2_behavior_tree/cmake/ros2_behavior_treeConfig-version.cmake
[50.555s] -- Symlinking: /home/das-note-021/amir_kameyama_ws/install/ros2_behavior_tree/share/ros2_behavior_tree/package.xml
[50.565s] Invoked command in '/home/das-note-021/amir_kameyama_ws/build/ros2_behavior_tree' returned '0': CMAKE_PREFIX_PATH=/home/das-note-021/amir_kameyama_ws/install/failure_detection_msgs:/home/das-note-021/amir_kameyama_ws/install/observation_msgs:/home/das-note-021/amir_kameyama_ws/install/my_nav_msgs:/home/das-note-021/amir_kameyama_ws/install/behavior_tree_msgs:/home/das-note-021/amir_kameyama_ws/install/ar_track_alvar_msgs:/home/das-note-021/amir_kameyama_ws/install/rviz_utility:/home/das-note-021/amir_kameyama_ws/install/ros2_behavior_tree:/home/das-note-021/amir_kameyama_ws/install/observation:/home/das-note-021/amir_kameyama_ws/install/my_utility:/home/das-note-021/amir_kameyama_ws/install/mecanum_navigation2:/home/das-note-021/amir_kameyama_ws/install/amir_operation:/home/das-note-021/amir_kameyama_ws/install/line_msg:/home/das-note-021/amir_kameyama_ws/install/joint_state_publisher_tutorial:/home/das-note-021/amir_kameyama_ws/install/bebop_msgs:/home/das-note-021/amir_kameyama_ws/install/amir_navigation:/home/das-note-021/kameyama_ws/install/slam_toolbox:/home/das-note-021/kameyama_ws/install/slam_gmapping:/home/das-note-021/kameyama_ws/install/rviz_utility:/home/das-note-021/kameyama_ws/install/ros2_behavior_tree:/home/das-note-021/kameyama_ws/install/amir_operation:/home/das-note-021/kameyama_ws/install/ros2_aruco_interfaces:/home/das-note-021/kameyama_ws/install/openslam_gmapping:/home/das-note-021/kameyama_ws/install/observation:/home/das-note-021/kameyama_ws/install/observation_msgs:/home/das-note-021/kameyama_ws/install/my_utility:/home/das-note-021/kameyama_ws/install/failure_detection_msgs:/home/das-note-021/kameyama_ws/install/my_nav_msgs:/home/das-note-021/kameyama_ws/install/mecanum_navigation2:/home/das-note-021/kameyama_ws/install/littleslam_ros2:/home/das-note-021/kameyama_ws/install/line_msg:/home/das-note-021/kameyama_ws/install/joint_state_publisher_tutorial:/home/das-note-021/kameyama_ws/install/emcl2:/home/das-note-021/kameyama_ws/install/behavior_tree_msgs:/home/das-note-021/kameyama_ws/install/bebop_msgs:/home/das-note-021/kameyama_ws/install/amir_navigation:/home/das-note-021/amir_basic_ws/install/realsense2_description:/home/das-note-021/amir_basic_ws/install/realsense2_camera:/home/das-note-021/amir_basic_ws/install/realsense2_camera_msgs:/home/das-note-021/amir_basic_ws/install/darknet_ros:/home/das-note-021/amir_basic_ws/install/darknet_ros_msgs:/home/das-note-021/amir_basic_ws/install/amir_interfaces:/home/das-note-021/amir_kameyama_ws/install/failure_detection:/home/das-note-021/amir_kameyama_ws/install/bt_generator:/home/das-note-021/kameyama_ws/install/ros2_aruco:/home/das-note-021/kameyama_ws/install/failure_detection:/home/das-note-021/kameyama_ws/install/bt_generator:/opt/ros/humble LD_LIBRARY_PATH=/home/das-note-021/amir_kameyama_ws/install/failure_detection_msgs/lib:/home/das-note-021/amir_kameyama_ws/install/observation_msgs/lib:/home/das-note-021/amir_kameyama_ws/install/my_nav_msgs/lib:/home/das-note-021/amir_kameyama_ws/install/behavior_tree_msgs/lib:/home/das-note-021/amir_kameyama_ws/install/ar_track_alvar_msgs/lib:/home/das-note-021/amir_kameyama_ws/install/ros2_behavior_tree/lib:/home/das-note-021/amir_kameyama_ws/install/line_msg/lib:/home/das-note-021/amir_kameyama_ws/install/bebop_msgs/lib:/home/das-note-021/kameyama_ws/install/slam_toolbox/lib:/home/das-note-021/kameyama_ws/install/ros2_behavior_tree/lib:/home/das-note-021/kameyama_ws/install/ros2_aruco_interfaces/lib:/home/das-note-021/kameyama_ws/install/openslam_gmapping/lib:/home/das-note-021/kameyama_ws/install/observation_msgs/lib:/home/das-note-021/kameyama_ws/install/failure_detection_msgs/lib:/home/das-note-021/kameyama_ws/install/my_nav_msgs/lib:/home/das-note-021/kameyama_ws/install/littleslam_ros2/lib:/home/das-note-021/kameyama_ws/install/line_msg/lib:/home/das-note-021/kameyama_ws/install/behavior_tree_msgs/lib:/home/das-note-021/kameyama_ws/install/bebop_msgs/lib:/home/das-note-021/amir_basic_ws/install/realsense2_camera/lib:/home/das-note-021/amir_basic_ws/install/realsense2_camera_msgs/lib:/home/das-note-021/amir_basic_ws/install/darknet_ros/lib:/home/das-note-021/amir_basic_ws/install/darknet_ros_msgs/lib:/home/das-note-021/amir_basic_ws/install/amir_interfaces/lib:/usr/lib/x86_64-linux-gnu/gazebo-11/plugins:/opt/ros/humble/opt/rviz_ogre_vendor/lib:/opt/ros/humble/lib/x86_64-linux-gnu:/opt/ros/humble/lib:/usr/local/cuda/lib64 /usr/bin/cmake --install /home/das-note-021/amir_kameyama_ws/build/ros2_behavior_tree
