running develop
running egg_info
creating bt_generator.egg-info
writing bt_generator.egg-info/PKG-INFO
writing dependency_links to bt_generator.egg-info/dependency_links.txt
writing entry points to bt_generator.egg-info/entry_points.txt
writing requirements to bt_generator.egg-info/requires.txt
writing top-level names to bt_generator.egg-info/top_level.txt
writing manifest file 'bt_generator.egg-info/SOURCES.txt'
reading manifest file 'bt_generator.egg-info/SOURCES.txt'
writing manifest file 'bt_generator.egg-info/SOURCES.txt'
running build_ext
Creating /home/das-note-021/amir_kameyama_ws/install/bt_generator/lib/python3.10/site-packages/bt-generator.egg-link (link to .)
Installing bt_commander script to /home/das-note-021/amir_kameyama_ws/install/bt_generator/lib/bt_generator
Installing bt_generator_bebop_base script to /home/das-note-021/amir_kameyama_ws/install/bt_generator/lib/bt_generator
Installing bt_generator_service script to /home/das-note-021/amir_kameyama_ws/install/bt_generator/lib/bt_generator
Installing bt_generator_service_bebop script to /home/das-note-021/amir_kameyama_ws/install/bt_generator/lib/bt_generator
Installing bt_nav_generator script to /home/das-note-021/amir_kameyama_ws/install/bt_generator/lib/bt_generator
Installing bt_send_xml script to /home/das-note-021/amir_kameyama_ws/install/bt_generator/lib/bt_generator
Installing receive_send_xml script to /home/das-note-021/amir_kameyama_ws/install/bt_generator/lib/bt_generator

Installed /home/das-note-021/amir_kameyama_ws/build/bt_generator
running symlink_data
creating /home/das-note-021/amir_kameyama_ws/install/bt_generator/share/ament_index
creating /home/das-note-021/amir_kameyama_ws/install/bt_generator/share/ament_index/resource_index
creating /home/das-note-021/amir_kameyama_ws/install/bt_generator/share/ament_index/resource_index/packages
symbolically linking /home/das-note-021/amir_kameyama_ws/build/bt_generator/resource/bt_generator -> /home/das-note-021/amir_kameyama_ws/install/bt_generator/share/ament_index/resource_index/packages
symbolically linking /home/das-note-021/amir_kameyama_ws/build/bt_generator/package.xml -> /home/das-note-021/amir_kameyama_ws/install/bt_generator/share/bt_generator
symbolically linking /home/das-note-021/amir_kameyama_ws/build/bt_generator/launch/bt_nav_generator_launch.py -> /home/das-note-021/amir_kameyama_ws/install/bt_generator/share/bt_generator
symbolically linking /home/das-note-021/amir_kameyama_ws/build/bt_generator/launch/receive_send_xml_launch.py -> /home/das-note-021/amir_kameyama_ws/install/bt_generator/share/bt_generator
symbolically linking /home/das-note-021/amir_kameyama_ws/build/bt_generator/launch/bt_generator_launch.py -> /home/das-note-021/amir_kameyama_ws/install/bt_generator/share/bt_generator
symbolically linking /home/das-note-021/amir_kameyama_ws/build/bt_generator/launch/bt_commander_launch.py -> /home/das-note-021/amir_kameyama_ws/install/bt_generator/share/bt_generator
symbolically linking /home/das-note-021/amir_kameyama_ws/build/bt_generator/launch/bt_commander_bebop_launch.py -> /home/das-note-021/amir_kameyama_ws/install/bt_generator/share/bt_generator
symbolically linking /home/das-note-021/amir_kameyama_ws/build/bt_generator/launch/bt_send_xml_launch.py -> /home/das-note-021/amir_kameyama_ws/install/bt_generator/share/bt_generator
symbolically linking /home/das-note-021/amir_kameyama_ws/build/bt_generator/launch/bt_generator_bebop_launch.py -> /home/das-note-021/amir_kameyama_ws/install/bt_generator/share/bt_generator
symbolically linking /home/das-note-021/amir_kameyama_ws/build/bt_generator/bt_xml/navigation (本番用　こぼり).xml -> /home/das-note-021/amir_kameyama_ws/install/bt_generator/share/bt_generator
symbolically linking /home/das-note-021/amir_kameyama_ws/build/bt_generator/bt_xml/navigation (コピー).xml -> /home/das-note-021/amir_kameyama_ws/install/bt_generator/share/bt_generator
symbolically linking /home/das-note-021/amir_kameyama_ws/build/bt_generator/bt_xml/navigation (koborino).xml -> /home/das-note-021/amir_kameyama_ws/install/bt_generator/share/bt_generator
symbolically linking /home/das-note-021/amir_kameyama_ws/build/bt_generator/bt_xml/navigation().xml -> /home/das-note-021/amir_kameyama_ws/install/bt_generator/share/bt_generator
symbolically linking /home/das-note-021/amir_kameyama_ws/build/bt_generator/bt_xml/navigation (3 番目のコピー).xml -> /home/das-note-021/amir_kameyama_ws/install/bt_generator/share/bt_generator
symbolically linking /home/das-note-021/amir_kameyama_ws/build/bt_generator/bt_xml/subtree.xml -> /home/das-note-021/amir_kameyama_ws/install/bt_generator/share/bt_generator
symbolically linking /home/das-note-021/amir_kameyama_ws/build/bt_generator/bt_xml/youbot.xml -> /home/das-note-021/amir_kameyama_ws/install/bt_generator/share/bt_generator
symbolically linking /home/das-note-021/amir_kameyama_ws/build/bt_generator/bt_xml/navigation.xml -> /home/das-note-021/amir_kameyama_ws/install/bt_generator/share/bt_generator
symbolically linking /home/das-note-021/amir_kameyama_ws/build/bt_generator/bt_xml/navigation (4 番目のコピー).xml -> /home/das-note-021/amir_kameyama_ws/install/bt_generator/share/bt_generator
symbolically linking /home/das-note-021/amir_kameyama_ws/build/bt_generator/bt_xml/navigation (copy).xml -> /home/das-note-021/amir_kameyama_ws/install/bt_generator/share/bt_generator
symbolically linking /home/das-note-021/amir_kameyama_ws/build/bt_generator/bt_xml/navigation (別のコピー).xml -> /home/das-note-021/amir_kameyama_ws/install/bt_generator/share/bt_generator
